2025-11-13 00:00:20,901 [ERROR] LogOutputStream:75 - [STDERR_REDIRECT] Nov 13, 2025 12:00:20 AM java.util.prefs.FileSystemPreferences checkLockFile0ErrorCode
2025-11-13 00:00:20,902 [ERROR] LogOutputStream:75 - [STDERR_REDIRECT] WARNING: Could not lock System prefs. Unix error code 5.
2025-11-13 00:00:20,902 [ERROR] LogOutputStream:75 - [STDERR_REDIRECT] 
2025-11-13 00:00:20,904 [ERROR] LogOutputStream:75 - [STDERR_REDIRECT] Nov 13, 2025 12:00:20 AM java.util.prefs.FileSystemPreferences syncWorld
2025-11-13 00:00:20,904 [ERROR] LogOutputStream:75 - [STDERR_REDIRECT] WARNING: Couldn't flush system prefs: java.util.prefs.BackingStoreException: Couldn't get file lock.
2025-11-13 00:00:20,904 [ERROR] LogOutputStream:75 - [STDERR_REDIRECT] 
2025-11-13 00:00:50,901 [ERROR] LogOutputStream:75 - [STDERR_REDIRECT] Nov 13, 2025 12:00:50 AM java.util.prefs.FileSystemPreferences checkLockFile0ErrorCode
2025-11-13 00:00:50,901 [ERROR] LogOutputStream:75 - [STDERR_REDIRECT] WARNING: Could not lock System prefs. Unix error code 5.
2025-11-13 00:00:50,901 [ERROR] LogOutputStream:75 - [STDERR_REDIRECT] 
2025-11-13 00:00:50,901 [ERROR] LogOutputStream:75 - [STDERR_REDIRECT] Nov 13, 2025 12:00:50 AM java.util.prefs.FileSystemPreferences syncWorld
2025-11-13 00:00:50,901 [ERROR] LogOutputStream:75 - [STDERR_REDIRECT] WARNING: Couldn't flush system prefs: java.util.prefs.BackingStoreException: Couldn't get file lock.
2025-11-13 00:00:50,902 [ERROR] LogOutputStream:75 - [STDERR_REDIRECT] 
2025-11-13 00:01:20,901 [ERROR] LogOutputStream:75 - [STDERR_REDIRECT] Nov 13, 2025 12:01:20 AM java.util.prefs.FileSystemPreferences checkLockFile0ErrorCode
2025-11-13 00:01:20,901 [ERROR] LogOutputStream:75 - [STDERR_REDIRECT] WARNING: Could not lock System prefs. Unix error code 5.
2025-11-13 00:01:20,901 [ERROR] LogOutputStream:75 - [STDERR_REDIRECT] 
2025-11-13 00:01:20,901 [ERROR] LogOutputStream:75 - [STDERR_REDIRECT] Nov 13, 2025 12:01:20 AM java.util.prefs.FileSystemPreferences syncWorld
2025-11-13 00:01:20,901 [ERROR] LogOutputStream:75 - [STDERR_REDIRECT] WARNING: Couldn't flush system prefs: java.util.prefs.BackingStoreException: Couldn't get file lock.
2025-11-13 00:01:20,902 [ERROR] LogOutputStream:75 - [STDERR_REDIRECT] 
2025-11-13 00:01:50,902 [ERROR] LogOutputStream:75 - [STDERR_REDIRECT] Nov 13, 2025 12:01:50 AM java.util.prefs.FileSystemPreferences checkLockFile0ErrorCode
2025-11-13 00:01:50,902 [ERROR] LogOutputStream:75 - [STDERR_REDIRECT] WARNING: Could not lock System prefs. Unix error code 5.
2025-11-13 00:01:50,902 [ERROR] LogOutputStream:75 - [STDERR_REDIRECT] 
2025-11-13 00:01:50,902 [ERROR] LogOutputStream:75 - [STDERR_REDIRECT] Nov 13, 2025 12:01:50 AM java.util.prefs.FileSystemPreferences syncWorld
2025-11-13 00:01:50,902 [ERROR] LogOutputStream:75 - [STDERR_REDIRECT] WARNING: Couldn't flush system prefs: java.util.prefs.BackingStoreException: Couldn't get file lock.
2025-11-13 00:01:50,902 [ERROR] LogOutputStream:75 - [STDERR_REDIRECT] 
2025-11-13 00:02:20,901 [ERROR] LogOutputStream:75 - [STDERR_REDIRECT] Nov 13, 2025 12:02:20 AM java.util.prefs.FileSystemPreferences checkLockFile0ErrorCode
2025-11-13 00:02:20,901 [ERROR] LogOutputStream:75 - [STDERR_REDIRECT] WARNING: Could not lock System prefs. Unix error code 5.
2025-11-13 00:02:20,901 [ERROR] LogOutputStream:75 - [STDERR_REDIRECT] 
2025-11-13 00:02:20,901 [ERROR] LogOutputStream:75 - [STDERR_REDIRECT] Nov 13, 2025 12:02:20 AM java.util.prefs.FileSystemPreferences syncWorld
2025-11-13 00:02:20,901 [ERROR] LogOutputStream:75 - [STDERR_REDIRECT] WARNING: Couldn't flush system prefs: java.util.prefs.BackingStoreException: Couldn't get file lock.
2025-11-13 00:02:20,901 [ERROR] LogOutputStream:75 - [STDERR_REDIRECT] 
2025-11-13 00:02:50,901 [ERROR] LogOutputStream:75 - [STDERR_REDIRECT] Nov 13, 2025 12:02:50 AM java.util.prefs.FileSystemPreferences checkLockFile0ErrorCode
2025-11-13 00:02:50,901 [ERROR] LogOutputStream:75 - [STDERR_REDIRECT] WARNING: Could not lock System prefs. Unix error code 5.
2025-11-13 00:02:50,901 [ERROR] LogOutputStream:75 - [STDERR_REDIRECT] 
2025-11-13 00:02:50,901 [ERROR] LogOutputStream:75 - [STDERR_REDIRECT] Nov 13, 2025 12:02:50 AM java.util.prefs.FileSystemPreferences syncWorld
2025-11-13 00:02:50,902 [ERROR] LogOutputStream:75 - [STDERR_REDIRECT] WARNING: Couldn't flush system prefs: java.util.prefs.BackingStoreException: Couldn't get file lock.
2025-11-13 00:02:50,902 [ERROR] LogOutputStream:75 - [STDERR_REDIRECT] 
2025-11-13 00:03:20,901 [ERROR] LogOutputStream:75 - [STDERR_REDIRECT] Nov 13, 2025 12:03:20 AM java.util.prefs.FileSystemPreferences checkLockFile0ErrorCode
2025-11-13 00:03:20,901 [ERROR] LogOutputStream:75 - [STDERR_REDIRECT] WARNING: Could not lock System prefs. Unix error code 5.
2025-11-13 00:03:20,901 [ERROR] LogOutputStream:75 - [STDERR_REDIRECT] 
2025-11-13 00:03:20,901 [ERROR] LogOutputStream:75 - [STDERR_REDIRECT] Nov 13, 2025 12:03:20 AM java.util.prefs.FileSystemPreferences syncWorld
2025-11-13 00:03:20,901 [ERROR] LogOutputStream:75 - [STDERR_REDIRECT] WARNING: Couldn't flush system prefs: java.util.prefs.BackingStoreException: Couldn't get file lock.
2025-11-13 00:03:20,901 [ERROR] LogOutputStream:75 - [STDERR_REDIRECT] 
2025-11-13 00:03:50,901 [ERROR] LogOutputStream:75 - [STDERR_REDIRECT] Nov 13, 2025 12:03:50 AM java.util.prefs.FileSystemPreferences checkLockFile0ErrorCode
2025-11-13 00:03:50,901 [ERROR] LogOutputStream:75 - [STDERR_REDIRECT] WARNING: Could not lock System prefs. Unix error code 5.
2025-11-13 00:03:50,901 [ERROR] LogOutputStream:75 - [STDERR_REDIRECT] 
2025-11-13 00:03:50,901 [ERROR] LogOutputStream:75 - [STDERR_REDIRECT] Nov 13, 2025 12:03:50 AM java.util.prefs.FileSystemPreferences syncWorld
2025-11-13 00:03:50,901 [ERROR] LogOutputStream:75 - [STDERR_REDIRECT] WARNING: Couldn't flush system prefs: java.util.prefs.BackingStoreException: Couldn't get file lock.
2025-11-13 00:03:50,901 [ERROR] LogOutputStream:75 - [STDERR_REDIRECT] 
2025-11-13 00:04:20,901 [ERROR] LogOutputStream:75 - [STDERR_REDIRECT] Nov 13, 2025 12:04:20 AM java.util.prefs.FileSystemPreferences checkLockFile0ErrorCode
2025-11-13 00:04:20,902 [ERROR] LogOutputStream:75 - [STDERR_REDIRECT] WARNING: Could not lock System prefs. Unix error code 5.
2025-11-13 00:04:20,902 [ERROR] LogOutputStream:75 - [STDERR_REDIRECT] 
2025-11-13 00:04:20,903 [ERROR] LogOutputStream:75 - [STDERR_REDIRECT] Nov 13, 2025 12:04:20 AM java.util.prefs.FileSystemPreferences syncWorld
2025-11-13 00:04:20,904 [ERROR] LogOutputStream:75 - [STDERR_REDIRECT] WARNING: Couldn't flush system prefs: java.util.prefs.BackingStoreException: Couldn't get file lock.
2025-11-13 00:04:20,904 [ERROR] LogOutputStream:75 - [STDERR_REDIRECT] 
2025-11-13 00:04:50,902 [ERROR] LogOutputStream:75 - [STDERR_REDIRECT] Nov 13, 2025 12:04:50 AM java.util.prefs.FileSystemPreferences checkLockFile0ErrorCode
2025-11-13 00:04:50,902 [ERROR] LogOutputStream:75 - [STDERR_REDIRECT] WARNING: Could not lock System prefs. Unix error code 5.
2025-11-13 00:04:50,902 [ERROR] LogOutputStream:75 - [STDERR_REDIRECT] 
2025-11-13 00:04:50,902 [ERROR] LogOutputStream:75 - [STDERR_REDIRECT] Nov 13, 2025 12:04:50 AM java.util.prefs.FileSystemPreferences syncWorld
2025-11-13 00:04:50,902 [ERROR] LogOutputStream:75 - [STDERR_REDIRECT] WARNING: Couldn't flush system prefs: java.util.prefs.BackingStoreException: Couldn't get file lock.
2025-11-13 00:04:50,903 [ERROR] LogOutputStream:75 - [STDERR_REDIRECT] 
2025-11-13 00:05:20,903 [ERROR] LogOutputStream:75 - [STDERR_REDIRECT] Nov 13, 2025 12:05:20 AM java.util.prefs.FileSystemPreferences checkLockFile0ErrorCode
2025-11-13 00:05:20,903 [ERROR] LogOutputStream:75 - [STDERR_REDIRECT] WARNING: Could not lock System prefs. Unix error code 5.
2025-11-13 00:05:20,903 [ERROR] LogOutputStream:75 - [STDERR_REDIRECT] 
2025-11-13 00:05:20,903 [ERROR] LogOutputStream:75 - [STDERR_REDIRECT] Nov 13, 2025 12:05:20 AM java.util.prefs.FileSystemPreferences syncWorld
2025-11-13 00:05:20,903 [ERROR] LogOutputStream:75 - [STDERR_REDIRECT] WARNING: Couldn't flush system prefs: java.util.prefs.BackingStoreException: Couldn't get file lock.
2025-11-13 00:05:20,903 [ERROR] LogOutputStream:75 - [STDERR_REDIRECT] 
2025-11-13 00:05:50,904 [ERROR] LogOutputStream:75 - [STDERR_REDIRECT] Nov 13, 2025 12:05:50 AM java.util.prefs.FileSystemPreferences checkLockFile0ErrorCode
2025-11-13 00:05:50,904 [ERROR] LogOutputStream:75 - [STDERR_REDIRECT] WARNING: Could not lock System prefs. Unix error code 5.
2025-11-13 00:05:50,904 [ERROR] LogOutputStream:75 - [STDERR_REDIRECT] 
2025-11-13 00:05:50,904 [ERROR] LogOutputStream:75 - [STDERR_REDIRECT] Nov 13, 2025 12:05:50 AM java.util.prefs.FileSystemPreferences syncWorld
2025-11-13 00:05:50,904 [ERROR] LogOutputStream:75 - [STDERR_REDIRECT] WARNING: Couldn't flush system prefs: java.util.prefs.BackingStoreException: Couldn't get file lock.
2025-11-13 00:05:50,904 [ERROR] LogOutputStream:75 - [STDERR_REDIRECT] 
2025-11-13 00:06:20,904 [ERROR] LogOutputStream:75 - [STDERR_REDIRECT] Nov 13, 2025 12:06:20 AM java.util.prefs.FileSystemPreferences checkLockFile0ErrorCode
2025-11-13 00:06:20,904 [ERROR] LogOutputStream:75 - [STDERR_REDIRECT] WARNING: Could not lock System prefs. Unix error code 5.
2025-11-13 00:06:20,904 [ERROR] LogOutputStream:75 - [STDERR_REDIRECT] 
2025-11-13 00:06:20,904 [ERROR] LogOutputStream:75 - [STDERR_REDIRECT] Nov 13, 2025 12:06:20 AM java.util.prefs.FileSystemPreferences syncWorld
2025-11-13 00:06:20,904 [ERROR] LogOutputStream:75 - [STDERR_REDIRECT] WARNING: Couldn't flush system prefs: java.util.prefs.BackingStoreException: Couldn't get file lock.
2025-11-13 00:06:20,904 [ERROR] LogOutputStream:75 - [STDERR_REDIRECT] 
2025-11-13 00:06:50,905 [ERROR] LogOutputStream:75 - [STDERR_REDIRECT] Nov 13, 2025 12:06:50 AM java.util.prefs.FileSystemPreferences checkLockFile0ErrorCode
2025-11-13 00:06:50,906 [ERROR] LogOutputStream:75 - [STDERR_REDIRECT] WARNING: Could not lock System prefs. Unix error code 5.
2025-11-13 00:06:50,906 [ERROR] LogOutputStream:75 - [STDERR_REDIRECT] 
2025-11-13 00:06:50,906 [ERROR] LogOutputStream:75 - [STDERR_REDIRECT] Nov 13, 2025 12:06:50 AM java.util.prefs.FileSystemPreferences syncWorld
2025-11-13 00:06:50,906 [ERROR] LogOutputStream:75 - [STDERR_REDIRECT] WARNING: Couldn't flush system prefs: java.util.prefs.BackingStoreException: Couldn't get file lock.
2025-11-13 00:06:50,906 [ERROR] LogOutputStream:75 - [STDERR_REDIRECT] 
2025-11-13 00:07:20,905 [ERROR] LogOutputStream:75 - [STDERR_REDIRECT] Nov 13, 2025 12:07:20 AM java.util.prefs.FileSystemPreferences checkLockFile0ErrorCode
2025-11-13 00:07:20,905 [ERROR] LogOutputStream:75 - [STDERR_REDIRECT] WARNING: Could not lock System prefs. Unix error code 5.
2025-11-13 00:07:20,905 [ERROR] LogOutputStream:75 - [STDERR_REDIRECT] 
2025-11-13 00:07:20,905 [ERROR] LogOutputStream:75 - [STDERR_REDIRECT] Nov 13, 2025 12:07:20 AM java.util.prefs.FileSystemPreferences syncWorld
2025-11-13 00:07:20,905 [ERROR] LogOutputStream:75 - [STDERR_REDIRECT] WARNING: Couldn't flush system prefs: java.util.prefs.BackingStoreException: Couldn't get file lock.
2025-11-13 00:07:20,905 [ERROR] LogOutputStream:75 - [STDERR_REDIRECT] 
2025-11-13 00:07:50,905 [ERROR] LogOutputStream:75 - [STDERR_REDIRECT] Nov 13, 2025 12:07:50 AM java.util.prefs.FileSystemPreferences checkLockFile0ErrorCode
2025-11-13 00:07:50,905 [ERROR] LogOutputStream:75 - [STDERR_REDIRECT] WARNING: Could not lock System prefs. Unix error code 5.
2025-11-13 00:07:50,905 [ERROR] LogOutputStream:75 - [STDERR_REDIRECT] 
2025-11-13 00:07:50,905 [ERROR] LogOutputStream:75 - [STDERR_REDIRECT] Nov 13, 2025 12:07:50 AM java.util.prefs.FileSystemPreferences syncWorld
2025-11-13 00:07:50,905 [ERROR] LogOutputStream:75 - [STDERR_REDIRECT] WARNING: Couldn't flush system prefs: java.util.prefs.BackingStoreException: Couldn't get file lock.
2025-11-13 00:07:50,905 [ERROR] LogOutputStream:75 - [STDERR_REDIRECT] 
2025-11-13 00:08:20,905 [ERROR] LogOutputStream:75 - [STDERR_REDIRECT] Nov 13, 2025 12:08:20 AM java.util.prefs.FileSystemPreferences checkLockFile0ErrorCode
2025-11-13 00:08:20,905 [ERROR] LogOutputStream:75 - [STDERR_REDIRECT] WARNING: Could not lock System prefs. Unix error code 5.
2025-11-13 00:08:20,905 [ERROR] LogOutputStream:75 - [STDERR_REDIRECT] 
2025-11-13 00:08:20,905 [ERROR] LogOutputStream:75 - [STDERR_REDIRECT] Nov 13, 2025 12:08:20 AM java.util.prefs.FileSystemPreferences syncWorld
2025-11-13 00:08:20,905 [ERROR] LogOutputStream:75 - [STDERR_REDIRECT] WARNING: Couldn't flush system prefs: java.util.prefs.BackingStoreException: Couldn't get file lock.
2025-11-13 00:08:20,905 [ERROR] LogOutputStream:75 - [STDERR_REDIRECT] 
2025-11-13 00:08:50,906 [ERROR] LogOutputStream:75 - [STDERR_REDIRECT] Nov 13, 2025 12:08:50 AM java.util.prefs.FileSystemPreferences checkLockFile0ErrorCode
2025-11-13 00:08:50,906 [ERROR] LogOutputStream:75 - [STDERR_REDIRECT] WARNING: Could not lock System prefs. Unix error code 5.
2025-11-13 00:08:50,906 [ERROR] LogOutputStream:75 - [STDERR_REDIRECT] 
2025-11-13 00:08:50,906 [ERROR] LogOutputStream:75 - [STDERR_REDIRECT] Nov 13, 2025 12:08:50 AM java.util.prefs.FileSystemPreferences syncWorld
2025-11-13 00:08:50,906 [ERROR] LogOutputStream:75 - [STDERR_REDIRECT] WARNING: Couldn't flush system prefs: java.util.prefs.BackingStoreException: Couldn't get file lock.
2025-11-13 00:08:50,906 [ERROR] LogOutputStream:75 - [STDERR_REDIRECT] 
2025-11-13 00:09:20,905 [ERROR] LogOutputStream:75 - [STDERR_REDIRECT] Nov 13, 2025 12:09:20 AM java.util.prefs.FileSystemPreferences checkLockFile0ErrorCode
2025-11-13 00:09:20,905 [ERROR] LogOutputStream:75 - [STDERR_REDIRECT] WARNING: Could not lock System prefs. Unix error code 5.
2025-11-13 00:09:20,905 [ERROR] LogOutputStream:75 - [STDERR_REDIRECT] 
2025-11-13 00:09:20,906 [ERROR] LogOutputStream:75 - [STDERR_REDIRECT] Nov 13, 2025 12:09:20 AM java.util.prefs.FileSystemPreferences syncWorld
2025-11-13 00:09:20,906 [ERROR] LogOutputStream:75 - [STDERR_REDIRECT] WARNING: Couldn't flush system prefs: java.util.prefs.BackingStoreException: Couldn't get file lock.
2025-11-13 00:09:20,906 [ERROR] LogOutputStream:75 - [STDERR_REDIRECT] 
2025-11-13 00:09:50,906 [ERROR] LogOutputStream:75 - [STDERR_REDIRECT] Nov 13, 2025 12:09:50 AM java.util.prefs.FileSystemPreferences checkLockFile0ErrorCode
2025-11-13 00:09:50,906 [ERROR] LogOutputStream:75 - [STDERR_REDIRECT] WARNING: Could not lock System prefs. Unix error code 5.
2025-11-13 00:09:50,906 [ERROR] LogOutputStream:75 - [STDERR_REDIRECT] 
2025-11-13 00:09:50,906 [ERROR] LogOutputStream:75 - [STDERR_REDIRECT] Nov 13, 2025 12:09:50 AM java.util.prefs.FileSystemPreferences syncWorld
2025-11-13 00:09:50,907 [ERROR] LogOutputStream:75 - [STDERR_REDIRECT] WARNING: Couldn't flush system prefs: java.util.prefs.BackingStoreException: Couldn't get file lock.
2025-11-13 00:09:50,907 [ERROR] LogOutputStream:75 - [STDERR_REDIRECT] 
2025-11-13 00:10:20,905 [ERROR] LogOutputStream:75 - [STDERR_REDIRECT] Nov 13, 2025 12:10:20 AM java.util.prefs.FileSystemPreferences checkLockFile0ErrorCode
2025-11-13 00:10:20,906 [ERROR] LogOutputStream:75 - [STDERR_REDIRECT] WARNING: Could not lock System prefs. Unix error code 5.
2025-11-13 00:10:20,906 [ERROR] LogOutputStream:75 - [STDERR_REDIRECT] 
2025-11-13 00:10:20,906 [ERROR] LogOutputStream:75 - [STDERR_REDIRECT] Nov 13, 2025 12:10:20 AM java.util.prefs.FileSystemPreferences syncWorld
2025-11-13 00:10:20,906 [ERROR] LogOutputStream:75 - [STDERR_REDIRECT] WARNING: Couldn't flush system prefs: java.util.prefs.BackingStoreException: Couldn't get file lock.
2025-11-13 00:10:20,906 [ERROR] LogOutputStream:75 - [STDERR_REDIRECT] 
2025-11-13 00:10:50,906 [ERROR] LogOutputStream:75 - [STDERR_REDIRECT] Nov 13, 2025 12:10:50 AM java.util.prefs.FileSystemPreferences checkLockFile0ErrorCode
2025-11-13 00:10:50,906 [ERROR] LogOutputStream:75 - [STDERR_REDIRECT] WARNING: Could not lock System prefs. Unix error code 5.
2025-11-13 00:10:50,906 [ERROR] LogOutputStream:75 - [STDERR_REDIRECT] 
2025-11-13 00:10:50,906 [ERROR] LogOutputStream:75 - [STDERR_REDIRECT] Nov 13, 2025 12:10:50 AM java.util.prefs.FileSystemPreferences syncWorld
2025-11-13 00:10:50,906 [ERROR] LogOutputStream:75 - [STDERR_REDIRECT] WARNING: Couldn't flush system prefs: java.util.prefs.BackingStoreException: Couldn't get file lock.
2025-11-13 00:10:50,906 [ERROR] LogOutputStream:75 - [STDERR_REDIRECT] 
2025-11-13 00:11:20,906 [ERROR] LogOutputStream:75 - [STDERR_REDIRECT] Nov 13, 2025 12:11:20 AM java.util.prefs.FileSystemPreferences checkLockFile0ErrorCode
2025-11-13 00:11:20,906 [ERROR] LogOutputStream:75 - [STDERR_REDIRECT] WARNING: Could not lock System prefs. Unix error code 5.
2025-11-13 00:11:20,906 [ERROR] LogOutputStream:75 - [STDERR_REDIRECT] 
2025-11-13 00:11:20,906 [ERROR] LogOutputStream:75 - [STDERR_REDIRECT] Nov 13, 2025 12:11:20 AM java.util.prefs.FileSystemPreferences syncWorld
2025-11-13 00:11:20,906 [ERROR] LogOutputStream:75 - [STDERR_REDIRECT] WARNING: Couldn't flush system prefs: java.util.prefs.BackingStoreException: Couldn't get file lock.
2025-11-13 00:11:20,907 [ERROR] LogOutputStream:75 - [STDERR_REDIRECT] 
2025-11-13 00:11:50,905 [ERROR] LogOutputStream:75 - [STDERR_REDIRECT] Nov 13, 2025 12:11:50 AM java.util.prefs.FileSystemPreferences checkLockFile0ErrorCode
2025-11-13 00:11:50,906 [ERROR] LogOutputStream:75 - [STDERR_REDIRECT] WARNING: Could not lock System prefs. Unix error code 5.
2025-11-13 00:11:50,906 [ERROR] LogOutputStream:75 - [STDERR_REDIRECT] 
2025-11-13 00:11:50,906 [ERROR] LogOutputStream:75 - [STDERR_REDIRECT] Nov 13, 2025 12:11:50 AM java.util.prefs.FileSystemPreferences syncWorld
2025-11-13 00:11:50,906 [ERROR] LogOutputStream:75 - [STDERR_REDIRECT] WARNING: Couldn't flush system prefs: java.util.prefs.BackingStoreException: Couldn't get file lock.
2025-11-13 00:11:50,906 [ERROR] LogOutputStream:75 - [STDERR_REDIRECT] 
2025-11-13 00:12:20,906 [ERROR] LogOutputStream:75 - [STDERR_REDIRECT] Nov 13, 2025 12:12:20 AM java.util.prefs.FileSystemPreferences checkLockFile0ErrorCode
2025-11-13 00:12:20,906 [ERROR] LogOutputStream:75 - [STDERR_REDIRECT] WARNING: Could not lock System prefs. Unix error code 5.
2025-11-13 00:12:20,906 [ERROR] LogOutputStream:75 - [STDERR_REDIRECT] 
2025-11-13 00:12:20,906 [ERROR] LogOutputStream:75 - [STDERR_REDIRECT] Nov 13, 2025 12:12:20 AM java.util.prefs.FileSystemPreferences syncWorld
2025-11-13 00:12:20,906 [ERROR] LogOutputStream:75 - [STDERR_REDIRECT] WARNING: Couldn't flush system prefs: java.util.prefs.BackingStoreException: Couldn't get file lock.
2025-11-13 00:12:20,906 [ERROR] LogOutputStream:75 - [STDERR_REDIRECT] 
2025-11-13 00:12:50,906 [ERROR] LogOutputStream:75 - [STDERR_REDIRECT] Nov 13, 2025 12:12:50 AM java.util.prefs.FileSystemPreferences checkLockFile0ErrorCode
2025-11-13 00:12:50,906 [ERROR] LogOutputStream:75 - [STDERR_REDIRECT] WARNING: Could not lock System prefs. Unix error code 5.
2025-11-13 00:12:50,906 [ERROR] LogOutputStream:75 - [STDERR_REDIRECT] 
2025-11-13 00:12:50,906 [ERROR] LogOutputStream:75 - [STDERR_REDIRECT] Nov 13, 2025 12:12:50 AM java.util.prefs.FileSystemPreferences syncWorld
2025-11-13 00:12:50,906 [ERROR] LogOutputStream:75 - [STDERR_REDIRECT] WARNING: Couldn't flush system prefs: java.util.prefs.BackingStoreException: Couldn't get file lock.
2025-11-13 00:12:50,906 [ERROR] LogOutputStream:75 - [STDERR_REDIRECT] 
2025-11-13 00:13:20,906 [ERROR] LogOutputStream:75 - [STDERR_REDIRECT] Nov 13, 2025 12:13:20 AM java.util.prefs.FileSystemPreferences checkLockFile0ErrorCode
2025-11-13 00:13:20,906 [ERROR] LogOutputStream:75 - [STDERR_REDIRECT] WARNING: Could not lock System prefs. Unix error code 5.
2025-11-13 00:13:20,906 [ERROR] LogOutputStream:75 - [STDERR_REDIRECT] 
2025-11-13 00:13:20,906 [ERROR] LogOutputStream:75 - [STDERR_REDIRECT] Nov 13, 2025 12:13:20 AM java.util.prefs.FileSystemPreferences syncWorld
2025-11-13 00:13:20,906 [ERROR] LogOutputStream:75 - [STDERR_REDIRECT] WARNING: Couldn't flush system prefs: java.util.prefs.BackingStoreException: Couldn't get file lock.
2025-11-13 00:13:20,906 [ERROR] LogOutputStream:75 - [STDERR_REDIRECT] 
2025-11-13 00:13:50,906 [ERROR] LogOutputStream:75 - [STDERR_REDIRECT] Nov 13, 2025 12:13:50 AM java.util.prefs.FileSystemPreferences checkLockFile0ErrorCode
2025-11-13 00:13:50,906 [ERROR] LogOutputStream:75 - [STDERR_REDIRECT] WARNING: Could not lock System prefs. Unix error code 5.
2025-11-13 00:13:50,906 [ERROR] LogOutputStream:75 - [STDERR_REDIRECT] 
2025-11-13 00:13:50,906 [ERROR] LogOutputStream:75 - [STDERR_REDIRECT] Nov 13, 2025 12:13:50 AM java.util.prefs.FileSystemPreferences syncWorld
2025-11-13 00:13:50,907 [ERROR] LogOutputStream:75 - [STDERR_REDIRECT] WARNING: Couldn't flush system prefs: java.util.prefs.BackingStoreException: Couldn't get file lock.
2025-11-13 00:13:50,907 [ERROR] LogOutputStream:75 - [STDERR_REDIRECT] 
2025-11-13 00:14:20,906 [ERROR] LogOutputStream:75 - [STDERR_REDIRECT] Nov 13, 2025 12:14:20 AM java.util.prefs.FileSystemPreferences checkLockFile0ErrorCode
2025-11-13 00:14:20,906 [ERROR] LogOutputStream:75 - [STDERR_REDIRECT] WARNING: Could not lock System prefs. Unix error code 5.
2025-11-13 00:14:20,906 [ERROR] LogOutputStream:75 - [STDERR_REDIRECT] 
2025-11-13 00:14:20,906 [ERROR] LogOutputStream:75 - [STDERR_REDIRECT] Nov 13, 2025 12:14:20 AM java.util.prefs.FileSystemPreferences syncWorld
2025-11-13 00:14:20,906 [ERROR] LogOutputStream:75 - [STDERR_REDIRECT] WARNING: Couldn't flush system prefs: java.util.prefs.BackingStoreException: Couldn't get file lock.
2025-11-13 00:14:20,906 [ERROR] LogOutputStream:75 - [STDERR_REDIRECT] 
2025-11-13 00:14:50,907 [ERROR] LogOutputStream:75 - [STDERR_REDIRECT] Nov 13, 2025 12:14:50 AM java.util.prefs.FileSystemPreferences checkLockFile0ErrorCode
2025-11-13 00:14:50,907 [ERROR] LogOutputStream:75 - [STDERR_REDIRECT] WARNING: Could not lock System prefs. Unix error code 5.
2025-11-13 00:14:50,907 [ERROR] LogOutputStream:75 - [STDERR_REDIRECT] 
2025-11-13 00:14:50,907 [ERROR] LogOutputStream:75 - [STDERR_REDIRECT] Nov 13, 2025 12:14:50 AM java.util.prefs.FileSystemPreferences syncWorld
2025-11-13 00:14:50,908 [ERROR] LogOutputStream:75 - [STDERR_REDIRECT] WARNING: Couldn't flush system prefs: java.util.prefs.BackingStoreException: Couldn't get file lock.
2025-11-13 00:14:50,908 [ERROR] LogOutputStream:75 - [STDERR_REDIRECT] 
2025-11-13 00:15:20,907 [ERROR] LogOutputStream:75 - [STDERR_REDIRECT] Nov 13, 2025 12:15:20 AM java.util.prefs.FileSystemPreferences checkLockFile0ErrorCode
2025-11-13 00:15:20,907 [ERROR] LogOutputStream:75 - [STDERR_REDIRECT] WARNING: Could not lock System prefs. Unix error code 5.
2025-11-13 00:15:20,907 [ERROR] LogOutputStream:75 - [STDERR_REDIRECT] 
2025-11-13 00:15:20,908 [ERROR] LogOutputStream:75 - [STDERR_REDIRECT] Nov 13, 2025 12:15:20 AM java.util.prefs.FileSystemPreferences syncWorld
2025-11-13 00:15:20,908 [ERROR] LogOutputStream:75 - [STDERR_REDIRECT] WARNING: Couldn't flush system prefs: java.util.prefs.BackingStoreException: Couldn't get file lock.
2025-11-13 00:15:20,908 [ERROR] LogOutputStream:75 - [STDERR_REDIRECT] 
2025-11-13 00:15:50,907 [ERROR] LogOutputStream:75 - [STDERR_REDIRECT] Nov 13, 2025 12:15:50 AM java.util.prefs.FileSystemPreferences checkLockFile0ErrorCode
2025-11-13 00:15:50,908 [ERROR] LogOutputStream:75 - [STDERR_REDIRECT] WARNING: Could not lock System prefs. Unix error code 5.
2025-11-13 00:15:50,908 [ERROR] LogOutputStream:75 - [STDERR_REDIRECT] 
2025-11-13 00:15:50,909 [ERROR] LogOutputStream:75 - [STDERR_REDIRECT] Nov 13, 2025 12:15:50 AM java.util.prefs.FileSystemPreferences syncWorld
2025-11-13 00:15:50,909 [ERROR] LogOutputStream:75 - [STDERR_REDIRECT] WARNING: Couldn't flush system prefs: java.util.prefs.BackingStoreException: Couldn't get file lock.
2025-11-13 00:15:50,909 [ERROR] LogOutputStream:75 - [STDERR_REDIRECT] 
2025-11-13 00:16:20,908 [ERROR] LogOutputStream:75 - [STDERR_REDIRECT] Nov 13, 2025 12:16:20 AM java.util.prefs.FileSystemPreferences checkLockFile0ErrorCode
2025-11-13 00:16:20,908 [ERROR] LogOutputStream:75 - [STDERR_REDIRECT] WARNING: Could not lock System prefs. Unix error code 5.
2025-11-13 00:16:20,908 [ERROR] LogOutputStream:75 - [STDERR_REDIRECT] 
2025-11-13 00:16:20,908 [ERROR] LogOutputStream:75 - [STDERR_REDIRECT] Nov 13, 2025 12:16:20 AM java.util.prefs.FileSystemPreferences syncWorld
2025-11-13 00:16:20,908 [ERROR] LogOutputStream:75 - [STDERR_REDIRECT] WARNING: Couldn't flush system prefs: java.util.prefs.BackingStoreException: Couldn't get file lock.
2025-11-13 00:16:20,908 [ERROR] LogOutputStream:75 - [STDERR_REDIRECT] 
2025-11-13 00:16:50,908 [ERROR] LogOutputStream:75 - [STDERR_REDIRECT] Nov 13, 2025 12:16:50 AM java.util.prefs.FileSystemPreferences checkLockFile0ErrorCode
2025-11-13 00:16:50,908 [ERROR] LogOutputStream:75 - [STDERR_REDIRECT] WARNING: Could not lock System prefs. Unix error code 5.
2025-11-13 00:16:50,908 [ERROR] LogOutputStream:75 - [STDERR_REDIRECT] 
2025-11-13 00:16:50,908 [ERROR] LogOutputStream:75 - [STDERR_REDIRECT] Nov 13, 2025 12:16:50 AM java.util.prefs.FileSystemPreferences syncWorld
2025-11-13 00:16:50,908 [ERROR] LogOutputStream:75 - [STDERR_REDIRECT] WARNING: Couldn't flush system prefs: java.util.prefs.BackingStoreException: Couldn't get file lock.
2025-11-13 00:16:50,908 [ERROR] LogOutputStream:75 - [STDERR_REDIRECT] 
2025-11-13 00:17:20,908 [ERROR] LogOutputStream:75 - [STDERR_REDIRECT] Nov 13, 2025 12:17:20 AM java.util.prefs.FileSystemPreferences checkLockFile0ErrorCode
2025-11-13 00:17:20,908 [ERROR] LogOutputStream:75 - [STDERR_REDIRECT] WARNING: Could not lock System prefs. Unix error code 5.
2025-11-13 00:17:20,908 [ERROR] LogOutputStream:75 - [STDERR_REDIRECT] 
2025-11-13 00:17:20,908 [ERROR] LogOutputStream:75 - [STDERR_REDIRECT] Nov 13, 2025 12:17:20 AM java.util.prefs.FileSystemPreferences syncWorld
2025-11-13 00:17:20,908 [ERROR] LogOutputStream:75 - [STDERR_REDIRECT] WARNING: Couldn't flush system prefs: java.util.prefs.BackingStoreException: Couldn't get file lock.
2025-11-13 00:17:20,908 [ERROR] LogOutputStream:75 - [STDERR_REDIRECT] 
2025-11-13 00:17:50,908 [ERROR] LogOutputStream:75 - [STDERR_REDIRECT] Nov 13, 2025 12:17:50 AM java.util.prefs.FileSystemPreferences checkLockFile0ErrorCode
2025-11-13 00:17:50,908 [ERROR] LogOutputStream:75 - [STDERR_REDIRECT] WARNING: Could not lock System prefs. Unix error code 5.
2025-11-13 00:17:50,908 [ERROR] LogOutputStream:75 - [STDERR_REDIRECT] 
2025-11-13 00:17:50,909 [ERROR] LogOutputStream:75 - [STDERR_REDIRECT] Nov 13, 2025 12:17:50 AM java.util.prefs.FileSystemPreferences syncWorld
2025-11-13 00:17:50,909 [ERROR] LogOutputStream:75 - [STDERR_REDIRECT] WARNING: Couldn't flush system prefs: java.util.prefs.BackingStoreException: Couldn't get file lock.
2025-11-13 00:17:50,909 [ERROR] LogOutputStream:75 - [STDERR_REDIRECT] 
2025-11-13 00:18:20,908 [ERROR] LogOutputStream:75 - [STDERR_REDIRECT] Nov 13, 2025 12:18:20 AM java.util.prefs.FileSystemPreferences checkLockFile0ErrorCode
2025-11-13 00:18:20,908 [ERROR] LogOutputStream:75 - [STDERR_REDIRECT] WARNING: Could not lock System prefs. Unix error code 5.
2025-11-13 00:18:20,908 [ERROR] LogOutputStream:75 - [STDERR_REDIRECT] 
2025-11-13 00:18:20,908 [ERROR] LogOutputStream:75 - [STDERR_REDIRECT] Nov 13, 2025 12:18:20 AM java.util.prefs.FileSystemPreferences syncWorld
2025-11-13 00:18:20,908 [ERROR] LogOutputStream:75 - [STDERR_REDIRECT] WARNING: Couldn't flush system prefs: java.util.prefs.BackingStoreException: Couldn't get file lock.
2025-11-13 00:18:20,909 [ERROR] LogOutputStream:75 - [STDERR_REDIRECT] 
2025-11-13 00:18:50,908 [ERROR] LogOutputStream:75 - [STDERR_REDIRECT] Nov 13, 2025 12:18:50 AM java.util.prefs.FileSystemPreferences checkLockFile0ErrorCode
2025-11-13 00:18:50,908 [ERROR] LogOutputStream:75 - [STDERR_REDIRECT] WARNING: Could not lock System prefs. Unix error code 5.
2025-11-13 00:18:50,908 [ERROR] LogOutputStream:75 - [STDERR_REDIRECT] 
2025-11-13 00:18:50,909 [ERROR] LogOutputStream:75 - [STDERR_REDIRECT] Nov 13, 2025 12:18:50 AM java.util.prefs.FileSystemPreferences syncWorld
2025-11-13 00:18:50,909 [ERROR] LogOutputStream:75 - [STDERR_REDIRECT] WARNING: Couldn't flush system prefs: java.util.prefs.BackingStoreException: Couldn't get file lock.
2025-11-13 00:18:50,909 [ERROR] LogOutputStream:75 - [STDERR_REDIRECT] 
2025-11-13 00:19:20,908 [ERROR] LogOutputStream:75 - [STDERR_REDIRECT] Nov 13, 2025 12:19:20 AM java.util.prefs.FileSystemPreferences checkLockFile0ErrorCode
2025-11-13 00:19:20,908 [ERROR] LogOutputStream:75 - [STDERR_REDIRECT] WARNING: Could not lock System prefs. Unix error code 5.
2025-11-13 00:19:20,909 [ERROR] LogOutputStream:75 - [STDERR_REDIRECT] 
2025-11-13 00:19:20,909 [ERROR] LogOutputStream:75 - [STDERR_REDIRECT] Nov 13, 2025 12:19:20 AM java.util.prefs.FileSystemPreferences syncWorld
2025-11-13 00:19:20,909 [ERROR] LogOutputStream:75 - [STDERR_REDIRECT] WARNING: Couldn't flush system prefs: java.util.prefs.BackingStoreException: Couldn't get file lock.
2025-11-13 00:19:20,909 [ERROR] LogOutputStream:75 - [STDERR_REDIRECT] 
2025-11-13 00:19:50,909 [ERROR] LogOutputStream:75 - [STDERR_REDIRECT] Nov 13, 2025 12:19:50 AM java.util.prefs.FileSystemPreferences checkLockFile0ErrorCode
2025-11-13 00:19:50,909 [ERROR] LogOutputStream:75 - [STDERR_REDIRECT] WARNING: Could not lock System prefs. Unix error code 5.
2025-11-13 00:19:50,909 [ERROR] LogOutputStream:75 - [STDERR_REDIRECT] 
2025-11-13 00:19:50,909 [ERROR] LogOutputStream:75 - [STDERR_REDIRECT] Nov 13, 2025 12:19:50 AM java.util.prefs.FileSystemPreferences syncWorld
2025-11-13 00:19:50,909 [ERROR] LogOutputStream:75 - [STDERR_REDIRECT] WARNING: Couldn't flush system prefs: java.util.prefs.BackingStoreException: Couldn't get file lock.
2025-11-13 00:19:50,909 [ERROR] LogOutputStream:75 - [STDERR_REDIRECT] 
2025-11-13 00:20:20,909 [ERROR] LogOutputStream:75 - [STDERR_REDIRECT] Nov 13, 2025 12:20:20 AM java.util.prefs.FileSystemPreferences checkLockFile0ErrorCode
2025-11-13 00:20:20,909 [ERROR] LogOutputStream:75 - [STDERR_REDIRECT] WARNING: Could not lock System prefs. Unix error code 5.
2025-11-13 00:20:20,909 [ERROR] LogOutputStream:75 - [STDERR_REDIRECT] 
2025-11-13 00:20:20,909 [ERROR] LogOutputStream:75 - [STDERR_REDIRECT] Nov 13, 2025 12:20:20 AM java.util.prefs.FileSystemPreferences syncWorld
2025-11-13 00:20:20,909 [ERROR] LogOutputStream:75 - [STDERR_REDIRECT] WARNING: Couldn't flush system prefs: java.util.prefs.BackingStoreException: Couldn't get file lock.
2025-11-13 00:20:20,909 [ERROR] LogOutputStream:75 - [STDERR_REDIRECT] 
2025-11-13 00:20:50,910 [ERROR] LogOutputStream:75 - [STDERR_REDIRECT] Nov 13, 2025 12:20:50 AM java.util.prefs.FileSystemPreferences checkLockFile0ErrorCode
2025-11-13 00:20:50,910 [ERROR] LogOutputStream:75 - [STDERR_REDIRECT] WARNING: Could not lock System prefs. Unix error code 5.
2025-11-13 00:20:50,910 [ERROR] LogOutputStream:75 - [STDERR_REDIRECT] 
2025-11-13 00:20:50,910 [ERROR] LogOutputStream:75 - [STDERR_REDIRECT] Nov 13, 2025 12:20:50 AM java.util.prefs.FileSystemPreferences syncWorld
2025-11-13 00:20:50,910 [ERROR] LogOutputStream:75 - [STDERR_REDIRECT] WARNING: Couldn't flush system prefs: java.util.prefs.BackingStoreException: Couldn't get file lock.
2025-11-13 00:20:50,910 [ERROR] LogOutputStream:75 - [STDERR_REDIRECT] 
2025-11-13 00:21:20,911 [ERROR] LogOutputStream:75 - [STDERR_REDIRECT] Nov 13, 2025 12:21:20 AM java.util.prefs.FileSystemPreferences checkLockFile0ErrorCode
2025-11-13 00:21:20,911 [ERROR] LogOutputStream:75 - [STDERR_REDIRECT] WARNING: Could not lock System prefs. Unix error code 5.
2025-11-13 00:21:20,911 [ERROR] LogOutputStream:75 - [STDERR_REDIRECT] 
2025-11-13 00:21:20,911 [ERROR] LogOutputStream:75 - [STDERR_REDIRECT] Nov 13, 2025 12:21:20 AM java.util.prefs.FileSystemPreferences syncWorld
2025-11-13 00:21:20,911 [ERROR] LogOutputStream:75 - [STDERR_REDIRECT] WARNING: Couldn't flush system prefs: java.util.prefs.BackingStoreException: Couldn't get file lock.
2025-11-13 00:21:20,911 [ERROR] LogOutputStream:75 - [STDERR_REDIRECT] 
2025-11-13 00:21:50,910 [ERROR] LogOutputStream:75 - [STDERR_REDIRECT] Nov 13, 2025 12:21:50 AM java.util.prefs.FileSystemPreferences checkLockFile0ErrorCode
2025-11-13 00:21:50,910 [ERROR] LogOutputStream:75 - [STDERR_REDIRECT] WARNING: Could not lock System prefs. Unix error code 5.
2025-11-13 00:21:50,910 [ERROR] LogOutputStream:75 - [STDERR_REDIRECT] 
2025-11-13 00:21:50,911 [ERROR] LogOutputStream:75 - [STDERR_REDIRECT] Nov 13, 2025 12:21:50 AM java.util.prefs.FileSystemPreferences syncWorld
2025-11-13 00:21:50,911 [ERROR] LogOutputStream:75 - [STDERR_REDIRECT] WARNING: Couldn't flush system prefs: java.util.prefs.BackingStoreException: Couldn't get file lock.
2025-11-13 00:21:50,911 [ERROR] LogOutputStream:75 - [STDERR_REDIRECT] 
2025-11-13 00:22:20,910 [ERROR] LogOutputStream:75 - [STDERR_REDIRECT] Nov 13, 2025 12:22:20 AM java.util.prefs.FileSystemPreferences checkLockFile0ErrorCode
2025-11-13 00:22:20,910 [ERROR] LogOutputStream:75 - [STDERR_REDIRECT] WARNING: Could not lock System prefs. Unix error code 5.
2025-11-13 00:22:20,910 [ERROR] LogOutputStream:75 - [STDERR_REDIRECT] 
2025-11-13 00:22:20,910 [ERROR] LogOutputStream:75 - [STDERR_REDIRECT] Nov 13, 2025 12:22:20 AM java.util.prefs.FileSystemPreferences syncWorld
2025-11-13 00:22:20,910 [ERROR] LogOutputStream:75 - [STDERR_REDIRECT] WARNING: Couldn't flush system prefs: java.util.prefs.BackingStoreException: Couldn't get file lock.
2025-11-13 00:22:20,910 [ERROR] LogOutputStream:75 - [STDERR_REDIRECT] 
2025-11-13 00:22:50,910 [ERROR] LogOutputStream:75 - [STDERR_REDIRECT] Nov 13, 2025 12:22:50 AM java.util.prefs.FileSystemPreferences checkLockFile0ErrorCode
2025-11-13 00:22:50,910 [ERROR] LogOutputStream:75 - [STDERR_REDIRECT] WARNING: Could not lock System prefs. Unix error code 5.
2025-11-13 00:22:50,911 [ERROR] LogOutputStream:75 - [STDERR_REDIRECT] 
2025-11-13 00:22:50,911 [ERROR] LogOutputStream:75 - [STDERR_REDIRECT] Nov 13, 2025 12:22:50 AM java.util.prefs.FileSystemPreferences syncWorld
2025-11-13 00:22:50,911 [ERROR] LogOutputStream:75 - [STDERR_REDIRECT] WARNING: Couldn't flush system prefs: java.util.prefs.BackingStoreException: Couldn't get file lock.
2025-11-13 00:22:50,911 [ERROR] LogOutputStream:75 - [STDERR_REDIRECT] 
2025-11-13 00:23:20,911 [ERROR] LogOutputStream:75 - [STDERR_REDIRECT] Nov 13, 2025 12:23:20 AM java.util.prefs.FileSystemPreferences checkLockFile0ErrorCode
2025-11-13 00:23:20,911 [ERROR] LogOutputStream:75 - [STDERR_REDIRECT] WARNING: Could not lock System prefs. Unix error code 5.
2025-11-13 00:23:20,915 [ERROR] LogOutputStream:75 - [STDERR_REDIRECT] 
2025-11-13 00:23:20,915 [ERROR] LogOutputStream:75 - [STDERR_REDIRECT] Nov 13, 2025 12:23:20 AM java.util.prefs.FileSystemPreferences syncWorld
2025-11-13 00:23:20,915 [ERROR] LogOutputStream:75 - [STDERR_REDIRECT] WARNING: Couldn't flush system prefs: java.util.prefs.BackingStoreException: Couldn't get file lock.
2025-11-13 00:23:20,916 [ERROR] LogOutputStream:75 - [STDERR_REDIRECT] 
2025-11-13 00:23:50,910 [ERROR] LogOutputStream:75 - [STDERR_REDIRECT] Nov 13, 2025 12:23:50 AM java.util.prefs.FileSystemPreferences checkLockFile0ErrorCode
2025-11-13 00:23:50,910 [ERROR] LogOutputStream:75 - [STDERR_REDIRECT] WARNING: Could not lock System prefs. Unix error code 5.
2025-11-13 00:23:50,910 [ERROR] LogOutputStream:75 - [STDERR_REDIRECT] 
2025-11-13 00:23:50,910 [ERROR] LogOutputStream:75 - [STDERR_REDIRECT] Nov 13, 2025 12:23:50 AM java.util.prefs.FileSystemPreferences syncWorld
2025-11-13 00:23:50,911 [ERROR] LogOutputStream:75 - [STDERR_REDIRECT] WARNING: Couldn't flush system prefs: java.util.prefs.BackingStoreException: Couldn't get file lock.
2025-11-13 00:23:50,911 [ERROR] LogOutputStream:75 - [STDERR_REDIRECT] 
2025-11-13 00:24:20,910 [ERROR] LogOutputStream:75 - [STDERR_REDIRECT] Nov 13, 2025 12:24:20 AM java.util.prefs.FileSystemPreferences checkLockFile0ErrorCode
2025-11-13 00:24:20,910 [ERROR] LogOutputStream:75 - [STDERR_REDIRECT] WARNING: Could not lock System prefs. Unix error code 5.
2025-11-13 00:24:20,911 [ERROR] LogOutputStream:75 - [STDERR_REDIRECT] 
2025-11-13 00:24:20,911 [ERROR] LogOutputStream:75 - [STDERR_REDIRECT] Nov 13, 2025 12:24:20 AM java.util.prefs.FileSystemPreferences syncWorld
2025-11-13 00:24:20,911 [ERROR] LogOutputStream:75 - [STDERR_REDIRECT] WARNING: Couldn't flush system prefs: java.util.prefs.BackingStoreException: Couldn't get file lock.
2025-11-13 00:24:20,911 [ERROR] LogOutputStream:75 - [STDERR_REDIRECT] 
2025-11-13 00:24:50,910 [ERROR] LogOutputStream:75 - [STDERR_REDIRECT] Nov 13, 2025 12:24:50 AM java.util.prefs.FileSystemPreferences checkLockFile0ErrorCode
2025-11-13 00:24:50,910 [ERROR] LogOutputStream:75 - [STDERR_REDIRECT] WARNING: Could not lock System prefs. Unix error code 5.
2025-11-13 00:24:50,910 [ERROR] LogOutputStream:75 - [STDERR_REDIRECT] 
2025-11-13 00:24:50,910 [ERROR] LogOutputStream:75 - [STDERR_REDIRECT] Nov 13, 2025 12:24:50 AM java.util.prefs.FileSystemPreferences syncWorld
2025-11-13 00:24:50,911 [ERROR] LogOutputStream:75 - [STDERR_REDIRECT] WARNING: Couldn't flush system prefs: java.util.prefs.BackingStoreException: Couldn't get file lock.
2025-11-13 00:24:50,911 [ERROR] LogOutputStream:75 - [STDERR_REDIRECT] 
2025-11-13 00:25:20,910 [ERROR] LogOutputStream:75 - [STDERR_REDIRECT] Nov 13, 2025 12:25:20 AM java.util.prefs.FileSystemPreferences checkLockFile0ErrorCode
2025-11-13 00:25:20,910 [ERROR] LogOutputStream:75 - [STDERR_REDIRECT] WARNING: Could not lock System prefs. Unix error code 5.
2025-11-13 00:25:20,910 [ERROR] LogOutputStream:75 - [STDERR_REDIRECT] 
2025-11-13 00:25:20,910 [ERROR] LogOutputStream:75 - [STDERR_REDIRECT] Nov 13, 2025 12:25:20 AM java.util.prefs.FileSystemPreferences syncWorld
2025-11-13 00:25:20,910 [ERROR] LogOutputStream:75 - [STDERR_REDIRECT] WARNING: Couldn't flush system prefs: java.util.prefs.BackingStoreException: Couldn't get file lock.
2025-11-13 00:25:20,911 [ERROR] LogOutputStream:75 - [STDERR_REDIRECT] 
2025-11-13 00:25:50,911 [ERROR] LogOutputStream:75 - [STDERR_REDIRECT] Nov 13, 2025 12:25:50 AM java.util.prefs.FileSystemPreferences checkLockFile0ErrorCode
2025-11-13 00:25:50,911 [ERROR] LogOutputStream:75 - [STDERR_REDIRECT] WARNING: Could not lock System prefs. Unix error code 5.
2025-11-13 00:25:50,911 [ERROR] LogOutputStream:75 - [STDERR_REDIRECT] 
2025-11-13 00:25:50,911 [ERROR] LogOutputStream:75 - [STDERR_REDIRECT] Nov 13, 2025 12:25:50 AM java.util.prefs.FileSystemPreferences syncWorld
2025-11-13 00:25:50,911 [ERROR] LogOutputStream:75 - [STDERR_REDIRECT] WARNING: Couldn't flush system prefs: java.util.prefs.BackingStoreException: Couldn't get file lock.
2025-11-13 00:25:50,911 [ERROR] LogOutputStream:75 - [STDERR_REDIRECT] 
2025-11-13 00:26:20,911 [ERROR] LogOutputStream:75 - [STDERR_REDIRECT] Nov 13, 2025 12:26:20 AM java.util.prefs.FileSystemPreferences checkLockFile0ErrorCode
2025-11-13 00:26:20,911 [ERROR] LogOutputStream:75 - [STDERR_REDIRECT] WARNING: Could not lock System prefs. Unix error code 5.
2025-11-13 00:26:20,911 [ERROR] LogOutputStream:75 - [STDERR_REDIRECT] 
2025-11-13 00:26:20,911 [ERROR] LogOutputStream:75 - [STDERR_REDIRECT] Nov 13, 2025 12:26:20 AM java.util.prefs.FileSystemPreferences syncWorld
2025-11-13 00:26:20,911 [ERROR] LogOutputStream:75 - [STDERR_REDIRECT] WARNING: Couldn't flush system prefs: java.util.prefs.BackingStoreException: Couldn't get file lock.
2025-11-13 00:26:20,911 [ERROR] LogOutputStream:75 - [STDERR_REDIRECT] 
2025-11-13 00:26:50,912 [ERROR] LogOutputStream:75 - [STDERR_REDIRECT] Nov 13, 2025 12:26:50 AM java.util.prefs.FileSystemPreferences checkLockFile0ErrorCode
2025-11-13 00:26:50,913 [ERROR] LogOutputStream:75 - [STDERR_REDIRECT] WARNING: Could not lock System prefs. Unix error code 5.
2025-11-13 00:26:50,913 [ERROR] LogOutputStream:75 - [STDERR_REDIRECT] 
2025-11-13 00:26:50,913 [ERROR] LogOutputStream:75 - [STDERR_REDIRECT] Nov 13, 2025 12:26:50 AM java.util.prefs.FileSystemPreferences syncWorld
2025-11-13 00:26:50,913 [ERROR] LogOutputStream:75 - [STDERR_REDIRECT] WARNING: Couldn't flush system prefs: java.util.prefs.BackingStoreException: Couldn't get file lock.
2025-11-13 00:26:50,913 [ERROR] LogOutputStream:75 - [STDERR_REDIRECT] 
2025-11-13 00:27:20,912 [ERROR] LogOutputStream:75 - [STDERR_REDIRECT] Nov 13, 2025 12:27:20 AM java.util.prefs.FileSystemPreferences checkLockFile0ErrorCode
2025-11-13 00:27:20,912 [ERROR] LogOutputStream:75 - [STDERR_REDIRECT] WARNING: Could not lock System prefs. Unix error code 5.
2025-11-13 00:27:20,912 [ERROR] LogOutputStream:75 - [STDERR_REDIRECT] 
2025-11-13 00:27:20,912 [ERROR] LogOutputStream:75 - [STDERR_REDIRECT] Nov 13, 2025 12:27:20 AM java.util.prefs.FileSystemPreferences syncWorld
2025-11-13 00:27:20,912 [ERROR] LogOutputStream:75 - [STDERR_REDIRECT] WARNING: Couldn't flush system prefs: java.util.prefs.BackingStoreException: Couldn't get file lock.
2025-11-13 00:27:20,912 [ERROR] LogOutputStream:75 - [STDERR_REDIRECT] 
2025-11-13 00:27:50,912 [ERROR] LogOutputStream:75 - [STDERR_REDIRECT] Nov 13, 2025 12:27:50 AM java.util.prefs.FileSystemPreferences checkLockFile0ErrorCode
2025-11-13 00:27:50,912 [ERROR] LogOutputStream:75 - [STDERR_REDIRECT] WARNING: Could not lock System prefs. Unix error code 5.
2025-11-13 00:27:50,912 [ERROR] LogOutputStream:75 - [STDERR_REDIRECT] 
2025-11-13 00:27:50,912 [ERROR] LogOutputStream:75 - [STDERR_REDIRECT] Nov 13, 2025 12:27:50 AM java.util.prefs.FileSystemPreferences syncWorld
2025-11-13 00:27:50,912 [ERROR] LogOutputStream:75 - [STDERR_REDIRECT] WARNING: Couldn't flush system prefs: java.util.prefs.BackingStoreException: Couldn't get file lock.
2025-11-13 00:27:50,913 [ERROR] LogOutputStream:75 - [STDERR_REDIRECT] 
2025-11-13 00:28:20,913 [ERROR] LogOutputStream:75 - [STDERR_REDIRECT] Nov 13, 2025 12:28:20 AM java.util.prefs.FileSystemPreferences checkLockFile0ErrorCode
2025-11-13 00:28:20,913 [ERROR] LogOutputStream:75 - [STDERR_REDIRECT] WARNING: Could not lock System prefs. Unix error code 5.
2025-11-13 00:28:20,913 [ERROR] LogOutputStream:75 - [STDERR_REDIRECT] 
2025-11-13 00:28:20,913 [ERROR] LogOutputStream:75 - [STDERR_REDIRECT] Nov 13, 2025 12:28:20 AM java.util.prefs.FileSystemPreferences syncWorld
2025-11-13 00:28:20,914 [ERROR] LogOutputStream:75 - [STDERR_REDIRECT] WARNING: Couldn't flush system prefs: java.util.prefs.BackingStoreException: Couldn't get file lock.
2025-11-13 00:28:20,914 [ERROR] LogOutputStream:75 - [STDERR_REDIRECT] 
2025-11-13 00:28:50,912 [ERROR] LogOutputStream:75 - [STDERR_REDIRECT] Nov 13, 2025 12:28:50 AM java.util.prefs.FileSystemPreferences checkLockFile0ErrorCode
2025-11-13 00:28:50,913 [ERROR] LogOutputStream:75 - [STDERR_REDIRECT] WARNING: Could not lock System prefs. Unix error code 5.
2025-11-13 00:28:50,913 [ERROR] LogOutputStream:75 - [STDERR_REDIRECT] 
2025-11-13 00:28:50,913 [ERROR] LogOutputStream:75 - [STDERR_REDIRECT] Nov 13, 2025 12:28:50 AM java.util.prefs.FileSystemPreferences syncWorld
2025-11-13 00:28:50,913 [ERROR] LogOutputStream:75 - [STDERR_REDIRECT] WARNING: Couldn't flush system prefs: java.util.prefs.BackingStoreException: Couldn't get file lock.
2025-11-13 00:28:50,913 [ERROR] LogOutputStream:75 - [STDERR_REDIRECT] 
2025-11-13 00:29:20,913 [ERROR] LogOutputStream:75 - [STDERR_REDIRECT] Nov 13, 2025 12:29:20 AM java.util.prefs.FileSystemPreferences checkLockFile0ErrorCode
2025-11-13 00:29:20,913 [ERROR] LogOutputStream:75 - [STDERR_REDIRECT] WARNING: Could not lock System prefs. Unix error code 5.
2025-11-13 00:29:20,913 [ERROR] LogOutputStream:75 - [STDERR_REDIRECT] 
2025-11-13 00:29:20,913 [ERROR] LogOutputStream:75 - [STDERR_REDIRECT] Nov 13, 2025 12:29:20 AM java.util.prefs.FileSystemPreferences syncWorld
2025-11-13 00:29:20,913 [ERROR] LogOutputStream:75 - [STDERR_REDIRECT] WARNING: Couldn't flush system prefs: java.util.prefs.BackingStoreException: Couldn't get file lock.
2025-11-13 00:29:20,913 [ERROR] LogOutputStream:75 - [STDERR_REDIRECT] 
2025-11-13 00:29:50,913 [ERROR] LogOutputStream:75 - [STDERR_REDIRECT] Nov 13, 2025 12:29:50 AM java.util.prefs.FileSystemPreferences checkLockFile0ErrorCode
2025-11-13 00:29:50,913 [ERROR] LogOutputStream:75 - [STDERR_REDIRECT] WARNING: Could not lock System prefs. Unix error code 5.
2025-11-13 00:29:50,913 [ERROR] LogOutputStream:75 - [STDERR_REDIRECT] 
2025-11-13 00:29:50,913 [ERROR] LogOutputStream:75 - [STDERR_REDIRECT] Nov 13, 2025 12:29:50 AM java.util.prefs.FileSystemPreferences syncWorld
2025-11-13 00:29:50,914 [ERROR] LogOutputStream:75 - [STDERR_REDIRECT] WARNING: Couldn't flush system prefs: java.util.prefs.BackingStoreException: Couldn't get file lock.
2025-11-13 00:29:50,914 [ERROR] LogOutputStream:75 - [STDERR_REDIRECT] 
2025-11-13 00:30:20,912 [ERROR] LogOutputStream:75 - [STDERR_REDIRECT] Nov 13, 2025 12:30:20 AM java.util.prefs.FileSystemPreferences checkLockFile0ErrorCode
2025-11-13 00:30:20,913 [ERROR] LogOutputStream:75 - [STDERR_REDIRECT] WARNING: Could not lock System prefs. Unix error code 5.
2025-11-13 00:30:20,913 [ERROR] LogOutputStream:75 - [STDERR_REDIRECT] 
2025-11-13 00:30:20,913 [ERROR] LogOutputStream:75 - [STDERR_REDIRECT] Nov 13, 2025 12:30:20 AM java.util.prefs.FileSystemPreferences syncWorld
2025-11-13 00:30:20,913 [ERROR] LogOutputStream:75 - [STDERR_REDIRECT] WARNING: Couldn't flush system prefs: java.util.prefs.BackingStoreException: Couldn't get file lock.
2025-11-13 00:30:20,913 [ERROR] LogOutputStream:75 - [STDERR_REDIRECT] 
2025-11-13 00:30:50,913 [ERROR] LogOutputStream:75 - [STDERR_REDIRECT] Nov 13, 2025 12:30:50 AM java.util.prefs.FileSystemPreferences checkLockFile0ErrorCode
2025-11-13 00:30:50,913 [ERROR] LogOutputStream:75 - [STDERR_REDIRECT] WARNING: Could not lock System prefs. Unix error code 5.
2025-11-13 00:30:50,913 [ERROR] LogOutputStream:75 - [STDERR_REDIRECT] 
2025-11-13 00:30:50,913 [ERROR] LogOutputStream:75 - [STDERR_REDIRECT] Nov 13, 2025 12:30:50 AM java.util.prefs.FileSystemPreferences syncWorld
2025-11-13 00:30:50,913 [ERROR] LogOutputStream:75 - [STDERR_REDIRECT] WARNING: Couldn't flush system prefs: java.util.prefs.BackingStoreException: Couldn't get file lock.
2025-11-13 00:30:50,913 [ERROR] LogOutputStream:75 - [STDERR_REDIRECT] 
2025-11-13 00:31:20,913 [ERROR] LogOutputStream:75 - [STDERR_REDIRECT] Nov 13, 2025 12:31:20 AM java.util.prefs.FileSystemPreferences checkLockFile0ErrorCode
2025-11-13 00:31:20,913 [ERROR] LogOutputStream:75 - [STDERR_REDIRECT] WARNING: Could not lock System prefs. Unix error code 5.
2025-11-13 00:31:20,913 [ERROR] LogOutputStream:75 - [STDERR_REDIRECT] 
2025-11-13 00:31:20,913 [ERROR] LogOutputStream:75 - [STDERR_REDIRECT] Nov 13, 2025 12:31:20 AM java.util.prefs.FileSystemPreferences syncWorld
2025-11-13 00:31:20,913 [ERROR] LogOutputStream:75 - [STDERR_REDIRECT] WARNING: Couldn't flush system prefs: java.util.prefs.BackingStoreException: Couldn't get file lock.
2025-11-13 00:31:20,913 [ERROR] LogOutputStream:75 - [STDERR_REDIRECT] 
2025-11-13 00:31:50,914 [ERROR] LogOutputStream:75 - [STDERR_REDIRECT] Nov 13, 2025 12:31:50 AM java.util.prefs.FileSystemPreferences checkLockFile0ErrorCode
2025-11-13 00:31:50,915 [ERROR] LogOutputStream:75 - [STDERR_REDIRECT] WARNING: Could not lock System prefs. Unix error code 5.
2025-11-13 00:31:50,915 [ERROR] LogOutputStream:75 - [STDERR_REDIRECT] 
2025-11-13 00:31:50,915 [ERROR] LogOutputStream:75 - [STDERR_REDIRECT] Nov 13, 2025 12:31:50 AM java.util.prefs.FileSystemPreferences syncWorld
2025-11-13 00:31:50,915 [ERROR] LogOutputStream:75 - [STDERR_REDIRECT] WARNING: Couldn't flush system prefs: java.util.prefs.BackingStoreException: Couldn't get file lock.
2025-11-13 00:31:50,915 [ERROR] LogOutputStream:75 - [STDERR_REDIRECT] 
2025-11-13 00:32:20,914 [ERROR] LogOutputStream:75 - [STDERR_REDIRECT] Nov 13, 2025 12:32:20 AM java.util.prefs.FileSystemPreferences checkLockFile0ErrorCode
2025-11-13 00:32:20,914 [ERROR] LogOutputStream:75 - [STDERR_REDIRECT] WARNING: Could not lock System prefs. Unix error code 5.
2025-11-13 00:32:20,914 [ERROR] LogOutputStream:75 - [STDERR_REDIRECT] 
2025-11-13 00:32:20,914 [ERROR] LogOutputStream:75 - [STDERR_REDIRECT] Nov 13, 2025 12:32:20 AM java.util.prefs.FileSystemPreferences syncWorld
2025-11-13 00:32:20,914 [ERROR] LogOutputStream:75 - [STDERR_REDIRECT] WARNING: Couldn't flush system prefs: java.util.prefs.BackingStoreException: Couldn't get file lock.
2025-11-13 00:32:20,914 [ERROR] LogOutputStream:75 - [STDERR_REDIRECT] 
2025-11-13 00:32:50,914 [ERROR] LogOutputStream:75 - [STDERR_REDIRECT] Nov 13, 2025 12:32:50 AM java.util.prefs.FileSystemPreferences checkLockFile0ErrorCode
2025-11-13 00:32:50,914 [ERROR] LogOutputStream:75 - [STDERR_REDIRECT] WARNING: Could not lock System prefs. Unix error code 5.
2025-11-13 00:32:50,914 [ERROR] LogOutputStream:75 - [STDERR_REDIRECT] 
2025-11-13 00:32:50,914 [ERROR] LogOutputStream:75 - [STDERR_REDIRECT] Nov 13, 2025 12:32:50 AM java.util.prefs.FileSystemPreferences syncWorld
2025-11-13 00:32:50,914 [ERROR] LogOutputStream:75 - [STDERR_REDIRECT] WARNING: Couldn't flush system prefs: java.util.prefs.BackingStoreException: Couldn't get file lock.
2025-11-13 00:32:50,915 [ERROR] LogOutputStream:75 - [STDERR_REDIRECT] 
2025-11-13 00:33:20,914 [ERROR] LogOutputStream:75 - [STDERR_REDIRECT] Nov 13, 2025 12:33:20 AM java.util.prefs.FileSystemPreferences checkLockFile0ErrorCode
2025-11-13 00:33:20,915 [ERROR] LogOutputStream:75 - [STDERR_REDIRECT] WARNING: Could not lock System prefs. Unix error code 5.
2025-11-13 00:33:20,915 [ERROR] LogOutputStream:75 - [STDERR_REDIRECT] 
2025-11-13 00:33:20,915 [ERROR] LogOutputStream:75 - [STDERR_REDIRECT] Nov 13, 2025 12:33:20 AM java.util.prefs.FileSystemPreferences syncWorld
2025-11-13 00:33:20,915 [ERROR] LogOutputStream:75 - [STDERR_REDIRECT] WARNING: Couldn't flush system prefs: java.util.prefs.BackingStoreException: Couldn't get file lock.
2025-11-13 00:33:20,915 [ERROR] LogOutputStream:75 - [STDERR_REDIRECT] 
2025-11-13 00:33:50,914 [ERROR] LogOutputStream:75 - [STDERR_REDIRECT] Nov 13, 2025 12:33:50 AM java.util.prefs.FileSystemPreferences checkLockFile0ErrorCode
2025-11-13 00:33:50,915 [ERROR] LogOutputStream:75 - [STDERR_REDIRECT] WARNING: Could not lock System prefs. Unix error code 5.
2025-11-13 00:33:50,915 [ERROR] LogOutputStream:75 - [STDERR_REDIRECT] 
2025-11-13 00:33:50,915 [ERROR] LogOutputStream:75 - [STDERR_REDIRECT] Nov 13, 2025 12:33:50 AM java.util.prefs.FileSystemPreferences syncWorld
2025-11-13 00:33:50,915 [ERROR] LogOutputStream:75 - [STDERR_REDIRECT] WARNING: Couldn't flush system prefs: java.util.prefs.BackingStoreException: Couldn't get file lock.
2025-11-13 00:33:50,915 [ERROR] LogOutputStream:75 - [STDERR_REDIRECT] 
2025-11-13 00:34:20,914 [ERROR] LogOutputStream:75 - [STDERR_REDIRECT] Nov 13, 2025 12:34:20 AM java.util.prefs.FileSystemPreferences checkLockFile0ErrorCode
2025-11-13 00:34:20,915 [ERROR] LogOutputStream:75 - [STDERR_REDIRECT] WARNING: Could not lock System prefs. Unix error code 5.
2025-11-13 00:34:20,915 [ERROR] LogOutputStream:75 - [STDERR_REDIRECT] 
2025-11-13 00:34:20,915 [ERROR] LogOutputStream:75 - [STDERR_REDIRECT] Nov 13, 2025 12:34:20 AM java.util.prefs.FileSystemPreferences syncWorld
2025-11-13 00:34:20,915 [ERROR] LogOutputStream:75 - [STDERR_REDIRECT] WARNING: Couldn't flush system prefs: java.util.prefs.BackingStoreException: Couldn't get file lock.
2025-11-13 00:34:20,915 [ERROR] LogOutputStream:75 - [STDERR_REDIRECT] 
2025-11-13 00:34:50,914 [ERROR] LogOutputStream:75 - [STDERR_REDIRECT] Nov 13, 2025 12:34:50 AM java.util.prefs.FileSystemPreferences checkLockFile0ErrorCode
2025-11-13 00:34:50,915 [ERROR] LogOutputStream:75 - [STDERR_REDIRECT] WARNING: Could not lock System prefs. Unix error code 5.
2025-11-13 00:34:50,915 [ERROR] LogOutputStream:75 - [STDERR_REDIRECT] 
2025-11-13 00:34:50,915 [ERROR] LogOutputStream:75 - [STDERR_REDIRECT] Nov 13, 2025 12:34:50 AM java.util.prefs.FileSystemPreferences syncWorld
2025-11-13 00:34:50,915 [ERROR] LogOutputStream:75 - [STDERR_REDIRECT] WARNING: Couldn't flush system prefs: java.util.prefs.BackingStoreException: Couldn't get file lock.
2025-11-13 00:34:50,915 [ERROR] LogOutputStream:75 - [STDERR_REDIRECT] 
2025-11-13 00:35:20,915 [ERROR] LogOutputStream:75 - [STDERR_REDIRECT] Nov 13, 2025 12:35:20 AM java.util.prefs.FileSystemPreferences checkLockFile0ErrorCode
2025-11-13 00:35:20,915 [ERROR] LogOutputStream:75 - [STDERR_REDIRECT] WARNING: Could not lock System prefs. Unix error code 5.
2025-11-13 00:35:20,915 [ERROR] LogOutputStream:75 - [STDERR_REDIRECT] 
2025-11-13 00:35:20,915 [ERROR] LogOutputStream:75 - [STDERR_REDIRECT] Nov 13, 2025 12:35:20 AM java.util.prefs.FileSystemPreferences syncWorld
2025-11-13 00:35:20,915 [ERROR] LogOutputStream:75 - [STDERR_REDIRECT] WARNING: Couldn't flush system prefs: java.util.prefs.BackingStoreException: Couldn't get file lock.
2025-11-13 00:35:20,915 [ERROR] LogOutputStream:75 - [STDERR_REDIRECT] 
2025-11-13 00:35:50,915 [ERROR] LogOutputStream:75 - [STDERR_REDIRECT] Nov 13, 2025 12:35:50 AM java.util.prefs.FileSystemPreferences checkLockFile0ErrorCode
2025-11-13 00:35:50,915 [ERROR] LogOutputStream:75 - [STDERR_REDIRECT] WARNING: Could not lock System prefs. Unix error code 5.
2025-11-13 00:35:50,915 [ERROR] LogOutputStream:75 - [STDERR_REDIRECT] 
2025-11-13 00:35:50,915 [ERROR] LogOutputStream:75 - [STDERR_REDIRECT] Nov 13, 2025 12:35:50 AM java.util.prefs.FileSystemPreferences syncWorld
2025-11-13 00:35:50,915 [ERROR] LogOutputStream:75 - [STDERR_REDIRECT] WARNING: Couldn't flush system prefs: java.util.prefs.BackingStoreException: Couldn't get file lock.
2025-11-13 00:35:50,916 [ERROR] LogOutputStream:75 - [STDERR_REDIRECT] 
2025-11-13 00:36:20,915 [ERROR] LogOutputStream:75 - [STDERR_REDIRECT] Nov 13, 2025 12:36:20 AM java.util.prefs.FileSystemPreferences checkLockFile0ErrorCode
2025-11-13 00:36:20,915 [ERROR] LogOutputStream:75 - [STDERR_REDIRECT] WARNING: Could not lock System prefs. Unix error code 5.
2025-11-13 00:36:20,915 [ERROR] LogOutputStream:75 - [STDERR_REDIRECT] 
2025-11-13 00:36:20,915 [ERROR] LogOutputStream:75 - [STDERR_REDIRECT] Nov 13, 2025 12:36:20 AM java.util.prefs.FileSystemPreferences syncWorld
2025-11-13 00:36:20,915 [ERROR] LogOutputStream:75 - [STDERR_REDIRECT] WARNING: Couldn't flush system prefs: java.util.prefs.BackingStoreException: Couldn't get file lock.
2025-11-13 00:36:20,915 [ERROR] LogOutputStream:75 - [STDERR_REDIRECT] 
2025-11-13 00:36:50,915 [ERROR] LogOutputStream:75 - [STDERR_REDIRECT] Nov 13, 2025 12:36:50 AM java.util.prefs.FileSystemPreferences checkLockFile0ErrorCode
2025-11-13 00:36:50,915 [ERROR] LogOutputStream:75 - [STDERR_REDIRECT] WARNING: Could not lock System prefs. Unix error code 5.
2025-11-13 00:36:50,916 [ERROR] LogOutputStream:75 - [STDERR_REDIRECT] 
2025-11-13 00:36:50,916 [ERROR] LogOutputStream:75 - [STDERR_REDIRECT] Nov 13, 2025 12:36:50 AM java.util.prefs.FileSystemPreferences syncWorld
2025-11-13 00:36:50,916 [ERROR] LogOutputStream:75 - [STDERR_REDIRECT] WARNING: Couldn't flush system prefs: java.util.prefs.BackingStoreException: Couldn't get file lock.
2025-11-13 00:36:50,916 [ERROR] LogOutputStream:75 - [STDERR_REDIRECT] 
2025-11-13 00:37:20,914 [ERROR] LogOutputStream:75 - [STDERR_REDIRECT] Nov 13, 2025 12:37:20 AM java.util.prefs.FileSystemPreferences checkLockFile0ErrorCode
2025-11-13 00:37:20,915 [ERROR] LogOutputStream:75 - [STDERR_REDIRECT] WARNING: Could not lock System prefs. Unix error code 5.
2025-11-13 00:37:20,915 [ERROR] LogOutputStream:75 - [STDERR_REDIRECT] 
2025-11-13 00:37:20,915 [ERROR] LogOutputStream:75 - [STDERR_REDIRECT] Nov 13, 2025 12:37:20 AM java.util.prefs.FileSystemPreferences syncWorld
2025-11-13 00:37:20,915 [ERROR] LogOutputStream:75 - [STDERR_REDIRECT] WARNING: Couldn't flush system prefs: java.util.prefs.BackingStoreException: Couldn't get file lock.
2025-11-13 00:37:20,915 [ERROR] LogOutputStream:75 - [STDERR_REDIRECT] 
2025-11-13 00:37:50,914 [ERROR] LogOutputStream:75 - [STDERR_REDIRECT] Nov 13, 2025 12:37:50 AM java.util.prefs.FileSystemPreferences checkLockFile0ErrorCode
2025-11-13 00:37:50,914 [ERROR] LogOutputStream:75 - [STDERR_REDIRECT] WARNING: Could not lock System prefs. Unix error code 5.
2025-11-13 00:37:50,914 [ERROR] LogOutputStream:75 - [STDERR_REDIRECT] 
2025-11-13 00:37:50,915 [ERROR] LogOutputStream:75 - [STDERR_REDIRECT] Nov 13, 2025 12:37:50 AM java.util.prefs.FileSystemPreferences syncWorld
2025-11-13 00:37:50,915 [ERROR] LogOutputStream:75 - [STDERR_REDIRECT] WARNING: Couldn't flush system prefs: java.util.prefs.BackingStoreException: Couldn't get file lock.
2025-11-13 00:37:50,915 [ERROR] LogOutputStream:75 - [STDERR_REDIRECT] 
2025-11-13 00:38:20,914 [ERROR] LogOutputStream:75 - [STDERR_REDIRECT] Nov 13, 2025 12:38:20 AM java.util.prefs.FileSystemPreferences checkLockFile0ErrorCode
2025-11-13 00:38:20,914 [ERROR] LogOutputStream:75 - [STDERR_REDIRECT] WARNING: Could not lock System prefs. Unix error code 5.
2025-11-13 00:38:20,914 [ERROR] LogOutputStream:75 - [STDERR_REDIRECT] 
2025-11-13 00:38:20,915 [ERROR] LogOutputStream:75 - [STDERR_REDIRECT] Nov 13, 2025 12:38:20 AM java.util.prefs.FileSystemPreferences syncWorld
2025-11-13 00:38:20,915 [ERROR] LogOutputStream:75 - [STDERR_REDIRECT] WARNING: Couldn't flush system prefs: java.util.prefs.BackingStoreException: Couldn't get file lock.
2025-11-13 00:38:20,915 [ERROR] LogOutputStream:75 - [STDERR_REDIRECT] 
2025-11-13 00:38:50,914 [ERROR] LogOutputStream:75 - [STDERR_REDIRECT] Nov 13, 2025 12:38:50 AM java.util.prefs.FileSystemPreferences checkLockFile0ErrorCode
2025-11-13 00:38:50,915 [ERROR] LogOutputStream:75 - [STDERR_REDIRECT] WARNING: Could not lock System prefs. Unix error code 5.
2025-11-13 00:38:50,915 [ERROR] LogOutputStream:75 - [STDERR_REDIRECT] 
2025-11-13 00:38:50,916 [ERROR] LogOutputStream:75 - [STDERR_REDIRECT] Nov 13, 2025 12:38:50 AM java.util.prefs.FileSystemPreferences syncWorld
2025-11-13 00:38:50,916 [ERROR] LogOutputStream:75 - [STDERR_REDIRECT] WARNING: Couldn't flush system prefs: java.util.prefs.BackingStoreException: Couldn't get file lock.
2025-11-13 00:38:50,916 [ERROR] LogOutputStream:75 - [STDERR_REDIRECT] 
2025-11-13 00:39:20,914 [ERROR] LogOutputStream:75 - [STDERR_REDIRECT] Nov 13, 2025 12:39:20 AM java.util.prefs.FileSystemPreferences checkLockFile0ErrorCode
2025-11-13 00:39:20,915 [ERROR] LogOutputStream:75 - [STDERR_REDIRECT] WARNING: Could not lock System prefs. Unix error code 5.
2025-11-13 00:39:20,915 [ERROR] LogOutputStream:75 - [STDERR_REDIRECT] 
2025-11-13 00:39:20,915 [ERROR] LogOutputStream:75 - [STDERR_REDIRECT] Nov 13, 2025 12:39:20 AM java.util.prefs.FileSystemPreferences syncWorld
2025-11-13 00:39:20,915 [ERROR] LogOutputStream:75 - [STDERR_REDIRECT] WARNING: Couldn't flush system prefs: java.util.prefs.BackingStoreException: Couldn't get file lock.
2025-11-13 00:39:20,915 [ERROR] LogOutputStream:75 - [STDERR_REDIRECT] 
2025-11-13 00:39:50,914 [ERROR] LogOutputStream:75 - [STDERR_REDIRECT] Nov 13, 2025 12:39:50 AM java.util.prefs.FileSystemPreferences checkLockFile0ErrorCode
2025-11-13 00:39:50,915 [ERROR] LogOutputStream:75 - [STDERR_REDIRECT] WARNING: Could not lock System prefs. Unix error code 5.
2025-11-13 00:39:50,915 [ERROR] LogOutputStream:75 - [STDERR_REDIRECT] 
2025-11-13 00:39:50,915 [ERROR] LogOutputStream:75 - [STDERR_REDIRECT] Nov 13, 2025 12:39:50 AM java.util.prefs.FileSystemPreferences syncWorld
2025-11-13 00:39:50,915 [ERROR] LogOutputStream:75 - [STDERR_REDIRECT] WARNING: Couldn't flush system prefs: java.util.prefs.BackingStoreException: Couldn't get file lock.
2025-11-13 00:39:50,915 [ERROR] LogOutputStream:75 - [STDERR_REDIRECT] 
2025-11-13 00:40:20,915 [ERROR] LogOutputStream:75 - [STDERR_REDIRECT] Nov 13, 2025 12:40:20 AM java.util.prefs.FileSystemPreferences checkLockFile0ErrorCode
2025-11-13 00:40:20,916 [ERROR] LogOutputStream:75 - [STDERR_REDIRECT] WARNING: Could not lock System prefs. Unix error code 5.
2025-11-13 00:40:20,916 [ERROR] LogOutputStream:75 - [STDERR_REDIRECT] 
2025-11-13 00:40:20,916 [ERROR] LogOutputStream:75 - [STDERR_REDIRECT] Nov 13, 2025 12:40:20 AM java.util.prefs.FileSystemPreferences syncWorld
2025-11-13 00:40:20,916 [ERROR] LogOutputStream:75 - [STDERR_REDIRECT] WARNING: Couldn't flush system prefs: java.util.prefs.BackingStoreException: Couldn't get file lock.
2025-11-13 00:40:20,916 [ERROR] LogOutputStream:75 - [STDERR_REDIRECT] 
2025-11-13 00:40:50,915 [ERROR] LogOutputStream:75 - [STDERR_REDIRECT] Nov 13, 2025 12:40:50 AM java.util.prefs.FileSystemPreferences checkLockFile0ErrorCode
2025-11-13 00:40:50,915 [ERROR] LogOutputStream:75 - [STDERR_REDIRECT] WARNING: Could not lock System prefs. Unix error code 5.
2025-11-13 00:40:50,916 [ERROR] LogOutputStream:75 - [STDERR_REDIRECT] 
2025-11-13 00:40:50,916 [ERROR] LogOutputStream:75 - [STDERR_REDIRECT] Nov 13, 2025 12:40:50 AM java.util.prefs.FileSystemPreferences syncWorld
2025-11-13 00:40:50,916 [ERROR] LogOutputStream:75 - [STDERR_REDIRECT] WARNING: Couldn't flush system prefs: java.util.prefs.BackingStoreException: Couldn't get file lock.
2025-11-13 00:40:50,916 [ERROR] LogOutputStream:75 - [STDERR_REDIRECT] 
2025-11-13 00:41:20,915 [ERROR] LogOutputStream:75 - [STDERR_REDIRECT] Nov 13, 2025 12:41:20 AM java.util.prefs.FileSystemPreferences checkLockFile0ErrorCode
2025-11-13 00:41:20,916 [ERROR] LogOutputStream:75 - [STDERR_REDIRECT] WARNING: Could not lock System prefs. Unix error code 5.
2025-11-13 00:41:20,916 [ERROR] LogOutputStream:75 - [STDERR_REDIRECT] 
2025-11-13 00:41:20,916 [ERROR] LogOutputStream:75 - [STDERR_REDIRECT] Nov 13, 2025 12:41:20 AM java.util.prefs.FileSystemPreferences syncWorld
2025-11-13 00:41:20,916 [ERROR] LogOutputStream:75 - [STDERR_REDIRECT] WARNING: Couldn't flush system prefs: java.util.prefs.BackingStoreException: Couldn't get file lock.
2025-11-13 00:41:20,916 [ERROR] LogOutputStream:75 - [STDERR_REDIRECT] 
2025-11-13 00:41:50,915 [ERROR] LogOutputStream:75 - [STDERR_REDIRECT] Nov 13, 2025 12:41:50 AM java.util.prefs.FileSystemPreferences checkLockFile0ErrorCode
2025-11-13 00:41:50,916 [ERROR] LogOutputStream:75 - [STDERR_REDIRECT] WARNING: Could not lock System prefs. Unix error code 5.
2025-11-13 00:41:50,916 [ERROR] LogOutputStream:75 - [STDERR_REDIRECT] 
2025-11-13 00:41:50,916 [ERROR] LogOutputStream:75 - [STDERR_REDIRECT] Nov 13, 2025 12:41:50 AM java.util.prefs.FileSystemPreferences syncWorld
2025-11-13 00:41:50,916 [ERROR] LogOutputStream:75 - [STDERR_REDIRECT] WARNING: Couldn't flush system prefs: java.util.prefs.BackingStoreException: Couldn't get file lock.
2025-11-13 00:41:50,916 [ERROR] LogOutputStream:75 - [STDERR_REDIRECT] 
2025-11-13 00:42:20,916 [ERROR] LogOutputStream:75 - [STDERR_REDIRECT] Nov 13, 2025 12:42:20 AM java.util.prefs.FileSystemPreferences checkLockFile0ErrorCode
2025-11-13 00:42:20,916 [ERROR] LogOutputStream:75 - [STDERR_REDIRECT] WARNING: Could not lock System prefs. Unix error code 5.
2025-11-13 00:42:20,916 [ERROR] LogOutputStream:75 - [STDERR_REDIRECT] 
2025-11-13 00:42:20,916 [ERROR] LogOutputStream:75 - [STDERR_REDIRECT] Nov 13, 2025 12:42:20 AM java.util.prefs.FileSystemPreferences syncWorld
2025-11-13 00:42:20,916 [ERROR] LogOutputStream:75 - [STDERR_REDIRECT] WARNING: Couldn't flush system prefs: java.util.prefs.BackingStoreException: Couldn't get file lock.
2025-11-13 00:42:20,916 [ERROR] LogOutputStream:75 - [STDERR_REDIRECT] 
2025-11-13 00:42:50,916 [ERROR] LogOutputStream:75 - [STDERR_REDIRECT] Nov 13, 2025 12:42:50 AM java.util.prefs.FileSystemPreferences checkLockFile0ErrorCode
2025-11-13 00:42:50,916 [ERROR] LogOutputStream:75 - [STDERR_REDIRECT] WARNING: Could not lock System prefs. Unix error code 5.
2025-11-13 00:42:50,916 [ERROR] LogOutputStream:75 - [STDERR_REDIRECT] 
2025-11-13 00:42:50,916 [ERROR] LogOutputStream:75 - [STDERR_REDIRECT] Nov 13, 2025 12:42:50 AM java.util.prefs.FileSystemPreferences syncWorld
2025-11-13 00:42:50,917 [ERROR] LogOutputStream:75 - [STDERR_REDIRECT] WARNING: Couldn't flush system prefs: java.util.prefs.BackingStoreException: Couldn't get file lock.
2025-11-13 00:42:50,917 [ERROR] LogOutputStream:75 - [STDERR_REDIRECT] 
2025-11-13 00:43:20,917 [ERROR] LogOutputStream:75 - [STDERR_REDIRECT] Nov 13, 2025 12:43:20 AM java.util.prefs.FileSystemPreferences checkLockFile0ErrorCode
2025-11-13 00:43:20,917 [ERROR] LogOutputStream:75 - [STDERR_REDIRECT] WARNING: Could not lock System prefs. Unix error code 5.
2025-11-13 00:43:20,917 [ERROR] LogOutputStream:75 - [STDERR_REDIRECT] 
2025-11-13 00:43:20,918 [ERROR] LogOutputStream:75 - [STDERR_REDIRECT] Nov 13, 2025 12:43:20 AM java.util.prefs.FileSystemPreferences syncWorld
2025-11-13 00:43:20,918 [ERROR] LogOutputStream:75 - [STDERR_REDIRECT] WARNING: Couldn't flush system prefs: java.util.prefs.BackingStoreException: Couldn't get file lock.
2025-11-13 00:43:20,918 [ERROR] LogOutputStream:75 - [STDERR_REDIRECT] 
2025-11-13 00:43:50,917 [ERROR] LogOutputStream:75 - [STDERR_REDIRECT] Nov 13, 2025 12:43:50 AM java.util.prefs.FileSystemPreferences checkLockFile0ErrorCode
2025-11-13 00:43:50,917 [ERROR] LogOutputStream:75 - [STDERR_REDIRECT] WARNING: Could not lock System prefs. Unix error code 5.
2025-11-13 00:43:50,917 [ERROR] LogOutputStream:75 - [STDERR_REDIRECT] 
2025-11-13 00:43:50,918 [ERROR] LogOutputStream:75 - [STDERR_REDIRECT] Nov 13, 2025 12:43:50 AM java.util.prefs.FileSystemPreferences syncWorld
2025-11-13 00:43:50,918 [ERROR] LogOutputStream:75 - [STDERR_REDIRECT] WARNING: Couldn't flush system prefs: java.util.prefs.BackingStoreException: Couldn't get file lock.
2025-11-13 00:43:50,918 [ERROR] LogOutputStream:75 - [STDERR_REDIRECT] 
2025-11-13 00:44:20,918 [ERROR] LogOutputStream:75 - [STDERR_REDIRECT] Nov 13, 2025 12:44:20 AM java.util.prefs.FileSystemPreferences checkLockFile0ErrorCode
2025-11-13 00:44:20,918 [ERROR] LogOutputStream:75 - [STDERR_REDIRECT] WARNING: Could not lock System prefs. Unix error code 5.
2025-11-13 00:44:20,918 [ERROR] LogOutputStream:75 - [STDERR_REDIRECT] 
2025-11-13 00:44:20,919 [ERROR] LogOutputStream:75 - [STDERR_REDIRECT] Nov 13, 2025 12:44:20 AM java.util.prefs.FileSystemPreferences syncWorld
2025-11-13 00:44:20,919 [ERROR] LogOutputStream:75 - [STDERR_REDIRECT] WARNING: Couldn't flush system prefs: java.util.prefs.BackingStoreException: Couldn't get file lock.
2025-11-13 00:44:20,919 [ERROR] LogOutputStream:75 - [STDERR_REDIRECT] 
2025-11-13 00:44:50,917 [ERROR] LogOutputStream:75 - [STDERR_REDIRECT] Nov 13, 2025 12:44:50 AM java.util.prefs.FileSystemPreferences checkLockFile0ErrorCode
2025-11-13 00:44:50,917 [ERROR] LogOutputStream:75 - [STDERR_REDIRECT] WARNING: Could not lock System prefs. Unix error code 5.
2025-11-13 00:44:50,917 [ERROR] LogOutputStream:75 - [STDERR_REDIRECT] 
2025-11-13 00:44:50,917 [ERROR] LogOutputStream:75 - [STDERR_REDIRECT] Nov 13, 2025 12:44:50 AM java.util.prefs.FileSystemPreferences syncWorld
2025-11-13 00:44:50,917 [ERROR] LogOutputStream:75 - [STDERR_REDIRECT] WARNING: Couldn't flush system prefs: java.util.prefs.BackingStoreException: Couldn't get file lock.
2025-11-13 00:44:50,917 [ERROR] LogOutputStream:75 - [STDERR_REDIRECT] 
2025-11-13 00:45:20,917 [ERROR] LogOutputStream:75 - [STDERR_REDIRECT] Nov 13, 2025 12:45:20 AM java.util.prefs.FileSystemPreferences checkLockFile0ErrorCode
2025-11-13 00:45:20,917 [ERROR] LogOutputStream:75 - [STDERR_REDIRECT] WARNING: Could not lock System prefs. Unix error code 5.
2025-11-13 00:45:20,917 [ERROR] LogOutputStream:75 - [STDERR_REDIRECT] 
2025-11-13 00:45:20,917 [ERROR] LogOutputStream:75 - [STDERR_REDIRECT] Nov 13, 2025 12:45:20 AM java.util.prefs.FileSystemPreferences syncWorld
2025-11-13 00:45:20,918 [ERROR] LogOutputStream:75 - [STDERR_REDIRECT] WARNING: Couldn't flush system prefs: java.util.prefs.BackingStoreException: Couldn't get file lock.
2025-11-13 00:45:20,918 [ERROR] LogOutputStream:75 - [STDERR_REDIRECT] 
2025-11-13 00:45:50,918 [ERROR] LogOutputStream:75 - [STDERR_REDIRECT] Nov 13, 2025 12:45:50 AM java.util.prefs.FileSystemPreferences checkLockFile0ErrorCode
2025-11-13 00:45:50,918 [ERROR] LogOutputStream:75 - [STDERR_REDIRECT] WARNING: Could not lock System prefs. Unix error code 5.
2025-11-13 00:45:50,918 [ERROR] LogOutputStream:75 - [STDERR_REDIRECT] 
2025-11-13 00:45:50,918 [ERROR] LogOutputStream:75 - [STDERR_REDIRECT] Nov 13, 2025 12:45:50 AM java.util.prefs.FileSystemPreferences syncWorld
2025-11-13 00:45:50,919 [ERROR] LogOutputStream:75 - [STDERR_REDIRECT] WARNING: Couldn't flush system prefs: java.util.prefs.BackingStoreException: Couldn't get file lock.
2025-11-13 00:45:50,919 [ERROR] LogOutputStream:75 - [STDERR_REDIRECT] 
2025-11-13 00:46:20,917 [ERROR] LogOutputStream:75 - [STDERR_REDIRECT] Nov 13, 2025 12:46:20 AM java.util.prefs.FileSystemPreferences checkLockFile0ErrorCode
2025-11-13 00:46:20,918 [ERROR] LogOutputStream:75 - [STDERR_REDIRECT] WARNING: Could not lock System prefs. Unix error code 5.
2025-11-13 00:46:20,918 [ERROR] LogOutputStream:75 - [STDERR_REDIRECT] 
2025-11-13 00:46:20,918 [ERROR] LogOutputStream:75 - [STDERR_REDIRECT] Nov 13, 2025 12:46:20 AM java.util.prefs.FileSystemPreferences syncWorld
2025-11-13 00:46:20,918 [ERROR] LogOutputStream:75 - [STDERR_REDIRECT] WARNING: Couldn't flush system prefs: java.util.prefs.BackingStoreException: Couldn't get file lock.
2025-11-13 00:46:20,918 [ERROR] LogOutputStream:75 - [STDERR_REDIRECT] 
2025-11-13 00:46:50,918 [ERROR] LogOutputStream:75 - [STDERR_REDIRECT] Nov 13, 2025 12:46:50 AM java.util.prefs.FileSystemPreferences checkLockFile0ErrorCode
2025-11-13 00:46:50,918 [ERROR] LogOutputStream:75 - [STDERR_REDIRECT] WARNING: Could not lock System prefs. Unix error code 5.
2025-11-13 00:46:50,918 [ERROR] LogOutputStream:75 - [STDERR_REDIRECT] 
2025-11-13 00:46:50,918 [ERROR] LogOutputStream:75 - [STDERR_REDIRECT] Nov 13, 2025 12:46:50 AM java.util.prefs.FileSystemPreferences syncWorld
2025-11-13 00:46:50,918 [ERROR] LogOutputStream:75 - [STDERR_REDIRECT] WARNING: Couldn't flush system prefs: java.util.prefs.BackingStoreException: Couldn't get file lock.
2025-11-13 00:46:50,918 [ERROR] LogOutputStream:75 - [STDERR_REDIRECT] 
2025-11-13 00:47:20,918 [ERROR] LogOutputStream:75 - [STDERR_REDIRECT] Nov 13, 2025 12:47:20 AM java.util.prefs.FileSystemPreferences checkLockFile0ErrorCode
2025-11-13 00:47:20,918 [ERROR] LogOutputStream:75 - [STDERR_REDIRECT] WARNING: Could not lock System prefs. Unix error code 5.
2025-11-13 00:47:20,918 [ERROR] LogOutputStream:75 - [STDERR_REDIRECT] 
2025-11-13 00:47:20,918 [ERROR] LogOutputStream:75 - [STDERR_REDIRECT] Nov 13, 2025 12:47:20 AM java.util.prefs.FileSystemPreferences syncWorld
2025-11-13 00:47:20,918 [ERROR] LogOutputStream:75 - [STDERR_REDIRECT] WARNING: Couldn't flush system prefs: java.util.prefs.BackingStoreException: Couldn't get file lock.
2025-11-13 00:47:20,918 [ERROR] LogOutputStream:75 - [STDERR_REDIRECT] 
2025-11-13 00:47:50,918 [ERROR] LogOutputStream:75 - [STDERR_REDIRECT] Nov 13, 2025 12:47:50 AM java.util.prefs.FileSystemPreferences checkLockFile0ErrorCode
2025-11-13 00:47:50,918 [ERROR] LogOutputStream:75 - [STDERR_REDIRECT] WARNING: Could not lock System prefs. Unix error code 5.
2025-11-13 00:47:50,918 [ERROR] LogOutputStream:75 - [STDERR_REDIRECT] 
2025-11-13 00:47:50,918 [ERROR] LogOutputStream:75 - [STDERR_REDIRECT] Nov 13, 2025 12:47:50 AM java.util.prefs.FileSystemPreferences syncWorld
2025-11-13 00:47:50,918 [ERROR] LogOutputStream:75 - [STDERR_REDIRECT] WARNING: Couldn't flush system prefs: java.util.prefs.BackingStoreException: Couldn't get file lock.
2025-11-13 00:47:50,918 [ERROR] LogOutputStream:75 - [STDERR_REDIRECT] 
2025-11-13 00:48:20,920 [ERROR] LogOutputStream:75 - [STDERR_REDIRECT] Nov 13, 2025 12:48:20 AM java.util.prefs.FileSystemPreferences checkLockFile0ErrorCode
2025-11-13 00:48:20,920 [ERROR] LogOutputStream:75 - [STDERR_REDIRECT] WARNING: Could not lock System prefs. Unix error code 5.
2025-11-13 00:48:20,920 [ERROR] LogOutputStream:75 - [STDERR_REDIRECT] 
2025-11-13 00:48:20,920 [ERROR] LogOutputStream:75 - [STDERR_REDIRECT] Nov 13, 2025 12:48:20 AM java.util.prefs.FileSystemPreferences syncWorld
2025-11-13 00:48:20,920 [ERROR] LogOutputStream:75 - [STDERR_REDIRECT] WARNING: Couldn't flush system prefs: java.util.prefs.BackingStoreException: Couldn't get file lock.
2025-11-13 00:48:20,920 [ERROR] LogOutputStream:75 - [STDERR_REDIRECT] 
2025-11-13 00:48:50,919 [ERROR] LogOutputStream:75 - [STDERR_REDIRECT] Nov 13, 2025 12:48:50 AM java.util.prefs.FileSystemPreferences checkLockFile0ErrorCode
2025-11-13 00:48:50,919 [ERROR] LogOutputStream:75 - [STDERR_REDIRECT] WARNING: Could not lock System prefs. Unix error code 5.
2025-11-13 00:48:50,919 [ERROR] LogOutputStream:75 - [STDERR_REDIRECT] 
2025-11-13 00:48:50,919 [ERROR] LogOutputStream:75 - [STDERR_REDIRECT] Nov 13, 2025 12:48:50 AM java.util.prefs.FileSystemPreferences syncWorld
2025-11-13 00:48:50,920 [ERROR] LogOutputStream:75 - [STDERR_REDIRECT] WARNING: Couldn't flush system prefs: java.util.prefs.BackingStoreException: Couldn't get file lock.
2025-11-13 00:48:50,920 [ERROR] LogOutputStream:75 - [STDERR_REDIRECT] 
2025-11-13 00:49:20,918 [ERROR] LogOutputStream:75 - [STDERR_REDIRECT] Nov 13, 2025 12:49:20 AM java.util.prefs.FileSystemPreferences checkLockFile0ErrorCode
2025-11-13 00:49:20,919 [ERROR] LogOutputStream:75 - [STDERR_REDIRECT] WARNING: Could not lock System prefs. Unix error code 5.
2025-11-13 00:49:20,919 [ERROR] LogOutputStream:75 - [STDERR_REDIRECT] 
2025-11-13 00:49:20,919 [ERROR] LogOutputStream:75 - [STDERR_REDIRECT] Nov 13, 2025 12:49:20 AM java.util.prefs.FileSystemPreferences syncWorld
2025-11-13 00:49:20,919 [ERROR] LogOutputStream:75 - [STDERR_REDIRECT] WARNING: Couldn't flush system prefs: java.util.prefs.BackingStoreException: Couldn't get file lock.
2025-11-13 00:49:20,919 [ERROR] LogOutputStream:75 - [STDERR_REDIRECT] 
2025-11-13 00:49:50,919 [ERROR] LogOutputStream:75 - [STDERR_REDIRECT] Nov 13, 2025 12:49:50 AM java.util.prefs.FileSystemPreferences checkLockFile0ErrorCode
2025-11-13 00:49:50,919 [ERROR] LogOutputStream:75 - [STDERR_REDIRECT] WARNING: Could not lock System prefs. Unix error code 5.
2025-11-13 00:49:50,919 [ERROR] LogOutputStream:75 - [STDERR_REDIRECT] 
2025-11-13 00:49:50,919 [ERROR] LogOutputStream:75 - [STDERR_REDIRECT] Nov 13, 2025 12:49:50 AM java.util.prefs.FileSystemPreferences syncWorld
2025-11-13 00:49:50,919 [ERROR] LogOutputStream:75 - [STDERR_REDIRECT] WARNING: Couldn't flush system prefs: java.util.prefs.BackingStoreException: Couldn't get file lock.
2025-11-13 00:49:50,919 [ERROR] LogOutputStream:75 - [STDERR_REDIRECT] 
2025-11-13 00:50:20,919 [ERROR] LogOutputStream:75 - [STDERR_REDIRECT] Nov 13, 2025 12:50:20 AM java.util.prefs.FileSystemPreferences checkLockFile0ErrorCode
2025-11-13 00:50:20,919 [ERROR] LogOutputStream:75 - [STDERR_REDIRECT] WARNING: Could not lock System prefs. Unix error code 5.
2025-11-13 00:50:20,919 [ERROR] LogOutputStream:75 - [STDERR_REDIRECT] 
2025-11-13 00:50:20,919 [ERROR] LogOutputStream:75 - [STDERR_REDIRECT] Nov 13, 2025 12:50:20 AM java.util.prefs.FileSystemPreferences syncWorld
2025-11-13 00:50:20,919 [ERROR] LogOutputStream:75 - [STDERR_REDIRECT] WARNING: Couldn't flush system prefs: java.util.prefs.BackingStoreException: Couldn't get file lock.
2025-11-13 00:50:20,919 [ERROR] LogOutputStream:75 - [STDERR_REDIRECT] 
2025-11-13 00:50:50,920 [ERROR] LogOutputStream:75 - [STDERR_REDIRECT] Nov 13, 2025 12:50:50 AM java.util.prefs.FileSystemPreferences checkLockFile0ErrorCode
2025-11-13 00:50:50,921 [ERROR] LogOutputStream:75 - [STDERR_REDIRECT] WARNING: Could not lock System prefs. Unix error code 5.
2025-11-13 00:50:50,921 [ERROR] LogOutputStream:75 - [STDERR_REDIRECT] 
2025-11-13 00:50:50,921 [ERROR] LogOutputStream:75 - [STDERR_REDIRECT] Nov 13, 2025 12:50:50 AM java.util.prefs.FileSystemPreferences syncWorld
2025-11-13 00:50:50,921 [ERROR] LogOutputStream:75 - [STDERR_REDIRECT] WARNING: Couldn't flush system prefs: java.util.prefs.BackingStoreException: Couldn't get file lock.
2025-11-13 00:50:50,921 [ERROR] LogOutputStream:75 - [STDERR_REDIRECT] 
2025-11-13 00:51:20,919 [ERROR] LogOutputStream:75 - [STDERR_REDIRECT] Nov 13, 2025 12:51:20 AM java.util.prefs.FileSystemPreferences checkLockFile0ErrorCode
2025-11-13 00:51:20,920 [ERROR] LogOutputStream:75 - [STDERR_REDIRECT] WARNING: Could not lock System prefs. Unix error code 5.
2025-11-13 00:51:20,920 [ERROR] LogOutputStream:75 - [STDERR_REDIRECT] 
2025-11-13 00:51:20,920 [ERROR] LogOutputStream:75 - [STDERR_REDIRECT] Nov 13, 2025 12:51:20 AM java.util.prefs.FileSystemPreferences syncWorld
2025-11-13 00:51:20,920 [ERROR] LogOutputStream:75 - [STDERR_REDIRECT] WARNING: Couldn't flush system prefs: java.util.prefs.BackingStoreException: Couldn't get file lock.
2025-11-13 00:51:20,920 [ERROR] LogOutputStream:75 - [STDERR_REDIRECT] 
2025-11-13 00:51:50,920 [ERROR] LogOutputStream:75 - [STDERR_REDIRECT] Nov 13, 2025 12:51:50 AM java.util.prefs.FileSystemPreferences checkLockFile0ErrorCode
2025-11-13 00:51:50,920 [ERROR] LogOutputStream:75 - [STDERR_REDIRECT] WARNING: Could not lock System prefs. Unix error code 5.
2025-11-13 00:51:50,920 [ERROR] LogOutputStream:75 - [STDERR_REDIRECT] 
2025-11-13 00:51:50,920 [ERROR] LogOutputStream:75 - [STDERR_REDIRECT] Nov 13, 2025 12:51:50 AM java.util.prefs.FileSystemPreferences syncWorld
2025-11-13 00:51:50,920 [ERROR] LogOutputStream:75 - [STDERR_REDIRECT] WARNING: Couldn't flush system prefs: java.util.prefs.BackingStoreException: Couldn't get file lock.
2025-11-13 00:51:50,920 [ERROR] LogOutputStream:75 - [STDERR_REDIRECT] 
2025-11-13 00:52:20,919 [ERROR] LogOutputStream:75 - [STDERR_REDIRECT] Nov 13, 2025 12:52:20 AM java.util.prefs.FileSystemPreferences checkLockFile0ErrorCode
2025-11-13 00:52:20,920 [ERROR] LogOutputStream:75 - [STDERR_REDIRECT] WARNING: Could not lock System prefs. Unix error code 5.
2025-11-13 00:52:20,920 [ERROR] LogOutputStream:75 - [STDERR_REDIRECT] 
2025-11-13 00:52:20,920 [ERROR] LogOutputStream:75 - [STDERR_REDIRECT] Nov 13, 2025 12:52:20 AM java.util.prefs.FileSystemPreferences syncWorld
2025-11-13 00:52:20,920 [ERROR] LogOutputStream:75 - [STDERR_REDIRECT] WARNING: Couldn't flush system prefs: java.util.prefs.BackingStoreException: Couldn't get file lock.
2025-11-13 00:52:20,920 [ERROR] LogOutputStream:75 - [STDERR_REDIRECT] 
2025-11-13 00:52:50,920 [ERROR] LogOutputStream:75 - [STDERR_REDIRECT] Nov 13, 2025 12:52:50 AM java.util.prefs.FileSystemPreferences checkLockFile0ErrorCode
2025-11-13 00:52:50,920 [ERROR] LogOutputStream:75 - [STDERR_REDIRECT] WARNING: Could not lock System prefs. Unix error code 5.
2025-11-13 00:52:50,920 [ERROR] LogOutputStream:75 - [STDERR_REDIRECT] 
2025-11-13 00:52:50,921 [ERROR] LogOutputStream:75 - [STDERR_REDIRECT] Nov 13, 2025 12:52:50 AM java.util.prefs.FileSystemPreferences syncWorld
2025-11-13 00:52:50,921 [ERROR] LogOutputStream:75 - [STDERR_REDIRECT] WARNING: Couldn't flush system prefs: java.util.prefs.BackingStoreException: Couldn't get file lock.
2025-11-13 00:52:50,921 [ERROR] LogOutputStream:75 - [STDERR_REDIRECT] 
2025-11-13 00:53:20,920 [ERROR] LogOutputStream:75 - [STDERR_REDIRECT] Nov 13, 2025 12:53:20 AM java.util.prefs.FileSystemPreferences checkLockFile0ErrorCode
2025-11-13 00:53:20,920 [ERROR] LogOutputStream:75 - [STDERR_REDIRECT] WARNING: Could not lock System prefs. Unix error code 5.
2025-11-13 00:53:20,920 [ERROR] LogOutputStream:75 - [STDERR_REDIRECT] 
2025-11-13 00:53:20,920 [ERROR] LogOutputStream:75 - [STDERR_REDIRECT] Nov 13, 2025 12:53:20 AM java.util.prefs.FileSystemPreferences syncWorld
2025-11-13 00:53:20,920 [ERROR] LogOutputStream:75 - [STDERR_REDIRECT] WARNING: Couldn't flush system prefs: java.util.prefs.BackingStoreException: Couldn't get file lock.
2025-11-13 00:53:20,920 [ERROR] LogOutputStream:75 - [STDERR_REDIRECT] 
2025-11-13 00:53:50,920 [ERROR] LogOutputStream:75 - [STDERR_REDIRECT] Nov 13, 2025 12:53:50 AM java.util.prefs.FileSystemPreferences checkLockFile0ErrorCode
2025-11-13 00:53:50,920 [ERROR] LogOutputStream:75 - [STDERR_REDIRECT] WARNING: Could not lock System prefs. Unix error code 5.
2025-11-13 00:53:50,920 [ERROR] LogOutputStream:75 - [STDERR_REDIRECT] 
2025-11-13 00:53:50,920 [ERROR] LogOutputStream:75 - [STDERR_REDIRECT] Nov 13, 2025 12:53:50 AM java.util.prefs.FileSystemPreferences syncWorld
2025-11-13 00:53:50,920 [ERROR] LogOutputStream:75 - [STDERR_REDIRECT] WARNING: Couldn't flush system prefs: java.util.prefs.BackingStoreException: Couldn't get file lock.
2025-11-13 00:53:50,921 [ERROR] LogOutputStream:75 - [STDERR_REDIRECT] 
2025-11-13 00:54:20,920 [ERROR] LogOutputStream:75 - [STDERR_REDIRECT] Nov 13, 2025 12:54:20 AM java.util.prefs.FileSystemPreferences checkLockFile0ErrorCode
2025-11-13 00:54:20,920 [ERROR] LogOutputStream:75 - [STDERR_REDIRECT] WARNING: Could not lock System prefs. Unix error code 5.
2025-11-13 00:54:20,920 [ERROR] LogOutputStream:75 - [STDERR_REDIRECT] 
2025-11-13 00:54:20,920 [ERROR] LogOutputStream:75 - [STDERR_REDIRECT] Nov 13, 2025 12:54:20 AM java.util.prefs.FileSystemPreferences syncWorld
2025-11-13 00:54:20,920 [ERROR] LogOutputStream:75 - [STDERR_REDIRECT] WARNING: Couldn't flush system prefs: java.util.prefs.BackingStoreException: Couldn't get file lock.
2025-11-13 00:54:20,920 [ERROR] LogOutputStream:75 - [STDERR_REDIRECT] 
2025-11-13 00:54:50,921 [ERROR] LogOutputStream:75 - [STDERR_REDIRECT] Nov 13, 2025 12:54:50 AM java.util.prefs.FileSystemPreferences checkLockFile0ErrorCode
2025-11-13 00:54:50,921 [ERROR] LogOutputStream:75 - [STDERR_REDIRECT] WARNING: Could not lock System prefs. Unix error code 5.
2025-11-13 00:54:50,921 [ERROR] LogOutputStream:75 - [STDERR_REDIRECT] 
2025-11-13 00:54:50,921 [ERROR] LogOutputStream:75 - [STDERR_REDIRECT] Nov 13, 2025 12:54:50 AM java.util.prefs.FileSystemPreferences syncWorld
2025-11-13 00:54:50,922 [ERROR] LogOutputStream:75 - [STDERR_REDIRECT] WARNING: Couldn't flush system prefs: java.util.prefs.BackingStoreException: Couldn't get file lock.
2025-11-13 00:54:50,922 [ERROR] LogOutputStream:75 - [STDERR_REDIRECT] 
2025-11-13 00:55:20,921 [ERROR] LogOutputStream:75 - [STDERR_REDIRECT] Nov 13, 2025 12:55:20 AM java.util.prefs.FileSystemPreferences checkLockFile0ErrorCode
2025-11-13 00:55:20,922 [ERROR] LogOutputStream:75 - [STDERR_REDIRECT] WARNING: Could not lock System prefs. Unix error code 5.
2025-11-13 00:55:20,922 [ERROR] LogOutputStream:75 - [STDERR_REDIRECT] 
2025-11-13 00:55:20,922 [ERROR] LogOutputStream:75 - [STDERR_REDIRECT] Nov 13, 2025 12:55:20 AM java.util.prefs.FileSystemPreferences syncWorld
2025-11-13 00:55:20,922 [ERROR] LogOutputStream:75 - [STDERR_REDIRECT] WARNING: Couldn't flush system prefs: java.util.prefs.BackingStoreException: Couldn't get file lock.
2025-11-13 00:55:20,922 [ERROR] LogOutputStream:75 - [STDERR_REDIRECT] 
2025-11-13 00:55:50,922 [ERROR] LogOutputStream:75 - [STDERR_REDIRECT] Nov 13, 2025 12:55:50 AM java.util.prefs.FileSystemPreferences checkLockFile0ErrorCode
2025-11-13 00:55:50,922 [ERROR] LogOutputStream:75 - [STDERR_REDIRECT] WARNING: Could not lock System prefs. Unix error code 5.
2025-11-13 00:55:50,922 [ERROR] LogOutputStream:75 - [STDERR_REDIRECT] 
2025-11-13 00:55:50,922 [ERROR] LogOutputStream:75 - [STDERR_REDIRECT] Nov 13, 2025 12:55:50 AM java.util.prefs.FileSystemPreferences syncWorld
2025-11-13 00:55:50,922 [ERROR] LogOutputStream:75 - [STDERR_REDIRECT] WARNING: Couldn't flush system prefs: java.util.prefs.BackingStoreException: Couldn't get file lock.
2025-11-13 00:55:50,922 [ERROR] LogOutputStream:75 - [STDERR_REDIRECT] 
2025-11-13 00:56:20,922 [ERROR] LogOutputStream:75 - [STDERR_REDIRECT] Nov 13, 2025 12:56:20 AM java.util.prefs.FileSystemPreferences checkLockFile0ErrorCode
2025-11-13 00:56:20,922 [ERROR] LogOutputStream:75 - [STDERR_REDIRECT] WARNING: Could not lock System prefs. Unix error code 5.
2025-11-13 00:56:20,922 [ERROR] LogOutputStream:75 - [STDERR_REDIRECT] 
2025-11-13 00:56:20,922 [ERROR] LogOutputStream:75 - [STDERR_REDIRECT] Nov 13, 2025 12:56:20 AM java.util.prefs.FileSystemPreferences syncWorld
2025-11-13 00:56:20,922 [ERROR] LogOutputStream:75 - [STDERR_REDIRECT] WARNING: Couldn't flush system prefs: java.util.prefs.BackingStoreException: Couldn't get file lock.
2025-11-13 00:56:20,922 [ERROR] LogOutputStream:75 - [STDERR_REDIRECT] 
2025-11-13 00:56:50,922 [ERROR] LogOutputStream:75 - [STDERR_REDIRECT] Nov 13, 2025 12:56:50 AM java.util.prefs.FileSystemPreferences checkLockFile0ErrorCode
2025-11-13 00:56:50,923 [ERROR] LogOutputStream:75 - [STDERR_REDIRECT] WARNING: Could not lock System prefs. Unix error code 5.
2025-11-13 00:56:50,923 [ERROR] LogOutputStream:75 - [STDERR_REDIRECT] 
2025-11-13 00:56:50,923 [ERROR] LogOutputStream:75 - [STDERR_REDIRECT] Nov 13, 2025 12:56:50 AM java.util.prefs.FileSystemPreferences syncWorld
2025-11-13 00:56:50,923 [ERROR] LogOutputStream:75 - [STDERR_REDIRECT] WARNING: Couldn't flush system prefs: java.util.prefs.BackingStoreException: Couldn't get file lock.
2025-11-13 00:56:50,923 [ERROR] LogOutputStream:75 - [STDERR_REDIRECT] 
2025-11-13 00:57:20,923 [ERROR] LogOutputStream:75 - [STDERR_REDIRECT] Nov 13, 2025 12:57:20 AM java.util.prefs.FileSystemPreferences checkLockFile0ErrorCode
2025-11-13 00:57:20,923 [ERROR] LogOutputStream:75 - [STDERR_REDIRECT] WARNING: Could not lock System prefs. Unix error code 5.
2025-11-13 00:57:20,923 [ERROR] LogOutputStream:75 - [STDERR_REDIRECT] 
2025-11-13 00:57:20,924 [ERROR] LogOutputStream:75 - [STDERR_REDIRECT] Nov 13, 2025 12:57:20 AM java.util.prefs.FileSystemPreferences syncWorld
2025-11-13 00:57:20,924 [ERROR] LogOutputStream:75 - [STDERR_REDIRECT] WARNING: Couldn't flush system prefs: java.util.prefs.BackingStoreException: Couldn't get file lock.
2025-11-13 00:57:20,924 [ERROR] LogOutputStream:75 - [STDERR_REDIRECT] 
2025-11-13 00:57:50,923 [ERROR] LogOutputStream:75 - [STDERR_REDIRECT] Nov 13, 2025 12:57:50 AM java.util.prefs.FileSystemPreferences checkLockFile0ErrorCode
2025-11-13 00:57:50,923 [ERROR] LogOutputStream:75 - [STDERR_REDIRECT] WARNING: Could not lock System prefs. Unix error code 5.
2025-11-13 00:57:50,923 [ERROR] LogOutputStream:75 - [STDERR_REDIRECT] 
2025-11-13 00:57:50,923 [ERROR] LogOutputStream:75 - [STDERR_REDIRECT] Nov 13, 2025 12:57:50 AM java.util.prefs.FileSystemPreferences syncWorld
2025-11-13 00:57:50,923 [ERROR] LogOutputStream:75 - [STDERR_REDIRECT] WARNING: Couldn't flush system prefs: java.util.prefs.BackingStoreException: Couldn't get file lock.
2025-11-13 00:57:50,923 [ERROR] LogOutputStream:75 - [STDERR_REDIRECT] 
2025-11-13 00:58:20,924 [ERROR] LogOutputStream:75 - [STDERR_REDIRECT] Nov 13, 2025 12:58:20 AM java.util.prefs.FileSystemPreferences checkLockFile0ErrorCode
2025-11-13 00:58:20,925 [ERROR] LogOutputStream:75 - [STDERR_REDIRECT] WARNING: Could not lock System prefs. Unix error code 5.
2025-11-13 00:58:20,925 [ERROR] LogOutputStream:75 - [STDERR_REDIRECT] 
2025-11-13 00:58:20,925 [ERROR] LogOutputStream:75 - [STDERR_REDIRECT] Nov 13, 2025 12:58:20 AM java.util.prefs.FileSystemPreferences syncWorld
2025-11-13 00:58:20,925 [ERROR] LogOutputStream:75 - [STDERR_REDIRECT] WARNING: Couldn't flush system prefs: java.util.prefs.BackingStoreException: Couldn't get file lock.
2025-11-13 00:58:20,925 [ERROR] LogOutputStream:75 - [STDERR_REDIRECT] 
2025-11-13 00:58:50,925 [ERROR] LogOutputStream:75 - [STDERR_REDIRECT] Nov 13, 2025 12:58:50 AM java.util.prefs.FileSystemPreferences checkLockFile0ErrorCode
2025-11-13 00:58:50,925 [ERROR] LogOutputStream:75 - [STDERR_REDIRECT] WARNING: Could not lock System prefs. Unix error code 5.
2025-11-13 00:58:50,925 [ERROR] LogOutputStream:75 - [STDERR_REDIRECT] 
2025-11-13 00:58:50,925 [ERROR] LogOutputStream:75 - [STDERR_REDIRECT] Nov 13, 2025 12:58:50 AM java.util.prefs.FileSystemPreferences syncWorld
2025-11-13 00:58:50,925 [ERROR] LogOutputStream:75 - [STDERR_REDIRECT] WARNING: Couldn't flush system prefs: java.util.prefs.BackingStoreException: Couldn't get file lock.
2025-11-13 00:58:50,925 [ERROR] LogOutputStream:75 - [STDERR_REDIRECT] 
2025-11-13 00:59:20,925 [ERROR] LogOutputStream:75 - [STDERR_REDIRECT] Nov 13, 2025 12:59:20 AM java.util.prefs.FileSystemPreferences checkLockFile0ErrorCode
2025-11-13 00:59:20,925 [ERROR] LogOutputStream:75 - [STDERR_REDIRECT] WARNING: Could not lock System prefs. Unix error code 5.
2025-11-13 00:59:20,925 [ERROR] LogOutputStream:75 - [STDERR_REDIRECT] 
2025-11-13 00:59:20,925 [ERROR] LogOutputStream:75 - [STDERR_REDIRECT] Nov 13, 2025 12:59:20 AM java.util.prefs.FileSystemPreferences syncWorld
2025-11-13 00:59:20,925 [ERROR] LogOutputStream:75 - [STDERR_REDIRECT] WARNING: Couldn't flush system prefs: java.util.prefs.BackingStoreException: Couldn't get file lock.
2025-11-13 00:59:20,925 [ERROR] LogOutputStream:75 - [STDERR_REDIRECT] 
