2026-01-16 00:00:28,292 [ERROR] LogOutputStream:75 - [STDERR_REDIRECT] Jan 16, 2026 12:00:28 AM java.util.prefs.FileSystemPreferences checkLockFile0ErrorCode
2026-01-16 00:00:28,293 [ERROR] LogOutputStream:75 - [STDERR_REDIRECT] WARNING: Could not lock System prefs. Unix error code 5.
2026-01-16 00:00:28,293 [ERROR] LogOutputStream:75 - [STDERR_REDIRECT] 
2026-01-16 00:00:28,293 [ERROR] LogOutputStream:75 - [STDERR_REDIRECT] Jan 16, 2026 12:00:28 AM java.util.prefs.FileSystemPreferences syncWorld
2026-01-16 00:00:28,294 [ERROR] LogOutputStream:75 - [STDERR_REDIRECT] WARNING: Couldn't flush system prefs: java.util.prefs.BackingStoreException: Couldn't get file lock.
2026-01-16 00:00:28,294 [ERROR] LogOutputStream:75 - [STDERR_REDIRECT] 
2026-01-16 00:00:58,292 [ERROR] LogOutputStream:75 - [STDERR_REDIRECT] Jan 16, 2026 12:00:58 AM java.util.prefs.FileSystemPreferences checkLockFile0ErrorCode
2026-01-16 00:00:58,292 [ERROR] LogOutputStream:75 - [STDERR_REDIRECT] WARNING: Could not lock System prefs. Unix error code 5.
2026-01-16 00:00:58,292 [ERROR] LogOutputStream:75 - [STDERR_REDIRECT] 
2026-01-16 00:00:58,292 [ERROR] LogOutputStream:75 - [STDERR_REDIRECT] Jan 16, 2026 12:00:58 AM java.util.prefs.FileSystemPreferences syncWorld
2026-01-16 00:00:58,292 [ERROR] LogOutputStream:75 - [STDERR_REDIRECT] WARNING: Couldn't flush system prefs: java.util.prefs.BackingStoreException: Couldn't get file lock.
2026-01-16 00:00:58,292 [ERROR] LogOutputStream:75 - [STDERR_REDIRECT] 
2026-01-16 00:01:28,293 [ERROR] LogOutputStream:75 - [STDERR_REDIRECT] Jan 16, 2026 12:01:28 AM java.util.prefs.FileSystemPreferences checkLockFile0ErrorCode
2026-01-16 00:01:28,293 [ERROR] LogOutputStream:75 - [STDERR_REDIRECT] WARNING: Could not lock System prefs. Unix error code 5.
2026-01-16 00:01:28,293 [ERROR] LogOutputStream:75 - [STDERR_REDIRECT] 
2026-01-16 00:01:28,293 [ERROR] LogOutputStream:75 - [STDERR_REDIRECT] Jan 16, 2026 12:01:28 AM java.util.prefs.FileSystemPreferences syncWorld
2026-01-16 00:01:28,293 [ERROR] LogOutputStream:75 - [STDERR_REDIRECT] WARNING: Couldn't flush system prefs: java.util.prefs.BackingStoreException: Couldn't get file lock.
2026-01-16 00:01:28,293 [ERROR] LogOutputStream:75 - [STDERR_REDIRECT] 
2026-01-16 00:01:58,294 [ERROR] LogOutputStream:75 - [STDERR_REDIRECT] Jan 16, 2026 12:01:58 AM java.util.prefs.FileSystemPreferences checkLockFile0ErrorCode
2026-01-16 00:01:58,294 [ERROR] LogOutputStream:75 - [STDERR_REDIRECT] WARNING: Could not lock System prefs. Unix error code 5.
2026-01-16 00:01:58,294 [ERROR] LogOutputStream:75 - [STDERR_REDIRECT] 
2026-01-16 00:01:58,294 [ERROR] LogOutputStream:75 - [STDERR_REDIRECT] Jan 16, 2026 12:01:58 AM java.util.prefs.FileSystemPreferences syncWorld
2026-01-16 00:01:58,295 [ERROR] LogOutputStream:75 - [STDERR_REDIRECT] WARNING: Couldn't flush system prefs: java.util.prefs.BackingStoreException: Couldn't get file lock.
2026-01-16 00:01:58,295 [ERROR] LogOutputStream:75 - [STDERR_REDIRECT] 
2026-01-16 00:02:28,294 [ERROR] LogOutputStream:75 - [STDERR_REDIRECT] Jan 16, 2026 12:02:28 AM java.util.prefs.FileSystemPreferences checkLockFile0ErrorCode
2026-01-16 00:02:28,294 [ERROR] LogOutputStream:75 - [STDERR_REDIRECT] WARNING: Could not lock System prefs. Unix error code 5.
2026-01-16 00:02:28,294 [ERROR] LogOutputStream:75 - [STDERR_REDIRECT] 
2026-01-16 00:02:28,294 [ERROR] LogOutputStream:75 - [STDERR_REDIRECT] Jan 16, 2026 12:02:28 AM java.util.prefs.FileSystemPreferences syncWorld
2026-01-16 00:02:28,294 [ERROR] LogOutputStream:75 - [STDERR_REDIRECT] WARNING: Couldn't flush system prefs: java.util.prefs.BackingStoreException: Couldn't get file lock.
2026-01-16 00:02:28,294 [ERROR] LogOutputStream:75 - [STDERR_REDIRECT] 
2026-01-16 00:02:58,295 [ERROR] LogOutputStream:75 - [STDERR_REDIRECT] Jan 16, 2026 12:02:58 AM java.util.prefs.FileSystemPreferences checkLockFile0ErrorCode
2026-01-16 00:02:58,295 [ERROR] LogOutputStream:75 - [STDERR_REDIRECT] WARNING: Could not lock System prefs. Unix error code 5.
2026-01-16 00:02:58,295 [ERROR] LogOutputStream:75 - [STDERR_REDIRECT] 
2026-01-16 00:02:58,295 [ERROR] LogOutputStream:75 - [STDERR_REDIRECT] Jan 16, 2026 12:02:58 AM java.util.prefs.FileSystemPreferences syncWorld
2026-01-16 00:02:58,295 [ERROR] LogOutputStream:75 - [STDERR_REDIRECT] WARNING: Couldn't flush system prefs: java.util.prefs.BackingStoreException: Couldn't get file lock.
2026-01-16 00:02:58,295 [ERROR] LogOutputStream:75 - [STDERR_REDIRECT] 
2026-01-16 00:03:28,296 [ERROR] LogOutputStream:75 - [STDERR_REDIRECT] Jan 16, 2026 12:03:28 AM java.util.prefs.FileSystemPreferences checkLockFile0ErrorCode
2026-01-16 00:03:28,296 [ERROR] LogOutputStream:75 - [STDERR_REDIRECT] WARNING: Could not lock System prefs. Unix error code 5.
2026-01-16 00:03:28,296 [ERROR] LogOutputStream:75 - [STDERR_REDIRECT] 
2026-01-16 00:03:28,296 [ERROR] LogOutputStream:75 - [STDERR_REDIRECT] Jan 16, 2026 12:03:28 AM java.util.prefs.FileSystemPreferences syncWorld
2026-01-16 00:03:28,297 [ERROR] LogOutputStream:75 - [STDERR_REDIRECT] WARNING: Couldn't flush system prefs: java.util.prefs.BackingStoreException: Couldn't get file lock.
2026-01-16 00:03:28,297 [ERROR] LogOutputStream:75 - [STDERR_REDIRECT] 
2026-01-16 00:03:58,296 [ERROR] LogOutputStream:75 - [STDERR_REDIRECT] Jan 16, 2026 12:03:58 AM java.util.prefs.FileSystemPreferences checkLockFile0ErrorCode
2026-01-16 00:03:58,296 [ERROR] LogOutputStream:75 - [STDERR_REDIRECT] WARNING: Could not lock System prefs. Unix error code 5.
2026-01-16 00:03:58,296 [ERROR] LogOutputStream:75 - [STDERR_REDIRECT] 
2026-01-16 00:03:58,296 [ERROR] LogOutputStream:75 - [STDERR_REDIRECT] Jan 16, 2026 12:03:58 AM java.util.prefs.FileSystemPreferences syncWorld
2026-01-16 00:03:58,296 [ERROR] LogOutputStream:75 - [STDERR_REDIRECT] WARNING: Couldn't flush system prefs: java.util.prefs.BackingStoreException: Couldn't get file lock.
2026-01-16 00:03:58,296 [ERROR] LogOutputStream:75 - [STDERR_REDIRECT] 
2026-01-16 00:04:28,297 [ERROR] LogOutputStream:75 - [STDERR_REDIRECT] Jan 16, 2026 12:04:28 AM java.util.prefs.FileSystemPreferences checkLockFile0ErrorCode
2026-01-16 00:04:28,297 [ERROR] LogOutputStream:75 - [STDERR_REDIRECT] WARNING: Could not lock System prefs. Unix error code 5.
2026-01-16 00:04:28,297 [ERROR] LogOutputStream:75 - [STDERR_REDIRECT] 
2026-01-16 00:04:28,297 [ERROR] LogOutputStream:75 - [STDERR_REDIRECT] Jan 16, 2026 12:04:28 AM java.util.prefs.FileSystemPreferences syncWorld
2026-01-16 00:04:28,297 [ERROR] LogOutputStream:75 - [STDERR_REDIRECT] WARNING: Couldn't flush system prefs: java.util.prefs.BackingStoreException: Couldn't get file lock.
2026-01-16 00:04:28,298 [ERROR] LogOutputStream:75 - [STDERR_REDIRECT] 
2026-01-16 00:04:58,297 [ERROR] LogOutputStream:75 - [STDERR_REDIRECT] Jan 16, 2026 12:04:58 AM java.util.prefs.FileSystemPreferences checkLockFile0ErrorCode
2026-01-16 00:04:58,297 [ERROR] LogOutputStream:75 - [STDERR_REDIRECT] WARNING: Could not lock System prefs. Unix error code 5.
2026-01-16 00:04:58,297 [ERROR] LogOutputStream:75 - [STDERR_REDIRECT] 
2026-01-16 00:04:58,297 [ERROR] LogOutputStream:75 - [STDERR_REDIRECT] Jan 16, 2026 12:04:58 AM java.util.prefs.FileSystemPreferences syncWorld
2026-01-16 00:04:58,297 [ERROR] LogOutputStream:75 - [STDERR_REDIRECT] WARNING: Couldn't flush system prefs: java.util.prefs.BackingStoreException: Couldn't get file lock.
2026-01-16 00:04:58,297 [ERROR] LogOutputStream:75 - [STDERR_REDIRECT] 
2026-01-16 00:05:28,299 [ERROR] LogOutputStream:75 - [STDERR_REDIRECT] Jan 16, 2026 12:05:28 AM java.util.prefs.FileSystemPreferences checkLockFile0ErrorCode
2026-01-16 00:05:28,299 [ERROR] LogOutputStream:75 - [STDERR_REDIRECT] WARNING: Could not lock System prefs. Unix error code 5.
2026-01-16 00:05:28,299 [ERROR] LogOutputStream:75 - [STDERR_REDIRECT] 
2026-01-16 00:05:28,299 [ERROR] LogOutputStream:75 - [STDERR_REDIRECT] Jan 16, 2026 12:05:28 AM java.util.prefs.FileSystemPreferences syncWorld
2026-01-16 00:05:28,299 [ERROR] LogOutputStream:75 - [STDERR_REDIRECT] WARNING: Couldn't flush system prefs: java.util.prefs.BackingStoreException: Couldn't get file lock.
2026-01-16 00:05:28,299 [ERROR] LogOutputStream:75 - [STDERR_REDIRECT] 
2026-01-16 00:05:58,300 [ERROR] LogOutputStream:75 - [STDERR_REDIRECT] Jan 16, 2026 12:05:58 AM java.util.prefs.FileSystemPreferences checkLockFile0ErrorCode
2026-01-16 00:05:58,300 [ERROR] LogOutputStream:75 - [STDERR_REDIRECT] WARNING: Could not lock System prefs. Unix error code 5.
2026-01-16 00:05:58,300 [ERROR] LogOutputStream:75 - [STDERR_REDIRECT] 
2026-01-16 00:05:58,300 [ERROR] LogOutputStream:75 - [STDERR_REDIRECT] Jan 16, 2026 12:05:58 AM java.util.prefs.FileSystemPreferences syncWorld
2026-01-16 00:05:58,300 [ERROR] LogOutputStream:75 - [STDERR_REDIRECT] WARNING: Couldn't flush system prefs: java.util.prefs.BackingStoreException: Couldn't get file lock.
2026-01-16 00:05:58,300 [ERROR] LogOutputStream:75 - [STDERR_REDIRECT] 
2026-01-16 00:06:28,300 [ERROR] LogOutputStream:75 - [STDERR_REDIRECT] Jan 16, 2026 12:06:28 AM java.util.prefs.FileSystemPreferences checkLockFile0ErrorCode
2026-01-16 00:06:28,301 [ERROR] LogOutputStream:75 - [STDERR_REDIRECT] WARNING: Could not lock System prefs. Unix error code 5.
2026-01-16 00:06:28,301 [ERROR] LogOutputStream:75 - [STDERR_REDIRECT] 
2026-01-16 00:06:28,301 [ERROR] LogOutputStream:75 - [STDERR_REDIRECT] Jan 16, 2026 12:06:28 AM java.util.prefs.FileSystemPreferences syncWorld
2026-01-16 00:06:28,301 [ERROR] LogOutputStream:75 - [STDERR_REDIRECT] WARNING: Couldn't flush system prefs: java.util.prefs.BackingStoreException: Couldn't get file lock.
2026-01-16 00:06:28,301 [ERROR] LogOutputStream:75 - [STDERR_REDIRECT] 
2026-01-16 00:06:58,300 [ERROR] LogOutputStream:75 - [STDERR_REDIRECT] Jan 16, 2026 12:06:58 AM java.util.prefs.FileSystemPreferences checkLockFile0ErrorCode
2026-01-16 00:06:58,300 [ERROR] LogOutputStream:75 - [STDERR_REDIRECT] WARNING: Could not lock System prefs. Unix error code 5.
2026-01-16 00:06:58,300 [ERROR] LogOutputStream:75 - [STDERR_REDIRECT] 
2026-01-16 00:06:58,300 [ERROR] LogOutputStream:75 - [STDERR_REDIRECT] Jan 16, 2026 12:06:58 AM java.util.prefs.FileSystemPreferences syncWorld
2026-01-16 00:06:58,300 [ERROR] LogOutputStream:75 - [STDERR_REDIRECT] WARNING: Couldn't flush system prefs: java.util.prefs.BackingStoreException: Couldn't get file lock.
2026-01-16 00:06:58,300 [ERROR] LogOutputStream:75 - [STDERR_REDIRECT] 
2026-01-16 00:07:28,301 [ERROR] LogOutputStream:75 - [STDERR_REDIRECT] Jan 16, 2026 12:07:28 AM java.util.prefs.FileSystemPreferences checkLockFile0ErrorCode
2026-01-16 00:07:28,301 [ERROR] LogOutputStream:75 - [STDERR_REDIRECT] WARNING: Could not lock System prefs. Unix error code 5.
2026-01-16 00:07:28,301 [ERROR] LogOutputStream:75 - [STDERR_REDIRECT] 
2026-01-16 00:07:28,301 [ERROR] LogOutputStream:75 - [STDERR_REDIRECT] Jan 16, 2026 12:07:28 AM java.util.prefs.FileSystemPreferences syncWorld
2026-01-16 00:07:28,301 [ERROR] LogOutputStream:75 - [STDERR_REDIRECT] WARNING: Couldn't flush system prefs: java.util.prefs.BackingStoreException: Couldn't get file lock.
2026-01-16 00:07:28,301 [ERROR] LogOutputStream:75 - [STDERR_REDIRECT] 
2026-01-16 00:07:58,300 [ERROR] LogOutputStream:75 - [STDERR_REDIRECT] Jan 16, 2026 12:07:58 AM java.util.prefs.FileSystemPreferences checkLockFile0ErrorCode
2026-01-16 00:07:58,300 [ERROR] LogOutputStream:75 - [STDERR_REDIRECT] WARNING: Could not lock System prefs. Unix error code 5.
2026-01-16 00:07:58,300 [ERROR] LogOutputStream:75 - [STDERR_REDIRECT] 
2026-01-16 00:07:58,300 [ERROR] LogOutputStream:75 - [STDERR_REDIRECT] Jan 16, 2026 12:07:58 AM java.util.prefs.FileSystemPreferences syncWorld
2026-01-16 00:07:58,300 [ERROR] LogOutputStream:75 - [STDERR_REDIRECT] WARNING: Couldn't flush system prefs: java.util.prefs.BackingStoreException: Couldn't get file lock.
2026-01-16 00:07:58,300 [ERROR] LogOutputStream:75 - [STDERR_REDIRECT] 
2026-01-16 00:08:28,300 [ERROR] LogOutputStream:75 - [STDERR_REDIRECT] Jan 16, 2026 12:08:28 AM java.util.prefs.FileSystemPreferences checkLockFile0ErrorCode
2026-01-16 00:08:28,300 [ERROR] LogOutputStream:75 - [STDERR_REDIRECT] WARNING: Could not lock System prefs. Unix error code 5.
2026-01-16 00:08:28,300 [ERROR] LogOutputStream:75 - [STDERR_REDIRECT] 
2026-01-16 00:08:28,300 [ERROR] LogOutputStream:75 - [STDERR_REDIRECT] Jan 16, 2026 12:08:28 AM java.util.prefs.FileSystemPreferences syncWorld
2026-01-16 00:08:28,300 [ERROR] LogOutputStream:75 - [STDERR_REDIRECT] WARNING: Couldn't flush system prefs: java.util.prefs.BackingStoreException: Couldn't get file lock.
2026-01-16 00:08:28,300 [ERROR] LogOutputStream:75 - [STDERR_REDIRECT] 
2026-01-16 00:08:58,299 [ERROR] LogOutputStream:75 - [STDERR_REDIRECT] Jan 16, 2026 12:08:58 AM java.util.prefs.FileSystemPreferences checkLockFile0ErrorCode
2026-01-16 00:08:58,300 [ERROR] LogOutputStream:75 - [STDERR_REDIRECT] WARNING: Could not lock System prefs. Unix error code 5.
2026-01-16 00:08:58,300 [ERROR] LogOutputStream:75 - [STDERR_REDIRECT] 
2026-01-16 00:08:58,300 [ERROR] LogOutputStream:75 - [STDERR_REDIRECT] Jan 16, 2026 12:08:58 AM java.util.prefs.FileSystemPreferences syncWorld
2026-01-16 00:08:58,300 [ERROR] LogOutputStream:75 - [STDERR_REDIRECT] WARNING: Couldn't flush system prefs: java.util.prefs.BackingStoreException: Couldn't get file lock.
2026-01-16 00:08:58,300 [ERROR] LogOutputStream:75 - [STDERR_REDIRECT] 
2026-01-16 00:09:28,300 [ERROR] LogOutputStream:75 - [STDERR_REDIRECT] Jan 16, 2026 12:09:28 AM java.util.prefs.FileSystemPreferences checkLockFile0ErrorCode
2026-01-16 00:09:28,300 [ERROR] LogOutputStream:75 - [STDERR_REDIRECT] WARNING: Could not lock System prefs. Unix error code 5.
2026-01-16 00:09:28,300 [ERROR] LogOutputStream:75 - [STDERR_REDIRECT] 
2026-01-16 00:09:28,300 [ERROR] LogOutputStream:75 - [STDERR_REDIRECT] Jan 16, 2026 12:09:28 AM java.util.prefs.FileSystemPreferences syncWorld
2026-01-16 00:09:28,300 [ERROR] LogOutputStream:75 - [STDERR_REDIRECT] WARNING: Couldn't flush system prefs: java.util.prefs.BackingStoreException: Couldn't get file lock.
2026-01-16 00:09:28,300 [ERROR] LogOutputStream:75 - [STDERR_REDIRECT] 
2026-01-16 00:09:58,299 [ERROR] LogOutputStream:75 - [STDERR_REDIRECT] Jan 16, 2026 12:09:58 AM java.util.prefs.FileSystemPreferences checkLockFile0ErrorCode
2026-01-16 00:09:58,300 [ERROR] LogOutputStream:75 - [STDERR_REDIRECT] WARNING: Could not lock System prefs. Unix error code 5.
2026-01-16 00:09:58,300 [ERROR] LogOutputStream:75 - [STDERR_REDIRECT] 
2026-01-16 00:09:58,300 [ERROR] LogOutputStream:75 - [STDERR_REDIRECT] Jan 16, 2026 12:09:58 AM java.util.prefs.FileSystemPreferences syncWorld
2026-01-16 00:09:58,300 [ERROR] LogOutputStream:75 - [STDERR_REDIRECT] WARNING: Couldn't flush system prefs: java.util.prefs.BackingStoreException: Couldn't get file lock.
2026-01-16 00:09:58,300 [ERROR] LogOutputStream:75 - [STDERR_REDIRECT] 
2026-01-16 00:10:28,300 [ERROR] LogOutputStream:75 - [STDERR_REDIRECT] Jan 16, 2026 12:10:28 AM java.util.prefs.FileSystemPreferences checkLockFile0ErrorCode
2026-01-16 00:10:28,300 [ERROR] LogOutputStream:75 - [STDERR_REDIRECT] WARNING: Could not lock System prefs. Unix error code 5.
2026-01-16 00:10:28,300 [ERROR] LogOutputStream:75 - [STDERR_REDIRECT] 
2026-01-16 00:10:28,300 [ERROR] LogOutputStream:75 - [STDERR_REDIRECT] Jan 16, 2026 12:10:28 AM java.util.prefs.FileSystemPreferences syncWorld
2026-01-16 00:10:28,300 [ERROR] LogOutputStream:75 - [STDERR_REDIRECT] WARNING: Couldn't flush system prefs: java.util.prefs.BackingStoreException: Couldn't get file lock.
2026-01-16 00:10:28,300 [ERROR] LogOutputStream:75 - [STDERR_REDIRECT] 
2026-01-16 00:10:58,300 [ERROR] LogOutputStream:75 - [STDERR_REDIRECT] Jan 16, 2026 12:10:58 AM java.util.prefs.FileSystemPreferences checkLockFile0ErrorCode
2026-01-16 00:10:58,300 [ERROR] LogOutputStream:75 - [STDERR_REDIRECT] WARNING: Could not lock System prefs. Unix error code 5.
2026-01-16 00:10:58,300 [ERROR] LogOutputStream:75 - [STDERR_REDIRECT] 
2026-01-16 00:10:58,300 [ERROR] LogOutputStream:75 - [STDERR_REDIRECT] Jan 16, 2026 12:10:58 AM java.util.prefs.FileSystemPreferences syncWorld
2026-01-16 00:10:58,300 [ERROR] LogOutputStream:75 - [STDERR_REDIRECT] WARNING: Couldn't flush system prefs: java.util.prefs.BackingStoreException: Couldn't get file lock.
2026-01-16 00:10:58,300 [ERROR] LogOutputStream:75 - [STDERR_REDIRECT] 
2026-01-16 00:11:28,301 [ERROR] LogOutputStream:75 - [STDERR_REDIRECT] Jan 16, 2026 12:11:28 AM java.util.prefs.FileSystemPreferences checkLockFile0ErrorCode
2026-01-16 00:11:28,301 [ERROR] LogOutputStream:75 - [STDERR_REDIRECT] WARNING: Could not lock System prefs. Unix error code 5.
2026-01-16 00:11:28,301 [ERROR] LogOutputStream:75 - [STDERR_REDIRECT] 
2026-01-16 00:11:28,301 [ERROR] LogOutputStream:75 - [STDERR_REDIRECT] Jan 16, 2026 12:11:28 AM java.util.prefs.FileSystemPreferences syncWorld
2026-01-16 00:11:28,301 [ERROR] LogOutputStream:75 - [STDERR_REDIRECT] WARNING: Couldn't flush system prefs: java.util.prefs.BackingStoreException: Couldn't get file lock.
2026-01-16 00:11:28,301 [ERROR] LogOutputStream:75 - [STDERR_REDIRECT] 
2026-01-16 00:11:58,302 [ERROR] LogOutputStream:75 - [STDERR_REDIRECT] Jan 16, 2026 12:11:58 AM java.util.prefs.FileSystemPreferences checkLockFile0ErrorCode
2026-01-16 00:11:58,302 [ERROR] LogOutputStream:75 - [STDERR_REDIRECT] WARNING: Could not lock System prefs. Unix error code 5.
2026-01-16 00:11:58,302 [ERROR] LogOutputStream:75 - [STDERR_REDIRECT] 
2026-01-16 00:11:58,302 [ERROR] LogOutputStream:75 - [STDERR_REDIRECT] Jan 16, 2026 12:11:58 AM java.util.prefs.FileSystemPreferences syncWorld
2026-01-16 00:11:58,302 [ERROR] LogOutputStream:75 - [STDERR_REDIRECT] WARNING: Couldn't flush system prefs: java.util.prefs.BackingStoreException: Couldn't get file lock.
2026-01-16 00:11:58,302 [ERROR] LogOutputStream:75 - [STDERR_REDIRECT] 
2026-01-16 00:12:28,303 [ERROR] LogOutputStream:75 - [STDERR_REDIRECT] Jan 16, 2026 12:12:28 AM java.util.prefs.FileSystemPreferences checkLockFile0ErrorCode
2026-01-16 00:12:28,303 [ERROR] LogOutputStream:75 - [STDERR_REDIRECT] WARNING: Could not lock System prefs. Unix error code 5.
2026-01-16 00:12:28,303 [ERROR] LogOutputStream:75 - [STDERR_REDIRECT] 
2026-01-16 00:12:28,303 [ERROR] LogOutputStream:75 - [STDERR_REDIRECT] Jan 16, 2026 12:12:28 AM java.util.prefs.FileSystemPreferences syncWorld
2026-01-16 00:12:28,303 [ERROR] LogOutputStream:75 - [STDERR_REDIRECT] WARNING: Couldn't flush system prefs: java.util.prefs.BackingStoreException: Couldn't get file lock.
2026-01-16 00:12:28,304 [ERROR] LogOutputStream:75 - [STDERR_REDIRECT] 
2026-01-16 00:12:58,302 [ERROR] LogOutputStream:75 - [STDERR_REDIRECT] Jan 16, 2026 12:12:58 AM java.util.prefs.FileSystemPreferences checkLockFile0ErrorCode
2026-01-16 00:12:58,302 [ERROR] LogOutputStream:75 - [STDERR_REDIRECT] WARNING: Could not lock System prefs. Unix error code 5.
2026-01-16 00:12:58,302 [ERROR] LogOutputStream:75 - [STDERR_REDIRECT] 
2026-01-16 00:12:58,303 [ERROR] LogOutputStream:75 - [STDERR_REDIRECT] Jan 16, 2026 12:12:58 AM java.util.prefs.FileSystemPreferences syncWorld
2026-01-16 00:12:58,303 [ERROR] LogOutputStream:75 - [STDERR_REDIRECT] WARNING: Couldn't flush system prefs: java.util.prefs.BackingStoreException: Couldn't get file lock.
2026-01-16 00:12:58,303 [ERROR] LogOutputStream:75 - [STDERR_REDIRECT] 
2026-01-16 00:13:28,303 [ERROR] LogOutputStream:75 - [STDERR_REDIRECT] Jan 16, 2026 12:13:28 AM java.util.prefs.FileSystemPreferences checkLockFile0ErrorCode
2026-01-16 00:13:28,303 [ERROR] LogOutputStream:75 - [STDERR_REDIRECT] WARNING: Could not lock System prefs. Unix error code 5.
2026-01-16 00:13:28,303 [ERROR] LogOutputStream:75 - [STDERR_REDIRECT] 
2026-01-16 00:13:28,303 [ERROR] LogOutputStream:75 - [STDERR_REDIRECT] Jan 16, 2026 12:13:28 AM java.util.prefs.FileSystemPreferences syncWorld
2026-01-16 00:13:28,304 [ERROR] LogOutputStream:75 - [STDERR_REDIRECT] WARNING: Couldn't flush system prefs: java.util.prefs.BackingStoreException: Couldn't get file lock.
2026-01-16 00:13:28,304 [ERROR] LogOutputStream:75 - [STDERR_REDIRECT] 
2026-01-16 00:13:58,302 [ERROR] LogOutputStream:75 - [STDERR_REDIRECT] Jan 16, 2026 12:13:58 AM java.util.prefs.FileSystemPreferences checkLockFile0ErrorCode
2026-01-16 00:13:58,302 [ERROR] LogOutputStream:75 - [STDERR_REDIRECT] WARNING: Could not lock System prefs. Unix error code 5.
2026-01-16 00:13:58,302 [ERROR] LogOutputStream:75 - [STDERR_REDIRECT] 
2026-01-16 00:13:58,303 [ERROR] LogOutputStream:75 - [STDERR_REDIRECT] Jan 16, 2026 12:13:58 AM java.util.prefs.FileSystemPreferences syncWorld
2026-01-16 00:13:58,303 [ERROR] LogOutputStream:75 - [STDERR_REDIRECT] WARNING: Couldn't flush system prefs: java.util.prefs.BackingStoreException: Couldn't get file lock.
2026-01-16 00:13:58,303 [ERROR] LogOutputStream:75 - [STDERR_REDIRECT] 
2026-01-16 00:14:28,302 [ERROR] LogOutputStream:75 - [STDERR_REDIRECT] Jan 16, 2026 12:14:28 AM java.util.prefs.FileSystemPreferences checkLockFile0ErrorCode
2026-01-16 00:14:28,302 [ERROR] LogOutputStream:75 - [STDERR_REDIRECT] WARNING: Could not lock System prefs. Unix error code 5.
2026-01-16 00:14:28,302 [ERROR] LogOutputStream:75 - [STDERR_REDIRECT] 
2026-01-16 00:14:28,303 [ERROR] LogOutputStream:75 - [STDERR_REDIRECT] Jan 16, 2026 12:14:28 AM java.util.prefs.FileSystemPreferences syncWorld
2026-01-16 00:14:28,303 [ERROR] LogOutputStream:75 - [STDERR_REDIRECT] WARNING: Couldn't flush system prefs: java.util.prefs.BackingStoreException: Couldn't get file lock.
2026-01-16 00:14:28,303 [ERROR] LogOutputStream:75 - [STDERR_REDIRECT] 
2026-01-16 00:14:58,302 [ERROR] LogOutputStream:75 - [STDERR_REDIRECT] Jan 16, 2026 12:14:58 AM java.util.prefs.FileSystemPreferences checkLockFile0ErrorCode
2026-01-16 00:14:58,302 [ERROR] LogOutputStream:75 - [STDERR_REDIRECT] WARNING: Could not lock System prefs. Unix error code 5.
2026-01-16 00:14:58,302 [ERROR] LogOutputStream:75 - [STDERR_REDIRECT] 
2026-01-16 00:14:58,302 [ERROR] LogOutputStream:75 - [STDERR_REDIRECT] Jan 16, 2026 12:14:58 AM java.util.prefs.FileSystemPreferences syncWorld
2026-01-16 00:14:58,303 [ERROR] LogOutputStream:75 - [STDERR_REDIRECT] WARNING: Couldn't flush system prefs: java.util.prefs.BackingStoreException: Couldn't get file lock.
2026-01-16 00:14:58,303 [ERROR] LogOutputStream:75 - [STDERR_REDIRECT] 
2026-01-16 00:15:28,302 [ERROR] LogOutputStream:75 - [STDERR_REDIRECT] Jan 16, 2026 12:15:28 AM java.util.prefs.FileSystemPreferences checkLockFile0ErrorCode
2026-01-16 00:15:28,302 [ERROR] LogOutputStream:75 - [STDERR_REDIRECT] WARNING: Could not lock System prefs. Unix error code 5.
2026-01-16 00:15:28,302 [ERROR] LogOutputStream:75 - [STDERR_REDIRECT] 
2026-01-16 00:15:28,303 [ERROR] LogOutputStream:75 - [STDERR_REDIRECT] Jan 16, 2026 12:15:28 AM java.util.prefs.FileSystemPreferences syncWorld
2026-01-16 00:15:28,303 [ERROR] LogOutputStream:75 - [STDERR_REDIRECT] WARNING: Couldn't flush system prefs: java.util.prefs.BackingStoreException: Couldn't get file lock.
2026-01-16 00:15:28,303 [ERROR] LogOutputStream:75 - [STDERR_REDIRECT] 
2026-01-16 00:15:58,302 [ERROR] LogOutputStream:75 - [STDERR_REDIRECT] Jan 16, 2026 12:15:58 AM java.util.prefs.FileSystemPreferences checkLockFile0ErrorCode
2026-01-16 00:15:58,302 [ERROR] LogOutputStream:75 - [STDERR_REDIRECT] WARNING: Could not lock System prefs. Unix error code 5.
2026-01-16 00:15:58,302 [ERROR] LogOutputStream:75 - [STDERR_REDIRECT] 
2026-01-16 00:15:58,303 [ERROR] LogOutputStream:75 - [STDERR_REDIRECT] Jan 16, 2026 12:15:58 AM java.util.prefs.FileSystemPreferences syncWorld
2026-01-16 00:15:58,303 [ERROR] LogOutputStream:75 - [STDERR_REDIRECT] WARNING: Couldn't flush system prefs: java.util.prefs.BackingStoreException: Couldn't get file lock.
2026-01-16 00:15:58,303 [ERROR] LogOutputStream:75 - [STDERR_REDIRECT] 
2026-01-16 00:16:28,303 [ERROR] LogOutputStream:75 - [STDERR_REDIRECT] Jan 16, 2026 12:16:28 AM java.util.prefs.FileSystemPreferences checkLockFile0ErrorCode
2026-01-16 00:16:28,303 [ERROR] LogOutputStream:75 - [STDERR_REDIRECT] WARNING: Could not lock System prefs. Unix error code 5.
2026-01-16 00:16:28,303 [ERROR] LogOutputStream:75 - [STDERR_REDIRECT] 
2026-01-16 00:16:28,303 [ERROR] LogOutputStream:75 - [STDERR_REDIRECT] Jan 16, 2026 12:16:28 AM java.util.prefs.FileSystemPreferences syncWorld
2026-01-16 00:16:28,303 [ERROR] LogOutputStream:75 - [STDERR_REDIRECT] WARNING: Couldn't flush system prefs: java.util.prefs.BackingStoreException: Couldn't get file lock.
2026-01-16 00:16:28,304 [ERROR] LogOutputStream:75 - [STDERR_REDIRECT] 
2026-01-16 00:16:58,302 [ERROR] LogOutputStream:75 - [STDERR_REDIRECT] Jan 16, 2026 12:16:58 AM java.util.prefs.FileSystemPreferences checkLockFile0ErrorCode
2026-01-16 00:16:58,302 [ERROR] LogOutputStream:75 - [STDERR_REDIRECT] WARNING: Could not lock System prefs. Unix error code 5.
2026-01-16 00:16:58,302 [ERROR] LogOutputStream:75 - [STDERR_REDIRECT] 
2026-01-16 00:16:58,302 [ERROR] LogOutputStream:75 - [STDERR_REDIRECT] Jan 16, 2026 12:16:58 AM java.util.prefs.FileSystemPreferences syncWorld
2026-01-16 00:16:58,302 [ERROR] LogOutputStream:75 - [STDERR_REDIRECT] WARNING: Couldn't flush system prefs: java.util.prefs.BackingStoreException: Couldn't get file lock.
2026-01-16 00:16:58,302 [ERROR] LogOutputStream:75 - [STDERR_REDIRECT] 
2026-01-16 00:17:28,303 [ERROR] LogOutputStream:75 - [STDERR_REDIRECT] Jan 16, 2026 12:17:28 AM java.util.prefs.FileSystemPreferences checkLockFile0ErrorCode
2026-01-16 00:17:28,303 [ERROR] LogOutputStream:75 - [STDERR_REDIRECT] WARNING: Could not lock System prefs. Unix error code 5.
2026-01-16 00:17:28,303 [ERROR] LogOutputStream:75 - [STDERR_REDIRECT] 
2026-01-16 00:17:28,303 [ERROR] LogOutputStream:75 - [STDERR_REDIRECT] Jan 16, 2026 12:17:28 AM java.util.prefs.FileSystemPreferences syncWorld
2026-01-16 00:17:28,303 [ERROR] LogOutputStream:75 - [STDERR_REDIRECT] WARNING: Couldn't flush system prefs: java.util.prefs.BackingStoreException: Couldn't get file lock.
2026-01-16 00:17:28,303 [ERROR] LogOutputStream:75 - [STDERR_REDIRECT] 
2026-01-16 00:17:58,305 [ERROR] LogOutputStream:75 - [STDERR_REDIRECT] Jan 16, 2026 12:17:58 AM java.util.prefs.FileSystemPreferences checkLockFile0ErrorCode
2026-01-16 00:17:58,305 [ERROR] LogOutputStream:75 - [STDERR_REDIRECT] WARNING: Could not lock System prefs. Unix error code 5.
2026-01-16 00:17:58,305 [ERROR] LogOutputStream:75 - [STDERR_REDIRECT] 
2026-01-16 00:17:58,305 [ERROR] LogOutputStream:75 - [STDERR_REDIRECT] Jan 16, 2026 12:17:58 AM java.util.prefs.FileSystemPreferences syncWorld
2026-01-16 00:17:58,305 [ERROR] LogOutputStream:75 - [STDERR_REDIRECT] WARNING: Couldn't flush system prefs: java.util.prefs.BackingStoreException: Couldn't get file lock.
2026-01-16 00:17:58,305 [ERROR] LogOutputStream:75 - [STDERR_REDIRECT] 
2026-01-16 00:18:28,304 [ERROR] LogOutputStream:75 - [STDERR_REDIRECT] Jan 16, 2026 12:18:28 AM java.util.prefs.FileSystemPreferences checkLockFile0ErrorCode
2026-01-16 00:18:28,304 [ERROR] LogOutputStream:75 - [STDERR_REDIRECT] WARNING: Could not lock System prefs. Unix error code 5.
2026-01-16 00:18:28,304 [ERROR] LogOutputStream:75 - [STDERR_REDIRECT] 
2026-01-16 00:18:28,305 [ERROR] LogOutputStream:75 - [STDERR_REDIRECT] Jan 16, 2026 12:18:28 AM java.util.prefs.FileSystemPreferences syncWorld
2026-01-16 00:18:28,305 [ERROR] LogOutputStream:75 - [STDERR_REDIRECT] WARNING: Couldn't flush system prefs: java.util.prefs.BackingStoreException: Couldn't get file lock.
2026-01-16 00:18:28,305 [ERROR] LogOutputStream:75 - [STDERR_REDIRECT] 
2026-01-16 00:18:58,304 [ERROR] LogOutputStream:75 - [STDERR_REDIRECT] Jan 16, 2026 12:18:58 AM java.util.prefs.FileSystemPreferences checkLockFile0ErrorCode
2026-01-16 00:18:58,304 [ERROR] LogOutputStream:75 - [STDERR_REDIRECT] WARNING: Could not lock System prefs. Unix error code 5.
2026-01-16 00:18:58,304 [ERROR] LogOutputStream:75 - [STDERR_REDIRECT] 
2026-01-16 00:18:58,305 [ERROR] LogOutputStream:75 - [STDERR_REDIRECT] Jan 16, 2026 12:18:58 AM java.util.prefs.FileSystemPreferences syncWorld
2026-01-16 00:18:58,305 [ERROR] LogOutputStream:75 - [STDERR_REDIRECT] WARNING: Couldn't flush system prefs: java.util.prefs.BackingStoreException: Couldn't get file lock.
2026-01-16 00:18:58,305 [ERROR] LogOutputStream:75 - [STDERR_REDIRECT] 
2026-01-16 00:19:28,304 [ERROR] LogOutputStream:75 - [STDERR_REDIRECT] Jan 16, 2026 12:19:28 AM java.util.prefs.FileSystemPreferences checkLockFile0ErrorCode
2026-01-16 00:19:28,304 [ERROR] LogOutputStream:75 - [STDERR_REDIRECT] WARNING: Could not lock System prefs. Unix error code 5.
2026-01-16 00:19:28,304 [ERROR] LogOutputStream:75 - [STDERR_REDIRECT] 
2026-01-16 00:19:28,304 [ERROR] LogOutputStream:75 - [STDERR_REDIRECT] Jan 16, 2026 12:19:28 AM java.util.prefs.FileSystemPreferences syncWorld
2026-01-16 00:19:28,304 [ERROR] LogOutputStream:75 - [STDERR_REDIRECT] WARNING: Couldn't flush system prefs: java.util.prefs.BackingStoreException: Couldn't get file lock.
2026-01-16 00:19:28,304 [ERROR] LogOutputStream:75 - [STDERR_REDIRECT] 
2026-01-16 00:19:58,304 [ERROR] LogOutputStream:75 - [STDERR_REDIRECT] Jan 16, 2026 12:19:58 AM java.util.prefs.FileSystemPreferences checkLockFile0ErrorCode
2026-01-16 00:19:58,304 [ERROR] LogOutputStream:75 - [STDERR_REDIRECT] WARNING: Could not lock System prefs. Unix error code 5.
2026-01-16 00:19:58,304 [ERROR] LogOutputStream:75 - [STDERR_REDIRECT] 
2026-01-16 00:19:58,304 [ERROR] LogOutputStream:75 - [STDERR_REDIRECT] Jan 16, 2026 12:19:58 AM java.util.prefs.FileSystemPreferences syncWorld
2026-01-16 00:19:58,305 [ERROR] LogOutputStream:75 - [STDERR_REDIRECT] WARNING: Couldn't flush system prefs: java.util.prefs.BackingStoreException: Couldn't get file lock.
2026-01-16 00:19:58,305 [ERROR] LogOutputStream:75 - [STDERR_REDIRECT] 
2026-01-16 00:20:28,304 [ERROR] LogOutputStream:75 - [STDERR_REDIRECT] Jan 16, 2026 12:20:28 AM java.util.prefs.FileSystemPreferences checkLockFile0ErrorCode
2026-01-16 00:20:28,304 [ERROR] LogOutputStream:75 - [STDERR_REDIRECT] WARNING: Could not lock System prefs. Unix error code 5.
2026-01-16 00:20:28,304 [ERROR] LogOutputStream:75 - [STDERR_REDIRECT] 
2026-01-16 00:20:28,305 [ERROR] LogOutputStream:75 - [STDERR_REDIRECT] Jan 16, 2026 12:20:28 AM java.util.prefs.FileSystemPreferences syncWorld
2026-01-16 00:20:28,305 [ERROR] LogOutputStream:75 - [STDERR_REDIRECT] WARNING: Couldn't flush system prefs: java.util.prefs.BackingStoreException: Couldn't get file lock.
2026-01-16 00:20:28,305 [ERROR] LogOutputStream:75 - [STDERR_REDIRECT] 
2026-01-16 00:20:58,305 [ERROR] LogOutputStream:75 - [STDERR_REDIRECT] Jan 16, 2026 12:20:58 AM java.util.prefs.FileSystemPreferences checkLockFile0ErrorCode
2026-01-16 00:20:58,305 [ERROR] LogOutputStream:75 - [STDERR_REDIRECT] WARNING: Could not lock System prefs. Unix error code 5.
2026-01-16 00:20:58,305 [ERROR] LogOutputStream:75 - [STDERR_REDIRECT] 
2026-01-16 00:20:58,305 [ERROR] LogOutputStream:75 - [STDERR_REDIRECT] Jan 16, 2026 12:20:58 AM java.util.prefs.FileSystemPreferences syncWorld
2026-01-16 00:20:58,305 [ERROR] LogOutputStream:75 - [STDERR_REDIRECT] WARNING: Couldn't flush system prefs: java.util.prefs.BackingStoreException: Couldn't get file lock.
2026-01-16 00:20:58,306 [ERROR] LogOutputStream:75 - [STDERR_REDIRECT] 
2026-01-16 00:21:28,305 [ERROR] LogOutputStream:75 - [STDERR_REDIRECT] Jan 16, 2026 12:21:28 AM java.util.prefs.FileSystemPreferences checkLockFile0ErrorCode
2026-01-16 00:21:28,305 [ERROR] LogOutputStream:75 - [STDERR_REDIRECT] WARNING: Could not lock System prefs. Unix error code 5.
2026-01-16 00:21:28,305 [ERROR] LogOutputStream:75 - [STDERR_REDIRECT] 
2026-01-16 00:21:28,305 [ERROR] LogOutputStream:75 - [STDERR_REDIRECT] Jan 16, 2026 12:21:28 AM java.util.prefs.FileSystemPreferences syncWorld
2026-01-16 00:21:28,305 [ERROR] LogOutputStream:75 - [STDERR_REDIRECT] WARNING: Couldn't flush system prefs: java.util.prefs.BackingStoreException: Couldn't get file lock.
2026-01-16 00:21:28,305 [ERROR] LogOutputStream:75 - [STDERR_REDIRECT] 
2026-01-16 00:21:58,306 [ERROR] LogOutputStream:75 - [STDERR_REDIRECT] Jan 16, 2026 12:21:58 AM java.util.prefs.FileSystemPreferences checkLockFile0ErrorCode
2026-01-16 00:21:58,306 [ERROR] LogOutputStream:75 - [STDERR_REDIRECT] WARNING: Could not lock System prefs. Unix error code 5.
2026-01-16 00:21:58,306 [ERROR] LogOutputStream:75 - [STDERR_REDIRECT] 
2026-01-16 00:21:58,306 [ERROR] LogOutputStream:75 - [STDERR_REDIRECT] Jan 16, 2026 12:21:58 AM java.util.prefs.FileSystemPreferences syncWorld
2026-01-16 00:21:58,306 [ERROR] LogOutputStream:75 - [STDERR_REDIRECT] WARNING: Couldn't flush system prefs: java.util.prefs.BackingStoreException: Couldn't get file lock.
2026-01-16 00:21:58,306 [ERROR] LogOutputStream:75 - [STDERR_REDIRECT] 
2026-01-16 00:22:28,306 [ERROR] LogOutputStream:75 - [STDERR_REDIRECT] Jan 16, 2026 12:22:28 AM java.util.prefs.FileSystemPreferences checkLockFile0ErrorCode
2026-01-16 00:22:28,306 [ERROR] LogOutputStream:75 - [STDERR_REDIRECT] WARNING: Could not lock System prefs. Unix error code 5.
2026-01-16 00:22:28,306 [ERROR] LogOutputStream:75 - [STDERR_REDIRECT] 
2026-01-16 00:22:28,306 [ERROR] LogOutputStream:75 - [STDERR_REDIRECT] Jan 16, 2026 12:22:28 AM java.util.prefs.FileSystemPreferences syncWorld
2026-01-16 00:22:28,306 [ERROR] LogOutputStream:75 - [STDERR_REDIRECT] WARNING: Couldn't flush system prefs: java.util.prefs.BackingStoreException: Couldn't get file lock.
2026-01-16 00:22:28,306 [ERROR] LogOutputStream:75 - [STDERR_REDIRECT] 
2026-01-16 00:22:58,306 [ERROR] LogOutputStream:75 - [STDERR_REDIRECT] Jan 16, 2026 12:22:58 AM java.util.prefs.FileSystemPreferences checkLockFile0ErrorCode
2026-01-16 00:22:58,306 [ERROR] LogOutputStream:75 - [STDERR_REDIRECT] WARNING: Could not lock System prefs. Unix error code 5.
2026-01-16 00:22:58,306 [ERROR] LogOutputStream:75 - [STDERR_REDIRECT] 
2026-01-16 00:22:58,306 [ERROR] LogOutputStream:75 - [STDERR_REDIRECT] Jan 16, 2026 12:22:58 AM java.util.prefs.FileSystemPreferences syncWorld
2026-01-16 00:22:58,306 [ERROR] LogOutputStream:75 - [STDERR_REDIRECT] WARNING: Couldn't flush system prefs: java.util.prefs.BackingStoreException: Couldn't get file lock.
2026-01-16 00:22:58,306 [ERROR] LogOutputStream:75 - [STDERR_REDIRECT] 
2026-01-16 00:23:28,305 [ERROR] LogOutputStream:75 - [STDERR_REDIRECT] Jan 16, 2026 12:23:28 AM java.util.prefs.FileSystemPreferences checkLockFile0ErrorCode
2026-01-16 00:23:28,305 [ERROR] LogOutputStream:75 - [STDERR_REDIRECT] WARNING: Could not lock System prefs. Unix error code 5.
2026-01-16 00:23:28,306 [ERROR] LogOutputStream:75 - [STDERR_REDIRECT] 
2026-01-16 00:23:28,306 [ERROR] LogOutputStream:75 - [STDERR_REDIRECT] Jan 16, 2026 12:23:28 AM java.util.prefs.FileSystemPreferences syncWorld
2026-01-16 00:23:28,306 [ERROR] LogOutputStream:75 - [STDERR_REDIRECT] WARNING: Couldn't flush system prefs: java.util.prefs.BackingStoreException: Couldn't get file lock.
2026-01-16 00:23:28,306 [ERROR] LogOutputStream:75 - [STDERR_REDIRECT] 
2026-01-16 00:23:58,306 [ERROR] LogOutputStream:75 - [STDERR_REDIRECT] Jan 16, 2026 12:23:58 AM java.util.prefs.FileSystemPreferences checkLockFile0ErrorCode
2026-01-16 00:23:58,306 [ERROR] LogOutputStream:75 - [STDERR_REDIRECT] WARNING: Could not lock System prefs. Unix error code 5.
2026-01-16 00:23:58,306 [ERROR] LogOutputStream:75 - [STDERR_REDIRECT] 
2026-01-16 00:23:58,306 [ERROR] LogOutputStream:75 - [STDERR_REDIRECT] Jan 16, 2026 12:23:58 AM java.util.prefs.FileSystemPreferences syncWorld
2026-01-16 00:23:58,306 [ERROR] LogOutputStream:75 - [STDERR_REDIRECT] WARNING: Couldn't flush system prefs: java.util.prefs.BackingStoreException: Couldn't get file lock.
2026-01-16 00:23:58,306 [ERROR] LogOutputStream:75 - [STDERR_REDIRECT] 
2026-01-16 00:24:28,306 [ERROR] LogOutputStream:75 - [STDERR_REDIRECT] Jan 16, 2026 12:24:28 AM java.util.prefs.FileSystemPreferences checkLockFile0ErrorCode
2026-01-16 00:24:28,306 [ERROR] LogOutputStream:75 - [STDERR_REDIRECT] WARNING: Could not lock System prefs. Unix error code 5.
2026-01-16 00:24:28,306 [ERROR] LogOutputStream:75 - [STDERR_REDIRECT] 
2026-01-16 00:24:28,306 [ERROR] LogOutputStream:75 - [STDERR_REDIRECT] Jan 16, 2026 12:24:28 AM java.util.prefs.FileSystemPreferences syncWorld
2026-01-16 00:24:28,306 [ERROR] LogOutputStream:75 - [STDERR_REDIRECT] WARNING: Couldn't flush system prefs: java.util.prefs.BackingStoreException: Couldn't get file lock.
2026-01-16 00:24:28,306 [ERROR] LogOutputStream:75 - [STDERR_REDIRECT] 
2026-01-16 00:24:58,306 [ERROR] LogOutputStream:75 - [STDERR_REDIRECT] Jan 16, 2026 12:24:58 AM java.util.prefs.FileSystemPreferences checkLockFile0ErrorCode
2026-01-16 00:24:58,306 [ERROR] LogOutputStream:75 - [STDERR_REDIRECT] WARNING: Could not lock System prefs. Unix error code 5.
2026-01-16 00:24:58,306 [ERROR] LogOutputStream:75 - [STDERR_REDIRECT] 
2026-01-16 00:24:58,307 [ERROR] LogOutputStream:75 - [STDERR_REDIRECT] Jan 16, 2026 12:24:58 AM java.util.prefs.FileSystemPreferences syncWorld
2026-01-16 00:24:58,307 [ERROR] LogOutputStream:75 - [STDERR_REDIRECT] WARNING: Couldn't flush system prefs: java.util.prefs.BackingStoreException: Couldn't get file lock.
2026-01-16 00:24:58,307 [ERROR] LogOutputStream:75 - [STDERR_REDIRECT] 
2026-01-16 00:25:28,306 [ERROR] LogOutputStream:75 - [STDERR_REDIRECT] Jan 16, 2026 12:25:28 AM java.util.prefs.FileSystemPreferences checkLockFile0ErrorCode
2026-01-16 00:25:28,306 [ERROR] LogOutputStream:75 - [STDERR_REDIRECT] WARNING: Could not lock System prefs. Unix error code 5.
2026-01-16 00:25:28,306 [ERROR] LogOutputStream:75 - [STDERR_REDIRECT] 
2026-01-16 00:25:28,306 [ERROR] LogOutputStream:75 - [STDERR_REDIRECT] Jan 16, 2026 12:25:28 AM java.util.prefs.FileSystemPreferences syncWorld
2026-01-16 00:25:28,306 [ERROR] LogOutputStream:75 - [STDERR_REDIRECT] WARNING: Couldn't flush system prefs: java.util.prefs.BackingStoreException: Couldn't get file lock.
2026-01-16 00:25:28,306 [ERROR] LogOutputStream:75 - [STDERR_REDIRECT] 
2026-01-16 00:25:58,305 [ERROR] LogOutputStream:75 - [STDERR_REDIRECT] Jan 16, 2026 12:25:58 AM java.util.prefs.FileSystemPreferences checkLockFile0ErrorCode
2026-01-16 00:25:58,306 [ERROR] LogOutputStream:75 - [STDERR_REDIRECT] WARNING: Could not lock System prefs. Unix error code 5.
2026-01-16 00:25:58,306 [ERROR] LogOutputStream:75 - [STDERR_REDIRECT] 
2026-01-16 00:25:58,306 [ERROR] LogOutputStream:75 - [STDERR_REDIRECT] Jan 16, 2026 12:25:58 AM java.util.prefs.FileSystemPreferences syncWorld
2026-01-16 00:25:58,306 [ERROR] LogOutputStream:75 - [STDERR_REDIRECT] WARNING: Couldn't flush system prefs: java.util.prefs.BackingStoreException: Couldn't get file lock.
2026-01-16 00:25:58,306 [ERROR] LogOutputStream:75 - [STDERR_REDIRECT] 
2026-01-16 00:26:28,305 [ERROR] LogOutputStream:75 - [STDERR_REDIRECT] Jan 16, 2026 12:26:28 AM java.util.prefs.FileSystemPreferences checkLockFile0ErrorCode
2026-01-16 00:26:28,306 [ERROR] LogOutputStream:75 - [STDERR_REDIRECT] WARNING: Could not lock System prefs. Unix error code 5.
2026-01-16 00:26:28,306 [ERROR] LogOutputStream:75 - [STDERR_REDIRECT] 
2026-01-16 00:26:28,306 [ERROR] LogOutputStream:75 - [STDERR_REDIRECT] Jan 16, 2026 12:26:28 AM java.util.prefs.FileSystemPreferences syncWorld
2026-01-16 00:26:28,306 [ERROR] LogOutputStream:75 - [STDERR_REDIRECT] WARNING: Couldn't flush system prefs: java.util.prefs.BackingStoreException: Couldn't get file lock.
2026-01-16 00:26:28,306 [ERROR] LogOutputStream:75 - [STDERR_REDIRECT] 
2026-01-16 00:26:58,306 [ERROR] LogOutputStream:75 - [STDERR_REDIRECT] Jan 16, 2026 12:26:58 AM java.util.prefs.FileSystemPreferences checkLockFile0ErrorCode
2026-01-16 00:26:58,306 [ERROR] LogOutputStream:75 - [STDERR_REDIRECT] WARNING: Could not lock System prefs. Unix error code 5.
2026-01-16 00:26:58,306 [ERROR] LogOutputStream:75 - [STDERR_REDIRECT] 
2026-01-16 00:26:58,306 [ERROR] LogOutputStream:75 - [STDERR_REDIRECT] Jan 16, 2026 12:26:58 AM java.util.prefs.FileSystemPreferences syncWorld
2026-01-16 00:26:58,306 [ERROR] LogOutputStream:75 - [STDERR_REDIRECT] WARNING: Couldn't flush system prefs: java.util.prefs.BackingStoreException: Couldn't get file lock.
2026-01-16 00:26:58,306 [ERROR] LogOutputStream:75 - [STDERR_REDIRECT] 
2026-01-16 00:27:28,306 [ERROR] LogOutputStream:75 - [STDERR_REDIRECT] Jan 16, 2026 12:27:28 AM java.util.prefs.FileSystemPreferences checkLockFile0ErrorCode
2026-01-16 00:27:28,306 [ERROR] LogOutputStream:75 - [STDERR_REDIRECT] WARNING: Could not lock System prefs. Unix error code 5.
2026-01-16 00:27:28,306 [ERROR] LogOutputStream:75 - [STDERR_REDIRECT] 
2026-01-16 00:27:28,306 [ERROR] LogOutputStream:75 - [STDERR_REDIRECT] Jan 16, 2026 12:27:28 AM java.util.prefs.FileSystemPreferences syncWorld
2026-01-16 00:27:28,306 [ERROR] LogOutputStream:75 - [STDERR_REDIRECT] WARNING: Couldn't flush system prefs: java.util.prefs.BackingStoreException: Couldn't get file lock.
2026-01-16 00:27:28,307 [ERROR] LogOutputStream:75 - [STDERR_REDIRECT] 
2026-01-16 00:27:58,305 [ERROR] LogOutputStream:75 - [STDERR_REDIRECT] Jan 16, 2026 12:27:58 AM java.util.prefs.FileSystemPreferences checkLockFile0ErrorCode
2026-01-16 00:27:58,305 [ERROR] LogOutputStream:75 - [STDERR_REDIRECT] WARNING: Could not lock System prefs. Unix error code 5.
2026-01-16 00:27:58,305 [ERROR] LogOutputStream:75 - [STDERR_REDIRECT] 
2026-01-16 00:27:58,305 [ERROR] LogOutputStream:75 - [STDERR_REDIRECT] Jan 16, 2026 12:27:58 AM java.util.prefs.FileSystemPreferences syncWorld
2026-01-16 00:27:58,306 [ERROR] LogOutputStream:75 - [STDERR_REDIRECT] WARNING: Couldn't flush system prefs: java.util.prefs.BackingStoreException: Couldn't get file lock.
2026-01-16 00:27:58,306 [ERROR] LogOutputStream:75 - [STDERR_REDIRECT] 
2026-01-16 00:28:28,306 [ERROR] LogOutputStream:75 - [STDERR_REDIRECT] Jan 16, 2026 12:28:28 AM java.util.prefs.FileSystemPreferences checkLockFile0ErrorCode
2026-01-16 00:28:28,306 [ERROR] LogOutputStream:75 - [STDERR_REDIRECT] WARNING: Could not lock System prefs. Unix error code 5.
2026-01-16 00:28:28,306 [ERROR] LogOutputStream:75 - [STDERR_REDIRECT] 
2026-01-16 00:28:28,306 [ERROR] LogOutputStream:75 - [STDERR_REDIRECT] Jan 16, 2026 12:28:28 AM java.util.prefs.FileSystemPreferences syncWorld
2026-01-16 00:28:28,306 [ERROR] LogOutputStream:75 - [STDERR_REDIRECT] WARNING: Couldn't flush system prefs: java.util.prefs.BackingStoreException: Couldn't get file lock.
2026-01-16 00:28:28,306 [ERROR] LogOutputStream:75 - [STDERR_REDIRECT] 
2026-01-16 00:28:58,306 [ERROR] LogOutputStream:75 - [STDERR_REDIRECT] Jan 16, 2026 12:28:58 AM java.util.prefs.FileSystemPreferences checkLockFile0ErrorCode
2026-01-16 00:28:58,306 [ERROR] LogOutputStream:75 - [STDERR_REDIRECT] WARNING: Could not lock System prefs. Unix error code 5.
2026-01-16 00:28:58,306 [ERROR] LogOutputStream:75 - [STDERR_REDIRECT] 
2026-01-16 00:28:58,306 [ERROR] LogOutputStream:75 - [STDERR_REDIRECT] Jan 16, 2026 12:28:58 AM java.util.prefs.FileSystemPreferences syncWorld
2026-01-16 00:28:58,306 [ERROR] LogOutputStream:75 - [STDERR_REDIRECT] WARNING: Couldn't flush system prefs: java.util.prefs.BackingStoreException: Couldn't get file lock.
2026-01-16 00:28:58,306 [ERROR] LogOutputStream:75 - [STDERR_REDIRECT] 
2026-01-16 00:29:28,306 [ERROR] LogOutputStream:75 - [STDERR_REDIRECT] Jan 16, 2026 12:29:28 AM java.util.prefs.FileSystemPreferences checkLockFile0ErrorCode
2026-01-16 00:29:28,306 [ERROR] LogOutputStream:75 - [STDERR_REDIRECT] WARNING: Could not lock System prefs. Unix error code 5.
2026-01-16 00:29:28,306 [ERROR] LogOutputStream:75 - [STDERR_REDIRECT] 
2026-01-16 00:29:28,306 [ERROR] LogOutputStream:75 - [STDERR_REDIRECT] Jan 16, 2026 12:29:28 AM java.util.prefs.FileSystemPreferences syncWorld
2026-01-16 00:29:28,306 [ERROR] LogOutputStream:75 - [STDERR_REDIRECT] WARNING: Couldn't flush system prefs: java.util.prefs.BackingStoreException: Couldn't get file lock.
2026-01-16 00:29:28,306 [ERROR] LogOutputStream:75 - [STDERR_REDIRECT] 
2026-01-16 00:29:58,307 [ERROR] LogOutputStream:75 - [STDERR_REDIRECT] Jan 16, 2026 12:29:58 AM java.util.prefs.FileSystemPreferences checkLockFile0ErrorCode
2026-01-16 00:29:58,307 [ERROR] LogOutputStream:75 - [STDERR_REDIRECT] WARNING: Could not lock System prefs. Unix error code 5.
2026-01-16 00:29:58,307 [ERROR] LogOutputStream:75 - [STDERR_REDIRECT] 
2026-01-16 00:29:58,307 [ERROR] LogOutputStream:75 - [STDERR_REDIRECT] Jan 16, 2026 12:29:58 AM java.util.prefs.FileSystemPreferences syncWorld
2026-01-16 00:29:58,307 [ERROR] LogOutputStream:75 - [STDERR_REDIRECT] WARNING: Couldn't flush system prefs: java.util.prefs.BackingStoreException: Couldn't get file lock.
2026-01-16 00:29:58,307 [ERROR] LogOutputStream:75 - [STDERR_REDIRECT] 
2026-01-16 00:30:28,306 [ERROR] LogOutputStream:75 - [STDERR_REDIRECT] Jan 16, 2026 12:30:28 AM java.util.prefs.FileSystemPreferences checkLockFile0ErrorCode
2026-01-16 00:30:28,306 [ERROR] LogOutputStream:75 - [STDERR_REDIRECT] WARNING: Could not lock System prefs. Unix error code 5.
2026-01-16 00:30:28,306 [ERROR] LogOutputStream:75 - [STDERR_REDIRECT] 
2026-01-16 00:30:28,306 [ERROR] LogOutputStream:75 - [STDERR_REDIRECT] Jan 16, 2026 12:30:28 AM java.util.prefs.FileSystemPreferences syncWorld
2026-01-16 00:30:28,306 [ERROR] LogOutputStream:75 - [STDERR_REDIRECT] WARNING: Couldn't flush system prefs: java.util.prefs.BackingStoreException: Couldn't get file lock.
2026-01-16 00:30:28,306 [ERROR] LogOutputStream:75 - [STDERR_REDIRECT] 
2026-01-16 00:30:58,307 [ERROR] LogOutputStream:75 - [STDERR_REDIRECT] Jan 16, 2026 12:30:58 AM java.util.prefs.FileSystemPreferences checkLockFile0ErrorCode
2026-01-16 00:30:58,307 [ERROR] LogOutputStream:75 - [STDERR_REDIRECT] WARNING: Could not lock System prefs. Unix error code 5.
2026-01-16 00:30:58,307 [ERROR] LogOutputStream:75 - [STDERR_REDIRECT] 
2026-01-16 00:30:58,307 [ERROR] LogOutputStream:75 - [STDERR_REDIRECT] Jan 16, 2026 12:30:58 AM java.util.prefs.FileSystemPreferences syncWorld
2026-01-16 00:30:58,307 [ERROR] LogOutputStream:75 - [STDERR_REDIRECT] WARNING: Couldn't flush system prefs: java.util.prefs.BackingStoreException: Couldn't get file lock.
2026-01-16 00:30:58,307 [ERROR] LogOutputStream:75 - [STDERR_REDIRECT] 
2026-01-16 00:31:28,308 [ERROR] LogOutputStream:75 - [STDERR_REDIRECT] Jan 16, 2026 12:31:28 AM java.util.prefs.FileSystemPreferences checkLockFile0ErrorCode
2026-01-16 00:31:28,308 [ERROR] LogOutputStream:75 - [STDERR_REDIRECT] WARNING: Could not lock System prefs. Unix error code 5.
2026-01-16 00:31:28,308 [ERROR] LogOutputStream:75 - [STDERR_REDIRECT] 
2026-01-16 00:31:28,309 [ERROR] LogOutputStream:75 - [STDERR_REDIRECT] Jan 16, 2026 12:31:28 AM java.util.prefs.FileSystemPreferences syncWorld
2026-01-16 00:31:28,309 [ERROR] LogOutputStream:75 - [STDERR_REDIRECT] WARNING: Couldn't flush system prefs: java.util.prefs.BackingStoreException: Couldn't get file lock.
2026-01-16 00:31:28,309 [ERROR] LogOutputStream:75 - [STDERR_REDIRECT] 
2026-01-16 00:31:58,307 [ERROR] LogOutputStream:75 - [STDERR_REDIRECT] Jan 16, 2026 12:31:58 AM java.util.prefs.FileSystemPreferences checkLockFile0ErrorCode
2026-01-16 00:31:58,307 [ERROR] LogOutputStream:75 - [STDERR_REDIRECT] WARNING: Could not lock System prefs. Unix error code 5.
2026-01-16 00:31:58,307 [ERROR] LogOutputStream:75 - [STDERR_REDIRECT] 
2026-01-16 00:31:58,307 [ERROR] LogOutputStream:75 - [STDERR_REDIRECT] Jan 16, 2026 12:31:58 AM java.util.prefs.FileSystemPreferences syncWorld
2026-01-16 00:31:58,307 [ERROR] LogOutputStream:75 - [STDERR_REDIRECT] WARNING: Couldn't flush system prefs: java.util.prefs.BackingStoreException: Couldn't get file lock.
2026-01-16 00:31:58,307 [ERROR] LogOutputStream:75 - [STDERR_REDIRECT] 
2026-01-16 00:32:28,307 [ERROR] LogOutputStream:75 - [STDERR_REDIRECT] Jan 16, 2026 12:32:28 AM java.util.prefs.FileSystemPreferences checkLockFile0ErrorCode
2026-01-16 00:32:28,307 [ERROR] LogOutputStream:75 - [STDERR_REDIRECT] WARNING: Could not lock System prefs. Unix error code 5.
2026-01-16 00:32:28,307 [ERROR] LogOutputStream:75 - [STDERR_REDIRECT] 
2026-01-16 00:32:28,307 [ERROR] LogOutputStream:75 - [STDERR_REDIRECT] Jan 16, 2026 12:32:28 AM java.util.prefs.FileSystemPreferences syncWorld
2026-01-16 00:32:28,307 [ERROR] LogOutputStream:75 - [STDERR_REDIRECT] WARNING: Couldn't flush system prefs: java.util.prefs.BackingStoreException: Couldn't get file lock.
2026-01-16 00:32:28,307 [ERROR] LogOutputStream:75 - [STDERR_REDIRECT] 
2026-01-16 00:32:58,307 [ERROR] LogOutputStream:75 - [STDERR_REDIRECT] Jan 16, 2026 12:32:58 AM java.util.prefs.FileSystemPreferences checkLockFile0ErrorCode
2026-01-16 00:32:58,307 [ERROR] LogOutputStream:75 - [STDERR_REDIRECT] WARNING: Could not lock System prefs. Unix error code 5.
2026-01-16 00:32:58,307 [ERROR] LogOutputStream:75 - [STDERR_REDIRECT] 
2026-01-16 00:32:58,307 [ERROR] LogOutputStream:75 - [STDERR_REDIRECT] Jan 16, 2026 12:32:58 AM java.util.prefs.FileSystemPreferences syncWorld
2026-01-16 00:32:58,307 [ERROR] LogOutputStream:75 - [STDERR_REDIRECT] WARNING: Couldn't flush system prefs: java.util.prefs.BackingStoreException: Couldn't get file lock.
2026-01-16 00:32:58,307 [ERROR] LogOutputStream:75 - [STDERR_REDIRECT] 
2026-01-16 00:33:28,309 [ERROR] LogOutputStream:75 - [STDERR_REDIRECT] Jan 16, 2026 12:33:28 AM java.util.prefs.FileSystemPreferences checkLockFile0ErrorCode
2026-01-16 00:33:28,309 [ERROR] LogOutputStream:75 - [STDERR_REDIRECT] WARNING: Could not lock System prefs. Unix error code 5.
2026-01-16 00:33:28,309 [ERROR] LogOutputStream:75 - [STDERR_REDIRECT] 
2026-01-16 00:33:28,309 [ERROR] LogOutputStream:75 - [STDERR_REDIRECT] Jan 16, 2026 12:33:28 AM java.util.prefs.FileSystemPreferences syncWorld
2026-01-16 00:33:28,309 [ERROR] LogOutputStream:75 - [STDERR_REDIRECT] WARNING: Couldn't flush system prefs: java.util.prefs.BackingStoreException: Couldn't get file lock.
2026-01-16 00:33:28,309 [ERROR] LogOutputStream:75 - [STDERR_REDIRECT] 
2026-01-16 00:33:58,310 [ERROR] LogOutputStream:75 - [STDERR_REDIRECT] Jan 16, 2026 12:33:58 AM java.util.prefs.FileSystemPreferences checkLockFile0ErrorCode
2026-01-16 00:33:58,310 [ERROR] LogOutputStream:75 - [STDERR_REDIRECT] WARNING: Could not lock System prefs. Unix error code 5.
2026-01-16 00:33:58,310 [ERROR] LogOutputStream:75 - [STDERR_REDIRECT] 
2026-01-16 00:33:58,310 [ERROR] LogOutputStream:75 - [STDERR_REDIRECT] Jan 16, 2026 12:33:58 AM java.util.prefs.FileSystemPreferences syncWorld
2026-01-16 00:33:58,310 [ERROR] LogOutputStream:75 - [STDERR_REDIRECT] WARNING: Couldn't flush system prefs: java.util.prefs.BackingStoreException: Couldn't get file lock.
2026-01-16 00:33:58,311 [ERROR] LogOutputStream:75 - [STDERR_REDIRECT] 
2026-01-16 00:34:28,311 [ERROR] LogOutputStream:75 - [STDERR_REDIRECT] Jan 16, 2026 12:34:28 AM java.util.prefs.FileSystemPreferences checkLockFile0ErrorCode
2026-01-16 00:34:28,311 [ERROR] LogOutputStream:75 - [STDERR_REDIRECT] WARNING: Could not lock System prefs. Unix error code 5.
2026-01-16 00:34:28,311 [ERROR] LogOutputStream:75 - [STDERR_REDIRECT] 
2026-01-16 00:34:28,311 [ERROR] LogOutputStream:75 - [STDERR_REDIRECT] Jan 16, 2026 12:34:28 AM java.util.prefs.FileSystemPreferences syncWorld
2026-01-16 00:34:28,311 [ERROR] LogOutputStream:75 - [STDERR_REDIRECT] WARNING: Couldn't flush system prefs: java.util.prefs.BackingStoreException: Couldn't get file lock.
2026-01-16 00:34:28,312 [ERROR] LogOutputStream:75 - [STDERR_REDIRECT] 
2026-01-16 00:34:58,309 [ERROR] LogOutputStream:75 - [STDERR_REDIRECT] Jan 16, 2026 12:34:58 AM java.util.prefs.FileSystemPreferences checkLockFile0ErrorCode
2026-01-16 00:34:58,309 [ERROR] LogOutputStream:75 - [STDERR_REDIRECT] WARNING: Could not lock System prefs. Unix error code 5.
2026-01-16 00:34:58,309 [ERROR] LogOutputStream:75 - [STDERR_REDIRECT] 
2026-01-16 00:34:58,309 [ERROR] LogOutputStream:75 - [STDERR_REDIRECT] Jan 16, 2026 12:34:58 AM java.util.prefs.FileSystemPreferences syncWorld
2026-01-16 00:34:58,310 [ERROR] LogOutputStream:75 - [STDERR_REDIRECT] WARNING: Couldn't flush system prefs: java.util.prefs.BackingStoreException: Couldn't get file lock.
2026-01-16 00:34:58,310 [ERROR] LogOutputStream:75 - [STDERR_REDIRECT] 
2026-01-16 00:35:28,309 [ERROR] LogOutputStream:75 - [STDERR_REDIRECT] Jan 16, 2026 12:35:28 AM java.util.prefs.FileSystemPreferences checkLockFile0ErrorCode
2026-01-16 00:35:28,309 [ERROR] LogOutputStream:75 - [STDERR_REDIRECT] WARNING: Could not lock System prefs. Unix error code 5.
2026-01-16 00:35:28,310 [ERROR] LogOutputStream:75 - [STDERR_REDIRECT] 
2026-01-16 00:35:28,310 [ERROR] LogOutputStream:75 - [STDERR_REDIRECT] Jan 16, 2026 12:35:28 AM java.util.prefs.FileSystemPreferences syncWorld
2026-01-16 00:35:28,310 [ERROR] LogOutputStream:75 - [STDERR_REDIRECT] WARNING: Couldn't flush system prefs: java.util.prefs.BackingStoreException: Couldn't get file lock.
2026-01-16 00:35:28,310 [ERROR] LogOutputStream:75 - [STDERR_REDIRECT] 
2026-01-16 00:35:58,310 [ERROR] LogOutputStream:75 - [STDERR_REDIRECT] Jan 16, 2026 12:35:58 AM java.util.prefs.FileSystemPreferences checkLockFile0ErrorCode
2026-01-16 00:35:58,310 [ERROR] LogOutputStream:75 - [STDERR_REDIRECT] WARNING: Could not lock System prefs. Unix error code 5.
2026-01-16 00:35:58,310 [ERROR] LogOutputStream:75 - [STDERR_REDIRECT] 
2026-01-16 00:35:58,310 [ERROR] LogOutputStream:75 - [STDERR_REDIRECT] Jan 16, 2026 12:35:58 AM java.util.prefs.FileSystemPreferences syncWorld
2026-01-16 00:35:58,310 [ERROR] LogOutputStream:75 - [STDERR_REDIRECT] WARNING: Couldn't flush system prefs: java.util.prefs.BackingStoreException: Couldn't get file lock.
2026-01-16 00:35:58,310 [ERROR] LogOutputStream:75 - [STDERR_REDIRECT] 
2026-01-16 00:36:28,310 [ERROR] LogOutputStream:75 - [STDERR_REDIRECT] Jan 16, 2026 12:36:28 AM java.util.prefs.FileSystemPreferences checkLockFile0ErrorCode
2026-01-16 00:36:28,310 [ERROR] LogOutputStream:75 - [STDERR_REDIRECT] WARNING: Could not lock System prefs. Unix error code 5.
2026-01-16 00:36:28,310 [ERROR] LogOutputStream:75 - [STDERR_REDIRECT] 
2026-01-16 00:36:28,310 [ERROR] LogOutputStream:75 - [STDERR_REDIRECT] Jan 16, 2026 12:36:28 AM java.util.prefs.FileSystemPreferences syncWorld
2026-01-16 00:36:28,310 [ERROR] LogOutputStream:75 - [STDERR_REDIRECT] WARNING: Couldn't flush system prefs: java.util.prefs.BackingStoreException: Couldn't get file lock.
2026-01-16 00:36:28,310 [ERROR] LogOutputStream:75 - [STDERR_REDIRECT] 
2026-01-16 00:36:58,310 [ERROR] LogOutputStream:75 - [STDERR_REDIRECT] Jan 16, 2026 12:36:58 AM java.util.prefs.FileSystemPreferences checkLockFile0ErrorCode
2026-01-16 00:36:58,310 [ERROR] LogOutputStream:75 - [STDERR_REDIRECT] WARNING: Could not lock System prefs. Unix error code 5.
2026-01-16 00:36:58,310 [ERROR] LogOutputStream:75 - [STDERR_REDIRECT] 
2026-01-16 00:36:58,311 [ERROR] LogOutputStream:75 - [STDERR_REDIRECT] Jan 16, 2026 12:36:58 AM java.util.prefs.FileSystemPreferences syncWorld
2026-01-16 00:36:58,311 [ERROR] LogOutputStream:75 - [STDERR_REDIRECT] WARNING: Couldn't flush system prefs: java.util.prefs.BackingStoreException: Couldn't get file lock.
2026-01-16 00:36:58,311 [ERROR] LogOutputStream:75 - [STDERR_REDIRECT] 
2026-01-16 00:37:28,309 [ERROR] LogOutputStream:75 - [STDERR_REDIRECT] Jan 16, 2026 12:37:28 AM java.util.prefs.FileSystemPreferences checkLockFile0ErrorCode
2026-01-16 00:37:28,309 [ERROR] LogOutputStream:75 - [STDERR_REDIRECT] WARNING: Could not lock System prefs. Unix error code 5.
2026-01-16 00:37:28,310 [ERROR] LogOutputStream:75 - [STDERR_REDIRECT] 
2026-01-16 00:37:28,310 [ERROR] LogOutputStream:75 - [STDERR_REDIRECT] Jan 16, 2026 12:37:28 AM java.util.prefs.FileSystemPreferences syncWorld
2026-01-16 00:37:28,310 [ERROR] LogOutputStream:75 - [STDERR_REDIRECT] WARNING: Couldn't flush system prefs: java.util.prefs.BackingStoreException: Couldn't get file lock.
2026-01-16 00:37:28,310 [ERROR] LogOutputStream:75 - [STDERR_REDIRECT] 
2026-01-16 00:37:58,311 [ERROR] LogOutputStream:75 - [STDERR_REDIRECT] Jan 16, 2026 12:37:58 AM java.util.prefs.FileSystemPreferences checkLockFile0ErrorCode
2026-01-16 00:37:58,311 [ERROR] LogOutputStream:75 - [STDERR_REDIRECT] WARNING: Could not lock System prefs. Unix error code 5.
2026-01-16 00:37:58,311 [ERROR] LogOutputStream:75 - [STDERR_REDIRECT] 
2026-01-16 00:37:58,311 [ERROR] LogOutputStream:75 - [STDERR_REDIRECT] Jan 16, 2026 12:37:58 AM java.util.prefs.FileSystemPreferences syncWorld
2026-01-16 00:37:58,311 [ERROR] LogOutputStream:75 - [STDERR_REDIRECT] WARNING: Couldn't flush system prefs: java.util.prefs.BackingStoreException: Couldn't get file lock.
2026-01-16 00:37:58,311 [ERROR] LogOutputStream:75 - [STDERR_REDIRECT] 
2026-01-16 00:38:28,311 [ERROR] LogOutputStream:75 - [STDERR_REDIRECT] Jan 16, 2026 12:38:28 AM java.util.prefs.FileSystemPreferences checkLockFile0ErrorCode
2026-01-16 00:38:28,311 [ERROR] LogOutputStream:75 - [STDERR_REDIRECT] WARNING: Could not lock System prefs. Unix error code 5.
2026-01-16 00:38:28,311 [ERROR] LogOutputStream:75 - [STDERR_REDIRECT] 
2026-01-16 00:38:28,311 [ERROR] LogOutputStream:75 - [STDERR_REDIRECT] Jan 16, 2026 12:38:28 AM java.util.prefs.FileSystemPreferences syncWorld
2026-01-16 00:38:28,311 [ERROR] LogOutputStream:75 - [STDERR_REDIRECT] WARNING: Couldn't flush system prefs: java.util.prefs.BackingStoreException: Couldn't get file lock.
2026-01-16 00:38:28,311 [ERROR] LogOutputStream:75 - [STDERR_REDIRECT] 
2026-01-16 00:38:58,310 [ERROR] LogOutputStream:75 - [STDERR_REDIRECT] Jan 16, 2026 12:38:58 AM java.util.prefs.FileSystemPreferences checkLockFile0ErrorCode
2026-01-16 00:38:58,311 [ERROR] LogOutputStream:75 - [STDERR_REDIRECT] WARNING: Could not lock System prefs. Unix error code 5.
2026-01-16 00:38:58,311 [ERROR] LogOutputStream:75 - [STDERR_REDIRECT] 
2026-01-16 00:38:58,311 [ERROR] LogOutputStream:75 - [STDERR_REDIRECT] Jan 16, 2026 12:38:58 AM java.util.prefs.FileSystemPreferences syncWorld
2026-01-16 00:38:58,311 [ERROR] LogOutputStream:75 - [STDERR_REDIRECT] WARNING: Couldn't flush system prefs: java.util.prefs.BackingStoreException: Couldn't get file lock.
2026-01-16 00:38:58,311 [ERROR] LogOutputStream:75 - [STDERR_REDIRECT] 
2026-01-16 00:39:28,310 [ERROR] LogOutputStream:75 - [STDERR_REDIRECT] Jan 16, 2026 12:39:28 AM java.util.prefs.FileSystemPreferences checkLockFile0ErrorCode
2026-01-16 00:39:28,311 [ERROR] LogOutputStream:75 - [STDERR_REDIRECT] WARNING: Could not lock System prefs. Unix error code 5.
2026-01-16 00:39:28,311 [ERROR] LogOutputStream:75 - [STDERR_REDIRECT] 
2026-01-16 00:39:28,311 [ERROR] LogOutputStream:75 - [STDERR_REDIRECT] Jan 16, 2026 12:39:28 AM java.util.prefs.FileSystemPreferences syncWorld
2026-01-16 00:39:28,311 [ERROR] LogOutputStream:75 - [STDERR_REDIRECT] WARNING: Couldn't flush system prefs: java.util.prefs.BackingStoreException: Couldn't get file lock.
2026-01-16 00:39:28,311 [ERROR] LogOutputStream:75 - [STDERR_REDIRECT] 
2026-01-16 00:39:58,310 [ERROR] LogOutputStream:75 - [STDERR_REDIRECT] Jan 16, 2026 12:39:58 AM java.util.prefs.FileSystemPreferences checkLockFile0ErrorCode
2026-01-16 00:39:58,311 [ERROR] LogOutputStream:75 - [STDERR_REDIRECT] WARNING: Could not lock System prefs. Unix error code 5.
2026-01-16 00:39:58,311 [ERROR] LogOutputStream:75 - [STDERR_REDIRECT] 
2026-01-16 00:39:58,311 [ERROR] LogOutputStream:75 - [STDERR_REDIRECT] Jan 16, 2026 12:39:58 AM java.util.prefs.FileSystemPreferences syncWorld
2026-01-16 00:39:58,311 [ERROR] LogOutputStream:75 - [STDERR_REDIRECT] WARNING: Couldn't flush system prefs: java.util.prefs.BackingStoreException: Couldn't get file lock.
2026-01-16 00:39:58,311 [ERROR] LogOutputStream:75 - [STDERR_REDIRECT] 
2026-01-16 00:40:28,310 [ERROR] LogOutputStream:75 - [STDERR_REDIRECT] Jan 16, 2026 12:40:28 AM java.util.prefs.FileSystemPreferences checkLockFile0ErrorCode
2026-01-16 00:40:28,311 [ERROR] LogOutputStream:75 - [STDERR_REDIRECT] WARNING: Could not lock System prefs. Unix error code 5.
2026-01-16 00:40:28,311 [ERROR] LogOutputStream:75 - [STDERR_REDIRECT] 
2026-01-16 00:40:28,311 [ERROR] LogOutputStream:75 - [STDERR_REDIRECT] Jan 16, 2026 12:40:28 AM java.util.prefs.FileSystemPreferences syncWorld
2026-01-16 00:40:28,311 [ERROR] LogOutputStream:75 - [STDERR_REDIRECT] WARNING: Couldn't flush system prefs: java.util.prefs.BackingStoreException: Couldn't get file lock.
2026-01-16 00:40:28,311 [ERROR] LogOutputStream:75 - [STDERR_REDIRECT] 
2026-01-16 00:40:58,310 [ERROR] LogOutputStream:75 - [STDERR_REDIRECT] Jan 16, 2026 12:40:58 AM java.util.prefs.FileSystemPreferences checkLockFile0ErrorCode
2026-01-16 00:40:58,310 [ERROR] LogOutputStream:75 - [STDERR_REDIRECT] WARNING: Could not lock System prefs. Unix error code 5.
2026-01-16 00:40:58,311 [ERROR] LogOutputStream:75 - [STDERR_REDIRECT] 
2026-01-16 00:40:58,311 [ERROR] LogOutputStream:75 - [STDERR_REDIRECT] Jan 16, 2026 12:40:58 AM java.util.prefs.FileSystemPreferences syncWorld
2026-01-16 00:40:58,311 [ERROR] LogOutputStream:75 - [STDERR_REDIRECT] WARNING: Couldn't flush system prefs: java.util.prefs.BackingStoreException: Couldn't get file lock.
2026-01-16 00:40:58,311 [ERROR] LogOutputStream:75 - [STDERR_REDIRECT] 
2026-01-16 00:41:28,310 [ERROR] LogOutputStream:75 - [STDERR_REDIRECT] Jan 16, 2026 12:41:28 AM java.util.prefs.FileSystemPreferences checkLockFile0ErrorCode
2026-01-16 00:41:28,310 [ERROR] LogOutputStream:75 - [STDERR_REDIRECT] WARNING: Could not lock System prefs. Unix error code 5.
2026-01-16 00:41:28,311 [ERROR] LogOutputStream:75 - [STDERR_REDIRECT] 
2026-01-16 00:41:28,311 [ERROR] LogOutputStream:75 - [STDERR_REDIRECT] Jan 16, 2026 12:41:28 AM java.util.prefs.FileSystemPreferences syncWorld
2026-01-16 00:41:28,311 [ERROR] LogOutputStream:75 - [STDERR_REDIRECT] WARNING: Couldn't flush system prefs: java.util.prefs.BackingStoreException: Couldn't get file lock.
2026-01-16 00:41:28,311 [ERROR] LogOutputStream:75 - [STDERR_REDIRECT] 
2026-01-16 00:41:58,310 [ERROR] LogOutputStream:75 - [STDERR_REDIRECT] Jan 16, 2026 12:41:58 AM java.util.prefs.FileSystemPreferences checkLockFile0ErrorCode
2026-01-16 00:41:58,310 [ERROR] LogOutputStream:75 - [STDERR_REDIRECT] WARNING: Could not lock System prefs. Unix error code 5.
2026-01-16 00:41:58,310 [ERROR] LogOutputStream:75 - [STDERR_REDIRECT] 
2026-01-16 00:41:58,311 [ERROR] LogOutputStream:75 - [STDERR_REDIRECT] Jan 16, 2026 12:41:58 AM java.util.prefs.FileSystemPreferences syncWorld
2026-01-16 00:41:58,311 [ERROR] LogOutputStream:75 - [STDERR_REDIRECT] WARNING: Couldn't flush system prefs: java.util.prefs.BackingStoreException: Couldn't get file lock.
2026-01-16 00:41:58,311 [ERROR] LogOutputStream:75 - [STDERR_REDIRECT] 
2026-01-16 00:42:28,310 [ERROR] LogOutputStream:75 - [STDERR_REDIRECT] Jan 16, 2026 12:42:28 AM java.util.prefs.FileSystemPreferences checkLockFile0ErrorCode
2026-01-16 00:42:28,310 [ERROR] LogOutputStream:75 - [STDERR_REDIRECT] WARNING: Could not lock System prefs. Unix error code 5.
2026-01-16 00:42:28,310 [ERROR] LogOutputStream:75 - [STDERR_REDIRECT] 
2026-01-16 00:42:28,310 [ERROR] LogOutputStream:75 - [STDERR_REDIRECT] Jan 16, 2026 12:42:28 AM java.util.prefs.FileSystemPreferences syncWorld
2026-01-16 00:42:28,310 [ERROR] LogOutputStream:75 - [STDERR_REDIRECT] WARNING: Couldn't flush system prefs: java.util.prefs.BackingStoreException: Couldn't get file lock.
2026-01-16 00:42:28,310 [ERROR] LogOutputStream:75 - [STDERR_REDIRECT] 
2026-01-16 00:42:58,311 [ERROR] LogOutputStream:75 - [STDERR_REDIRECT] Jan 16, 2026 12:42:58 AM java.util.prefs.FileSystemPreferences checkLockFile0ErrorCode
2026-01-16 00:42:58,311 [ERROR] LogOutputStream:75 - [STDERR_REDIRECT] WARNING: Could not lock System prefs. Unix error code 5.
2026-01-16 00:42:58,311 [ERROR] LogOutputStream:75 - [STDERR_REDIRECT] 
2026-01-16 00:42:58,311 [ERROR] LogOutputStream:75 - [STDERR_REDIRECT] Jan 16, 2026 12:42:58 AM java.util.prefs.FileSystemPreferences syncWorld
2026-01-16 00:42:58,311 [ERROR] LogOutputStream:75 - [STDERR_REDIRECT] WARNING: Couldn't flush system prefs: java.util.prefs.BackingStoreException: Couldn't get file lock.
2026-01-16 00:42:58,311 [ERROR] LogOutputStream:75 - [STDERR_REDIRECT] 
2026-01-16 00:43:28,312 [ERROR] LogOutputStream:75 - [STDERR_REDIRECT] Jan 16, 2026 12:43:28 AM java.util.prefs.FileSystemPreferences checkLockFile0ErrorCode
2026-01-16 00:43:28,312 [ERROR] LogOutputStream:75 - [STDERR_REDIRECT] WARNING: Could not lock System prefs. Unix error code 5.
2026-01-16 00:43:28,312 [ERROR] LogOutputStream:75 - [STDERR_REDIRECT] 
2026-01-16 00:43:28,312 [ERROR] LogOutputStream:75 - [STDERR_REDIRECT] Jan 16, 2026 12:43:28 AM java.util.prefs.FileSystemPreferences syncWorld
2026-01-16 00:43:28,312 [ERROR] LogOutputStream:75 - [STDERR_REDIRECT] WARNING: Couldn't flush system prefs: java.util.prefs.BackingStoreException: Couldn't get file lock.
2026-01-16 00:43:28,312 [ERROR] LogOutputStream:75 - [STDERR_REDIRECT] 
2026-01-16 00:43:58,313 [ERROR] LogOutputStream:75 - [STDERR_REDIRECT] Jan 16, 2026 12:43:58 AM java.util.prefs.FileSystemPreferences checkLockFile0ErrorCode
2026-01-16 00:43:58,314 [ERROR] LogOutputStream:75 - [STDERR_REDIRECT] WARNING: Could not lock System prefs. Unix error code 5.
2026-01-16 00:43:58,314 [ERROR] LogOutputStream:75 - [STDERR_REDIRECT] 
2026-01-16 00:43:58,314 [ERROR] LogOutputStream:75 - [STDERR_REDIRECT] Jan 16, 2026 12:43:58 AM java.util.prefs.FileSystemPreferences syncWorld
2026-01-16 00:43:58,314 [ERROR] LogOutputStream:75 - [STDERR_REDIRECT] WARNING: Couldn't flush system prefs: java.util.prefs.BackingStoreException: Couldn't get file lock.
2026-01-16 00:43:58,314 [ERROR] LogOutputStream:75 - [STDERR_REDIRECT] 
2026-01-16 00:44:28,314 [ERROR] LogOutputStream:75 - [STDERR_REDIRECT] Jan 16, 2026 12:44:28 AM java.util.prefs.FileSystemPreferences checkLockFile0ErrorCode
2026-01-16 00:44:28,314 [ERROR] LogOutputStream:75 - [STDERR_REDIRECT] WARNING: Could not lock System prefs. Unix error code 5.
2026-01-16 00:44:28,314 [ERROR] LogOutputStream:75 - [STDERR_REDIRECT] 
2026-01-16 00:44:28,314 [ERROR] LogOutputStream:75 - [STDERR_REDIRECT] Jan 16, 2026 12:44:28 AM java.util.prefs.FileSystemPreferences syncWorld
2026-01-16 00:44:28,314 [ERROR] LogOutputStream:75 - [STDERR_REDIRECT] WARNING: Couldn't flush system prefs: java.util.prefs.BackingStoreException: Couldn't get file lock.
2026-01-16 00:44:28,314 [ERROR] LogOutputStream:75 - [STDERR_REDIRECT] 
2026-01-16 00:44:58,314 [ERROR] LogOutputStream:75 - [STDERR_REDIRECT] Jan 16, 2026 12:44:58 AM java.util.prefs.FileSystemPreferences checkLockFile0ErrorCode
2026-01-16 00:44:58,314 [ERROR] LogOutputStream:75 - [STDERR_REDIRECT] WARNING: Could not lock System prefs. Unix error code 5.
2026-01-16 00:44:58,314 [ERROR] LogOutputStream:75 - [STDERR_REDIRECT] 
2026-01-16 00:44:58,314 [ERROR] LogOutputStream:75 - [STDERR_REDIRECT] Jan 16, 2026 12:44:58 AM java.util.prefs.FileSystemPreferences syncWorld
2026-01-16 00:44:58,315 [ERROR] LogOutputStream:75 - [STDERR_REDIRECT] WARNING: Couldn't flush system prefs: java.util.prefs.BackingStoreException: Couldn't get file lock.
2026-01-16 00:44:58,315 [ERROR] LogOutputStream:75 - [STDERR_REDIRECT] 
2026-01-16 00:45:28,315 [ERROR] LogOutputStream:75 - [STDERR_REDIRECT] Jan 16, 2026 12:45:28 AM java.util.prefs.FileSystemPreferences checkLockFile0ErrorCode
2026-01-16 00:45:28,315 [ERROR] LogOutputStream:75 - [STDERR_REDIRECT] WARNING: Could not lock System prefs. Unix error code 5.
2026-01-16 00:45:28,315 [ERROR] LogOutputStream:75 - [STDERR_REDIRECT] 
2026-01-16 00:45:28,315 [ERROR] LogOutputStream:75 - [STDERR_REDIRECT] Jan 16, 2026 12:45:28 AM java.util.prefs.FileSystemPreferences syncWorld
2026-01-16 00:45:28,315 [ERROR] LogOutputStream:75 - [STDERR_REDIRECT] WARNING: Couldn't flush system prefs: java.util.prefs.BackingStoreException: Couldn't get file lock.
2026-01-16 00:45:28,316 [ERROR] LogOutputStream:75 - [STDERR_REDIRECT] 
2026-01-16 00:45:58,315 [ERROR] LogOutputStream:75 - [STDERR_REDIRECT] Jan 16, 2026 12:45:58 AM java.util.prefs.FileSystemPreferences checkLockFile0ErrorCode
2026-01-16 00:45:58,315 [ERROR] LogOutputStream:75 - [STDERR_REDIRECT] WARNING: Could not lock System prefs. Unix error code 5.
2026-01-16 00:45:58,315 [ERROR] LogOutputStream:75 - [STDERR_REDIRECT] 
2026-01-16 00:45:58,315 [ERROR] LogOutputStream:75 - [STDERR_REDIRECT] Jan 16, 2026 12:45:58 AM java.util.prefs.FileSystemPreferences syncWorld
2026-01-16 00:45:58,315 [ERROR] LogOutputStream:75 - [STDERR_REDIRECT] WARNING: Couldn't flush system prefs: java.util.prefs.BackingStoreException: Couldn't get file lock.
2026-01-16 00:45:58,315 [ERROR] LogOutputStream:75 - [STDERR_REDIRECT] 
2026-01-16 00:46:28,316 [ERROR] LogOutputStream:75 - [STDERR_REDIRECT] Jan 16, 2026 12:46:28 AM java.util.prefs.FileSystemPreferences checkLockFile0ErrorCode
2026-01-16 00:46:28,316 [ERROR] LogOutputStream:75 - [STDERR_REDIRECT] WARNING: Could not lock System prefs. Unix error code 5.
2026-01-16 00:46:28,317 [ERROR] LogOutputStream:75 - [STDERR_REDIRECT] 
2026-01-16 00:46:28,317 [ERROR] LogOutputStream:75 - [STDERR_REDIRECT] Jan 16, 2026 12:46:28 AM java.util.prefs.FileSystemPreferences syncWorld
2026-01-16 00:46:28,317 [ERROR] LogOutputStream:75 - [STDERR_REDIRECT] WARNING: Couldn't flush system prefs: java.util.prefs.BackingStoreException: Couldn't get file lock.
2026-01-16 00:46:28,317 [ERROR] LogOutputStream:75 - [STDERR_REDIRECT] 
2026-01-16 00:46:58,316 [ERROR] LogOutputStream:75 - [STDERR_REDIRECT] Jan 16, 2026 12:46:58 AM java.util.prefs.FileSystemPreferences checkLockFile0ErrorCode
2026-01-16 00:46:58,316 [ERROR] LogOutputStream:75 - [STDERR_REDIRECT] WARNING: Could not lock System prefs. Unix error code 5.
2026-01-16 00:46:58,317 [ERROR] LogOutputStream:75 - [STDERR_REDIRECT] 
2026-01-16 00:46:58,317 [ERROR] LogOutputStream:75 - [STDERR_REDIRECT] Jan 16, 2026 12:46:58 AM java.util.prefs.FileSystemPreferences syncWorld
2026-01-16 00:46:58,317 [ERROR] LogOutputStream:75 - [STDERR_REDIRECT] WARNING: Couldn't flush system prefs: java.util.prefs.BackingStoreException: Couldn't get file lock.
2026-01-16 00:46:58,317 [ERROR] LogOutputStream:75 - [STDERR_REDIRECT] 
