2026-06-22 00:00:09,669 [ERROR] LogOutputStream:75 - [STDERR_REDIRECT] Jun 22, 2026 12:00:09 AM java.util.prefs.FileSystemPreferences checkLockFile0ErrorCode
2026-06-22 00:00:09,680 [ERROR] LogOutputStream:75 - [STDERR_REDIRECT] WARNING: Could not lock System prefs. Unix error code 28793.
2026-06-22 00:00:09,680 [ERROR] LogOutputStream:75 - [STDERR_REDIRECT] 
2026-06-22 00:00:09,680 [ERROR] LogOutputStream:75 - [STDERR_REDIRECT] Jun 22, 2026 12:00:09 AM java.util.prefs.FileSystemPreferences syncWorld
2026-06-22 00:00:09,680 [ERROR] LogOutputStream:75 - [STDERR_REDIRECT] WARNING: Couldn't flush system prefs: java.util.prefs.BackingStoreException: Couldn't get file lock.
2026-06-22 00:00:09,680 [ERROR] LogOutputStream:75 - [STDERR_REDIRECT] 
2026-06-22 00:00:39,669 [ERROR] LogOutputStream:75 - [STDERR_REDIRECT] Jun 22, 2026 12:00:39 AM java.util.prefs.FileSystemPreferences checkLockFile0ErrorCode
2026-06-22 00:00:39,669 [ERROR] LogOutputStream:75 - [STDERR_REDIRECT] WARNING: Could not lock System prefs. Unix error code 28793.
2026-06-22 00:00:39,669 [ERROR] LogOutputStream:75 - [STDERR_REDIRECT] 
2026-06-22 00:00:39,670 [ERROR] LogOutputStream:75 - [STDERR_REDIRECT] Jun 22, 2026 12:00:39 AM java.util.prefs.FileSystemPreferences syncWorld
2026-06-22 00:00:39,670 [ERROR] LogOutputStream:75 - [STDERR_REDIRECT] WARNING: Couldn't flush system prefs: java.util.prefs.BackingStoreException: Couldn't get file lock.
2026-06-22 00:00:39,670 [ERROR] LogOutputStream:75 - [STDERR_REDIRECT] 
2026-06-22 00:01:09,669 [ERROR] LogOutputStream:75 - [STDERR_REDIRECT] Jun 22, 2026 12:01:09 AM java.util.prefs.FileSystemPreferences checkLockFile0ErrorCode
2026-06-22 00:01:09,670 [ERROR] LogOutputStream:75 - [STDERR_REDIRECT] WARNING: Could not lock System prefs. Unix error code 28793.
2026-06-22 00:01:09,670 [ERROR] LogOutputStream:75 - [STDERR_REDIRECT] 
2026-06-22 00:01:09,670 [ERROR] LogOutputStream:75 - [STDERR_REDIRECT] Jun 22, 2026 12:01:09 AM java.util.prefs.FileSystemPreferences syncWorld
2026-06-22 00:01:09,670 [ERROR] LogOutputStream:75 - [STDERR_REDIRECT] WARNING: Couldn't flush system prefs: java.util.prefs.BackingStoreException: Couldn't get file lock.
2026-06-22 00:01:09,670 [ERROR] LogOutputStream:75 - [STDERR_REDIRECT] 
2026-06-22 00:01:39,671 [ERROR] LogOutputStream:75 - [STDERR_REDIRECT] Jun 22, 2026 12:01:39 AM java.util.prefs.FileSystemPreferences checkLockFile0ErrorCode
2026-06-22 00:01:39,671 [ERROR] LogOutputStream:75 - [STDERR_REDIRECT] WARNING: Could not lock System prefs. Unix error code 28793.
2026-06-22 00:01:39,671 [ERROR] LogOutputStream:75 - [STDERR_REDIRECT] 
2026-06-22 00:01:39,671 [ERROR] LogOutputStream:75 - [STDERR_REDIRECT] Jun 22, 2026 12:01:39 AM java.util.prefs.FileSystemPreferences syncWorld
2026-06-22 00:01:39,672 [ERROR] LogOutputStream:75 - [STDERR_REDIRECT] WARNING: Couldn't flush system prefs: java.util.prefs.BackingStoreException: Couldn't get file lock.
2026-06-22 00:01:39,673 [ERROR] LogOutputStream:75 - [STDERR_REDIRECT] 
2026-06-22 00:02:09,670 [ERROR] LogOutputStream:75 - [STDERR_REDIRECT] Jun 22, 2026 12:02:09 AM java.util.prefs.FileSystemPreferences checkLockFile0ErrorCode
2026-06-22 00:02:09,671 [ERROR] LogOutputStream:75 - [STDERR_REDIRECT] WARNING: Could not lock System prefs. Unix error code 28793.
2026-06-22 00:02:09,671 [ERROR] LogOutputStream:75 - [STDERR_REDIRECT] 
2026-06-22 00:02:09,671 [ERROR] LogOutputStream:75 - [STDERR_REDIRECT] Jun 22, 2026 12:02:09 AM java.util.prefs.FileSystemPreferences syncWorld
2026-06-22 00:02:09,671 [ERROR] LogOutputStream:75 - [STDERR_REDIRECT] WARNING: Couldn't flush system prefs: java.util.prefs.BackingStoreException: Couldn't get file lock.
2026-06-22 00:02:09,671 [ERROR] LogOutputStream:75 - [STDERR_REDIRECT] 
2026-06-22 00:02:39,671 [ERROR] LogOutputStream:75 - [STDERR_REDIRECT] Jun 22, 2026 12:02:39 AM java.util.prefs.FileSystemPreferences checkLockFile0ErrorCode
2026-06-22 00:02:39,671 [ERROR] LogOutputStream:75 - [STDERR_REDIRECT] WARNING: Could not lock System prefs. Unix error code 28793.
2026-06-22 00:02:39,671 [ERROR] LogOutputStream:75 - [STDERR_REDIRECT] 
2026-06-22 00:02:39,672 [ERROR] LogOutputStream:75 - [STDERR_REDIRECT] Jun 22, 2026 12:02:39 AM java.util.prefs.FileSystemPreferences syncWorld
2026-06-22 00:02:39,672 [ERROR] LogOutputStream:75 - [STDERR_REDIRECT] WARNING: Couldn't flush system prefs: java.util.prefs.BackingStoreException: Couldn't get file lock.
2026-06-22 00:02:39,672 [ERROR] LogOutputStream:75 - [STDERR_REDIRECT] 
2026-06-22 00:03:09,671 [ERROR] LogOutputStream:75 - [STDERR_REDIRECT] Jun 22, 2026 12:03:09 AM java.util.prefs.FileSystemPreferences checkLockFile0ErrorCode
2026-06-22 00:03:09,671 [ERROR] LogOutputStream:75 - [STDERR_REDIRECT] WARNING: Could not lock System prefs. Unix error code 28793.
2026-06-22 00:03:09,671 [ERROR] LogOutputStream:75 - [STDERR_REDIRECT] 
2026-06-22 00:03:09,672 [ERROR] LogOutputStream:75 - [STDERR_REDIRECT] Jun 22, 2026 12:03:09 AM java.util.prefs.FileSystemPreferences syncWorld
2026-06-22 00:03:09,672 [ERROR] LogOutputStream:75 - [STDERR_REDIRECT] WARNING: Couldn't flush system prefs: java.util.prefs.BackingStoreException: Couldn't get file lock.
2026-06-22 00:03:09,673 [ERROR] LogOutputStream:75 - [STDERR_REDIRECT] 
2026-06-22 00:03:39,671 [ERROR] LogOutputStream:75 - [STDERR_REDIRECT] Jun 22, 2026 12:03:39 AM java.util.prefs.FileSystemPreferences checkLockFile0ErrorCode
2026-06-22 00:03:39,671 [ERROR] LogOutputStream:75 - [STDERR_REDIRECT] WARNING: Could not lock System prefs. Unix error code 28793.
2026-06-22 00:03:39,671 [ERROR] LogOutputStream:75 - [STDERR_REDIRECT] 
2026-06-22 00:03:39,672 [ERROR] LogOutputStream:75 - [STDERR_REDIRECT] Jun 22, 2026 12:03:39 AM java.util.prefs.FileSystemPreferences syncWorld
2026-06-22 00:03:39,672 [ERROR] LogOutputStream:75 - [STDERR_REDIRECT] WARNING: Couldn't flush system prefs: java.util.prefs.BackingStoreException: Couldn't get file lock.
2026-06-22 00:03:39,672 [ERROR] LogOutputStream:75 - [STDERR_REDIRECT] 
2026-06-22 00:04:09,671 [ERROR] LogOutputStream:75 - [STDERR_REDIRECT] Jun 22, 2026 12:04:09 AM java.util.prefs.FileSystemPreferences checkLockFile0ErrorCode
2026-06-22 00:04:09,671 [ERROR] LogOutputStream:75 - [STDERR_REDIRECT] WARNING: Could not lock System prefs. Unix error code 28793.
2026-06-22 00:04:09,671 [ERROR] LogOutputStream:75 - [STDERR_REDIRECT] 
2026-06-22 00:04:09,671 [ERROR] LogOutputStream:75 - [STDERR_REDIRECT] Jun 22, 2026 12:04:09 AM java.util.prefs.FileSystemPreferences syncWorld
2026-06-22 00:04:09,672 [ERROR] LogOutputStream:75 - [STDERR_REDIRECT] WARNING: Couldn't flush system prefs: java.util.prefs.BackingStoreException: Couldn't get file lock.
2026-06-22 00:04:09,672 [ERROR] LogOutputStream:75 - [STDERR_REDIRECT] 
2026-06-22 00:04:39,670 [ERROR] LogOutputStream:75 - [STDERR_REDIRECT] Jun 22, 2026 12:04:39 AM java.util.prefs.FileSystemPreferences checkLockFile0ErrorCode
2026-06-22 00:04:39,671 [ERROR] LogOutputStream:75 - [STDERR_REDIRECT] WARNING: Could not lock System prefs. Unix error code 28793.
2026-06-22 00:04:39,671 [ERROR] LogOutputStream:75 - [STDERR_REDIRECT] 
2026-06-22 00:04:39,671 [ERROR] LogOutputStream:75 - [STDERR_REDIRECT] Jun 22, 2026 12:04:39 AM java.util.prefs.FileSystemPreferences syncWorld
2026-06-22 00:04:39,671 [ERROR] LogOutputStream:75 - [STDERR_REDIRECT] WARNING: Couldn't flush system prefs: java.util.prefs.BackingStoreException: Couldn't get file lock.
2026-06-22 00:04:39,671 [ERROR] LogOutputStream:75 - [STDERR_REDIRECT] 
2026-06-22 00:05:09,671 [ERROR] LogOutputStream:75 - [STDERR_REDIRECT] Jun 22, 2026 12:05:09 AM java.util.prefs.FileSystemPreferences checkLockFile0ErrorCode
2026-06-22 00:05:09,671 [ERROR] LogOutputStream:75 - [STDERR_REDIRECT] WARNING: Could not lock System prefs. Unix error code 28793.
2026-06-22 00:05:09,672 [ERROR] LogOutputStream:75 - [STDERR_REDIRECT] 
2026-06-22 00:05:09,672 [ERROR] LogOutputStream:75 - [STDERR_REDIRECT] Jun 22, 2026 12:05:09 AM java.util.prefs.FileSystemPreferences syncWorld
2026-06-22 00:05:09,672 [ERROR] LogOutputStream:75 - [STDERR_REDIRECT] WARNING: Couldn't flush system prefs: java.util.prefs.BackingStoreException: Couldn't get file lock.
2026-06-22 00:05:09,672 [ERROR] LogOutputStream:75 - [STDERR_REDIRECT] 
2026-06-22 00:05:39,672 [ERROR] LogOutputStream:75 - [STDERR_REDIRECT] Jun 22, 2026 12:05:39 AM java.util.prefs.FileSystemPreferences checkLockFile0ErrorCode
2026-06-22 00:05:39,672 [ERROR] LogOutputStream:75 - [STDERR_REDIRECT] WARNING: Could not lock System prefs. Unix error code 28793.
2026-06-22 00:05:39,672 [ERROR] LogOutputStream:75 - [STDERR_REDIRECT] 
2026-06-22 00:05:39,672 [ERROR] LogOutputStream:75 - [STDERR_REDIRECT] Jun 22, 2026 12:05:39 AM java.util.prefs.FileSystemPreferences syncWorld
2026-06-22 00:05:39,672 [ERROR] LogOutputStream:75 - [STDERR_REDIRECT] WARNING: Couldn't flush system prefs: java.util.prefs.BackingStoreException: Couldn't get file lock.
2026-06-22 00:05:39,672 [ERROR] LogOutputStream:75 - [STDERR_REDIRECT] 
2026-06-22 00:06:09,672 [ERROR] LogOutputStream:75 - [STDERR_REDIRECT] Jun 22, 2026 12:06:09 AM java.util.prefs.FileSystemPreferences checkLockFile0ErrorCode
2026-06-22 00:06:09,672 [ERROR] LogOutputStream:75 - [STDERR_REDIRECT] WARNING: Could not lock System prefs. Unix error code 28793.
2026-06-22 00:06:09,672 [ERROR] LogOutputStream:75 - [STDERR_REDIRECT] 
2026-06-22 00:06:09,673 [ERROR] LogOutputStream:75 - [STDERR_REDIRECT] Jun 22, 2026 12:06:09 AM java.util.prefs.FileSystemPreferences syncWorld
2026-06-22 00:06:09,673 [ERROR] LogOutputStream:75 - [STDERR_REDIRECT] WARNING: Couldn't flush system prefs: java.util.prefs.BackingStoreException: Couldn't get file lock.
2026-06-22 00:06:09,673 [ERROR] LogOutputStream:75 - [STDERR_REDIRECT] 
2026-06-22 00:06:39,673 [ERROR] LogOutputStream:75 - [STDERR_REDIRECT] Jun 22, 2026 12:06:39 AM java.util.prefs.FileSystemPreferences checkLockFile0ErrorCode
2026-06-22 00:06:39,673 [ERROR] LogOutputStream:75 - [STDERR_REDIRECT] WARNING: Could not lock System prefs. Unix error code 28793.
2026-06-22 00:06:39,673 [ERROR] LogOutputStream:75 - [STDERR_REDIRECT] 
2026-06-22 00:06:39,673 [ERROR] LogOutputStream:75 - [STDERR_REDIRECT] Jun 22, 2026 12:06:39 AM java.util.prefs.FileSystemPreferences syncWorld
2026-06-22 00:06:39,673 [ERROR] LogOutputStream:75 - [STDERR_REDIRECT] WARNING: Couldn't flush system prefs: java.util.prefs.BackingStoreException: Couldn't get file lock.
2026-06-22 00:06:39,674 [ERROR] LogOutputStream:75 - [STDERR_REDIRECT] 
2026-06-22 00:07:09,672 [ERROR] LogOutputStream:75 - [STDERR_REDIRECT] Jun 22, 2026 12:07:09 AM java.util.prefs.FileSystemPreferences checkLockFile0ErrorCode
2026-06-22 00:07:09,673 [ERROR] LogOutputStream:75 - [STDERR_REDIRECT] WARNING: Could not lock System prefs. Unix error code 28793.
2026-06-22 00:07:09,673 [ERROR] LogOutputStream:75 - [STDERR_REDIRECT] 
2026-06-22 00:07:09,673 [ERROR] LogOutputStream:75 - [STDERR_REDIRECT] Jun 22, 2026 12:07:09 AM java.util.prefs.FileSystemPreferences syncWorld
2026-06-22 00:07:09,673 [ERROR] LogOutputStream:75 - [STDERR_REDIRECT] WARNING: Couldn't flush system prefs: java.util.prefs.BackingStoreException: Couldn't get file lock.
2026-06-22 00:07:09,673 [ERROR] LogOutputStream:75 - [STDERR_REDIRECT] 
2026-06-22 00:07:39,673 [ERROR] LogOutputStream:75 - [STDERR_REDIRECT] Jun 22, 2026 12:07:39 AM java.util.prefs.FileSystemPreferences checkLockFile0ErrorCode
2026-06-22 00:07:39,674 [ERROR] LogOutputStream:75 - [STDERR_REDIRECT] WARNING: Could not lock System prefs. Unix error code 28793.
2026-06-22 00:07:39,674 [ERROR] LogOutputStream:75 - [STDERR_REDIRECT] 
2026-06-22 00:07:39,674 [ERROR] LogOutputStream:75 - [STDERR_REDIRECT] Jun 22, 2026 12:07:39 AM java.util.prefs.FileSystemPreferences syncWorld
2026-06-22 00:07:39,674 [ERROR] LogOutputStream:75 - [STDERR_REDIRECT] WARNING: Couldn't flush system prefs: java.util.prefs.BackingStoreException: Couldn't get file lock.
2026-06-22 00:07:39,674 [ERROR] LogOutputStream:75 - [STDERR_REDIRECT] 
2026-06-22 00:08:09,673 [ERROR] LogOutputStream:75 - [STDERR_REDIRECT] Jun 22, 2026 12:08:09 AM java.util.prefs.FileSystemPreferences checkLockFile0ErrorCode
2026-06-22 00:08:09,673 [ERROR] LogOutputStream:75 - [STDERR_REDIRECT] WARNING: Could not lock System prefs. Unix error code 28793.
2026-06-22 00:08:09,673 [ERROR] LogOutputStream:75 - [STDERR_REDIRECT] 
2026-06-22 00:08:09,673 [ERROR] LogOutputStream:75 - [STDERR_REDIRECT] Jun 22, 2026 12:08:09 AM java.util.prefs.FileSystemPreferences syncWorld
2026-06-22 00:08:09,674 [ERROR] LogOutputStream:75 - [STDERR_REDIRECT] WARNING: Couldn't flush system prefs: java.util.prefs.BackingStoreException: Couldn't get file lock.
2026-06-22 00:08:09,674 [ERROR] LogOutputStream:75 - [STDERR_REDIRECT] 
2026-06-22 00:08:39,673 [ERROR] LogOutputStream:75 - [STDERR_REDIRECT] Jun 22, 2026 12:08:39 AM java.util.prefs.FileSystemPreferences checkLockFile0ErrorCode
2026-06-22 00:08:39,673 [ERROR] LogOutputStream:75 - [STDERR_REDIRECT] WARNING: Could not lock System prefs. Unix error code 28793.
2026-06-22 00:08:39,673 [ERROR] LogOutputStream:75 - [STDERR_REDIRECT] 
2026-06-22 00:08:39,673 [ERROR] LogOutputStream:75 - [STDERR_REDIRECT] Jun 22, 2026 12:08:39 AM java.util.prefs.FileSystemPreferences syncWorld
2026-06-22 00:08:39,674 [ERROR] LogOutputStream:75 - [STDERR_REDIRECT] WARNING: Couldn't flush system prefs: java.util.prefs.BackingStoreException: Couldn't get file lock.
2026-06-22 00:08:39,674 [ERROR] LogOutputStream:75 - [STDERR_REDIRECT] 
2026-06-22 00:09:09,672 [ERROR] LogOutputStream:75 - [STDERR_REDIRECT] Jun 22, 2026 12:09:09 AM java.util.prefs.FileSystemPreferences checkLockFile0ErrorCode
2026-06-22 00:09:09,673 [ERROR] LogOutputStream:75 - [STDERR_REDIRECT] WARNING: Could not lock System prefs. Unix error code 28793.
2026-06-22 00:09:09,673 [ERROR] LogOutputStream:75 - [STDERR_REDIRECT] 
2026-06-22 00:09:09,673 [ERROR] LogOutputStream:75 - [STDERR_REDIRECT] Jun 22, 2026 12:09:09 AM java.util.prefs.FileSystemPreferences syncWorld
2026-06-22 00:09:09,673 [ERROR] LogOutputStream:75 - [STDERR_REDIRECT] WARNING: Couldn't flush system prefs: java.util.prefs.BackingStoreException: Couldn't get file lock.
2026-06-22 00:09:09,673 [ERROR] LogOutputStream:75 - [STDERR_REDIRECT] 
2026-06-22 00:09:39,673 [ERROR] LogOutputStream:75 - [STDERR_REDIRECT] Jun 22, 2026 12:09:39 AM java.util.prefs.FileSystemPreferences checkLockFile0ErrorCode
2026-06-22 00:09:39,673 [ERROR] LogOutputStream:75 - [STDERR_REDIRECT] WARNING: Could not lock System prefs. Unix error code 28793.
2026-06-22 00:09:39,673 [ERROR] LogOutputStream:75 - [STDERR_REDIRECT] 
2026-06-22 00:09:39,673 [ERROR] LogOutputStream:75 - [STDERR_REDIRECT] Jun 22, 2026 12:09:39 AM java.util.prefs.FileSystemPreferences syncWorld
2026-06-22 00:09:39,673 [ERROR] LogOutputStream:75 - [STDERR_REDIRECT] WARNING: Couldn't flush system prefs: java.util.prefs.BackingStoreException: Couldn't get file lock.
2026-06-22 00:09:39,673 [ERROR] LogOutputStream:75 - [STDERR_REDIRECT] 
2026-06-22 00:10:09,673 [ERROR] LogOutputStream:75 - [STDERR_REDIRECT] Jun 22, 2026 12:10:09 AM java.util.prefs.FileSystemPreferences checkLockFile0ErrorCode
2026-06-22 00:10:09,674 [ERROR] LogOutputStream:75 - [STDERR_REDIRECT] WARNING: Could not lock System prefs. Unix error code 28793.
2026-06-22 00:10:09,674 [ERROR] LogOutputStream:75 - [STDERR_REDIRECT] 
2026-06-22 00:10:09,674 [ERROR] LogOutputStream:75 - [STDERR_REDIRECT] Jun 22, 2026 12:10:09 AM java.util.prefs.FileSystemPreferences syncWorld
2026-06-22 00:10:09,674 [ERROR] LogOutputStream:75 - [STDERR_REDIRECT] WARNING: Couldn't flush system prefs: java.util.prefs.BackingStoreException: Couldn't get file lock.
2026-06-22 00:10:09,674 [ERROR] LogOutputStream:75 - [STDERR_REDIRECT] 
2026-06-22 00:10:39,673 [ERROR] LogOutputStream:75 - [STDERR_REDIRECT] Jun 22, 2026 12:10:39 AM java.util.prefs.FileSystemPreferences checkLockFile0ErrorCode
2026-06-22 00:10:39,673 [ERROR] LogOutputStream:75 - [STDERR_REDIRECT] WARNING: Could not lock System prefs. Unix error code 28793.
2026-06-22 00:10:39,673 [ERROR] LogOutputStream:75 - [STDERR_REDIRECT] 
2026-06-22 00:10:39,673 [ERROR] LogOutputStream:75 - [STDERR_REDIRECT] Jun 22, 2026 12:10:39 AM java.util.prefs.FileSystemPreferences syncWorld
2026-06-22 00:10:39,673 [ERROR] LogOutputStream:75 - [STDERR_REDIRECT] WARNING: Couldn't flush system prefs: java.util.prefs.BackingStoreException: Couldn't get file lock.
2026-06-22 00:10:39,673 [ERROR] LogOutputStream:75 - [STDERR_REDIRECT] 
2026-06-22 00:11:09,673 [ERROR] LogOutputStream:75 - [STDERR_REDIRECT] Jun 22, 2026 12:11:09 AM java.util.prefs.FileSystemPreferences checkLockFile0ErrorCode
2026-06-22 00:11:09,673 [ERROR] LogOutputStream:75 - [STDERR_REDIRECT] WARNING: Could not lock System prefs. Unix error code 28793.
2026-06-22 00:11:09,673 [ERROR] LogOutputStream:75 - [STDERR_REDIRECT] 
2026-06-22 00:11:09,674 [ERROR] LogOutputStream:75 - [STDERR_REDIRECT] Jun 22, 2026 12:11:09 AM java.util.prefs.FileSystemPreferences syncWorld
2026-06-22 00:11:09,674 [ERROR] LogOutputStream:75 - [STDERR_REDIRECT] WARNING: Couldn't flush system prefs: java.util.prefs.BackingStoreException: Couldn't get file lock.
2026-06-22 00:11:09,674 [ERROR] LogOutputStream:75 - [STDERR_REDIRECT] 
2026-06-22 00:11:39,674 [ERROR] LogOutputStream:75 - [STDERR_REDIRECT] Jun 22, 2026 12:11:39 AM java.util.prefs.FileSystemPreferences checkLockFile0ErrorCode
2026-06-22 00:11:39,675 [ERROR] LogOutputStream:75 - [STDERR_REDIRECT] WARNING: Could not lock System prefs. Unix error code 28793.
2026-06-22 00:11:39,675 [ERROR] LogOutputStream:75 - [STDERR_REDIRECT] 
2026-06-22 00:11:39,675 [ERROR] LogOutputStream:75 - [STDERR_REDIRECT] Jun 22, 2026 12:11:39 AM java.util.prefs.FileSystemPreferences syncWorld
2026-06-22 00:11:39,675 [ERROR] LogOutputStream:75 - [STDERR_REDIRECT] WARNING: Couldn't flush system prefs: java.util.prefs.BackingStoreException: Couldn't get file lock.
2026-06-22 00:11:39,675 [ERROR] LogOutputStream:75 - [STDERR_REDIRECT] 
2026-06-22 00:12:09,674 [ERROR] LogOutputStream:75 - [STDERR_REDIRECT] Jun 22, 2026 12:12:09 AM java.util.prefs.FileSystemPreferences checkLockFile0ErrorCode
2026-06-22 00:12:09,674 [ERROR] LogOutputStream:75 - [STDERR_REDIRECT] WARNING: Could not lock System prefs. Unix error code 28793.
2026-06-22 00:12:09,674 [ERROR] LogOutputStream:75 - [STDERR_REDIRECT] 
2026-06-22 00:12:09,675 [ERROR] LogOutputStream:75 - [STDERR_REDIRECT] Jun 22, 2026 12:12:09 AM java.util.prefs.FileSystemPreferences syncWorld
2026-06-22 00:12:09,675 [ERROR] LogOutputStream:75 - [STDERR_REDIRECT] WARNING: Couldn't flush system prefs: java.util.prefs.BackingStoreException: Couldn't get file lock.
2026-06-22 00:12:09,675 [ERROR] LogOutputStream:75 - [STDERR_REDIRECT] 
2026-06-22 00:12:39,675 [ERROR] LogOutputStream:75 - [STDERR_REDIRECT] Jun 22, 2026 12:12:39 AM java.util.prefs.FileSystemPreferences checkLockFile0ErrorCode
2026-06-22 00:12:39,676 [ERROR] LogOutputStream:75 - [STDERR_REDIRECT] WARNING: Could not lock System prefs. Unix error code 28793.
2026-06-22 00:12:39,676 [ERROR] LogOutputStream:75 - [STDERR_REDIRECT] 
2026-06-22 00:12:39,676 [ERROR] LogOutputStream:75 - [STDERR_REDIRECT] Jun 22, 2026 12:12:39 AM java.util.prefs.FileSystemPreferences syncWorld
2026-06-22 00:12:39,678 [ERROR] LogOutputStream:75 - [STDERR_REDIRECT] WARNING: Couldn't flush system prefs: java.util.prefs.BackingStoreException: Couldn't get file lock.
2026-06-22 00:12:39,678 [ERROR] LogOutputStream:75 - [STDERR_REDIRECT] 
2026-06-22 00:13:09,675 [ERROR] LogOutputStream:75 - [STDERR_REDIRECT] Jun 22, 2026 12:13:09 AM java.util.prefs.FileSystemPreferences checkLockFile0ErrorCode
2026-06-22 00:13:09,675 [ERROR] LogOutputStream:75 - [STDERR_REDIRECT] WARNING: Could not lock System prefs. Unix error code 28793.
2026-06-22 00:13:09,675 [ERROR] LogOutputStream:75 - [STDERR_REDIRECT] 
2026-06-22 00:13:09,675 [ERROR] LogOutputStream:75 - [STDERR_REDIRECT] Jun 22, 2026 12:13:09 AM java.util.prefs.FileSystemPreferences syncWorld
2026-06-22 00:13:09,676 [ERROR] LogOutputStream:75 - [STDERR_REDIRECT] WARNING: Couldn't flush system prefs: java.util.prefs.BackingStoreException: Couldn't get file lock.
2026-06-22 00:13:09,676 [ERROR] LogOutputStream:75 - [STDERR_REDIRECT] 
2026-06-22 00:13:39,674 [ERROR] LogOutputStream:75 - [STDERR_REDIRECT] Jun 22, 2026 12:13:39 AM java.util.prefs.FileSystemPreferences checkLockFile0ErrorCode
2026-06-22 00:13:39,674 [ERROR] LogOutputStream:75 - [STDERR_REDIRECT] WARNING: Could not lock System prefs. Unix error code 28793.
2026-06-22 00:13:39,675 [ERROR] LogOutputStream:75 - [STDERR_REDIRECT] 
2026-06-22 00:13:39,675 [ERROR] LogOutputStream:75 - [STDERR_REDIRECT] Jun 22, 2026 12:13:39 AM java.util.prefs.FileSystemPreferences syncWorld
2026-06-22 00:13:39,675 [ERROR] LogOutputStream:75 - [STDERR_REDIRECT] WARNING: Couldn't flush system prefs: java.util.prefs.BackingStoreException: Couldn't get file lock.
2026-06-22 00:13:39,675 [ERROR] LogOutputStream:75 - [STDERR_REDIRECT] 
2026-06-22 00:14:09,674 [ERROR] LogOutputStream:75 - [STDERR_REDIRECT] Jun 22, 2026 12:14:09 AM java.util.prefs.FileSystemPreferences checkLockFile0ErrorCode
2026-06-22 00:14:09,675 [ERROR] LogOutputStream:75 - [STDERR_REDIRECT] WARNING: Could not lock System prefs. Unix error code 28793.
2026-06-22 00:14:09,675 [ERROR] LogOutputStream:75 - [STDERR_REDIRECT] 
2026-06-22 00:14:09,675 [ERROR] LogOutputStream:75 - [STDERR_REDIRECT] Jun 22, 2026 12:14:09 AM java.util.prefs.FileSystemPreferences syncWorld
2026-06-22 00:14:09,675 [ERROR] LogOutputStream:75 - [STDERR_REDIRECT] WARNING: Couldn't flush system prefs: java.util.prefs.BackingStoreException: Couldn't get file lock.
2026-06-22 00:14:09,675 [ERROR] LogOutputStream:75 - [STDERR_REDIRECT] 
2026-06-22 00:14:39,675 [ERROR] LogOutputStream:75 - [STDERR_REDIRECT] Jun 22, 2026 12:14:39 AM java.util.prefs.FileSystemPreferences checkLockFile0ErrorCode
2026-06-22 00:14:39,675 [ERROR] LogOutputStream:75 - [STDERR_REDIRECT] WARNING: Could not lock System prefs. Unix error code 28793.
2026-06-22 00:14:39,675 [ERROR] LogOutputStream:75 - [STDERR_REDIRECT] 
2026-06-22 00:14:39,676 [ERROR] LogOutputStream:75 - [STDERR_REDIRECT] Jun 22, 2026 12:14:39 AM java.util.prefs.FileSystemPreferences syncWorld
2026-06-22 00:14:39,676 [ERROR] LogOutputStream:75 - [STDERR_REDIRECT] WARNING: Couldn't flush system prefs: java.util.prefs.BackingStoreException: Couldn't get file lock.
2026-06-22 00:14:39,676 [ERROR] LogOutputStream:75 - [STDERR_REDIRECT] 
2026-06-22 00:15:09,675 [ERROR] LogOutputStream:75 - [STDERR_REDIRECT] Jun 22, 2026 12:15:09 AM java.util.prefs.FileSystemPreferences checkLockFile0ErrorCode
2026-06-22 00:15:09,675 [ERROR] LogOutputStream:75 - [STDERR_REDIRECT] WARNING: Could not lock System prefs. Unix error code 28793.
2026-06-22 00:15:09,675 [ERROR] LogOutputStream:75 - [STDERR_REDIRECT] 
2026-06-22 00:15:09,675 [ERROR] LogOutputStream:75 - [STDERR_REDIRECT] Jun 22, 2026 12:15:09 AM java.util.prefs.FileSystemPreferences syncWorld
2026-06-22 00:15:09,676 [ERROR] LogOutputStream:75 - [STDERR_REDIRECT] WARNING: Couldn't flush system prefs: java.util.prefs.BackingStoreException: Couldn't get file lock.
2026-06-22 00:15:09,676 [ERROR] LogOutputStream:75 - [STDERR_REDIRECT] 
2026-06-22 00:15:39,675 [ERROR] LogOutputStream:75 - [STDERR_REDIRECT] Jun 22, 2026 12:15:39 AM java.util.prefs.FileSystemPreferences checkLockFile0ErrorCode
2026-06-22 00:15:39,675 [ERROR] LogOutputStream:75 - [STDERR_REDIRECT] WARNING: Could not lock System prefs. Unix error code 28793.
2026-06-22 00:15:39,675 [ERROR] LogOutputStream:75 - [STDERR_REDIRECT] 
2026-06-22 00:15:39,676 [ERROR] LogOutputStream:75 - [STDERR_REDIRECT] Jun 22, 2026 12:15:39 AM java.util.prefs.FileSystemPreferences syncWorld
2026-06-22 00:15:39,676 [ERROR] LogOutputStream:75 - [STDERR_REDIRECT] WARNING: Couldn't flush system prefs: java.util.prefs.BackingStoreException: Couldn't get file lock.
2026-06-22 00:15:39,676 [ERROR] LogOutputStream:75 - [STDERR_REDIRECT] 
2026-06-22 00:16:09,675 [ERROR] LogOutputStream:75 - [STDERR_REDIRECT] Jun 22, 2026 12:16:09 AM java.util.prefs.FileSystemPreferences checkLockFile0ErrorCode
2026-06-22 00:16:09,675 [ERROR] LogOutputStream:75 - [STDERR_REDIRECT] WARNING: Could not lock System prefs. Unix error code 28793.
2026-06-22 00:16:09,675 [ERROR] LogOutputStream:75 - [STDERR_REDIRECT] 
2026-06-22 00:16:09,675 [ERROR] LogOutputStream:75 - [STDERR_REDIRECT] Jun 22, 2026 12:16:09 AM java.util.prefs.FileSystemPreferences syncWorld
2026-06-22 00:16:09,675 [ERROR] LogOutputStream:75 - [STDERR_REDIRECT] WARNING: Couldn't flush system prefs: java.util.prefs.BackingStoreException: Couldn't get file lock.
2026-06-22 00:16:09,676 [ERROR] LogOutputStream:75 - [STDERR_REDIRECT] 
2026-06-22 00:16:39,674 [ERROR] LogOutputStream:75 - [STDERR_REDIRECT] Jun 22, 2026 12:16:39 AM java.util.prefs.FileSystemPreferences checkLockFile0ErrorCode
2026-06-22 00:16:39,675 [ERROR] LogOutputStream:75 - [STDERR_REDIRECT] WARNING: Could not lock System prefs. Unix error code 28793.
2026-06-22 00:16:39,675 [ERROR] LogOutputStream:75 - [STDERR_REDIRECT] 
2026-06-22 00:16:39,675 [ERROR] LogOutputStream:75 - [STDERR_REDIRECT] Jun 22, 2026 12:16:39 AM java.util.prefs.FileSystemPreferences syncWorld
2026-06-22 00:16:39,675 [ERROR] LogOutputStream:75 - [STDERR_REDIRECT] WARNING: Couldn't flush system prefs: java.util.prefs.BackingStoreException: Couldn't get file lock.
2026-06-22 00:16:39,675 [ERROR] LogOutputStream:75 - [STDERR_REDIRECT] 
2026-06-22 00:17:09,675 [ERROR] LogOutputStream:75 - [STDERR_REDIRECT] Jun 22, 2026 12:17:09 AM java.util.prefs.FileSystemPreferences checkLockFile0ErrorCode
2026-06-22 00:17:09,675 [ERROR] LogOutputStream:75 - [STDERR_REDIRECT] WARNING: Could not lock System prefs. Unix error code 28793.
2026-06-22 00:17:09,675 [ERROR] LogOutputStream:75 - [STDERR_REDIRECT] 
2026-06-22 00:17:09,675 [ERROR] LogOutputStream:75 - [STDERR_REDIRECT] Jun 22, 2026 12:17:09 AM java.util.prefs.FileSystemPreferences syncWorld
2026-06-22 00:17:09,675 [ERROR] LogOutputStream:75 - [STDERR_REDIRECT] WARNING: Couldn't flush system prefs: java.util.prefs.BackingStoreException: Couldn't get file lock.
2026-06-22 00:17:09,675 [ERROR] LogOutputStream:75 - [STDERR_REDIRECT] 
2026-06-22 00:17:39,675 [ERROR] LogOutputStream:75 - [STDERR_REDIRECT] Jun 22, 2026 12:17:39 AM java.util.prefs.FileSystemPreferences checkLockFile0ErrorCode
2026-06-22 00:17:39,675 [ERROR] LogOutputStream:75 - [STDERR_REDIRECT] WARNING: Could not lock System prefs. Unix error code 28793.
2026-06-22 00:17:39,675 [ERROR] LogOutputStream:75 - [STDERR_REDIRECT] 
2026-06-22 00:17:39,676 [ERROR] LogOutputStream:75 - [STDERR_REDIRECT] Jun 22, 2026 12:17:39 AM java.util.prefs.FileSystemPreferences syncWorld
2026-06-22 00:17:39,676 [ERROR] LogOutputStream:75 - [STDERR_REDIRECT] WARNING: Couldn't flush system prefs: java.util.prefs.BackingStoreException: Couldn't get file lock.
2026-06-22 00:17:39,676 [ERROR] LogOutputStream:75 - [STDERR_REDIRECT] 
2026-06-22 00:18:09,675 [ERROR] LogOutputStream:75 - [STDERR_REDIRECT] Jun 22, 2026 12:18:09 AM java.util.prefs.FileSystemPreferences checkLockFile0ErrorCode
2026-06-22 00:18:09,676 [ERROR] LogOutputStream:75 - [STDERR_REDIRECT] WARNING: Could not lock System prefs. Unix error code 28793.
2026-06-22 00:18:09,676 [ERROR] LogOutputStream:75 - [STDERR_REDIRECT] 
2026-06-22 00:18:09,676 [ERROR] LogOutputStream:75 - [STDERR_REDIRECT] Jun 22, 2026 12:18:09 AM java.util.prefs.FileSystemPreferences syncWorld
2026-06-22 00:18:09,676 [ERROR] LogOutputStream:75 - [STDERR_REDIRECT] WARNING: Couldn't flush system prefs: java.util.prefs.BackingStoreException: Couldn't get file lock.
2026-06-22 00:18:09,676 [ERROR] LogOutputStream:75 - [STDERR_REDIRECT] 
2026-06-22 00:18:39,678 [ERROR] LogOutputStream:75 - [STDERR_REDIRECT] Jun 22, 2026 12:18:39 AM java.util.prefs.FileSystemPreferences checkLockFile0ErrorCode
2026-06-22 00:18:39,678 [ERROR] LogOutputStream:75 - [STDERR_REDIRECT] WARNING: Could not lock System prefs. Unix error code 28793.
2026-06-22 00:18:39,679 [ERROR] LogOutputStream:75 - [STDERR_REDIRECT] 
2026-06-22 00:18:39,679 [ERROR] LogOutputStream:75 - [STDERR_REDIRECT] Jun 22, 2026 12:18:39 AM java.util.prefs.FileSystemPreferences syncWorld
2026-06-22 00:18:39,679 [ERROR] LogOutputStream:75 - [STDERR_REDIRECT] WARNING: Couldn't flush system prefs: java.util.prefs.BackingStoreException: Couldn't get file lock.
2026-06-22 00:18:39,679 [ERROR] LogOutputStream:75 - [STDERR_REDIRECT] 
2026-06-22 00:19:09,676 [ERROR] LogOutputStream:75 - [STDERR_REDIRECT] Jun 22, 2026 12:19:09 AM java.util.prefs.FileSystemPreferences checkLockFile0ErrorCode
2026-06-22 00:19:09,676 [ERROR] LogOutputStream:75 - [STDERR_REDIRECT] WARNING: Could not lock System prefs. Unix error code 28793.
2026-06-22 00:19:09,676 [ERROR] LogOutputStream:75 - [STDERR_REDIRECT] 
2026-06-22 00:19:09,676 [ERROR] LogOutputStream:75 - [STDERR_REDIRECT] Jun 22, 2026 12:19:09 AM java.util.prefs.FileSystemPreferences syncWorld
2026-06-22 00:19:09,678 [ERROR] LogOutputStream:75 - [STDERR_REDIRECT] WARNING: Couldn't flush system prefs: java.util.prefs.BackingStoreException: Couldn't get file lock.
2026-06-22 00:19:09,678 [ERROR] LogOutputStream:75 - [STDERR_REDIRECT] 
2026-06-22 00:19:39,677 [ERROR] LogOutputStream:75 - [STDERR_REDIRECT] Jun 22, 2026 12:19:39 AM java.util.prefs.FileSystemPreferences checkLockFile0ErrorCode
2026-06-22 00:19:39,677 [ERROR] LogOutputStream:75 - [STDERR_REDIRECT] WARNING: Could not lock System prefs. Unix error code 28793.
2026-06-22 00:19:39,677 [ERROR] LogOutputStream:75 - [STDERR_REDIRECT] 
2026-06-22 00:19:39,677 [ERROR] LogOutputStream:75 - [STDERR_REDIRECT] Jun 22, 2026 12:19:39 AM java.util.prefs.FileSystemPreferences syncWorld
2026-06-22 00:19:39,678 [ERROR] LogOutputStream:75 - [STDERR_REDIRECT] WARNING: Couldn't flush system prefs: java.util.prefs.BackingStoreException: Couldn't get file lock.
2026-06-22 00:19:39,678 [ERROR] LogOutputStream:75 - [STDERR_REDIRECT] 
2026-06-22 00:20:09,675 [ERROR] LogOutputStream:75 - [STDERR_REDIRECT] Jun 22, 2026 12:20:09 AM java.util.prefs.FileSystemPreferences checkLockFile0ErrorCode
2026-06-22 00:20:09,675 [ERROR] LogOutputStream:75 - [STDERR_REDIRECT] WARNING: Could not lock System prefs. Unix error code 28793.
2026-06-22 00:20:09,675 [ERROR] LogOutputStream:75 - [STDERR_REDIRECT] 
2026-06-22 00:20:09,676 [ERROR] LogOutputStream:75 - [STDERR_REDIRECT] Jun 22, 2026 12:20:09 AM java.util.prefs.FileSystemPreferences syncWorld
2026-06-22 00:20:09,676 [ERROR] LogOutputStream:75 - [STDERR_REDIRECT] WARNING: Couldn't flush system prefs: java.util.prefs.BackingStoreException: Couldn't get file lock.
2026-06-22 00:20:09,676 [ERROR] LogOutputStream:75 - [STDERR_REDIRECT] 
2026-06-22 00:20:39,675 [ERROR] LogOutputStream:75 - [STDERR_REDIRECT] Jun 22, 2026 12:20:39 AM java.util.prefs.FileSystemPreferences checkLockFile0ErrorCode
2026-06-22 00:20:39,675 [ERROR] LogOutputStream:75 - [STDERR_REDIRECT] WARNING: Could not lock System prefs. Unix error code 28793.
2026-06-22 00:20:39,676 [ERROR] LogOutputStream:75 - [STDERR_REDIRECT] 
2026-06-22 00:20:39,676 [ERROR] LogOutputStream:75 - [STDERR_REDIRECT] Jun 22, 2026 12:20:39 AM java.util.prefs.FileSystemPreferences syncWorld
2026-06-22 00:20:39,676 [ERROR] LogOutputStream:75 - [STDERR_REDIRECT] WARNING: Couldn't flush system prefs: java.util.prefs.BackingStoreException: Couldn't get file lock.
2026-06-22 00:20:39,676 [ERROR] LogOutputStream:75 - [STDERR_REDIRECT] 
2026-06-22 00:21:09,676 [ERROR] LogOutputStream:75 - [STDERR_REDIRECT] Jun 22, 2026 12:21:09 AM java.util.prefs.FileSystemPreferences checkLockFile0ErrorCode
2026-06-22 00:21:09,676 [ERROR] LogOutputStream:75 - [STDERR_REDIRECT] WARNING: Could not lock System prefs. Unix error code 28793.
2026-06-22 00:21:09,676 [ERROR] LogOutputStream:75 - [STDERR_REDIRECT] 
2026-06-22 00:21:09,676 [ERROR] LogOutputStream:75 - [STDERR_REDIRECT] Jun 22, 2026 12:21:09 AM java.util.prefs.FileSystemPreferences syncWorld
2026-06-22 00:21:09,676 [ERROR] LogOutputStream:75 - [STDERR_REDIRECT] WARNING: Couldn't flush system prefs: java.util.prefs.BackingStoreException: Couldn't get file lock.
2026-06-22 00:21:09,676 [ERROR] LogOutputStream:75 - [STDERR_REDIRECT] 
2026-06-22 00:21:39,676 [ERROR] LogOutputStream:75 - [STDERR_REDIRECT] Jun 22, 2026 12:21:39 AM java.util.prefs.FileSystemPreferences checkLockFile0ErrorCode
2026-06-22 00:21:39,676 [ERROR] LogOutputStream:75 - [STDERR_REDIRECT] WARNING: Could not lock System prefs. Unix error code 28793.
2026-06-22 00:21:39,676 [ERROR] LogOutputStream:75 - [STDERR_REDIRECT] 
2026-06-22 00:21:39,677 [ERROR] LogOutputStream:75 - [STDERR_REDIRECT] Jun 22, 2026 12:21:39 AM java.util.prefs.FileSystemPreferences syncWorld
2026-06-22 00:21:39,677 [ERROR] LogOutputStream:75 - [STDERR_REDIRECT] WARNING: Couldn't flush system prefs: java.util.prefs.BackingStoreException: Couldn't get file lock.
2026-06-22 00:21:39,677 [ERROR] LogOutputStream:75 - [STDERR_REDIRECT] 
2026-06-22 00:22:09,676 [ERROR] LogOutputStream:75 - [STDERR_REDIRECT] Jun 22, 2026 12:22:09 AM java.util.prefs.FileSystemPreferences checkLockFile0ErrorCode
2026-06-22 00:22:09,676 [ERROR] LogOutputStream:75 - [STDERR_REDIRECT] WARNING: Could not lock System prefs. Unix error code 28793.
2026-06-22 00:22:09,676 [ERROR] LogOutputStream:75 - [STDERR_REDIRECT] 
2026-06-22 00:22:09,676 [ERROR] LogOutputStream:75 - [STDERR_REDIRECT] Jun 22, 2026 12:22:09 AM java.util.prefs.FileSystemPreferences syncWorld
2026-06-22 00:22:09,676 [ERROR] LogOutputStream:75 - [STDERR_REDIRECT] WARNING: Couldn't flush system prefs: java.util.prefs.BackingStoreException: Couldn't get file lock.
2026-06-22 00:22:09,676 [ERROR] LogOutputStream:75 - [STDERR_REDIRECT] 
2026-06-22 00:22:39,677 [ERROR] LogOutputStream:75 - [STDERR_REDIRECT] Jun 22, 2026 12:22:39 AM java.util.prefs.FileSystemPreferences checkLockFile0ErrorCode
2026-06-22 00:22:39,677 [ERROR] LogOutputStream:75 - [STDERR_REDIRECT] WARNING: Could not lock System prefs. Unix error code 28793.
2026-06-22 00:22:39,677 [ERROR] LogOutputStream:75 - [STDERR_REDIRECT] 
2026-06-22 00:22:39,677 [ERROR] LogOutputStream:75 - [STDERR_REDIRECT] Jun 22, 2026 12:22:39 AM java.util.prefs.FileSystemPreferences syncWorld
2026-06-22 00:22:39,677 [ERROR] LogOutputStream:75 - [STDERR_REDIRECT] WARNING: Couldn't flush system prefs: java.util.prefs.BackingStoreException: Couldn't get file lock.
2026-06-22 00:22:39,678 [ERROR] LogOutputStream:75 - [STDERR_REDIRECT] 
2026-06-22 00:23:09,676 [ERROR] LogOutputStream:75 - [STDERR_REDIRECT] Jun 22, 2026 12:23:09 AM java.util.prefs.FileSystemPreferences checkLockFile0ErrorCode
2026-06-22 00:23:09,676 [ERROR] LogOutputStream:75 - [STDERR_REDIRECT] WARNING: Could not lock System prefs. Unix error code 28793.
2026-06-22 00:23:09,676 [ERROR] LogOutputStream:75 - [STDERR_REDIRECT] 
2026-06-22 00:23:09,676 [ERROR] LogOutputStream:75 - [STDERR_REDIRECT] Jun 22, 2026 12:23:09 AM java.util.prefs.FileSystemPreferences syncWorld
2026-06-22 00:23:09,676 [ERROR] LogOutputStream:75 - [STDERR_REDIRECT] WARNING: Couldn't flush system prefs: java.util.prefs.BackingStoreException: Couldn't get file lock.
2026-06-22 00:23:09,676 [ERROR] LogOutputStream:75 - [STDERR_REDIRECT] 
2026-06-22 00:23:39,676 [ERROR] LogOutputStream:75 - [STDERR_REDIRECT] Jun 22, 2026 12:23:39 AM java.util.prefs.FileSystemPreferences checkLockFile0ErrorCode
2026-06-22 00:23:39,676 [ERROR] LogOutputStream:75 - [STDERR_REDIRECT] WARNING: Could not lock System prefs. Unix error code 28793.
2026-06-22 00:23:39,677 [ERROR] LogOutputStream:75 - [STDERR_REDIRECT] 
2026-06-22 00:23:39,677 [ERROR] LogOutputStream:75 - [STDERR_REDIRECT] Jun 22, 2026 12:23:39 AM java.util.prefs.FileSystemPreferences syncWorld
2026-06-22 00:23:39,677 [ERROR] LogOutputStream:75 - [STDERR_REDIRECT] WARNING: Couldn't flush system prefs: java.util.prefs.BackingStoreException: Couldn't get file lock.
2026-06-22 00:23:39,677 [ERROR] LogOutputStream:75 - [STDERR_REDIRECT] 
2026-06-22 00:24:09,677 [ERROR] LogOutputStream:75 - [STDERR_REDIRECT] Jun 22, 2026 12:24:09 AM java.util.prefs.FileSystemPreferences checkLockFile0ErrorCode
2026-06-22 00:24:09,678 [ERROR] LogOutputStream:75 - [STDERR_REDIRECT] WARNING: Could not lock System prefs. Unix error code 28793.
2026-06-22 00:24:09,678 [ERROR] LogOutputStream:75 - [STDERR_REDIRECT] 
2026-06-22 00:24:09,678 [ERROR] LogOutputStream:75 - [STDERR_REDIRECT] Jun 22, 2026 12:24:09 AM java.util.prefs.FileSystemPreferences syncWorld
2026-06-22 00:24:09,678 [ERROR] LogOutputStream:75 - [STDERR_REDIRECT] WARNING: Couldn't flush system prefs: java.util.prefs.BackingStoreException: Couldn't get file lock.
2026-06-22 00:24:09,678 [ERROR] LogOutputStream:75 - [STDERR_REDIRECT] 
2026-06-22 00:24:39,677 [ERROR] LogOutputStream:75 - [STDERR_REDIRECT] Jun 22, 2026 12:24:39 AM java.util.prefs.FileSystemPreferences checkLockFile0ErrorCode
2026-06-22 00:24:39,677 [ERROR] LogOutputStream:75 - [STDERR_REDIRECT] WARNING: Could not lock System prefs. Unix error code 28793.
2026-06-22 00:24:39,677 [ERROR] LogOutputStream:75 - [STDERR_REDIRECT] 
2026-06-22 00:24:39,677 [ERROR] LogOutputStream:75 - [STDERR_REDIRECT] Jun 22, 2026 12:24:39 AM java.util.prefs.FileSystemPreferences syncWorld
2026-06-22 00:24:39,677 [ERROR] LogOutputStream:75 - [STDERR_REDIRECT] WARNING: Couldn't flush system prefs: java.util.prefs.BackingStoreException: Couldn't get file lock.
2026-06-22 00:24:39,677 [ERROR] LogOutputStream:75 - [STDERR_REDIRECT] 
2026-06-22 00:25:09,676 [ERROR] LogOutputStream:75 - [STDERR_REDIRECT] Jun 22, 2026 12:25:09 AM java.util.prefs.FileSystemPreferences checkLockFile0ErrorCode
2026-06-22 00:25:09,676 [ERROR] LogOutputStream:75 - [STDERR_REDIRECT] WARNING: Could not lock System prefs. Unix error code 28793.
2026-06-22 00:25:09,676 [ERROR] LogOutputStream:75 - [STDERR_REDIRECT] 
2026-06-22 00:25:09,677 [ERROR] LogOutputStream:75 - [STDERR_REDIRECT] Jun 22, 2026 12:25:09 AM java.util.prefs.FileSystemPreferences syncWorld
2026-06-22 00:25:09,677 [ERROR] LogOutputStream:75 - [STDERR_REDIRECT] WARNING: Couldn't flush system prefs: java.util.prefs.BackingStoreException: Couldn't get file lock.
2026-06-22 00:25:09,677 [ERROR] LogOutputStream:75 - [STDERR_REDIRECT] 
2026-06-22 00:25:39,677 [ERROR] LogOutputStream:75 - [STDERR_REDIRECT] Jun 22, 2026 12:25:39 AM java.util.prefs.FileSystemPreferences checkLockFile0ErrorCode
2026-06-22 00:25:39,677 [ERROR] LogOutputStream:75 - [STDERR_REDIRECT] WARNING: Could not lock System prefs. Unix error code 28793.
2026-06-22 00:25:39,677 [ERROR] LogOutputStream:75 - [STDERR_REDIRECT] 
2026-06-22 00:25:39,677 [ERROR] LogOutputStream:75 - [STDERR_REDIRECT] Jun 22, 2026 12:25:39 AM java.util.prefs.FileSystemPreferences syncWorld
2026-06-22 00:25:39,677 [ERROR] LogOutputStream:75 - [STDERR_REDIRECT] WARNING: Couldn't flush system prefs: java.util.prefs.BackingStoreException: Couldn't get file lock.
2026-06-22 00:25:39,677 [ERROR] LogOutputStream:75 - [STDERR_REDIRECT] 
2026-06-22 00:26:09,679 [ERROR] LogOutputStream:75 - [STDERR_REDIRECT] Jun 22, 2026 12:26:09 AM java.util.prefs.FileSystemPreferences checkLockFile0ErrorCode
2026-06-22 00:26:09,679 [ERROR] LogOutputStream:75 - [STDERR_REDIRECT] WARNING: Could not lock System prefs. Unix error code 28793.
2026-06-22 00:26:09,679 [ERROR] LogOutputStream:75 - [STDERR_REDIRECT] 
2026-06-22 00:26:09,679 [ERROR] LogOutputStream:75 - [STDERR_REDIRECT] Jun 22, 2026 12:26:09 AM java.util.prefs.FileSystemPreferences syncWorld
2026-06-22 00:26:09,679 [ERROR] LogOutputStream:75 - [STDERR_REDIRECT] WARNING: Couldn't flush system prefs: java.util.prefs.BackingStoreException: Couldn't get file lock.
2026-06-22 00:26:09,680 [ERROR] LogOutputStream:75 - [STDERR_REDIRECT] 
2026-06-22 00:26:39,677 [ERROR] LogOutputStream:75 - [STDERR_REDIRECT] Jun 22, 2026 12:26:39 AM java.util.prefs.FileSystemPreferences checkLockFile0ErrorCode
2026-06-22 00:26:39,678 [ERROR] LogOutputStream:75 - [STDERR_REDIRECT] WARNING: Could not lock System prefs. Unix error code 28793.
2026-06-22 00:26:39,678 [ERROR] LogOutputStream:75 - [STDERR_REDIRECT] 
2026-06-22 00:26:39,678 [ERROR] LogOutputStream:75 - [STDERR_REDIRECT] Jun 22, 2026 12:26:39 AM java.util.prefs.FileSystemPreferences syncWorld
2026-06-22 00:26:39,678 [ERROR] LogOutputStream:75 - [STDERR_REDIRECT] WARNING: Couldn't flush system prefs: java.util.prefs.BackingStoreException: Couldn't get file lock.
2026-06-22 00:26:39,678 [ERROR] LogOutputStream:75 - [STDERR_REDIRECT] 
2026-06-22 00:27:09,679 [ERROR] LogOutputStream:75 - [STDERR_REDIRECT] Jun 22, 2026 12:27:09 AM java.util.prefs.FileSystemPreferences checkLockFile0ErrorCode
2026-06-22 00:27:09,679 [ERROR] LogOutputStream:75 - [STDERR_REDIRECT] WARNING: Could not lock System prefs. Unix error code 5.
2026-06-22 00:27:09,679 [ERROR] LogOutputStream:75 - [STDERR_REDIRECT] 
2026-06-22 00:27:09,679 [ERROR] LogOutputStream:75 - [STDERR_REDIRECT] Jun 22, 2026 12:27:09 AM java.util.prefs.FileSystemPreferences syncWorld
2026-06-22 00:27:09,679 [ERROR] LogOutputStream:75 - [STDERR_REDIRECT] WARNING: Couldn't flush system prefs: java.util.prefs.BackingStoreException: Couldn't get file lock.
2026-06-22 00:27:09,680 [ERROR] LogOutputStream:75 - [STDERR_REDIRECT] 
2026-06-22 00:27:39,678 [ERROR] LogOutputStream:75 - [STDERR_REDIRECT] Jun 22, 2026 12:27:39 AM java.util.prefs.FileSystemPreferences checkLockFile0ErrorCode
2026-06-22 00:27:39,679 [ERROR] LogOutputStream:75 - [STDERR_REDIRECT] WARNING: Could not lock System prefs. Unix error code 5.
2026-06-22 00:27:39,679 [ERROR] LogOutputStream:75 - [STDERR_REDIRECT] 
2026-06-22 00:27:39,679 [ERROR] LogOutputStream:75 - [STDERR_REDIRECT] Jun 22, 2026 12:27:39 AM java.util.prefs.FileSystemPreferences syncWorld
2026-06-22 00:27:39,679 [ERROR] LogOutputStream:75 - [STDERR_REDIRECT] WARNING: Couldn't flush system prefs: java.util.prefs.BackingStoreException: Couldn't get file lock.
2026-06-22 00:27:39,679 [ERROR] LogOutputStream:75 - [STDERR_REDIRECT] 
2026-06-22 00:28:09,679 [ERROR] LogOutputStream:75 - [STDERR_REDIRECT] Jun 22, 2026 12:28:09 AM java.util.prefs.FileSystemPreferences checkLockFile0ErrorCode
2026-06-22 00:28:09,679 [ERROR] LogOutputStream:75 - [STDERR_REDIRECT] WARNING: Could not lock System prefs. Unix error code 5.
2026-06-22 00:28:09,679 [ERROR] LogOutputStream:75 - [STDERR_REDIRECT] 
2026-06-22 00:28:09,680 [ERROR] LogOutputStream:75 - [STDERR_REDIRECT] Jun 22, 2026 12:28:09 AM java.util.prefs.FileSystemPreferences syncWorld
2026-06-22 00:28:09,680 [ERROR] LogOutputStream:75 - [STDERR_REDIRECT] WARNING: Couldn't flush system prefs: java.util.prefs.BackingStoreException: Couldn't get file lock.
2026-06-22 00:28:09,680 [ERROR] LogOutputStream:75 - [STDERR_REDIRECT] 
2026-06-22 00:28:39,679 [ERROR] LogOutputStream:75 - [STDERR_REDIRECT] Jun 22, 2026 12:28:39 AM java.util.prefs.FileSystemPreferences checkLockFile0ErrorCode
2026-06-22 00:28:39,680 [ERROR] LogOutputStream:75 - [STDERR_REDIRECT] WARNING: Could not lock System prefs. Unix error code 5.
2026-06-22 00:28:39,680 [ERROR] LogOutputStream:75 - [STDERR_REDIRECT] 
2026-06-22 00:28:39,680 [ERROR] LogOutputStream:75 - [STDERR_REDIRECT] Jun 22, 2026 12:28:39 AM java.util.prefs.FileSystemPreferences syncWorld
2026-06-22 00:28:39,680 [ERROR] LogOutputStream:75 - [STDERR_REDIRECT] WARNING: Couldn't flush system prefs: java.util.prefs.BackingStoreException: Couldn't get file lock.
2026-06-22 00:28:39,680 [ERROR] LogOutputStream:75 - [STDERR_REDIRECT] 
2026-06-22 00:29:09,680 [ERROR] LogOutputStream:75 - [STDERR_REDIRECT] Jun 22, 2026 12:29:09 AM java.util.prefs.FileSystemPreferences checkLockFile0ErrorCode
2026-06-22 00:29:09,680 [ERROR] LogOutputStream:75 - [STDERR_REDIRECT] WARNING: Could not lock System prefs. Unix error code 5.
2026-06-22 00:29:09,680 [ERROR] LogOutputStream:75 - [STDERR_REDIRECT] 
2026-06-22 00:29:09,680 [ERROR] LogOutputStream:75 - [STDERR_REDIRECT] Jun 22, 2026 12:29:09 AM java.util.prefs.FileSystemPreferences syncWorld
2026-06-22 00:29:09,680 [ERROR] LogOutputStream:75 - [STDERR_REDIRECT] WARNING: Couldn't flush system prefs: java.util.prefs.BackingStoreException: Couldn't get file lock.
2026-06-22 00:29:09,680 [ERROR] LogOutputStream:75 - [STDERR_REDIRECT] 
2026-06-22 00:29:39,680 [ERROR] LogOutputStream:75 - [STDERR_REDIRECT] Jun 22, 2026 12:29:39 AM java.util.prefs.FileSystemPreferences checkLockFile0ErrorCode
2026-06-22 00:29:39,680 [ERROR] LogOutputStream:75 - [STDERR_REDIRECT] WARNING: Could not lock System prefs. Unix error code 5.
2026-06-22 00:29:39,680 [ERROR] LogOutputStream:75 - [STDERR_REDIRECT] 
2026-06-22 00:29:39,680 [ERROR] LogOutputStream:75 - [STDERR_REDIRECT] Jun 22, 2026 12:29:39 AM java.util.prefs.FileSystemPreferences syncWorld
2026-06-22 00:29:39,681 [ERROR] LogOutputStream:75 - [STDERR_REDIRECT] WARNING: Couldn't flush system prefs: java.util.prefs.BackingStoreException: Couldn't get file lock.
2026-06-22 00:29:39,681 [ERROR] LogOutputStream:75 - [STDERR_REDIRECT] 
2026-06-22 00:30:09,681 [ERROR] LogOutputStream:75 - [STDERR_REDIRECT] Jun 22, 2026 12:30:09 AM java.util.prefs.FileSystemPreferences checkLockFile0ErrorCode
2026-06-22 00:30:09,681 [ERROR] LogOutputStream:75 - [STDERR_REDIRECT] WARNING: Could not lock System prefs. Unix error code 5.
2026-06-22 00:30:09,681 [ERROR] LogOutputStream:75 - [STDERR_REDIRECT] 
2026-06-22 00:30:09,681 [ERROR] LogOutputStream:75 - [STDERR_REDIRECT] Jun 22, 2026 12:30:09 AM java.util.prefs.FileSystemPreferences syncWorld
2026-06-22 00:30:09,682 [ERROR] LogOutputStream:75 - [STDERR_REDIRECT] WARNING: Couldn't flush system prefs: java.util.prefs.BackingStoreException: Couldn't get file lock.
2026-06-22 00:30:09,682 [ERROR] LogOutputStream:75 - [STDERR_REDIRECT] 
2026-06-22 00:30:39,680 [ERROR] LogOutputStream:75 - [STDERR_REDIRECT] Jun 22, 2026 12:30:39 AM java.util.prefs.FileSystemPreferences checkLockFile0ErrorCode
2026-06-22 00:30:39,680 [ERROR] LogOutputStream:75 - [STDERR_REDIRECT] WARNING: Could not lock System prefs. Unix error code 5.
2026-06-22 00:30:39,680 [ERROR] LogOutputStream:75 - [STDERR_REDIRECT] 
2026-06-22 00:30:39,681 [ERROR] LogOutputStream:75 - [STDERR_REDIRECT] Jun 22, 2026 12:30:39 AM java.util.prefs.FileSystemPreferences syncWorld
2026-06-22 00:30:39,681 [ERROR] LogOutputStream:75 - [STDERR_REDIRECT] WARNING: Couldn't flush system prefs: java.util.prefs.BackingStoreException: Couldn't get file lock.
2026-06-22 00:30:39,681 [ERROR] LogOutputStream:75 - [STDERR_REDIRECT] 
2026-06-22 00:31:09,681 [ERROR] LogOutputStream:75 - [STDERR_REDIRECT] Jun 22, 2026 12:31:09 AM java.util.prefs.FileSystemPreferences checkLockFile0ErrorCode
2026-06-22 00:31:09,681 [ERROR] LogOutputStream:75 - [STDERR_REDIRECT] WARNING: Could not lock System prefs. Unix error code 5.
2026-06-22 00:31:09,681 [ERROR] LogOutputStream:75 - [STDERR_REDIRECT] 
2026-06-22 00:31:09,681 [ERROR] LogOutputStream:75 - [STDERR_REDIRECT] Jun 22, 2026 12:31:09 AM java.util.prefs.FileSystemPreferences syncWorld
2026-06-22 00:31:09,681 [ERROR] LogOutputStream:75 - [STDERR_REDIRECT] WARNING: Couldn't flush system prefs: java.util.prefs.BackingStoreException: Couldn't get file lock.
2026-06-22 00:31:09,681 [ERROR] LogOutputStream:75 - [STDERR_REDIRECT] 
2026-06-22 00:31:39,681 [ERROR] LogOutputStream:75 - [STDERR_REDIRECT] Jun 22, 2026 12:31:39 AM java.util.prefs.FileSystemPreferences checkLockFile0ErrorCode
2026-06-22 00:31:39,681 [ERROR] LogOutputStream:75 - [STDERR_REDIRECT] WARNING: Could not lock System prefs. Unix error code 5.
2026-06-22 00:31:39,681 [ERROR] LogOutputStream:75 - [STDERR_REDIRECT] 
2026-06-22 00:31:39,682 [ERROR] LogOutputStream:75 - [STDERR_REDIRECT] Jun 22, 2026 12:31:39 AM java.util.prefs.FileSystemPreferences syncWorld
2026-06-22 00:31:39,682 [ERROR] LogOutputStream:75 - [STDERR_REDIRECT] WARNING: Couldn't flush system prefs: java.util.prefs.BackingStoreException: Couldn't get file lock.
2026-06-22 00:31:39,682 [ERROR] LogOutputStream:75 - [STDERR_REDIRECT] 
2026-06-22 00:32:09,682 [ERROR] LogOutputStream:75 - [STDERR_REDIRECT] Jun 22, 2026 12:32:09 AM java.util.prefs.FileSystemPreferences checkLockFile0ErrorCode
2026-06-22 00:32:09,682 [ERROR] LogOutputStream:75 - [STDERR_REDIRECT] WARNING: Could not lock System prefs. Unix error code 5.
2026-06-22 00:32:09,682 [ERROR] LogOutputStream:75 - [STDERR_REDIRECT] 
2026-06-22 00:32:09,682 [ERROR] LogOutputStream:75 - [STDERR_REDIRECT] Jun 22, 2026 12:32:09 AM java.util.prefs.FileSystemPreferences syncWorld
2026-06-22 00:32:09,682 [ERROR] LogOutputStream:75 - [STDERR_REDIRECT] WARNING: Couldn't flush system prefs: java.util.prefs.BackingStoreException: Couldn't get file lock.
2026-06-22 00:32:09,682 [ERROR] LogOutputStream:75 - [STDERR_REDIRECT] 
2026-06-22 00:32:39,682 [ERROR] LogOutputStream:75 - [STDERR_REDIRECT] Jun 22, 2026 12:32:39 AM java.util.prefs.FileSystemPreferences checkLockFile0ErrorCode
2026-06-22 00:32:39,682 [ERROR] LogOutputStream:75 - [STDERR_REDIRECT] WARNING: Could not lock System prefs. Unix error code 5.
2026-06-22 00:32:39,682 [ERROR] LogOutputStream:75 - [STDERR_REDIRECT] 
2026-06-22 00:32:39,682 [ERROR] LogOutputStream:75 - [STDERR_REDIRECT] Jun 22, 2026 12:32:39 AM java.util.prefs.FileSystemPreferences syncWorld
2026-06-22 00:32:39,683 [ERROR] LogOutputStream:75 - [STDERR_REDIRECT] WARNING: Couldn't flush system prefs: java.util.prefs.BackingStoreException: Couldn't get file lock.
2026-06-22 00:32:39,683 [ERROR] LogOutputStream:75 - [STDERR_REDIRECT] 
2026-06-22 00:33:09,682 [ERROR] LogOutputStream:75 - [STDERR_REDIRECT] Jun 22, 2026 12:33:09 AM java.util.prefs.FileSystemPreferences checkLockFile0ErrorCode
2026-06-22 00:33:09,682 [ERROR] LogOutputStream:75 - [STDERR_REDIRECT] WARNING: Could not lock System prefs. Unix error code 5.
2026-06-22 00:33:09,683 [ERROR] LogOutputStream:75 - [STDERR_REDIRECT] 
2026-06-22 00:33:09,683 [ERROR] LogOutputStream:75 - [STDERR_REDIRECT] Jun 22, 2026 12:33:09 AM java.util.prefs.FileSystemPreferences syncWorld
2026-06-22 00:33:09,683 [ERROR] LogOutputStream:75 - [STDERR_REDIRECT] WARNING: Couldn't flush system prefs: java.util.prefs.BackingStoreException: Couldn't get file lock.
2026-06-22 00:33:09,683 [ERROR] LogOutputStream:75 - [STDERR_REDIRECT] 
2026-06-22 00:33:39,683 [ERROR] LogOutputStream:75 - [STDERR_REDIRECT] Jun 22, 2026 12:33:39 AM java.util.prefs.FileSystemPreferences checkLockFile0ErrorCode
2026-06-22 00:33:39,683 [ERROR] LogOutputStream:75 - [STDERR_REDIRECT] WARNING: Could not lock System prefs. Unix error code 5.
2026-06-22 00:33:39,683 [ERROR] LogOutputStream:75 - [STDERR_REDIRECT] 
2026-06-22 00:33:39,683 [ERROR] LogOutputStream:75 - [STDERR_REDIRECT] Jun 22, 2026 12:33:39 AM java.util.prefs.FileSystemPreferences syncWorld
2026-06-22 00:33:39,683 [ERROR] LogOutputStream:75 - [STDERR_REDIRECT] WARNING: Couldn't flush system prefs: java.util.prefs.BackingStoreException: Couldn't get file lock.
2026-06-22 00:33:39,684 [ERROR] LogOutputStream:75 - [STDERR_REDIRECT] 
2026-06-22 00:34:09,684 [ERROR] LogOutputStream:75 - [STDERR_REDIRECT] Jun 22, 2026 12:34:09 AM java.util.prefs.FileSystemPreferences checkLockFile0ErrorCode
2026-06-22 00:34:09,684 [ERROR] LogOutputStream:75 - [STDERR_REDIRECT] WARNING: Could not lock System prefs. Unix error code 5.
2026-06-22 00:34:09,685 [ERROR] LogOutputStream:75 - [STDERR_REDIRECT] 
2026-06-22 00:34:09,685 [ERROR] LogOutputStream:75 - [STDERR_REDIRECT] Jun 22, 2026 12:34:09 AM java.util.prefs.FileSystemPreferences syncWorld
2026-06-22 00:34:09,685 [ERROR] LogOutputStream:75 - [STDERR_REDIRECT] WARNING: Couldn't flush system prefs: java.util.prefs.BackingStoreException: Couldn't get file lock.
2026-06-22 00:34:09,685 [ERROR] LogOutputStream:75 - [STDERR_REDIRECT] 
2026-06-22 00:34:39,684 [ERROR] LogOutputStream:75 - [STDERR_REDIRECT] Jun 22, 2026 12:34:39 AM java.util.prefs.FileSystemPreferences checkLockFile0ErrorCode
2026-06-22 00:34:39,684 [ERROR] LogOutputStream:75 - [STDERR_REDIRECT] WARNING: Could not lock System prefs. Unix error code 5.
2026-06-22 00:34:39,684 [ERROR] LogOutputStream:75 - [STDERR_REDIRECT] 
2026-06-22 00:34:39,684 [ERROR] LogOutputStream:75 - [STDERR_REDIRECT] Jun 22, 2026 12:34:39 AM java.util.prefs.FileSystemPreferences syncWorld
2026-06-22 00:34:39,684 [ERROR] LogOutputStream:75 - [STDERR_REDIRECT] WARNING: Couldn't flush system prefs: java.util.prefs.BackingStoreException: Couldn't get file lock.
2026-06-22 00:34:39,684 [ERROR] LogOutputStream:75 - [STDERR_REDIRECT] 
2026-06-22 00:35:09,683 [ERROR] LogOutputStream:75 - [STDERR_REDIRECT] Jun 22, 2026 12:35:09 AM java.util.prefs.FileSystemPreferences checkLockFile0ErrorCode
2026-06-22 00:35:09,684 [ERROR] LogOutputStream:75 - [STDERR_REDIRECT] WARNING: Could not lock System prefs. Unix error code 5.
2026-06-22 00:35:09,684 [ERROR] LogOutputStream:75 - [STDERR_REDIRECT] 
2026-06-22 00:35:09,684 [ERROR] LogOutputStream:75 - [STDERR_REDIRECT] Jun 22, 2026 12:35:09 AM java.util.prefs.FileSystemPreferences syncWorld
2026-06-22 00:35:09,684 [ERROR] LogOutputStream:75 - [STDERR_REDIRECT] WARNING: Couldn't flush system prefs: java.util.prefs.BackingStoreException: Couldn't get file lock.
2026-06-22 00:35:09,684 [ERROR] LogOutputStream:75 - [STDERR_REDIRECT] 
2026-06-22 00:35:39,684 [ERROR] LogOutputStream:75 - [STDERR_REDIRECT] Jun 22, 2026 12:35:39 AM java.util.prefs.FileSystemPreferences checkLockFile0ErrorCode
2026-06-22 00:35:39,684 [ERROR] LogOutputStream:75 - [STDERR_REDIRECT] WARNING: Could not lock System prefs. Unix error code 5.
2026-06-22 00:35:39,684 [ERROR] LogOutputStream:75 - [STDERR_REDIRECT] 
2026-06-22 00:35:39,685 [ERROR] LogOutputStream:75 - [STDERR_REDIRECT] Jun 22, 2026 12:35:39 AM java.util.prefs.FileSystemPreferences syncWorld
2026-06-22 00:35:39,685 [ERROR] LogOutputStream:75 - [STDERR_REDIRECT] WARNING: Couldn't flush system prefs: java.util.prefs.BackingStoreException: Couldn't get file lock.
2026-06-22 00:35:39,685 [ERROR] LogOutputStream:75 - [STDERR_REDIRECT] 
2026-06-22 00:36:09,684 [ERROR] LogOutputStream:75 - [STDERR_REDIRECT] Jun 22, 2026 12:36:09 AM java.util.prefs.FileSystemPreferences checkLockFile0ErrorCode
2026-06-22 00:36:09,684 [ERROR] LogOutputStream:75 - [STDERR_REDIRECT] WARNING: Could not lock System prefs. Unix error code 5.
2026-06-22 00:36:09,684 [ERROR] LogOutputStream:75 - [STDERR_REDIRECT] 
2026-06-22 00:36:09,684 [ERROR] LogOutputStream:75 - [STDERR_REDIRECT] Jun 22, 2026 12:36:09 AM java.util.prefs.FileSystemPreferences syncWorld
2026-06-22 00:36:09,684 [ERROR] LogOutputStream:75 - [STDERR_REDIRECT] WARNING: Couldn't flush system prefs: java.util.prefs.BackingStoreException: Couldn't get file lock.
2026-06-22 00:36:09,684 [ERROR] LogOutputStream:75 - [STDERR_REDIRECT] 
2026-06-22 00:36:39,685 [ERROR] LogOutputStream:75 - [STDERR_REDIRECT] Jun 22, 2026 12:36:39 AM java.util.prefs.FileSystemPreferences checkLockFile0ErrorCode
2026-06-22 00:36:39,686 [ERROR] LogOutputStream:75 - [STDERR_REDIRECT] WARNING: Could not lock System prefs. Unix error code 5.
2026-06-22 00:36:39,686 [ERROR] LogOutputStream:75 - [STDERR_REDIRECT] 
2026-06-22 00:36:39,686 [ERROR] LogOutputStream:75 - [STDERR_REDIRECT] Jun 22, 2026 12:36:39 AM java.util.prefs.FileSystemPreferences syncWorld
2026-06-22 00:36:39,686 [ERROR] LogOutputStream:75 - [STDERR_REDIRECT] WARNING: Couldn't flush system prefs: java.util.prefs.BackingStoreException: Couldn't get file lock.
2026-06-22 00:36:39,686 [ERROR] LogOutputStream:75 - [STDERR_REDIRECT] 
2026-06-22 00:37:09,686 [ERROR] LogOutputStream:75 - [STDERR_REDIRECT] Jun 22, 2026 12:37:09 AM java.util.prefs.FileSystemPreferences checkLockFile0ErrorCode
2026-06-22 00:37:09,686 [ERROR] LogOutputStream:75 - [STDERR_REDIRECT] WARNING: Could not lock System prefs. Unix error code 5.
2026-06-22 00:37:09,686 [ERROR] LogOutputStream:75 - [STDERR_REDIRECT] 
2026-06-22 00:37:09,686 [ERROR] LogOutputStream:75 - [STDERR_REDIRECT] Jun 22, 2026 12:37:09 AM java.util.prefs.FileSystemPreferences syncWorld
2026-06-22 00:37:09,686 [ERROR] LogOutputStream:75 - [STDERR_REDIRECT] WARNING: Couldn't flush system prefs: java.util.prefs.BackingStoreException: Couldn't get file lock.
2026-06-22 00:37:09,686 [ERROR] LogOutputStream:75 - [STDERR_REDIRECT] 
2026-06-22 00:37:39,685 [ERROR] LogOutputStream:75 - [STDERR_REDIRECT] Jun 22, 2026 12:37:39 AM java.util.prefs.FileSystemPreferences checkLockFile0ErrorCode
2026-06-22 00:37:39,685 [ERROR] LogOutputStream:75 - [STDERR_REDIRECT] WARNING: Could not lock System prefs. Unix error code 5.
2026-06-22 00:37:39,685 [ERROR] LogOutputStream:75 - [STDERR_REDIRECT] 
2026-06-22 00:37:39,686 [ERROR] LogOutputStream:75 - [STDERR_REDIRECT] Jun 22, 2026 12:37:39 AM java.util.prefs.FileSystemPreferences syncWorld
2026-06-22 00:37:39,686 [ERROR] LogOutputStream:75 - [STDERR_REDIRECT] WARNING: Couldn't flush system prefs: java.util.prefs.BackingStoreException: Couldn't get file lock.
2026-06-22 00:37:39,686 [ERROR] LogOutputStream:75 - [STDERR_REDIRECT] 
2026-06-22 00:38:09,684 [ERROR] LogOutputStream:75 - [STDERR_REDIRECT] Jun 22, 2026 12:38:09 AM java.util.prefs.FileSystemPreferences checkLockFile0ErrorCode
2026-06-22 00:38:09,685 [ERROR] LogOutputStream:75 - [STDERR_REDIRECT] WARNING: Could not lock System prefs. Unix error code 5.
2026-06-22 00:38:09,685 [ERROR] LogOutputStream:75 - [STDERR_REDIRECT] 
2026-06-22 00:38:09,685 [ERROR] LogOutputStream:75 - [STDERR_REDIRECT] Jun 22, 2026 12:38:09 AM java.util.prefs.FileSystemPreferences syncWorld
2026-06-22 00:38:09,685 [ERROR] LogOutputStream:75 - [STDERR_REDIRECT] WARNING: Couldn't flush system prefs: java.util.prefs.BackingStoreException: Couldn't get file lock.
2026-06-22 00:38:09,685 [ERROR] LogOutputStream:75 - [STDERR_REDIRECT] 
2026-06-22 00:38:39,685 [ERROR] LogOutputStream:75 - [STDERR_REDIRECT] Jun 22, 2026 12:38:39 AM java.util.prefs.FileSystemPreferences checkLockFile0ErrorCode
2026-06-22 00:38:39,685 [ERROR] LogOutputStream:75 - [STDERR_REDIRECT] WARNING: Could not lock System prefs. Unix error code 5.
2026-06-22 00:38:39,685 [ERROR] LogOutputStream:75 - [STDERR_REDIRECT] 
2026-06-22 00:38:39,685 [ERROR] LogOutputStream:75 - [STDERR_REDIRECT] Jun 22, 2026 12:38:39 AM java.util.prefs.FileSystemPreferences syncWorld
2026-06-22 00:38:39,685 [ERROR] LogOutputStream:75 - [STDERR_REDIRECT] WARNING: Couldn't flush system prefs: java.util.prefs.BackingStoreException: Couldn't get file lock.
2026-06-22 00:38:39,685 [ERROR] LogOutputStream:75 - [STDERR_REDIRECT] 
2026-06-22 00:39:09,685 [ERROR] LogOutputStream:75 - [STDERR_REDIRECT] Jun 22, 2026 12:39:09 AM java.util.prefs.FileSystemPreferences checkLockFile0ErrorCode
2026-06-22 00:39:09,685 [ERROR] LogOutputStream:75 - [STDERR_REDIRECT] WARNING: Could not lock System prefs. Unix error code 5.
2026-06-22 00:39:09,685 [ERROR] LogOutputStream:75 - [STDERR_REDIRECT] 
2026-06-22 00:39:09,685 [ERROR] LogOutputStream:75 - [STDERR_REDIRECT] Jun 22, 2026 12:39:09 AM java.util.prefs.FileSystemPreferences syncWorld
2026-06-22 00:39:09,686 [ERROR] LogOutputStream:75 - [STDERR_REDIRECT] WARNING: Couldn't flush system prefs: java.util.prefs.BackingStoreException: Couldn't get file lock.
2026-06-22 00:39:09,686 [ERROR] LogOutputStream:75 - [STDERR_REDIRECT] 
2026-06-22 00:39:39,685 [ERROR] LogOutputStream:75 - [STDERR_REDIRECT] Jun 22, 2026 12:39:39 AM java.util.prefs.FileSystemPreferences checkLockFile0ErrorCode
2026-06-22 00:39:39,686 [ERROR] LogOutputStream:75 - [STDERR_REDIRECT] WARNING: Could not lock System prefs. Unix error code 5.
2026-06-22 00:39:39,686 [ERROR] LogOutputStream:75 - [STDERR_REDIRECT] 
2026-06-22 00:39:39,686 [ERROR] LogOutputStream:75 - [STDERR_REDIRECT] Jun 22, 2026 12:39:39 AM java.util.prefs.FileSystemPreferences syncWorld
2026-06-22 00:39:39,686 [ERROR] LogOutputStream:75 - [STDERR_REDIRECT] WARNING: Couldn't flush system prefs: java.util.prefs.BackingStoreException: Couldn't get file lock.
2026-06-22 00:39:39,686 [ERROR] LogOutputStream:75 - [STDERR_REDIRECT] 
2026-06-22 00:40:09,686 [ERROR] LogOutputStream:75 - [STDERR_REDIRECT] Jun 22, 2026 12:40:09 AM java.util.prefs.FileSystemPreferences checkLockFile0ErrorCode
2026-06-22 00:40:09,686 [ERROR] LogOutputStream:75 - [STDERR_REDIRECT] WARNING: Could not lock System prefs. Unix error code 5.
2026-06-22 00:40:09,686 [ERROR] LogOutputStream:75 - [STDERR_REDIRECT] 
2026-06-22 00:40:09,686 [ERROR] LogOutputStream:75 - [STDERR_REDIRECT] Jun 22, 2026 12:40:09 AM java.util.prefs.FileSystemPreferences syncWorld
2026-06-22 00:40:09,686 [ERROR] LogOutputStream:75 - [STDERR_REDIRECT] WARNING: Couldn't flush system prefs: java.util.prefs.BackingStoreException: Couldn't get file lock.
2026-06-22 00:40:09,686 [ERROR] LogOutputStream:75 - [STDERR_REDIRECT] 
2026-06-22 00:40:39,686 [ERROR] LogOutputStream:75 - [STDERR_REDIRECT] Jun 22, 2026 12:40:39 AM java.util.prefs.FileSystemPreferences checkLockFile0ErrorCode
2026-06-22 00:40:39,686 [ERROR] LogOutputStream:75 - [STDERR_REDIRECT] WARNING: Could not lock System prefs. Unix error code 5.
2026-06-22 00:40:39,686 [ERROR] LogOutputStream:75 - [STDERR_REDIRECT] 
2026-06-22 00:40:39,686 [ERROR] LogOutputStream:75 - [STDERR_REDIRECT] Jun 22, 2026 12:40:39 AM java.util.prefs.FileSystemPreferences syncWorld
2026-06-22 00:40:39,687 [ERROR] LogOutputStream:75 - [STDERR_REDIRECT] WARNING: Couldn't flush system prefs: java.util.prefs.BackingStoreException: Couldn't get file lock.
2026-06-22 00:40:39,687 [ERROR] LogOutputStream:75 - [STDERR_REDIRECT] 
2026-06-22 00:41:09,685 [ERROR] LogOutputStream:75 - [STDERR_REDIRECT] Jun 22, 2026 12:41:09 AM java.util.prefs.FileSystemPreferences checkLockFile0ErrorCode
2026-06-22 00:41:09,685 [ERROR] LogOutputStream:75 - [STDERR_REDIRECT] WARNING: Could not lock System prefs. Unix error code 5.
2026-06-22 00:41:09,686 [ERROR] LogOutputStream:75 - [STDERR_REDIRECT] 
2026-06-22 00:41:09,686 [ERROR] LogOutputStream:75 - [STDERR_REDIRECT] Jun 22, 2026 12:41:09 AM java.util.prefs.FileSystemPreferences syncWorld
2026-06-22 00:41:09,686 [ERROR] LogOutputStream:75 - [STDERR_REDIRECT] WARNING: Couldn't flush system prefs: java.util.prefs.BackingStoreException: Couldn't get file lock.
2026-06-22 00:41:09,686 [ERROR] LogOutputStream:75 - [STDERR_REDIRECT] 
2026-06-22 00:41:39,687 [ERROR] LogOutputStream:75 - [STDERR_REDIRECT] Jun 22, 2026 12:41:39 AM java.util.prefs.FileSystemPreferences checkLockFile0ErrorCode
2026-06-22 00:41:39,687 [ERROR] LogOutputStream:75 - [STDERR_REDIRECT] WARNING: Could not lock System prefs. Unix error code 5.
2026-06-22 00:41:39,687 [ERROR] LogOutputStream:75 - [STDERR_REDIRECT] 
2026-06-22 00:41:39,687 [ERROR] LogOutputStream:75 - [STDERR_REDIRECT] Jun 22, 2026 12:41:39 AM java.util.prefs.FileSystemPreferences syncWorld
2026-06-22 00:41:39,687 [ERROR] LogOutputStream:75 - [STDERR_REDIRECT] WARNING: Couldn't flush system prefs: java.util.prefs.BackingStoreException: Couldn't get file lock.
2026-06-22 00:41:39,687 [ERROR] LogOutputStream:75 - [STDERR_REDIRECT] 
2026-06-22 00:42:09,686 [ERROR] LogOutputStream:75 - [STDERR_REDIRECT] Jun 22, 2026 12:42:09 AM java.util.prefs.FileSystemPreferences checkLockFile0ErrorCode
2026-06-22 00:42:09,686 [ERROR] LogOutputStream:75 - [STDERR_REDIRECT] WARNING: Could not lock System prefs. Unix error code 5.
2026-06-22 00:42:09,687 [ERROR] LogOutputStream:75 - [STDERR_REDIRECT] 
2026-06-22 00:42:09,687 [ERROR] LogOutputStream:75 - [STDERR_REDIRECT] Jun 22, 2026 12:42:09 AM java.util.prefs.FileSystemPreferences syncWorld
2026-06-22 00:42:09,688 [ERROR] LogOutputStream:75 - [STDERR_REDIRECT] WARNING: Couldn't flush system prefs: java.util.prefs.BackingStoreException: Couldn't get file lock.
2026-06-22 00:42:09,688 [ERROR] LogOutputStream:75 - [STDERR_REDIRECT] 
2026-06-22 00:42:39,686 [ERROR] LogOutputStream:75 - [STDERR_REDIRECT] Jun 22, 2026 12:42:39 AM java.util.prefs.FileSystemPreferences checkLockFile0ErrorCode
2026-06-22 00:42:39,687 [ERROR] LogOutputStream:75 - [STDERR_REDIRECT] WARNING: Could not lock System prefs. Unix error code 5.
2026-06-22 00:42:39,687 [ERROR] LogOutputStream:75 - [STDERR_REDIRECT] 
2026-06-22 00:42:39,687 [ERROR] LogOutputStream:75 - [STDERR_REDIRECT] Jun 22, 2026 12:42:39 AM java.util.prefs.FileSystemPreferences syncWorld
2026-06-22 00:42:39,687 [ERROR] LogOutputStream:75 - [STDERR_REDIRECT] WARNING: Couldn't flush system prefs: java.util.prefs.BackingStoreException: Couldn't get file lock.
2026-06-22 00:42:39,687 [ERROR] LogOutputStream:75 - [STDERR_REDIRECT] 
