2025-10-30 18:14:14,456 [INFO] Activator:176 - 


2025-10-30 18:14:14,460 [INFO] Activator:177 - !SESSION log4j initialized
2025-10-30 18:14:19,996 [INFO] LogOutputStream:77 - [STDOUT_REDIRECT] 
2025-10-30 18:14:24,233 [INFO] ApplicationProperties:184 - Using Application install path: /opt/st/stm32cubeide_1.15.0_2/plugins/com.st.stm32cube.common.mx_6.11.0.202403141607
2025-10-30 18:14:24,292 [INFO] DbMcusXml:78 - Set database path to: /opt/st/stm32cubeide_1.15.0_2/plugins/com.st.stm32cube.common.mx_6.11.0.202403141607//db//mcu/
2025-10-30 18:14:24,293 [INFO] ApiDb:274 - Set plugin database path to: /opt/st/stm32cubeide_1.15.0_2/plugins/com.st.stm32cube.common.mx_6.11.0.202403141607//db//plugins/boardmanager/
2025-10-30 18:14:24,294 [WARN] ApiDb:259 - Overriding images path with different value:  => /opt/st/stm32cubeide_1.15.0_2/plugins/com.st.stm32cube.common.mx_6.11.0.202403141607//db//plugins/mcufinder/images/
2025-10-30 18:14:24,301 [INFO] ApiDb:250 - Set database path to: /home/peter/.stmcufinder/plugins/mcufinder//mcu/
2025-10-30 18:14:24,303 [INFO] DbMcusAds:125 - Set database path to: /home/peter/.stmcufinder/plugins/mcufinder//mcu/
2025-10-30 18:14:24,307 [INFO] CrossReferenceDbSqlite:203 - Set database path to: /home/peter/.stmcufinder/plugins/mcufinder//mcu/cs/
2025-10-30 18:14:24,742 [INFO] RulesReader:64 - Compatibility file has been processed (297 Rules)
2025-10-30 18:14:24,969 [INFO] DbMcusXml:78 - Set database path to: /opt/st/stm32cubeide_1.15.0_2/plugins/com.st.stm32cube.common.mx_6.11.0.202403141607//db//mcu/
2025-10-30 18:14:24,972 [INFO] ApiDb:274 - Set plugin database path to: /opt/st/stm32cubeide_1.15.0_2/plugins/com.st.stm32cube.common.mx_6.11.0.202403141607//db//plugins/boardmanager/
2025-10-30 18:14:24,972 [INFO] ApiDb:261 - Set plugin images path to: /opt/st/stm32cubeide_1.15.0_2/plugins/com.st.stm32cube.common.mx_6.11.0.202403141607//db//plugins/mcufinder/images/
2025-10-30 18:14:24,973 [WARN] DbFile:41 - Overriding database path with different value: /home/peter/.stmcufinder/plugins/mcufinder/ => /home/peter/.stmcufinder/plugins/mcufinder
2025-10-30 18:14:24,973 [INFO] ApiDb:250 - Set database path to: /home/peter/.stmcufinder/plugins/mcufinder//mcu/
2025-10-30 18:14:24,973 [WARN] DbFile:41 - Overriding database path with different value: /home/peter/.stmcufinder/plugins/mcufinder/ => /home/peter/.stmcufinder/plugins/mcufinder
2025-10-30 18:14:24,973 [INFO] DbMcusAds:125 - Set database path to: /home/peter/.stmcufinder/plugins/mcufinder//mcu/
2025-10-30 18:14:24,974 [WARN] DbFile:41 - Overriding database path with different value: /home/peter/.stmcufinder/plugins/mcufinder/ => /home/peter/.stmcufinder/plugins/mcufinder
2025-10-30 18:14:24,976 [WARN] DbFile:41 - Overriding database path with different value: /home/peter/.stmcufinder/plugins/mcufinder/ => /home/peter/.stmcufinder/plugins/mcufinder
2025-10-30 18:14:24,976 [INFO] CrossReferenceDbSqlite:203 - Set database path to: /home/peter/.stmcufinder/plugins/mcufinder//mcu/cs/
2025-10-30 18:14:25,195 [INFO] MainPanel:264 - HeapMemory: 268435456
2025-10-30 18:14:25,514 [INFO] DbMcusXml:78 - Set database path to: /opt/st/stm32cubeide_1.15.0_2/plugins/com.st.stm32cube.common.mx_6.11.0.202403141607//db//mcu/
2025-10-30 18:14:25,514 [INFO] ApiDb:274 - Set plugin database path to: /opt/st/stm32cubeide_1.15.0_2/plugins/com.st.stm32cube.common.mx_6.11.0.202403141607//db//plugins/boardmanager/
2025-10-30 18:14:25,514 [INFO] ApiDb:261 - Set plugin images path to: /opt/st/stm32cubeide_1.15.0_2/plugins/com.st.stm32cube.common.mx_6.11.0.202403141607//db//plugins/mcufinder/images/
2025-10-30 18:14:25,517 [WARN] DbFile:41 - Overriding database path with different value: /home/peter/.stmcufinder/plugins/mcufinder/ => /home/peter/.stmcufinder/plugins/mcufinder
2025-10-30 18:14:25,517 [INFO] ApiDb:250 - Set database path to: /home/peter/.stmcufinder/plugins/mcufinder//mcu/
2025-10-30 18:14:25,518 [WARN] DbFile:41 - Overriding database path with different value: /home/peter/.stmcufinder/plugins/mcufinder/ => /home/peter/.stmcufinder/plugins/mcufinder
2025-10-30 18:14:25,518 [INFO] DbMcusAds:125 - Set database path to: /home/peter/.stmcufinder/plugins/mcufinder//mcu/
2025-10-30 18:14:25,518 [WARN] DbFile:41 - Overriding database path with different value: /home/peter/.stmcufinder/plugins/mcufinder/ => /home/peter/.stmcufinder/plugins/mcufinder
2025-10-30 18:14:25,518 [WARN] DbFile:41 - Overriding database path with different value: /home/peter/.stmcufinder/plugins/mcufinder/ => /home/peter/.stmcufinder/plugins/mcufinder
2025-10-30 18:14:25,519 [INFO] CrossReferenceDbSqlite:203 - Set database path to: /home/peter/.stmcufinder/plugins/mcufinder//mcu/cs/
2025-10-30 18:14:25,582 [INFO] ApplicationProperties:184 - Using Application install path: /opt/st/stm32cubeide_1.15.0_2/plugins/com.st.stm32cube.common.mx_6.11.0.202403141607
2025-10-30 18:14:25,588 [INFO] PluginManage:196 - Search for loadable plugins [exclusion list=, ]
2025-10-30 18:14:25,598 [INFO] PluginManage:310 - Check plugin analytics
2025-10-30 18:14:26,328 [INFO] AnalyticsPlugin:253 - Accepted Software Licenses: 
2025-10-30 18:14:26,330 [INFO] AnalyticsPlugin:255 - Accepted CMSIS Pack Licenses: 
2025-10-30 18:14:26,330 [INFO] AnalyticsPlugin:257 - Accepted Firmware Licenses: FW.C0.1.1.0
2025-10-30 18:14:26,339 [INFO] PluginManage:359 - Loaded plugin analytics (category:tool,tabindex:-1)
2025-10-30 18:14:26,340 [INFO] PluginManage:310 - Check plugin cadmodel
2025-10-30 18:14:26,371 [INFO] CADModel:105 - Init CAD model plugin
2025-10-30 18:14:26,372 [INFO] PluginManage:359 - Loaded plugin cadmodel (category:power,tabindex:5)
2025-10-30 18:14:26,372 [INFO] PluginManage:310 - Check plugin clock
2025-10-30 18:14:26,387 [INFO] PluginManage:359 - Loaded plugin clock (category:base,tabindex:2)
2025-10-30 18:14:26,387 [INFO] PluginManage:310 - Check plugin ddr
2025-10-30 18:14:26,391 [INFO] PluginManage:359 - Loaded plugin ddr (category:tool,tabindex:6)
2025-10-30 18:14:26,391 [INFO] PluginManage:310 - Check plugin filemanager
2025-10-30 18:14:26,802 [INFO] PluginManage:359 - Loaded plugin filemanager (category:base,tabindex:10)
2025-10-30 18:14:26,803 [INFO] PluginManage:310 - Check plugin ipmanager
2025-10-30 18:14:26,811 [INFO] PluginManage:359 - Loaded plugin ipmanager (category:base,tabindex:5)
2025-10-30 18:14:26,811 [INFO] PluginManage:310 - Check plugin lpbam
2025-10-30 18:14:26,825 [INFO] PluginManage:359 - Loaded plugin lpbam (category:base,tabindex:0)
2025-10-30 18:14:26,826 [INFO] PluginManage:310 - Check plugin memorymap
2025-10-30 18:14:26,844 [INFO] PluginManage:359 - Loaded plugin memorymap (category:base,tabindex:4)
2025-10-30 18:14:26,844 [INFO] PluginManage:310 - Check plugin pinoutandconfiguration
2025-10-30 18:14:26,855 [INFO] PluginManage:359 - Loaded plugin pinoutandconfiguration (category:base,tabindex:1)
2025-10-30 18:14:26,858 [INFO] PluginManage:310 - Check plugin pinoutconfig
2025-10-30 18:14:27,106 [WARN] SupportedApi:132 - Cannot load RTOS API schema: s4s-elt-must-match.1: The content of 'definitions' must match (annotation?, (simpleType | complexType)?, (unique | key | keyref)*)). A problem was found starting at: attribute.
2025-10-30 18:14:27,493 [INFO] PluginManage:359 - Loaded plugin pinoutconfig (category:base,tabindex:0)
2025-10-30 18:14:27,494 [INFO] PluginManage:310 - Check plugin power
2025-10-30 18:14:27,513 [INFO] PluginManage:359 - Loaded plugin power (category:power,tabindex:4)
2025-10-30 18:14:27,513 [INFO] PluginManage:310 - Check plugin projectmanager
2025-10-30 18:14:27,559 [INFO] PluginManage:359 - Loaded plugin projectmanager (category:projectmanager,tabindex:3)
2025-10-30 18:14:27,560 [INFO] PluginManage:310 - Check plugin thirdparty
2025-10-30 18:14:28,108 [INFO] PluginManage:359 - Loaded plugin thirdparty (category:base,tabindex:-1)
2025-10-30 18:14:28,108 [INFO] PluginManage:310 - Check plugin tools
2025-10-30 18:14:28,109 [WARN] IntegrityCheckThread:84 - waiting for thirdparty lock release [integrity check]
2025-10-30 18:14:28,110 [INFO] IntegrityCheckThread:86 - entering critical section [integrity check]
2025-10-30 18:14:28,110 [INFO] ThirdPartyUpdaterWithRetryManager:70 - Updater plugin not ready yet. [1/15]
2025-10-30 18:14:28,118 [INFO] PluginManage:359 - Loaded plugin tools (category:base,tabindex:7)
2025-10-30 18:14:28,119 [INFO] PluginManage:310 - Check plugin tutovideos
2025-10-30 18:14:28,817 [INFO] PluginManage:359 - Loaded plugin tutovideos (category:base,tabindex:-1)
2025-10-30 18:14:28,817 [INFO] PluginManage:310 - Check plugin updater
2025-10-30 18:14:28,850 [INFO] PluginManage:359 - Loaded plugin updater (category:base,tabindex:12)
2025-10-30 18:14:28,855 [INFO] PluginManage:310 - Check plugin userauth
2025-10-30 18:14:28,867 [INFO] UserAuth:114 - Init User Auth plugin
2025-10-30 18:14:28,868 [INFO] PluginManage:359 - Loaded plugin userauth (category:base,tabindex:14)
2025-10-30 18:14:28,869 [INFO] PluginManage:283 - PluginManage : Loaded plugins [17]
2025-10-30 18:14:29,664 [INFO] PinOutPanel:1561 - setPackage(No Configuration,No Configuration)
2025-10-30 18:14:29,877 [INFO] CADModel:165 - CPN selected for project level
2025-10-30 18:14:29,877 [INFO] CADModel:114 - Register for checkConnection events
2025-10-30 18:14:29,917 [INFO] IPUIPlugin:80 - create IPUIPlugin
2025-10-30 18:14:29,918 [INFO] PluginManager:220 - loadIPPluginJar : add mdma
2025-10-30 18:14:29,938 [INFO] IPUIPlugin:80 - create IPUIPlugin
2025-10-30 18:14:29,939 [INFO] PluginManager:220 - loadIPPluginJar : add cryp
2025-10-30 18:14:29,953 [INFO] IPUIPlugin:80 - create IPUIPlugin
2025-10-30 18:14:29,954 [INFO] PluginManager:220 - loadIPPluginJar : add freertos
2025-10-30 18:14:29,968 [INFO] IPUIPlugin:80 - create IPUIPlugin
2025-10-30 18:14:29,970 [INFO] PluginManager:220 - loadIPPluginJar : add gpio
2025-10-30 18:14:29,977 [INFO] IPUIPlugin:80 - create IPUIPlugin
2025-10-30 18:14:29,978 [INFO] PluginManager:220 - loadIPPluginJar : add usbx
2025-10-30 18:14:29,985 [INFO] IPUIPlugin:80 - create IPUIPlugin
2025-10-30 18:14:29,987 [INFO] PluginManager:220 - loadIPPluginJar : add lorawan
2025-10-30 18:14:29,995 [INFO] IPUIPlugin:80 - create IPUIPlugin
2025-10-30 18:14:29,996 [INFO] PluginManager:220 - loadIPPluginJar : add can
2025-10-30 18:14:30,006 [INFO] IPUIPlugin:80 - create IPUIPlugin
2025-10-30 18:14:30,006 [INFO] PluginManager:220 - loadIPPluginJar : add pdm2pcm
2025-10-30 18:14:30,011 [INFO] IPUIPlugin:80 - create IPUIPlugin
2025-10-30 18:14:30,011 [INFO] PluginManager:220 - loadIPPluginJar : add fatfs
2025-10-30 18:14:30,024 [INFO] IPUIPlugin:80 - create IPUIPlugin
2025-10-30 18:14:30,027 [INFO] PluginManager:220 - loadIPPluginJar : add resmgrutility
2025-10-30 18:14:30,034 [INFO] IPUIPlugin:80 - create IPUIPlugin
2025-10-30 18:14:30,034 [INFO] PluginManager:220 - loadIPPluginJar : add hash
2025-10-30 18:14:30,047 [INFO] IPUIPlugin:80 - create IPUIPlugin
2025-10-30 18:14:30,047 [INFO] PluginManager:220 - loadIPPluginJar : add nvic
2025-10-30 18:14:30,055 [INFO] IPUIPlugin:80 - create IPUIPlugin
2025-10-30 18:14:30,055 [INFO] PluginManager:220 - loadIPPluginJar : add gfxmmu
2025-10-30 18:14:30,060 [INFO] IPUIPlugin:80 - create IPUIPlugin
2025-10-30 18:14:30,060 [INFO] PluginManager:220 - loadIPPluginJar : add quadspi
2025-10-30 18:14:30,065 [INFO] IPUIPlugin:80 - create IPUIPlugin
2025-10-30 18:14:30,069 [INFO] PluginManager:220 - loadIPPluginJar : add aes
2025-10-30 18:14:30,090 [INFO] IPUIPlugin:80 - create IPUIPlugin
2025-10-30 18:14:30,090 [INFO] PluginManager:220 - loadIPPluginJar : add linkedlist
2025-10-30 18:14:30,098 [INFO] IPUIPlugin:80 - create IPUIPlugin
2025-10-30 18:14:30,098 [INFO] PluginManager:220 - loadIPPluginJar : add ts
2025-10-30 18:14:30,113 [INFO] IPUIPlugin:80 - create IPUIPlugin
2025-10-30 18:14:30,113 [INFO] PluginManager:220 - loadIPPluginJar : add stm32_wpan
2025-10-30 18:14:30,122 [INFO] IPUIPlugin:80 - create IPUIPlugin
2025-10-30 18:14:30,126 [INFO] PluginManager:220 - loadIPPluginJar : add touchsensing
2025-10-30 18:14:30,133 [INFO] IPUIPlugin:80 - create IPUIPlugin
2025-10-30 18:14:30,134 [INFO] PluginManager:220 - loadIPPluginJar : add dma3
2025-10-30 18:14:30,142 [INFO] IPUIPlugin:80 - create IPUIPlugin
2025-10-30 18:14:30,142 [INFO] PluginManager:220 - loadIPPluginJar : add spi
2025-10-30 18:14:30,153 [INFO] IPUIPlugin:80 - create IPUIPlugin
2025-10-30 18:14:30,153 [INFO] PluginManager:220 - loadIPPluginJar : add openamp
2025-10-30 18:14:30,174 [INFO] IPUIPlugin:80 - create IPUIPlugin
2025-10-30 18:14:30,180 [INFO] PluginManager:220 - loadIPPluginJar : add sai
2025-10-30 18:14:30,199 [INFO] IPUIPlugin:80 - create IPUIPlugin
2025-10-30 18:14:30,200 [INFO] PluginManager:220 - loadIPPluginJar : add opamp
2025-10-30 18:14:30,223 [INFO] IPUIPlugin:80 - create IPUIPlugin
2025-10-30 18:14:30,242 [INFO] PluginManager:220 - loadIPPluginJar : add plateformsettings
2025-10-30 18:14:30,257 [INFO] IPUIPlugin:80 - create IPUIPlugin
2025-10-30 18:14:30,257 [INFO] PluginManager:220 - loadIPPluginJar : add ipddr
2025-10-30 18:14:30,261 [INFO] IPUIPlugin:80 - create IPUIPlugin
2025-10-30 18:14:30,261 [INFO] PluginManager:220 - loadIPPluginJar : add ltdc
2025-10-30 18:14:30,281 [INFO] IPUIPlugin:80 - create IPUIPlugin
2025-10-30 18:14:30,287 [INFO] PluginManager:220 - loadIPPluginJar : add fmc
2025-10-30 18:14:30,304 [INFO] IPUIPlugin:80 - create IPUIPlugin
2025-10-30 18:14:30,304 [INFO] PluginManager:220 - loadIPPluginJar : add adc
2025-10-30 18:14:30,309 [INFO] IPUIPlugin:80 - create IPUIPlugin
2025-10-30 18:14:30,310 [INFO] PluginManager:220 - loadIPPluginJar : add i2s
2025-10-30 18:14:30,316 [INFO] IPUIPlugin:80 - create IPUIPlugin
2025-10-30 18:14:30,317 [INFO] PluginManager:220 - loadIPPluginJar : add tracer_emb
2025-10-30 18:14:30,324 [INFO] IPUIPlugin:80 - create IPUIPlugin
2025-10-30 18:14:30,326 [INFO] PluginManager:220 - loadIPPluginJar : add i2c
2025-10-30 18:14:30,331 [INFO] IPUIPlugin:80 - create IPUIPlugin
2025-10-30 18:14:30,331 [INFO] PluginManager:220 - loadIPPluginJar : add gtzc
2025-10-30 18:14:30,333 [INFO] IPUIPlugin:80 - create IPUIPlugin
2025-10-30 18:14:30,334 [INFO] PluginManager:220 - loadIPPluginJar : add tim
2025-10-30 18:14:30,338 [INFO] IPUIPlugin:80 - create IPUIPlugin
2025-10-30 18:14:30,338 [INFO] PluginManager:220 - loadIPPluginJar : add ucpd
2025-10-30 18:14:30,341 [INFO] IPUIPlugin:80 - create IPUIPlugin
2025-10-30 18:14:30,341 [INFO] PluginManager:220 - loadIPPluginJar : add usart
2025-10-30 18:14:30,345 [INFO] IPUIPlugin:80 - create IPUIPlugin
2025-10-30 18:14:30,346 [INFO] PluginManager:220 - loadIPPluginJar : add dfsdm
2025-10-30 18:14:30,350 [INFO] IPUIPlugin:80 - create IPUIPlugin
2025-10-30 18:14:30,350 [INFO] PluginManager:220 - loadIPPluginJar : add i3c
2025-10-30 18:14:30,357 [INFO] IPUIPlugin:80 - create IPUIPlugin
2025-10-30 18:14:30,358 [INFO] PluginManager:220 - loadIPPluginJar : add gic
2025-10-30 18:14:30,361 [INFO] IPUIPlugin:80 - create IPUIPlugin
2025-10-30 18:14:30,361 [INFO] PluginManager:220 - loadIPPluginJar : add comp
2025-10-30 18:14:30,363 [INFO] IPUIPlugin:80 - create IPUIPlugin
2025-10-30 18:14:30,363 [INFO] PluginManager:220 - loadIPPluginJar : add tsc
2025-10-30 18:14:30,366 [INFO] IPUIPlugin:80 - create IPUIPlugin
2025-10-30 18:14:30,366 [INFO] PluginManager:220 - loadIPPluginJar : add genericplugin
2025-10-30 18:14:30,370 [INFO] IPUIPlugin:80 - create IPUIPlugin
2025-10-30 18:14:30,370 [INFO] PluginManager:220 - loadIPPluginJar : add extmemmanager
2025-10-30 18:14:30,381 [INFO] IPUIPlugin:80 - create IPUIPlugin
2025-10-30 18:14:30,381 [INFO] PluginManager:220 - loadIPPluginJar : add dma
2025-10-30 18:14:30,541 [INFO] CADModel:165 - CPN selected for project level
2025-10-30 18:14:30,541 [INFO] CADModel:114 - Register for checkConnection events
2025-10-30 18:14:30,542 [FATAL] Updater:308 - Updater called before beeing initialized
2025-10-30 18:14:30,542 [ERROR] CADModel:125 - Updater not yet initialized, retry later 
2025-10-30 18:14:31,028 [INFO] CADModel:165 - CPN selected for project level
2025-10-30 18:14:31,028 [INFO] CADModel:114 - Register for checkConnection events
2025-10-30 18:14:31,028 [FATAL] Updater:308 - Updater called before beeing initialized
2025-10-30 18:14:31,029 [ERROR] CADModel:125 - Updater not yet initialized, retry later 
2025-10-30 18:14:31,042 [FATAL] Updater:308 - Updater called before beeing initialized
2025-10-30 18:14:31,116 [INFO] ThirdPartyUpdaterWithRetryManager:70 - Updater plugin not ready yet. [2/15]
2025-10-30 18:14:31,337 [FATAL] Updater:308 - Updater called before beeing initialized
2025-10-30 18:14:31,344 [INFO] DbMcusAds:53 - JSON generation date=Tue Jul 08 04:14:23 EDT 2025 (1751962463524)
2025-10-30 18:14:31,344 [FATAL] Updater:308 - Updater called before beeing initialized
2025-10-30 18:14:31,534 [WARN] DetailPanel:346 - Failed to get advertising image, set to default
2025-10-30 18:14:31,761 [FATAL] Updater:308 - Updater called before beeing initialized
2025-10-30 18:14:31,764 [FATAL] Updater:308 - Updater called before beeing initialized
2025-10-30 18:14:31,764 [FATAL] Updater:308 - Updater called before beeing initialized
2025-10-30 18:14:31,764 [WARN] DetailPanel:346 - Failed to get advertising image, set to default
2025-10-30 18:14:31,766 [FATAL] Updater:308 - Updater called before beeing initialized
2025-10-30 18:14:31,831 [ERROR] Updater:1120 - MainUpdater not yet initialized. External WinMGr cannot be set.
2025-10-30 18:14:31,835 [INFO] Updater:1056 - Updater Version found : 6.11.0
2025-10-30 18:14:31,869 [INFO] ApplicationProperties:184 - Using Application install path: /opt/st/stm32cubeide_1.15.0_2/plugins/com.st.stm32cube.common.mx_6.11.0.202403141607
2025-10-30 18:14:31,927 [ERROR] LogOutputStream:75 - [STDERR_REDIRECT] Oct 30, 2025 6:14:31 PM java.util.prefs.FileSystemPreferences$2 run
2025-10-30 18:14:31,931 [ERROR] LogOutputStream:75 - [STDERR_REDIRECT] WARNING: Could not create system preferences directory. System preferences are unusable.
2025-10-30 18:14:31,931 [ERROR] LogOutputStream:75 - [STDERR_REDIRECT] 
2025-10-30 18:14:32,778 [INFO] MainUpdater:2873 - connection check result : 10
2025-10-30 18:14:32,781 [INFO] MainUpdater:290 - Updater Check For Update Now.
2025-10-30 18:14:32,781 [INFO] MicroXplorer:498 - Change Database Version : DB.6.0.110
2025-10-30 18:14:32,814 [INFO] McuFinderGlobals:63 - Set McuFinder mode to 2 (CubeIDE integrated)
2025-10-30 18:14:32,870 [INFO] UserAuth:415 - Internet connection configuration mode: 1
2025-10-30 18:14:32,929 [INFO] JxBrowserEngine:152 - Initiate JxBrowser Engine with user profile folder
2025-10-30 18:14:33,390 [INFO] CheckServerUpdateThread:120 - End of CheckServer Thread
2025-10-30 18:14:34,824 [WARN] PackLoader:240 - Cannot read IP mode file for STMicroelectronics.FP-SNS-MOTENVWB1.1.4.0
2025-10-30 18:14:34,862 [WARN] PackLoader:240 - Cannot read IP mode file for STMicroelectronics.FP-ATR-ASTRA1.2.0.2
2025-10-30 18:14:34,877 [WARN] PackLoader:240 - Cannot read IP mode file for STMicroelectronics.FP-ATR-ASTRA1.2.0.1
2025-10-30 18:14:34,905 [WARN] PackLoader:240 - Cannot read IP mode file for STMicroelectronics.X-CUBE-SMBUS.2.1.0
2025-10-30 18:14:34,946 [WARN] PackLoader:240 - Cannot read IP mode file for STMicroelectronics.X-CUBE-WB05N.1.1.0
2025-10-30 18:14:34,964 [ERROR] Engine:466 - /home/peter/.stm32cubemx/thirdparties/pdsc/STMicroelectronics.X-CUBE-ST60.1.0.0.pdsc: PDSC version is not supported
2025-10-30 18:14:34,975 [WARN] PackLoader:240 - Cannot read IP mode file for STMicroelectronics.X-CUBE-TOUCHGFX.4.23.1
2025-10-30 18:14:34,987 [WARN] PackLoader:240 - Cannot read IP mode file for STMicroelectronics.X-CUBE-TOUCHGFX.4.23.2
2025-10-30 18:14:35,091 [WARN] PackLoader:240 - Cannot read IP mode file for STMicroelectronics.X-CUBE-AZRTOS-F7.1.1.0
2025-10-30 18:14:35,314 [INFO] WebApp:161 - Instantiating new browser for Auth
2025-10-30 18:14:35,394 [WARN] PackLoader:240 - Cannot read IP mode file for STMicroelectronics.X-CUBE-MEMS1.11.0.0
2025-10-30 18:14:35,993 [WARN] PackLoader:240 - Cannot read IP mode file for STMicroelectronics.FP-SNS-FLIGHT1.5.0.2
2025-10-30 18:14:36,047 [WARN] PackLoader:240 - Cannot read IP mode file for STMicroelectronics.X-CUBE-AZRTOS-H7.3.4.0
2025-10-30 18:14:36,067 [WARN] PackLoader:240 - Cannot read IP mode file for STMicroelectronics.X-CUBE-DISPLAY.3.0.0
2025-10-30 18:14:36,082 [WARN] PackLoader:240 - Cannot read IP mode file for STMicroelectronics.X-CUBE-BLE1.7.0.0
2025-10-30 18:14:36,137 [WARN] PackLoader:240 - Cannot read IP mode file for STMicroelectronics.X-CUBE-NFC10.1.0.0
2025-10-30 18:14:36,262 [WARN] PackLoader:240 - Cannot read IP mode file for STMicroelectronics.X-CUBE-BLEMGR.4.0.0
2025-10-30 18:14:36,313 [ERROR] Engine:466 - /home/peter/.stm32cubemx/thirdparties/pdsc/STMicroelectronics.X-CUBE-ST60.1.1.0.pdsc: PDSC version is not supported
2025-10-30 18:14:36,360 [WARN] PackLoader:240 - Cannot read IP mode file for emotas.I-CUBE-CANOPEN.1.3.0
2025-10-30 18:14:36,440 [WARN] PackLoader:240 - Cannot read IP mode file for STMicroelectronics.X-CUBE-BLEMGR.3.1.0
2025-10-30 18:14:36,505 [WARN] PackLoader:240 - Cannot read IP mode file for STMicroelectronics.X-CUBE-AI.10.0.0
2025-10-30 18:14:36,570 [ERROR] Engine:466 - /home/peter/.stm32cubemx/thirdparties/pdsc/STMicroelectronics.FP-SNS-STBOX1.2.1.0.pdsc: PDSC version is not supported
2025-10-30 18:14:36,584 [WARN] PackLoader:240 - Cannot read IP mode file for STMicroelectronics.FP-SNS-SMARTAG2.1.2.0
2025-10-30 18:14:36,594 [ERROR] Engine:466 - /home/peter/.stm32cubemx/thirdparties/pdsc/STMicroelectronics.FP-SNS-FLIGHT1.5.1.0.pdsc: PDSC version is not supported
2025-10-30 18:14:36,825 [WARN] PackLoader:240 - Cannot read IP mode file for STMicroelectronics.X-CUBE-MEMS1.11.1.0
2025-10-30 18:14:37,631 [INFO] LogOutputStream:77 - [STDOUT_REDIRECT] 1 : Invalid condition id : UX_CORESTACK_Condition cause : null
2025-10-30 18:14:37,642 [INFO] LogOutputStream:77 - [STDOUT_REDIRECT] 1 : Invalid condition id : UX_CORESTACK_Condition cause : null
2025-10-30 18:14:37,643 [INFO] LogOutputStream:77 - [STDOUT_REDIRECT] 1 : Invalid condition id : UX_CORESTACK_Condition cause : null
2025-10-30 18:14:37,645 [INFO] LogOutputStream:77 - [STDOUT_REDIRECT] 1 : Invalid condition id : UX_CORESTACK_Condition cause : null
2025-10-30 18:14:37,645 [INFO] LogOutputStream:77 - [STDOUT_REDIRECT] 1 : Invalid condition id : UX_CORESTACK_Condition cause : null
2025-10-30 18:14:37,694 [WARN] PackLoader:240 - Cannot read IP mode file for STMicroelectronics.X-CUBE-AZRTOS-WL.2.0.0
2025-10-30 18:14:37,756 [WARN] PackLoader:240 - Cannot read IP mode file for STMicroelectronics.FP-SNS-MOTENV1.5.0.0
2025-10-30 18:14:37,792 [WARN] PackLoader:240 - Cannot read IP mode file for wolfSSL.I-CUBE-wolfMQTT.1.19.0
2025-10-30 18:14:37,850 [WARN] PackLoader:240 - Cannot read IP mode file for WES.I-CUBE-Cesium.1.3.0
2025-10-30 18:14:37,896 [WARN] PackLoader:240 - Cannot read IP mode file for STMicroelectronics.X-CUBE-BLE2.3.3.0
2025-10-30 18:14:37,951 [WARN] PackLoader:240 - Cannot read IP mode file for STMicroelectronics.X-CUBE-NFC9.1.0.0
2025-10-30 18:14:37,978 [WARN] PackLoader:240 - Cannot read IP mode file for STMicroelectronics.X-CUBE-BLE1.7.1.0
2025-10-30 18:14:38,007 [WARN] PackLoader:240 - Cannot read IP mode file for STMicroelectronics.X-CUBE-TCPP.4.1.0
2025-10-30 18:14:38,056 [WARN] PackLoader:240 - Cannot read IP mode file for STMicroelectronics.X-CUBE-EEPRMA1.5.2.0
2025-10-30 18:14:38,085 [ERROR] Engine:466 - /home/peter/.stm32cubemx/thirdparties/pdsc/STMicroelectronics.X-CUBE-ST67W61.1.1.0.pdsc: PDSC version is not supported
2025-10-30 18:14:38,098 [WARN] PackLoader:240 - Cannot read IP mode file for STMicroelectronics.X-CUBE-AI.10.1.0
2025-10-30 18:14:38,132 [WARN] PackLoader:240 - Cannot read IP mode file for STMicroelectronics.X-CUBE-ALGOBUILD.1.3.0
2025-10-30 18:14:38,433 [WARN] PackLoader:240 - Cannot read IP mode file for STMicroelectronics.X-CUBE-MEMS1.11.2.0
2025-10-30 18:14:38,694 [INFO] WebApp:779 - Register for checkConnection events
2025-10-30 18:14:38,694 [INFO] WebApp:414 - Apply proxy settings
2025-10-30 18:14:38,694 [INFO] WebApp:499 - Chromium requires no authentication
2025-10-30 18:14:38,748 [INFO] WebApp:442 - Direct internet connection detected
2025-10-30 18:14:39,058 [WARN] PackLoader:240 - Cannot read IP mode file for STMicroelectronics.X-CUBE-AZRTOS-G0.1.1.0
2025-10-30 18:14:39,084 [WARN] PackLoader:240 - Cannot read IP mode file for STMicroelectronics.X-CUBE-SAFEA1.1.2.2
2025-10-30 18:14:39,102 [WARN] PackLoader:240 - Cannot read IP mode file for STMicroelectronics.X-CUBE-NFC4.3.0.0
2025-10-30 18:14:39,114 [WARN] PackLoader:240 - Cannot read IP mode file for wolfSSL.I-CUBE-wolfMQTT.1.18.0
2025-10-30 18:14:39,131 [WARN] PackLoader:240 - Cannot read IP mode file for EmbeddedOffice.I-CUBE-FS-RTOS.1.0.1
2025-10-30 18:14:39,131 [ERROR] ConditionMgr:805 - Attr not supported : Dmpu
2025-10-30 18:14:39,131 [ERROR] ConditionMgr:805 - Attr not supported : Dmpu
2025-10-30 18:14:39,132 [ERROR] ConditionMgr:805 - Attr not supported : Dmpu
2025-10-30 18:14:39,132 [ERROR] ConditionMgr:805 - Attr not supported : Dmpu
2025-10-30 18:14:39,132 [ERROR] ConditionMgr:805 - Attr not supported : Dmpu
2025-10-30 18:14:39,132 [ERROR] ConditionMgr:805 - Attr not supported : Dmpu
2025-10-30 18:14:39,132 [ERROR] ConditionMgr:805 - Attr not supported : Dmpu
2025-10-30 18:14:39,132 [ERROR] ConditionMgr:805 - Attr not supported : Dmpu
2025-10-30 18:14:39,132 [ERROR] ConditionMgr:805 - Attr not supported : Dmpu
2025-10-30 18:14:39,132 [ERROR] ConditionMgr:805 - Attr not supported : Dmpu
2025-10-30 18:14:39,133 [ERROR] ConditionMgr:805 - Attr not supported : Dmpu
2025-10-30 18:14:39,133 [ERROR] ConditionMgr:805 - Attr not supported : Dmpu
2025-10-30 18:14:39,133 [ERROR] ConditionMgr:805 - Attr not supported : Dmpu
2025-10-30 18:14:39,133 [ERROR] ConditionMgr:805 - Attr not supported : Dmpu
2025-10-30 18:14:39,133 [ERROR] ConditionMgr:805 - Attr not supported : Dmpu
2025-10-30 18:14:39,133 [ERROR] ConditionMgr:805 - Attr not supported : Dmpu
2025-10-30 18:14:39,133 [ERROR] ConditionMgr:805 - Attr not supported : Dmpu
2025-10-30 18:14:39,134 [ERROR] ConditionMgr:805 - Attr not supported : Dmpu
2025-10-30 18:14:39,134 [ERROR] ConditionMgr:805 - Attr not supported : Dmpu
2025-10-30 18:14:39,134 [ERROR] ConditionMgr:805 - Attr not supported : Dmpu
2025-10-30 18:14:39,134 [ERROR] ConditionMgr:805 - Attr not supported : Dmpu
2025-10-30 18:14:39,134 [ERROR] ConditionMgr:805 - Attr not supported : Dmpu
2025-10-30 18:14:39,134 [ERROR] ConditionMgr:805 - Attr not supported : Dmpu
2025-10-30 18:14:39,134 [ERROR] ConditionMgr:805 - Attr not supported : Dmpu
2025-10-30 18:14:39,134 [ERROR] ConditionMgr:805 - Attr not supported : Dmpu
2025-10-30 18:14:39,135 [ERROR] ConditionMgr:805 - Attr not supported : Dmpu
2025-10-30 18:14:39,135 [ERROR] ConditionMgr:805 - Attr not supported : Dmpu
2025-10-30 18:14:39,135 [ERROR] ConditionMgr:805 - Attr not supported : Dmpu
2025-10-30 18:14:39,135 [ERROR] ConditionMgr:805 - Attr not supported : Dmpu
2025-10-30 18:14:39,135 [ERROR] ConditionMgr:805 - Attr not supported : Dmpu
2025-10-30 18:14:39,136 [ERROR] ConditionMgr:805 - Attr not supported : Dmpu
2025-10-30 18:14:39,136 [ERROR] ConditionMgr:805 - Attr not supported : Dmpu
2025-10-30 18:14:39,136 [ERROR] ConditionMgr:805 - Attr not supported : Dmpu
2025-10-30 18:14:39,136 [ERROR] ConditionMgr:805 - Attr not supported : Dmpu
2025-10-30 18:14:39,136 [ERROR] ConditionMgr:805 - Attr not supported : Dmpu
2025-10-30 18:14:39,136 [ERROR] ConditionMgr:805 - Attr not supported : Dmpu
2025-10-30 18:14:39,137 [ERROR] ConditionMgr:805 - Attr not supported : Dmpu
2025-10-30 18:14:39,137 [ERROR] ConditionMgr:805 - Attr not supported : Dmpu
2025-10-30 18:14:39,137 [ERROR] ConditionMgr:805 - Attr not supported : Dmpu
2025-10-30 18:14:39,138 [ERROR] ConditionMgr:805 - Attr not supported : Dmpu
2025-10-30 18:14:39,138 [ERROR] ConditionMgr:805 - Attr not supported : Dmpu
2025-10-30 18:14:39,138 [ERROR] ConditionMgr:805 - Attr not supported : Dmpu
2025-10-30 18:14:39,138 [ERROR] ConditionMgr:805 - Attr not supported : Dmpu
2025-10-30 18:14:39,138 [ERROR] ConditionMgr:805 - Attr not supported : Dmpu
2025-10-30 18:14:39,138 [ERROR] ConditionMgr:805 - Attr not supported : Dmpu
2025-10-30 18:14:39,139 [ERROR] ConditionMgr:805 - Attr not supported : Dmpu
2025-10-30 18:14:39,139 [ERROR] ConditionMgr:805 - Attr not supported : Dmpu
2025-10-30 18:14:39,139 [ERROR] ConditionMgr:805 - Attr not supported : Dmpu
2025-10-30 18:14:39,139 [ERROR] ConditionMgr:805 - Attr not supported : Dmpu
2025-10-30 18:14:39,139 [ERROR] ConditionMgr:805 - Attr not supported : Dmpu
2025-10-30 18:14:39,139 [ERROR] ConditionMgr:805 - Attr not supported : Dmpu
2025-10-30 18:14:39,140 [ERROR] ConditionMgr:805 - Attr not supported : Dmpu
2025-10-30 18:14:39,140 [ERROR] ConditionMgr:805 - Attr not supported : Dmpu
2025-10-30 18:14:39,140 [ERROR] ConditionMgr:805 - Attr not supported : Dmpu
2025-10-30 18:14:39,140 [ERROR] ConditionMgr:805 - Attr not supported : Dmpu
2025-10-30 18:14:39,140 [ERROR] ConditionMgr:805 - Attr not supported : Dmpu
2025-10-30 18:14:39,140 [ERROR] ConditionMgr:805 - Attr not supported : Dmpu
2025-10-30 18:14:39,140 [ERROR] ConditionMgr:805 - Attr not supported : Dmpu
2025-10-30 18:14:39,141 [ERROR] ConditionMgr:805 - Attr not supported : Dmpu
2025-10-30 18:14:39,141 [ERROR] ConditionMgr:805 - Attr not supported : Dmpu
2025-10-30 18:14:39,141 [ERROR] ConditionMgr:805 - Attr not supported : Dmpu
2025-10-30 18:14:39,141 [ERROR] ConditionMgr:805 - Attr not supported : Dmpu
2025-10-30 18:14:39,141 [ERROR] ConditionMgr:805 - Attr not supported : Dmpu
2025-10-30 18:14:39,141 [ERROR] ConditionMgr:805 - Attr not supported : Dmpu
2025-10-30 18:14:39,148 [WARN] PackLoader:240 - Cannot read IP mode file for STMicroelectronics.X-CUBE-WB05N.2.0.0
2025-10-30 18:14:39,154 [ERROR] Engine:466 - /home/peter/.stm32cubemx/thirdparties/pdsc/STMicroelectronics.X-CUBE-TCPP.4.2.0.pdsc: PDSC version is not supported
2025-10-30 18:14:39,159 [WARN] PackLoader:240 - Cannot read IP mode file for RealThread.X-CUBE-RT-Thread_Nano.4.1.1
2025-10-30 18:14:39,165 [WARN] PackLoader:240 - Cannot read IP mode file for wolfSSL.I-CUBE-wolfSSL.5.7.0
2025-10-30 18:14:39,173 [WARN] PackLoader:240 - Cannot read IP mode file for STMicroelectronics.FP-ATR-SIGFOX1.3.2.0
2025-10-30 18:14:39,182 [WARN] ConditionMgr:438 - getConditionDescription Invalid condition id : Cortex-A Device cause : null
2025-10-30 18:14:39,210 [WARN] ConditionMgr:1039 - genDependencies : Invalid condition id : Cortex-A Device cause : null
2025-10-30 18:14:39,210 [WARN] ConditionMgr:1039 - genDependencies : Invalid condition id : Cortex-A Device cause : null
2025-10-30 18:14:39,210 [WARN] ConditionMgr:1039 - genDependencies : Invalid condition id : Cortex-A Device cause : null
2025-10-30 18:14:39,230 [WARN] PackLoader:240 - Cannot read IP mode file for STMicroelectronics.X-CUBE-EEPRMA1.5.1.0
2025-10-30 18:14:39,257 [WARN] PackLoader:240 - Cannot read IP mode file for ITTIA_DB.I-CUBE-ITTIADB.8.9.0
2025-10-30 18:14:39,265 [ERROR] Engine:466 - /home/peter/.stm32cubemx/thirdparties/pdsc/STMicroelectronics.X-CUBE-ST67W61.1.0.0.pdsc: PDSC version is not supported
2025-10-30 18:14:39,270 [WARN] PackLoader:240 - Cannot read IP mode file for STMicroelectronics.X-CUBE-AI.10.2.0
2025-10-30 18:14:39,442 [INFO] WebApp:192 - Starting web application
2025-10-30 18:14:39,442 [INFO] WebApp:544 - Web application path used /opt/st/stm32cubeide_1.15.0_2/plugins/com.st.stm32cube.common.mx_6.11.0.202403141607/db/plugins/mcufinder/reactClient1/index.html
2025-10-30 18:14:39,467 [WARN] PackLoader:240 - Cannot read IP mode file for SEGGER.I-CUBE-embOS.1.3.1
2025-10-30 18:14:39,705 [WARN] PackLoader:240 - Cannot read IP mode file for STMicroelectronics.X-CUBE-ALGOBUILD.1.4.0
2025-10-30 18:14:39,898 [WARN] PackLoader:240 - Cannot read IP mode file for STMicroelectronics.X-CUBE-MEMS1.11.3.0
2025-10-30 18:14:40,283 [WARN] PackLoader:240 - Cannot read IP mode file for STMicroelectronics.X-CUBE-AI.9.1.0
2025-10-30 18:14:40,289 [WARN] PackLoader:240 - Cannot read IP mode file for STMicroelectronics.X-CUBE-PM33A1.1.0.0
2025-10-30 18:14:40,296 [WARN] PackLoader:240 - Cannot read IP mode file for STMicroelectronics.X-CUBE-GNSS1.6.0.0
2025-10-30 18:14:40,332 [WARN] PackLoader:240 - Cannot read IP mode file for STMicroelectronics.X-CUBE-AZRTOS-F4.1.1.0
2025-10-30 18:14:40,343 [ERROR] Engine:466 - /home/peter/.stm32cubemx/thirdparties/pdsc/Avnet-IotConnect.X-CUBE-IoTC-DA16k-PMOD.1.0.0.pdsc: PDSC version is not supported
2025-10-30 18:14:40,347 [WARN] PackLoader:240 - Cannot read IP mode file for STMicroelectronics.X-CUBE-ISPU.2.1.0
2025-10-30 18:14:40,358 [ERROR] Engine:466 - /home/peter/.stm32cubemx/thirdparties/pdsc/STMicroelectronics.X-CUBE-IPS.3.2.0.pdsc: PDSC version is not supported
2025-10-30 18:14:40,372 [WARN] PackLoader:240 - Cannot read IP mode file for STMicroelectronics.X-CUBE-FREERTOS.1.2.0
2025-10-30 18:14:40,389 [WARN] PackLoader:240 - Cannot read IP mode file for STMicroelectronics.X-CUBE-NFC12.1.0.0
2025-10-30 18:14:40,444 [WARN] PackLoader:240 - Cannot read IP mode file for STMicroelectronics.X-CUBE-AZRTOS-L5.2.0.0
2025-10-30 18:14:40,466 [WARN] PackLoader:240 - Cannot read IP mode file for STMicroelectronics.X-CUBE-NFC6.3.1.0
2025-10-30 18:14:40,486 [WARN] PackLoader:240 - Cannot read IP mode file for STMicroelectronics.X-CUBE-DPower.1.2.0
2025-10-30 18:14:40,491 [WARN] PackLoader:240 - Cannot read IP mode file for STMicroelectronics.X-CUBE-AI.9.0.0
2025-10-30 18:14:40,507 [WARN] PackLoader:240 - Cannot read IP mode file for STMicroelectronics.X-CUBE-FREERTOS.1.3.1
2025-10-30 18:14:40,518 [WARN] PackLoader:240 - Cannot read IP mode file for STMicroelectronics.X-CUBE-FREERTOS.1.3.0
2025-10-30 18:14:40,527 [WARN] PackLoader:240 - Cannot read IP mode file for STMicroelectronics.X-CUBE-NFC7.1.0.1
2025-10-30 18:14:40,546 [WARN] PackLoader:240 - Cannot read IP mode file for wolfSSL.I-CUBE-wolfTPM.3.2.0
2025-10-30 18:14:40,557 [WARN] PackLoader:240 - Cannot read IP mode file for STMicroelectronics.X-CUBE-TOUCHGFX.4.26.0
2025-10-30 18:14:40,569 [ERROR] Engine:466 - /home/peter/.stm32cubemx/thirdparties/pdsc/STMicroelectronics.FP-SNS-STAIOTCFT.1.0.0.pdsc: PDSC version is not supported
2025-10-30 18:14:40,589 [WARN] PackLoader:240 - Cannot read IP mode file for STMicroelectronics.X-CUBE-DPower.1.3.0
2025-10-30 18:14:40,599 [WARN] PackLoader:240 - Cannot read IP mode file for STMicroelectronics.X-CUBE-AI.8.1.0
2025-10-30 18:14:40,662 [WARN] ConditionMgr:438 - getConditionDescription Invalid condition id : LAN8742 Phy interface Condition cause : null
2025-10-30 18:14:40,663 [WARN] PackLoader:240 - Cannot read IP mode file for STMicroelectronics.X-CUBE-AZRTOS-L4.2.0.0
2025-10-30 18:14:40,665 [WARN] ConditionMgr:1039 - genDependencies : Invalid condition id : LAN8742 Phy interface Condition cause : null
2025-10-30 18:14:40,667 [WARN] ConditionMgr:1039 - genDependencies : Invalid condition id : LAN8742 Phy interface Condition cause : null
2025-10-30 18:14:40,668 [WARN] ConditionMgr:1039 - genDependencies : Invalid condition id : LAN8742 Phy interface Condition cause : null
2025-10-30 18:14:40,679 [WARN] PackLoader:240 - Cannot read IP mode file for STMicroelectronics.X-CUBE-SFXS2LP1.4.0.0
2025-10-30 18:14:40,725 [WARN] PackLoader:240 - Cannot read IP mode file for STMicroelectronics.X-CUBE-AZRTOS-H7.3.3.0
2025-10-30 18:14:40,778 [ERROR] Engine:466 - /home/peter/.stm32cubemx/thirdparties/pdsc/STMicroelectronics.X-CUBE-BLEMGR.4.1.0.pdsc: PDSC version is not supported
2025-10-30 18:14:40,802 [WARN] PackLoader:240 - Cannot read IP mode file for STMicroelectronics.X-CUBE-IPS.3.0.0
2025-10-30 18:14:40,865 [WARN] ConditionMgr:438 - getConditionDescription Invalid condition id : UX DEVICE CLASS RTOS Condition cause : null
2025-10-30 18:14:40,866 [WARN] ConditionMgr:438 - getConditionDescription Invalid condition id : UX DEVICE CLASS RTOS Condition cause : null
2025-10-30 18:14:40,909 [WARN] PackLoader:240 - Cannot read IP mode file for STMicroelectronics.X-CUBE-AZRTOS-WB.2.0.0
2025-10-30 18:14:40,912 [WARN] ConditionMgr:1039 - genDependencies : Invalid condition id : UX DEVICE CLASS RTOS Condition cause : null
2025-10-30 18:14:40,912 [WARN] ConditionMgr:1039 - genDependencies : Invalid condition id : UX DEVICE CLASS RTOS Condition cause : null
2025-10-30 18:14:40,913 [WARN] ConditionMgr:1039 - genDependencies : Invalid condition id : UX DEVICE CLASS RTOS Condition cause : null
2025-10-30 18:14:40,913 [WARN] ConditionMgr:1039 - genDependencies : Invalid condition id : UX DEVICE CLASS RTOS Condition cause : null
2025-10-30 18:14:40,913 [WARN] ConditionMgr:1039 - genDependencies : Invalid condition id : UX DEVICE CLASS RTOS Condition cause : null
2025-10-30 18:14:40,925 [WARN] PackLoader:240 - Cannot read IP mode file for STMicroelectronics.X-CUBE-GNSS1.7.0.0
2025-10-30 18:14:40,944 [WARN] PackLoader:240 - Cannot read IP mode file for STMicroelectronics.X-CUBE-GNSS1.7.0.1
2025-10-30 18:14:40,954 [WARN] PackLoader:240 - Cannot read IP mode file for STMicroelectronics.X-CUBE-TOUCHGFX.4.25.0
2025-10-30 18:14:40,980 [WARN] PackLoader:240 - Cannot read IP mode file for STMicroelectronics.FP-SNS-STBOX1.2.0.0
2025-10-30 18:14:41,018 [WARN] PackLoader:240 - Cannot read IP mode file for STMicroelectronics.X-CUBE-SUBG2.5.0.0
2025-10-30 18:14:41,118 [WARN] PackLoader:240 - Cannot read IP mode file for STMicroelectronics.X-CUBE-AZRTOS-H7RS.1.1.0
2025-10-30 18:14:41,133 [WARN] PackLoader:240 - Cannot read IP mode file for Cesanta.I-CUBE-Mongoose.7.13.0
2025-10-30 18:14:41,169 [WARN] PackLoader:240 - Cannot read IP mode file for STMicroelectronics.X-CUBE-AZRTOS-G4.2.0.0
2025-10-30 18:14:41,181 [WARN] PackLoader:240 - Cannot read IP mode file for STMicroelectronics.X-CUBE-NFC7.2.0.0
2025-10-30 18:14:41,188 [WARN] PackLoader:240 - Cannot read IP mode file for STMicroelectronics.FP-SNS-MOTENVWB1.1.3.1
2025-10-30 18:14:41,196 [WARN] PackLoader:240 - Cannot read IP mode file for STMicroelectronics.X-CUBE-ISPU.2.0.0
2025-10-30 18:14:41,207 [ERROR] Engine:466 - /home/peter/.stm32cubemx/thirdparties/pdsc/STMicroelectronics.X-CUBE-IPS.3.1.0.pdsc: PDSC version is not supported
2025-10-30 18:14:41,214 [WARN] PackLoader:240 - Cannot read IP mode file for STMicroelectronics.X-CUBE-ALS.1.0.2
2025-10-30 18:14:41,299 [WARN] PackLoader:240 - Cannot read IP mode file for STMicroelectronics.X-CUBE-MEMS1.10.0.0
2025-10-30 18:14:41,520 [WARN] PackLoader:240 - Cannot read IP mode file for STMicroelectronics.X-CUBE-FREERTOS.1.1.0
2025-10-30 18:14:41,525 [WARN] PackLoader:240 - Cannot read IP mode file for STMicroelectronics.X-CUBE-TOUCHGFX.4.24.0
2025-10-30 18:14:41,529 [WARN] PackLoader:240 - Cannot read IP mode file for STMicroelectronics.X-CUBE-TOUCHGFX.4.24.2
2025-10-30 18:14:41,534 [WARN] PackLoader:240 - Cannot read IP mode file for STMicroelectronics.X-CUBE-TOUCHGFX.4.24.1
2025-10-30 18:14:41,545 [WARN] PackLoader:240 - Cannot read IP mode file for STMicroelectronics.X-CUBE-STSE01.1.0.0
2025-10-30 18:14:41,552 [WARN] PackLoader:240 - Cannot read IP mode file for portGmbH.I-Cube-SoM-uGOAL.1.1.0
2025-10-30 18:14:41,557 [WARN] PackLoader:240 - Cannot read IP mode file for STMicroelectronics.X-CUBE-ALS.1.0.1
2025-10-30 18:14:41,596 [WARN] PackLoader:240 - Cannot read IP mode file for STMicroelectronics.X-CUBE-AZRTOS-H7RS.1.0.0
2025-10-30 18:14:41,606 [WARN] PackLoader:240 - Cannot read IP mode file for STMicroelectronics.FP-ATR-ASTRA1.2.0.0
2025-10-30 18:14:41,626 [WARN] PackLoader:240 - Cannot read IP mode file for STMicroelectronics.X-CUBE-TOF1.3.4.2
2025-10-30 18:14:41,654 [ERROR] Engine:466 - /home/peter/.stm32cubemx/thirdparties/pdsc/STMicroelectronics.X-CUBE-TOF1.3.4.3.pdsc: PDSC version is not supported
2025-10-30 18:14:41,678 [WARN] PackLoader:240 - Cannot read IP mode file for STMicroelectronics.X-CUBE-TOF1.3.4.1
2025-10-30 18:14:41,737 [WARN] PackLoader:240 - Cannot read IP mode file for STMicroelectronics.X-CUBE-AZRTOS-H7.3.2.0
2025-10-30 18:14:41,769 [WARN] PackLoader:240 - Cannot read IP mode file for Infineon.AIROC-Wi-Fi-Bluetooth-STM32.1.6.0
2025-10-30 18:14:41,786 [WARN] PackLoader:240 - Cannot read IP mode file for wolfSSL.I-CUBE-wolfSSH.1.4.17
2025-10-30 18:14:41,790 [INFO] ThirdParty:978 - Integrity check success = true
2025-10-30 18:14:41,790 [INFO] IntegrityCheckThread:100 - exiting critical section [integrity check]
2025-10-30 18:14:41,790 [INFO] IntegrityCheckThread:103 - End integrity checks thread
2025-10-30 18:14:46,598 [ERROR] LogOutputStream:75 - [STDERR_REDIRECT] Oct 30, 2025 6:14:46 PM java.util.prefs.FileSystemPreferences checkLockFile0ErrorCode
2025-10-30 18:14:46,599 [ERROR] LogOutputStream:75 - [STDERR_REDIRECT] WARNING: Could not lock System prefs. Unix error code 30658.
2025-10-30 18:14:46,599 [ERROR] LogOutputStream:75 - [STDERR_REDIRECT] 
2025-10-30 18:14:46,601 [ERROR] LogOutputStream:75 - [STDERR_REDIRECT] Oct 30, 2025 6:14:46 PM java.util.prefs.FileSystemPreferences syncWorld
2025-10-30 18:14:46,603 [ERROR] LogOutputStream:75 - [STDERR_REDIRECT] WARNING: Couldn't flush system prefs: java.util.prefs.BackingStoreException: Couldn't get file lock.
2025-10-30 18:14:46,604 [ERROR] LogOutputStream:75 - [STDERR_REDIRECT] 
