2025-11-04 00:00:25,186 [ERROR] LogOutputStream:75 - [STDERR_REDIRECT] Nov 04, 2025 12:00:25 AM java.util.prefs.FileSystemPreferences checkLockFile0ErrorCode
2025-11-04 00:00:25,193 [ERROR] LogOutputStream:75 - [STDERR_REDIRECT] WARNING: Could not lock System prefs. Unix error code 5.
2025-11-04 00:00:25,193 [ERROR] LogOutputStream:75 - [STDERR_REDIRECT] 
2025-11-04 00:00:25,194 [ERROR] LogOutputStream:75 - [STDERR_REDIRECT] Nov 04, 2025 12:00:25 AM java.util.prefs.FileSystemPreferences syncWorld
2025-11-04 00:00:25,194 [ERROR] LogOutputStream:75 - [STDERR_REDIRECT] WARNING: Couldn't flush system prefs: java.util.prefs.BackingStoreException: Couldn't get file lock.
2025-11-04 00:00:25,194 [ERROR] LogOutputStream:75 - [STDERR_REDIRECT] 
2025-11-04 00:00:55,182 [ERROR] LogOutputStream:75 - [STDERR_REDIRECT] Nov 04, 2025 12:00:55 AM java.util.prefs.FileSystemPreferences checkLockFile0ErrorCode
2025-11-04 00:00:55,182 [ERROR] LogOutputStream:75 - [STDERR_REDIRECT] WARNING: Could not lock System prefs. Unix error code 5.
2025-11-04 00:00:55,182 [ERROR] LogOutputStream:75 - [STDERR_REDIRECT] 
2025-11-04 00:00:55,183 [ERROR] LogOutputStream:75 - [STDERR_REDIRECT] Nov 04, 2025 12:00:55 AM java.util.prefs.FileSystemPreferences syncWorld
2025-11-04 00:00:55,183 [ERROR] LogOutputStream:75 - [STDERR_REDIRECT] WARNING: Couldn't flush system prefs: java.util.prefs.BackingStoreException: Couldn't get file lock.
2025-11-04 00:00:55,183 [ERROR] LogOutputStream:75 - [STDERR_REDIRECT] 
2025-11-04 00:01:25,182 [ERROR] LogOutputStream:75 - [STDERR_REDIRECT] Nov 04, 2025 12:01:25 AM java.util.prefs.FileSystemPreferences checkLockFile0ErrorCode
2025-11-04 00:01:25,182 [ERROR] LogOutputStream:75 - [STDERR_REDIRECT] WARNING: Could not lock System prefs. Unix error code 5.
2025-11-04 00:01:25,182 [ERROR] LogOutputStream:75 - [STDERR_REDIRECT] 
2025-11-04 00:01:25,182 [ERROR] LogOutputStream:75 - [STDERR_REDIRECT] Nov 04, 2025 12:01:25 AM java.util.prefs.FileSystemPreferences syncWorld
2025-11-04 00:01:25,182 [ERROR] LogOutputStream:75 - [STDERR_REDIRECT] WARNING: Couldn't flush system prefs: java.util.prefs.BackingStoreException: Couldn't get file lock.
2025-11-04 00:01:25,183 [ERROR] LogOutputStream:75 - [STDERR_REDIRECT] 
2025-11-04 00:01:55,182 [ERROR] LogOutputStream:75 - [STDERR_REDIRECT] Nov 04, 2025 12:01:55 AM java.util.prefs.FileSystemPreferences checkLockFile0ErrorCode
2025-11-04 00:01:55,182 [ERROR] LogOutputStream:75 - [STDERR_REDIRECT] WARNING: Could not lock System prefs. Unix error code 5.
2025-11-04 00:01:55,182 [ERROR] LogOutputStream:75 - [STDERR_REDIRECT] 
2025-11-04 00:01:55,182 [ERROR] LogOutputStream:75 - [STDERR_REDIRECT] Nov 04, 2025 12:01:55 AM java.util.prefs.FileSystemPreferences syncWorld
2025-11-04 00:01:55,182 [ERROR] LogOutputStream:75 - [STDERR_REDIRECT] WARNING: Couldn't flush system prefs: java.util.prefs.BackingStoreException: Couldn't get file lock.
2025-11-04 00:01:55,182 [ERROR] LogOutputStream:75 - [STDERR_REDIRECT] 
2025-11-04 00:02:25,183 [ERROR] LogOutputStream:75 - [STDERR_REDIRECT] Nov 04, 2025 12:02:25 AM java.util.prefs.FileSystemPreferences checkLockFile0ErrorCode
2025-11-04 00:02:25,183 [ERROR] LogOutputStream:75 - [STDERR_REDIRECT] WARNING: Could not lock System prefs. Unix error code 5.
2025-11-04 00:02:25,183 [ERROR] LogOutputStream:75 - [STDERR_REDIRECT] 
2025-11-04 00:02:25,183 [ERROR] LogOutputStream:75 - [STDERR_REDIRECT] Nov 04, 2025 12:02:25 AM java.util.prefs.FileSystemPreferences syncWorld
2025-11-04 00:02:25,183 [ERROR] LogOutputStream:75 - [STDERR_REDIRECT] WARNING: Couldn't flush system prefs: java.util.prefs.BackingStoreException: Couldn't get file lock.
2025-11-04 00:02:25,183 [ERROR] LogOutputStream:75 - [STDERR_REDIRECT] 
2025-11-04 00:02:55,185 [ERROR] LogOutputStream:75 - [STDERR_REDIRECT] Nov 04, 2025 12:02:55 AM java.util.prefs.FileSystemPreferences checkLockFile0ErrorCode
2025-11-04 00:02:55,185 [ERROR] LogOutputStream:75 - [STDERR_REDIRECT] WARNING: Could not lock System prefs. Unix error code 5.
2025-11-04 00:02:55,185 [ERROR] LogOutputStream:75 - [STDERR_REDIRECT] 
2025-11-04 00:02:55,185 [ERROR] LogOutputStream:75 - [STDERR_REDIRECT] Nov 04, 2025 12:02:55 AM java.util.prefs.FileSystemPreferences syncWorld
2025-11-04 00:02:55,185 [ERROR] LogOutputStream:75 - [STDERR_REDIRECT] WARNING: Couldn't flush system prefs: java.util.prefs.BackingStoreException: Couldn't get file lock.
2025-11-04 00:02:55,186 [ERROR] LogOutputStream:75 - [STDERR_REDIRECT] 
2025-11-04 00:03:25,217 [ERROR] LogOutputStream:75 - [STDERR_REDIRECT] Nov 04, 2025 12:03:25 AM java.util.prefs.FileSystemPreferences checkLockFile0ErrorCode
2025-11-04 00:03:25,218 [ERROR] LogOutputStream:75 - [STDERR_REDIRECT] WARNING: Could not lock System prefs. Unix error code 5.
2025-11-04 00:03:25,218 [ERROR] LogOutputStream:75 - [STDERR_REDIRECT] 
2025-11-04 00:03:25,218 [ERROR] LogOutputStream:75 - [STDERR_REDIRECT] Nov 04, 2025 12:03:25 AM java.util.prefs.FileSystemPreferences syncWorld
2025-11-04 00:03:25,218 [ERROR] LogOutputStream:75 - [STDERR_REDIRECT] WARNING: Couldn't flush system prefs: java.util.prefs.BackingStoreException: Couldn't get file lock.
2025-11-04 00:03:25,218 [ERROR] LogOutputStream:75 - [STDERR_REDIRECT] 
2025-11-04 00:03:55,191 [ERROR] LogOutputStream:75 - [STDERR_REDIRECT] Nov 04, 2025 12:03:55 AM java.util.prefs.FileSystemPreferences checkLockFile0ErrorCode
2025-11-04 00:03:55,191 [ERROR] LogOutputStream:75 - [STDERR_REDIRECT] WARNING: Could not lock System prefs. Unix error code 5.
2025-11-04 00:03:55,191 [ERROR] LogOutputStream:75 - [STDERR_REDIRECT] 
2025-11-04 00:03:55,191 [ERROR] LogOutputStream:75 - [STDERR_REDIRECT] Nov 04, 2025 12:03:55 AM java.util.prefs.FileSystemPreferences syncWorld
2025-11-04 00:03:55,191 [ERROR] LogOutputStream:75 - [STDERR_REDIRECT] WARNING: Couldn't flush system prefs: java.util.prefs.BackingStoreException: Couldn't get file lock.
2025-11-04 00:03:55,192 [ERROR] LogOutputStream:75 - [STDERR_REDIRECT] 
2025-11-04 00:04:25,183 [ERROR] LogOutputStream:75 - [STDERR_REDIRECT] Nov 04, 2025 12:04:25 AM java.util.prefs.FileSystemPreferences checkLockFile0ErrorCode
2025-11-04 00:04:25,183 [ERROR] LogOutputStream:75 - [STDERR_REDIRECT] WARNING: Could not lock System prefs. Unix error code 5.
2025-11-04 00:04:25,184 [ERROR] LogOutputStream:75 - [STDERR_REDIRECT] 
2025-11-04 00:04:25,184 [ERROR] LogOutputStream:75 - [STDERR_REDIRECT] Nov 04, 2025 12:04:25 AM java.util.prefs.FileSystemPreferences syncWorld
2025-11-04 00:04:25,184 [ERROR] LogOutputStream:75 - [STDERR_REDIRECT] WARNING: Couldn't flush system prefs: java.util.prefs.BackingStoreException: Couldn't get file lock.
2025-11-04 00:04:25,184 [ERROR] LogOutputStream:75 - [STDERR_REDIRECT] 
2025-11-04 00:04:55,187 [ERROR] LogOutputStream:75 - [STDERR_REDIRECT] Nov 04, 2025 12:04:55 AM java.util.prefs.FileSystemPreferences checkLockFile0ErrorCode
2025-11-04 00:04:55,189 [ERROR] LogOutputStream:75 - [STDERR_REDIRECT] WARNING: Could not lock System prefs. Unix error code 5.
2025-11-04 00:04:55,191 [ERROR] LogOutputStream:75 - [STDERR_REDIRECT] 
2025-11-04 00:04:55,193 [ERROR] LogOutputStream:75 - [STDERR_REDIRECT] Nov 04, 2025 12:04:55 AM java.util.prefs.FileSystemPreferences syncWorld
2025-11-04 00:04:55,194 [ERROR] LogOutputStream:75 - [STDERR_REDIRECT] WARNING: Couldn't flush system prefs: java.util.prefs.BackingStoreException: Couldn't get file lock.
2025-11-04 00:04:55,195 [ERROR] LogOutputStream:75 - [STDERR_REDIRECT] 
2025-11-04 00:05:25,185 [ERROR] LogOutputStream:75 - [STDERR_REDIRECT] Nov 04, 2025 12:05:25 AM java.util.prefs.FileSystemPreferences checkLockFile0ErrorCode
2025-11-04 00:05:25,185 [ERROR] LogOutputStream:75 - [STDERR_REDIRECT] WARNING: Could not lock System prefs. Unix error code 5.
2025-11-04 00:05:25,185 [ERROR] LogOutputStream:75 - [STDERR_REDIRECT] 
2025-11-04 00:05:25,186 [ERROR] LogOutputStream:75 - [STDERR_REDIRECT] Nov 04, 2025 12:05:25 AM java.util.prefs.FileSystemPreferences syncWorld
2025-11-04 00:05:25,186 [ERROR] LogOutputStream:75 - [STDERR_REDIRECT] WARNING: Couldn't flush system prefs: java.util.prefs.BackingStoreException: Couldn't get file lock.
2025-11-04 00:05:25,186 [ERROR] LogOutputStream:75 - [STDERR_REDIRECT] 
2025-11-04 00:05:55,209 [ERROR] LogOutputStream:75 - [STDERR_REDIRECT] Nov 04, 2025 12:05:55 AM java.util.prefs.FileSystemPreferences checkLockFile0ErrorCode
2025-11-04 00:05:55,209 [ERROR] LogOutputStream:75 - [STDERR_REDIRECT] WARNING: Could not lock System prefs. Unix error code 5.
2025-11-04 00:05:55,209 [ERROR] LogOutputStream:75 - [STDERR_REDIRECT] 
2025-11-04 00:05:55,210 [ERROR] LogOutputStream:75 - [STDERR_REDIRECT] Nov 04, 2025 12:05:55 AM java.util.prefs.FileSystemPreferences syncWorld
2025-11-04 00:05:55,210 [ERROR] LogOutputStream:75 - [STDERR_REDIRECT] WARNING: Couldn't flush system prefs: java.util.prefs.BackingStoreException: Couldn't get file lock.
2025-11-04 00:05:55,210 [ERROR] LogOutputStream:75 - [STDERR_REDIRECT] 
2025-11-04 00:06:25,193 [ERROR] LogOutputStream:75 - [STDERR_REDIRECT] Nov 04, 2025 12:06:25 AM java.util.prefs.FileSystemPreferences checkLockFile0ErrorCode
2025-11-04 00:06:25,194 [ERROR] LogOutputStream:75 - [STDERR_REDIRECT] WARNING: Could not lock System prefs. Unix error code 5.
2025-11-04 00:06:25,194 [ERROR] LogOutputStream:75 - [STDERR_REDIRECT] 
2025-11-04 00:06:25,194 [ERROR] LogOutputStream:75 - [STDERR_REDIRECT] Nov 04, 2025 12:06:25 AM java.util.prefs.FileSystemPreferences syncWorld
2025-11-04 00:06:25,195 [ERROR] LogOutputStream:75 - [STDERR_REDIRECT] WARNING: Couldn't flush system prefs: java.util.prefs.BackingStoreException: Couldn't get file lock.
2025-11-04 00:06:25,195 [ERROR] LogOutputStream:75 - [STDERR_REDIRECT] 
2025-11-04 00:06:55,189 [ERROR] LogOutputStream:75 - [STDERR_REDIRECT] Nov 04, 2025 12:06:55 AM java.util.prefs.FileSystemPreferences checkLockFile0ErrorCode
2025-11-04 00:06:55,192 [ERROR] LogOutputStream:75 - [STDERR_REDIRECT] WARNING: Could not lock System prefs. Unix error code 5.
2025-11-04 00:06:55,192 [ERROR] LogOutputStream:75 - [STDERR_REDIRECT] 
2025-11-04 00:06:55,192 [ERROR] LogOutputStream:75 - [STDERR_REDIRECT] Nov 04, 2025 12:06:55 AM java.util.prefs.FileSystemPreferences syncWorld
2025-11-04 00:06:55,193 [ERROR] LogOutputStream:75 - [STDERR_REDIRECT] WARNING: Couldn't flush system prefs: java.util.prefs.BackingStoreException: Couldn't get file lock.
2025-11-04 00:06:55,193 [ERROR] LogOutputStream:75 - [STDERR_REDIRECT] 
2025-11-04 00:07:25,190 [ERROR] LogOutputStream:75 - [STDERR_REDIRECT] Nov 04, 2025 12:07:25 AM java.util.prefs.FileSystemPreferences checkLockFile0ErrorCode
2025-11-04 00:07:25,191 [ERROR] LogOutputStream:75 - [STDERR_REDIRECT] WARNING: Could not lock System prefs. Unix error code 5.
2025-11-04 00:07:25,191 [ERROR] LogOutputStream:75 - [STDERR_REDIRECT] 
2025-11-04 00:07:25,191 [ERROR] LogOutputStream:75 - [STDERR_REDIRECT] Nov 04, 2025 12:07:25 AM java.util.prefs.FileSystemPreferences syncWorld
2025-11-04 00:07:25,191 [ERROR] LogOutputStream:75 - [STDERR_REDIRECT] WARNING: Couldn't flush system prefs: java.util.prefs.BackingStoreException: Couldn't get file lock.
2025-11-04 00:07:25,191 [ERROR] LogOutputStream:75 - [STDERR_REDIRECT] 
2025-11-04 00:07:55,211 [ERROR] LogOutputStream:75 - [STDERR_REDIRECT] Nov 04, 2025 12:07:55 AM java.util.prefs.FileSystemPreferences checkLockFile0ErrorCode
2025-11-04 00:07:55,211 [ERROR] LogOutputStream:75 - [STDERR_REDIRECT] WARNING: Could not lock System prefs. Unix error code 5.
2025-11-04 00:07:55,211 [ERROR] LogOutputStream:75 - [STDERR_REDIRECT] 
2025-11-04 00:07:55,213 [ERROR] LogOutputStream:75 - [STDERR_REDIRECT] Nov 04, 2025 12:07:55 AM java.util.prefs.FileSystemPreferences syncWorld
2025-11-04 00:07:55,215 [ERROR] LogOutputStream:75 - [STDERR_REDIRECT] WARNING: Couldn't flush system prefs: java.util.prefs.BackingStoreException: Couldn't get file lock.
2025-11-04 00:07:55,215 [ERROR] LogOutputStream:75 - [STDERR_REDIRECT] 
2025-11-04 00:08:25,192 [ERROR] LogOutputStream:75 - [STDERR_REDIRECT] Nov 04, 2025 12:08:25 AM java.util.prefs.FileSystemPreferences checkLockFile0ErrorCode
2025-11-04 00:08:25,193 [ERROR] LogOutputStream:75 - [STDERR_REDIRECT] WARNING: Could not lock System prefs. Unix error code 5.
2025-11-04 00:08:25,195 [ERROR] LogOutputStream:75 - [STDERR_REDIRECT] 
2025-11-04 00:08:25,195 [ERROR] LogOutputStream:75 - [STDERR_REDIRECT] Nov 04, 2025 12:08:25 AM java.util.prefs.FileSystemPreferences syncWorld
2025-11-04 00:08:25,195 [ERROR] LogOutputStream:75 - [STDERR_REDIRECT] WARNING: Couldn't flush system prefs: java.util.prefs.BackingStoreException: Couldn't get file lock.
2025-11-04 00:08:25,196 [ERROR] LogOutputStream:75 - [STDERR_REDIRECT] 
2025-11-04 00:08:55,192 [ERROR] LogOutputStream:75 - [STDERR_REDIRECT] Nov 04, 2025 12:08:55 AM java.util.prefs.FileSystemPreferences checkLockFile0ErrorCode
2025-11-04 00:08:55,194 [ERROR] LogOutputStream:75 - [STDERR_REDIRECT] WARNING: Could not lock System prefs. Unix error code 5.
2025-11-04 00:08:55,194 [ERROR] LogOutputStream:75 - [STDERR_REDIRECT] 
2025-11-04 00:08:55,197 [ERROR] LogOutputStream:75 - [STDERR_REDIRECT] Nov 04, 2025 12:08:55 AM java.util.prefs.FileSystemPreferences syncWorld
2025-11-04 00:08:55,200 [ERROR] LogOutputStream:75 - [STDERR_REDIRECT] WARNING: Couldn't flush system prefs: java.util.prefs.BackingStoreException: Couldn't get file lock.
2025-11-04 00:08:55,200 [ERROR] LogOutputStream:75 - [STDERR_REDIRECT] 
2025-11-04 00:09:25,198 [ERROR] LogOutputStream:75 - [STDERR_REDIRECT] Nov 04, 2025 12:09:25 AM java.util.prefs.FileSystemPreferences checkLockFile0ErrorCode
2025-11-04 00:09:25,198 [ERROR] LogOutputStream:75 - [STDERR_REDIRECT] WARNING: Could not lock System prefs. Unix error code 5.
2025-11-04 00:09:25,200 [ERROR] LogOutputStream:75 - [STDERR_REDIRECT] 
2025-11-04 00:09:25,204 [ERROR] LogOutputStream:75 - [STDERR_REDIRECT] Nov 04, 2025 12:09:25 AM java.util.prefs.FileSystemPreferences syncWorld
2025-11-04 00:09:25,208 [ERROR] LogOutputStream:75 - [STDERR_REDIRECT] WARNING: Couldn't flush system prefs: java.util.prefs.BackingStoreException: Couldn't get file lock.
2025-11-04 00:09:25,208 [ERROR] LogOutputStream:75 - [STDERR_REDIRECT] 
2025-11-04 00:09:55,199 [ERROR] LogOutputStream:75 - [STDERR_REDIRECT] Nov 04, 2025 12:09:55 AM java.util.prefs.FileSystemPreferences checkLockFile0ErrorCode
2025-11-04 00:09:55,199 [ERROR] LogOutputStream:75 - [STDERR_REDIRECT] WARNING: Could not lock System prefs. Unix error code 5.
2025-11-04 00:09:55,199 [ERROR] LogOutputStream:75 - [STDERR_REDIRECT] 
2025-11-04 00:09:55,199 [ERROR] LogOutputStream:75 - [STDERR_REDIRECT] Nov 04, 2025 12:09:55 AM java.util.prefs.FileSystemPreferences syncWorld
2025-11-04 00:09:55,199 [ERROR] LogOutputStream:75 - [STDERR_REDIRECT] WARNING: Couldn't flush system prefs: java.util.prefs.BackingStoreException: Couldn't get file lock.
2025-11-04 00:09:55,200 [ERROR] LogOutputStream:75 - [STDERR_REDIRECT] 
2025-11-04 00:10:25,212 [ERROR] LogOutputStream:75 - [STDERR_REDIRECT] Nov 04, 2025 12:10:25 AM java.util.prefs.FileSystemPreferences checkLockFile0ErrorCode
2025-11-04 00:10:25,213 [ERROR] LogOutputStream:75 - [STDERR_REDIRECT] WARNING: Could not lock System prefs. Unix error code 5.
2025-11-04 00:10:25,213 [ERROR] LogOutputStream:75 - [STDERR_REDIRECT] 
2025-11-04 00:10:25,213 [ERROR] LogOutputStream:75 - [STDERR_REDIRECT] Nov 04, 2025 12:10:25 AM java.util.prefs.FileSystemPreferences syncWorld
2025-11-04 00:10:25,213 [ERROR] LogOutputStream:75 - [STDERR_REDIRECT] WARNING: Couldn't flush system prefs: java.util.prefs.BackingStoreException: Couldn't get file lock.
2025-11-04 00:10:25,213 [ERROR] LogOutputStream:75 - [STDERR_REDIRECT] 
2025-11-04 00:10:55,203 [ERROR] LogOutputStream:75 - [STDERR_REDIRECT] Nov 04, 2025 12:10:55 AM java.util.prefs.FileSystemPreferences checkLockFile0ErrorCode
2025-11-04 00:10:55,204 [ERROR] LogOutputStream:75 - [STDERR_REDIRECT] WARNING: Could not lock System prefs. Unix error code 5.
2025-11-04 00:10:55,204 [ERROR] LogOutputStream:75 - [STDERR_REDIRECT] 
2025-11-04 00:10:55,204 [ERROR] LogOutputStream:75 - [STDERR_REDIRECT] Nov 04, 2025 12:10:55 AM java.util.prefs.FileSystemPreferences syncWorld
2025-11-04 00:10:55,204 [ERROR] LogOutputStream:75 - [STDERR_REDIRECT] WARNING: Couldn't flush system prefs: java.util.prefs.BackingStoreException: Couldn't get file lock.
2025-11-04 00:10:55,205 [ERROR] LogOutputStream:75 - [STDERR_REDIRECT] 
2025-11-04 00:11:25,206 [ERROR] LogOutputStream:75 - [STDERR_REDIRECT] Nov 04, 2025 12:11:25 AM java.util.prefs.FileSystemPreferences checkLockFile0ErrorCode
2025-11-04 00:11:25,206 [ERROR] LogOutputStream:75 - [STDERR_REDIRECT] WARNING: Could not lock System prefs. Unix error code 5.
2025-11-04 00:11:25,207 [ERROR] LogOutputStream:75 - [STDERR_REDIRECT] 
2025-11-04 00:11:25,208 [ERROR] LogOutputStream:75 - [STDERR_REDIRECT] Nov 04, 2025 12:11:25 AM java.util.prefs.FileSystemPreferences syncWorld
2025-11-04 00:11:25,208 [ERROR] LogOutputStream:75 - [STDERR_REDIRECT] WARNING: Couldn't flush system prefs: java.util.prefs.BackingStoreException: Couldn't get file lock.
2025-11-04 00:11:25,208 [ERROR] LogOutputStream:75 - [STDERR_REDIRECT] 
2025-11-04 00:11:55,206 [ERROR] LogOutputStream:75 - [STDERR_REDIRECT] Nov 04, 2025 12:11:55 AM java.util.prefs.FileSystemPreferences checkLockFile0ErrorCode
2025-11-04 00:11:55,207 [ERROR] LogOutputStream:75 - [STDERR_REDIRECT] WARNING: Could not lock System prefs. Unix error code 5.
2025-11-04 00:11:55,207 [ERROR] LogOutputStream:75 - [STDERR_REDIRECT] 
2025-11-04 00:11:55,208 [ERROR] LogOutputStream:75 - [STDERR_REDIRECT] Nov 04, 2025 12:11:55 AM java.util.prefs.FileSystemPreferences syncWorld
2025-11-04 00:11:55,209 [ERROR] LogOutputStream:75 - [STDERR_REDIRECT] WARNING: Couldn't flush system prefs: java.util.prefs.BackingStoreException: Couldn't get file lock.
2025-11-04 00:11:55,209 [ERROR] LogOutputStream:75 - [STDERR_REDIRECT] 
2025-11-04 00:12:25,218 [ERROR] LogOutputStream:75 - [STDERR_REDIRECT] Nov 04, 2025 12:12:25 AM java.util.prefs.FileSystemPreferences checkLockFile0ErrorCode
2025-11-04 00:12:25,218 [ERROR] LogOutputStream:75 - [STDERR_REDIRECT] WARNING: Could not lock System prefs. Unix error code 5.
2025-11-04 00:12:25,219 [ERROR] LogOutputStream:75 - [STDERR_REDIRECT] 
2025-11-04 00:12:25,219 [ERROR] LogOutputStream:75 - [STDERR_REDIRECT] Nov 04, 2025 12:12:25 AM java.util.prefs.FileSystemPreferences syncWorld
2025-11-04 00:12:25,219 [ERROR] LogOutputStream:75 - [STDERR_REDIRECT] WARNING: Couldn't flush system prefs: java.util.prefs.BackingStoreException: Couldn't get file lock.
2025-11-04 00:12:25,219 [ERROR] LogOutputStream:75 - [STDERR_REDIRECT] 
2025-11-04 00:12:55,211 [ERROR] LogOutputStream:75 - [STDERR_REDIRECT] Nov 04, 2025 12:12:55 AM java.util.prefs.FileSystemPreferences checkLockFile0ErrorCode
2025-11-04 00:12:55,212 [ERROR] LogOutputStream:75 - [STDERR_REDIRECT] WARNING: Could not lock System prefs. Unix error code 5.
2025-11-04 00:12:55,216 [ERROR] LogOutputStream:75 - [STDERR_REDIRECT] 
2025-11-04 00:12:55,216 [ERROR] LogOutputStream:75 - [STDERR_REDIRECT] Nov 04, 2025 12:12:55 AM java.util.prefs.FileSystemPreferences syncWorld
2025-11-04 00:12:55,216 [ERROR] LogOutputStream:75 - [STDERR_REDIRECT] WARNING: Couldn't flush system prefs: java.util.prefs.BackingStoreException: Couldn't get file lock.
2025-11-04 00:12:55,216 [ERROR] LogOutputStream:75 - [STDERR_REDIRECT] 
2025-11-04 00:13:25,207 [ERROR] LogOutputStream:75 - [STDERR_REDIRECT] Nov 04, 2025 12:13:25 AM java.util.prefs.FileSystemPreferences checkLockFile0ErrorCode
2025-11-04 00:13:25,208 [ERROR] LogOutputStream:75 - [STDERR_REDIRECT] WARNING: Could not lock System prefs. Unix error code 5.
2025-11-04 00:13:25,208 [ERROR] LogOutputStream:75 - [STDERR_REDIRECT] 
2025-11-04 00:13:25,208 [ERROR] LogOutputStream:75 - [STDERR_REDIRECT] Nov 04, 2025 12:13:25 AM java.util.prefs.FileSystemPreferences syncWorld
2025-11-04 00:13:25,208 [ERROR] LogOutputStream:75 - [STDERR_REDIRECT] WARNING: Couldn't flush system prefs: java.util.prefs.BackingStoreException: Couldn't get file lock.
2025-11-04 00:13:25,208 [ERROR] LogOutputStream:75 - [STDERR_REDIRECT] 
2025-11-04 00:13:55,208 [ERROR] LogOutputStream:75 - [STDERR_REDIRECT] Nov 04, 2025 12:13:55 AM java.util.prefs.FileSystemPreferences checkLockFile0ErrorCode
2025-11-04 00:13:55,209 [ERROR] LogOutputStream:75 - [STDERR_REDIRECT] WARNING: Could not lock System prefs. Unix error code 5.
2025-11-04 00:13:55,209 [ERROR] LogOutputStream:75 - [STDERR_REDIRECT] 
2025-11-04 00:13:55,210 [ERROR] LogOutputStream:75 - [STDERR_REDIRECT] Nov 04, 2025 12:13:55 AM java.util.prefs.FileSystemPreferences syncWorld
2025-11-04 00:13:55,210 [ERROR] LogOutputStream:75 - [STDERR_REDIRECT] WARNING: Couldn't flush system prefs: java.util.prefs.BackingStoreException: Couldn't get file lock.
2025-11-04 00:13:55,210 [ERROR] LogOutputStream:75 - [STDERR_REDIRECT] 
2025-11-04 00:14:25,207 [ERROR] LogOutputStream:75 - [STDERR_REDIRECT] Nov 04, 2025 12:14:25 AM java.util.prefs.FileSystemPreferences checkLockFile0ErrorCode
2025-11-04 00:14:25,207 [ERROR] LogOutputStream:75 - [STDERR_REDIRECT] WARNING: Could not lock System prefs. Unix error code 5.
2025-11-04 00:14:25,208 [ERROR] LogOutputStream:75 - [STDERR_REDIRECT] 
2025-11-04 00:14:25,208 [ERROR] LogOutputStream:75 - [STDERR_REDIRECT] Nov 04, 2025 12:14:25 AM java.util.prefs.FileSystemPreferences syncWorld
2025-11-04 00:14:25,208 [ERROR] LogOutputStream:75 - [STDERR_REDIRECT] WARNING: Couldn't flush system prefs: java.util.prefs.BackingStoreException: Couldn't get file lock.
2025-11-04 00:14:25,208 [ERROR] LogOutputStream:75 - [STDERR_REDIRECT] 
2025-11-04 00:14:55,207 [ERROR] LogOutputStream:75 - [STDERR_REDIRECT] Nov 04, 2025 12:14:55 AM java.util.prefs.FileSystemPreferences checkLockFile0ErrorCode
2025-11-04 00:14:55,207 [ERROR] LogOutputStream:75 - [STDERR_REDIRECT] WARNING: Could not lock System prefs. Unix error code 5.
2025-11-04 00:14:55,207 [ERROR] LogOutputStream:75 - [STDERR_REDIRECT] 
2025-11-04 00:14:55,207 [ERROR] LogOutputStream:75 - [STDERR_REDIRECT] Nov 04, 2025 12:14:55 AM java.util.prefs.FileSystemPreferences syncWorld
2025-11-04 00:14:55,208 [ERROR] LogOutputStream:75 - [STDERR_REDIRECT] WARNING: Couldn't flush system prefs: java.util.prefs.BackingStoreException: Couldn't get file lock.
2025-11-04 00:14:55,208 [ERROR] LogOutputStream:75 - [STDERR_REDIRECT] 
2025-11-04 00:15:25,243 [ERROR] LogOutputStream:75 - [STDERR_REDIRECT] Nov 04, 2025 12:15:25 AM java.util.prefs.FileSystemPreferences checkLockFile0ErrorCode
2025-11-04 00:15:25,243 [ERROR] LogOutputStream:75 - [STDERR_REDIRECT] WARNING: Could not lock System prefs. Unix error code 5.
2025-11-04 00:15:25,243 [ERROR] LogOutputStream:75 - [STDERR_REDIRECT] 
2025-11-04 00:15:25,244 [ERROR] LogOutputStream:75 - [STDERR_REDIRECT] Nov 04, 2025 12:15:25 AM java.util.prefs.FileSystemPreferences syncWorld
2025-11-04 00:15:25,244 [ERROR] LogOutputStream:75 - [STDERR_REDIRECT] WARNING: Couldn't flush system prefs: java.util.prefs.BackingStoreException: Couldn't get file lock.
2025-11-04 00:15:25,244 [ERROR] LogOutputStream:75 - [STDERR_REDIRECT] 
2025-11-04 00:15:55,207 [ERROR] LogOutputStream:75 - [STDERR_REDIRECT] Nov 04, 2025 12:15:55 AM java.util.prefs.FileSystemPreferences checkLockFile0ErrorCode
2025-11-04 00:15:55,207 [ERROR] LogOutputStream:75 - [STDERR_REDIRECT] WARNING: Could not lock System prefs. Unix error code 5.
2025-11-04 00:15:55,208 [ERROR] LogOutputStream:75 - [STDERR_REDIRECT] 
2025-11-04 00:15:55,208 [ERROR] LogOutputStream:75 - [STDERR_REDIRECT] Nov 04, 2025 12:15:55 AM java.util.prefs.FileSystemPreferences syncWorld
2025-11-04 00:15:55,208 [ERROR] LogOutputStream:75 - [STDERR_REDIRECT] WARNING: Couldn't flush system prefs: java.util.prefs.BackingStoreException: Couldn't get file lock.
2025-11-04 00:15:55,208 [ERROR] LogOutputStream:75 - [STDERR_REDIRECT] 
2025-11-04 00:16:25,209 [ERROR] LogOutputStream:75 - [STDERR_REDIRECT] Nov 04, 2025 12:16:25 AM java.util.prefs.FileSystemPreferences checkLockFile0ErrorCode
2025-11-04 00:16:25,209 [ERROR] LogOutputStream:75 - [STDERR_REDIRECT] WARNING: Could not lock System prefs. Unix error code 5.
2025-11-04 00:16:25,209 [ERROR] LogOutputStream:75 - [STDERR_REDIRECT] 
2025-11-04 00:16:25,210 [ERROR] LogOutputStream:75 - [STDERR_REDIRECT] Nov 04, 2025 12:16:25 AM java.util.prefs.FileSystemPreferences syncWorld
2025-11-04 00:16:25,212 [ERROR] LogOutputStream:75 - [STDERR_REDIRECT] WARNING: Couldn't flush system prefs: java.util.prefs.BackingStoreException: Couldn't get file lock.
2025-11-04 00:16:25,212 [ERROR] LogOutputStream:75 - [STDERR_REDIRECT] 
2025-11-04 00:16:55,209 [ERROR] LogOutputStream:75 - [STDERR_REDIRECT] Nov 04, 2025 12:16:55 AM java.util.prefs.FileSystemPreferences checkLockFile0ErrorCode
2025-11-04 00:16:55,209 [ERROR] LogOutputStream:75 - [STDERR_REDIRECT] WARNING: Could not lock System prefs. Unix error code 5.
2025-11-04 00:16:55,209 [ERROR] LogOutputStream:75 - [STDERR_REDIRECT] 
2025-11-04 00:16:55,210 [ERROR] LogOutputStream:75 - [STDERR_REDIRECT] Nov 04, 2025 12:16:55 AM java.util.prefs.FileSystemPreferences syncWorld
2025-11-04 00:16:55,210 [ERROR] LogOutputStream:75 - [STDERR_REDIRECT] WARNING: Couldn't flush system prefs: java.util.prefs.BackingStoreException: Couldn't get file lock.
2025-11-04 00:16:55,210 [ERROR] LogOutputStream:75 - [STDERR_REDIRECT] 
2025-11-04 00:17:25,208 [ERROR] LogOutputStream:75 - [STDERR_REDIRECT] Nov 04, 2025 12:17:25 AM java.util.prefs.FileSystemPreferences checkLockFile0ErrorCode
2025-11-04 00:17:25,210 [ERROR] LogOutputStream:75 - [STDERR_REDIRECT] WARNING: Could not lock System prefs. Unix error code 5.
2025-11-04 00:17:25,210 [ERROR] LogOutputStream:75 - [STDERR_REDIRECT] 
2025-11-04 00:17:25,210 [ERROR] LogOutputStream:75 - [STDERR_REDIRECT] Nov 04, 2025 12:17:25 AM java.util.prefs.FileSystemPreferences syncWorld
2025-11-04 00:17:25,210 [ERROR] LogOutputStream:75 - [STDERR_REDIRECT] WARNING: Couldn't flush system prefs: java.util.prefs.BackingStoreException: Couldn't get file lock.
2025-11-04 00:17:25,210 [ERROR] LogOutputStream:75 - [STDERR_REDIRECT] 
2025-11-04 00:17:47,896 [ERROR] ConfigurationRetriever:142 - IOException on connection: Connect timed out
2025-11-04 00:17:55,215 [ERROR] LogOutputStream:75 - [STDERR_REDIRECT] Nov 04, 2025 12:17:55 AM java.util.prefs.FileSystemPreferences checkLockFile0ErrorCode
2025-11-04 00:17:55,215 [ERROR] LogOutputStream:75 - [STDERR_REDIRECT] WARNING: Could not lock System prefs. Unix error code 5.
2025-11-04 00:17:55,215 [ERROR] LogOutputStream:75 - [STDERR_REDIRECT] 
2025-11-04 00:17:55,215 [ERROR] LogOutputStream:75 - [STDERR_REDIRECT] Nov 04, 2025 12:17:55 AM java.util.prefs.FileSystemPreferences syncWorld
2025-11-04 00:17:55,216 [ERROR] LogOutputStream:75 - [STDERR_REDIRECT] WARNING: Couldn't flush system prefs: java.util.prefs.BackingStoreException: Couldn't get file lock.
2025-11-04 00:17:55,216 [ERROR] LogOutputStream:75 - [STDERR_REDIRECT] 
2025-11-04 00:18:25,209 [ERROR] LogOutputStream:75 - [STDERR_REDIRECT] Nov 04, 2025 12:18:25 AM java.util.prefs.FileSystemPreferences checkLockFile0ErrorCode
2025-11-04 00:18:25,210 [ERROR] LogOutputStream:75 - [STDERR_REDIRECT] WARNING: Could not lock System prefs. Unix error code 5.
2025-11-04 00:18:25,210 [ERROR] LogOutputStream:75 - [STDERR_REDIRECT] 
2025-11-04 00:18:25,210 [ERROR] LogOutputStream:75 - [STDERR_REDIRECT] Nov 04, 2025 12:18:25 AM java.util.prefs.FileSystemPreferences syncWorld
2025-11-04 00:18:25,211 [ERROR] LogOutputStream:75 - [STDERR_REDIRECT] WARNING: Couldn't flush system prefs: java.util.prefs.BackingStoreException: Couldn't get file lock.
2025-11-04 00:18:25,211 [ERROR] LogOutputStream:75 - [STDERR_REDIRECT] 
2025-11-04 00:18:55,208 [ERROR] LogOutputStream:75 - [STDERR_REDIRECT] Nov 04, 2025 12:18:55 AM java.util.prefs.FileSystemPreferences checkLockFile0ErrorCode
2025-11-04 00:18:55,208 [ERROR] LogOutputStream:75 - [STDERR_REDIRECT] WARNING: Could not lock System prefs. Unix error code 5.
2025-11-04 00:18:55,208 [ERROR] LogOutputStream:75 - [STDERR_REDIRECT] 
2025-11-04 00:18:55,208 [ERROR] LogOutputStream:75 - [STDERR_REDIRECT] Nov 04, 2025 12:18:55 AM java.util.prefs.FileSystemPreferences syncWorld
2025-11-04 00:18:55,208 [ERROR] LogOutputStream:75 - [STDERR_REDIRECT] WARNING: Couldn't flush system prefs: java.util.prefs.BackingStoreException: Couldn't get file lock.
2025-11-04 00:18:55,208 [ERROR] LogOutputStream:75 - [STDERR_REDIRECT] 
2025-11-04 00:19:25,208 [ERROR] LogOutputStream:75 - [STDERR_REDIRECT] Nov 04, 2025 12:19:25 AM java.util.prefs.FileSystemPreferences checkLockFile0ErrorCode
2025-11-04 00:19:25,209 [ERROR] LogOutputStream:75 - [STDERR_REDIRECT] WARNING: Could not lock System prefs. Unix error code 5.
2025-11-04 00:19:25,209 [ERROR] LogOutputStream:75 - [STDERR_REDIRECT] 
2025-11-04 00:19:25,211 [ERROR] LogOutputStream:75 - [STDERR_REDIRECT] Nov 04, 2025 12:19:25 AM java.util.prefs.FileSystemPreferences syncWorld
2025-11-04 00:19:25,211 [ERROR] LogOutputStream:75 - [STDERR_REDIRECT] WARNING: Couldn't flush system prefs: java.util.prefs.BackingStoreException: Couldn't get file lock.
2025-11-04 00:19:25,212 [ERROR] LogOutputStream:75 - [STDERR_REDIRECT] 
2025-11-04 00:19:55,209 [ERROR] LogOutputStream:75 - [STDERR_REDIRECT] Nov 04, 2025 12:19:55 AM java.util.prefs.FileSystemPreferences checkLockFile0ErrorCode
2025-11-04 00:19:55,209 [ERROR] LogOutputStream:75 - [STDERR_REDIRECT] WARNING: Could not lock System prefs. Unix error code 5.
2025-11-04 00:19:55,210 [ERROR] LogOutputStream:75 - [STDERR_REDIRECT] 
2025-11-04 00:19:55,210 [ERROR] LogOutputStream:75 - [STDERR_REDIRECT] Nov 04, 2025 12:19:55 AM java.util.prefs.FileSystemPreferences syncWorld
2025-11-04 00:19:55,210 [ERROR] LogOutputStream:75 - [STDERR_REDIRECT] WARNING: Couldn't flush system prefs: java.util.prefs.BackingStoreException: Couldn't get file lock.
2025-11-04 00:19:55,210 [ERROR] LogOutputStream:75 - [STDERR_REDIRECT] 
2025-11-04 00:20:25,211 [ERROR] LogOutputStream:75 - [STDERR_REDIRECT] Nov 04, 2025 12:20:25 AM java.util.prefs.FileSystemPreferences checkLockFile0ErrorCode
2025-11-04 00:20:25,212 [ERROR] LogOutputStream:75 - [STDERR_REDIRECT] WARNING: Could not lock System prefs. Unix error code 5.
2025-11-04 00:20:25,212 [ERROR] LogOutputStream:75 - [STDERR_REDIRECT] 
2025-11-04 00:20:25,213 [ERROR] LogOutputStream:75 - [STDERR_REDIRECT] Nov 04, 2025 12:20:25 AM java.util.prefs.FileSystemPreferences syncWorld
2025-11-04 00:20:25,213 [ERROR] LogOutputStream:75 - [STDERR_REDIRECT] WARNING: Couldn't flush system prefs: java.util.prefs.BackingStoreException: Couldn't get file lock.
2025-11-04 00:20:25,214 [ERROR] LogOutputStream:75 - [STDERR_REDIRECT] 
2025-11-04 00:20:55,208 [ERROR] LogOutputStream:75 - [STDERR_REDIRECT] Nov 04, 2025 12:20:55 AM java.util.prefs.FileSystemPreferences checkLockFile0ErrorCode
2025-11-04 00:20:55,209 [ERROR] LogOutputStream:75 - [STDERR_REDIRECT] WARNING: Could not lock System prefs. Unix error code 5.
2025-11-04 00:20:55,209 [ERROR] LogOutputStream:75 - [STDERR_REDIRECT] 
2025-11-04 00:20:55,209 [ERROR] LogOutputStream:75 - [STDERR_REDIRECT] Nov 04, 2025 12:20:55 AM java.util.prefs.FileSystemPreferences syncWorld
2025-11-04 00:20:55,209 [ERROR] LogOutputStream:75 - [STDERR_REDIRECT] WARNING: Couldn't flush system prefs: java.util.prefs.BackingStoreException: Couldn't get file lock.
2025-11-04 00:20:55,209 [ERROR] LogOutputStream:75 - [STDERR_REDIRECT] 
2025-11-04 00:21:25,211 [ERROR] LogOutputStream:75 - [STDERR_REDIRECT] Nov 04, 2025 12:21:25 AM java.util.prefs.FileSystemPreferences checkLockFile0ErrorCode
2025-11-04 00:21:25,211 [ERROR] LogOutputStream:75 - [STDERR_REDIRECT] WARNING: Could not lock System prefs. Unix error code 5.
2025-11-04 00:21:25,211 [ERROR] LogOutputStream:75 - [STDERR_REDIRECT] 
2025-11-04 00:21:25,211 [ERROR] LogOutputStream:75 - [STDERR_REDIRECT] Nov 04, 2025 12:21:25 AM java.util.prefs.FileSystemPreferences syncWorld
2025-11-04 00:21:25,212 [ERROR] LogOutputStream:75 - [STDERR_REDIRECT] WARNING: Couldn't flush system prefs: java.util.prefs.BackingStoreException: Couldn't get file lock.
2025-11-04 00:21:25,214 [ERROR] LogOutputStream:75 - [STDERR_REDIRECT] 
2025-11-04 00:21:55,210 [ERROR] LogOutputStream:75 - [STDERR_REDIRECT] Nov 04, 2025 12:21:55 AM java.util.prefs.FileSystemPreferences checkLockFile0ErrorCode
2025-11-04 00:21:55,211 [ERROR] LogOutputStream:75 - [STDERR_REDIRECT] WARNING: Could not lock System prefs. Unix error code 5.
2025-11-04 00:21:55,211 [ERROR] LogOutputStream:75 - [STDERR_REDIRECT] 
2025-11-04 00:21:55,212 [ERROR] LogOutputStream:75 - [STDERR_REDIRECT] Nov 04, 2025 12:21:55 AM java.util.prefs.FileSystemPreferences syncWorld
2025-11-04 00:21:55,213 [ERROR] LogOutputStream:75 - [STDERR_REDIRECT] WARNING: Couldn't flush system prefs: java.util.prefs.BackingStoreException: Couldn't get file lock.
2025-11-04 00:21:55,213 [ERROR] LogOutputStream:75 - [STDERR_REDIRECT] 
2025-11-04 00:22:25,209 [ERROR] LogOutputStream:75 - [STDERR_REDIRECT] Nov 04, 2025 12:22:25 AM java.util.prefs.FileSystemPreferences checkLockFile0ErrorCode
2025-11-04 00:22:25,210 [ERROR] LogOutputStream:75 - [STDERR_REDIRECT] WARNING: Could not lock System prefs. Unix error code 5.
2025-11-04 00:22:25,210 [ERROR] LogOutputStream:75 - [STDERR_REDIRECT] 
2025-11-04 00:22:25,210 [ERROR] LogOutputStream:75 - [STDERR_REDIRECT] Nov 04, 2025 12:22:25 AM java.util.prefs.FileSystemPreferences syncWorld
2025-11-04 00:22:25,210 [ERROR] LogOutputStream:75 - [STDERR_REDIRECT] WARNING: Couldn't flush system prefs: java.util.prefs.BackingStoreException: Couldn't get file lock.
2025-11-04 00:22:25,210 [ERROR] LogOutputStream:75 - [STDERR_REDIRECT] 
2025-11-04 00:22:55,212 [ERROR] LogOutputStream:75 - [STDERR_REDIRECT] Nov 04, 2025 12:22:55 AM java.util.prefs.FileSystemPreferences checkLockFile0ErrorCode
2025-11-04 00:22:55,213 [ERROR] LogOutputStream:75 - [STDERR_REDIRECT] WARNING: Could not lock System prefs. Unix error code 5.
2025-11-04 00:22:55,213 [ERROR] LogOutputStream:75 - [STDERR_REDIRECT] 
2025-11-04 00:22:55,213 [ERROR] LogOutputStream:75 - [STDERR_REDIRECT] Nov 04, 2025 12:22:55 AM java.util.prefs.FileSystemPreferences syncWorld
2025-11-04 00:22:55,213 [ERROR] LogOutputStream:75 - [STDERR_REDIRECT] WARNING: Couldn't flush system prefs: java.util.prefs.BackingStoreException: Couldn't get file lock.
2025-11-04 00:22:55,213 [ERROR] LogOutputStream:75 - [STDERR_REDIRECT] 
2025-11-04 00:23:25,213 [ERROR] LogOutputStream:75 - [STDERR_REDIRECT] Nov 04, 2025 12:23:25 AM java.util.prefs.FileSystemPreferences checkLockFile0ErrorCode
2025-11-04 00:23:25,214 [ERROR] LogOutputStream:75 - [STDERR_REDIRECT] WARNING: Could not lock System prefs. Unix error code 5.
2025-11-04 00:23:25,214 [ERROR] LogOutputStream:75 - [STDERR_REDIRECT] 
2025-11-04 00:23:25,214 [ERROR] LogOutputStream:75 - [STDERR_REDIRECT] Nov 04, 2025 12:23:25 AM java.util.prefs.FileSystemPreferences syncWorld
2025-11-04 00:23:25,214 [ERROR] LogOutputStream:75 - [STDERR_REDIRECT] WARNING: Couldn't flush system prefs: java.util.prefs.BackingStoreException: Couldn't get file lock.
2025-11-04 00:23:25,214 [ERROR] LogOutputStream:75 - [STDERR_REDIRECT] 
2025-11-04 00:23:55,212 [ERROR] LogOutputStream:75 - [STDERR_REDIRECT] Nov 04, 2025 12:23:55 AM java.util.prefs.FileSystemPreferences checkLockFile0ErrorCode
2025-11-04 00:23:55,212 [ERROR] LogOutputStream:75 - [STDERR_REDIRECT] WARNING: Could not lock System prefs. Unix error code 5.
2025-11-04 00:23:55,212 [ERROR] LogOutputStream:75 - [STDERR_REDIRECT] 
2025-11-04 00:23:55,213 [ERROR] LogOutputStream:75 - [STDERR_REDIRECT] Nov 04, 2025 12:23:55 AM java.util.prefs.FileSystemPreferences syncWorld
2025-11-04 00:23:55,213 [ERROR] LogOutputStream:75 - [STDERR_REDIRECT] WARNING: Couldn't flush system prefs: java.util.prefs.BackingStoreException: Couldn't get file lock.
2025-11-04 00:23:55,213 [ERROR] LogOutputStream:75 - [STDERR_REDIRECT] 
2025-11-04 00:24:25,212 [ERROR] LogOutputStream:75 - [STDERR_REDIRECT] Nov 04, 2025 12:24:25 AM java.util.prefs.FileSystemPreferences checkLockFile0ErrorCode
2025-11-04 00:24:25,215 [ERROR] LogOutputStream:75 - [STDERR_REDIRECT] WARNING: Could not lock System prefs. Unix error code 5.
2025-11-04 00:24:25,215 [ERROR] LogOutputStream:75 - [STDERR_REDIRECT] 
2025-11-04 00:24:25,215 [ERROR] LogOutputStream:75 - [STDERR_REDIRECT] Nov 04, 2025 12:24:25 AM java.util.prefs.FileSystemPreferences syncWorld
2025-11-04 00:24:25,215 [ERROR] LogOutputStream:75 - [STDERR_REDIRECT] WARNING: Couldn't flush system prefs: java.util.prefs.BackingStoreException: Couldn't get file lock.
2025-11-04 00:24:25,215 [ERROR] LogOutputStream:75 - [STDERR_REDIRECT] 
2025-11-04 00:24:55,245 [ERROR] LogOutputStream:75 - [STDERR_REDIRECT] Nov 04, 2025 12:24:55 AM java.util.prefs.FileSystemPreferences checkLockFile0ErrorCode
2025-11-04 00:24:55,245 [ERROR] LogOutputStream:75 - [STDERR_REDIRECT] WARNING: Could not lock System prefs. Unix error code 5.
2025-11-04 00:24:55,245 [ERROR] LogOutputStream:75 - [STDERR_REDIRECT] 
2025-11-04 00:24:55,245 [ERROR] LogOutputStream:75 - [STDERR_REDIRECT] Nov 04, 2025 12:24:55 AM java.util.prefs.FileSystemPreferences syncWorld
2025-11-04 00:24:55,245 [ERROR] LogOutputStream:75 - [STDERR_REDIRECT] WARNING: Couldn't flush system prefs: java.util.prefs.BackingStoreException: Couldn't get file lock.
2025-11-04 00:24:55,245 [ERROR] LogOutputStream:75 - [STDERR_REDIRECT] 
2025-11-04 00:25:25,214 [ERROR] LogOutputStream:75 - [STDERR_REDIRECT] Nov 04, 2025 12:25:25 AM java.util.prefs.FileSystemPreferences checkLockFile0ErrorCode
2025-11-04 00:25:25,215 [ERROR] LogOutputStream:75 - [STDERR_REDIRECT] WARNING: Could not lock System prefs. Unix error code 5.
2025-11-04 00:25:25,215 [ERROR] LogOutputStream:75 - [STDERR_REDIRECT] 
2025-11-04 00:25:25,215 [ERROR] LogOutputStream:75 - [STDERR_REDIRECT] Nov 04, 2025 12:25:25 AM java.util.prefs.FileSystemPreferences syncWorld
2025-11-04 00:25:25,216 [ERROR] LogOutputStream:75 - [STDERR_REDIRECT] WARNING: Couldn't flush system prefs: java.util.prefs.BackingStoreException: Couldn't get file lock.
2025-11-04 00:25:25,216 [ERROR] LogOutputStream:75 - [STDERR_REDIRECT] 
2025-11-04 00:25:55,221 [ERROR] LogOutputStream:75 - [STDERR_REDIRECT] Nov 04, 2025 12:25:55 AM java.util.prefs.FileSystemPreferences checkLockFile0ErrorCode
2025-11-04 00:25:55,222 [ERROR] LogOutputStream:75 - [STDERR_REDIRECT] WARNING: Could not lock System prefs. Unix error code 5.
2025-11-04 00:25:55,222 [ERROR] LogOutputStream:75 - [STDERR_REDIRECT] 
2025-11-04 00:25:55,222 [ERROR] LogOutputStream:75 - [STDERR_REDIRECT] Nov 04, 2025 12:25:55 AM java.util.prefs.FileSystemPreferences syncWorld
2025-11-04 00:25:55,222 [ERROR] LogOutputStream:75 - [STDERR_REDIRECT] WARNING: Couldn't flush system prefs: java.util.prefs.BackingStoreException: Couldn't get file lock.
2025-11-04 00:25:55,223 [ERROR] LogOutputStream:75 - [STDERR_REDIRECT] 
2025-11-04 00:26:25,215 [ERROR] LogOutputStream:75 - [STDERR_REDIRECT] Nov 04, 2025 12:26:25 AM java.util.prefs.FileSystemPreferences checkLockFile0ErrorCode
2025-11-04 00:26:25,215 [ERROR] LogOutputStream:75 - [STDERR_REDIRECT] WARNING: Could not lock System prefs. Unix error code 5.
2025-11-04 00:26:25,215 [ERROR] LogOutputStream:75 - [STDERR_REDIRECT] 
2025-11-04 00:26:25,216 [ERROR] LogOutputStream:75 - [STDERR_REDIRECT] Nov 04, 2025 12:26:25 AM java.util.prefs.FileSystemPreferences syncWorld
2025-11-04 00:26:25,216 [ERROR] LogOutputStream:75 - [STDERR_REDIRECT] WARNING: Couldn't flush system prefs: java.util.prefs.BackingStoreException: Couldn't get file lock.
2025-11-04 00:26:25,216 [ERROR] LogOutputStream:75 - [STDERR_REDIRECT] 
2025-11-04 00:26:55,217 [ERROR] LogOutputStream:75 - [STDERR_REDIRECT] Nov 04, 2025 12:26:55 AM java.util.prefs.FileSystemPreferences checkLockFile0ErrorCode
2025-11-04 00:26:55,217 [ERROR] LogOutputStream:75 - [STDERR_REDIRECT] WARNING: Could not lock System prefs. Unix error code 5.
2025-11-04 00:26:55,217 [ERROR] LogOutputStream:75 - [STDERR_REDIRECT] 
2025-11-04 00:26:55,217 [ERROR] LogOutputStream:75 - [STDERR_REDIRECT] Nov 04, 2025 12:26:55 AM java.util.prefs.FileSystemPreferences syncWorld
2025-11-04 00:26:55,217 [ERROR] LogOutputStream:75 - [STDERR_REDIRECT] WARNING: Couldn't flush system prefs: java.util.prefs.BackingStoreException: Couldn't get file lock.
2025-11-04 00:26:55,217 [ERROR] LogOutputStream:75 - [STDERR_REDIRECT] 
2025-11-04 00:27:25,218 [ERROR] LogOutputStream:75 - [STDERR_REDIRECT] Nov 04, 2025 12:27:25 AM java.util.prefs.FileSystemPreferences checkLockFile0ErrorCode
2025-11-04 00:27:25,218 [ERROR] LogOutputStream:75 - [STDERR_REDIRECT] WARNING: Could not lock System prefs. Unix error code 5.
2025-11-04 00:27:25,218 [ERROR] LogOutputStream:75 - [STDERR_REDIRECT] 
2025-11-04 00:27:25,219 [ERROR] LogOutputStream:75 - [STDERR_REDIRECT] Nov 04, 2025 12:27:25 AM java.util.prefs.FileSystemPreferences syncWorld
2025-11-04 00:27:25,219 [ERROR] LogOutputStream:75 - [STDERR_REDIRECT] WARNING: Couldn't flush system prefs: java.util.prefs.BackingStoreException: Couldn't get file lock.
2025-11-04 00:27:25,219 [ERROR] LogOutputStream:75 - [STDERR_REDIRECT] 
2025-11-04 00:27:55,218 [ERROR] LogOutputStream:75 - [STDERR_REDIRECT] Nov 04, 2025 12:27:55 AM java.util.prefs.FileSystemPreferences checkLockFile0ErrorCode
2025-11-04 00:27:55,218 [ERROR] LogOutputStream:75 - [STDERR_REDIRECT] WARNING: Could not lock System prefs. Unix error code 5.
2025-11-04 00:27:55,218 [ERROR] LogOutputStream:75 - [STDERR_REDIRECT] 
2025-11-04 00:27:55,219 [ERROR] LogOutputStream:75 - [STDERR_REDIRECT] Nov 04, 2025 12:27:55 AM java.util.prefs.FileSystemPreferences syncWorld
2025-11-04 00:27:55,219 [ERROR] LogOutputStream:75 - [STDERR_REDIRECT] WARNING: Couldn't flush system prefs: java.util.prefs.BackingStoreException: Couldn't get file lock.
2025-11-04 00:27:55,219 [ERROR] LogOutputStream:75 - [STDERR_REDIRECT] 
2025-11-04 00:28:25,217 [ERROR] LogOutputStream:75 - [STDERR_REDIRECT] Nov 04, 2025 12:28:25 AM java.util.prefs.FileSystemPreferences checkLockFile0ErrorCode
2025-11-04 00:28:25,217 [ERROR] LogOutputStream:75 - [STDERR_REDIRECT] WARNING: Could not lock System prefs. Unix error code 5.
2025-11-04 00:28:25,217 [ERROR] LogOutputStream:75 - [STDERR_REDIRECT] 
2025-11-04 00:28:25,218 [ERROR] LogOutputStream:75 - [STDERR_REDIRECT] Nov 04, 2025 12:28:25 AM java.util.prefs.FileSystemPreferences syncWorld
2025-11-04 00:28:25,218 [ERROR] LogOutputStream:75 - [STDERR_REDIRECT] WARNING: Couldn't flush system prefs: java.util.prefs.BackingStoreException: Couldn't get file lock.
2025-11-04 00:28:25,218 [ERROR] LogOutputStream:75 - [STDERR_REDIRECT] 
2025-11-04 00:28:55,219 [ERROR] LogOutputStream:75 - [STDERR_REDIRECT] Nov 04, 2025 12:28:55 AM java.util.prefs.FileSystemPreferences checkLockFile0ErrorCode
2025-11-04 00:28:55,220 [ERROR] LogOutputStream:75 - [STDERR_REDIRECT] WARNING: Could not lock System prefs. Unix error code 5.
2025-11-04 00:28:55,220 [ERROR] LogOutputStream:75 - [STDERR_REDIRECT] 
2025-11-04 00:28:55,220 [ERROR] LogOutputStream:75 - [STDERR_REDIRECT] Nov 04, 2025 12:28:55 AM java.util.prefs.FileSystemPreferences syncWorld
2025-11-04 00:28:55,220 [ERROR] LogOutputStream:75 - [STDERR_REDIRECT] WARNING: Couldn't flush system prefs: java.util.prefs.BackingStoreException: Couldn't get file lock.
2025-11-04 00:28:55,221 [ERROR] LogOutputStream:75 - [STDERR_REDIRECT] 
2025-11-04 00:29:25,220 [ERROR] LogOutputStream:75 - [STDERR_REDIRECT] Nov 04, 2025 12:29:25 AM java.util.prefs.FileSystemPreferences checkLockFile0ErrorCode
2025-11-04 00:29:25,223 [ERROR] LogOutputStream:75 - [STDERR_REDIRECT] WARNING: Could not lock System prefs. Unix error code 5.
2025-11-04 00:29:25,223 [ERROR] LogOutputStream:75 - [STDERR_REDIRECT] 
2025-11-04 00:29:25,223 [ERROR] LogOutputStream:75 - [STDERR_REDIRECT] Nov 04, 2025 12:29:25 AM java.util.prefs.FileSystemPreferences syncWorld
2025-11-04 00:29:25,224 [ERROR] LogOutputStream:75 - [STDERR_REDIRECT] WARNING: Couldn't flush system prefs: java.util.prefs.BackingStoreException: Couldn't get file lock.
2025-11-04 00:29:25,224 [ERROR] LogOutputStream:75 - [STDERR_REDIRECT] 
2025-11-04 00:29:55,253 [ERROR] LogOutputStream:75 - [STDERR_REDIRECT] Nov 04, 2025 12:29:55 AM java.util.prefs.FileSystemPreferences checkLockFile0ErrorCode
2025-11-04 00:29:55,254 [ERROR] LogOutputStream:75 - [STDERR_REDIRECT] WARNING: Could not lock System prefs. Unix error code 5.
2025-11-04 00:29:55,254 [ERROR] LogOutputStream:75 - [STDERR_REDIRECT] 
2025-11-04 00:29:55,255 [ERROR] LogOutputStream:75 - [STDERR_REDIRECT] Nov 04, 2025 12:29:55 AM java.util.prefs.FileSystemPreferences syncWorld
2025-11-04 00:29:55,255 [ERROR] LogOutputStream:75 - [STDERR_REDIRECT] WARNING: Couldn't flush system prefs: java.util.prefs.BackingStoreException: Couldn't get file lock.
2025-11-04 00:29:55,255 [ERROR] LogOutputStream:75 - [STDERR_REDIRECT] 
2025-11-04 00:30:25,219 [ERROR] LogOutputStream:75 - [STDERR_REDIRECT] Nov 04, 2025 12:30:25 AM java.util.prefs.FileSystemPreferences checkLockFile0ErrorCode
2025-11-04 00:30:25,219 [ERROR] LogOutputStream:75 - [STDERR_REDIRECT] WARNING: Could not lock System prefs. Unix error code 5.
2025-11-04 00:30:25,219 [ERROR] LogOutputStream:75 - [STDERR_REDIRECT] 
2025-11-04 00:30:25,220 [ERROR] LogOutputStream:75 - [STDERR_REDIRECT] Nov 04, 2025 12:30:25 AM java.util.prefs.FileSystemPreferences syncWorld
2025-11-04 00:30:25,220 [ERROR] LogOutputStream:75 - [STDERR_REDIRECT] WARNING: Couldn't flush system prefs: java.util.prefs.BackingStoreException: Couldn't get file lock.
2025-11-04 00:30:25,220 [ERROR] LogOutputStream:75 - [STDERR_REDIRECT] 
2025-11-04 00:30:55,220 [ERROR] LogOutputStream:75 - [STDERR_REDIRECT] Nov 04, 2025 12:30:55 AM java.util.prefs.FileSystemPreferences checkLockFile0ErrorCode
2025-11-04 00:30:55,220 [ERROR] LogOutputStream:75 - [STDERR_REDIRECT] WARNING: Could not lock System prefs. Unix error code 5.
2025-11-04 00:30:55,220 [ERROR] LogOutputStream:75 - [STDERR_REDIRECT] 
2025-11-04 00:30:55,221 [ERROR] LogOutputStream:75 - [STDERR_REDIRECT] Nov 04, 2025 12:30:55 AM java.util.prefs.FileSystemPreferences syncWorld
2025-11-04 00:30:55,221 [ERROR] LogOutputStream:75 - [STDERR_REDIRECT] WARNING: Couldn't flush system prefs: java.util.prefs.BackingStoreException: Couldn't get file lock.
2025-11-04 00:30:55,221 [ERROR] LogOutputStream:75 - [STDERR_REDIRECT] 
2025-11-04 00:31:25,220 [ERROR] LogOutputStream:75 - [STDERR_REDIRECT] Nov 04, 2025 12:31:25 AM java.util.prefs.FileSystemPreferences checkLockFile0ErrorCode
2025-11-04 00:31:25,220 [ERROR] LogOutputStream:75 - [STDERR_REDIRECT] WARNING: Could not lock System prefs. Unix error code 5.
2025-11-04 00:31:25,220 [ERROR] LogOutputStream:75 - [STDERR_REDIRECT] 
2025-11-04 00:31:25,221 [ERROR] LogOutputStream:75 - [STDERR_REDIRECT] Nov 04, 2025 12:31:25 AM java.util.prefs.FileSystemPreferences syncWorld
2025-11-04 00:31:25,221 [ERROR] LogOutputStream:75 - [STDERR_REDIRECT] WARNING: Couldn't flush system prefs: java.util.prefs.BackingStoreException: Couldn't get file lock.
2025-11-04 00:31:25,221 [ERROR] LogOutputStream:75 - [STDERR_REDIRECT] 
2025-11-04 00:31:55,219 [ERROR] LogOutputStream:75 - [STDERR_REDIRECT] Nov 04, 2025 12:31:55 AM java.util.prefs.FileSystemPreferences checkLockFile0ErrorCode
2025-11-04 00:31:55,219 [ERROR] LogOutputStream:75 - [STDERR_REDIRECT] WARNING: Could not lock System prefs. Unix error code 5.
2025-11-04 00:31:55,219 [ERROR] LogOutputStream:75 - [STDERR_REDIRECT] 
2025-11-04 00:31:55,219 [ERROR] LogOutputStream:75 - [STDERR_REDIRECT] Nov 04, 2025 12:31:55 AM java.util.prefs.FileSystemPreferences syncWorld
2025-11-04 00:31:55,220 [ERROR] LogOutputStream:75 - [STDERR_REDIRECT] WARNING: Couldn't flush system prefs: java.util.prefs.BackingStoreException: Couldn't get file lock.
2025-11-04 00:31:55,220 [ERROR] LogOutputStream:75 - [STDERR_REDIRECT] 
2025-11-04 00:32:25,221 [ERROR] LogOutputStream:75 - [STDERR_REDIRECT] Nov 04, 2025 12:32:25 AM java.util.prefs.FileSystemPreferences checkLockFile0ErrorCode
2025-11-04 00:32:25,221 [ERROR] LogOutputStream:75 - [STDERR_REDIRECT] WARNING: Could not lock System prefs. Unix error code 5.
2025-11-04 00:32:25,221 [ERROR] LogOutputStream:75 - [STDERR_REDIRECT] 
2025-11-04 00:32:25,221 [ERROR] LogOutputStream:75 - [STDERR_REDIRECT] Nov 04, 2025 12:32:25 AM java.util.prefs.FileSystemPreferences syncWorld
2025-11-04 00:32:25,221 [ERROR] LogOutputStream:75 - [STDERR_REDIRECT] WARNING: Couldn't flush system prefs: java.util.prefs.BackingStoreException: Couldn't get file lock.
2025-11-04 00:32:25,221 [ERROR] LogOutputStream:75 - [STDERR_REDIRECT] 
2025-11-04 00:32:55,220 [ERROR] LogOutputStream:75 - [STDERR_REDIRECT] Nov 04, 2025 12:32:55 AM java.util.prefs.FileSystemPreferences checkLockFile0ErrorCode
2025-11-04 00:32:55,221 [ERROR] LogOutputStream:75 - [STDERR_REDIRECT] WARNING: Could not lock System prefs. Unix error code 5.
2025-11-04 00:32:55,222 [ERROR] LogOutputStream:75 - [STDERR_REDIRECT] 
2025-11-04 00:32:55,222 [ERROR] LogOutputStream:75 - [STDERR_REDIRECT] Nov 04, 2025 12:32:55 AM java.util.prefs.FileSystemPreferences syncWorld
2025-11-04 00:32:55,222 [ERROR] LogOutputStream:75 - [STDERR_REDIRECT] WARNING: Couldn't flush system prefs: java.util.prefs.BackingStoreException: Couldn't get file lock.
2025-11-04 00:32:55,222 [ERROR] LogOutputStream:75 - [STDERR_REDIRECT] 
2025-11-04 00:33:25,224 [ERROR] LogOutputStream:75 - [STDERR_REDIRECT] Nov 04, 2025 12:33:25 AM java.util.prefs.FileSystemPreferences checkLockFile0ErrorCode
2025-11-04 00:33:25,225 [ERROR] LogOutputStream:75 - [STDERR_REDIRECT] WARNING: Could not lock System prefs. Unix error code 5.
2025-11-04 00:33:25,225 [ERROR] LogOutputStream:75 - [STDERR_REDIRECT] 
2025-11-04 00:33:25,225 [ERROR] LogOutputStream:75 - [STDERR_REDIRECT] Nov 04, 2025 12:33:25 AM java.util.prefs.FileSystemPreferences syncWorld
2025-11-04 00:33:25,225 [ERROR] LogOutputStream:75 - [STDERR_REDIRECT] WARNING: Couldn't flush system prefs: java.util.prefs.BackingStoreException: Couldn't get file lock.
2025-11-04 00:33:25,225 [ERROR] LogOutputStream:75 - [STDERR_REDIRECT] 
2025-11-04 00:33:55,220 [ERROR] LogOutputStream:75 - [STDERR_REDIRECT] Nov 04, 2025 12:33:55 AM java.util.prefs.FileSystemPreferences checkLockFile0ErrorCode
2025-11-04 00:33:55,220 [ERROR] LogOutputStream:75 - [STDERR_REDIRECT] WARNING: Could not lock System prefs. Unix error code 5.
2025-11-04 00:33:55,220 [ERROR] LogOutputStream:75 - [STDERR_REDIRECT] 
2025-11-04 00:33:55,221 [ERROR] LogOutputStream:75 - [STDERR_REDIRECT] Nov 04, 2025 12:33:55 AM java.util.prefs.FileSystemPreferences syncWorld
2025-11-04 00:33:55,221 [ERROR] LogOutputStream:75 - [STDERR_REDIRECT] WARNING: Couldn't flush system prefs: java.util.prefs.BackingStoreException: Couldn't get file lock.
2025-11-04 00:33:55,221 [ERROR] LogOutputStream:75 - [STDERR_REDIRECT] 
2025-11-04 00:34:25,268 [ERROR] LogOutputStream:75 - [STDERR_REDIRECT] Nov 04, 2025 12:34:25 AM java.util.prefs.FileSystemPreferences checkLockFile0ErrorCode
2025-11-04 00:34:25,268 [ERROR] LogOutputStream:75 - [STDERR_REDIRECT] WARNING: Could not lock System prefs. Unix error code 5.
2025-11-04 00:34:25,268 [ERROR] LogOutputStream:75 - [STDERR_REDIRECT] 
2025-11-04 00:34:25,268 [ERROR] LogOutputStream:75 - [STDERR_REDIRECT] Nov 04, 2025 12:34:25 AM java.util.prefs.FileSystemPreferences syncWorld
2025-11-04 00:34:25,269 [ERROR] LogOutputStream:75 - [STDERR_REDIRECT] WARNING: Couldn't flush system prefs: java.util.prefs.BackingStoreException: Couldn't get file lock.
2025-11-04 00:34:25,269 [ERROR] LogOutputStream:75 - [STDERR_REDIRECT] 
2025-11-04 00:34:55,221 [ERROR] LogOutputStream:75 - [STDERR_REDIRECT] Nov 04, 2025 12:34:55 AM java.util.prefs.FileSystemPreferences checkLockFile0ErrorCode
2025-11-04 00:34:55,221 [ERROR] LogOutputStream:75 - [STDERR_REDIRECT] WARNING: Could not lock System prefs. Unix error code 5.
2025-11-04 00:34:55,221 [ERROR] LogOutputStream:75 - [STDERR_REDIRECT] 
2025-11-04 00:34:55,221 [ERROR] LogOutputStream:75 - [STDERR_REDIRECT] Nov 04, 2025 12:34:55 AM java.util.prefs.FileSystemPreferences syncWorld
2025-11-04 00:34:55,225 [ERROR] LogOutputStream:75 - [STDERR_REDIRECT] WARNING: Couldn't flush system prefs: java.util.prefs.BackingStoreException: Couldn't get file lock.
2025-11-04 00:34:55,227 [ERROR] LogOutputStream:75 - [STDERR_REDIRECT] 
2025-11-04 00:35:25,222 [ERROR] LogOutputStream:75 - [STDERR_REDIRECT] Nov 04, 2025 12:35:25 AM java.util.prefs.FileSystemPreferences checkLockFile0ErrorCode
2025-11-04 00:35:25,222 [ERROR] LogOutputStream:75 - [STDERR_REDIRECT] WARNING: Could not lock System prefs. Unix error code 5.
2025-11-04 00:35:25,222 [ERROR] LogOutputStream:75 - [STDERR_REDIRECT] 
2025-11-04 00:35:25,222 [ERROR] LogOutputStream:75 - [STDERR_REDIRECT] Nov 04, 2025 12:35:25 AM java.util.prefs.FileSystemPreferences syncWorld
2025-11-04 00:35:25,222 [ERROR] LogOutputStream:75 - [STDERR_REDIRECT] WARNING: Couldn't flush system prefs: java.util.prefs.BackingStoreException: Couldn't get file lock.
2025-11-04 00:35:25,222 [ERROR] LogOutputStream:75 - [STDERR_REDIRECT] 
2025-11-04 00:35:55,221 [ERROR] LogOutputStream:75 - [STDERR_REDIRECT] Nov 04, 2025 12:35:55 AM java.util.prefs.FileSystemPreferences checkLockFile0ErrorCode
2025-11-04 00:35:55,222 [ERROR] LogOutputStream:75 - [STDERR_REDIRECT] WARNING: Could not lock System prefs. Unix error code 5.
2025-11-04 00:35:55,222 [ERROR] LogOutputStream:75 - [STDERR_REDIRECT] 
2025-11-04 00:35:55,222 [ERROR] LogOutputStream:75 - [STDERR_REDIRECT] Nov 04, 2025 12:35:55 AM java.util.prefs.FileSystemPreferences syncWorld
2025-11-04 00:35:55,222 [ERROR] LogOutputStream:75 - [STDERR_REDIRECT] WARNING: Couldn't flush system prefs: java.util.prefs.BackingStoreException: Couldn't get file lock.
2025-11-04 00:35:55,222 [ERROR] LogOutputStream:75 - [STDERR_REDIRECT] 
2025-11-04 00:36:25,229 [ERROR] LogOutputStream:75 - [STDERR_REDIRECT] Nov 04, 2025 12:36:25 AM java.util.prefs.FileSystemPreferences checkLockFile0ErrorCode
2025-11-04 00:36:25,230 [ERROR] LogOutputStream:75 - [STDERR_REDIRECT] WARNING: Could not lock System prefs. Unix error code 5.
2025-11-04 00:36:25,230 [ERROR] LogOutputStream:75 - [STDERR_REDIRECT] 
2025-11-04 00:36:25,230 [ERROR] LogOutputStream:75 - [STDERR_REDIRECT] Nov 04, 2025 12:36:25 AM java.util.prefs.FileSystemPreferences syncWorld
2025-11-04 00:36:25,230 [ERROR] LogOutputStream:75 - [STDERR_REDIRECT] WARNING: Couldn't flush system prefs: java.util.prefs.BackingStoreException: Couldn't get file lock.
2025-11-04 00:36:25,230 [ERROR] LogOutputStream:75 - [STDERR_REDIRECT] 
2025-11-04 00:36:55,227 [ERROR] LogOutputStream:75 - [STDERR_REDIRECT] Nov 04, 2025 12:36:55 AM java.util.prefs.FileSystemPreferences checkLockFile0ErrorCode
2025-11-04 00:36:55,227 [ERROR] LogOutputStream:75 - [STDERR_REDIRECT] WARNING: Could not lock System prefs. Unix error code 5.
2025-11-04 00:36:55,228 [ERROR] LogOutputStream:75 - [STDERR_REDIRECT] 
2025-11-04 00:36:55,228 [ERROR] LogOutputStream:75 - [STDERR_REDIRECT] Nov 04, 2025 12:36:55 AM java.util.prefs.FileSystemPreferences syncWorld
2025-11-04 00:36:55,228 [ERROR] LogOutputStream:75 - [STDERR_REDIRECT] WARNING: Couldn't flush system prefs: java.util.prefs.BackingStoreException: Couldn't get file lock.
2025-11-04 00:36:55,228 [ERROR] LogOutputStream:75 - [STDERR_REDIRECT] 
2025-11-04 00:37:25,223 [ERROR] LogOutputStream:75 - [STDERR_REDIRECT] Nov 04, 2025 12:37:25 AM java.util.prefs.FileSystemPreferences checkLockFile0ErrorCode
2025-11-04 00:37:25,224 [ERROR] LogOutputStream:75 - [STDERR_REDIRECT] WARNING: Could not lock System prefs. Unix error code 5.
2025-11-04 00:37:25,224 [ERROR] LogOutputStream:75 - [STDERR_REDIRECT] 
2025-11-04 00:37:25,224 [ERROR] LogOutputStream:75 - [STDERR_REDIRECT] Nov 04, 2025 12:37:25 AM java.util.prefs.FileSystemPreferences syncWorld
2025-11-04 00:37:25,224 [ERROR] LogOutputStream:75 - [STDERR_REDIRECT] WARNING: Couldn't flush system prefs: java.util.prefs.BackingStoreException: Couldn't get file lock.
2025-11-04 00:37:25,225 [ERROR] LogOutputStream:75 - [STDERR_REDIRECT] 
2025-11-04 00:37:55,226 [ERROR] LogOutputStream:75 - [STDERR_REDIRECT] Nov 04, 2025 12:37:55 AM java.util.prefs.FileSystemPreferences checkLockFile0ErrorCode
2025-11-04 00:37:55,226 [ERROR] LogOutputStream:75 - [STDERR_REDIRECT] WARNING: Could not lock System prefs. Unix error code 5.
2025-11-04 00:37:55,226 [ERROR] LogOutputStream:75 - [STDERR_REDIRECT] 
2025-11-04 00:37:55,226 [ERROR] LogOutputStream:75 - [STDERR_REDIRECT] Nov 04, 2025 12:37:55 AM java.util.prefs.FileSystemPreferences syncWorld
2025-11-04 00:37:55,226 [ERROR] LogOutputStream:75 - [STDERR_REDIRECT] WARNING: Couldn't flush system prefs: java.util.prefs.BackingStoreException: Couldn't get file lock.
2025-11-04 00:37:55,226 [ERROR] LogOutputStream:75 - [STDERR_REDIRECT] 
2025-11-04 00:38:25,225 [ERROR] LogOutputStream:75 - [STDERR_REDIRECT] Nov 04, 2025 12:38:25 AM java.util.prefs.FileSystemPreferences checkLockFile0ErrorCode
2025-11-04 00:38:25,226 [ERROR] LogOutputStream:75 - [STDERR_REDIRECT] WARNING: Could not lock System prefs. Unix error code 5.
2025-11-04 00:38:25,226 [ERROR] LogOutputStream:75 - [STDERR_REDIRECT] 
2025-11-04 00:38:25,226 [ERROR] LogOutputStream:75 - [STDERR_REDIRECT] Nov 04, 2025 12:38:25 AM java.util.prefs.FileSystemPreferences syncWorld
2025-11-04 00:38:25,226 [ERROR] LogOutputStream:75 - [STDERR_REDIRECT] WARNING: Couldn't flush system prefs: java.util.prefs.BackingStoreException: Couldn't get file lock.
2025-11-04 00:38:25,226 [ERROR] LogOutputStream:75 - [STDERR_REDIRECT] 
2025-11-04 00:38:55,245 [ERROR] LogOutputStream:75 - [STDERR_REDIRECT] Nov 04, 2025 12:38:55 AM java.util.prefs.FileSystemPreferences checkLockFile0ErrorCode
2025-11-04 00:38:55,245 [ERROR] LogOutputStream:75 - [STDERR_REDIRECT] WARNING: Could not lock System prefs. Unix error code 5.
2025-11-04 00:38:55,246 [ERROR] LogOutputStream:75 - [STDERR_REDIRECT] 
2025-11-04 00:38:55,246 [ERROR] LogOutputStream:75 - [STDERR_REDIRECT] Nov 04, 2025 12:38:55 AM java.util.prefs.FileSystemPreferences syncWorld
2025-11-04 00:38:55,247 [ERROR] LogOutputStream:75 - [STDERR_REDIRECT] WARNING: Couldn't flush system prefs: java.util.prefs.BackingStoreException: Couldn't get file lock.
2025-11-04 00:38:55,247 [ERROR] LogOutputStream:75 - [STDERR_REDIRECT] 
2025-11-04 00:39:25,227 [ERROR] LogOutputStream:75 - [STDERR_REDIRECT] Nov 04, 2025 12:39:25 AM java.util.prefs.FileSystemPreferences checkLockFile0ErrorCode
2025-11-04 00:39:25,227 [ERROR] LogOutputStream:75 - [STDERR_REDIRECT] WARNING: Could not lock System prefs. Unix error code 5.
2025-11-04 00:39:25,227 [ERROR] LogOutputStream:75 - [STDERR_REDIRECT] 
2025-11-04 00:39:25,228 [ERROR] LogOutputStream:75 - [STDERR_REDIRECT] Nov 04, 2025 12:39:25 AM java.util.prefs.FileSystemPreferences syncWorld
2025-11-04 00:39:25,228 [ERROR] LogOutputStream:75 - [STDERR_REDIRECT] WARNING: Couldn't flush system prefs: java.util.prefs.BackingStoreException: Couldn't get file lock.
2025-11-04 00:39:25,228 [ERROR] LogOutputStream:75 - [STDERR_REDIRECT] 
2025-11-04 00:39:55,246 [ERROR] LogOutputStream:75 - [STDERR_REDIRECT] Nov 04, 2025 12:39:55 AM java.util.prefs.FileSystemPreferences checkLockFile0ErrorCode
2025-11-04 00:39:55,247 [ERROR] LogOutputStream:75 - [STDERR_REDIRECT] WARNING: Could not lock System prefs. Unix error code 5.
2025-11-04 00:39:55,247 [ERROR] LogOutputStream:75 - [STDERR_REDIRECT] 
2025-11-04 00:39:55,248 [ERROR] LogOutputStream:75 - [STDERR_REDIRECT] Nov 04, 2025 12:39:55 AM java.util.prefs.FileSystemPreferences syncWorld
2025-11-04 00:39:55,249 [ERROR] LogOutputStream:75 - [STDERR_REDIRECT] WARNING: Couldn't flush system prefs: java.util.prefs.BackingStoreException: Couldn't get file lock.
2025-11-04 00:39:55,249 [ERROR] LogOutputStream:75 - [STDERR_REDIRECT] 
2025-11-04 00:40:25,237 [ERROR] LogOutputStream:75 - [STDERR_REDIRECT] Nov 04, 2025 12:40:25 AM java.util.prefs.FileSystemPreferences checkLockFile0ErrorCode
2025-11-04 00:40:25,237 [ERROR] LogOutputStream:75 - [STDERR_REDIRECT] WARNING: Could not lock System prefs. Unix error code 5.
2025-11-04 00:40:25,238 [ERROR] LogOutputStream:75 - [STDERR_REDIRECT] 
2025-11-04 00:40:25,238 [ERROR] LogOutputStream:75 - [STDERR_REDIRECT] Nov 04, 2025 12:40:25 AM java.util.prefs.FileSystemPreferences syncWorld
2025-11-04 00:40:25,238 [ERROR] LogOutputStream:75 - [STDERR_REDIRECT] WARNING: Couldn't flush system prefs: java.util.prefs.BackingStoreException: Couldn't get file lock.
2025-11-04 00:40:25,238 [ERROR] LogOutputStream:75 - [STDERR_REDIRECT] 
2025-11-04 00:40:55,231 [ERROR] LogOutputStream:75 - [STDERR_REDIRECT] Nov 04, 2025 12:40:55 AM java.util.prefs.FileSystemPreferences checkLockFile0ErrorCode
2025-11-04 00:40:55,231 [ERROR] LogOutputStream:75 - [STDERR_REDIRECT] WARNING: Could not lock System prefs. Unix error code 5.
2025-11-04 00:40:55,231 [ERROR] LogOutputStream:75 - [STDERR_REDIRECT] 
2025-11-04 00:40:55,232 [ERROR] LogOutputStream:75 - [STDERR_REDIRECT] Nov 04, 2025 12:40:55 AM java.util.prefs.FileSystemPreferences syncWorld
2025-11-04 00:40:55,232 [ERROR] LogOutputStream:75 - [STDERR_REDIRECT] WARNING: Couldn't flush system prefs: java.util.prefs.BackingStoreException: Couldn't get file lock.
2025-11-04 00:40:55,232 [ERROR] LogOutputStream:75 - [STDERR_REDIRECT] 
2025-11-04 00:41:25,246 [ERROR] LogOutputStream:75 - [STDERR_REDIRECT] Nov 04, 2025 12:41:25 AM java.util.prefs.FileSystemPreferences checkLockFile0ErrorCode
2025-11-04 00:41:25,246 [ERROR] LogOutputStream:75 - [STDERR_REDIRECT] WARNING: Could not lock System prefs. Unix error code 5.
2025-11-04 00:41:25,246 [ERROR] LogOutputStream:75 - [STDERR_REDIRECT] 
2025-11-04 00:41:25,246 [ERROR] LogOutputStream:75 - [STDERR_REDIRECT] Nov 04, 2025 12:41:25 AM java.util.prefs.FileSystemPreferences syncWorld
2025-11-04 00:41:25,246 [ERROR] LogOutputStream:75 - [STDERR_REDIRECT] WARNING: Couldn't flush system prefs: java.util.prefs.BackingStoreException: Couldn't get file lock.
2025-11-04 00:41:25,246 [ERROR] LogOutputStream:75 - [STDERR_REDIRECT] 
2025-11-04 00:41:55,272 [ERROR] LogOutputStream:75 - [STDERR_REDIRECT] Nov 04, 2025 12:41:55 AM java.util.prefs.FileSystemPreferences checkLockFile0ErrorCode
2025-11-04 00:41:55,275 [ERROR] LogOutputStream:75 - [STDERR_REDIRECT] WARNING: Could not lock System prefs. Unix error code 5.
2025-11-04 00:41:55,275 [ERROR] LogOutputStream:75 - [STDERR_REDIRECT] 
2025-11-04 00:41:55,277 [ERROR] LogOutputStream:75 - [STDERR_REDIRECT] Nov 04, 2025 12:41:55 AM java.util.prefs.FileSystemPreferences syncWorld
2025-11-04 00:41:55,278 [ERROR] LogOutputStream:75 - [STDERR_REDIRECT] WARNING: Couldn't flush system prefs: java.util.prefs.BackingStoreException: Couldn't get file lock.
2025-11-04 00:41:55,278 [ERROR] LogOutputStream:75 - [STDERR_REDIRECT] 
2025-11-04 00:42:25,233 [ERROR] LogOutputStream:75 - [STDERR_REDIRECT] Nov 04, 2025 12:42:25 AM java.util.prefs.FileSystemPreferences checkLockFile0ErrorCode
2025-11-04 00:42:25,234 [ERROR] LogOutputStream:75 - [STDERR_REDIRECT] WARNING: Could not lock System prefs. Unix error code 5.
2025-11-04 00:42:25,234 [ERROR] LogOutputStream:75 - [STDERR_REDIRECT] 
2025-11-04 00:42:25,234 [ERROR] LogOutputStream:75 - [STDERR_REDIRECT] Nov 04, 2025 12:42:25 AM java.util.prefs.FileSystemPreferences syncWorld
2025-11-04 00:42:25,234 [ERROR] LogOutputStream:75 - [STDERR_REDIRECT] WARNING: Couldn't flush system prefs: java.util.prefs.BackingStoreException: Couldn't get file lock.
2025-11-04 00:42:25,234 [ERROR] LogOutputStream:75 - [STDERR_REDIRECT] 
2025-11-04 00:42:55,251 [ERROR] LogOutputStream:75 - [STDERR_REDIRECT] Nov 04, 2025 12:42:55 AM java.util.prefs.FileSystemPreferences checkLockFile0ErrorCode
2025-11-04 00:42:55,254 [ERROR] LogOutputStream:75 - [STDERR_REDIRECT] WARNING: Could not lock System prefs. Unix error code 5.
2025-11-04 00:42:55,256 [ERROR] LogOutputStream:75 - [STDERR_REDIRECT] 
2025-11-04 00:42:55,257 [ERROR] LogOutputStream:75 - [STDERR_REDIRECT] Nov 04, 2025 12:42:55 AM java.util.prefs.FileSystemPreferences syncWorld
2025-11-04 00:42:55,257 [ERROR] LogOutputStream:75 - [STDERR_REDIRECT] WARNING: Couldn't flush system prefs: java.util.prefs.BackingStoreException: Couldn't get file lock.
2025-11-04 00:42:55,257 [ERROR] LogOutputStream:75 - [STDERR_REDIRECT] 
2025-11-04 00:43:25,234 [ERROR] LogOutputStream:75 - [STDERR_REDIRECT] Nov 04, 2025 12:43:25 AM java.util.prefs.FileSystemPreferences checkLockFile0ErrorCode
2025-11-04 00:43:25,234 [ERROR] LogOutputStream:75 - [STDERR_REDIRECT] WARNING: Could not lock System prefs. Unix error code 5.
2025-11-04 00:43:25,234 [ERROR] LogOutputStream:75 - [STDERR_REDIRECT] 
2025-11-04 00:43:25,234 [ERROR] LogOutputStream:75 - [STDERR_REDIRECT] Nov 04, 2025 12:43:25 AM java.util.prefs.FileSystemPreferences syncWorld
2025-11-04 00:43:25,234 [ERROR] LogOutputStream:75 - [STDERR_REDIRECT] WARNING: Couldn't flush system prefs: java.util.prefs.BackingStoreException: Couldn't get file lock.
2025-11-04 00:43:25,234 [ERROR] LogOutputStream:75 - [STDERR_REDIRECT] 
2025-11-04 00:43:55,238 [ERROR] LogOutputStream:75 - [STDERR_REDIRECT] Nov 04, 2025 12:43:55 AM java.util.prefs.FileSystemPreferences checkLockFile0ErrorCode
2025-11-04 00:43:55,238 [ERROR] LogOutputStream:75 - [STDERR_REDIRECT] WARNING: Could not lock System prefs. Unix error code 5.
2025-11-04 00:43:55,238 [ERROR] LogOutputStream:75 - [STDERR_REDIRECT] 
2025-11-04 00:43:55,238 [ERROR] LogOutputStream:75 - [STDERR_REDIRECT] Nov 04, 2025 12:43:55 AM java.util.prefs.FileSystemPreferences syncWorld
2025-11-04 00:43:55,238 [ERROR] LogOutputStream:75 - [STDERR_REDIRECT] WARNING: Couldn't flush system prefs: java.util.prefs.BackingStoreException: Couldn't get file lock.
2025-11-04 00:43:55,238 [ERROR] LogOutputStream:75 - [STDERR_REDIRECT] 
2025-11-04 00:44:25,236 [ERROR] LogOutputStream:75 - [STDERR_REDIRECT] Nov 04, 2025 12:44:25 AM java.util.prefs.FileSystemPreferences checkLockFile0ErrorCode
2025-11-04 00:44:25,237 [ERROR] LogOutputStream:75 - [STDERR_REDIRECT] WARNING: Could not lock System prefs. Unix error code 5.
2025-11-04 00:44:25,238 [ERROR] LogOutputStream:75 - [STDERR_REDIRECT] 
2025-11-04 00:44:25,238 [ERROR] LogOutputStream:75 - [STDERR_REDIRECT] Nov 04, 2025 12:44:25 AM java.util.prefs.FileSystemPreferences syncWorld
2025-11-04 00:44:25,239 [ERROR] LogOutputStream:75 - [STDERR_REDIRECT] WARNING: Couldn't flush system prefs: java.util.prefs.BackingStoreException: Couldn't get file lock.
2025-11-04 00:44:25,239 [ERROR] LogOutputStream:75 - [STDERR_REDIRECT] 
2025-11-04 00:44:55,245 [ERROR] LogOutputStream:75 - [STDERR_REDIRECT] Nov 04, 2025 12:44:55 AM java.util.prefs.FileSystemPreferences checkLockFile0ErrorCode
2025-11-04 00:44:55,245 [ERROR] LogOutputStream:75 - [STDERR_REDIRECT] WARNING: Could not lock System prefs. Unix error code 5.
2025-11-04 00:44:55,245 [ERROR] LogOutputStream:75 - [STDERR_REDIRECT] 
2025-11-04 00:44:55,246 [ERROR] LogOutputStream:75 - [STDERR_REDIRECT] Nov 04, 2025 12:44:55 AM java.util.prefs.FileSystemPreferences syncWorld
2025-11-04 00:44:55,246 [ERROR] LogOutputStream:75 - [STDERR_REDIRECT] WARNING: Couldn't flush system prefs: java.util.prefs.BackingStoreException: Couldn't get file lock.
2025-11-04 00:44:55,246 [ERROR] LogOutputStream:75 - [STDERR_REDIRECT] 
2025-11-04 00:45:25,236 [ERROR] LogOutputStream:75 - [STDERR_REDIRECT] Nov 04, 2025 12:45:25 AM java.util.prefs.FileSystemPreferences checkLockFile0ErrorCode
2025-11-04 00:45:25,237 [ERROR] LogOutputStream:75 - [STDERR_REDIRECT] WARNING: Could not lock System prefs. Unix error code 5.
2025-11-04 00:45:25,237 [ERROR] LogOutputStream:75 - [STDERR_REDIRECT] 
2025-11-04 00:45:25,237 [ERROR] LogOutputStream:75 - [STDERR_REDIRECT] Nov 04, 2025 12:45:25 AM java.util.prefs.FileSystemPreferences syncWorld
2025-11-04 00:45:25,237 [ERROR] LogOutputStream:75 - [STDERR_REDIRECT] WARNING: Couldn't flush system prefs: java.util.prefs.BackingStoreException: Couldn't get file lock.
2025-11-04 00:45:25,237 [ERROR] LogOutputStream:75 - [STDERR_REDIRECT] 
2025-11-04 00:45:55,244 [ERROR] LogOutputStream:75 - [STDERR_REDIRECT] Nov 04, 2025 12:45:55 AM java.util.prefs.FileSystemPreferences checkLockFile0ErrorCode
2025-11-04 00:45:55,244 [ERROR] LogOutputStream:75 - [STDERR_REDIRECT] WARNING: Could not lock System prefs. Unix error code 5.
2025-11-04 00:45:55,244 [ERROR] LogOutputStream:75 - [STDERR_REDIRECT] 
2025-11-04 00:45:55,244 [ERROR] LogOutputStream:75 - [STDERR_REDIRECT] Nov 04, 2025 12:45:55 AM java.util.prefs.FileSystemPreferences syncWorld
2025-11-04 00:45:55,244 [ERROR] LogOutputStream:75 - [STDERR_REDIRECT] WARNING: Couldn't flush system prefs: java.util.prefs.BackingStoreException: Couldn't get file lock.
2025-11-04 00:45:55,245 [ERROR] LogOutputStream:75 - [STDERR_REDIRECT] 
2025-11-04 00:46:25,237 [ERROR] LogOutputStream:75 - [STDERR_REDIRECT] Nov 04, 2025 12:46:25 AM java.util.prefs.FileSystemPreferences checkLockFile0ErrorCode
2025-11-04 00:46:25,237 [ERROR] LogOutputStream:75 - [STDERR_REDIRECT] WARNING: Could not lock System prefs. Unix error code 5.
2025-11-04 00:46:25,237 [ERROR] LogOutputStream:75 - [STDERR_REDIRECT] 
2025-11-04 00:46:25,237 [ERROR] LogOutputStream:75 - [STDERR_REDIRECT] Nov 04, 2025 12:46:25 AM java.util.prefs.FileSystemPreferences syncWorld
2025-11-04 00:46:25,237 [ERROR] LogOutputStream:75 - [STDERR_REDIRECT] WARNING: Couldn't flush system prefs: java.util.prefs.BackingStoreException: Couldn't get file lock.
2025-11-04 00:46:25,238 [ERROR] LogOutputStream:75 - [STDERR_REDIRECT] 
2025-11-04 00:46:55,255 [ERROR] LogOutputStream:75 - [STDERR_REDIRECT] Nov 04, 2025 12:46:55 AM java.util.prefs.FileSystemPreferences checkLockFile0ErrorCode
2025-11-04 00:46:55,258 [ERROR] LogOutputStream:75 - [STDERR_REDIRECT] WARNING: Could not lock System prefs. Unix error code 5.
2025-11-04 00:46:55,258 [ERROR] LogOutputStream:75 - [STDERR_REDIRECT] 
2025-11-04 00:46:55,259 [ERROR] LogOutputStream:75 - [STDERR_REDIRECT] Nov 04, 2025 12:46:55 AM java.util.prefs.FileSystemPreferences syncWorld
2025-11-04 00:46:55,259 [ERROR] LogOutputStream:75 - [STDERR_REDIRECT] WARNING: Couldn't flush system prefs: java.util.prefs.BackingStoreException: Couldn't get file lock.
2025-11-04 00:46:55,259 [ERROR] LogOutputStream:75 - [STDERR_REDIRECT] 
2025-11-04 00:47:25,242 [ERROR] LogOutputStream:75 - [STDERR_REDIRECT] Nov 04, 2025 12:47:25 AM java.util.prefs.FileSystemPreferences checkLockFile0ErrorCode
2025-11-04 00:47:25,242 [ERROR] LogOutputStream:75 - [STDERR_REDIRECT] WARNING: Could not lock System prefs. Unix error code 5.
2025-11-04 00:47:25,243 [ERROR] LogOutputStream:75 - [STDERR_REDIRECT] 
2025-11-04 00:47:25,243 [ERROR] LogOutputStream:75 - [STDERR_REDIRECT] Nov 04, 2025 12:47:25 AM java.util.prefs.FileSystemPreferences syncWorld
2025-11-04 00:47:25,243 [ERROR] LogOutputStream:75 - [STDERR_REDIRECT] WARNING: Couldn't flush system prefs: java.util.prefs.BackingStoreException: Couldn't get file lock.
2025-11-04 00:47:25,244 [ERROR] LogOutputStream:75 - [STDERR_REDIRECT] 
2025-11-04 00:47:55,263 [ERROR] LogOutputStream:75 - [STDERR_REDIRECT] Nov 04, 2025 12:47:55 AM java.util.prefs.FileSystemPreferences checkLockFile0ErrorCode
2025-11-04 00:47:55,263 [ERROR] LogOutputStream:75 - [STDERR_REDIRECT] WARNING: Could not lock System prefs. Unix error code 5.
2025-11-04 00:47:55,263 [ERROR] LogOutputStream:75 - [STDERR_REDIRECT] 
2025-11-04 00:47:55,263 [ERROR] LogOutputStream:75 - [STDERR_REDIRECT] Nov 04, 2025 12:47:55 AM java.util.prefs.FileSystemPreferences syncWorld
2025-11-04 00:47:55,264 [ERROR] LogOutputStream:75 - [STDERR_REDIRECT] WARNING: Couldn't flush system prefs: java.util.prefs.BackingStoreException: Couldn't get file lock.
2025-11-04 00:47:55,264 [ERROR] LogOutputStream:75 - [STDERR_REDIRECT] 
2025-11-04 00:48:25,239 [ERROR] LogOutputStream:75 - [STDERR_REDIRECT] Nov 04, 2025 12:48:25 AM java.util.prefs.FileSystemPreferences checkLockFile0ErrorCode
2025-11-04 00:48:25,240 [ERROR] LogOutputStream:75 - [STDERR_REDIRECT] WARNING: Could not lock System prefs. Unix error code 5.
2025-11-04 00:48:25,241 [ERROR] LogOutputStream:75 - [STDERR_REDIRECT] 
2025-11-04 00:48:25,241 [ERROR] LogOutputStream:75 - [STDERR_REDIRECT] Nov 04, 2025 12:48:25 AM java.util.prefs.FileSystemPreferences syncWorld
2025-11-04 00:48:25,242 [ERROR] LogOutputStream:75 - [STDERR_REDIRECT] WARNING: Couldn't flush system prefs: java.util.prefs.BackingStoreException: Couldn't get file lock.
2025-11-04 00:48:25,242 [ERROR] LogOutputStream:75 - [STDERR_REDIRECT] 
2025-11-04 00:48:55,259 [ERROR] LogOutputStream:75 - [STDERR_REDIRECT] Nov 04, 2025 12:48:55 AM java.util.prefs.FileSystemPreferences checkLockFile0ErrorCode
2025-11-04 00:48:55,260 [ERROR] LogOutputStream:75 - [STDERR_REDIRECT] WARNING: Could not lock System prefs. Unix error code 5.
2025-11-04 00:48:55,260 [ERROR] LogOutputStream:75 - [STDERR_REDIRECT] 
2025-11-04 00:48:55,260 [ERROR] LogOutputStream:75 - [STDERR_REDIRECT] Nov 04, 2025 12:48:55 AM java.util.prefs.FileSystemPreferences syncWorld
2025-11-04 00:48:55,260 [ERROR] LogOutputStream:75 - [STDERR_REDIRECT] WARNING: Couldn't flush system prefs: java.util.prefs.BackingStoreException: Couldn't get file lock.
2025-11-04 00:48:55,261 [ERROR] LogOutputStream:75 - [STDERR_REDIRECT] 
2025-11-04 00:49:25,239 [ERROR] LogOutputStream:75 - [STDERR_REDIRECT] Nov 04, 2025 12:49:25 AM java.util.prefs.FileSystemPreferences checkLockFile0ErrorCode
2025-11-04 00:49:25,240 [ERROR] LogOutputStream:75 - [STDERR_REDIRECT] WARNING: Could not lock System prefs. Unix error code 5.
2025-11-04 00:49:25,240 [ERROR] LogOutputStream:75 - [STDERR_REDIRECT] 
2025-11-04 00:49:25,240 [ERROR] LogOutputStream:75 - [STDERR_REDIRECT] Nov 04, 2025 12:49:25 AM java.util.prefs.FileSystemPreferences syncWorld
2025-11-04 00:49:25,240 [ERROR] LogOutputStream:75 - [STDERR_REDIRECT] WARNING: Couldn't flush system prefs: java.util.prefs.BackingStoreException: Couldn't get file lock.
2025-11-04 00:49:25,240 [ERROR] LogOutputStream:75 - [STDERR_REDIRECT] 
2025-11-04 00:49:55,239 [ERROR] LogOutputStream:75 - [STDERR_REDIRECT] Nov 04, 2025 12:49:55 AM java.util.prefs.FileSystemPreferences checkLockFile0ErrorCode
2025-11-04 00:49:55,242 [ERROR] LogOutputStream:75 - [STDERR_REDIRECT] WARNING: Could not lock System prefs. Unix error code 5.
2025-11-04 00:49:55,242 [ERROR] LogOutputStream:75 - [STDERR_REDIRECT] 
2025-11-04 00:49:55,242 [ERROR] LogOutputStream:75 - [STDERR_REDIRECT] Nov 04, 2025 12:49:55 AM java.util.prefs.FileSystemPreferences syncWorld
2025-11-04 00:49:55,245 [ERROR] LogOutputStream:75 - [STDERR_REDIRECT] WARNING: Couldn't flush system prefs: java.util.prefs.BackingStoreException: Couldn't get file lock.
2025-11-04 00:49:55,245 [ERROR] LogOutputStream:75 - [STDERR_REDIRECT] 
2025-11-04 00:50:25,239 [ERROR] LogOutputStream:75 - [STDERR_REDIRECT] Nov 04, 2025 12:50:25 AM java.util.prefs.FileSystemPreferences checkLockFile0ErrorCode
2025-11-04 00:50:25,241 [ERROR] LogOutputStream:75 - [STDERR_REDIRECT] WARNING: Could not lock System prefs. Unix error code 5.
2025-11-04 00:50:25,241 [ERROR] LogOutputStream:75 - [STDERR_REDIRECT] 
2025-11-04 00:50:25,242 [ERROR] LogOutputStream:75 - [STDERR_REDIRECT] Nov 04, 2025 12:50:25 AM java.util.prefs.FileSystemPreferences syncWorld
2025-11-04 00:50:25,242 [ERROR] LogOutputStream:75 - [STDERR_REDIRECT] WARNING: Couldn't flush system prefs: java.util.prefs.BackingStoreException: Couldn't get file lock.
2025-11-04 00:50:25,242 [ERROR] LogOutputStream:75 - [STDERR_REDIRECT] 
2025-11-04 00:50:55,239 [ERROR] LogOutputStream:75 - [STDERR_REDIRECT] Nov 04, 2025 12:50:55 AM java.util.prefs.FileSystemPreferences checkLockFile0ErrorCode
2025-11-04 00:50:55,239 [ERROR] LogOutputStream:75 - [STDERR_REDIRECT] WARNING: Could not lock System prefs. Unix error code 5.
2025-11-04 00:50:55,239 [ERROR] LogOutputStream:75 - [STDERR_REDIRECT] 
2025-11-04 00:50:55,240 [ERROR] LogOutputStream:75 - [STDERR_REDIRECT] Nov 04, 2025 12:50:55 AM java.util.prefs.FileSystemPreferences syncWorld
2025-11-04 00:50:55,240 [ERROR] LogOutputStream:75 - [STDERR_REDIRECT] WARNING: Couldn't flush system prefs: java.util.prefs.BackingStoreException: Couldn't get file lock.
2025-11-04 00:50:55,240 [ERROR] LogOutputStream:75 - [STDERR_REDIRECT] 
