2026-02-03 00:00:23,656 [ERROR] LogOutputStream:75 - [STDERR_REDIRECT] Feb 03, 2026 12:00:23 AM java.util.prefs.FileSystemPreferences checkLockFile0ErrorCode
2026-02-03 00:00:23,657 [ERROR] LogOutputStream:75 - [STDERR_REDIRECT] WARNING: Could not lock System prefs. Unix error code 5.
2026-02-03 00:00:23,657 [ERROR] LogOutputStream:75 - [STDERR_REDIRECT] 
2026-02-03 00:00:23,657 [ERROR] LogOutputStream:75 - [STDERR_REDIRECT] Feb 03, 2026 12:00:23 AM java.util.prefs.FileSystemPreferences syncWorld
2026-02-03 00:00:23,657 [ERROR] LogOutputStream:75 - [STDERR_REDIRECT] WARNING: Couldn't flush system prefs: java.util.prefs.BackingStoreException: Couldn't get file lock.
2026-02-03 00:00:23,657 [ERROR] LogOutputStream:75 - [STDERR_REDIRECT] 
2026-02-03 00:00:53,656 [ERROR] LogOutputStream:75 - [STDERR_REDIRECT] Feb 03, 2026 12:00:53 AM java.util.prefs.FileSystemPreferences checkLockFile0ErrorCode
2026-02-03 00:00:53,656 [ERROR] LogOutputStream:75 - [STDERR_REDIRECT] WARNING: Could not lock System prefs. Unix error code 5.
2026-02-03 00:00:53,656 [ERROR] LogOutputStream:75 - [STDERR_REDIRECT] 
2026-02-03 00:00:53,656 [ERROR] LogOutputStream:75 - [STDERR_REDIRECT] Feb 03, 2026 12:00:53 AM java.util.prefs.FileSystemPreferences syncWorld
2026-02-03 00:00:53,656 [ERROR] LogOutputStream:75 - [STDERR_REDIRECT] WARNING: Couldn't flush system prefs: java.util.prefs.BackingStoreException: Couldn't get file lock.
2026-02-03 00:00:53,657 [ERROR] LogOutputStream:75 - [STDERR_REDIRECT] 
2026-02-03 00:01:23,656 [ERROR] LogOutputStream:75 - [STDERR_REDIRECT] Feb 03, 2026 12:01:23 AM java.util.prefs.FileSystemPreferences checkLockFile0ErrorCode
2026-02-03 00:01:23,656 [ERROR] LogOutputStream:75 - [STDERR_REDIRECT] WARNING: Could not lock System prefs. Unix error code 5.
2026-02-03 00:01:23,656 [ERROR] LogOutputStream:75 - [STDERR_REDIRECT] 
2026-02-03 00:01:23,656 [ERROR] LogOutputStream:75 - [STDERR_REDIRECT] Feb 03, 2026 12:01:23 AM java.util.prefs.FileSystemPreferences syncWorld
2026-02-03 00:01:23,656 [ERROR] LogOutputStream:75 - [STDERR_REDIRECT] WARNING: Couldn't flush system prefs: java.util.prefs.BackingStoreException: Couldn't get file lock.
2026-02-03 00:01:23,656 [ERROR] LogOutputStream:75 - [STDERR_REDIRECT] 
2026-02-03 00:01:53,656 [ERROR] LogOutputStream:75 - [STDERR_REDIRECT] Feb 03, 2026 12:01:53 AM java.util.prefs.FileSystemPreferences checkLockFile0ErrorCode
2026-02-03 00:01:53,656 [ERROR] LogOutputStream:75 - [STDERR_REDIRECT] WARNING: Could not lock System prefs. Unix error code 5.
2026-02-03 00:01:53,656 [ERROR] LogOutputStream:75 - [STDERR_REDIRECT] 
2026-02-03 00:01:53,656 [ERROR] LogOutputStream:75 - [STDERR_REDIRECT] Feb 03, 2026 12:01:53 AM java.util.prefs.FileSystemPreferences syncWorld
2026-02-03 00:01:53,656 [ERROR] LogOutputStream:75 - [STDERR_REDIRECT] WARNING: Couldn't flush system prefs: java.util.prefs.BackingStoreException: Couldn't get file lock.
2026-02-03 00:01:53,656 [ERROR] LogOutputStream:75 - [STDERR_REDIRECT] 
2026-02-03 00:02:23,656 [ERROR] LogOutputStream:75 - [STDERR_REDIRECT] Feb 03, 2026 12:02:23 AM java.util.prefs.FileSystemPreferences checkLockFile0ErrorCode
2026-02-03 00:02:23,656 [ERROR] LogOutputStream:75 - [STDERR_REDIRECT] WARNING: Could not lock System prefs. Unix error code 5.
2026-02-03 00:02:23,656 [ERROR] LogOutputStream:75 - [STDERR_REDIRECT] 
2026-02-03 00:02:23,657 [ERROR] LogOutputStream:75 - [STDERR_REDIRECT] Feb 03, 2026 12:02:23 AM java.util.prefs.FileSystemPreferences syncWorld
2026-02-03 00:02:23,657 [ERROR] LogOutputStream:75 - [STDERR_REDIRECT] WARNING: Couldn't flush system prefs: java.util.prefs.BackingStoreException: Couldn't get file lock.
2026-02-03 00:02:23,657 [ERROR] LogOutputStream:75 - [STDERR_REDIRECT] 
2026-02-03 00:02:53,656 [ERROR] LogOutputStream:75 - [STDERR_REDIRECT] Feb 03, 2026 12:02:53 AM java.util.prefs.FileSystemPreferences checkLockFile0ErrorCode
2026-02-03 00:02:53,656 [ERROR] LogOutputStream:75 - [STDERR_REDIRECT] WARNING: Could not lock System prefs. Unix error code 5.
2026-02-03 00:02:53,656 [ERROR] LogOutputStream:75 - [STDERR_REDIRECT] 
2026-02-03 00:02:53,656 [ERROR] LogOutputStream:75 - [STDERR_REDIRECT] Feb 03, 2026 12:02:53 AM java.util.prefs.FileSystemPreferences syncWorld
2026-02-03 00:02:53,656 [ERROR] LogOutputStream:75 - [STDERR_REDIRECT] WARNING: Couldn't flush system prefs: java.util.prefs.BackingStoreException: Couldn't get file lock.
2026-02-03 00:02:53,656 [ERROR] LogOutputStream:75 - [STDERR_REDIRECT] 
2026-02-03 00:03:23,656 [ERROR] LogOutputStream:75 - [STDERR_REDIRECT] Feb 03, 2026 12:03:23 AM java.util.prefs.FileSystemPreferences checkLockFile0ErrorCode
2026-02-03 00:03:23,656 [ERROR] LogOutputStream:75 - [STDERR_REDIRECT] WARNING: Could not lock System prefs. Unix error code 5.
2026-02-03 00:03:23,656 [ERROR] LogOutputStream:75 - [STDERR_REDIRECT] 
2026-02-03 00:03:23,657 [ERROR] LogOutputStream:75 - [STDERR_REDIRECT] Feb 03, 2026 12:03:23 AM java.util.prefs.FileSystemPreferences syncWorld
2026-02-03 00:03:23,657 [ERROR] LogOutputStream:75 - [STDERR_REDIRECT] WARNING: Couldn't flush system prefs: java.util.prefs.BackingStoreException: Couldn't get file lock.
2026-02-03 00:03:23,657 [ERROR] LogOutputStream:75 - [STDERR_REDIRECT] 
2026-02-03 00:03:53,656 [ERROR] LogOutputStream:75 - [STDERR_REDIRECT] Feb 03, 2026 12:03:53 AM java.util.prefs.FileSystemPreferences checkLockFile0ErrorCode
2026-02-03 00:03:53,656 [ERROR] LogOutputStream:75 - [STDERR_REDIRECT] WARNING: Could not lock System prefs. Unix error code 5.
2026-02-03 00:03:53,656 [ERROR] LogOutputStream:75 - [STDERR_REDIRECT] 
2026-02-03 00:03:53,657 [ERROR] LogOutputStream:75 - [STDERR_REDIRECT] Feb 03, 2026 12:03:53 AM java.util.prefs.FileSystemPreferences syncWorld
2026-02-03 00:03:53,657 [ERROR] LogOutputStream:75 - [STDERR_REDIRECT] WARNING: Couldn't flush system prefs: java.util.prefs.BackingStoreException: Couldn't get file lock.
2026-02-03 00:03:53,657 [ERROR] LogOutputStream:75 - [STDERR_REDIRECT] 
2026-02-03 00:04:23,656 [ERROR] LogOutputStream:75 - [STDERR_REDIRECT] Feb 03, 2026 12:04:23 AM java.util.prefs.FileSystemPreferences checkLockFile0ErrorCode
2026-02-03 00:04:23,656 [ERROR] LogOutputStream:75 - [STDERR_REDIRECT] WARNING: Could not lock System prefs. Unix error code 5.
2026-02-03 00:04:23,656 [ERROR] LogOutputStream:75 - [STDERR_REDIRECT] 
2026-02-03 00:04:23,656 [ERROR] LogOutputStream:75 - [STDERR_REDIRECT] Feb 03, 2026 12:04:23 AM java.util.prefs.FileSystemPreferences syncWorld
2026-02-03 00:04:23,656 [ERROR] LogOutputStream:75 - [STDERR_REDIRECT] WARNING: Couldn't flush system prefs: java.util.prefs.BackingStoreException: Couldn't get file lock.
2026-02-03 00:04:23,656 [ERROR] LogOutputStream:75 - [STDERR_REDIRECT] 
2026-02-03 00:04:53,656 [ERROR] LogOutputStream:75 - [STDERR_REDIRECT] Feb 03, 2026 12:04:53 AM java.util.prefs.FileSystemPreferences checkLockFile0ErrorCode
2026-02-03 00:04:53,656 [ERROR] LogOutputStream:75 - [STDERR_REDIRECT] WARNING: Could not lock System prefs. Unix error code 5.
2026-02-03 00:04:53,656 [ERROR] LogOutputStream:75 - [STDERR_REDIRECT] 
2026-02-03 00:04:53,656 [ERROR] LogOutputStream:75 - [STDERR_REDIRECT] Feb 03, 2026 12:04:53 AM java.util.prefs.FileSystemPreferences syncWorld
2026-02-03 00:04:53,657 [ERROR] LogOutputStream:75 - [STDERR_REDIRECT] WARNING: Couldn't flush system prefs: java.util.prefs.BackingStoreException: Couldn't get file lock.
2026-02-03 00:04:53,657 [ERROR] LogOutputStream:75 - [STDERR_REDIRECT] 
2026-02-03 00:05:23,655 [ERROR] LogOutputStream:75 - [STDERR_REDIRECT] Feb 03, 2026 12:05:23 AM java.util.prefs.FileSystemPreferences checkLockFile0ErrorCode
2026-02-03 00:05:23,656 [ERROR] LogOutputStream:75 - [STDERR_REDIRECT] WARNING: Could not lock System prefs. Unix error code 5.
2026-02-03 00:05:23,656 [ERROR] LogOutputStream:75 - [STDERR_REDIRECT] 
2026-02-03 00:05:23,656 [ERROR] LogOutputStream:75 - [STDERR_REDIRECT] Feb 03, 2026 12:05:23 AM java.util.prefs.FileSystemPreferences syncWorld
2026-02-03 00:05:23,656 [ERROR] LogOutputStream:75 - [STDERR_REDIRECT] WARNING: Couldn't flush system prefs: java.util.prefs.BackingStoreException: Couldn't get file lock.
2026-02-03 00:05:23,656 [ERROR] LogOutputStream:75 - [STDERR_REDIRECT] 
2026-02-03 00:05:53,656 [ERROR] LogOutputStream:75 - [STDERR_REDIRECT] Feb 03, 2026 12:05:53 AM java.util.prefs.FileSystemPreferences checkLockFile0ErrorCode
2026-02-03 00:05:53,656 [ERROR] LogOutputStream:75 - [STDERR_REDIRECT] WARNING: Could not lock System prefs. Unix error code 5.
2026-02-03 00:05:53,656 [ERROR] LogOutputStream:75 - [STDERR_REDIRECT] 
2026-02-03 00:05:53,656 [ERROR] LogOutputStream:75 - [STDERR_REDIRECT] Feb 03, 2026 12:05:53 AM java.util.prefs.FileSystemPreferences syncWorld
2026-02-03 00:05:53,656 [ERROR] LogOutputStream:75 - [STDERR_REDIRECT] WARNING: Couldn't flush system prefs: java.util.prefs.BackingStoreException: Couldn't get file lock.
2026-02-03 00:05:53,656 [ERROR] LogOutputStream:75 - [STDERR_REDIRECT] 
2026-02-03 00:06:23,657 [ERROR] LogOutputStream:75 - [STDERR_REDIRECT] Feb 03, 2026 12:06:23 AM java.util.prefs.FileSystemPreferences checkLockFile0ErrorCode
2026-02-03 00:06:23,657 [ERROR] LogOutputStream:75 - [STDERR_REDIRECT] WARNING: Could not lock System prefs. Unix error code 5.
2026-02-03 00:06:23,657 [ERROR] LogOutputStream:75 - [STDERR_REDIRECT] 
2026-02-03 00:06:23,658 [ERROR] LogOutputStream:75 - [STDERR_REDIRECT] Feb 03, 2026 12:06:23 AM java.util.prefs.FileSystemPreferences syncWorld
2026-02-03 00:06:23,658 [ERROR] LogOutputStream:75 - [STDERR_REDIRECT] WARNING: Couldn't flush system prefs: java.util.prefs.BackingStoreException: Couldn't get file lock.
2026-02-03 00:06:23,658 [ERROR] LogOutputStream:75 - [STDERR_REDIRECT] 
2026-02-03 00:06:53,657 [ERROR] LogOutputStream:75 - [STDERR_REDIRECT] Feb 03, 2026 12:06:53 AM java.util.prefs.FileSystemPreferences checkLockFile0ErrorCode
2026-02-03 00:06:53,657 [ERROR] LogOutputStream:75 - [STDERR_REDIRECT] WARNING: Could not lock System prefs. Unix error code 5.
2026-02-03 00:06:53,657 [ERROR] LogOutputStream:75 - [STDERR_REDIRECT] 
2026-02-03 00:06:53,657 [ERROR] LogOutputStream:75 - [STDERR_REDIRECT] Feb 03, 2026 12:06:53 AM java.util.prefs.FileSystemPreferences syncWorld
2026-02-03 00:06:53,657 [ERROR] LogOutputStream:75 - [STDERR_REDIRECT] WARNING: Couldn't flush system prefs: java.util.prefs.BackingStoreException: Couldn't get file lock.
2026-02-03 00:06:53,657 [ERROR] LogOutputStream:75 - [STDERR_REDIRECT] 
2026-02-03 00:07:23,657 [ERROR] LogOutputStream:75 - [STDERR_REDIRECT] Feb 03, 2026 12:07:23 AM java.util.prefs.FileSystemPreferences checkLockFile0ErrorCode
2026-02-03 00:07:23,657 [ERROR] LogOutputStream:75 - [STDERR_REDIRECT] WARNING: Could not lock System prefs. Unix error code 5.
2026-02-03 00:07:23,657 [ERROR] LogOutputStream:75 - [STDERR_REDIRECT] 
2026-02-03 00:07:23,657 [ERROR] LogOutputStream:75 - [STDERR_REDIRECT] Feb 03, 2026 12:07:23 AM java.util.prefs.FileSystemPreferences syncWorld
2026-02-03 00:07:23,657 [ERROR] LogOutputStream:75 - [STDERR_REDIRECT] WARNING: Couldn't flush system prefs: java.util.prefs.BackingStoreException: Couldn't get file lock.
2026-02-03 00:07:23,658 [ERROR] LogOutputStream:75 - [STDERR_REDIRECT] 
2026-02-03 00:07:53,657 [ERROR] LogOutputStream:75 - [STDERR_REDIRECT] Feb 03, 2026 12:07:53 AM java.util.prefs.FileSystemPreferences checkLockFile0ErrorCode
2026-02-03 00:07:53,657 [ERROR] LogOutputStream:75 - [STDERR_REDIRECT] WARNING: Could not lock System prefs. Unix error code 5.
2026-02-03 00:07:53,657 [ERROR] LogOutputStream:75 - [STDERR_REDIRECT] 
2026-02-03 00:07:53,657 [ERROR] LogOutputStream:75 - [STDERR_REDIRECT] Feb 03, 2026 12:07:53 AM java.util.prefs.FileSystemPreferences syncWorld
2026-02-03 00:07:53,657 [ERROR] LogOutputStream:75 - [STDERR_REDIRECT] WARNING: Couldn't flush system prefs: java.util.prefs.BackingStoreException: Couldn't get file lock.
2026-02-03 00:07:53,658 [ERROR] LogOutputStream:75 - [STDERR_REDIRECT] 
2026-02-03 00:08:23,659 [ERROR] LogOutputStream:75 - [STDERR_REDIRECT] Feb 03, 2026 12:08:23 AM java.util.prefs.FileSystemPreferences checkLockFile0ErrorCode
2026-02-03 00:08:23,659 [ERROR] LogOutputStream:75 - [STDERR_REDIRECT] WARNING: Could not lock System prefs. Unix error code 5.
2026-02-03 00:08:23,659 [ERROR] LogOutputStream:75 - [STDERR_REDIRECT] 
2026-02-03 00:08:23,659 [ERROR] LogOutputStream:75 - [STDERR_REDIRECT] Feb 03, 2026 12:08:23 AM java.util.prefs.FileSystemPreferences syncWorld
2026-02-03 00:08:23,659 [ERROR] LogOutputStream:75 - [STDERR_REDIRECT] WARNING: Couldn't flush system prefs: java.util.prefs.BackingStoreException: Couldn't get file lock.
2026-02-03 00:08:23,659 [ERROR] LogOutputStream:75 - [STDERR_REDIRECT] 
2026-02-03 00:08:53,665 [ERROR] LogOutputStream:75 - [STDERR_REDIRECT] Feb 03, 2026 12:08:53 AM java.util.prefs.FileSystemPreferences checkLockFile0ErrorCode
2026-02-03 00:08:53,665 [ERROR] LogOutputStream:75 - [STDERR_REDIRECT] WARNING: Could not lock System prefs. Unix error code 5.
2026-02-03 00:08:53,665 [ERROR] LogOutputStream:75 - [STDERR_REDIRECT] 
2026-02-03 00:08:53,665 [ERROR] LogOutputStream:75 - [STDERR_REDIRECT] Feb 03, 2026 12:08:53 AM java.util.prefs.FileSystemPreferences syncWorld
2026-02-03 00:08:53,666 [ERROR] LogOutputStream:75 - [STDERR_REDIRECT] WARNING: Couldn't flush system prefs: java.util.prefs.BackingStoreException: Couldn't get file lock.
2026-02-03 00:08:53,667 [ERROR] LogOutputStream:75 - [STDERR_REDIRECT] 
2026-02-03 00:09:23,658 [ERROR] LogOutputStream:75 - [STDERR_REDIRECT] Feb 03, 2026 12:09:23 AM java.util.prefs.FileSystemPreferences checkLockFile0ErrorCode
2026-02-03 00:09:23,658 [ERROR] LogOutputStream:75 - [STDERR_REDIRECT] WARNING: Could not lock System prefs. Unix error code 5.
2026-02-03 00:09:23,658 [ERROR] LogOutputStream:75 - [STDERR_REDIRECT] 
2026-02-03 00:09:23,658 [ERROR] LogOutputStream:75 - [STDERR_REDIRECT] Feb 03, 2026 12:09:23 AM java.util.prefs.FileSystemPreferences syncWorld
2026-02-03 00:09:23,659 [ERROR] LogOutputStream:75 - [STDERR_REDIRECT] WARNING: Couldn't flush system prefs: java.util.prefs.BackingStoreException: Couldn't get file lock.
2026-02-03 00:09:23,659 [ERROR] LogOutputStream:75 - [STDERR_REDIRECT] 
2026-02-03 00:09:53,659 [ERROR] LogOutputStream:75 - [STDERR_REDIRECT] Feb 03, 2026 12:09:53 AM java.util.prefs.FileSystemPreferences checkLockFile0ErrorCode
2026-02-03 00:09:53,659 [ERROR] LogOutputStream:75 - [STDERR_REDIRECT] WARNING: Could not lock System prefs. Unix error code 5.
2026-02-03 00:09:53,660 [ERROR] LogOutputStream:75 - [STDERR_REDIRECT] 
2026-02-03 00:09:53,660 [ERROR] LogOutputStream:75 - [STDERR_REDIRECT] Feb 03, 2026 12:09:53 AM java.util.prefs.FileSystemPreferences syncWorld
2026-02-03 00:09:53,660 [ERROR] LogOutputStream:75 - [STDERR_REDIRECT] WARNING: Couldn't flush system prefs: java.util.prefs.BackingStoreException: Couldn't get file lock.
2026-02-03 00:09:53,660 [ERROR] LogOutputStream:75 - [STDERR_REDIRECT] 
2026-02-03 00:10:23,659 [ERROR] LogOutputStream:75 - [STDERR_REDIRECT] Feb 03, 2026 12:10:23 AM java.util.prefs.FileSystemPreferences checkLockFile0ErrorCode
2026-02-03 00:10:23,659 [ERROR] LogOutputStream:75 - [STDERR_REDIRECT] WARNING: Could not lock System prefs. Unix error code 5.
2026-02-03 00:10:23,659 [ERROR] LogOutputStream:75 - [STDERR_REDIRECT] 
2026-02-03 00:10:23,659 [ERROR] LogOutputStream:75 - [STDERR_REDIRECT] Feb 03, 2026 12:10:23 AM java.util.prefs.FileSystemPreferences syncWorld
2026-02-03 00:10:23,659 [ERROR] LogOutputStream:75 - [STDERR_REDIRECT] WARNING: Couldn't flush system prefs: java.util.prefs.BackingStoreException: Couldn't get file lock.
2026-02-03 00:10:23,659 [ERROR] LogOutputStream:75 - [STDERR_REDIRECT] 
2026-02-03 00:10:53,659 [ERROR] LogOutputStream:75 - [STDERR_REDIRECT] Feb 03, 2026 12:10:53 AM java.util.prefs.FileSystemPreferences checkLockFile0ErrorCode
2026-02-03 00:10:53,659 [ERROR] LogOutputStream:75 - [STDERR_REDIRECT] WARNING: Could not lock System prefs. Unix error code 5.
2026-02-03 00:10:53,659 [ERROR] LogOutputStream:75 - [STDERR_REDIRECT] 
2026-02-03 00:10:53,660 [ERROR] LogOutputStream:75 - [STDERR_REDIRECT] Feb 03, 2026 12:10:53 AM java.util.prefs.FileSystemPreferences syncWorld
2026-02-03 00:10:53,660 [ERROR] LogOutputStream:75 - [STDERR_REDIRECT] WARNING: Couldn't flush system prefs: java.util.prefs.BackingStoreException: Couldn't get file lock.
2026-02-03 00:10:53,660 [ERROR] LogOutputStream:75 - [STDERR_REDIRECT] 
2026-02-03 00:11:23,661 [ERROR] LogOutputStream:75 - [STDERR_REDIRECT] Feb 03, 2026 12:11:23 AM java.util.prefs.FileSystemPreferences checkLockFile0ErrorCode
2026-02-03 00:11:23,661 [ERROR] LogOutputStream:75 - [STDERR_REDIRECT] WARNING: Could not lock System prefs. Unix error code 5.
2026-02-03 00:11:23,661 [ERROR] LogOutputStream:75 - [STDERR_REDIRECT] 
2026-02-03 00:11:23,661 [ERROR] LogOutputStream:75 - [STDERR_REDIRECT] Feb 03, 2026 12:11:23 AM java.util.prefs.FileSystemPreferences syncWorld
2026-02-03 00:11:23,661 [ERROR] LogOutputStream:75 - [STDERR_REDIRECT] WARNING: Couldn't flush system prefs: java.util.prefs.BackingStoreException: Couldn't get file lock.
2026-02-03 00:11:23,661 [ERROR] LogOutputStream:75 - [STDERR_REDIRECT] 
2026-02-03 00:11:53,659 [ERROR] LogOutputStream:75 - [STDERR_REDIRECT] Feb 03, 2026 12:11:53 AM java.util.prefs.FileSystemPreferences checkLockFile0ErrorCode
2026-02-03 00:11:53,659 [ERROR] LogOutputStream:75 - [STDERR_REDIRECT] WARNING: Could not lock System prefs. Unix error code 5.
2026-02-03 00:11:53,659 [ERROR] LogOutputStream:75 - [STDERR_REDIRECT] 
2026-02-03 00:11:53,660 [ERROR] LogOutputStream:75 - [STDERR_REDIRECT] Feb 03, 2026 12:11:53 AM java.util.prefs.FileSystemPreferences syncWorld
2026-02-03 00:11:53,660 [ERROR] LogOutputStream:75 - [STDERR_REDIRECT] WARNING: Couldn't flush system prefs: java.util.prefs.BackingStoreException: Couldn't get file lock.
2026-02-03 00:11:53,660 [ERROR] LogOutputStream:75 - [STDERR_REDIRECT] 
2026-02-03 00:12:23,660 [ERROR] LogOutputStream:75 - [STDERR_REDIRECT] Feb 03, 2026 12:12:23 AM java.util.prefs.FileSystemPreferences checkLockFile0ErrorCode
2026-02-03 00:12:23,660 [ERROR] LogOutputStream:75 - [STDERR_REDIRECT] WARNING: Could not lock System prefs. Unix error code 5.
2026-02-03 00:12:23,661 [ERROR] LogOutputStream:75 - [STDERR_REDIRECT] 
2026-02-03 00:12:23,661 [ERROR] LogOutputStream:75 - [STDERR_REDIRECT] Feb 03, 2026 12:12:23 AM java.util.prefs.FileSystemPreferences syncWorld
2026-02-03 00:12:23,661 [ERROR] LogOutputStream:75 - [STDERR_REDIRECT] WARNING: Couldn't flush system prefs: java.util.prefs.BackingStoreException: Couldn't get file lock.
2026-02-03 00:12:23,661 [ERROR] LogOutputStream:75 - [STDERR_REDIRECT] 
2026-02-03 00:12:53,660 [ERROR] LogOutputStream:75 - [STDERR_REDIRECT] Feb 03, 2026 12:12:53 AM java.util.prefs.FileSystemPreferences checkLockFile0ErrorCode
2026-02-03 00:12:53,660 [ERROR] LogOutputStream:75 - [STDERR_REDIRECT] WARNING: Could not lock System prefs. Unix error code 5.
2026-02-03 00:12:53,660 [ERROR] LogOutputStream:75 - [STDERR_REDIRECT] 
2026-02-03 00:12:53,660 [ERROR] LogOutputStream:75 - [STDERR_REDIRECT] Feb 03, 2026 12:12:53 AM java.util.prefs.FileSystemPreferences syncWorld
2026-02-03 00:12:53,660 [ERROR] LogOutputStream:75 - [STDERR_REDIRECT] WARNING: Couldn't flush system prefs: java.util.prefs.BackingStoreException: Couldn't get file lock.
2026-02-03 00:12:53,660 [ERROR] LogOutputStream:75 - [STDERR_REDIRECT] 
2026-02-03 00:13:23,662 [ERROR] LogOutputStream:75 - [STDERR_REDIRECT] Feb 03, 2026 12:13:23 AM java.util.prefs.FileSystemPreferences checkLockFile0ErrorCode
2026-02-03 00:13:23,662 [ERROR] LogOutputStream:75 - [STDERR_REDIRECT] WARNING: Could not lock System prefs. Unix error code 5.
2026-02-03 00:13:23,662 [ERROR] LogOutputStream:75 - [STDERR_REDIRECT] 
2026-02-03 00:13:23,662 [ERROR] LogOutputStream:75 - [STDERR_REDIRECT] Feb 03, 2026 12:13:23 AM java.util.prefs.FileSystemPreferences syncWorld
2026-02-03 00:13:23,662 [ERROR] LogOutputStream:75 - [STDERR_REDIRECT] WARNING: Couldn't flush system prefs: java.util.prefs.BackingStoreException: Couldn't get file lock.
2026-02-03 00:13:23,662 [ERROR] LogOutputStream:75 - [STDERR_REDIRECT] 
2026-02-03 00:13:53,660 [ERROR] LogOutputStream:75 - [STDERR_REDIRECT] Feb 03, 2026 12:13:53 AM java.util.prefs.FileSystemPreferences checkLockFile0ErrorCode
2026-02-03 00:13:53,661 [ERROR] LogOutputStream:75 - [STDERR_REDIRECT] WARNING: Could not lock System prefs. Unix error code 5.
2026-02-03 00:13:53,661 [ERROR] LogOutputStream:75 - [STDERR_REDIRECT] 
2026-02-03 00:13:53,661 [ERROR] LogOutputStream:75 - [STDERR_REDIRECT] Feb 03, 2026 12:13:53 AM java.util.prefs.FileSystemPreferences syncWorld
2026-02-03 00:13:53,662 [ERROR] LogOutputStream:75 - [STDERR_REDIRECT] WARNING: Couldn't flush system prefs: java.util.prefs.BackingStoreException: Couldn't get file lock.
2026-02-03 00:13:53,662 [ERROR] LogOutputStream:75 - [STDERR_REDIRECT] 
2026-02-03 00:14:23,660 [ERROR] LogOutputStream:75 - [STDERR_REDIRECT] Feb 03, 2026 12:14:23 AM java.util.prefs.FileSystemPreferences checkLockFile0ErrorCode
2026-02-03 00:14:23,661 [ERROR] LogOutputStream:75 - [STDERR_REDIRECT] WARNING: Could not lock System prefs. Unix error code 5.
2026-02-03 00:14:23,661 [ERROR] LogOutputStream:75 - [STDERR_REDIRECT] 
2026-02-03 00:14:23,661 [ERROR] LogOutputStream:75 - [STDERR_REDIRECT] Feb 03, 2026 12:14:23 AM java.util.prefs.FileSystemPreferences syncWorld
2026-02-03 00:14:23,661 [ERROR] LogOutputStream:75 - [STDERR_REDIRECT] WARNING: Couldn't flush system prefs: java.util.prefs.BackingStoreException: Couldn't get file lock.
2026-02-03 00:14:23,661 [ERROR] LogOutputStream:75 - [STDERR_REDIRECT] 
2026-02-03 00:14:53,672 [ERROR] LogOutputStream:75 - [STDERR_REDIRECT] Feb 03, 2026 12:14:53 AM java.util.prefs.FileSystemPreferences checkLockFile0ErrorCode
2026-02-03 00:14:53,672 [ERROR] LogOutputStream:75 - [STDERR_REDIRECT] WARNING: Could not lock System prefs. Unix error code 5.
2026-02-03 00:14:53,672 [ERROR] LogOutputStream:75 - [STDERR_REDIRECT] 
2026-02-03 00:14:53,673 [ERROR] LogOutputStream:75 - [STDERR_REDIRECT] Feb 03, 2026 12:14:53 AM java.util.prefs.FileSystemPreferences syncWorld
2026-02-03 00:14:53,673 [ERROR] LogOutputStream:75 - [STDERR_REDIRECT] WARNING: Couldn't flush system prefs: java.util.prefs.BackingStoreException: Couldn't get file lock.
2026-02-03 00:14:53,673 [ERROR] LogOutputStream:75 - [STDERR_REDIRECT] 
2026-02-03 00:15:23,665 [ERROR] LogOutputStream:75 - [STDERR_REDIRECT] Feb 03, 2026 12:15:23 AM java.util.prefs.FileSystemPreferences checkLockFile0ErrorCode
2026-02-03 00:15:23,665 [ERROR] LogOutputStream:75 - [STDERR_REDIRECT] WARNING: Could not lock System prefs. Unix error code 5.
2026-02-03 00:15:23,665 [ERROR] LogOutputStream:75 - [STDERR_REDIRECT] 
2026-02-03 00:15:23,665 [ERROR] LogOutputStream:75 - [STDERR_REDIRECT] Feb 03, 2026 12:15:23 AM java.util.prefs.FileSystemPreferences syncWorld
2026-02-03 00:15:23,665 [ERROR] LogOutputStream:75 - [STDERR_REDIRECT] WARNING: Couldn't flush system prefs: java.util.prefs.BackingStoreException: Couldn't get file lock.
2026-02-03 00:15:23,665 [ERROR] LogOutputStream:75 - [STDERR_REDIRECT] 
2026-02-03 00:15:53,666 [ERROR] LogOutputStream:75 - [STDERR_REDIRECT] Feb 03, 2026 12:15:53 AM java.util.prefs.FileSystemPreferences checkLockFile0ErrorCode
2026-02-03 00:15:53,666 [ERROR] LogOutputStream:75 - [STDERR_REDIRECT] WARNING: Could not lock System prefs. Unix error code 5.
2026-02-03 00:15:53,666 [ERROR] LogOutputStream:75 - [STDERR_REDIRECT] 
2026-02-03 00:15:53,666 [ERROR] LogOutputStream:75 - [STDERR_REDIRECT] Feb 03, 2026 12:15:53 AM java.util.prefs.FileSystemPreferences syncWorld
2026-02-03 00:15:53,666 [ERROR] LogOutputStream:75 - [STDERR_REDIRECT] WARNING: Couldn't flush system prefs: java.util.prefs.BackingStoreException: Couldn't get file lock.
2026-02-03 00:15:53,666 [ERROR] LogOutputStream:75 - [STDERR_REDIRECT] 
2026-02-03 00:16:23,668 [ERROR] LogOutputStream:75 - [STDERR_REDIRECT] Feb 03, 2026 12:16:23 AM java.util.prefs.FileSystemPreferences checkLockFile0ErrorCode
2026-02-03 00:16:23,668 [ERROR] LogOutputStream:75 - [STDERR_REDIRECT] WARNING: Could not lock System prefs. Unix error code 5.
2026-02-03 00:16:23,669 [ERROR] LogOutputStream:75 - [STDERR_REDIRECT] 
2026-02-03 00:16:23,669 [ERROR] LogOutputStream:75 - [STDERR_REDIRECT] Feb 03, 2026 12:16:23 AM java.util.prefs.FileSystemPreferences syncWorld
2026-02-03 00:16:23,669 [ERROR] LogOutputStream:75 - [STDERR_REDIRECT] WARNING: Couldn't flush system prefs: java.util.prefs.BackingStoreException: Couldn't get file lock.
2026-02-03 00:16:23,669 [ERROR] LogOutputStream:75 - [STDERR_REDIRECT] 
2026-02-03 00:16:53,667 [ERROR] LogOutputStream:75 - [STDERR_REDIRECT] Feb 03, 2026 12:16:53 AM java.util.prefs.FileSystemPreferences checkLockFile0ErrorCode
2026-02-03 00:16:53,667 [ERROR] LogOutputStream:75 - [STDERR_REDIRECT] WARNING: Could not lock System prefs. Unix error code 5.
2026-02-03 00:16:53,668 [ERROR] LogOutputStream:75 - [STDERR_REDIRECT] 
2026-02-03 00:16:53,668 [ERROR] LogOutputStream:75 - [STDERR_REDIRECT] Feb 03, 2026 12:16:53 AM java.util.prefs.FileSystemPreferences syncWorld
2026-02-03 00:16:53,668 [ERROR] LogOutputStream:75 - [STDERR_REDIRECT] WARNING: Couldn't flush system prefs: java.util.prefs.BackingStoreException: Couldn't get file lock.
2026-02-03 00:16:53,668 [ERROR] LogOutputStream:75 - [STDERR_REDIRECT] 
2026-02-03 00:17:23,666 [ERROR] LogOutputStream:75 - [STDERR_REDIRECT] Feb 03, 2026 12:17:23 AM java.util.prefs.FileSystemPreferences checkLockFile0ErrorCode
2026-02-03 00:17:23,666 [ERROR] LogOutputStream:75 - [STDERR_REDIRECT] WARNING: Could not lock System prefs. Unix error code 5.
2026-02-03 00:17:23,666 [ERROR] LogOutputStream:75 - [STDERR_REDIRECT] 
2026-02-03 00:17:23,666 [ERROR] LogOutputStream:75 - [STDERR_REDIRECT] Feb 03, 2026 12:17:23 AM java.util.prefs.FileSystemPreferences syncWorld
2026-02-03 00:17:23,666 [ERROR] LogOutputStream:75 - [STDERR_REDIRECT] WARNING: Couldn't flush system prefs: java.util.prefs.BackingStoreException: Couldn't get file lock.
2026-02-03 00:17:23,666 [ERROR] LogOutputStream:75 - [STDERR_REDIRECT] 
2026-02-03 00:17:53,666 [ERROR] LogOutputStream:75 - [STDERR_REDIRECT] Feb 03, 2026 12:17:53 AM java.util.prefs.FileSystemPreferences checkLockFile0ErrorCode
2026-02-03 00:17:53,666 [ERROR] LogOutputStream:75 - [STDERR_REDIRECT] WARNING: Could not lock System prefs. Unix error code 5.
2026-02-03 00:17:53,666 [ERROR] LogOutputStream:75 - [STDERR_REDIRECT] 
2026-02-03 00:17:53,666 [ERROR] LogOutputStream:75 - [STDERR_REDIRECT] Feb 03, 2026 12:17:53 AM java.util.prefs.FileSystemPreferences syncWorld
2026-02-03 00:17:53,667 [ERROR] LogOutputStream:75 - [STDERR_REDIRECT] WARNING: Couldn't flush system prefs: java.util.prefs.BackingStoreException: Couldn't get file lock.
2026-02-03 00:17:53,667 [ERROR] LogOutputStream:75 - [STDERR_REDIRECT] 
2026-02-03 00:18:23,667 [ERROR] LogOutputStream:75 - [STDERR_REDIRECT] Feb 03, 2026 12:18:23 AM java.util.prefs.FileSystemPreferences checkLockFile0ErrorCode
2026-02-03 00:18:23,667 [ERROR] LogOutputStream:75 - [STDERR_REDIRECT] WARNING: Could not lock System prefs. Unix error code 5.
2026-02-03 00:18:23,668 [ERROR] LogOutputStream:75 - [STDERR_REDIRECT] 
2026-02-03 00:18:23,668 [ERROR] LogOutputStream:75 - [STDERR_REDIRECT] Feb 03, 2026 12:18:23 AM java.util.prefs.FileSystemPreferences syncWorld
2026-02-03 00:18:23,668 [ERROR] LogOutputStream:75 - [STDERR_REDIRECT] WARNING: Couldn't flush system prefs: java.util.prefs.BackingStoreException: Couldn't get file lock.
2026-02-03 00:18:23,668 [ERROR] LogOutputStream:75 - [STDERR_REDIRECT] 
2026-02-03 00:18:53,668 [ERROR] LogOutputStream:75 - [STDERR_REDIRECT] Feb 03, 2026 12:18:53 AM java.util.prefs.FileSystemPreferences checkLockFile0ErrorCode
2026-02-03 00:18:53,668 [ERROR] LogOutputStream:75 - [STDERR_REDIRECT] WARNING: Could not lock System prefs. Unix error code 5.
2026-02-03 00:18:53,668 [ERROR] LogOutputStream:75 - [STDERR_REDIRECT] 
2026-02-03 00:18:53,668 [ERROR] LogOutputStream:75 - [STDERR_REDIRECT] Feb 03, 2026 12:18:53 AM java.util.prefs.FileSystemPreferences syncWorld
2026-02-03 00:18:53,669 [ERROR] LogOutputStream:75 - [STDERR_REDIRECT] WARNING: Couldn't flush system prefs: java.util.prefs.BackingStoreException: Couldn't get file lock.
2026-02-03 00:18:53,669 [ERROR] LogOutputStream:75 - [STDERR_REDIRECT] 
2026-02-03 00:19:23,666 [ERROR] LogOutputStream:75 - [STDERR_REDIRECT] Feb 03, 2026 12:19:23 AM java.util.prefs.FileSystemPreferences checkLockFile0ErrorCode
2026-02-03 00:19:23,666 [ERROR] LogOutputStream:75 - [STDERR_REDIRECT] WARNING: Could not lock System prefs. Unix error code 5.
2026-02-03 00:19:23,666 [ERROR] LogOutputStream:75 - [STDERR_REDIRECT] 
2026-02-03 00:19:23,666 [ERROR] LogOutputStream:75 - [STDERR_REDIRECT] Feb 03, 2026 12:19:23 AM java.util.prefs.FileSystemPreferences syncWorld
2026-02-03 00:19:23,666 [ERROR] LogOutputStream:75 - [STDERR_REDIRECT] WARNING: Couldn't flush system prefs: java.util.prefs.BackingStoreException: Couldn't get file lock.
2026-02-03 00:19:23,666 [ERROR] LogOutputStream:75 - [STDERR_REDIRECT] 
2026-02-03 00:19:53,668 [ERROR] LogOutputStream:75 - [STDERR_REDIRECT] Feb 03, 2026 12:19:53 AM java.util.prefs.FileSystemPreferences checkLockFile0ErrorCode
2026-02-03 00:19:53,668 [ERROR] LogOutputStream:75 - [STDERR_REDIRECT] WARNING: Could not lock System prefs. Unix error code 5.
2026-02-03 00:19:53,668 [ERROR] LogOutputStream:75 - [STDERR_REDIRECT] 
2026-02-03 00:19:53,669 [ERROR] LogOutputStream:75 - [STDERR_REDIRECT] Feb 03, 2026 12:19:53 AM java.util.prefs.FileSystemPreferences syncWorld
2026-02-03 00:19:53,669 [ERROR] LogOutputStream:75 - [STDERR_REDIRECT] WARNING: Couldn't flush system prefs: java.util.prefs.BackingStoreException: Couldn't get file lock.
2026-02-03 00:19:53,669 [ERROR] LogOutputStream:75 - [STDERR_REDIRECT] 
2026-02-03 00:20:23,666 [ERROR] LogOutputStream:75 - [STDERR_REDIRECT] Feb 03, 2026 12:20:23 AM java.util.prefs.FileSystemPreferences checkLockFile0ErrorCode
2026-02-03 00:20:23,666 [ERROR] LogOutputStream:75 - [STDERR_REDIRECT] WARNING: Could not lock System prefs. Unix error code 5.
2026-02-03 00:20:23,667 [ERROR] LogOutputStream:75 - [STDERR_REDIRECT] 
2026-02-03 00:20:23,667 [ERROR] LogOutputStream:75 - [STDERR_REDIRECT] Feb 03, 2026 12:20:23 AM java.util.prefs.FileSystemPreferences syncWorld
2026-02-03 00:20:23,667 [ERROR] LogOutputStream:75 - [STDERR_REDIRECT] WARNING: Couldn't flush system prefs: java.util.prefs.BackingStoreException: Couldn't get file lock.
2026-02-03 00:20:23,667 [ERROR] LogOutputStream:75 - [STDERR_REDIRECT] 
2026-02-03 00:20:53,667 [ERROR] LogOutputStream:75 - [STDERR_REDIRECT] Feb 03, 2026 12:20:53 AM java.util.prefs.FileSystemPreferences checkLockFile0ErrorCode
2026-02-03 00:20:53,667 [ERROR] LogOutputStream:75 - [STDERR_REDIRECT] WARNING: Could not lock System prefs. Unix error code 5.
2026-02-03 00:20:53,667 [ERROR] LogOutputStream:75 - [STDERR_REDIRECT] 
2026-02-03 00:20:53,668 [ERROR] LogOutputStream:75 - [STDERR_REDIRECT] Feb 03, 2026 12:20:53 AM java.util.prefs.FileSystemPreferences syncWorld
2026-02-03 00:20:53,668 [ERROR] LogOutputStream:75 - [STDERR_REDIRECT] WARNING: Couldn't flush system prefs: java.util.prefs.BackingStoreException: Couldn't get file lock.
2026-02-03 00:20:53,668 [ERROR] LogOutputStream:75 - [STDERR_REDIRECT] 
2026-02-03 00:21:23,667 [ERROR] LogOutputStream:75 - [STDERR_REDIRECT] Feb 03, 2026 12:21:23 AM java.util.prefs.FileSystemPreferences checkLockFile0ErrorCode
2026-02-03 00:21:23,667 [ERROR] LogOutputStream:75 - [STDERR_REDIRECT] WARNING: Could not lock System prefs. Unix error code 5.
2026-02-03 00:21:23,667 [ERROR] LogOutputStream:75 - [STDERR_REDIRECT] 
2026-02-03 00:21:23,668 [ERROR] LogOutputStream:75 - [STDERR_REDIRECT] Feb 03, 2026 12:21:23 AM java.util.prefs.FileSystemPreferences syncWorld
2026-02-03 00:21:23,668 [ERROR] LogOutputStream:75 - [STDERR_REDIRECT] WARNING: Couldn't flush system prefs: java.util.prefs.BackingStoreException: Couldn't get file lock.
2026-02-03 00:21:23,668 [ERROR] LogOutputStream:75 - [STDERR_REDIRECT] 
2026-02-03 00:21:53,666 [ERROR] LogOutputStream:75 - [STDERR_REDIRECT] Feb 03, 2026 12:21:53 AM java.util.prefs.FileSystemPreferences checkLockFile0ErrorCode
2026-02-03 00:21:53,667 [ERROR] LogOutputStream:75 - [STDERR_REDIRECT] WARNING: Could not lock System prefs. Unix error code 5.
2026-02-03 00:21:53,667 [ERROR] LogOutputStream:75 - [STDERR_REDIRECT] 
2026-02-03 00:21:53,667 [ERROR] LogOutputStream:75 - [STDERR_REDIRECT] Feb 03, 2026 12:21:53 AM java.util.prefs.FileSystemPreferences syncWorld
2026-02-03 00:21:53,667 [ERROR] LogOutputStream:75 - [STDERR_REDIRECT] WARNING: Couldn't flush system prefs: java.util.prefs.BackingStoreException: Couldn't get file lock.
2026-02-03 00:21:53,667 [ERROR] LogOutputStream:75 - [STDERR_REDIRECT] 
2026-02-03 00:22:23,667 [ERROR] LogOutputStream:75 - [STDERR_REDIRECT] Feb 03, 2026 12:22:23 AM java.util.prefs.FileSystemPreferences checkLockFile0ErrorCode
2026-02-03 00:22:23,668 [ERROR] LogOutputStream:75 - [STDERR_REDIRECT] WARNING: Could not lock System prefs. Unix error code 5.
2026-02-03 00:22:23,668 [ERROR] LogOutputStream:75 - [STDERR_REDIRECT] 
2026-02-03 00:22:23,668 [ERROR] LogOutputStream:75 - [STDERR_REDIRECT] Feb 03, 2026 12:22:23 AM java.util.prefs.FileSystemPreferences syncWorld
2026-02-03 00:22:23,668 [ERROR] LogOutputStream:75 - [STDERR_REDIRECT] WARNING: Couldn't flush system prefs: java.util.prefs.BackingStoreException: Couldn't get file lock.
2026-02-03 00:22:23,668 [ERROR] LogOutputStream:75 - [STDERR_REDIRECT] 
2026-02-03 00:22:53,667 [ERROR] LogOutputStream:75 - [STDERR_REDIRECT] Feb 03, 2026 12:22:53 AM java.util.prefs.FileSystemPreferences checkLockFile0ErrorCode
2026-02-03 00:22:53,667 [ERROR] LogOutputStream:75 - [STDERR_REDIRECT] WARNING: Could not lock System prefs. Unix error code 5.
2026-02-03 00:22:53,667 [ERROR] LogOutputStream:75 - [STDERR_REDIRECT] 
2026-02-03 00:22:53,668 [ERROR] LogOutputStream:75 - [STDERR_REDIRECT] Feb 03, 2026 12:22:53 AM java.util.prefs.FileSystemPreferences syncWorld
2026-02-03 00:22:53,668 [ERROR] LogOutputStream:75 - [STDERR_REDIRECT] WARNING: Couldn't flush system prefs: java.util.prefs.BackingStoreException: Couldn't get file lock.
2026-02-03 00:22:53,668 [ERROR] LogOutputStream:75 - [STDERR_REDIRECT] 
2026-02-03 00:23:23,666 [ERROR] LogOutputStream:75 - [STDERR_REDIRECT] Feb 03, 2026 12:23:23 AM java.util.prefs.FileSystemPreferences checkLockFile0ErrorCode
2026-02-03 00:23:23,667 [ERROR] LogOutputStream:75 - [STDERR_REDIRECT] WARNING: Could not lock System prefs. Unix error code 5.
2026-02-03 00:23:23,667 [ERROR] LogOutputStream:75 - [STDERR_REDIRECT] 
2026-02-03 00:23:23,667 [ERROR] LogOutputStream:75 - [STDERR_REDIRECT] Feb 03, 2026 12:23:23 AM java.util.prefs.FileSystemPreferences syncWorld
2026-02-03 00:23:23,667 [ERROR] LogOutputStream:75 - [STDERR_REDIRECT] WARNING: Couldn't flush system prefs: java.util.prefs.BackingStoreException: Couldn't get file lock.
2026-02-03 00:23:23,667 [ERROR] LogOutputStream:75 - [STDERR_REDIRECT] 
2026-02-03 00:23:53,667 [ERROR] LogOutputStream:75 - [STDERR_REDIRECT] Feb 03, 2026 12:23:53 AM java.util.prefs.FileSystemPreferences checkLockFile0ErrorCode
2026-02-03 00:23:53,667 [ERROR] LogOutputStream:75 - [STDERR_REDIRECT] WARNING: Could not lock System prefs. Unix error code 5.
2026-02-03 00:23:53,667 [ERROR] LogOutputStream:75 - [STDERR_REDIRECT] 
2026-02-03 00:23:53,667 [ERROR] LogOutputStream:75 - [STDERR_REDIRECT] Feb 03, 2026 12:23:53 AM java.util.prefs.FileSystemPreferences syncWorld
2026-02-03 00:23:53,667 [ERROR] LogOutputStream:75 - [STDERR_REDIRECT] WARNING: Couldn't flush system prefs: java.util.prefs.BackingStoreException: Couldn't get file lock.
2026-02-03 00:23:53,667 [ERROR] LogOutputStream:75 - [STDERR_REDIRECT] 
2026-02-03 00:24:23,668 [ERROR] LogOutputStream:75 - [STDERR_REDIRECT] Feb 03, 2026 12:24:23 AM java.util.prefs.FileSystemPreferences checkLockFile0ErrorCode
2026-02-03 00:24:23,668 [ERROR] LogOutputStream:75 - [STDERR_REDIRECT] WARNING: Could not lock System prefs. Unix error code 5.
2026-02-03 00:24:23,669 [ERROR] LogOutputStream:75 - [STDERR_REDIRECT] 
2026-02-03 00:24:23,670 [ERROR] LogOutputStream:75 - [STDERR_REDIRECT] Feb 03, 2026 12:24:23 AM java.util.prefs.FileSystemPreferences syncWorld
2026-02-03 00:24:23,671 [ERROR] LogOutputStream:75 - [STDERR_REDIRECT] WARNING: Couldn't flush system prefs: java.util.prefs.BackingStoreException: Couldn't get file lock.
2026-02-03 00:24:23,671 [ERROR] LogOutputStream:75 - [STDERR_REDIRECT] 
2026-02-03 00:24:53,666 [ERROR] LogOutputStream:75 - [STDERR_REDIRECT] Feb 03, 2026 12:24:53 AM java.util.prefs.FileSystemPreferences checkLockFile0ErrorCode
2026-02-03 00:24:53,666 [ERROR] LogOutputStream:75 - [STDERR_REDIRECT] WARNING: Could not lock System prefs. Unix error code 5.
2026-02-03 00:24:53,666 [ERROR] LogOutputStream:75 - [STDERR_REDIRECT] 
2026-02-03 00:24:53,667 [ERROR] LogOutputStream:75 - [STDERR_REDIRECT] Feb 03, 2026 12:24:53 AM java.util.prefs.FileSystemPreferences syncWorld
2026-02-03 00:24:53,667 [ERROR] LogOutputStream:75 - [STDERR_REDIRECT] WARNING: Couldn't flush system prefs: java.util.prefs.BackingStoreException: Couldn't get file lock.
2026-02-03 00:24:53,667 [ERROR] LogOutputStream:75 - [STDERR_REDIRECT] 
2026-02-03 00:25:23,666 [ERROR] LogOutputStream:75 - [STDERR_REDIRECT] Feb 03, 2026 12:25:23 AM java.util.prefs.FileSystemPreferences checkLockFile0ErrorCode
2026-02-03 00:25:23,667 [ERROR] LogOutputStream:75 - [STDERR_REDIRECT] WARNING: Could not lock System prefs. Unix error code 5.
2026-02-03 00:25:23,667 [ERROR] LogOutputStream:75 - [STDERR_REDIRECT] 
2026-02-03 00:25:23,667 [ERROR] LogOutputStream:75 - [STDERR_REDIRECT] Feb 03, 2026 12:25:23 AM java.util.prefs.FileSystemPreferences syncWorld
2026-02-03 00:25:23,667 [ERROR] LogOutputStream:75 - [STDERR_REDIRECT] WARNING: Couldn't flush system prefs: java.util.prefs.BackingStoreException: Couldn't get file lock.
2026-02-03 00:25:23,667 [ERROR] LogOutputStream:75 - [STDERR_REDIRECT] 
2026-02-03 00:25:53,668 [ERROR] LogOutputStream:75 - [STDERR_REDIRECT] Feb 03, 2026 12:25:53 AM java.util.prefs.FileSystemPreferences checkLockFile0ErrorCode
2026-02-03 00:25:53,668 [ERROR] LogOutputStream:75 - [STDERR_REDIRECT] WARNING: Could not lock System prefs. Unix error code 5.
2026-02-03 00:25:53,669 [ERROR] LogOutputStream:75 - [STDERR_REDIRECT] 
2026-02-03 00:25:53,669 [ERROR] LogOutputStream:75 - [STDERR_REDIRECT] Feb 03, 2026 12:25:53 AM java.util.prefs.FileSystemPreferences syncWorld
2026-02-03 00:25:53,669 [ERROR] LogOutputStream:75 - [STDERR_REDIRECT] WARNING: Couldn't flush system prefs: java.util.prefs.BackingStoreException: Couldn't get file lock.
2026-02-03 00:25:53,669 [ERROR] LogOutputStream:75 - [STDERR_REDIRECT] 
2026-02-03 00:26:23,666 [ERROR] LogOutputStream:75 - [STDERR_REDIRECT] Feb 03, 2026 12:26:23 AM java.util.prefs.FileSystemPreferences checkLockFile0ErrorCode
2026-02-03 00:26:23,667 [ERROR] LogOutputStream:75 - [STDERR_REDIRECT] WARNING: Could not lock System prefs. Unix error code 5.
2026-02-03 00:26:23,667 [ERROR] LogOutputStream:75 - [STDERR_REDIRECT] 
2026-02-03 00:26:23,667 [ERROR] LogOutputStream:75 - [STDERR_REDIRECT] Feb 03, 2026 12:26:23 AM java.util.prefs.FileSystemPreferences syncWorld
2026-02-03 00:26:23,667 [ERROR] LogOutputStream:75 - [STDERR_REDIRECT] WARNING: Couldn't flush system prefs: java.util.prefs.BackingStoreException: Couldn't get file lock.
2026-02-03 00:26:23,667 [ERROR] LogOutputStream:75 - [STDERR_REDIRECT] 
2026-02-03 00:26:53,667 [ERROR] LogOutputStream:75 - [STDERR_REDIRECT] Feb 03, 2026 12:26:53 AM java.util.prefs.FileSystemPreferences checkLockFile0ErrorCode
2026-02-03 00:26:53,668 [ERROR] LogOutputStream:75 - [STDERR_REDIRECT] WARNING: Could not lock System prefs. Unix error code 5.
2026-02-03 00:26:53,668 [ERROR] LogOutputStream:75 - [STDERR_REDIRECT] 
2026-02-03 00:26:53,668 [ERROR] LogOutputStream:75 - [STDERR_REDIRECT] Feb 03, 2026 12:26:53 AM java.util.prefs.FileSystemPreferences syncWorld
2026-02-03 00:26:53,668 [ERROR] LogOutputStream:75 - [STDERR_REDIRECT] WARNING: Couldn't flush system prefs: java.util.prefs.BackingStoreException: Couldn't get file lock.
2026-02-03 00:26:53,668 [ERROR] LogOutputStream:75 - [STDERR_REDIRECT] 
2026-02-03 00:27:23,668 [ERROR] LogOutputStream:75 - [STDERR_REDIRECT] Feb 03, 2026 12:27:23 AM java.util.prefs.FileSystemPreferences checkLockFile0ErrorCode
2026-02-03 00:27:23,668 [ERROR] LogOutputStream:75 - [STDERR_REDIRECT] WARNING: Could not lock System prefs. Unix error code 5.
2026-02-03 00:27:23,668 [ERROR] LogOutputStream:75 - [STDERR_REDIRECT] 
2026-02-03 00:27:23,668 [ERROR] LogOutputStream:75 - [STDERR_REDIRECT] Feb 03, 2026 12:27:23 AM java.util.prefs.FileSystemPreferences syncWorld
2026-02-03 00:27:23,668 [ERROR] LogOutputStream:75 - [STDERR_REDIRECT] WARNING: Couldn't flush system prefs: java.util.prefs.BackingStoreException: Couldn't get file lock.
2026-02-03 00:27:23,668 [ERROR] LogOutputStream:75 - [STDERR_REDIRECT] 
2026-02-03 00:27:53,669 [ERROR] LogOutputStream:75 - [STDERR_REDIRECT] Feb 03, 2026 12:27:53 AM java.util.prefs.FileSystemPreferences checkLockFile0ErrorCode
2026-02-03 00:27:53,669 [ERROR] LogOutputStream:75 - [STDERR_REDIRECT] WARNING: Could not lock System prefs. Unix error code 5.
2026-02-03 00:27:53,669 [ERROR] LogOutputStream:75 - [STDERR_REDIRECT] 
2026-02-03 00:27:53,669 [ERROR] LogOutputStream:75 - [STDERR_REDIRECT] Feb 03, 2026 12:27:53 AM java.util.prefs.FileSystemPreferences syncWorld
2026-02-03 00:27:53,669 [ERROR] LogOutputStream:75 - [STDERR_REDIRECT] WARNING: Couldn't flush system prefs: java.util.prefs.BackingStoreException: Couldn't get file lock.
2026-02-03 00:27:53,669 [ERROR] LogOutputStream:75 - [STDERR_REDIRECT] 
2026-02-03 00:28:23,669 [ERROR] LogOutputStream:75 - [STDERR_REDIRECT] Feb 03, 2026 12:28:23 AM java.util.prefs.FileSystemPreferences checkLockFile0ErrorCode
2026-02-03 00:28:23,670 [ERROR] LogOutputStream:75 - [STDERR_REDIRECT] WARNING: Could not lock System prefs. Unix error code 5.
2026-02-03 00:28:23,670 [ERROR] LogOutputStream:75 - [STDERR_REDIRECT] 
2026-02-03 00:28:23,670 [ERROR] LogOutputStream:75 - [STDERR_REDIRECT] Feb 03, 2026 12:28:23 AM java.util.prefs.FileSystemPreferences syncWorld
2026-02-03 00:28:23,670 [ERROR] LogOutputStream:75 - [STDERR_REDIRECT] WARNING: Couldn't flush system prefs: java.util.prefs.BackingStoreException: Couldn't get file lock.
2026-02-03 00:28:23,670 [ERROR] LogOutputStream:75 - [STDERR_REDIRECT] 
2026-02-03 00:28:53,669 [ERROR] LogOutputStream:75 - [STDERR_REDIRECT] Feb 03, 2026 12:28:53 AM java.util.prefs.FileSystemPreferences checkLockFile0ErrorCode
2026-02-03 00:28:53,669 [ERROR] LogOutputStream:75 - [STDERR_REDIRECT] WARNING: Could not lock System prefs. Unix error code 5.
2026-02-03 00:28:53,669 [ERROR] LogOutputStream:75 - [STDERR_REDIRECT] 
2026-02-03 00:28:53,669 [ERROR] LogOutputStream:75 - [STDERR_REDIRECT] Feb 03, 2026 12:28:53 AM java.util.prefs.FileSystemPreferences syncWorld
2026-02-03 00:28:53,669 [ERROR] LogOutputStream:75 - [STDERR_REDIRECT] WARNING: Couldn't flush system prefs: java.util.prefs.BackingStoreException: Couldn't get file lock.
2026-02-03 00:28:53,669 [ERROR] LogOutputStream:75 - [STDERR_REDIRECT] 
2026-02-03 00:29:23,669 [ERROR] LogOutputStream:75 - [STDERR_REDIRECT] Feb 03, 2026 12:29:23 AM java.util.prefs.FileSystemPreferences checkLockFile0ErrorCode
2026-02-03 00:29:23,669 [ERROR] LogOutputStream:75 - [STDERR_REDIRECT] WARNING: Could not lock System prefs. Unix error code 5.
2026-02-03 00:29:23,670 [ERROR] LogOutputStream:75 - [STDERR_REDIRECT] 
2026-02-03 00:29:23,670 [ERROR] LogOutputStream:75 - [STDERR_REDIRECT] Feb 03, 2026 12:29:23 AM java.util.prefs.FileSystemPreferences syncWorld
2026-02-03 00:29:23,670 [ERROR] LogOutputStream:75 - [STDERR_REDIRECT] WARNING: Couldn't flush system prefs: java.util.prefs.BackingStoreException: Couldn't get file lock.
2026-02-03 00:29:23,670 [ERROR] LogOutputStream:75 - [STDERR_REDIRECT] 
2026-02-03 00:29:53,669 [ERROR] LogOutputStream:75 - [STDERR_REDIRECT] Feb 03, 2026 12:29:53 AM java.util.prefs.FileSystemPreferences checkLockFile0ErrorCode
2026-02-03 00:29:53,669 [ERROR] LogOutputStream:75 - [STDERR_REDIRECT] WARNING: Could not lock System prefs. Unix error code 5.
2026-02-03 00:29:53,669 [ERROR] LogOutputStream:75 - [STDERR_REDIRECT] 
2026-02-03 00:29:53,669 [ERROR] LogOutputStream:75 - [STDERR_REDIRECT] Feb 03, 2026 12:29:53 AM java.util.prefs.FileSystemPreferences syncWorld
2026-02-03 00:29:53,669 [ERROR] LogOutputStream:75 - [STDERR_REDIRECT] WARNING: Couldn't flush system prefs: java.util.prefs.BackingStoreException: Couldn't get file lock.
2026-02-03 00:29:53,669 [ERROR] LogOutputStream:75 - [STDERR_REDIRECT] 
2026-02-03 00:30:23,669 [ERROR] LogOutputStream:75 - [STDERR_REDIRECT] Feb 03, 2026 12:30:23 AM java.util.prefs.FileSystemPreferences checkLockFile0ErrorCode
2026-02-03 00:30:23,669 [ERROR] LogOutputStream:75 - [STDERR_REDIRECT] WARNING: Could not lock System prefs. Unix error code 5.
2026-02-03 00:30:23,669 [ERROR] LogOutputStream:75 - [STDERR_REDIRECT] 
2026-02-03 00:30:23,669 [ERROR] LogOutputStream:75 - [STDERR_REDIRECT] Feb 03, 2026 12:30:23 AM java.util.prefs.FileSystemPreferences syncWorld
2026-02-03 00:30:23,669 [ERROR] LogOutputStream:75 - [STDERR_REDIRECT] WARNING: Couldn't flush system prefs: java.util.prefs.BackingStoreException: Couldn't get file lock.
2026-02-03 00:30:23,669 [ERROR] LogOutputStream:75 - [STDERR_REDIRECT] 
2026-02-03 00:30:53,669 [ERROR] LogOutputStream:75 - [STDERR_REDIRECT] Feb 03, 2026 12:30:53 AM java.util.prefs.FileSystemPreferences checkLockFile0ErrorCode
2026-02-03 00:30:53,669 [ERROR] LogOutputStream:75 - [STDERR_REDIRECT] WARNING: Could not lock System prefs. Unix error code 5.
2026-02-03 00:30:53,669 [ERROR] LogOutputStream:75 - [STDERR_REDIRECT] 
2026-02-03 00:30:53,669 [ERROR] LogOutputStream:75 - [STDERR_REDIRECT] Feb 03, 2026 12:30:53 AM java.util.prefs.FileSystemPreferences syncWorld
2026-02-03 00:30:53,669 [ERROR] LogOutputStream:75 - [STDERR_REDIRECT] WARNING: Couldn't flush system prefs: java.util.prefs.BackingStoreException: Couldn't get file lock.
2026-02-03 00:30:53,670 [ERROR] LogOutputStream:75 - [STDERR_REDIRECT] 
2026-02-03 00:31:23,668 [ERROR] LogOutputStream:75 - [STDERR_REDIRECT] Feb 03, 2026 12:31:23 AM java.util.prefs.FileSystemPreferences checkLockFile0ErrorCode
2026-02-03 00:31:23,668 [ERROR] LogOutputStream:75 - [STDERR_REDIRECT] WARNING: Could not lock System prefs. Unix error code 5.
2026-02-03 00:31:23,668 [ERROR] LogOutputStream:75 - [STDERR_REDIRECT] 
2026-02-03 00:31:23,669 [ERROR] LogOutputStream:75 - [STDERR_REDIRECT] Feb 03, 2026 12:31:23 AM java.util.prefs.FileSystemPreferences syncWorld
2026-02-03 00:31:23,669 [ERROR] LogOutputStream:75 - [STDERR_REDIRECT] WARNING: Couldn't flush system prefs: java.util.prefs.BackingStoreException: Couldn't get file lock.
2026-02-03 00:31:23,669 [ERROR] LogOutputStream:75 - [STDERR_REDIRECT] 
2026-02-03 00:31:53,668 [ERROR] LogOutputStream:75 - [STDERR_REDIRECT] Feb 03, 2026 12:31:53 AM java.util.prefs.FileSystemPreferences checkLockFile0ErrorCode
2026-02-03 00:31:53,668 [ERROR] LogOutputStream:75 - [STDERR_REDIRECT] WARNING: Could not lock System prefs. Unix error code 5.
2026-02-03 00:31:53,668 [ERROR] LogOutputStream:75 - [STDERR_REDIRECT] 
2026-02-03 00:31:53,669 [ERROR] LogOutputStream:75 - [STDERR_REDIRECT] Feb 03, 2026 12:31:53 AM java.util.prefs.FileSystemPreferences syncWorld
2026-02-03 00:31:53,669 [ERROR] LogOutputStream:75 - [STDERR_REDIRECT] WARNING: Couldn't flush system prefs: java.util.prefs.BackingStoreException: Couldn't get file lock.
2026-02-03 00:31:53,669 [ERROR] LogOutputStream:75 - [STDERR_REDIRECT] 
2026-02-03 00:32:23,668 [ERROR] LogOutputStream:75 - [STDERR_REDIRECT] Feb 03, 2026 12:32:23 AM java.util.prefs.FileSystemPreferences checkLockFile0ErrorCode
2026-02-03 00:32:23,668 [ERROR] LogOutputStream:75 - [STDERR_REDIRECT] WARNING: Could not lock System prefs. Unix error code 5.
2026-02-03 00:32:23,668 [ERROR] LogOutputStream:75 - [STDERR_REDIRECT] 
2026-02-03 00:32:23,669 [ERROR] LogOutputStream:75 - [STDERR_REDIRECT] Feb 03, 2026 12:32:23 AM java.util.prefs.FileSystemPreferences syncWorld
2026-02-03 00:32:23,669 [ERROR] LogOutputStream:75 - [STDERR_REDIRECT] WARNING: Couldn't flush system prefs: java.util.prefs.BackingStoreException: Couldn't get file lock.
2026-02-03 00:32:23,669 [ERROR] LogOutputStream:75 - [STDERR_REDIRECT] 
2026-02-03 00:32:53,669 [ERROR] LogOutputStream:75 - [STDERR_REDIRECT] Feb 03, 2026 12:32:53 AM java.util.prefs.FileSystemPreferences checkLockFile0ErrorCode
2026-02-03 00:32:53,669 [ERROR] LogOutputStream:75 - [STDERR_REDIRECT] WARNING: Could not lock System prefs. Unix error code 5.
2026-02-03 00:32:53,669 [ERROR] LogOutputStream:75 - [STDERR_REDIRECT] 
2026-02-03 00:32:53,669 [ERROR] LogOutputStream:75 - [STDERR_REDIRECT] Feb 03, 2026 12:32:53 AM java.util.prefs.FileSystemPreferences syncWorld
2026-02-03 00:32:53,670 [ERROR] LogOutputStream:75 - [STDERR_REDIRECT] WARNING: Couldn't flush system prefs: java.util.prefs.BackingStoreException: Couldn't get file lock.
2026-02-03 00:32:53,670 [ERROR] LogOutputStream:75 - [STDERR_REDIRECT] 
2026-02-03 00:33:23,668 [ERROR] LogOutputStream:75 - [STDERR_REDIRECT] Feb 03, 2026 12:33:23 AM java.util.prefs.FileSystemPreferences checkLockFile0ErrorCode
2026-02-03 00:33:23,669 [ERROR] LogOutputStream:75 - [STDERR_REDIRECT] WARNING: Could not lock System prefs. Unix error code 5.
2026-02-03 00:33:23,669 [ERROR] LogOutputStream:75 - [STDERR_REDIRECT] 
2026-02-03 00:33:23,669 [ERROR] LogOutputStream:75 - [STDERR_REDIRECT] Feb 03, 2026 12:33:23 AM java.util.prefs.FileSystemPreferences syncWorld
2026-02-03 00:33:23,669 [ERROR] LogOutputStream:75 - [STDERR_REDIRECT] WARNING: Couldn't flush system prefs: java.util.prefs.BackingStoreException: Couldn't get file lock.
2026-02-03 00:33:23,669 [ERROR] LogOutputStream:75 - [STDERR_REDIRECT] 
2026-02-03 00:33:53,670 [ERROR] LogOutputStream:75 - [STDERR_REDIRECT] Feb 03, 2026 12:33:53 AM java.util.prefs.FileSystemPreferences checkLockFile0ErrorCode
2026-02-03 00:33:53,670 [ERROR] LogOutputStream:75 - [STDERR_REDIRECT] WARNING: Could not lock System prefs. Unix error code 5.
2026-02-03 00:33:53,670 [ERROR] LogOutputStream:75 - [STDERR_REDIRECT] 
2026-02-03 00:33:53,671 [ERROR] LogOutputStream:75 - [STDERR_REDIRECT] Feb 03, 2026 12:33:53 AM java.util.prefs.FileSystemPreferences syncWorld
2026-02-03 00:33:53,671 [ERROR] LogOutputStream:75 - [STDERR_REDIRECT] WARNING: Couldn't flush system prefs: java.util.prefs.BackingStoreException: Couldn't get file lock.
2026-02-03 00:33:53,671 [ERROR] LogOutputStream:75 - [STDERR_REDIRECT] 
2026-02-03 00:34:23,668 [ERROR] LogOutputStream:75 - [STDERR_REDIRECT] Feb 03, 2026 12:34:23 AM java.util.prefs.FileSystemPreferences checkLockFile0ErrorCode
2026-02-03 00:34:23,668 [ERROR] LogOutputStream:75 - [STDERR_REDIRECT] WARNING: Could not lock System prefs. Unix error code 5.
2026-02-03 00:34:23,668 [ERROR] LogOutputStream:75 - [STDERR_REDIRECT] 
2026-02-03 00:34:23,669 [ERROR] LogOutputStream:75 - [STDERR_REDIRECT] Feb 03, 2026 12:34:23 AM java.util.prefs.FileSystemPreferences syncWorld
2026-02-03 00:34:23,669 [ERROR] LogOutputStream:75 - [STDERR_REDIRECT] WARNING: Couldn't flush system prefs: java.util.prefs.BackingStoreException: Couldn't get file lock.
2026-02-03 00:34:23,669 [ERROR] LogOutputStream:75 - [STDERR_REDIRECT] 
2026-02-03 00:34:53,668 [ERROR] LogOutputStream:75 - [STDERR_REDIRECT] Feb 03, 2026 12:34:53 AM java.util.prefs.FileSystemPreferences checkLockFile0ErrorCode
2026-02-03 00:34:53,668 [ERROR] LogOutputStream:75 - [STDERR_REDIRECT] WARNING: Could not lock System prefs. Unix error code 5.
2026-02-03 00:34:53,668 [ERROR] LogOutputStream:75 - [STDERR_REDIRECT] 
2026-02-03 00:34:53,669 [ERROR] LogOutputStream:75 - [STDERR_REDIRECT] Feb 03, 2026 12:34:53 AM java.util.prefs.FileSystemPreferences syncWorld
2026-02-03 00:34:53,669 [ERROR] LogOutputStream:75 - [STDERR_REDIRECT] WARNING: Couldn't flush system prefs: java.util.prefs.BackingStoreException: Couldn't get file lock.
2026-02-03 00:34:53,669 [ERROR] LogOutputStream:75 - [STDERR_REDIRECT] 
2026-02-03 00:35:23,669 [ERROR] LogOutputStream:75 - [STDERR_REDIRECT] Feb 03, 2026 12:35:23 AM java.util.prefs.FileSystemPreferences checkLockFile0ErrorCode
2026-02-03 00:35:23,670 [ERROR] LogOutputStream:75 - [STDERR_REDIRECT] WARNING: Could not lock System prefs. Unix error code 5.
2026-02-03 00:35:23,670 [ERROR] LogOutputStream:75 - [STDERR_REDIRECT] 
2026-02-03 00:35:23,670 [ERROR] LogOutputStream:75 - [STDERR_REDIRECT] Feb 03, 2026 12:35:23 AM java.util.prefs.FileSystemPreferences syncWorld
2026-02-03 00:35:23,670 [ERROR] LogOutputStream:75 - [STDERR_REDIRECT] WARNING: Couldn't flush system prefs: java.util.prefs.BackingStoreException: Couldn't get file lock.
2026-02-03 00:35:23,670 [ERROR] LogOutputStream:75 - [STDERR_REDIRECT] 
2026-02-03 00:35:53,669 [ERROR] LogOutputStream:75 - [STDERR_REDIRECT] Feb 03, 2026 12:35:53 AM java.util.prefs.FileSystemPreferences checkLockFile0ErrorCode
2026-02-03 00:35:53,669 [ERROR] LogOutputStream:75 - [STDERR_REDIRECT] WARNING: Could not lock System prefs. Unix error code 5.
2026-02-03 00:35:53,669 [ERROR] LogOutputStream:75 - [STDERR_REDIRECT] 
2026-02-03 00:35:53,669 [ERROR] LogOutputStream:75 - [STDERR_REDIRECT] Feb 03, 2026 12:35:53 AM java.util.prefs.FileSystemPreferences syncWorld
2026-02-03 00:35:53,669 [ERROR] LogOutputStream:75 - [STDERR_REDIRECT] WARNING: Couldn't flush system prefs: java.util.prefs.BackingStoreException: Couldn't get file lock.
2026-02-03 00:35:53,669 [ERROR] LogOutputStream:75 - [STDERR_REDIRECT] 
2026-02-03 00:36:23,669 [ERROR] LogOutputStream:75 - [STDERR_REDIRECT] Feb 03, 2026 12:36:23 AM java.util.prefs.FileSystemPreferences checkLockFile0ErrorCode
2026-02-03 00:36:23,669 [ERROR] LogOutputStream:75 - [STDERR_REDIRECT] WARNING: Could not lock System prefs. Unix error code 5.
2026-02-03 00:36:23,669 [ERROR] LogOutputStream:75 - [STDERR_REDIRECT] 
2026-02-03 00:36:23,669 [ERROR] LogOutputStream:75 - [STDERR_REDIRECT] Feb 03, 2026 12:36:23 AM java.util.prefs.FileSystemPreferences syncWorld
2026-02-03 00:36:23,669 [ERROR] LogOutputStream:75 - [STDERR_REDIRECT] WARNING: Couldn't flush system prefs: java.util.prefs.BackingStoreException: Couldn't get file lock.
2026-02-03 00:36:23,669 [ERROR] LogOutputStream:75 - [STDERR_REDIRECT] 
2026-02-03 00:36:53,669 [ERROR] LogOutputStream:75 - [STDERR_REDIRECT] Feb 03, 2026 12:36:53 AM java.util.prefs.FileSystemPreferences checkLockFile0ErrorCode
2026-02-03 00:36:53,669 [ERROR] LogOutputStream:75 - [STDERR_REDIRECT] WARNING: Could not lock System prefs. Unix error code 5.
2026-02-03 00:36:53,669 [ERROR] LogOutputStream:75 - [STDERR_REDIRECT] 
2026-02-03 00:36:53,669 [ERROR] LogOutputStream:75 - [STDERR_REDIRECT] Feb 03, 2026 12:36:53 AM java.util.prefs.FileSystemPreferences syncWorld
2026-02-03 00:36:53,669 [ERROR] LogOutputStream:75 - [STDERR_REDIRECT] WARNING: Couldn't flush system prefs: java.util.prefs.BackingStoreException: Couldn't get file lock.
2026-02-03 00:36:53,669 [ERROR] LogOutputStream:75 - [STDERR_REDIRECT] 
2026-02-03 00:37:23,671 [ERROR] LogOutputStream:75 - [STDERR_REDIRECT] Feb 03, 2026 12:37:23 AM java.util.prefs.FileSystemPreferences checkLockFile0ErrorCode
2026-02-03 00:37:23,671 [ERROR] LogOutputStream:75 - [STDERR_REDIRECT] WARNING: Could not lock System prefs. Unix error code 5.
2026-02-03 00:37:23,671 [ERROR] LogOutputStream:75 - [STDERR_REDIRECT] 
2026-02-03 00:37:23,671 [ERROR] LogOutputStream:75 - [STDERR_REDIRECT] Feb 03, 2026 12:37:23 AM java.util.prefs.FileSystemPreferences syncWorld
2026-02-03 00:37:23,672 [ERROR] LogOutputStream:75 - [STDERR_REDIRECT] WARNING: Couldn't flush system prefs: java.util.prefs.BackingStoreException: Couldn't get file lock.
2026-02-03 00:37:23,672 [ERROR] LogOutputStream:75 - [STDERR_REDIRECT] 
2026-02-03 00:37:53,671 [ERROR] LogOutputStream:75 - [STDERR_REDIRECT] Feb 03, 2026 12:37:53 AM java.util.prefs.FileSystemPreferences checkLockFile0ErrorCode
2026-02-03 00:37:53,672 [ERROR] LogOutputStream:75 - [STDERR_REDIRECT] WARNING: Could not lock System prefs. Unix error code 5.
2026-02-03 00:37:53,672 [ERROR] LogOutputStream:75 - [STDERR_REDIRECT] 
2026-02-03 00:37:53,672 [ERROR] LogOutputStream:75 - [STDERR_REDIRECT] Feb 03, 2026 12:37:53 AM java.util.prefs.FileSystemPreferences syncWorld
2026-02-03 00:37:53,672 [ERROR] LogOutputStream:75 - [STDERR_REDIRECT] WARNING: Couldn't flush system prefs: java.util.prefs.BackingStoreException: Couldn't get file lock.
2026-02-03 00:37:53,672 [ERROR] LogOutputStream:75 - [STDERR_REDIRECT] 
2026-02-03 00:38:23,671 [ERROR] LogOutputStream:75 - [STDERR_REDIRECT] Feb 03, 2026 12:38:23 AM java.util.prefs.FileSystemPreferences checkLockFile0ErrorCode
2026-02-03 00:38:23,671 [ERROR] LogOutputStream:75 - [STDERR_REDIRECT] WARNING: Could not lock System prefs. Unix error code 5.
2026-02-03 00:38:23,671 [ERROR] LogOutputStream:75 - [STDERR_REDIRECT] 
2026-02-03 00:38:23,671 [ERROR] LogOutputStream:75 - [STDERR_REDIRECT] Feb 03, 2026 12:38:23 AM java.util.prefs.FileSystemPreferences syncWorld
2026-02-03 00:38:23,671 [ERROR] LogOutputStream:75 - [STDERR_REDIRECT] WARNING: Couldn't flush system prefs: java.util.prefs.BackingStoreException: Couldn't get file lock.
2026-02-03 00:38:23,671 [ERROR] LogOutputStream:75 - [STDERR_REDIRECT] 
2026-02-03 00:38:53,671 [ERROR] LogOutputStream:75 - [STDERR_REDIRECT] Feb 03, 2026 12:38:53 AM java.util.prefs.FileSystemPreferences checkLockFile0ErrorCode
2026-02-03 00:38:53,671 [ERROR] LogOutputStream:75 - [STDERR_REDIRECT] WARNING: Could not lock System prefs. Unix error code 5.
2026-02-03 00:38:53,671 [ERROR] LogOutputStream:75 - [STDERR_REDIRECT] 
2026-02-03 00:38:53,671 [ERROR] LogOutputStream:75 - [STDERR_REDIRECT] Feb 03, 2026 12:38:53 AM java.util.prefs.FileSystemPreferences syncWorld
2026-02-03 00:38:53,671 [ERROR] LogOutputStream:75 - [STDERR_REDIRECT] WARNING: Couldn't flush system prefs: java.util.prefs.BackingStoreException: Couldn't get file lock.
2026-02-03 00:38:53,671 [ERROR] LogOutputStream:75 - [STDERR_REDIRECT] 
2026-02-03 00:39:23,671 [ERROR] LogOutputStream:75 - [STDERR_REDIRECT] Feb 03, 2026 12:39:23 AM java.util.prefs.FileSystemPreferences checkLockFile0ErrorCode
2026-02-03 00:39:23,671 [ERROR] LogOutputStream:75 - [STDERR_REDIRECT] WARNING: Could not lock System prefs. Unix error code 5.
2026-02-03 00:39:23,671 [ERROR] LogOutputStream:75 - [STDERR_REDIRECT] 
2026-02-03 00:39:23,671 [ERROR] LogOutputStream:75 - [STDERR_REDIRECT] Feb 03, 2026 12:39:23 AM java.util.prefs.FileSystemPreferences syncWorld
2026-02-03 00:39:23,671 [ERROR] LogOutputStream:75 - [STDERR_REDIRECT] WARNING: Couldn't flush system prefs: java.util.prefs.BackingStoreException: Couldn't get file lock.
2026-02-03 00:39:23,671 [ERROR] LogOutputStream:75 - [STDERR_REDIRECT] 
2026-02-03 00:39:53,671 [ERROR] LogOutputStream:75 - [STDERR_REDIRECT] Feb 03, 2026 12:39:53 AM java.util.prefs.FileSystemPreferences checkLockFile0ErrorCode
2026-02-03 00:39:53,671 [ERROR] LogOutputStream:75 - [STDERR_REDIRECT] WARNING: Could not lock System prefs. Unix error code 5.
2026-02-03 00:39:53,671 [ERROR] LogOutputStream:75 - [STDERR_REDIRECT] 
2026-02-03 00:39:53,671 [ERROR] LogOutputStream:75 - [STDERR_REDIRECT] Feb 03, 2026 12:39:53 AM java.util.prefs.FileSystemPreferences syncWorld
2026-02-03 00:39:53,671 [ERROR] LogOutputStream:75 - [STDERR_REDIRECT] WARNING: Couldn't flush system prefs: java.util.prefs.BackingStoreException: Couldn't get file lock.
2026-02-03 00:39:53,671 [ERROR] LogOutputStream:75 - [STDERR_REDIRECT] 
2026-02-03 00:40:23,671 [ERROR] LogOutputStream:75 - [STDERR_REDIRECT] Feb 03, 2026 12:40:23 AM java.util.prefs.FileSystemPreferences checkLockFile0ErrorCode
2026-02-03 00:40:23,671 [ERROR] LogOutputStream:75 - [STDERR_REDIRECT] WARNING: Could not lock System prefs. Unix error code 5.
2026-02-03 00:40:23,671 [ERROR] LogOutputStream:75 - [STDERR_REDIRECT] 
2026-02-03 00:40:23,671 [ERROR] LogOutputStream:75 - [STDERR_REDIRECT] Feb 03, 2026 12:40:23 AM java.util.prefs.FileSystemPreferences syncWorld
2026-02-03 00:40:23,671 [ERROR] LogOutputStream:75 - [STDERR_REDIRECT] WARNING: Couldn't flush system prefs: java.util.prefs.BackingStoreException: Couldn't get file lock.
2026-02-03 00:40:23,672 [ERROR] LogOutputStream:75 - [STDERR_REDIRECT] 
2026-02-03 00:40:53,670 [ERROR] LogOutputStream:75 - [STDERR_REDIRECT] Feb 03, 2026 12:40:53 AM java.util.prefs.FileSystemPreferences checkLockFile0ErrorCode
2026-02-03 00:40:53,670 [ERROR] LogOutputStream:75 - [STDERR_REDIRECT] WARNING: Could not lock System prefs. Unix error code 5.
2026-02-03 00:40:53,670 [ERROR] LogOutputStream:75 - [STDERR_REDIRECT] 
2026-02-03 00:40:53,670 [ERROR] LogOutputStream:75 - [STDERR_REDIRECT] Feb 03, 2026 12:40:53 AM java.util.prefs.FileSystemPreferences syncWorld
2026-02-03 00:40:53,671 [ERROR] LogOutputStream:75 - [STDERR_REDIRECT] WARNING: Couldn't flush system prefs: java.util.prefs.BackingStoreException: Couldn't get file lock.
2026-02-03 00:40:53,671 [ERROR] LogOutputStream:75 - [STDERR_REDIRECT] 
2026-02-03 00:41:23,670 [ERROR] LogOutputStream:75 - [STDERR_REDIRECT] Feb 03, 2026 12:41:23 AM java.util.prefs.FileSystemPreferences checkLockFile0ErrorCode
2026-02-03 00:41:23,671 [ERROR] LogOutputStream:75 - [STDERR_REDIRECT] WARNING: Could not lock System prefs. Unix error code 5.
2026-02-03 00:41:23,671 [ERROR] LogOutputStream:75 - [STDERR_REDIRECT] 
2026-02-03 00:41:23,671 [ERROR] LogOutputStream:75 - [STDERR_REDIRECT] Feb 03, 2026 12:41:23 AM java.util.prefs.FileSystemPreferences syncWorld
2026-02-03 00:41:23,671 [ERROR] LogOutputStream:75 - [STDERR_REDIRECT] WARNING: Couldn't flush system prefs: java.util.prefs.BackingStoreException: Couldn't get file lock.
2026-02-03 00:41:23,671 [ERROR] LogOutputStream:75 - [STDERR_REDIRECT] 
2026-02-03 00:41:53,671 [ERROR] LogOutputStream:75 - [STDERR_REDIRECT] Feb 03, 2026 12:41:53 AM java.util.prefs.FileSystemPreferences checkLockFile0ErrorCode
2026-02-03 00:41:53,671 [ERROR] LogOutputStream:75 - [STDERR_REDIRECT] WARNING: Could not lock System prefs. Unix error code 5.
2026-02-03 00:41:53,671 [ERROR] LogOutputStream:75 - [STDERR_REDIRECT] 
2026-02-03 00:41:53,671 [ERROR] LogOutputStream:75 - [STDERR_REDIRECT] Feb 03, 2026 12:41:53 AM java.util.prefs.FileSystemPreferences syncWorld
2026-02-03 00:41:53,671 [ERROR] LogOutputStream:75 - [STDERR_REDIRECT] WARNING: Couldn't flush system prefs: java.util.prefs.BackingStoreException: Couldn't get file lock.
2026-02-03 00:41:53,671 [ERROR] LogOutputStream:75 - [STDERR_REDIRECT] 
2026-02-03 00:42:23,671 [ERROR] LogOutputStream:75 - [STDERR_REDIRECT] Feb 03, 2026 12:42:23 AM java.util.prefs.FileSystemPreferences checkLockFile0ErrorCode
2026-02-03 00:42:23,671 [ERROR] LogOutputStream:75 - [STDERR_REDIRECT] WARNING: Could not lock System prefs. Unix error code 5.
2026-02-03 00:42:23,671 [ERROR] LogOutputStream:75 - [STDERR_REDIRECT] 
2026-02-03 00:42:23,671 [ERROR] LogOutputStream:75 - [STDERR_REDIRECT] Feb 03, 2026 12:42:23 AM java.util.prefs.FileSystemPreferences syncWorld
2026-02-03 00:42:23,671 [ERROR] LogOutputStream:75 - [STDERR_REDIRECT] WARNING: Couldn't flush system prefs: java.util.prefs.BackingStoreException: Couldn't get file lock.
2026-02-03 00:42:23,671 [ERROR] LogOutputStream:75 - [STDERR_REDIRECT] 
2026-02-03 00:42:53,671 [ERROR] LogOutputStream:75 - [STDERR_REDIRECT] Feb 03, 2026 12:42:53 AM java.util.prefs.FileSystemPreferences checkLockFile0ErrorCode
2026-02-03 00:42:53,671 [ERROR] LogOutputStream:75 - [STDERR_REDIRECT] WARNING: Could not lock System prefs. Unix error code 5.
2026-02-03 00:42:53,671 [ERROR] LogOutputStream:75 - [STDERR_REDIRECT] 
2026-02-03 00:42:53,672 [ERROR] LogOutputStream:75 - [STDERR_REDIRECT] Feb 03, 2026 12:42:53 AM java.util.prefs.FileSystemPreferences syncWorld
2026-02-03 00:42:53,672 [ERROR] LogOutputStream:75 - [STDERR_REDIRECT] WARNING: Couldn't flush system prefs: java.util.prefs.BackingStoreException: Couldn't get file lock.
2026-02-03 00:42:53,672 [ERROR] LogOutputStream:75 - [STDERR_REDIRECT] 
2026-02-03 00:43:23,670 [ERROR] LogOutputStream:75 - [STDERR_REDIRECT] Feb 03, 2026 12:43:23 AM java.util.prefs.FileSystemPreferences checkLockFile0ErrorCode
2026-02-03 00:43:23,670 [ERROR] LogOutputStream:75 - [STDERR_REDIRECT] WARNING: Could not lock System prefs. Unix error code 5.
2026-02-03 00:43:23,670 [ERROR] LogOutputStream:75 - [STDERR_REDIRECT] 
2026-02-03 00:43:23,671 [ERROR] LogOutputStream:75 - [STDERR_REDIRECT] Feb 03, 2026 12:43:23 AM java.util.prefs.FileSystemPreferences syncWorld
2026-02-03 00:43:23,671 [ERROR] LogOutputStream:75 - [STDERR_REDIRECT] WARNING: Couldn't flush system prefs: java.util.prefs.BackingStoreException: Couldn't get file lock.
2026-02-03 00:43:23,671 [ERROR] LogOutputStream:75 - [STDERR_REDIRECT] 
2026-02-03 00:43:53,670 [ERROR] LogOutputStream:75 - [STDERR_REDIRECT] Feb 03, 2026 12:43:53 AM java.util.prefs.FileSystemPreferences checkLockFile0ErrorCode
2026-02-03 00:43:53,670 [ERROR] LogOutputStream:75 - [STDERR_REDIRECT] WARNING: Could not lock System prefs. Unix error code 5.
2026-02-03 00:43:53,671 [ERROR] LogOutputStream:75 - [STDERR_REDIRECT] 
2026-02-03 00:43:53,671 [ERROR] LogOutputStream:75 - [STDERR_REDIRECT] Feb 03, 2026 12:43:53 AM java.util.prefs.FileSystemPreferences syncWorld
2026-02-03 00:43:53,671 [ERROR] LogOutputStream:75 - [STDERR_REDIRECT] WARNING: Couldn't flush system prefs: java.util.prefs.BackingStoreException: Couldn't get file lock.
2026-02-03 00:43:53,671 [ERROR] LogOutputStream:75 - [STDERR_REDIRECT] 
2026-02-03 00:44:23,671 [ERROR] LogOutputStream:75 - [STDERR_REDIRECT] Feb 03, 2026 12:44:23 AM java.util.prefs.FileSystemPreferences checkLockFile0ErrorCode
2026-02-03 00:44:23,671 [ERROR] LogOutputStream:75 - [STDERR_REDIRECT] WARNING: Could not lock System prefs. Unix error code 5.
2026-02-03 00:44:23,671 [ERROR] LogOutputStream:75 - [STDERR_REDIRECT] 
2026-02-03 00:44:23,671 [ERROR] LogOutputStream:75 - [STDERR_REDIRECT] Feb 03, 2026 12:44:23 AM java.util.prefs.FileSystemPreferences syncWorld
2026-02-03 00:44:23,671 [ERROR] LogOutputStream:75 - [STDERR_REDIRECT] WARNING: Couldn't flush system prefs: java.util.prefs.BackingStoreException: Couldn't get file lock.
2026-02-03 00:44:23,671 [ERROR] LogOutputStream:75 - [STDERR_REDIRECT] 
2026-02-03 00:44:53,671 [ERROR] LogOutputStream:75 - [STDERR_REDIRECT] Feb 03, 2026 12:44:53 AM java.util.prefs.FileSystemPreferences checkLockFile0ErrorCode
2026-02-03 00:44:53,671 [ERROR] LogOutputStream:75 - [STDERR_REDIRECT] WARNING: Could not lock System prefs. Unix error code 5.
2026-02-03 00:44:53,671 [ERROR] LogOutputStream:75 - [STDERR_REDIRECT] 
2026-02-03 00:44:53,671 [ERROR] LogOutputStream:75 - [STDERR_REDIRECT] Feb 03, 2026 12:44:53 AM java.util.prefs.FileSystemPreferences syncWorld
2026-02-03 00:44:53,671 [ERROR] LogOutputStream:75 - [STDERR_REDIRECT] WARNING: Couldn't flush system prefs: java.util.prefs.BackingStoreException: Couldn't get file lock.
2026-02-03 00:44:53,671 [ERROR] LogOutputStream:75 - [STDERR_REDIRECT] 
2026-02-03 00:45:23,672 [ERROR] LogOutputStream:75 - [STDERR_REDIRECT] Feb 03, 2026 12:45:23 AM java.util.prefs.FileSystemPreferences checkLockFile0ErrorCode
2026-02-03 00:45:23,672 [ERROR] LogOutputStream:75 - [STDERR_REDIRECT] WARNING: Could not lock System prefs. Unix error code 5.
2026-02-03 00:45:23,672 [ERROR] LogOutputStream:75 - [STDERR_REDIRECT] 
2026-02-03 00:45:23,672 [ERROR] LogOutputStream:75 - [STDERR_REDIRECT] Feb 03, 2026 12:45:23 AM java.util.prefs.FileSystemPreferences syncWorld
2026-02-03 00:45:23,672 [ERROR] LogOutputStream:75 - [STDERR_REDIRECT] WARNING: Couldn't flush system prefs: java.util.prefs.BackingStoreException: Couldn't get file lock.
2026-02-03 00:45:23,672 [ERROR] LogOutputStream:75 - [STDERR_REDIRECT] 
2026-02-03 00:45:53,672 [ERROR] LogOutputStream:75 - [STDERR_REDIRECT] Feb 03, 2026 12:45:53 AM java.util.prefs.FileSystemPreferences checkLockFile0ErrorCode
2026-02-03 00:45:53,672 [ERROR] LogOutputStream:75 - [STDERR_REDIRECT] WARNING: Could not lock System prefs. Unix error code 5.
2026-02-03 00:45:53,672 [ERROR] LogOutputStream:75 - [STDERR_REDIRECT] 
2026-02-03 00:45:53,673 [ERROR] LogOutputStream:75 - [STDERR_REDIRECT] Feb 03, 2026 12:45:53 AM java.util.prefs.FileSystemPreferences syncWorld
2026-02-03 00:45:53,673 [ERROR] LogOutputStream:75 - [STDERR_REDIRECT] WARNING: Couldn't flush system prefs: java.util.prefs.BackingStoreException: Couldn't get file lock.
2026-02-03 00:45:53,673 [ERROR] LogOutputStream:75 - [STDERR_REDIRECT] 
2026-02-03 00:46:23,672 [ERROR] LogOutputStream:75 - [STDERR_REDIRECT] Feb 03, 2026 12:46:23 AM java.util.prefs.FileSystemPreferences checkLockFile0ErrorCode
2026-02-03 00:46:23,672 [ERROR] LogOutputStream:75 - [STDERR_REDIRECT] WARNING: Could not lock System prefs. Unix error code 5.
2026-02-03 00:46:23,672 [ERROR] LogOutputStream:75 - [STDERR_REDIRECT] 
2026-02-03 00:46:23,673 [ERROR] LogOutputStream:75 - [STDERR_REDIRECT] Feb 03, 2026 12:46:23 AM java.util.prefs.FileSystemPreferences syncWorld
2026-02-03 00:46:23,673 [ERROR] LogOutputStream:75 - [STDERR_REDIRECT] WARNING: Couldn't flush system prefs: java.util.prefs.BackingStoreException: Couldn't get file lock.
2026-02-03 00:46:23,673 [ERROR] LogOutputStream:75 - [STDERR_REDIRECT] 
2026-02-03 00:46:53,674 [ERROR] LogOutputStream:75 - [STDERR_REDIRECT] Feb 03, 2026 12:46:53 AM java.util.prefs.FileSystemPreferences checkLockFile0ErrorCode
2026-02-03 00:46:53,674 [ERROR] LogOutputStream:75 - [STDERR_REDIRECT] WARNING: Could not lock System prefs. Unix error code 5.
2026-02-03 00:46:53,674 [ERROR] LogOutputStream:75 - [STDERR_REDIRECT] 
2026-02-03 00:46:53,674 [ERROR] LogOutputStream:75 - [STDERR_REDIRECT] Feb 03, 2026 12:46:53 AM java.util.prefs.FileSystemPreferences syncWorld
2026-02-03 00:46:53,674 [ERROR] LogOutputStream:75 - [STDERR_REDIRECT] WARNING: Couldn't flush system prefs: java.util.prefs.BackingStoreException: Couldn't get file lock.
2026-02-03 00:46:53,675 [ERROR] LogOutputStream:75 - [STDERR_REDIRECT] 
2026-02-03 00:47:23,672 [ERROR] LogOutputStream:75 - [STDERR_REDIRECT] Feb 03, 2026 12:47:23 AM java.util.prefs.FileSystemPreferences checkLockFile0ErrorCode
2026-02-03 00:47:23,672 [ERROR] LogOutputStream:75 - [STDERR_REDIRECT] WARNING: Could not lock System prefs. Unix error code 5.
2026-02-03 00:47:23,672 [ERROR] LogOutputStream:75 - [STDERR_REDIRECT] 
2026-02-03 00:47:23,673 [ERROR] LogOutputStream:75 - [STDERR_REDIRECT] Feb 03, 2026 12:47:23 AM java.util.prefs.FileSystemPreferences syncWorld
2026-02-03 00:47:23,673 [ERROR] LogOutputStream:75 - [STDERR_REDIRECT] WARNING: Couldn't flush system prefs: java.util.prefs.BackingStoreException: Couldn't get file lock.
2026-02-03 00:47:23,673 [ERROR] LogOutputStream:75 - [STDERR_REDIRECT] 
2026-02-03 00:47:53,673 [ERROR] LogOutputStream:75 - [STDERR_REDIRECT] Feb 03, 2026 12:47:53 AM java.util.prefs.FileSystemPreferences checkLockFile0ErrorCode
2026-02-03 00:47:53,673 [ERROR] LogOutputStream:75 - [STDERR_REDIRECT] WARNING: Could not lock System prefs. Unix error code 5.
2026-02-03 00:47:53,673 [ERROR] LogOutputStream:75 - [STDERR_REDIRECT] 
2026-02-03 00:47:53,673 [ERROR] LogOutputStream:75 - [STDERR_REDIRECT] Feb 03, 2026 12:47:53 AM java.util.prefs.FileSystemPreferences syncWorld
2026-02-03 00:47:53,673 [ERROR] LogOutputStream:75 - [STDERR_REDIRECT] WARNING: Couldn't flush system prefs: java.util.prefs.BackingStoreException: Couldn't get file lock.
2026-02-03 00:47:53,673 [ERROR] LogOutputStream:75 - [STDERR_REDIRECT] 
2026-02-03 00:48:23,673 [ERROR] LogOutputStream:75 - [STDERR_REDIRECT] Feb 03, 2026 12:48:23 AM java.util.prefs.FileSystemPreferences checkLockFile0ErrorCode
2026-02-03 00:48:23,673 [ERROR] LogOutputStream:75 - [STDERR_REDIRECT] WARNING: Could not lock System prefs. Unix error code 5.
2026-02-03 00:48:23,673 [ERROR] LogOutputStream:75 - [STDERR_REDIRECT] 
2026-02-03 00:48:23,673 [ERROR] LogOutputStream:75 - [STDERR_REDIRECT] Feb 03, 2026 12:48:23 AM java.util.prefs.FileSystemPreferences syncWorld
2026-02-03 00:48:23,673 [ERROR] LogOutputStream:75 - [STDERR_REDIRECT] WARNING: Couldn't flush system prefs: java.util.prefs.BackingStoreException: Couldn't get file lock.
2026-02-03 00:48:23,673 [ERROR] LogOutputStream:75 - [STDERR_REDIRECT] 
2026-02-03 00:48:53,673 [ERROR] LogOutputStream:75 - [STDERR_REDIRECT] Feb 03, 2026 12:48:53 AM java.util.prefs.FileSystemPreferences checkLockFile0ErrorCode
2026-02-03 00:48:53,673 [ERROR] LogOutputStream:75 - [STDERR_REDIRECT] WARNING: Could not lock System prefs. Unix error code 5.
2026-02-03 00:48:53,673 [ERROR] LogOutputStream:75 - [STDERR_REDIRECT] 
2026-02-03 00:48:53,673 [ERROR] LogOutputStream:75 - [STDERR_REDIRECT] Feb 03, 2026 12:48:53 AM java.util.prefs.FileSystemPreferences syncWorld
2026-02-03 00:48:53,673 [ERROR] LogOutputStream:75 - [STDERR_REDIRECT] WARNING: Couldn't flush system prefs: java.util.prefs.BackingStoreException: Couldn't get file lock.
2026-02-03 00:48:53,673 [ERROR] LogOutputStream:75 - [STDERR_REDIRECT] 
