2025-11-23 22:49:51,447 [ERROR] LogOutputStream:75 - [STDERR_REDIRECT] Nov 23, 2025 10:49:51 PM java.util.prefs.FileSystemPreferences checkLockFile0ErrorCode
2025-11-23 22:49:51,449 [ERROR] LogOutputStream:75 - [STDERR_REDIRECT] WARNING: Could not lock System prefs. Unix error code 5.
2025-11-23 22:49:51,449 [ERROR] LogOutputStream:75 - [STDERR_REDIRECT] 
2025-11-23 22:49:51,449 [ERROR] LogOutputStream:75 - [STDERR_REDIRECT] Nov 23, 2025 10:49:51 PM java.util.prefs.FileSystemPreferences syncWorld
2025-11-23 22:49:51,449 [ERROR] LogOutputStream:75 - [STDERR_REDIRECT] WARNING: Couldn't flush system prefs: java.util.prefs.BackingStoreException: Couldn't get file lock.
2025-11-23 22:49:51,449 [ERROR] LogOutputStream:75 - [STDERR_REDIRECT] 
2025-11-23 23:08:45,021 [ERROR] LogOutputStream:75 - [STDERR_REDIRECT] Nov 23, 2025 11:08:45 PM java.util.prefs.FileSystemPreferences checkLockFile0ErrorCode
2025-11-23 23:08:45,021 [ERROR] LogOutputStream:75 - [STDERR_REDIRECT] WARNING: Could not lock System prefs. Unix error code 5.
2025-11-23 23:08:45,022 [ERROR] LogOutputStream:75 - [STDERR_REDIRECT] 
2025-11-23 23:08:45,022 [ERROR] LogOutputStream:75 - [STDERR_REDIRECT] Nov 23, 2025 11:08:45 PM java.util.prefs.FileSystemPreferences syncWorld
2025-11-23 23:08:45,022 [ERROR] LogOutputStream:75 - [STDERR_REDIRECT] WARNING: Couldn't flush system prefs: java.util.prefs.BackingStoreException: Couldn't get file lock.
2025-11-23 23:08:45,022 [ERROR] LogOutputStream:75 - [STDERR_REDIRECT] 
2025-11-23 23:09:15,020 [ERROR] LogOutputStream:75 - [STDERR_REDIRECT] Nov 23, 2025 11:09:15 PM java.util.prefs.FileSystemPreferences checkLockFile0ErrorCode
2025-11-23 23:09:15,020 [ERROR] LogOutputStream:75 - [STDERR_REDIRECT] WARNING: Could not lock System prefs. Unix error code 5.
2025-11-23 23:09:15,020 [ERROR] LogOutputStream:75 - [STDERR_REDIRECT] 
2025-11-23 23:09:15,020 [ERROR] LogOutputStream:75 - [STDERR_REDIRECT] Nov 23, 2025 11:09:15 PM java.util.prefs.FileSystemPreferences syncWorld
2025-11-23 23:09:15,020 [ERROR] LogOutputStream:75 - [STDERR_REDIRECT] WARNING: Couldn't flush system prefs: java.util.prefs.BackingStoreException: Couldn't get file lock.
2025-11-23 23:09:15,020 [ERROR] LogOutputStream:75 - [STDERR_REDIRECT] 
2025-11-23 23:09:45,018 [ERROR] LogOutputStream:75 - [STDERR_REDIRECT] Nov 23, 2025 11:09:45 PM java.util.prefs.FileSystemPreferences checkLockFile0ErrorCode
2025-11-23 23:09:45,018 [ERROR] LogOutputStream:75 - [STDERR_REDIRECT] WARNING: Could not lock System prefs. Unix error code 5.
2025-11-23 23:09:45,018 [ERROR] LogOutputStream:75 - [STDERR_REDIRECT] 
2025-11-23 23:09:45,019 [ERROR] LogOutputStream:75 - [STDERR_REDIRECT] Nov 23, 2025 11:09:45 PM java.util.prefs.FileSystemPreferences syncWorld
2025-11-23 23:09:45,019 [ERROR] LogOutputStream:75 - [STDERR_REDIRECT] WARNING: Couldn't flush system prefs: java.util.prefs.BackingStoreException: Couldn't get file lock.
2025-11-23 23:09:45,019 [ERROR] LogOutputStream:75 - [STDERR_REDIRECT] 
2025-11-23 23:10:15,018 [ERROR] LogOutputStream:75 - [STDERR_REDIRECT] Nov 23, 2025 11:10:15 PM java.util.prefs.FileSystemPreferences checkLockFile0ErrorCode
2025-11-23 23:10:15,018 [ERROR] LogOutputStream:75 - [STDERR_REDIRECT] WARNING: Could not lock System prefs. Unix error code 5.
2025-11-23 23:10:15,018 [ERROR] LogOutputStream:75 - [STDERR_REDIRECT] 
2025-11-23 23:10:15,018 [ERROR] LogOutputStream:75 - [STDERR_REDIRECT] Nov 23, 2025 11:10:15 PM java.util.prefs.FileSystemPreferences syncWorld
2025-11-23 23:10:15,018 [ERROR] LogOutputStream:75 - [STDERR_REDIRECT] WARNING: Couldn't flush system prefs: java.util.prefs.BackingStoreException: Couldn't get file lock.
2025-11-23 23:10:15,019 [ERROR] LogOutputStream:75 - [STDERR_REDIRECT] 
2025-11-23 23:10:45,017 [ERROR] LogOutputStream:75 - [STDERR_REDIRECT] Nov 23, 2025 11:10:45 PM java.util.prefs.FileSystemPreferences checkLockFile0ErrorCode
2025-11-23 23:10:45,017 [ERROR] LogOutputStream:75 - [STDERR_REDIRECT] WARNING: Could not lock System prefs. Unix error code 5.
2025-11-23 23:10:45,017 [ERROR] LogOutputStream:75 - [STDERR_REDIRECT] 
2025-11-23 23:10:45,018 [ERROR] LogOutputStream:75 - [STDERR_REDIRECT] Nov 23, 2025 11:10:45 PM java.util.prefs.FileSystemPreferences syncWorld
2025-11-23 23:10:45,018 [ERROR] LogOutputStream:75 - [STDERR_REDIRECT] WARNING: Couldn't flush system prefs: java.util.prefs.BackingStoreException: Couldn't get file lock.
2025-11-23 23:10:45,018 [ERROR] LogOutputStream:75 - [STDERR_REDIRECT] 
2025-11-23 23:11:15,018 [ERROR] LogOutputStream:75 - [STDERR_REDIRECT] Nov 23, 2025 11:11:15 PM java.util.prefs.FileSystemPreferences checkLockFile0ErrorCode
2025-11-23 23:11:15,018 [ERROR] LogOutputStream:75 - [STDERR_REDIRECT] WARNING: Could not lock System prefs. Unix error code 5.
2025-11-23 23:11:15,018 [ERROR] LogOutputStream:75 - [STDERR_REDIRECT] 
2025-11-23 23:11:15,018 [ERROR] LogOutputStream:75 - [STDERR_REDIRECT] Nov 23, 2025 11:11:15 PM java.util.prefs.FileSystemPreferences syncWorld
2025-11-23 23:11:15,018 [ERROR] LogOutputStream:75 - [STDERR_REDIRECT] WARNING: Couldn't flush system prefs: java.util.prefs.BackingStoreException: Couldn't get file lock.
2025-11-23 23:11:15,018 [ERROR] LogOutputStream:75 - [STDERR_REDIRECT] 
2025-11-23 23:11:45,018 [ERROR] LogOutputStream:75 - [STDERR_REDIRECT] Nov 23, 2025 11:11:45 PM java.util.prefs.FileSystemPreferences checkLockFile0ErrorCode
2025-11-23 23:11:45,018 [ERROR] LogOutputStream:75 - [STDERR_REDIRECT] WARNING: Could not lock System prefs. Unix error code 5.
2025-11-23 23:11:45,018 [ERROR] LogOutputStream:75 - [STDERR_REDIRECT] 
2025-11-23 23:11:45,018 [ERROR] LogOutputStream:75 - [STDERR_REDIRECT] Nov 23, 2025 11:11:45 PM java.util.prefs.FileSystemPreferences syncWorld
2025-11-23 23:11:45,018 [ERROR] LogOutputStream:75 - [STDERR_REDIRECT] WARNING: Couldn't flush system prefs: java.util.prefs.BackingStoreException: Couldn't get file lock.
2025-11-23 23:11:45,018 [ERROR] LogOutputStream:75 - [STDERR_REDIRECT] 
2025-11-23 23:12:15,018 [ERROR] LogOutputStream:75 - [STDERR_REDIRECT] Nov 23, 2025 11:12:15 PM java.util.prefs.FileSystemPreferences checkLockFile0ErrorCode
2025-11-23 23:12:15,018 [ERROR] LogOutputStream:75 - [STDERR_REDIRECT] WARNING: Could not lock System prefs. Unix error code 5.
2025-11-23 23:12:15,018 [ERROR] LogOutputStream:75 - [STDERR_REDIRECT] 
2025-11-23 23:12:15,018 [ERROR] LogOutputStream:75 - [STDERR_REDIRECT] Nov 23, 2025 11:12:15 PM java.util.prefs.FileSystemPreferences syncWorld
2025-11-23 23:12:15,018 [ERROR] LogOutputStream:75 - [STDERR_REDIRECT] WARNING: Couldn't flush system prefs: java.util.prefs.BackingStoreException: Couldn't get file lock.
2025-11-23 23:12:15,018 [ERROR] LogOutputStream:75 - [STDERR_REDIRECT] 
2025-11-23 23:12:45,019 [ERROR] LogOutputStream:75 - [STDERR_REDIRECT] Nov 23, 2025 11:12:45 PM java.util.prefs.FileSystemPreferences checkLockFile0ErrorCode
2025-11-23 23:12:45,019 [ERROR] LogOutputStream:75 - [STDERR_REDIRECT] WARNING: Could not lock System prefs. Unix error code 5.
2025-11-23 23:12:45,019 [ERROR] LogOutputStream:75 - [STDERR_REDIRECT] 
2025-11-23 23:12:45,019 [ERROR] LogOutputStream:75 - [STDERR_REDIRECT] Nov 23, 2025 11:12:45 PM java.util.prefs.FileSystemPreferences syncWorld
2025-11-23 23:12:45,019 [ERROR] LogOutputStream:75 - [STDERR_REDIRECT] WARNING: Couldn't flush system prefs: java.util.prefs.BackingStoreException: Couldn't get file lock.
2025-11-23 23:12:45,019 [ERROR] LogOutputStream:75 - [STDERR_REDIRECT] 
2025-11-23 23:13:15,018 [ERROR] LogOutputStream:75 - [STDERR_REDIRECT] Nov 23, 2025 11:13:15 PM java.util.prefs.FileSystemPreferences checkLockFile0ErrorCode
2025-11-23 23:13:15,018 [ERROR] LogOutputStream:75 - [STDERR_REDIRECT] WARNING: Could not lock System prefs. Unix error code 5.
2025-11-23 23:13:15,020 [ERROR] LogOutputStream:75 - [STDERR_REDIRECT] 
2025-11-23 23:13:15,035 [ERROR] LogOutputStream:75 - [STDERR_REDIRECT] Nov 23, 2025 11:13:15 PM java.util.prefs.FileSystemPreferences syncWorld
2025-11-23 23:13:15,035 [ERROR] LogOutputStream:75 - [STDERR_REDIRECT] WARNING: Couldn't flush system prefs: java.util.prefs.BackingStoreException: Couldn't get file lock.
2025-11-23 23:13:15,036 [ERROR] LogOutputStream:75 - [STDERR_REDIRECT] 
2025-11-23 23:13:45,017 [ERROR] LogOutputStream:75 - [STDERR_REDIRECT] Nov 23, 2025 11:13:45 PM java.util.prefs.FileSystemPreferences checkLockFile0ErrorCode
2025-11-23 23:13:45,017 [ERROR] LogOutputStream:75 - [STDERR_REDIRECT] WARNING: Could not lock System prefs. Unix error code 5.
2025-11-23 23:13:45,017 [ERROR] LogOutputStream:75 - [STDERR_REDIRECT] 
2025-11-23 23:13:45,018 [ERROR] LogOutputStream:75 - [STDERR_REDIRECT] Nov 23, 2025 11:13:45 PM java.util.prefs.FileSystemPreferences syncWorld
2025-11-23 23:13:45,018 [ERROR] LogOutputStream:75 - [STDERR_REDIRECT] WARNING: Couldn't flush system prefs: java.util.prefs.BackingStoreException: Couldn't get file lock.
2025-11-23 23:13:45,018 [ERROR] LogOutputStream:75 - [STDERR_REDIRECT] 
2025-11-23 23:14:15,017 [ERROR] LogOutputStream:75 - [STDERR_REDIRECT] Nov 23, 2025 11:14:15 PM java.util.prefs.FileSystemPreferences checkLockFile0ErrorCode
2025-11-23 23:14:15,018 [ERROR] LogOutputStream:75 - [STDERR_REDIRECT] WARNING: Could not lock System prefs. Unix error code 5.
2025-11-23 23:14:15,018 [ERROR] LogOutputStream:75 - [STDERR_REDIRECT] 
2025-11-23 23:14:15,018 [ERROR] LogOutputStream:75 - [STDERR_REDIRECT] Nov 23, 2025 11:14:15 PM java.util.prefs.FileSystemPreferences syncWorld
2025-11-23 23:14:15,018 [ERROR] LogOutputStream:75 - [STDERR_REDIRECT] WARNING: Couldn't flush system prefs: java.util.prefs.BackingStoreException: Couldn't get file lock.
2025-11-23 23:14:15,018 [ERROR] LogOutputStream:75 - [STDERR_REDIRECT] 
2025-11-23 23:14:45,018 [ERROR] LogOutputStream:75 - [STDERR_REDIRECT] Nov 23, 2025 11:14:45 PM java.util.prefs.FileSystemPreferences checkLockFile0ErrorCode
2025-11-23 23:14:45,018 [ERROR] LogOutputStream:75 - [STDERR_REDIRECT] WARNING: Could not lock System prefs. Unix error code 5.
2025-11-23 23:14:45,018 [ERROR] LogOutputStream:75 - [STDERR_REDIRECT] 
2025-11-23 23:14:45,018 [ERROR] LogOutputStream:75 - [STDERR_REDIRECT] Nov 23, 2025 11:14:45 PM java.util.prefs.FileSystemPreferences syncWorld
2025-11-23 23:14:45,018 [ERROR] LogOutputStream:75 - [STDERR_REDIRECT] WARNING: Couldn't flush system prefs: java.util.prefs.BackingStoreException: Couldn't get file lock.
2025-11-23 23:14:45,018 [ERROR] LogOutputStream:75 - [STDERR_REDIRECT] 
2025-11-23 23:15:15,018 [ERROR] LogOutputStream:75 - [STDERR_REDIRECT] Nov 23, 2025 11:15:15 PM java.util.prefs.FileSystemPreferences checkLockFile0ErrorCode
2025-11-23 23:15:15,018 [ERROR] LogOutputStream:75 - [STDERR_REDIRECT] WARNING: Could not lock System prefs. Unix error code 5.
2025-11-23 23:15:15,018 [ERROR] LogOutputStream:75 - [STDERR_REDIRECT] 
2025-11-23 23:15:15,018 [ERROR] LogOutputStream:75 - [STDERR_REDIRECT] Nov 23, 2025 11:15:15 PM java.util.prefs.FileSystemPreferences syncWorld
2025-11-23 23:15:15,018 [ERROR] LogOutputStream:75 - [STDERR_REDIRECT] WARNING: Couldn't flush system prefs: java.util.prefs.BackingStoreException: Couldn't get file lock.
2025-11-23 23:15:15,018 [ERROR] LogOutputStream:75 - [STDERR_REDIRECT] 
2025-11-23 23:15:45,018 [ERROR] LogOutputStream:75 - [STDERR_REDIRECT] Nov 23, 2025 11:15:45 PM java.util.prefs.FileSystemPreferences checkLockFile0ErrorCode
2025-11-23 23:15:45,018 [ERROR] LogOutputStream:75 - [STDERR_REDIRECT] WARNING: Could not lock System prefs. Unix error code 5.
2025-11-23 23:15:45,018 [ERROR] LogOutputStream:75 - [STDERR_REDIRECT] 
2025-11-23 23:15:45,018 [ERROR] LogOutputStream:75 - [STDERR_REDIRECT] Nov 23, 2025 11:15:45 PM java.util.prefs.FileSystemPreferences syncWorld
2025-11-23 23:15:45,018 [ERROR] LogOutputStream:75 - [STDERR_REDIRECT] WARNING: Couldn't flush system prefs: java.util.prefs.BackingStoreException: Couldn't get file lock.
2025-11-23 23:15:45,018 [ERROR] LogOutputStream:75 - [STDERR_REDIRECT] 
2025-11-23 23:16:15,018 [ERROR] LogOutputStream:75 - [STDERR_REDIRECT] Nov 23, 2025 11:16:15 PM java.util.prefs.FileSystemPreferences checkLockFile0ErrorCode
2025-11-23 23:16:15,018 [ERROR] LogOutputStream:75 - [STDERR_REDIRECT] WARNING: Could not lock System prefs. Unix error code 5.
2025-11-23 23:16:15,019 [ERROR] LogOutputStream:75 - [STDERR_REDIRECT] 
2025-11-23 23:16:15,019 [ERROR] LogOutputStream:75 - [STDERR_REDIRECT] Nov 23, 2025 11:16:15 PM java.util.prefs.FileSystemPreferences syncWorld
2025-11-23 23:16:15,019 [ERROR] LogOutputStream:75 - [STDERR_REDIRECT] WARNING: Couldn't flush system prefs: java.util.prefs.BackingStoreException: Couldn't get file lock.
2025-11-23 23:16:15,019 [ERROR] LogOutputStream:75 - [STDERR_REDIRECT] 
2025-11-23 23:16:45,018 [ERROR] LogOutputStream:75 - [STDERR_REDIRECT] Nov 23, 2025 11:16:45 PM java.util.prefs.FileSystemPreferences checkLockFile0ErrorCode
2025-11-23 23:16:45,018 [ERROR] LogOutputStream:75 - [STDERR_REDIRECT] WARNING: Could not lock System prefs. Unix error code 5.
2025-11-23 23:16:45,018 [ERROR] LogOutputStream:75 - [STDERR_REDIRECT] 
2025-11-23 23:16:45,018 [ERROR] LogOutputStream:75 - [STDERR_REDIRECT] Nov 23, 2025 11:16:45 PM java.util.prefs.FileSystemPreferences syncWorld
2025-11-23 23:16:45,018 [ERROR] LogOutputStream:75 - [STDERR_REDIRECT] WARNING: Couldn't flush system prefs: java.util.prefs.BackingStoreException: Couldn't get file lock.
2025-11-23 23:16:45,018 [ERROR] LogOutputStream:75 - [STDERR_REDIRECT] 
2025-11-23 23:17:15,018 [ERROR] LogOutputStream:75 - [STDERR_REDIRECT] Nov 23, 2025 11:17:15 PM java.util.prefs.FileSystemPreferences checkLockFile0ErrorCode
2025-11-23 23:17:15,018 [ERROR] LogOutputStream:75 - [STDERR_REDIRECT] WARNING: Could not lock System prefs. Unix error code 5.
2025-11-23 23:17:15,018 [ERROR] LogOutputStream:75 - [STDERR_REDIRECT] 
2025-11-23 23:17:15,018 [ERROR] LogOutputStream:75 - [STDERR_REDIRECT] Nov 23, 2025 11:17:15 PM java.util.prefs.FileSystemPreferences syncWorld
2025-11-23 23:17:15,018 [ERROR] LogOutputStream:75 - [STDERR_REDIRECT] WARNING: Couldn't flush system prefs: java.util.prefs.BackingStoreException: Couldn't get file lock.
2025-11-23 23:17:15,018 [ERROR] LogOutputStream:75 - [STDERR_REDIRECT] 
2025-11-23 23:17:45,018 [ERROR] LogOutputStream:75 - [STDERR_REDIRECT] Nov 23, 2025 11:17:45 PM java.util.prefs.FileSystemPreferences checkLockFile0ErrorCode
2025-11-23 23:17:45,018 [ERROR] LogOutputStream:75 - [STDERR_REDIRECT] WARNING: Could not lock System prefs. Unix error code 5.
2025-11-23 23:17:45,018 [ERROR] LogOutputStream:75 - [STDERR_REDIRECT] 
2025-11-23 23:17:45,018 [ERROR] LogOutputStream:75 - [STDERR_REDIRECT] Nov 23, 2025 11:17:45 PM java.util.prefs.FileSystemPreferences syncWorld
2025-11-23 23:17:45,018 [ERROR] LogOutputStream:75 - [STDERR_REDIRECT] WARNING: Couldn't flush system prefs: java.util.prefs.BackingStoreException: Couldn't get file lock.
2025-11-23 23:17:45,018 [ERROR] LogOutputStream:75 - [STDERR_REDIRECT] 
2025-11-23 23:18:15,018 [ERROR] LogOutputStream:75 - [STDERR_REDIRECT] Nov 23, 2025 11:18:15 PM java.util.prefs.FileSystemPreferences checkLockFile0ErrorCode
2025-11-23 23:18:15,018 [ERROR] LogOutputStream:75 - [STDERR_REDIRECT] WARNING: Could not lock System prefs. Unix error code 5.
2025-11-23 23:18:15,018 [ERROR] LogOutputStream:75 - [STDERR_REDIRECT] 
2025-11-23 23:18:15,018 [ERROR] LogOutputStream:75 - [STDERR_REDIRECT] Nov 23, 2025 11:18:15 PM java.util.prefs.FileSystemPreferences syncWorld
2025-11-23 23:18:15,018 [ERROR] LogOutputStream:75 - [STDERR_REDIRECT] WARNING: Couldn't flush system prefs: java.util.prefs.BackingStoreException: Couldn't get file lock.
2025-11-23 23:18:15,018 [ERROR] LogOutputStream:75 - [STDERR_REDIRECT] 
2025-11-23 23:18:45,018 [ERROR] LogOutputStream:75 - [STDERR_REDIRECT] Nov 23, 2025 11:18:45 PM java.util.prefs.FileSystemPreferences checkLockFile0ErrorCode
2025-11-23 23:18:45,019 [ERROR] LogOutputStream:75 - [STDERR_REDIRECT] WARNING: Could not lock System prefs. Unix error code 5.
2025-11-23 23:18:45,019 [ERROR] LogOutputStream:75 - [STDERR_REDIRECT] 
2025-11-23 23:18:45,019 [ERROR] LogOutputStream:75 - [STDERR_REDIRECT] Nov 23, 2025 11:18:45 PM java.util.prefs.FileSystemPreferences syncWorld
2025-11-23 23:18:45,019 [ERROR] LogOutputStream:75 - [STDERR_REDIRECT] WARNING: Couldn't flush system prefs: java.util.prefs.BackingStoreException: Couldn't get file lock.
2025-11-23 23:18:45,019 [ERROR] LogOutputStream:75 - [STDERR_REDIRECT] 
2025-11-23 23:19:15,019 [ERROR] LogOutputStream:75 - [STDERR_REDIRECT] Nov 23, 2025 11:19:15 PM java.util.prefs.FileSystemPreferences checkLockFile0ErrorCode
2025-11-23 23:19:15,019 [ERROR] LogOutputStream:75 - [STDERR_REDIRECT] WARNING: Could not lock System prefs. Unix error code 5.
2025-11-23 23:19:15,019 [ERROR] LogOutputStream:75 - [STDERR_REDIRECT] 
2025-11-23 23:19:15,019 [ERROR] LogOutputStream:75 - [STDERR_REDIRECT] Nov 23, 2025 11:19:15 PM java.util.prefs.FileSystemPreferences syncWorld
2025-11-23 23:19:15,019 [ERROR] LogOutputStream:75 - [STDERR_REDIRECT] WARNING: Couldn't flush system prefs: java.util.prefs.BackingStoreException: Couldn't get file lock.
2025-11-23 23:19:15,019 [ERROR] LogOutputStream:75 - [STDERR_REDIRECT] 
2025-11-23 23:19:45,019 [ERROR] LogOutputStream:75 - [STDERR_REDIRECT] Nov 23, 2025 11:19:45 PM java.util.prefs.FileSystemPreferences checkLockFile0ErrorCode
2025-11-23 23:19:45,019 [ERROR] LogOutputStream:75 - [STDERR_REDIRECT] WARNING: Could not lock System prefs. Unix error code 5.
2025-11-23 23:19:45,019 [ERROR] LogOutputStream:75 - [STDERR_REDIRECT] 
2025-11-23 23:19:45,019 [ERROR] LogOutputStream:75 - [STDERR_REDIRECT] Nov 23, 2025 11:19:45 PM java.util.prefs.FileSystemPreferences syncWorld
2025-11-23 23:19:45,019 [ERROR] LogOutputStream:75 - [STDERR_REDIRECT] WARNING: Couldn't flush system prefs: java.util.prefs.BackingStoreException: Couldn't get file lock.
2025-11-23 23:19:45,019 [ERROR] LogOutputStream:75 - [STDERR_REDIRECT] 
2025-11-23 23:20:15,019 [ERROR] LogOutputStream:75 - [STDERR_REDIRECT] Nov 23, 2025 11:20:15 PM java.util.prefs.FileSystemPreferences checkLockFile0ErrorCode
2025-11-23 23:20:15,019 [ERROR] LogOutputStream:75 - [STDERR_REDIRECT] WARNING: Could not lock System prefs. Unix error code 5.
2025-11-23 23:20:15,019 [ERROR] LogOutputStream:75 - [STDERR_REDIRECT] 
2025-11-23 23:20:15,019 [ERROR] LogOutputStream:75 - [STDERR_REDIRECT] Nov 23, 2025 11:20:15 PM java.util.prefs.FileSystemPreferences syncWorld
2025-11-23 23:20:15,019 [ERROR] LogOutputStream:75 - [STDERR_REDIRECT] WARNING: Couldn't flush system prefs: java.util.prefs.BackingStoreException: Couldn't get file lock.
2025-11-23 23:20:15,019 [ERROR] LogOutputStream:75 - [STDERR_REDIRECT] 
2025-11-23 23:20:45,019 [ERROR] LogOutputStream:75 - [STDERR_REDIRECT] Nov 23, 2025 11:20:45 PM java.util.prefs.FileSystemPreferences checkLockFile0ErrorCode
2025-11-23 23:20:45,019 [ERROR] LogOutputStream:75 - [STDERR_REDIRECT] WARNING: Could not lock System prefs. Unix error code 5.
2025-11-23 23:20:45,019 [ERROR] LogOutputStream:75 - [STDERR_REDIRECT] 
2025-11-23 23:20:45,019 [ERROR] LogOutputStream:75 - [STDERR_REDIRECT] Nov 23, 2025 11:20:45 PM java.util.prefs.FileSystemPreferences syncWorld
2025-11-23 23:20:45,019 [ERROR] LogOutputStream:75 - [STDERR_REDIRECT] WARNING: Couldn't flush system prefs: java.util.prefs.BackingStoreException: Couldn't get file lock.
2025-11-23 23:20:45,020 [ERROR] LogOutputStream:75 - [STDERR_REDIRECT] 
2025-11-23 23:21:15,018 [ERROR] LogOutputStream:75 - [STDERR_REDIRECT] Nov 23, 2025 11:21:15 PM java.util.prefs.FileSystemPreferences checkLockFile0ErrorCode
2025-11-23 23:21:15,018 [ERROR] LogOutputStream:75 - [STDERR_REDIRECT] WARNING: Could not lock System prefs. Unix error code 5.
2025-11-23 23:21:15,018 [ERROR] LogOutputStream:75 - [STDERR_REDIRECT] 
2025-11-23 23:21:15,019 [ERROR] LogOutputStream:75 - [STDERR_REDIRECT] Nov 23, 2025 11:21:15 PM java.util.prefs.FileSystemPreferences syncWorld
2025-11-23 23:21:15,019 [ERROR] LogOutputStream:75 - [STDERR_REDIRECT] WARNING: Couldn't flush system prefs: java.util.prefs.BackingStoreException: Couldn't get file lock.
2025-11-23 23:21:15,019 [ERROR] LogOutputStream:75 - [STDERR_REDIRECT] 
2025-11-23 23:21:45,018 [ERROR] LogOutputStream:75 - [STDERR_REDIRECT] Nov 23, 2025 11:21:45 PM java.util.prefs.FileSystemPreferences checkLockFile0ErrorCode
2025-11-23 23:21:45,018 [ERROR] LogOutputStream:75 - [STDERR_REDIRECT] WARNING: Could not lock System prefs. Unix error code 5.
2025-11-23 23:21:45,018 [ERROR] LogOutputStream:75 - [STDERR_REDIRECT] 
2025-11-23 23:21:45,018 [ERROR] LogOutputStream:75 - [STDERR_REDIRECT] Nov 23, 2025 11:21:45 PM java.util.prefs.FileSystemPreferences syncWorld
2025-11-23 23:21:45,019 [ERROR] LogOutputStream:75 - [STDERR_REDIRECT] WARNING: Couldn't flush system prefs: java.util.prefs.BackingStoreException: Couldn't get file lock.
2025-11-23 23:21:45,019 [ERROR] LogOutputStream:75 - [STDERR_REDIRECT] 
2025-11-23 23:22:15,019 [ERROR] LogOutputStream:75 - [STDERR_REDIRECT] Nov 23, 2025 11:22:15 PM java.util.prefs.FileSystemPreferences checkLockFile0ErrorCode
2025-11-23 23:22:15,019 [ERROR] LogOutputStream:75 - [STDERR_REDIRECT] WARNING: Could not lock System prefs. Unix error code 5.
2025-11-23 23:22:15,019 [ERROR] LogOutputStream:75 - [STDERR_REDIRECT] 
2025-11-23 23:22:15,020 [ERROR] LogOutputStream:75 - [STDERR_REDIRECT] Nov 23, 2025 11:22:15 PM java.util.prefs.FileSystemPreferences syncWorld
2025-11-23 23:22:15,020 [ERROR] LogOutputStream:75 - [STDERR_REDIRECT] WARNING: Couldn't flush system prefs: java.util.prefs.BackingStoreException: Couldn't get file lock.
2025-11-23 23:22:15,020 [ERROR] LogOutputStream:75 - [STDERR_REDIRECT] 
2025-11-23 23:22:45,018 [ERROR] LogOutputStream:75 - [STDERR_REDIRECT] Nov 23, 2025 11:22:45 PM java.util.prefs.FileSystemPreferences checkLockFile0ErrorCode
2025-11-23 23:22:45,018 [ERROR] LogOutputStream:75 - [STDERR_REDIRECT] WARNING: Could not lock System prefs. Unix error code 5.
2025-11-23 23:22:45,018 [ERROR] LogOutputStream:75 - [STDERR_REDIRECT] 
2025-11-23 23:22:45,018 [ERROR] LogOutputStream:75 - [STDERR_REDIRECT] Nov 23, 2025 11:22:45 PM java.util.prefs.FileSystemPreferences syncWorld
2025-11-23 23:22:45,019 [ERROR] LogOutputStream:75 - [STDERR_REDIRECT] WARNING: Couldn't flush system prefs: java.util.prefs.BackingStoreException: Couldn't get file lock.
2025-11-23 23:22:45,019 [ERROR] LogOutputStream:75 - [STDERR_REDIRECT] 
2025-11-23 23:23:15,020 [ERROR] LogOutputStream:75 - [STDERR_REDIRECT] Nov 23, 2025 11:23:15 PM java.util.prefs.FileSystemPreferences checkLockFile0ErrorCode
2025-11-23 23:23:15,020 [ERROR] LogOutputStream:75 - [STDERR_REDIRECT] WARNING: Could not lock System prefs. Unix error code 5.
2025-11-23 23:23:15,020 [ERROR] LogOutputStream:75 - [STDERR_REDIRECT] 
2025-11-23 23:23:15,021 [ERROR] LogOutputStream:75 - [STDERR_REDIRECT] Nov 23, 2025 11:23:15 PM java.util.prefs.FileSystemPreferences syncWorld
2025-11-23 23:23:15,021 [ERROR] LogOutputStream:75 - [STDERR_REDIRECT] WARNING: Couldn't flush system prefs: java.util.prefs.BackingStoreException: Couldn't get file lock.
2025-11-23 23:23:15,021 [ERROR] LogOutputStream:75 - [STDERR_REDIRECT] 
2025-11-23 23:23:45,019 [ERROR] LogOutputStream:75 - [STDERR_REDIRECT] Nov 23, 2025 11:23:45 PM java.util.prefs.FileSystemPreferences checkLockFile0ErrorCode
2025-11-23 23:23:45,019 [ERROR] LogOutputStream:75 - [STDERR_REDIRECT] WARNING: Could not lock System prefs. Unix error code 5.
2025-11-23 23:23:45,019 [ERROR] LogOutputStream:75 - [STDERR_REDIRECT] 
2025-11-23 23:23:45,019 [ERROR] LogOutputStream:75 - [STDERR_REDIRECT] Nov 23, 2025 11:23:45 PM java.util.prefs.FileSystemPreferences syncWorld
2025-11-23 23:23:45,019 [ERROR] LogOutputStream:75 - [STDERR_REDIRECT] WARNING: Couldn't flush system prefs: java.util.prefs.BackingStoreException: Couldn't get file lock.
2025-11-23 23:23:45,019 [ERROR] LogOutputStream:75 - [STDERR_REDIRECT] 
2025-11-23 23:24:15,020 [ERROR] LogOutputStream:75 - [STDERR_REDIRECT] Nov 23, 2025 11:24:15 PM java.util.prefs.FileSystemPreferences checkLockFile0ErrorCode
2025-11-23 23:24:15,020 [ERROR] LogOutputStream:75 - [STDERR_REDIRECT] WARNING: Could not lock System prefs. Unix error code 5.
2025-11-23 23:24:15,020 [ERROR] LogOutputStream:75 - [STDERR_REDIRECT] 
2025-11-23 23:24:15,020 [ERROR] LogOutputStream:75 - [STDERR_REDIRECT] Nov 23, 2025 11:24:15 PM java.util.prefs.FileSystemPreferences syncWorld
2025-11-23 23:24:15,020 [ERROR] LogOutputStream:75 - [STDERR_REDIRECT] WARNING: Couldn't flush system prefs: java.util.prefs.BackingStoreException: Couldn't get file lock.
2025-11-23 23:24:15,020 [ERROR] LogOutputStream:75 - [STDERR_REDIRECT] 
2025-11-23 23:24:45,020 [ERROR] LogOutputStream:75 - [STDERR_REDIRECT] Nov 23, 2025 11:24:45 PM java.util.prefs.FileSystemPreferences checkLockFile0ErrorCode
2025-11-23 23:24:45,020 [ERROR] LogOutputStream:75 - [STDERR_REDIRECT] WARNING: Could not lock System prefs. Unix error code 5.
2025-11-23 23:24:45,020 [ERROR] LogOutputStream:75 - [STDERR_REDIRECT] 
2025-11-23 23:24:45,020 [ERROR] LogOutputStream:75 - [STDERR_REDIRECT] Nov 23, 2025 11:24:45 PM java.util.prefs.FileSystemPreferences syncWorld
2025-11-23 23:24:45,020 [ERROR] LogOutputStream:75 - [STDERR_REDIRECT] WARNING: Couldn't flush system prefs: java.util.prefs.BackingStoreException: Couldn't get file lock.
2025-11-23 23:24:45,020 [ERROR] LogOutputStream:75 - [STDERR_REDIRECT] 
2025-11-23 23:25:15,024 [ERROR] LogOutputStream:75 - [STDERR_REDIRECT] Nov 23, 2025 11:25:15 PM java.util.prefs.FileSystemPreferences checkLockFile0ErrorCode
2025-11-23 23:25:15,024 [ERROR] LogOutputStream:75 - [STDERR_REDIRECT] WARNING: Could not lock System prefs. Unix error code 5.
2025-11-23 23:25:15,024 [ERROR] LogOutputStream:75 - [STDERR_REDIRECT] 
2025-11-23 23:25:15,024 [ERROR] LogOutputStream:75 - [STDERR_REDIRECT] Nov 23, 2025 11:25:15 PM java.util.prefs.FileSystemPreferences syncWorld
2025-11-23 23:25:15,024 [ERROR] LogOutputStream:75 - [STDERR_REDIRECT] WARNING: Couldn't flush system prefs: java.util.prefs.BackingStoreException: Couldn't get file lock.
2025-11-23 23:25:15,024 [ERROR] LogOutputStream:75 - [STDERR_REDIRECT] 
2025-11-23 23:25:45,022 [ERROR] LogOutputStream:75 - [STDERR_REDIRECT] Nov 23, 2025 11:25:45 PM java.util.prefs.FileSystemPreferences checkLockFile0ErrorCode
2025-11-23 23:25:45,022 [ERROR] LogOutputStream:75 - [STDERR_REDIRECT] WARNING: Could not lock System prefs. Unix error code 5.
2025-11-23 23:25:45,022 [ERROR] LogOutputStream:75 - [STDERR_REDIRECT] 
2025-11-23 23:25:45,022 [ERROR] LogOutputStream:75 - [STDERR_REDIRECT] Nov 23, 2025 11:25:45 PM java.util.prefs.FileSystemPreferences syncWorld
2025-11-23 23:25:45,022 [ERROR] LogOutputStream:75 - [STDERR_REDIRECT] WARNING: Couldn't flush system prefs: java.util.prefs.BackingStoreException: Couldn't get file lock.
2025-11-23 23:25:45,022 [ERROR] LogOutputStream:75 - [STDERR_REDIRECT] 
2025-11-23 23:26:15,022 [ERROR] LogOutputStream:75 - [STDERR_REDIRECT] Nov 23, 2025 11:26:15 PM java.util.prefs.FileSystemPreferences checkLockFile0ErrorCode
2025-11-23 23:26:15,022 [ERROR] LogOutputStream:75 - [STDERR_REDIRECT] WARNING: Could not lock System prefs. Unix error code 5.
2025-11-23 23:26:15,022 [ERROR] LogOutputStream:75 - [STDERR_REDIRECT] 
2025-11-23 23:26:15,022 [ERROR] LogOutputStream:75 - [STDERR_REDIRECT] Nov 23, 2025 11:26:15 PM java.util.prefs.FileSystemPreferences syncWorld
2025-11-23 23:26:15,023 [ERROR] LogOutputStream:75 - [STDERR_REDIRECT] WARNING: Couldn't flush system prefs: java.util.prefs.BackingStoreException: Couldn't get file lock.
2025-11-23 23:26:15,023 [ERROR] LogOutputStream:75 - [STDERR_REDIRECT] 
2025-11-23 23:26:45,022 [ERROR] LogOutputStream:75 - [STDERR_REDIRECT] Nov 23, 2025 11:26:45 PM java.util.prefs.FileSystemPreferences checkLockFile0ErrorCode
2025-11-23 23:26:45,022 [ERROR] LogOutputStream:75 - [STDERR_REDIRECT] WARNING: Could not lock System prefs. Unix error code 5.
2025-11-23 23:26:45,022 [ERROR] LogOutputStream:75 - [STDERR_REDIRECT] 
2025-11-23 23:26:45,023 [ERROR] LogOutputStream:75 - [STDERR_REDIRECT] Nov 23, 2025 11:26:45 PM java.util.prefs.FileSystemPreferences syncWorld
2025-11-23 23:26:45,023 [ERROR] LogOutputStream:75 - [STDERR_REDIRECT] WARNING: Couldn't flush system prefs: java.util.prefs.BackingStoreException: Couldn't get file lock.
2025-11-23 23:26:45,023 [ERROR] LogOutputStream:75 - [STDERR_REDIRECT] 
2025-11-23 23:27:15,024 [ERROR] LogOutputStream:75 - [STDERR_REDIRECT] Nov 23, 2025 11:27:15 PM java.util.prefs.FileSystemPreferences checkLockFile0ErrorCode
2025-11-23 23:27:15,024 [ERROR] LogOutputStream:75 - [STDERR_REDIRECT] WARNING: Could not lock System prefs. Unix error code 5.
2025-11-23 23:27:15,024 [ERROR] LogOutputStream:75 - [STDERR_REDIRECT] 
2025-11-23 23:27:15,024 [ERROR] LogOutputStream:75 - [STDERR_REDIRECT] Nov 23, 2025 11:27:15 PM java.util.prefs.FileSystemPreferences syncWorld
2025-11-23 23:27:15,024 [ERROR] LogOutputStream:75 - [STDERR_REDIRECT] WARNING: Couldn't flush system prefs: java.util.prefs.BackingStoreException: Couldn't get file lock.
2025-11-23 23:27:15,024 [ERROR] LogOutputStream:75 - [STDERR_REDIRECT] 
2025-11-23 23:27:45,024 [ERROR] LogOutputStream:75 - [STDERR_REDIRECT] Nov 23, 2025 11:27:45 PM java.util.prefs.FileSystemPreferences checkLockFile0ErrorCode
2025-11-23 23:27:45,024 [ERROR] LogOutputStream:75 - [STDERR_REDIRECT] WARNING: Could not lock System prefs. Unix error code 5.
2025-11-23 23:27:45,024 [ERROR] LogOutputStream:75 - [STDERR_REDIRECT] 
2025-11-23 23:27:45,024 [ERROR] LogOutputStream:75 - [STDERR_REDIRECT] Nov 23, 2025 11:27:45 PM java.util.prefs.FileSystemPreferences syncWorld
2025-11-23 23:27:45,024 [ERROR] LogOutputStream:75 - [STDERR_REDIRECT] WARNING: Couldn't flush system prefs: java.util.prefs.BackingStoreException: Couldn't get file lock.
2025-11-23 23:27:45,024 [ERROR] LogOutputStream:75 - [STDERR_REDIRECT] 
2025-11-23 23:28:15,023 [ERROR] LogOutputStream:75 - [STDERR_REDIRECT] Nov 23, 2025 11:28:15 PM java.util.prefs.FileSystemPreferences checkLockFile0ErrorCode
2025-11-23 23:28:15,023 [ERROR] LogOutputStream:75 - [STDERR_REDIRECT] WARNING: Could not lock System prefs. Unix error code 5.
2025-11-23 23:28:15,023 [ERROR] LogOutputStream:75 - [STDERR_REDIRECT] 
2025-11-23 23:28:15,023 [ERROR] LogOutputStream:75 - [STDERR_REDIRECT] Nov 23, 2025 11:28:15 PM java.util.prefs.FileSystemPreferences syncWorld
2025-11-23 23:28:15,023 [ERROR] LogOutputStream:75 - [STDERR_REDIRECT] WARNING: Couldn't flush system prefs: java.util.prefs.BackingStoreException: Couldn't get file lock.
2025-11-23 23:28:15,023 [ERROR] LogOutputStream:75 - [STDERR_REDIRECT] 
2025-11-23 23:28:45,023 [ERROR] LogOutputStream:75 - [STDERR_REDIRECT] Nov 23, 2025 11:28:45 PM java.util.prefs.FileSystemPreferences checkLockFile0ErrorCode
2025-11-23 23:28:45,023 [ERROR] LogOutputStream:75 - [STDERR_REDIRECT] WARNING: Could not lock System prefs. Unix error code 5.
2025-11-23 23:28:45,023 [ERROR] LogOutputStream:75 - [STDERR_REDIRECT] 
2025-11-23 23:28:45,024 [ERROR] LogOutputStream:75 - [STDERR_REDIRECT] Nov 23, 2025 11:28:45 PM java.util.prefs.FileSystemPreferences syncWorld
2025-11-23 23:28:45,024 [ERROR] LogOutputStream:75 - [STDERR_REDIRECT] WARNING: Couldn't flush system prefs: java.util.prefs.BackingStoreException: Couldn't get file lock.
2025-11-23 23:28:45,024 [ERROR] LogOutputStream:75 - [STDERR_REDIRECT] 
2025-11-23 23:29:15,024 [ERROR] LogOutputStream:75 - [STDERR_REDIRECT] Nov 23, 2025 11:29:15 PM java.util.prefs.FileSystemPreferences checkLockFile0ErrorCode
2025-11-23 23:29:15,024 [ERROR] LogOutputStream:75 - [STDERR_REDIRECT] WARNING: Could not lock System prefs. Unix error code 5.
2025-11-23 23:29:15,024 [ERROR] LogOutputStream:75 - [STDERR_REDIRECT] 
2025-11-23 23:29:15,024 [ERROR] LogOutputStream:75 - [STDERR_REDIRECT] Nov 23, 2025 11:29:15 PM java.util.prefs.FileSystemPreferences syncWorld
2025-11-23 23:29:15,024 [ERROR] LogOutputStream:75 - [STDERR_REDIRECT] WARNING: Couldn't flush system prefs: java.util.prefs.BackingStoreException: Couldn't get file lock.
2025-11-23 23:29:15,024 [ERROR] LogOutputStream:75 - [STDERR_REDIRECT] 
2025-11-23 23:29:45,025 [ERROR] LogOutputStream:75 - [STDERR_REDIRECT] Nov 23, 2025 11:29:45 PM java.util.prefs.FileSystemPreferences checkLockFile0ErrorCode
2025-11-23 23:29:45,025 [ERROR] LogOutputStream:75 - [STDERR_REDIRECT] WARNING: Could not lock System prefs. Unix error code 5.
2025-11-23 23:29:45,025 [ERROR] LogOutputStream:75 - [STDERR_REDIRECT] 
2025-11-23 23:29:45,025 [ERROR] LogOutputStream:75 - [STDERR_REDIRECT] Nov 23, 2025 11:29:45 PM java.util.prefs.FileSystemPreferences syncWorld
2025-11-23 23:29:45,026 [ERROR] LogOutputStream:75 - [STDERR_REDIRECT] WARNING: Couldn't flush system prefs: java.util.prefs.BackingStoreException: Couldn't get file lock.
2025-11-23 23:29:45,026 [ERROR] LogOutputStream:75 - [STDERR_REDIRECT] 
2025-11-23 23:30:15,025 [ERROR] LogOutputStream:75 - [STDERR_REDIRECT] Nov 23, 2025 11:30:15 PM java.util.prefs.FileSystemPreferences checkLockFile0ErrorCode
2025-11-23 23:30:15,026 [ERROR] LogOutputStream:75 - [STDERR_REDIRECT] WARNING: Could not lock System prefs. Unix error code 5.
2025-11-23 23:30:15,026 [ERROR] LogOutputStream:75 - [STDERR_REDIRECT] 
2025-11-23 23:30:15,026 [ERROR] LogOutputStream:75 - [STDERR_REDIRECT] Nov 23, 2025 11:30:15 PM java.util.prefs.FileSystemPreferences syncWorld
2025-11-23 23:30:15,026 [ERROR] LogOutputStream:75 - [STDERR_REDIRECT] WARNING: Couldn't flush system prefs: java.util.prefs.BackingStoreException: Couldn't get file lock.
2025-11-23 23:30:15,026 [ERROR] LogOutputStream:75 - [STDERR_REDIRECT] 
2025-11-23 23:30:45,026 [ERROR] LogOutputStream:75 - [STDERR_REDIRECT] Nov 23, 2025 11:30:45 PM java.util.prefs.FileSystemPreferences checkLockFile0ErrorCode
2025-11-23 23:30:45,026 [ERROR] LogOutputStream:75 - [STDERR_REDIRECT] WARNING: Could not lock System prefs. Unix error code 5.
2025-11-23 23:30:45,026 [ERROR] LogOutputStream:75 - [STDERR_REDIRECT] 
2025-11-23 23:30:45,026 [ERROR] LogOutputStream:75 - [STDERR_REDIRECT] Nov 23, 2025 11:30:45 PM java.util.prefs.FileSystemPreferences syncWorld
2025-11-23 23:30:45,026 [ERROR] LogOutputStream:75 - [STDERR_REDIRECT] WARNING: Couldn't flush system prefs: java.util.prefs.BackingStoreException: Couldn't get file lock.
2025-11-23 23:30:45,026 [ERROR] LogOutputStream:75 - [STDERR_REDIRECT] 
2025-11-23 23:31:15,026 [ERROR] LogOutputStream:75 - [STDERR_REDIRECT] Nov 23, 2025 11:31:15 PM java.util.prefs.FileSystemPreferences checkLockFile0ErrorCode
2025-11-23 23:31:15,026 [ERROR] LogOutputStream:75 - [STDERR_REDIRECT] WARNING: Could not lock System prefs. Unix error code 5.
2025-11-23 23:31:15,026 [ERROR] LogOutputStream:75 - [STDERR_REDIRECT] 
2025-11-23 23:31:15,026 [ERROR] LogOutputStream:75 - [STDERR_REDIRECT] Nov 23, 2025 11:31:15 PM java.util.prefs.FileSystemPreferences syncWorld
2025-11-23 23:31:15,026 [ERROR] LogOutputStream:75 - [STDERR_REDIRECT] WARNING: Couldn't flush system prefs: java.util.prefs.BackingStoreException: Couldn't get file lock.
2025-11-23 23:31:15,026 [ERROR] LogOutputStream:75 - [STDERR_REDIRECT] 
2025-11-23 23:31:45,026 [ERROR] LogOutputStream:75 - [STDERR_REDIRECT] Nov 23, 2025 11:31:45 PM java.util.prefs.FileSystemPreferences checkLockFile0ErrorCode
2025-11-23 23:31:45,026 [ERROR] LogOutputStream:75 - [STDERR_REDIRECT] WARNING: Could not lock System prefs. Unix error code 5.
2025-11-23 23:31:45,026 [ERROR] LogOutputStream:75 - [STDERR_REDIRECT] 
2025-11-23 23:31:45,026 [ERROR] LogOutputStream:75 - [STDERR_REDIRECT] Nov 23, 2025 11:31:45 PM java.util.prefs.FileSystemPreferences syncWorld
2025-11-23 23:31:45,026 [ERROR] LogOutputStream:75 - [STDERR_REDIRECT] WARNING: Couldn't flush system prefs: java.util.prefs.BackingStoreException: Couldn't get file lock.
2025-11-23 23:31:45,026 [ERROR] LogOutputStream:75 - [STDERR_REDIRECT] 
2025-11-23 23:32:15,027 [ERROR] LogOutputStream:75 - [STDERR_REDIRECT] Nov 23, 2025 11:32:15 PM java.util.prefs.FileSystemPreferences checkLockFile0ErrorCode
2025-11-23 23:32:15,028 [ERROR] LogOutputStream:75 - [STDERR_REDIRECT] WARNING: Could not lock System prefs. Unix error code 5.
2025-11-23 23:32:15,028 [ERROR] LogOutputStream:75 - [STDERR_REDIRECT] 
2025-11-23 23:32:15,028 [ERROR] LogOutputStream:75 - [STDERR_REDIRECT] Nov 23, 2025 11:32:15 PM java.util.prefs.FileSystemPreferences syncWorld
2025-11-23 23:32:15,028 [ERROR] LogOutputStream:75 - [STDERR_REDIRECT] WARNING: Couldn't flush system prefs: java.util.prefs.BackingStoreException: Couldn't get file lock.
2025-11-23 23:32:15,028 [ERROR] LogOutputStream:75 - [STDERR_REDIRECT] 
2025-11-23 23:32:45,028 [ERROR] LogOutputStream:75 - [STDERR_REDIRECT] Nov 23, 2025 11:32:45 PM java.util.prefs.FileSystemPreferences checkLockFile0ErrorCode
2025-11-23 23:32:45,028 [ERROR] LogOutputStream:75 - [STDERR_REDIRECT] WARNING: Could not lock System prefs. Unix error code 5.
2025-11-23 23:32:45,028 [ERROR] LogOutputStream:75 - [STDERR_REDIRECT] 
2025-11-23 23:32:45,028 [ERROR] LogOutputStream:75 - [STDERR_REDIRECT] Nov 23, 2025 11:32:45 PM java.util.prefs.FileSystemPreferences syncWorld
2025-11-23 23:32:45,028 [ERROR] LogOutputStream:75 - [STDERR_REDIRECT] WARNING: Couldn't flush system prefs: java.util.prefs.BackingStoreException: Couldn't get file lock.
2025-11-23 23:32:45,028 [ERROR] LogOutputStream:75 - [STDERR_REDIRECT] 
2025-11-23 23:33:15,028 [ERROR] LogOutputStream:75 - [STDERR_REDIRECT] Nov 23, 2025 11:33:15 PM java.util.prefs.FileSystemPreferences checkLockFile0ErrorCode
2025-11-23 23:33:15,028 [ERROR] LogOutputStream:75 - [STDERR_REDIRECT] WARNING: Could not lock System prefs. Unix error code 5.
2025-11-23 23:33:15,028 [ERROR] LogOutputStream:75 - [STDERR_REDIRECT] 
2025-11-23 23:33:15,029 [ERROR] LogOutputStream:75 - [STDERR_REDIRECT] Nov 23, 2025 11:33:15 PM java.util.prefs.FileSystemPreferences syncWorld
2025-11-23 23:33:15,029 [ERROR] LogOutputStream:75 - [STDERR_REDIRECT] WARNING: Couldn't flush system prefs: java.util.prefs.BackingStoreException: Couldn't get file lock.
2025-11-23 23:33:15,029 [ERROR] LogOutputStream:75 - [STDERR_REDIRECT] 
2025-11-23 23:33:45,027 [ERROR] LogOutputStream:75 - [STDERR_REDIRECT] Nov 23, 2025 11:33:45 PM java.util.prefs.FileSystemPreferences checkLockFile0ErrorCode
2025-11-23 23:33:45,027 [ERROR] LogOutputStream:75 - [STDERR_REDIRECT] WARNING: Could not lock System prefs. Unix error code 5.
2025-11-23 23:33:45,028 [ERROR] LogOutputStream:75 - [STDERR_REDIRECT] 
2025-11-23 23:33:45,028 [ERROR] LogOutputStream:75 - [STDERR_REDIRECT] Nov 23, 2025 11:33:45 PM java.util.prefs.FileSystemPreferences syncWorld
2025-11-23 23:33:45,028 [ERROR] LogOutputStream:75 - [STDERR_REDIRECT] WARNING: Couldn't flush system prefs: java.util.prefs.BackingStoreException: Couldn't get file lock.
2025-11-23 23:33:45,028 [ERROR] LogOutputStream:75 - [STDERR_REDIRECT] 
2025-11-23 23:34:15,028 [ERROR] LogOutputStream:75 - [STDERR_REDIRECT] Nov 23, 2025 11:34:15 PM java.util.prefs.FileSystemPreferences checkLockFile0ErrorCode
2025-11-23 23:34:15,028 [ERROR] LogOutputStream:75 - [STDERR_REDIRECT] WARNING: Could not lock System prefs. Unix error code 5.
2025-11-23 23:34:15,028 [ERROR] LogOutputStream:75 - [STDERR_REDIRECT] 
2025-11-23 23:34:15,028 [ERROR] LogOutputStream:75 - [STDERR_REDIRECT] Nov 23, 2025 11:34:15 PM java.util.prefs.FileSystemPreferences syncWorld
2025-11-23 23:34:15,028 [ERROR] LogOutputStream:75 - [STDERR_REDIRECT] WARNING: Couldn't flush system prefs: java.util.prefs.BackingStoreException: Couldn't get file lock.
2025-11-23 23:34:15,028 [ERROR] LogOutputStream:75 - [STDERR_REDIRECT] 
2025-11-23 23:34:45,028 [ERROR] LogOutputStream:75 - [STDERR_REDIRECT] Nov 23, 2025 11:34:45 PM java.util.prefs.FileSystemPreferences checkLockFile0ErrorCode
2025-11-23 23:34:45,028 [ERROR] LogOutputStream:75 - [STDERR_REDIRECT] WARNING: Could not lock System prefs. Unix error code 5.
2025-11-23 23:34:45,028 [ERROR] LogOutputStream:75 - [STDERR_REDIRECT] 
2025-11-23 23:34:45,028 [ERROR] LogOutputStream:75 - [STDERR_REDIRECT] Nov 23, 2025 11:34:45 PM java.util.prefs.FileSystemPreferences syncWorld
2025-11-23 23:34:45,028 [ERROR] LogOutputStream:75 - [STDERR_REDIRECT] WARNING: Couldn't flush system prefs: java.util.prefs.BackingStoreException: Couldn't get file lock.
2025-11-23 23:34:45,028 [ERROR] LogOutputStream:75 - [STDERR_REDIRECT] 
2025-11-23 23:35:15,028 [ERROR] LogOutputStream:75 - [STDERR_REDIRECT] Nov 23, 2025 11:35:15 PM java.util.prefs.FileSystemPreferences checkLockFile0ErrorCode
2025-11-23 23:35:15,028 [ERROR] LogOutputStream:75 - [STDERR_REDIRECT] WARNING: Could not lock System prefs. Unix error code 5.
2025-11-23 23:35:15,028 [ERROR] LogOutputStream:75 - [STDERR_REDIRECT] 
2025-11-23 23:35:15,028 [ERROR] LogOutputStream:75 - [STDERR_REDIRECT] Nov 23, 2025 11:35:15 PM java.util.prefs.FileSystemPreferences syncWorld
2025-11-23 23:35:15,028 [ERROR] LogOutputStream:75 - [STDERR_REDIRECT] WARNING: Couldn't flush system prefs: java.util.prefs.BackingStoreException: Couldn't get file lock.
2025-11-23 23:35:15,028 [ERROR] LogOutputStream:75 - [STDERR_REDIRECT] 
2025-11-23 23:35:45,028 [ERROR] LogOutputStream:75 - [STDERR_REDIRECT] Nov 23, 2025 11:35:45 PM java.util.prefs.FileSystemPreferences checkLockFile0ErrorCode
2025-11-23 23:35:45,028 [ERROR] LogOutputStream:75 - [STDERR_REDIRECT] WARNING: Could not lock System prefs. Unix error code 5.
2025-11-23 23:35:45,029 [ERROR] LogOutputStream:75 - [STDERR_REDIRECT] 
2025-11-23 23:35:45,029 [ERROR] LogOutputStream:75 - [STDERR_REDIRECT] Nov 23, 2025 11:35:45 PM java.util.prefs.FileSystemPreferences syncWorld
2025-11-23 23:35:45,029 [ERROR] LogOutputStream:75 - [STDERR_REDIRECT] WARNING: Couldn't flush system prefs: java.util.prefs.BackingStoreException: Couldn't get file lock.
2025-11-23 23:35:45,029 [ERROR] LogOutputStream:75 - [STDERR_REDIRECT] 
2025-11-23 23:36:15,028 [ERROR] LogOutputStream:75 - [STDERR_REDIRECT] Nov 23, 2025 11:36:15 PM java.util.prefs.FileSystemPreferences checkLockFile0ErrorCode
2025-11-23 23:36:15,029 [ERROR] LogOutputStream:75 - [STDERR_REDIRECT] WARNING: Could not lock System prefs. Unix error code 5.
2025-11-23 23:36:15,029 [ERROR] LogOutputStream:75 - [STDERR_REDIRECT] 
2025-11-23 23:36:15,029 [ERROR] LogOutputStream:75 - [STDERR_REDIRECT] Nov 23, 2025 11:36:15 PM java.util.prefs.FileSystemPreferences syncWorld
2025-11-23 23:36:15,029 [ERROR] LogOutputStream:75 - [STDERR_REDIRECT] WARNING: Couldn't flush system prefs: java.util.prefs.BackingStoreException: Couldn't get file lock.
2025-11-23 23:36:15,029 [ERROR] LogOutputStream:75 - [STDERR_REDIRECT] 
2025-11-23 23:36:45,030 [ERROR] LogOutputStream:75 - [STDERR_REDIRECT] Nov 23, 2025 11:36:45 PM java.util.prefs.FileSystemPreferences checkLockFile0ErrorCode
2025-11-23 23:36:45,030 [ERROR] LogOutputStream:75 - [STDERR_REDIRECT] WARNING: Could not lock System prefs. Unix error code 5.
2025-11-23 23:36:45,030 [ERROR] LogOutputStream:75 - [STDERR_REDIRECT] 
2025-11-23 23:36:45,030 [ERROR] LogOutputStream:75 - [STDERR_REDIRECT] Nov 23, 2025 11:36:45 PM java.util.prefs.FileSystemPreferences syncWorld
2025-11-23 23:36:45,030 [ERROR] LogOutputStream:75 - [STDERR_REDIRECT] WARNING: Couldn't flush system prefs: java.util.prefs.BackingStoreException: Couldn't get file lock.
2025-11-23 23:36:45,030 [ERROR] LogOutputStream:75 - [STDERR_REDIRECT] 
2025-11-23 23:37:15,029 [ERROR] LogOutputStream:75 - [STDERR_REDIRECT] Nov 23, 2025 11:37:15 PM java.util.prefs.FileSystemPreferences checkLockFile0ErrorCode
2025-11-23 23:37:15,029 [ERROR] LogOutputStream:75 - [STDERR_REDIRECT] WARNING: Could not lock System prefs. Unix error code 5.
2025-11-23 23:37:15,030 [ERROR] LogOutputStream:75 - [STDERR_REDIRECT] 
2025-11-23 23:37:15,030 [ERROR] LogOutputStream:75 - [STDERR_REDIRECT] Nov 23, 2025 11:37:15 PM java.util.prefs.FileSystemPreferences syncWorld
2025-11-23 23:37:15,030 [ERROR] LogOutputStream:75 - [STDERR_REDIRECT] WARNING: Couldn't flush system prefs: java.util.prefs.BackingStoreException: Couldn't get file lock.
2025-11-23 23:37:15,030 [ERROR] LogOutputStream:75 - [STDERR_REDIRECT] 
2025-11-23 23:37:45,030 [ERROR] LogOutputStream:75 - [STDERR_REDIRECT] Nov 23, 2025 11:37:45 PM java.util.prefs.FileSystemPreferences checkLockFile0ErrorCode
2025-11-23 23:37:45,030 [ERROR] LogOutputStream:75 - [STDERR_REDIRECT] WARNING: Could not lock System prefs. Unix error code 5.
2025-11-23 23:37:45,030 [ERROR] LogOutputStream:75 - [STDERR_REDIRECT] 
2025-11-23 23:37:45,030 [ERROR] LogOutputStream:75 - [STDERR_REDIRECT] Nov 23, 2025 11:37:45 PM java.util.prefs.FileSystemPreferences syncWorld
2025-11-23 23:37:45,030 [ERROR] LogOutputStream:75 - [STDERR_REDIRECT] WARNING: Couldn't flush system prefs: java.util.prefs.BackingStoreException: Couldn't get file lock.
2025-11-23 23:37:45,031 [ERROR] LogOutputStream:75 - [STDERR_REDIRECT] 
2025-11-23 23:38:15,029 [ERROR] LogOutputStream:75 - [STDERR_REDIRECT] Nov 23, 2025 11:38:15 PM java.util.prefs.FileSystemPreferences checkLockFile0ErrorCode
2025-11-23 23:38:15,029 [ERROR] LogOutputStream:75 - [STDERR_REDIRECT] WARNING: Could not lock System prefs. Unix error code 5.
2025-11-23 23:38:15,029 [ERROR] LogOutputStream:75 - [STDERR_REDIRECT] 
2025-11-23 23:38:15,029 [ERROR] LogOutputStream:75 - [STDERR_REDIRECT] Nov 23, 2025 11:38:15 PM java.util.prefs.FileSystemPreferences syncWorld
2025-11-23 23:38:15,030 [ERROR] LogOutputStream:75 - [STDERR_REDIRECT] WARNING: Couldn't flush system prefs: java.util.prefs.BackingStoreException: Couldn't get file lock.
2025-11-23 23:38:15,030 [ERROR] LogOutputStream:75 - [STDERR_REDIRECT] 
2025-11-23 23:38:45,029 [ERROR] LogOutputStream:75 - [STDERR_REDIRECT] Nov 23, 2025 11:38:45 PM java.util.prefs.FileSystemPreferences checkLockFile0ErrorCode
2025-11-23 23:38:45,029 [ERROR] LogOutputStream:75 - [STDERR_REDIRECT] WARNING: Could not lock System prefs. Unix error code 5.
2025-11-23 23:38:45,030 [ERROR] LogOutputStream:75 - [STDERR_REDIRECT] 
2025-11-23 23:38:45,030 [ERROR] LogOutputStream:75 - [STDERR_REDIRECT] Nov 23, 2025 11:38:45 PM java.util.prefs.FileSystemPreferences syncWorld
2025-11-23 23:38:45,030 [ERROR] LogOutputStream:75 - [STDERR_REDIRECT] WARNING: Couldn't flush system prefs: java.util.prefs.BackingStoreException: Couldn't get file lock.
2025-11-23 23:38:45,030 [ERROR] LogOutputStream:75 - [STDERR_REDIRECT] 
2025-11-23 23:39:15,030 [ERROR] LogOutputStream:75 - [STDERR_REDIRECT] Nov 23, 2025 11:39:15 PM java.util.prefs.FileSystemPreferences checkLockFile0ErrorCode
2025-11-23 23:39:15,030 [ERROR] LogOutputStream:75 - [STDERR_REDIRECT] WARNING: Could not lock System prefs. Unix error code 5.
2025-11-23 23:39:15,030 [ERROR] LogOutputStream:75 - [STDERR_REDIRECT] 
2025-11-23 23:39:15,030 [ERROR] LogOutputStream:75 - [STDERR_REDIRECT] Nov 23, 2025 11:39:15 PM java.util.prefs.FileSystemPreferences syncWorld
2025-11-23 23:39:15,030 [ERROR] LogOutputStream:75 - [STDERR_REDIRECT] WARNING: Couldn't flush system prefs: java.util.prefs.BackingStoreException: Couldn't get file lock.
2025-11-23 23:39:15,030 [ERROR] LogOutputStream:75 - [STDERR_REDIRECT] 
2025-11-23 23:39:45,031 [ERROR] LogOutputStream:75 - [STDERR_REDIRECT] Nov 23, 2025 11:39:45 PM java.util.prefs.FileSystemPreferences checkLockFile0ErrorCode
2025-11-23 23:39:45,031 [ERROR] LogOutputStream:75 - [STDERR_REDIRECT] WARNING: Could not lock System prefs. Unix error code 5.
2025-11-23 23:39:45,031 [ERROR] LogOutputStream:75 - [STDERR_REDIRECT] 
2025-11-23 23:39:45,031 [ERROR] LogOutputStream:75 - [STDERR_REDIRECT] Nov 23, 2025 11:39:45 PM java.util.prefs.FileSystemPreferences syncWorld
2025-11-23 23:39:45,031 [ERROR] LogOutputStream:75 - [STDERR_REDIRECT] WARNING: Couldn't flush system prefs: java.util.prefs.BackingStoreException: Couldn't get file lock.
2025-11-23 23:39:45,031 [ERROR] LogOutputStream:75 - [STDERR_REDIRECT] 
2025-11-23 23:40:15,030 [ERROR] LogOutputStream:75 - [STDERR_REDIRECT] Nov 23, 2025 11:40:15 PM java.util.prefs.FileSystemPreferences checkLockFile0ErrorCode
2025-11-23 23:40:15,030 [ERROR] LogOutputStream:75 - [STDERR_REDIRECT] WARNING: Could not lock System prefs. Unix error code 5.
2025-11-23 23:40:15,030 [ERROR] LogOutputStream:75 - [STDERR_REDIRECT] 
2025-11-23 23:40:15,031 [ERROR] LogOutputStream:75 - [STDERR_REDIRECT] Nov 23, 2025 11:40:15 PM java.util.prefs.FileSystemPreferences syncWorld
2025-11-23 23:40:15,031 [ERROR] LogOutputStream:75 - [STDERR_REDIRECT] WARNING: Couldn't flush system prefs: java.util.prefs.BackingStoreException: Couldn't get file lock.
2025-11-23 23:40:15,031 [ERROR] LogOutputStream:75 - [STDERR_REDIRECT] 
2025-11-23 23:40:45,030 [ERROR] LogOutputStream:75 - [STDERR_REDIRECT] Nov 23, 2025 11:40:45 PM java.util.prefs.FileSystemPreferences checkLockFile0ErrorCode
2025-11-23 23:40:45,030 [ERROR] LogOutputStream:75 - [STDERR_REDIRECT] WARNING: Could not lock System prefs. Unix error code 5.
2025-11-23 23:40:45,030 [ERROR] LogOutputStream:75 - [STDERR_REDIRECT] 
2025-11-23 23:40:45,030 [ERROR] LogOutputStream:75 - [STDERR_REDIRECT] Nov 23, 2025 11:40:45 PM java.util.prefs.FileSystemPreferences syncWorld
2025-11-23 23:40:45,030 [ERROR] LogOutputStream:75 - [STDERR_REDIRECT] WARNING: Couldn't flush system prefs: java.util.prefs.BackingStoreException: Couldn't get file lock.
2025-11-23 23:40:45,030 [ERROR] LogOutputStream:75 - [STDERR_REDIRECT] 
2025-11-23 23:41:15,030 [ERROR] LogOutputStream:75 - [STDERR_REDIRECT] Nov 23, 2025 11:41:15 PM java.util.prefs.FileSystemPreferences checkLockFile0ErrorCode
2025-11-23 23:41:15,030 [ERROR] LogOutputStream:75 - [STDERR_REDIRECT] WARNING: Could not lock System prefs. Unix error code 5.
2025-11-23 23:41:15,030 [ERROR] LogOutputStream:75 - [STDERR_REDIRECT] 
2025-11-23 23:41:15,030 [ERROR] LogOutputStream:75 - [STDERR_REDIRECT] Nov 23, 2025 11:41:15 PM java.util.prefs.FileSystemPreferences syncWorld
2025-11-23 23:41:15,030 [ERROR] LogOutputStream:75 - [STDERR_REDIRECT] WARNING: Couldn't flush system prefs: java.util.prefs.BackingStoreException: Couldn't get file lock.
2025-11-23 23:41:15,030 [ERROR] LogOutputStream:75 - [STDERR_REDIRECT] 
2025-11-23 23:41:45,030 [ERROR] LogOutputStream:75 - [STDERR_REDIRECT] Nov 23, 2025 11:41:45 PM java.util.prefs.FileSystemPreferences checkLockFile0ErrorCode
2025-11-23 23:41:45,030 [ERROR] LogOutputStream:75 - [STDERR_REDIRECT] WARNING: Could not lock System prefs. Unix error code 5.
2025-11-23 23:41:45,030 [ERROR] LogOutputStream:75 - [STDERR_REDIRECT] 
2025-11-23 23:41:45,031 [ERROR] LogOutputStream:75 - [STDERR_REDIRECT] Nov 23, 2025 11:41:45 PM java.util.prefs.FileSystemPreferences syncWorld
2025-11-23 23:41:45,031 [ERROR] LogOutputStream:75 - [STDERR_REDIRECT] WARNING: Couldn't flush system prefs: java.util.prefs.BackingStoreException: Couldn't get file lock.
2025-11-23 23:41:45,031 [ERROR] LogOutputStream:75 - [STDERR_REDIRECT] 
2025-11-23 23:42:15,031 [ERROR] LogOutputStream:75 - [STDERR_REDIRECT] Nov 23, 2025 11:42:15 PM java.util.prefs.FileSystemPreferences checkLockFile0ErrorCode
2025-11-23 23:42:15,031 [ERROR] LogOutputStream:75 - [STDERR_REDIRECT] WARNING: Could not lock System prefs. Unix error code 5.
2025-11-23 23:42:15,031 [ERROR] LogOutputStream:75 - [STDERR_REDIRECT] 
2025-11-23 23:42:15,031 [ERROR] LogOutputStream:75 - [STDERR_REDIRECT] Nov 23, 2025 11:42:15 PM java.util.prefs.FileSystemPreferences syncWorld
2025-11-23 23:42:15,032 [ERROR] LogOutputStream:75 - [STDERR_REDIRECT] WARNING: Couldn't flush system prefs: java.util.prefs.BackingStoreException: Couldn't get file lock.
2025-11-23 23:42:15,032 [ERROR] LogOutputStream:75 - [STDERR_REDIRECT] 
2025-11-23 23:42:45,030 [ERROR] LogOutputStream:75 - [STDERR_REDIRECT] Nov 23, 2025 11:42:45 PM java.util.prefs.FileSystemPreferences checkLockFile0ErrorCode
2025-11-23 23:42:45,031 [ERROR] LogOutputStream:75 - [STDERR_REDIRECT] WARNING: Could not lock System prefs. Unix error code 5.
2025-11-23 23:42:45,031 [ERROR] LogOutputStream:75 - [STDERR_REDIRECT] 
2025-11-23 23:42:45,031 [ERROR] LogOutputStream:75 - [STDERR_REDIRECT] Nov 23, 2025 11:42:45 PM java.util.prefs.FileSystemPreferences syncWorld
2025-11-23 23:42:45,031 [ERROR] LogOutputStream:75 - [STDERR_REDIRECT] WARNING: Couldn't flush system prefs: java.util.prefs.BackingStoreException: Couldn't get file lock.
2025-11-23 23:42:45,031 [ERROR] LogOutputStream:75 - [STDERR_REDIRECT] 
2025-11-23 23:43:15,031 [ERROR] LogOutputStream:75 - [STDERR_REDIRECT] Nov 23, 2025 11:43:15 PM java.util.prefs.FileSystemPreferences checkLockFile0ErrorCode
2025-11-23 23:43:15,031 [ERROR] LogOutputStream:75 - [STDERR_REDIRECT] WARNING: Could not lock System prefs. Unix error code 5.
2025-11-23 23:43:15,031 [ERROR] LogOutputStream:75 - [STDERR_REDIRECT] 
2025-11-23 23:43:15,031 [ERROR] LogOutputStream:75 - [STDERR_REDIRECT] Nov 23, 2025 11:43:15 PM java.util.prefs.FileSystemPreferences syncWorld
2025-11-23 23:43:15,032 [ERROR] LogOutputStream:75 - [STDERR_REDIRECT] WARNING: Couldn't flush system prefs: java.util.prefs.BackingStoreException: Couldn't get file lock.
2025-11-23 23:43:15,032 [ERROR] LogOutputStream:75 - [STDERR_REDIRECT] 
2025-11-23 23:43:45,030 [ERROR] LogOutputStream:75 - [STDERR_REDIRECT] Nov 23, 2025 11:43:45 PM java.util.prefs.FileSystemPreferences checkLockFile0ErrorCode
2025-11-23 23:43:45,030 [ERROR] LogOutputStream:75 - [STDERR_REDIRECT] WARNING: Could not lock System prefs. Unix error code 5.
2025-11-23 23:43:45,030 [ERROR] LogOutputStream:75 - [STDERR_REDIRECT] 
2025-11-23 23:43:45,030 [ERROR] LogOutputStream:75 - [STDERR_REDIRECT] Nov 23, 2025 11:43:45 PM java.util.prefs.FileSystemPreferences syncWorld
2025-11-23 23:43:45,031 [ERROR] LogOutputStream:75 - [STDERR_REDIRECT] WARNING: Couldn't flush system prefs: java.util.prefs.BackingStoreException: Couldn't get file lock.
2025-11-23 23:43:45,031 [ERROR] LogOutputStream:75 - [STDERR_REDIRECT] 
2025-11-23 23:44:15,030 [ERROR] LogOutputStream:75 - [STDERR_REDIRECT] Nov 23, 2025 11:44:15 PM java.util.prefs.FileSystemPreferences checkLockFile0ErrorCode
2025-11-23 23:44:15,031 [ERROR] LogOutputStream:75 - [STDERR_REDIRECT] WARNING: Could not lock System prefs. Unix error code 5.
2025-11-23 23:44:15,031 [ERROR] LogOutputStream:75 - [STDERR_REDIRECT] 
2025-11-23 23:44:15,031 [ERROR] LogOutputStream:75 - [STDERR_REDIRECT] Nov 23, 2025 11:44:15 PM java.util.prefs.FileSystemPreferences syncWorld
2025-11-23 23:44:15,031 [ERROR] LogOutputStream:75 - [STDERR_REDIRECT] WARNING: Couldn't flush system prefs: java.util.prefs.BackingStoreException: Couldn't get file lock.
2025-11-23 23:44:15,031 [ERROR] LogOutputStream:75 - [STDERR_REDIRECT] 
2025-11-23 23:44:45,031 [ERROR] LogOutputStream:75 - [STDERR_REDIRECT] Nov 23, 2025 11:44:45 PM java.util.prefs.FileSystemPreferences checkLockFile0ErrorCode
2025-11-23 23:44:45,031 [ERROR] LogOutputStream:75 - [STDERR_REDIRECT] WARNING: Could not lock System prefs. Unix error code 5.
2025-11-23 23:44:45,031 [ERROR] LogOutputStream:75 - [STDERR_REDIRECT] 
2025-11-23 23:44:45,031 [ERROR] LogOutputStream:75 - [STDERR_REDIRECT] Nov 23, 2025 11:44:45 PM java.util.prefs.FileSystemPreferences syncWorld
2025-11-23 23:44:45,031 [ERROR] LogOutputStream:75 - [STDERR_REDIRECT] WARNING: Couldn't flush system prefs: java.util.prefs.BackingStoreException: Couldn't get file lock.
2025-11-23 23:44:45,031 [ERROR] LogOutputStream:75 - [STDERR_REDIRECT] 
2025-11-23 23:45:15,031 [ERROR] LogOutputStream:75 - [STDERR_REDIRECT] Nov 23, 2025 11:45:15 PM java.util.prefs.FileSystemPreferences checkLockFile0ErrorCode
2025-11-23 23:45:15,031 [ERROR] LogOutputStream:75 - [STDERR_REDIRECT] WARNING: Could not lock System prefs. Unix error code 5.
2025-11-23 23:45:15,031 [ERROR] LogOutputStream:75 - [STDERR_REDIRECT] 
2025-11-23 23:45:15,031 [ERROR] LogOutputStream:75 - [STDERR_REDIRECT] Nov 23, 2025 11:45:15 PM java.util.prefs.FileSystemPreferences syncWorld
2025-11-23 23:45:15,031 [ERROR] LogOutputStream:75 - [STDERR_REDIRECT] WARNING: Couldn't flush system prefs: java.util.prefs.BackingStoreException: Couldn't get file lock.
2025-11-23 23:45:15,031 [ERROR] LogOutputStream:75 - [STDERR_REDIRECT] 
2025-11-23 23:45:45,032 [ERROR] LogOutputStream:75 - [STDERR_REDIRECT] Nov 23, 2025 11:45:45 PM java.util.prefs.FileSystemPreferences checkLockFile0ErrorCode
2025-11-23 23:45:45,032 [ERROR] LogOutputStream:75 - [STDERR_REDIRECT] WARNING: Could not lock System prefs. Unix error code 5.
2025-11-23 23:45:45,032 [ERROR] LogOutputStream:75 - [STDERR_REDIRECT] 
2025-11-23 23:45:45,032 [ERROR] LogOutputStream:75 - [STDERR_REDIRECT] Nov 23, 2025 11:45:45 PM java.util.prefs.FileSystemPreferences syncWorld
2025-11-23 23:45:45,033 [ERROR] LogOutputStream:75 - [STDERR_REDIRECT] WARNING: Couldn't flush system prefs: java.util.prefs.BackingStoreException: Couldn't get file lock.
2025-11-23 23:45:45,033 [ERROR] LogOutputStream:75 - [STDERR_REDIRECT] 
2025-11-23 23:46:15,032 [ERROR] LogOutputStream:75 - [STDERR_REDIRECT] Nov 23, 2025 11:46:15 PM java.util.prefs.FileSystemPreferences checkLockFile0ErrorCode
2025-11-23 23:46:15,032 [ERROR] LogOutputStream:75 - [STDERR_REDIRECT] WARNING: Could not lock System prefs. Unix error code 5.
2025-11-23 23:46:15,032 [ERROR] LogOutputStream:75 - [STDERR_REDIRECT] 
2025-11-23 23:46:15,032 [ERROR] LogOutputStream:75 - [STDERR_REDIRECT] Nov 23, 2025 11:46:15 PM java.util.prefs.FileSystemPreferences syncWorld
2025-11-23 23:46:15,032 [ERROR] LogOutputStream:75 - [STDERR_REDIRECT] WARNING: Couldn't flush system prefs: java.util.prefs.BackingStoreException: Couldn't get file lock.
2025-11-23 23:46:15,032 [ERROR] LogOutputStream:75 - [STDERR_REDIRECT] 
2025-11-23 23:46:45,033 [ERROR] LogOutputStream:75 - [STDERR_REDIRECT] Nov 23, 2025 11:46:45 PM java.util.prefs.FileSystemPreferences checkLockFile0ErrorCode
2025-11-23 23:46:45,033 [ERROR] LogOutputStream:75 - [STDERR_REDIRECT] WARNING: Could not lock System prefs. Unix error code 5.
2025-11-23 23:46:45,034 [ERROR] LogOutputStream:75 - [STDERR_REDIRECT] 
2025-11-23 23:46:45,034 [ERROR] LogOutputStream:75 - [STDERR_REDIRECT] Nov 23, 2025 11:46:45 PM java.util.prefs.FileSystemPreferences syncWorld
2025-11-23 23:46:45,034 [ERROR] LogOutputStream:75 - [STDERR_REDIRECT] WARNING: Couldn't flush system prefs: java.util.prefs.BackingStoreException: Couldn't get file lock.
2025-11-23 23:46:45,034 [ERROR] LogOutputStream:75 - [STDERR_REDIRECT] 
2025-11-23 23:47:15,034 [ERROR] LogOutputStream:75 - [STDERR_REDIRECT] Nov 23, 2025 11:47:15 PM java.util.prefs.FileSystemPreferences checkLockFile0ErrorCode
2025-11-23 23:47:15,035 [ERROR] LogOutputStream:75 - [STDERR_REDIRECT] WARNING: Could not lock System prefs. Unix error code 5.
2025-11-23 23:47:15,035 [ERROR] LogOutputStream:75 - [STDERR_REDIRECT] 
2025-11-23 23:47:15,035 [ERROR] LogOutputStream:75 - [STDERR_REDIRECT] Nov 23, 2025 11:47:15 PM java.util.prefs.FileSystemPreferences syncWorld
2025-11-23 23:47:15,035 [ERROR] LogOutputStream:75 - [STDERR_REDIRECT] WARNING: Couldn't flush system prefs: java.util.prefs.BackingStoreException: Couldn't get file lock.
2025-11-23 23:47:15,035 [ERROR] LogOutputStream:75 - [STDERR_REDIRECT] 
2025-11-23 23:47:45,035 [ERROR] LogOutputStream:75 - [STDERR_REDIRECT] Nov 23, 2025 11:47:45 PM java.util.prefs.FileSystemPreferences checkLockFile0ErrorCode
2025-11-23 23:47:45,035 [ERROR] LogOutputStream:75 - [STDERR_REDIRECT] WARNING: Could not lock System prefs. Unix error code 5.
2025-11-23 23:47:45,035 [ERROR] LogOutputStream:75 - [STDERR_REDIRECT] 
2025-11-23 23:47:45,035 [ERROR] LogOutputStream:75 - [STDERR_REDIRECT] Nov 23, 2025 11:47:45 PM java.util.prefs.FileSystemPreferences syncWorld
2025-11-23 23:47:45,035 [ERROR] LogOutputStream:75 - [STDERR_REDIRECT] WARNING: Couldn't flush system prefs: java.util.prefs.BackingStoreException: Couldn't get file lock.
2025-11-23 23:47:45,035 [ERROR] LogOutputStream:75 - [STDERR_REDIRECT] 
2025-11-23 23:48:15,035 [ERROR] LogOutputStream:75 - [STDERR_REDIRECT] Nov 23, 2025 11:48:15 PM java.util.prefs.FileSystemPreferences checkLockFile0ErrorCode
2025-11-23 23:48:15,035 [ERROR] LogOutputStream:75 - [STDERR_REDIRECT] WARNING: Could not lock System prefs. Unix error code 5.
2025-11-23 23:48:15,036 [ERROR] LogOutputStream:75 - [STDERR_REDIRECT] 
2025-11-23 23:48:15,036 [ERROR] LogOutputStream:75 - [STDERR_REDIRECT] Nov 23, 2025 11:48:15 PM java.util.prefs.FileSystemPreferences syncWorld
2025-11-23 23:48:15,036 [ERROR] LogOutputStream:75 - [STDERR_REDIRECT] WARNING: Couldn't flush system prefs: java.util.prefs.BackingStoreException: Couldn't get file lock.
2025-11-23 23:48:15,036 [ERROR] LogOutputStream:75 - [STDERR_REDIRECT] 
2025-11-23 23:48:45,036 [ERROR] LogOutputStream:75 - [STDERR_REDIRECT] Nov 23, 2025 11:48:45 PM java.util.prefs.FileSystemPreferences checkLockFile0ErrorCode
2025-11-23 23:48:45,036 [ERROR] LogOutputStream:75 - [STDERR_REDIRECT] WARNING: Could not lock System prefs. Unix error code 5.
2025-11-23 23:48:45,036 [ERROR] LogOutputStream:75 - [STDERR_REDIRECT] 
2025-11-23 23:48:45,036 [ERROR] LogOutputStream:75 - [STDERR_REDIRECT] Nov 23, 2025 11:48:45 PM java.util.prefs.FileSystemPreferences syncWorld
2025-11-23 23:48:45,036 [ERROR] LogOutputStream:75 - [STDERR_REDIRECT] WARNING: Couldn't flush system prefs: java.util.prefs.BackingStoreException: Couldn't get file lock.
2025-11-23 23:48:45,036 [ERROR] LogOutputStream:75 - [STDERR_REDIRECT] 
2025-11-23 23:49:15,036 [ERROR] LogOutputStream:75 - [STDERR_REDIRECT] Nov 23, 2025 11:49:15 PM java.util.prefs.FileSystemPreferences checkLockFile0ErrorCode
2025-11-23 23:49:15,036 [ERROR] LogOutputStream:75 - [STDERR_REDIRECT] WARNING: Could not lock System prefs. Unix error code 5.
2025-11-23 23:49:15,036 [ERROR] LogOutputStream:75 - [STDERR_REDIRECT] 
2025-11-23 23:49:15,036 [ERROR] LogOutputStream:75 - [STDERR_REDIRECT] Nov 23, 2025 11:49:15 PM java.util.prefs.FileSystemPreferences syncWorld
2025-11-23 23:49:15,036 [ERROR] LogOutputStream:75 - [STDERR_REDIRECT] WARNING: Couldn't flush system prefs: java.util.prefs.BackingStoreException: Couldn't get file lock.
2025-11-23 23:49:15,036 [ERROR] LogOutputStream:75 - [STDERR_REDIRECT] 
2025-11-23 23:49:45,036 [ERROR] LogOutputStream:75 - [STDERR_REDIRECT] Nov 23, 2025 11:49:45 PM java.util.prefs.FileSystemPreferences checkLockFile0ErrorCode
2025-11-23 23:49:45,036 [ERROR] LogOutputStream:75 - [STDERR_REDIRECT] WARNING: Could not lock System prefs. Unix error code 5.
2025-11-23 23:49:45,036 [ERROR] LogOutputStream:75 - [STDERR_REDIRECT] 
2025-11-23 23:49:45,036 [ERROR] LogOutputStream:75 - [STDERR_REDIRECT] Nov 23, 2025 11:49:45 PM java.util.prefs.FileSystemPreferences syncWorld
2025-11-23 23:49:45,036 [ERROR] LogOutputStream:75 - [STDERR_REDIRECT] WARNING: Couldn't flush system prefs: java.util.prefs.BackingStoreException: Couldn't get file lock.
2025-11-23 23:49:45,036 [ERROR] LogOutputStream:75 - [STDERR_REDIRECT] 
2025-11-23 23:50:15,038 [ERROR] LogOutputStream:75 - [STDERR_REDIRECT] Nov 23, 2025 11:50:15 PM java.util.prefs.FileSystemPreferences checkLockFile0ErrorCode
2025-11-23 23:50:15,038 [ERROR] LogOutputStream:75 - [STDERR_REDIRECT] WARNING: Could not lock System prefs. Unix error code 5.
2025-11-23 23:50:15,038 [ERROR] LogOutputStream:75 - [STDERR_REDIRECT] 
2025-11-23 23:50:15,038 [ERROR] LogOutputStream:75 - [STDERR_REDIRECT] Nov 23, 2025 11:50:15 PM java.util.prefs.FileSystemPreferences syncWorld
2025-11-23 23:50:15,038 [ERROR] LogOutputStream:75 - [STDERR_REDIRECT] WARNING: Couldn't flush system prefs: java.util.prefs.BackingStoreException: Couldn't get file lock.
2025-11-23 23:50:15,038 [ERROR] LogOutputStream:75 - [STDERR_REDIRECT] 
2025-11-23 23:50:45,038 [ERROR] LogOutputStream:75 - [STDERR_REDIRECT] Nov 23, 2025 11:50:45 PM java.util.prefs.FileSystemPreferences checkLockFile0ErrorCode
2025-11-23 23:50:45,038 [ERROR] LogOutputStream:75 - [STDERR_REDIRECT] WARNING: Could not lock System prefs. Unix error code 5.
2025-11-23 23:50:45,038 [ERROR] LogOutputStream:75 - [STDERR_REDIRECT] 
2025-11-23 23:50:45,038 [ERROR] LogOutputStream:75 - [STDERR_REDIRECT] Nov 23, 2025 11:50:45 PM java.util.prefs.FileSystemPreferences syncWorld
2025-11-23 23:50:45,038 [ERROR] LogOutputStream:75 - [STDERR_REDIRECT] WARNING: Couldn't flush system prefs: java.util.prefs.BackingStoreException: Couldn't get file lock.
2025-11-23 23:50:45,038 [ERROR] LogOutputStream:75 - [STDERR_REDIRECT] 
2025-11-23 23:51:15,038 [ERROR] LogOutputStream:75 - [STDERR_REDIRECT] Nov 23, 2025 11:51:15 PM java.util.prefs.FileSystemPreferences checkLockFile0ErrorCode
2025-11-23 23:51:15,038 [ERROR] LogOutputStream:75 - [STDERR_REDIRECT] WARNING: Could not lock System prefs. Unix error code 5.
2025-11-23 23:51:15,038 [ERROR] LogOutputStream:75 - [STDERR_REDIRECT] 
2025-11-23 23:51:15,038 [ERROR] LogOutputStream:75 - [STDERR_REDIRECT] Nov 23, 2025 11:51:15 PM java.util.prefs.FileSystemPreferences syncWorld
2025-11-23 23:51:15,038 [ERROR] LogOutputStream:75 - [STDERR_REDIRECT] WARNING: Couldn't flush system prefs: java.util.prefs.BackingStoreException: Couldn't get file lock.
2025-11-23 23:51:15,038 [ERROR] LogOutputStream:75 - [STDERR_REDIRECT] 
2025-11-23 23:51:45,039 [ERROR] LogOutputStream:75 - [STDERR_REDIRECT] Nov 23, 2025 11:51:45 PM java.util.prefs.FileSystemPreferences checkLockFile0ErrorCode
2025-11-23 23:51:45,039 [ERROR] LogOutputStream:75 - [STDERR_REDIRECT] WARNING: Could not lock System prefs. Unix error code 5.
2025-11-23 23:51:45,039 [ERROR] LogOutputStream:75 - [STDERR_REDIRECT] 
2025-11-23 23:51:45,039 [ERROR] LogOutputStream:75 - [STDERR_REDIRECT] Nov 23, 2025 11:51:45 PM java.util.prefs.FileSystemPreferences syncWorld
2025-11-23 23:51:45,039 [ERROR] LogOutputStream:75 - [STDERR_REDIRECT] WARNING: Couldn't flush system prefs: java.util.prefs.BackingStoreException: Couldn't get file lock.
2025-11-23 23:51:45,039 [ERROR] LogOutputStream:75 - [STDERR_REDIRECT] 
2025-11-23 23:52:15,039 [ERROR] LogOutputStream:75 - [STDERR_REDIRECT] Nov 23, 2025 11:52:15 PM java.util.prefs.FileSystemPreferences checkLockFile0ErrorCode
2025-11-23 23:52:15,040 [ERROR] LogOutputStream:75 - [STDERR_REDIRECT] WARNING: Could not lock System prefs. Unix error code 5.
2025-11-23 23:52:15,040 [ERROR] LogOutputStream:75 - [STDERR_REDIRECT] 
2025-11-23 23:52:15,040 [ERROR] LogOutputStream:75 - [STDERR_REDIRECT] Nov 23, 2025 11:52:15 PM java.util.prefs.FileSystemPreferences syncWorld
2025-11-23 23:52:15,040 [ERROR] LogOutputStream:75 - [STDERR_REDIRECT] WARNING: Couldn't flush system prefs: java.util.prefs.BackingStoreException: Couldn't get file lock.
2025-11-23 23:52:15,040 [ERROR] LogOutputStream:75 - [STDERR_REDIRECT] 
2025-11-23 23:52:45,039 [ERROR] LogOutputStream:75 - [STDERR_REDIRECT] Nov 23, 2025 11:52:45 PM java.util.prefs.FileSystemPreferences checkLockFile0ErrorCode
2025-11-23 23:52:45,039 [ERROR] LogOutputStream:75 - [STDERR_REDIRECT] WARNING: Could not lock System prefs. Unix error code 5.
2025-11-23 23:52:45,039 [ERROR] LogOutputStream:75 - [STDERR_REDIRECT] 
2025-11-23 23:52:45,040 [ERROR] LogOutputStream:75 - [STDERR_REDIRECT] Nov 23, 2025 11:52:45 PM java.util.prefs.FileSystemPreferences syncWorld
2025-11-23 23:52:45,040 [ERROR] LogOutputStream:75 - [STDERR_REDIRECT] WARNING: Couldn't flush system prefs: java.util.prefs.BackingStoreException: Couldn't get file lock.
2025-11-23 23:52:45,040 [ERROR] LogOutputStream:75 - [STDERR_REDIRECT] 
2025-11-23 23:53:15,039 [ERROR] LogOutputStream:75 - [STDERR_REDIRECT] Nov 23, 2025 11:53:15 PM java.util.prefs.FileSystemPreferences checkLockFile0ErrorCode
2025-11-23 23:53:15,039 [ERROR] LogOutputStream:75 - [STDERR_REDIRECT] WARNING: Could not lock System prefs. Unix error code 5.
2025-11-23 23:53:15,039 [ERROR] LogOutputStream:75 - [STDERR_REDIRECT] 
2025-11-23 23:53:15,039 [ERROR] LogOutputStream:75 - [STDERR_REDIRECT] Nov 23, 2025 11:53:15 PM java.util.prefs.FileSystemPreferences syncWorld
2025-11-23 23:53:15,039 [ERROR] LogOutputStream:75 - [STDERR_REDIRECT] WARNING: Couldn't flush system prefs: java.util.prefs.BackingStoreException: Couldn't get file lock.
2025-11-23 23:53:15,039 [ERROR] LogOutputStream:75 - [STDERR_REDIRECT] 
2025-11-23 23:53:45,039 [ERROR] LogOutputStream:75 - [STDERR_REDIRECT] Nov 23, 2025 11:53:45 PM java.util.prefs.FileSystemPreferences checkLockFile0ErrorCode
2025-11-23 23:53:45,039 [ERROR] LogOutputStream:75 - [STDERR_REDIRECT] WARNING: Could not lock System prefs. Unix error code 5.
2025-11-23 23:53:45,039 [ERROR] LogOutputStream:75 - [STDERR_REDIRECT] 
2025-11-23 23:53:45,040 [ERROR] LogOutputStream:75 - [STDERR_REDIRECT] Nov 23, 2025 11:53:45 PM java.util.prefs.FileSystemPreferences syncWorld
2025-11-23 23:53:45,040 [ERROR] LogOutputStream:75 - [STDERR_REDIRECT] WARNING: Couldn't flush system prefs: java.util.prefs.BackingStoreException: Couldn't get file lock.
2025-11-23 23:53:45,040 [ERROR] LogOutputStream:75 - [STDERR_REDIRECT] 
2025-11-23 23:54:15,038 [ERROR] LogOutputStream:75 - [STDERR_REDIRECT] Nov 23, 2025 11:54:15 PM java.util.prefs.FileSystemPreferences checkLockFile0ErrorCode
2025-11-23 23:54:15,038 [ERROR] LogOutputStream:75 - [STDERR_REDIRECT] WARNING: Could not lock System prefs. Unix error code 5.
2025-11-23 23:54:15,038 [ERROR] LogOutputStream:75 - [STDERR_REDIRECT] 
2025-11-23 23:54:15,039 [ERROR] LogOutputStream:75 - [STDERR_REDIRECT] Nov 23, 2025 11:54:15 PM java.util.prefs.FileSystemPreferences syncWorld
2025-11-23 23:54:15,039 [ERROR] LogOutputStream:75 - [STDERR_REDIRECT] WARNING: Couldn't flush system prefs: java.util.prefs.BackingStoreException: Couldn't get file lock.
2025-11-23 23:54:15,039 [ERROR] LogOutputStream:75 - [STDERR_REDIRECT] 
2025-11-23 23:54:45,038 [ERROR] LogOutputStream:75 - [STDERR_REDIRECT] Nov 23, 2025 11:54:45 PM java.util.prefs.FileSystemPreferences checkLockFile0ErrorCode
2025-11-23 23:54:45,038 [ERROR] LogOutputStream:75 - [STDERR_REDIRECT] WARNING: Could not lock System prefs. Unix error code 5.
2025-11-23 23:54:45,038 [ERROR] LogOutputStream:75 - [STDERR_REDIRECT] 
2025-11-23 23:54:45,039 [ERROR] LogOutputStream:75 - [STDERR_REDIRECT] Nov 23, 2025 11:54:45 PM java.util.prefs.FileSystemPreferences syncWorld
2025-11-23 23:54:45,039 [ERROR] LogOutputStream:75 - [STDERR_REDIRECT] WARNING: Couldn't flush system prefs: java.util.prefs.BackingStoreException: Couldn't get file lock.
2025-11-23 23:54:45,039 [ERROR] LogOutputStream:75 - [STDERR_REDIRECT] 
2025-11-23 23:55:15,039 [ERROR] LogOutputStream:75 - [STDERR_REDIRECT] Nov 23, 2025 11:55:15 PM java.util.prefs.FileSystemPreferences checkLockFile0ErrorCode
2025-11-23 23:55:15,039 [ERROR] LogOutputStream:75 - [STDERR_REDIRECT] WARNING: Could not lock System prefs. Unix error code 5.
2025-11-23 23:55:15,039 [ERROR] LogOutputStream:75 - [STDERR_REDIRECT] 
2025-11-23 23:55:15,039 [ERROR] LogOutputStream:75 - [STDERR_REDIRECT] Nov 23, 2025 11:55:15 PM java.util.prefs.FileSystemPreferences syncWorld
2025-11-23 23:55:15,039 [ERROR] LogOutputStream:75 - [STDERR_REDIRECT] WARNING: Couldn't flush system prefs: java.util.prefs.BackingStoreException: Couldn't get file lock.
2025-11-23 23:55:15,039 [ERROR] LogOutputStream:75 - [STDERR_REDIRECT] 
2025-11-23 23:55:45,039 [ERROR] LogOutputStream:75 - [STDERR_REDIRECT] Nov 23, 2025 11:55:45 PM java.util.prefs.FileSystemPreferences checkLockFile0ErrorCode
2025-11-23 23:55:45,039 [ERROR] LogOutputStream:75 - [STDERR_REDIRECT] WARNING: Could not lock System prefs. Unix error code 5.
2025-11-23 23:55:45,039 [ERROR] LogOutputStream:75 - [STDERR_REDIRECT] 
2025-11-23 23:55:45,039 [ERROR] LogOutputStream:75 - [STDERR_REDIRECT] Nov 23, 2025 11:55:45 PM java.util.prefs.FileSystemPreferences syncWorld
2025-11-23 23:55:45,040 [ERROR] LogOutputStream:75 - [STDERR_REDIRECT] WARNING: Couldn't flush system prefs: java.util.prefs.BackingStoreException: Couldn't get file lock.
2025-11-23 23:55:45,040 [ERROR] LogOutputStream:75 - [STDERR_REDIRECT] 
2025-11-23 23:56:15,039 [ERROR] LogOutputStream:75 - [STDERR_REDIRECT] Nov 23, 2025 11:56:15 PM java.util.prefs.FileSystemPreferences checkLockFile0ErrorCode
2025-11-23 23:56:15,039 [ERROR] LogOutputStream:75 - [STDERR_REDIRECT] WARNING: Could not lock System prefs. Unix error code 5.
2025-11-23 23:56:15,039 [ERROR] LogOutputStream:75 - [STDERR_REDIRECT] 
2025-11-23 23:56:15,040 [ERROR] LogOutputStream:75 - [STDERR_REDIRECT] Nov 23, 2025 11:56:15 PM java.util.prefs.FileSystemPreferences syncWorld
2025-11-23 23:56:15,040 [ERROR] LogOutputStream:75 - [STDERR_REDIRECT] WARNING: Couldn't flush system prefs: java.util.prefs.BackingStoreException: Couldn't get file lock.
2025-11-23 23:56:15,040 [ERROR] LogOutputStream:75 - [STDERR_REDIRECT] 
2025-11-23 23:56:45,039 [ERROR] LogOutputStream:75 - [STDERR_REDIRECT] Nov 23, 2025 11:56:45 PM java.util.prefs.FileSystemPreferences checkLockFile0ErrorCode
2025-11-23 23:56:45,040 [ERROR] LogOutputStream:75 - [STDERR_REDIRECT] WARNING: Could not lock System prefs. Unix error code 5.
2025-11-23 23:56:45,040 [ERROR] LogOutputStream:75 - [STDERR_REDIRECT] 
2025-11-23 23:56:45,040 [ERROR] LogOutputStream:75 - [STDERR_REDIRECT] Nov 23, 2025 11:56:45 PM java.util.prefs.FileSystemPreferences syncWorld
2025-11-23 23:56:45,040 [ERROR] LogOutputStream:75 - [STDERR_REDIRECT] WARNING: Couldn't flush system prefs: java.util.prefs.BackingStoreException: Couldn't get file lock.
2025-11-23 23:56:45,040 [ERROR] LogOutputStream:75 - [STDERR_REDIRECT] 
2025-11-23 23:57:15,041 [ERROR] LogOutputStream:75 - [STDERR_REDIRECT] Nov 23, 2025 11:57:15 PM java.util.prefs.FileSystemPreferences checkLockFile0ErrorCode
2025-11-23 23:57:15,041 [ERROR] LogOutputStream:75 - [STDERR_REDIRECT] WARNING: Could not lock System prefs. Unix error code 5.
2025-11-23 23:57:15,041 [ERROR] LogOutputStream:75 - [STDERR_REDIRECT] 
2025-11-23 23:57:15,042 [ERROR] LogOutputStream:75 - [STDERR_REDIRECT] Nov 23, 2025 11:57:15 PM java.util.prefs.FileSystemPreferences syncWorld
2025-11-23 23:57:15,042 [ERROR] LogOutputStream:75 - [STDERR_REDIRECT] WARNING: Couldn't flush system prefs: java.util.prefs.BackingStoreException: Couldn't get file lock.
2025-11-23 23:57:15,042 [ERROR] LogOutputStream:75 - [STDERR_REDIRECT] 
2025-11-23 23:57:45,040 [ERROR] LogOutputStream:75 - [STDERR_REDIRECT] Nov 23, 2025 11:57:45 PM java.util.prefs.FileSystemPreferences checkLockFile0ErrorCode
2025-11-23 23:57:45,041 [ERROR] LogOutputStream:75 - [STDERR_REDIRECT] WARNING: Could not lock System prefs. Unix error code 5.
2025-11-23 23:57:45,041 [ERROR] LogOutputStream:75 - [STDERR_REDIRECT] 
2025-11-23 23:57:45,041 [ERROR] LogOutputStream:75 - [STDERR_REDIRECT] Nov 23, 2025 11:57:45 PM java.util.prefs.FileSystemPreferences syncWorld
2025-11-23 23:57:45,041 [ERROR] LogOutputStream:75 - [STDERR_REDIRECT] WARNING: Couldn't flush system prefs: java.util.prefs.BackingStoreException: Couldn't get file lock.
2025-11-23 23:57:45,041 [ERROR] LogOutputStream:75 - [STDERR_REDIRECT] 
2025-11-23 23:58:15,039 [ERROR] LogOutputStream:75 - [STDERR_REDIRECT] Nov 23, 2025 11:58:15 PM java.util.prefs.FileSystemPreferences checkLockFile0ErrorCode
2025-11-23 23:58:15,040 [ERROR] LogOutputStream:75 - [STDERR_REDIRECT] WARNING: Could not lock System prefs. Unix error code 5.
2025-11-23 23:58:15,040 [ERROR] LogOutputStream:75 - [STDERR_REDIRECT] 
2025-11-23 23:58:15,040 [ERROR] LogOutputStream:75 - [STDERR_REDIRECT] Nov 23, 2025 11:58:15 PM java.util.prefs.FileSystemPreferences syncWorld
2025-11-23 23:58:15,040 [ERROR] LogOutputStream:75 - [STDERR_REDIRECT] WARNING: Couldn't flush system prefs: java.util.prefs.BackingStoreException: Couldn't get file lock.
2025-11-23 23:58:15,040 [ERROR] LogOutputStream:75 - [STDERR_REDIRECT] 
2025-11-23 23:58:45,040 [ERROR] LogOutputStream:75 - [STDERR_REDIRECT] Nov 23, 2025 11:58:45 PM java.util.prefs.FileSystemPreferences checkLockFile0ErrorCode
2025-11-23 23:58:45,040 [ERROR] LogOutputStream:75 - [STDERR_REDIRECT] WARNING: Could not lock System prefs. Unix error code 5.
2025-11-23 23:58:45,040 [ERROR] LogOutputStream:75 - [STDERR_REDIRECT] 
2025-11-23 23:58:45,040 [ERROR] LogOutputStream:75 - [STDERR_REDIRECT] Nov 23, 2025 11:58:45 PM java.util.prefs.FileSystemPreferences syncWorld
2025-11-23 23:58:45,040 [ERROR] LogOutputStream:75 - [STDERR_REDIRECT] WARNING: Couldn't flush system prefs: java.util.prefs.BackingStoreException: Couldn't get file lock.
2025-11-23 23:58:45,040 [ERROR] LogOutputStream:75 - [STDERR_REDIRECT] 
2025-11-23 23:59:15,040 [ERROR] LogOutputStream:75 - [STDERR_REDIRECT] Nov 23, 2025 11:59:15 PM java.util.prefs.FileSystemPreferences checkLockFile0ErrorCode
2025-11-23 23:59:15,040 [ERROR] LogOutputStream:75 - [STDERR_REDIRECT] WARNING: Could not lock System prefs. Unix error code 5.
2025-11-23 23:59:15,040 [ERROR] LogOutputStream:75 - [STDERR_REDIRECT] 
2025-11-23 23:59:15,040 [ERROR] LogOutputStream:75 - [STDERR_REDIRECT] Nov 23, 2025 11:59:15 PM java.util.prefs.FileSystemPreferences syncWorld
2025-11-23 23:59:15,041 [ERROR] LogOutputStream:75 - [STDERR_REDIRECT] WARNING: Couldn't flush system prefs: java.util.prefs.BackingStoreException: Couldn't get file lock.
2025-11-23 23:59:15,041 [ERROR] LogOutputStream:75 - [STDERR_REDIRECT] 
2025-11-23 23:59:45,043 [ERROR] LogOutputStream:75 - [STDERR_REDIRECT] Nov 23, 2025 11:59:45 PM java.util.prefs.FileSystemPreferences checkLockFile0ErrorCode
2025-11-23 23:59:45,043 [ERROR] LogOutputStream:75 - [STDERR_REDIRECT] WARNING: Could not lock System prefs. Unix error code 5.
2025-11-23 23:59:45,043 [ERROR] LogOutputStream:75 - [STDERR_REDIRECT] 
2025-11-23 23:59:45,044 [ERROR] LogOutputStream:75 - [STDERR_REDIRECT] Nov 23, 2025 11:59:45 PM java.util.prefs.FileSystemPreferences syncWorld
2025-11-23 23:59:45,044 [ERROR] LogOutputStream:75 - [STDERR_REDIRECT] WARNING: Couldn't flush system prefs: java.util.prefs.BackingStoreException: Couldn't get file lock.
2025-11-23 23:59:45,044 [ERROR] LogOutputStream:75 - [STDERR_REDIRECT] 
