2026-05-08 00:40:52,703 [ERROR] LogOutputStream:75 - [STDERR_REDIRECT] May 08, 2026 12:40:52 AM java.util.prefs.FileSystemPreferences checkLockFile0ErrorCode
2026-05-08 00:40:52,704 [ERROR] LogOutputStream:75 - [STDERR_REDIRECT] WARNING: Could not lock System prefs. Unix error code 5.
2026-05-08 00:40:52,705 [ERROR] LogOutputStream:75 - [STDERR_REDIRECT] 
2026-05-08 00:40:52,705 [ERROR] LogOutputStream:75 - [STDERR_REDIRECT] May 08, 2026 12:40:52 AM java.util.prefs.FileSystemPreferences syncWorld
2026-05-08 00:40:52,705 [ERROR] LogOutputStream:75 - [STDERR_REDIRECT] WARNING: Couldn't flush system prefs: java.util.prefs.BackingStoreException: Couldn't get file lock.
2026-05-08 00:40:52,705 [ERROR] LogOutputStream:75 - [STDERR_REDIRECT] 
2026-05-08 00:41:22,706 [ERROR] LogOutputStream:75 - [STDERR_REDIRECT] May 08, 2026 12:41:22 AM java.util.prefs.FileSystemPreferences checkLockFile0ErrorCode
2026-05-08 00:41:22,706 [ERROR] LogOutputStream:75 - [STDERR_REDIRECT] WARNING: Could not lock System prefs. Unix error code 5.
2026-05-08 00:41:22,706 [ERROR] LogOutputStream:75 - [STDERR_REDIRECT] 
2026-05-08 00:41:22,708 [ERROR] LogOutputStream:75 - [STDERR_REDIRECT] May 08, 2026 12:41:22 AM java.util.prefs.FileSystemPreferences syncWorld
2026-05-08 00:41:22,708 [ERROR] LogOutputStream:75 - [STDERR_REDIRECT] WARNING: Couldn't flush system prefs: java.util.prefs.BackingStoreException: Couldn't get file lock.
2026-05-08 00:41:22,708 [ERROR] LogOutputStream:75 - [STDERR_REDIRECT] 
2026-05-08 00:41:52,703 [ERROR] LogOutputStream:75 - [STDERR_REDIRECT] May 08, 2026 12:41:52 AM java.util.prefs.FileSystemPreferences checkLockFile0ErrorCode
2026-05-08 00:41:52,703 [ERROR] LogOutputStream:75 - [STDERR_REDIRECT] WARNING: Could not lock System prefs. Unix error code 5.
2026-05-08 00:41:52,703 [ERROR] LogOutputStream:75 - [STDERR_REDIRECT] 
2026-05-08 00:41:52,704 [ERROR] LogOutputStream:75 - [STDERR_REDIRECT] May 08, 2026 12:41:52 AM java.util.prefs.FileSystemPreferences syncWorld
2026-05-08 00:41:52,704 [ERROR] LogOutputStream:75 - [STDERR_REDIRECT] WARNING: Couldn't flush system prefs: java.util.prefs.BackingStoreException: Couldn't get file lock.
2026-05-08 00:41:52,704 [ERROR] LogOutputStream:75 - [STDERR_REDIRECT] 
2026-05-08 00:42:22,704 [ERROR] LogOutputStream:75 - [STDERR_REDIRECT] May 08, 2026 12:42:22 AM java.util.prefs.FileSystemPreferences checkLockFile0ErrorCode
2026-05-08 00:42:22,704 [ERROR] LogOutputStream:75 - [STDERR_REDIRECT] WARNING: Could not lock System prefs. Unix error code 5.
2026-05-08 00:42:22,704 [ERROR] LogOutputStream:75 - [STDERR_REDIRECT] 
2026-05-08 00:42:22,705 [ERROR] LogOutputStream:75 - [STDERR_REDIRECT] May 08, 2026 12:42:22 AM java.util.prefs.FileSystemPreferences syncWorld
2026-05-08 00:42:22,705 [ERROR] LogOutputStream:75 - [STDERR_REDIRECT] WARNING: Couldn't flush system prefs: java.util.prefs.BackingStoreException: Couldn't get file lock.
2026-05-08 00:42:22,705 [ERROR] LogOutputStream:75 - [STDERR_REDIRECT] 
2026-05-08 00:42:52,703 [ERROR] LogOutputStream:75 - [STDERR_REDIRECT] May 08, 2026 12:42:52 AM java.util.prefs.FileSystemPreferences checkLockFile0ErrorCode
2026-05-08 00:42:52,703 [ERROR] LogOutputStream:75 - [STDERR_REDIRECT] WARNING: Could not lock System prefs. Unix error code 5.
2026-05-08 00:42:52,704 [ERROR] LogOutputStream:75 - [STDERR_REDIRECT] 
2026-05-08 00:42:52,704 [ERROR] LogOutputStream:75 - [STDERR_REDIRECT] May 08, 2026 12:42:52 AM java.util.prefs.FileSystemPreferences syncWorld
2026-05-08 00:42:52,704 [ERROR] LogOutputStream:75 - [STDERR_REDIRECT] WARNING: Couldn't flush system prefs: java.util.prefs.BackingStoreException: Couldn't get file lock.
2026-05-08 00:42:52,704 [ERROR] LogOutputStream:75 - [STDERR_REDIRECT] 
2026-05-08 00:43:22,704 [ERROR] LogOutputStream:75 - [STDERR_REDIRECT] May 08, 2026 12:43:22 AM java.util.prefs.FileSystemPreferences checkLockFile0ErrorCode
2026-05-08 00:43:22,704 [ERROR] LogOutputStream:75 - [STDERR_REDIRECT] WARNING: Could not lock System prefs. Unix error code 5.
2026-05-08 00:43:22,704 [ERROR] LogOutputStream:75 - [STDERR_REDIRECT] 
2026-05-08 00:43:22,704 [ERROR] LogOutputStream:75 - [STDERR_REDIRECT] May 08, 2026 12:43:22 AM java.util.prefs.FileSystemPreferences syncWorld
2026-05-08 00:43:22,704 [ERROR] LogOutputStream:75 - [STDERR_REDIRECT] WARNING: Couldn't flush system prefs: java.util.prefs.BackingStoreException: Couldn't get file lock.
2026-05-08 00:43:22,704 [ERROR] LogOutputStream:75 - [STDERR_REDIRECT] 
2026-05-08 00:43:52,708 [ERROR] LogOutputStream:75 - [STDERR_REDIRECT] May 08, 2026 12:43:52 AM java.util.prefs.FileSystemPreferences checkLockFile0ErrorCode
2026-05-08 00:43:52,708 [ERROR] LogOutputStream:75 - [STDERR_REDIRECT] WARNING: Could not lock System prefs. Unix error code 5.
2026-05-08 00:43:52,708 [ERROR] LogOutputStream:75 - [STDERR_REDIRECT] 
2026-05-08 00:43:52,708 [ERROR] LogOutputStream:75 - [STDERR_REDIRECT] May 08, 2026 12:43:52 AM java.util.prefs.FileSystemPreferences syncWorld
2026-05-08 00:43:52,708 [ERROR] LogOutputStream:75 - [STDERR_REDIRECT] WARNING: Couldn't flush system prefs: java.util.prefs.BackingStoreException: Couldn't get file lock.
2026-05-08 00:43:52,708 [ERROR] LogOutputStream:75 - [STDERR_REDIRECT] 
2026-05-08 00:44:22,707 [ERROR] LogOutputStream:75 - [STDERR_REDIRECT] May 08, 2026 12:44:22 AM java.util.prefs.FileSystemPreferences checkLockFile0ErrorCode
2026-05-08 00:44:22,707 [ERROR] LogOutputStream:75 - [STDERR_REDIRECT] WARNING: Could not lock System prefs. Unix error code 5.
2026-05-08 00:44:22,707 [ERROR] LogOutputStream:75 - [STDERR_REDIRECT] 
2026-05-08 00:44:22,709 [ERROR] LogOutputStream:75 - [STDERR_REDIRECT] May 08, 2026 12:44:22 AM java.util.prefs.FileSystemPreferences syncWorld
2026-05-08 00:44:22,709 [ERROR] LogOutputStream:75 - [STDERR_REDIRECT] WARNING: Couldn't flush system prefs: java.util.prefs.BackingStoreException: Couldn't get file lock.
2026-05-08 00:44:22,709 [ERROR] LogOutputStream:75 - [STDERR_REDIRECT] 
2026-05-08 00:44:52,708 [ERROR] LogOutputStream:75 - [STDERR_REDIRECT] May 08, 2026 12:44:52 AM java.util.prefs.FileSystemPreferences checkLockFile0ErrorCode
2026-05-08 00:44:52,708 [ERROR] LogOutputStream:75 - [STDERR_REDIRECT] WARNING: Could not lock System prefs. Unix error code 5.
2026-05-08 00:44:52,708 [ERROR] LogOutputStream:75 - [STDERR_REDIRECT] 
2026-05-08 00:44:52,708 [ERROR] LogOutputStream:75 - [STDERR_REDIRECT] May 08, 2026 12:44:52 AM java.util.prefs.FileSystemPreferences syncWorld
2026-05-08 00:44:52,708 [ERROR] LogOutputStream:75 - [STDERR_REDIRECT] WARNING: Couldn't flush system prefs: java.util.prefs.BackingStoreException: Couldn't get file lock.
2026-05-08 00:44:52,708 [ERROR] LogOutputStream:75 - [STDERR_REDIRECT] 
2026-05-08 00:45:22,707 [ERROR] LogOutputStream:75 - [STDERR_REDIRECT] May 08, 2026 12:45:22 AM java.util.prefs.FileSystemPreferences checkLockFile0ErrorCode
2026-05-08 00:45:22,707 [ERROR] LogOutputStream:75 - [STDERR_REDIRECT] WARNING: Could not lock System prefs. Unix error code 5.
2026-05-08 00:45:22,707 [ERROR] LogOutputStream:75 - [STDERR_REDIRECT] 
2026-05-08 00:45:22,708 [ERROR] LogOutputStream:75 - [STDERR_REDIRECT] May 08, 2026 12:45:22 AM java.util.prefs.FileSystemPreferences syncWorld
2026-05-08 00:45:22,708 [ERROR] LogOutputStream:75 - [STDERR_REDIRECT] WARNING: Couldn't flush system prefs: java.util.prefs.BackingStoreException: Couldn't get file lock.
2026-05-08 00:45:22,708 [ERROR] LogOutputStream:75 - [STDERR_REDIRECT] 
2026-05-08 00:45:52,708 [ERROR] LogOutputStream:75 - [STDERR_REDIRECT] May 08, 2026 12:45:52 AM java.util.prefs.FileSystemPreferences checkLockFile0ErrorCode
2026-05-08 00:45:52,709 [ERROR] LogOutputStream:75 - [STDERR_REDIRECT] WARNING: Could not lock System prefs. Unix error code 5.
2026-05-08 00:45:52,709 [ERROR] LogOutputStream:75 - [STDERR_REDIRECT] 
2026-05-08 00:45:52,709 [ERROR] LogOutputStream:75 - [STDERR_REDIRECT] May 08, 2026 12:45:52 AM java.util.prefs.FileSystemPreferences syncWorld
2026-05-08 00:45:52,709 [ERROR] LogOutputStream:75 - [STDERR_REDIRECT] WARNING: Couldn't flush system prefs: java.util.prefs.BackingStoreException: Couldn't get file lock.
2026-05-08 00:45:52,709 [ERROR] LogOutputStream:75 - [STDERR_REDIRECT] 
2026-05-08 00:46:22,709 [ERROR] LogOutputStream:75 - [STDERR_REDIRECT] May 08, 2026 12:46:22 AM java.util.prefs.FileSystemPreferences checkLockFile0ErrorCode
2026-05-08 00:46:22,709 [ERROR] LogOutputStream:75 - [STDERR_REDIRECT] WARNING: Could not lock System prefs. Unix error code 5.
2026-05-08 00:46:22,709 [ERROR] LogOutputStream:75 - [STDERR_REDIRECT] 
2026-05-08 00:46:22,709 [ERROR] LogOutputStream:75 - [STDERR_REDIRECT] May 08, 2026 12:46:22 AM java.util.prefs.FileSystemPreferences syncWorld
2026-05-08 00:46:22,709 [ERROR] LogOutputStream:75 - [STDERR_REDIRECT] WARNING: Couldn't flush system prefs: java.util.prefs.BackingStoreException: Couldn't get file lock.
2026-05-08 00:46:22,709 [ERROR] LogOutputStream:75 - [STDERR_REDIRECT] 
2026-05-08 00:46:52,709 [ERROR] LogOutputStream:75 - [STDERR_REDIRECT] May 08, 2026 12:46:52 AM java.util.prefs.FileSystemPreferences checkLockFile0ErrorCode
2026-05-08 00:46:52,709 [ERROR] LogOutputStream:75 - [STDERR_REDIRECT] WARNING: Could not lock System prefs. Unix error code 5.
2026-05-08 00:46:52,709 [ERROR] LogOutputStream:75 - [STDERR_REDIRECT] 
2026-05-08 00:46:52,709 [ERROR] LogOutputStream:75 - [STDERR_REDIRECT] May 08, 2026 12:46:52 AM java.util.prefs.FileSystemPreferences syncWorld
2026-05-08 00:46:52,709 [ERROR] LogOutputStream:75 - [STDERR_REDIRECT] WARNING: Couldn't flush system prefs: java.util.prefs.BackingStoreException: Couldn't get file lock.
2026-05-08 00:46:52,709 [ERROR] LogOutputStream:75 - [STDERR_REDIRECT] 
2026-05-08 00:47:22,709 [ERROR] LogOutputStream:75 - [STDERR_REDIRECT] May 08, 2026 12:47:22 AM java.util.prefs.FileSystemPreferences checkLockFile0ErrorCode
2026-05-08 00:47:22,709 [ERROR] LogOutputStream:75 - [STDERR_REDIRECT] WARNING: Could not lock System prefs. Unix error code 5.
2026-05-08 00:47:22,709 [ERROR] LogOutputStream:75 - [STDERR_REDIRECT] 
2026-05-08 00:47:22,709 [ERROR] LogOutputStream:75 - [STDERR_REDIRECT] May 08, 2026 12:47:22 AM java.util.prefs.FileSystemPreferences syncWorld
2026-05-08 00:47:22,709 [ERROR] LogOutputStream:75 - [STDERR_REDIRECT] WARNING: Couldn't flush system prefs: java.util.prefs.BackingStoreException: Couldn't get file lock.
2026-05-08 00:47:22,710 [ERROR] LogOutputStream:75 - [STDERR_REDIRECT] 
2026-05-08 00:47:52,712 [ERROR] LogOutputStream:75 - [STDERR_REDIRECT] May 08, 2026 12:47:52 AM java.util.prefs.FileSystemPreferences checkLockFile0ErrorCode
2026-05-08 00:47:52,712 [ERROR] LogOutputStream:75 - [STDERR_REDIRECT] WARNING: Could not lock System prefs. Unix error code 5.
2026-05-08 00:47:52,712 [ERROR] LogOutputStream:75 - [STDERR_REDIRECT] 
2026-05-08 00:47:52,712 [ERROR] LogOutputStream:75 - [STDERR_REDIRECT] May 08, 2026 12:47:52 AM java.util.prefs.FileSystemPreferences syncWorld
2026-05-08 00:47:52,712 [ERROR] LogOutputStream:75 - [STDERR_REDIRECT] WARNING: Couldn't flush system prefs: java.util.prefs.BackingStoreException: Couldn't get file lock.
2026-05-08 00:47:52,712 [ERROR] LogOutputStream:75 - [STDERR_REDIRECT] 
2026-05-08 00:48:22,711 [ERROR] LogOutputStream:75 - [STDERR_REDIRECT] May 08, 2026 12:48:22 AM java.util.prefs.FileSystemPreferences checkLockFile0ErrorCode
2026-05-08 00:48:22,711 [ERROR] LogOutputStream:75 - [STDERR_REDIRECT] WARNING: Could not lock System prefs. Unix error code 5.
2026-05-08 00:48:22,711 [ERROR] LogOutputStream:75 - [STDERR_REDIRECT] 
2026-05-08 00:48:22,712 [ERROR] LogOutputStream:75 - [STDERR_REDIRECT] May 08, 2026 12:48:22 AM java.util.prefs.FileSystemPreferences syncWorld
2026-05-08 00:48:22,712 [ERROR] LogOutputStream:75 - [STDERR_REDIRECT] WARNING: Couldn't flush system prefs: java.util.prefs.BackingStoreException: Couldn't get file lock.
2026-05-08 00:48:22,712 [ERROR] LogOutputStream:75 - [STDERR_REDIRECT] 
2026-05-08 00:48:52,712 [ERROR] LogOutputStream:75 - [STDERR_REDIRECT] May 08, 2026 12:48:52 AM java.util.prefs.FileSystemPreferences checkLockFile0ErrorCode
2026-05-08 00:48:52,712 [ERROR] LogOutputStream:75 - [STDERR_REDIRECT] WARNING: Could not lock System prefs. Unix error code 5.
2026-05-08 00:48:52,712 [ERROR] LogOutputStream:75 - [STDERR_REDIRECT] 
2026-05-08 00:48:52,713 [ERROR] LogOutputStream:75 - [STDERR_REDIRECT] May 08, 2026 12:48:52 AM java.util.prefs.FileSystemPreferences syncWorld
2026-05-08 00:48:52,713 [ERROR] LogOutputStream:75 - [STDERR_REDIRECT] WARNING: Couldn't flush system prefs: java.util.prefs.BackingStoreException: Couldn't get file lock.
2026-05-08 00:48:52,713 [ERROR] LogOutputStream:75 - [STDERR_REDIRECT] 
2026-05-08 00:49:22,713 [ERROR] LogOutputStream:75 - [STDERR_REDIRECT] May 08, 2026 12:49:22 AM java.util.prefs.FileSystemPreferences checkLockFile0ErrorCode
2026-05-08 00:49:22,713 [ERROR] LogOutputStream:75 - [STDERR_REDIRECT] WARNING: Could not lock System prefs. Unix error code 5.
2026-05-08 00:49:22,713 [ERROR] LogOutputStream:75 - [STDERR_REDIRECT] 
2026-05-08 00:49:22,713 [ERROR] LogOutputStream:75 - [STDERR_REDIRECT] May 08, 2026 12:49:22 AM java.util.prefs.FileSystemPreferences syncWorld
2026-05-08 00:49:22,714 [ERROR] LogOutputStream:75 - [STDERR_REDIRECT] WARNING: Couldn't flush system prefs: java.util.prefs.BackingStoreException: Couldn't get file lock.
2026-05-08 00:49:22,714 [ERROR] LogOutputStream:75 - [STDERR_REDIRECT] 
2026-05-08 00:49:52,711 [ERROR] LogOutputStream:75 - [STDERR_REDIRECT] May 08, 2026 12:49:52 AM java.util.prefs.FileSystemPreferences checkLockFile0ErrorCode
2026-05-08 00:49:52,711 [ERROR] LogOutputStream:75 - [STDERR_REDIRECT] WARNING: Could not lock System prefs. Unix error code 5.
2026-05-08 00:49:52,711 [ERROR] LogOutputStream:75 - [STDERR_REDIRECT] 
2026-05-08 00:49:52,711 [ERROR] LogOutputStream:75 - [STDERR_REDIRECT] May 08, 2026 12:49:52 AM java.util.prefs.FileSystemPreferences syncWorld
2026-05-08 00:49:52,712 [ERROR] LogOutputStream:75 - [STDERR_REDIRECT] WARNING: Couldn't flush system prefs: java.util.prefs.BackingStoreException: Couldn't get file lock.
2026-05-08 00:49:52,712 [ERROR] LogOutputStream:75 - [STDERR_REDIRECT] 
2026-05-08 00:50:22,714 [ERROR] LogOutputStream:75 - [STDERR_REDIRECT] May 08, 2026 12:50:22 AM java.util.prefs.FileSystemPreferences checkLockFile0ErrorCode
2026-05-08 00:50:22,714 [ERROR] LogOutputStream:75 - [STDERR_REDIRECT] WARNING: Could not lock System prefs. Unix error code 5.
2026-05-08 00:50:22,714 [ERROR] LogOutputStream:75 - [STDERR_REDIRECT] 
2026-05-08 00:50:22,715 [ERROR] LogOutputStream:75 - [STDERR_REDIRECT] May 08, 2026 12:50:22 AM java.util.prefs.FileSystemPreferences syncWorld
2026-05-08 00:50:22,715 [ERROR] LogOutputStream:75 - [STDERR_REDIRECT] WARNING: Couldn't flush system prefs: java.util.prefs.BackingStoreException: Couldn't get file lock.
2026-05-08 00:50:22,715 [ERROR] LogOutputStream:75 - [STDERR_REDIRECT] 
2026-05-08 00:50:52,711 [ERROR] LogOutputStream:75 - [STDERR_REDIRECT] May 08, 2026 12:50:52 AM java.util.prefs.FileSystemPreferences checkLockFile0ErrorCode
2026-05-08 00:50:52,711 [ERROR] LogOutputStream:75 - [STDERR_REDIRECT] WARNING: Could not lock System prefs. Unix error code 5.
2026-05-08 00:50:52,711 [ERROR] LogOutputStream:75 - [STDERR_REDIRECT] 
2026-05-08 00:50:52,711 [ERROR] LogOutputStream:75 - [STDERR_REDIRECT] May 08, 2026 12:50:52 AM java.util.prefs.FileSystemPreferences syncWorld
2026-05-08 00:50:52,712 [ERROR] LogOutputStream:75 - [STDERR_REDIRECT] WARNING: Couldn't flush system prefs: java.util.prefs.BackingStoreException: Couldn't get file lock.
2026-05-08 00:50:52,712 [ERROR] LogOutputStream:75 - [STDERR_REDIRECT] 
2026-05-08 00:51:22,711 [ERROR] LogOutputStream:75 - [STDERR_REDIRECT] May 08, 2026 12:51:22 AM java.util.prefs.FileSystemPreferences checkLockFile0ErrorCode
2026-05-08 00:51:22,711 [ERROR] LogOutputStream:75 - [STDERR_REDIRECT] WARNING: Could not lock System prefs. Unix error code 5.
2026-05-08 00:51:22,711 [ERROR] LogOutputStream:75 - [STDERR_REDIRECT] 
2026-05-08 00:51:22,712 [ERROR] LogOutputStream:75 - [STDERR_REDIRECT] May 08, 2026 12:51:22 AM java.util.prefs.FileSystemPreferences syncWorld
2026-05-08 00:51:22,712 [ERROR] LogOutputStream:75 - [STDERR_REDIRECT] WARNING: Couldn't flush system prefs: java.util.prefs.BackingStoreException: Couldn't get file lock.
2026-05-08 00:51:22,712 [ERROR] LogOutputStream:75 - [STDERR_REDIRECT] 
2026-05-08 00:51:52,711 [ERROR] LogOutputStream:75 - [STDERR_REDIRECT] May 08, 2026 12:51:52 AM java.util.prefs.FileSystemPreferences checkLockFile0ErrorCode
2026-05-08 00:51:52,711 [ERROR] LogOutputStream:75 - [STDERR_REDIRECT] WARNING: Could not lock System prefs. Unix error code 5.
2026-05-08 00:51:52,711 [ERROR] LogOutputStream:75 - [STDERR_REDIRECT] 
2026-05-08 00:51:52,711 [ERROR] LogOutputStream:75 - [STDERR_REDIRECT] May 08, 2026 12:51:52 AM java.util.prefs.FileSystemPreferences syncWorld
2026-05-08 00:51:52,711 [ERROR] LogOutputStream:75 - [STDERR_REDIRECT] WARNING: Couldn't flush system prefs: java.util.prefs.BackingStoreException: Couldn't get file lock.
2026-05-08 00:51:52,711 [ERROR] LogOutputStream:75 - [STDERR_REDIRECT] 
2026-05-08 00:52:22,711 [ERROR] LogOutputStream:75 - [STDERR_REDIRECT] May 08, 2026 12:52:22 AM java.util.prefs.FileSystemPreferences checkLockFile0ErrorCode
2026-05-08 00:52:22,711 [ERROR] LogOutputStream:75 - [STDERR_REDIRECT] WARNING: Could not lock System prefs. Unix error code 5.
2026-05-08 00:52:22,711 [ERROR] LogOutputStream:75 - [STDERR_REDIRECT] 
2026-05-08 00:52:22,711 [ERROR] LogOutputStream:75 - [STDERR_REDIRECT] May 08, 2026 12:52:22 AM java.util.prefs.FileSystemPreferences syncWorld
2026-05-08 00:52:22,712 [ERROR] LogOutputStream:75 - [STDERR_REDIRECT] WARNING: Couldn't flush system prefs: java.util.prefs.BackingStoreException: Couldn't get file lock.
2026-05-08 00:52:22,712 [ERROR] LogOutputStream:75 - [STDERR_REDIRECT] 
2026-05-08 00:52:52,712 [ERROR] LogOutputStream:75 - [STDERR_REDIRECT] May 08, 2026 12:52:52 AM java.util.prefs.FileSystemPreferences checkLockFile0ErrorCode
2026-05-08 00:52:52,712 [ERROR] LogOutputStream:75 - [STDERR_REDIRECT] WARNING: Could not lock System prefs. Unix error code 5.
2026-05-08 00:52:52,712 [ERROR] LogOutputStream:75 - [STDERR_REDIRECT] 
2026-05-08 00:52:52,712 [ERROR] LogOutputStream:75 - [STDERR_REDIRECT] May 08, 2026 12:52:52 AM java.util.prefs.FileSystemPreferences syncWorld
2026-05-08 00:52:52,712 [ERROR] LogOutputStream:75 - [STDERR_REDIRECT] WARNING: Couldn't flush system prefs: java.util.prefs.BackingStoreException: Couldn't get file lock.
2026-05-08 00:52:52,712 [ERROR] LogOutputStream:75 - [STDERR_REDIRECT] 
2026-05-08 00:53:22,711 [ERROR] LogOutputStream:75 - [STDERR_REDIRECT] May 08, 2026 12:53:22 AM java.util.prefs.FileSystemPreferences checkLockFile0ErrorCode
2026-05-08 00:53:22,711 [ERROR] LogOutputStream:75 - [STDERR_REDIRECT] WARNING: Could not lock System prefs. Unix error code 5.
2026-05-08 00:53:22,711 [ERROR] LogOutputStream:75 - [STDERR_REDIRECT] 
2026-05-08 00:53:22,712 [ERROR] LogOutputStream:75 - [STDERR_REDIRECT] May 08, 2026 12:53:22 AM java.util.prefs.FileSystemPreferences syncWorld
2026-05-08 00:53:22,712 [ERROR] LogOutputStream:75 - [STDERR_REDIRECT] WARNING: Couldn't flush system prefs: java.util.prefs.BackingStoreException: Couldn't get file lock.
2026-05-08 00:53:22,712 [ERROR] LogOutputStream:75 - [STDERR_REDIRECT] 
2026-05-08 00:53:52,712 [ERROR] LogOutputStream:75 - [STDERR_REDIRECT] May 08, 2026 12:53:52 AM java.util.prefs.FileSystemPreferences checkLockFile0ErrorCode
2026-05-08 00:53:52,713 [ERROR] LogOutputStream:75 - [STDERR_REDIRECT] WARNING: Could not lock System prefs. Unix error code 5.
2026-05-08 00:53:52,713 [ERROR] LogOutputStream:75 - [STDERR_REDIRECT] 
2026-05-08 00:53:52,713 [ERROR] LogOutputStream:75 - [STDERR_REDIRECT] May 08, 2026 12:53:52 AM java.util.prefs.FileSystemPreferences syncWorld
2026-05-08 00:53:52,713 [ERROR] LogOutputStream:75 - [STDERR_REDIRECT] WARNING: Couldn't flush system prefs: java.util.prefs.BackingStoreException: Couldn't get file lock.
2026-05-08 00:53:52,713 [ERROR] LogOutputStream:75 - [STDERR_REDIRECT] 
2026-05-08 00:54:22,712 [ERROR] LogOutputStream:75 - [STDERR_REDIRECT] May 08, 2026 12:54:22 AM java.util.prefs.FileSystemPreferences checkLockFile0ErrorCode
2026-05-08 00:54:22,712 [ERROR] LogOutputStream:75 - [STDERR_REDIRECT] WARNING: Could not lock System prefs. Unix error code 5.
2026-05-08 00:54:22,712 [ERROR] LogOutputStream:75 - [STDERR_REDIRECT] 
2026-05-08 00:54:22,712 [ERROR] LogOutputStream:75 - [STDERR_REDIRECT] May 08, 2026 12:54:22 AM java.util.prefs.FileSystemPreferences syncWorld
2026-05-08 00:54:22,712 [ERROR] LogOutputStream:75 - [STDERR_REDIRECT] WARNING: Couldn't flush system prefs: java.util.prefs.BackingStoreException: Couldn't get file lock.
2026-05-08 00:54:22,713 [ERROR] LogOutputStream:75 - [STDERR_REDIRECT] 
2026-05-08 00:54:52,715 [ERROR] LogOutputStream:75 - [STDERR_REDIRECT] May 08, 2026 12:54:52 AM java.util.prefs.FileSystemPreferences checkLockFile0ErrorCode
2026-05-08 00:54:52,715 [ERROR] LogOutputStream:75 - [STDERR_REDIRECT] WARNING: Could not lock System prefs. Unix error code 5.
2026-05-08 00:54:52,715 [ERROR] LogOutputStream:75 - [STDERR_REDIRECT] 
2026-05-08 00:54:52,716 [ERROR] LogOutputStream:75 - [STDERR_REDIRECT] May 08, 2026 12:54:52 AM java.util.prefs.FileSystemPreferences syncWorld
2026-05-08 00:54:52,716 [ERROR] LogOutputStream:75 - [STDERR_REDIRECT] WARNING: Couldn't flush system prefs: java.util.prefs.BackingStoreException: Couldn't get file lock.
2026-05-08 00:54:52,716 [ERROR] LogOutputStream:75 - [STDERR_REDIRECT] 
2026-05-08 00:55:22,712 [ERROR] LogOutputStream:75 - [STDERR_REDIRECT] May 08, 2026 12:55:22 AM java.util.prefs.FileSystemPreferences checkLockFile0ErrorCode
2026-05-08 00:55:22,712 [ERROR] LogOutputStream:75 - [STDERR_REDIRECT] WARNING: Could not lock System prefs. Unix error code 5.
2026-05-08 00:55:22,712 [ERROR] LogOutputStream:75 - [STDERR_REDIRECT] 
2026-05-08 00:55:22,712 [ERROR] LogOutputStream:75 - [STDERR_REDIRECT] May 08, 2026 12:55:22 AM java.util.prefs.FileSystemPreferences syncWorld
2026-05-08 00:55:22,712 [ERROR] LogOutputStream:75 - [STDERR_REDIRECT] WARNING: Couldn't flush system prefs: java.util.prefs.BackingStoreException: Couldn't get file lock.
2026-05-08 00:55:22,712 [ERROR] LogOutputStream:75 - [STDERR_REDIRECT] 
2026-05-08 00:55:52,714 [ERROR] LogOutputStream:75 - [STDERR_REDIRECT] May 08, 2026 12:55:52 AM java.util.prefs.FileSystemPreferences checkLockFile0ErrorCode
2026-05-08 00:55:52,714 [ERROR] LogOutputStream:75 - [STDERR_REDIRECT] WARNING: Could not lock System prefs. Unix error code 5.
2026-05-08 00:55:52,714 [ERROR] LogOutputStream:75 - [STDERR_REDIRECT] 
2026-05-08 00:55:52,714 [ERROR] LogOutputStream:75 - [STDERR_REDIRECT] May 08, 2026 12:55:52 AM java.util.prefs.FileSystemPreferences syncWorld
2026-05-08 00:55:52,714 [ERROR] LogOutputStream:75 - [STDERR_REDIRECT] WARNING: Couldn't flush system prefs: java.util.prefs.BackingStoreException: Couldn't get file lock.
2026-05-08 00:55:52,714 [ERROR] LogOutputStream:75 - [STDERR_REDIRECT] 
2026-05-08 00:56:22,713 [ERROR] LogOutputStream:75 - [STDERR_REDIRECT] May 08, 2026 12:56:22 AM java.util.prefs.FileSystemPreferences checkLockFile0ErrorCode
2026-05-08 00:56:22,713 [ERROR] LogOutputStream:75 - [STDERR_REDIRECT] WARNING: Could not lock System prefs. Unix error code 5.
2026-05-08 00:56:22,713 [ERROR] LogOutputStream:75 - [STDERR_REDIRECT] 
2026-05-08 00:56:22,714 [ERROR] LogOutputStream:75 - [STDERR_REDIRECT] May 08, 2026 12:56:22 AM java.util.prefs.FileSystemPreferences syncWorld
2026-05-08 00:56:22,714 [ERROR] LogOutputStream:75 - [STDERR_REDIRECT] WARNING: Couldn't flush system prefs: java.util.prefs.BackingStoreException: Couldn't get file lock.
2026-05-08 00:56:22,715 [ERROR] LogOutputStream:75 - [STDERR_REDIRECT] 
2026-05-08 00:56:52,713 [ERROR] LogOutputStream:75 - [STDERR_REDIRECT] May 08, 2026 12:56:52 AM java.util.prefs.FileSystemPreferences checkLockFile0ErrorCode
2026-05-08 00:56:52,713 [ERROR] LogOutputStream:75 - [STDERR_REDIRECT] WARNING: Could not lock System prefs. Unix error code 5.
2026-05-08 00:56:52,714 [ERROR] LogOutputStream:75 - [STDERR_REDIRECT] 
2026-05-08 00:56:52,714 [ERROR] LogOutputStream:75 - [STDERR_REDIRECT] May 08, 2026 12:56:52 AM java.util.prefs.FileSystemPreferences syncWorld
2026-05-08 00:56:52,715 [ERROR] LogOutputStream:75 - [STDERR_REDIRECT] WARNING: Couldn't flush system prefs: java.util.prefs.BackingStoreException: Couldn't get file lock.
2026-05-08 00:56:52,715 [ERROR] LogOutputStream:75 - [STDERR_REDIRECT] 
2026-05-08 00:57:22,714 [ERROR] LogOutputStream:75 - [STDERR_REDIRECT] May 08, 2026 12:57:22 AM java.util.prefs.FileSystemPreferences checkLockFile0ErrorCode
2026-05-08 00:57:22,714 [ERROR] LogOutputStream:75 - [STDERR_REDIRECT] WARNING: Could not lock System prefs. Unix error code 5.
2026-05-08 00:57:22,714 [ERROR] LogOutputStream:75 - [STDERR_REDIRECT] 
2026-05-08 00:57:22,714 [ERROR] LogOutputStream:75 - [STDERR_REDIRECT] May 08, 2026 12:57:22 AM java.util.prefs.FileSystemPreferences syncWorld
2026-05-08 00:57:22,714 [ERROR] LogOutputStream:75 - [STDERR_REDIRECT] WARNING: Couldn't flush system prefs: java.util.prefs.BackingStoreException: Couldn't get file lock.
2026-05-08 00:57:22,714 [ERROR] LogOutputStream:75 - [STDERR_REDIRECT] 
2026-05-08 00:57:52,716 [ERROR] LogOutputStream:75 - [STDERR_REDIRECT] May 08, 2026 12:57:52 AM java.util.prefs.FileSystemPreferences checkLockFile0ErrorCode
2026-05-08 00:57:52,716 [ERROR] LogOutputStream:75 - [STDERR_REDIRECT] WARNING: Could not lock System prefs. Unix error code 5.
2026-05-08 00:57:52,716 [ERROR] LogOutputStream:75 - [STDERR_REDIRECT] 
2026-05-08 00:57:52,716 [ERROR] LogOutputStream:75 - [STDERR_REDIRECT] May 08, 2026 12:57:52 AM java.util.prefs.FileSystemPreferences syncWorld
2026-05-08 00:57:52,717 [ERROR] LogOutputStream:75 - [STDERR_REDIRECT] WARNING: Couldn't flush system prefs: java.util.prefs.BackingStoreException: Couldn't get file lock.
2026-05-08 00:57:52,717 [ERROR] LogOutputStream:75 - [STDERR_REDIRECT] 
2026-05-08 00:58:22,713 [ERROR] LogOutputStream:75 - [STDERR_REDIRECT] May 08, 2026 12:58:22 AM java.util.prefs.FileSystemPreferences checkLockFile0ErrorCode
2026-05-08 00:58:22,713 [ERROR] LogOutputStream:75 - [STDERR_REDIRECT] WARNING: Could not lock System prefs. Unix error code 5.
2026-05-08 00:58:22,714 [ERROR] LogOutputStream:75 - [STDERR_REDIRECT] 
2026-05-08 00:58:22,714 [ERROR] LogOutputStream:75 - [STDERR_REDIRECT] May 08, 2026 12:58:22 AM java.util.prefs.FileSystemPreferences syncWorld
2026-05-08 00:58:22,714 [ERROR] LogOutputStream:75 - [STDERR_REDIRECT] WARNING: Couldn't flush system prefs: java.util.prefs.BackingStoreException: Couldn't get file lock.
2026-05-08 00:58:22,714 [ERROR] LogOutputStream:75 - [STDERR_REDIRECT] 
2026-05-08 00:58:52,715 [ERROR] LogOutputStream:75 - [STDERR_REDIRECT] May 08, 2026 12:58:52 AM java.util.prefs.FileSystemPreferences checkLockFile0ErrorCode
2026-05-08 00:58:52,715 [ERROR] LogOutputStream:75 - [STDERR_REDIRECT] WARNING: Could not lock System prefs. Unix error code 5.
2026-05-08 00:58:52,715 [ERROR] LogOutputStream:75 - [STDERR_REDIRECT] 
2026-05-08 00:58:52,715 [ERROR] LogOutputStream:75 - [STDERR_REDIRECT] May 08, 2026 12:58:52 AM java.util.prefs.FileSystemPreferences syncWorld
2026-05-08 00:58:52,715 [ERROR] LogOutputStream:75 - [STDERR_REDIRECT] WARNING: Couldn't flush system prefs: java.util.prefs.BackingStoreException: Couldn't get file lock.
2026-05-08 00:58:52,715 [ERROR] LogOutputStream:75 - [STDERR_REDIRECT] 
2026-05-08 00:59:22,715 [ERROR] LogOutputStream:75 - [STDERR_REDIRECT] May 08, 2026 12:59:22 AM java.util.prefs.FileSystemPreferences checkLockFile0ErrorCode
2026-05-08 00:59:22,715 [ERROR] LogOutputStream:75 - [STDERR_REDIRECT] WARNING: Could not lock System prefs. Unix error code 5.
2026-05-08 00:59:22,715 [ERROR] LogOutputStream:75 - [STDERR_REDIRECT] 
2026-05-08 00:59:22,716 [ERROR] LogOutputStream:75 - [STDERR_REDIRECT] May 08, 2026 12:59:22 AM java.util.prefs.FileSystemPreferences syncWorld
2026-05-08 00:59:22,716 [ERROR] LogOutputStream:75 - [STDERR_REDIRECT] WARNING: Couldn't flush system prefs: java.util.prefs.BackingStoreException: Couldn't get file lock.
2026-05-08 00:59:22,716 [ERROR] LogOutputStream:75 - [STDERR_REDIRECT] 
2026-05-08 00:59:52,716 [ERROR] LogOutputStream:75 - [STDERR_REDIRECT] May 08, 2026 12:59:52 AM java.util.prefs.FileSystemPreferences checkLockFile0ErrorCode
2026-05-08 00:59:52,716 [ERROR] LogOutputStream:75 - [STDERR_REDIRECT] WARNING: Could not lock System prefs. Unix error code 5.
2026-05-08 00:59:52,716 [ERROR] LogOutputStream:75 - [STDERR_REDIRECT] 
2026-05-08 00:59:52,716 [ERROR] LogOutputStream:75 - [STDERR_REDIRECT] May 08, 2026 12:59:52 AM java.util.prefs.FileSystemPreferences syncWorld
2026-05-08 00:59:52,716 [ERROR] LogOutputStream:75 - [STDERR_REDIRECT] WARNING: Couldn't flush system prefs: java.util.prefs.BackingStoreException: Couldn't get file lock.
2026-05-08 00:59:52,716 [ERROR] LogOutputStream:75 - [STDERR_REDIRECT] 
2026-05-08 01:00:22,715 [ERROR] LogOutputStream:75 - [STDERR_REDIRECT] May 08, 2026 1:00:22 AM java.util.prefs.FileSystemPreferences checkLockFile0ErrorCode
2026-05-08 01:00:22,715 [ERROR] LogOutputStream:75 - [STDERR_REDIRECT] WARNING: Could not lock System prefs. Unix error code 5.
2026-05-08 01:00:22,715 [ERROR] LogOutputStream:75 - [STDERR_REDIRECT] 
2026-05-08 01:00:22,715 [ERROR] LogOutputStream:75 - [STDERR_REDIRECT] May 08, 2026 1:00:22 AM java.util.prefs.FileSystemPreferences syncWorld
2026-05-08 01:00:22,715 [ERROR] LogOutputStream:75 - [STDERR_REDIRECT] WARNING: Couldn't flush system prefs: java.util.prefs.BackingStoreException: Couldn't get file lock.
2026-05-08 01:00:22,715 [ERROR] LogOutputStream:75 - [STDERR_REDIRECT] 
2026-05-08 01:00:52,715 [ERROR] LogOutputStream:75 - [STDERR_REDIRECT] May 08, 2026 1:00:52 AM java.util.prefs.FileSystemPreferences checkLockFile0ErrorCode
2026-05-08 01:00:52,715 [ERROR] LogOutputStream:75 - [STDERR_REDIRECT] WARNING: Could not lock System prefs. Unix error code 5.
2026-05-08 01:00:52,715 [ERROR] LogOutputStream:75 - [STDERR_REDIRECT] 
2026-05-08 01:00:52,716 [ERROR] LogOutputStream:75 - [STDERR_REDIRECT] May 08, 2026 1:00:52 AM java.util.prefs.FileSystemPreferences syncWorld
2026-05-08 01:00:52,716 [ERROR] LogOutputStream:75 - [STDERR_REDIRECT] WARNING: Couldn't flush system prefs: java.util.prefs.BackingStoreException: Couldn't get file lock.
2026-05-08 01:00:52,716 [ERROR] LogOutputStream:75 - [STDERR_REDIRECT] 
2026-05-08 01:01:22,715 [ERROR] LogOutputStream:75 - [STDERR_REDIRECT] May 08, 2026 1:01:22 AM java.util.prefs.FileSystemPreferences checkLockFile0ErrorCode
2026-05-08 01:01:22,715 [ERROR] LogOutputStream:75 - [STDERR_REDIRECT] WARNING: Could not lock System prefs. Unix error code 5.
2026-05-08 01:01:22,715 [ERROR] LogOutputStream:75 - [STDERR_REDIRECT] 
2026-05-08 01:01:22,716 [ERROR] LogOutputStream:75 - [STDERR_REDIRECT] May 08, 2026 1:01:22 AM java.util.prefs.FileSystemPreferences syncWorld
2026-05-08 01:01:22,716 [ERROR] LogOutputStream:75 - [STDERR_REDIRECT] WARNING: Couldn't flush system prefs: java.util.prefs.BackingStoreException: Couldn't get file lock.
2026-05-08 01:01:22,716 [ERROR] LogOutputStream:75 - [STDERR_REDIRECT] 
2026-05-08 01:01:52,716 [ERROR] LogOutputStream:75 - [STDERR_REDIRECT] May 08, 2026 1:01:52 AM java.util.prefs.FileSystemPreferences checkLockFile0ErrorCode
2026-05-08 01:01:52,717 [ERROR] LogOutputStream:75 - [STDERR_REDIRECT] WARNING: Could not lock System prefs. Unix error code 5.
2026-05-08 01:01:52,717 [ERROR] LogOutputStream:75 - [STDERR_REDIRECT] 
2026-05-08 01:01:52,717 [ERROR] LogOutputStream:75 - [STDERR_REDIRECT] May 08, 2026 1:01:52 AM java.util.prefs.FileSystemPreferences syncWorld
2026-05-08 01:01:52,717 [ERROR] LogOutputStream:75 - [STDERR_REDIRECT] WARNING: Couldn't flush system prefs: java.util.prefs.BackingStoreException: Couldn't get file lock.
2026-05-08 01:01:52,717 [ERROR] LogOutputStream:75 - [STDERR_REDIRECT] 
2026-05-08 01:02:22,718 [ERROR] LogOutputStream:75 - [STDERR_REDIRECT] May 08, 2026 1:02:22 AM java.util.prefs.FileSystemPreferences checkLockFile0ErrorCode
2026-05-08 01:02:22,718 [ERROR] LogOutputStream:75 - [STDERR_REDIRECT] WARNING: Could not lock System prefs. Unix error code 5.
2026-05-08 01:02:22,718 [ERROR] LogOutputStream:75 - [STDERR_REDIRECT] 
2026-05-08 01:02:22,718 [ERROR] LogOutputStream:75 - [STDERR_REDIRECT] May 08, 2026 1:02:22 AM java.util.prefs.FileSystemPreferences syncWorld
2026-05-08 01:02:22,718 [ERROR] LogOutputStream:75 - [STDERR_REDIRECT] WARNING: Couldn't flush system prefs: java.util.prefs.BackingStoreException: Couldn't get file lock.
2026-05-08 01:02:22,718 [ERROR] LogOutputStream:75 - [STDERR_REDIRECT] 
2026-05-08 01:02:52,717 [ERROR] LogOutputStream:75 - [STDERR_REDIRECT] May 08, 2026 1:02:52 AM java.util.prefs.FileSystemPreferences checkLockFile0ErrorCode
2026-05-08 01:02:52,717 [ERROR] LogOutputStream:75 - [STDERR_REDIRECT] WARNING: Could not lock System prefs. Unix error code 5.
2026-05-08 01:02:52,717 [ERROR] LogOutputStream:75 - [STDERR_REDIRECT] 
2026-05-08 01:02:52,717 [ERROR] LogOutputStream:75 - [STDERR_REDIRECT] May 08, 2026 1:02:52 AM java.util.prefs.FileSystemPreferences syncWorld
2026-05-08 01:02:52,717 [ERROR] LogOutputStream:75 - [STDERR_REDIRECT] WARNING: Couldn't flush system prefs: java.util.prefs.BackingStoreException: Couldn't get file lock.
2026-05-08 01:02:52,717 [ERROR] LogOutputStream:75 - [STDERR_REDIRECT] 
2026-05-08 01:03:22,717 [ERROR] LogOutputStream:75 - [STDERR_REDIRECT] May 08, 2026 1:03:22 AM java.util.prefs.FileSystemPreferences checkLockFile0ErrorCode
2026-05-08 01:03:22,717 [ERROR] LogOutputStream:75 - [STDERR_REDIRECT] WARNING: Could not lock System prefs. Unix error code 5.
2026-05-08 01:03:22,717 [ERROR] LogOutputStream:75 - [STDERR_REDIRECT] 
2026-05-08 01:03:22,717 [ERROR] LogOutputStream:75 - [STDERR_REDIRECT] May 08, 2026 1:03:22 AM java.util.prefs.FileSystemPreferences syncWorld
2026-05-08 01:03:22,717 [ERROR] LogOutputStream:75 - [STDERR_REDIRECT] WARNING: Couldn't flush system prefs: java.util.prefs.BackingStoreException: Couldn't get file lock.
2026-05-08 01:03:22,717 [ERROR] LogOutputStream:75 - [STDERR_REDIRECT] 
2026-05-08 01:03:52,717 [ERROR] LogOutputStream:75 - [STDERR_REDIRECT] May 08, 2026 1:03:52 AM java.util.prefs.FileSystemPreferences checkLockFile0ErrorCode
2026-05-08 01:03:52,717 [ERROR] LogOutputStream:75 - [STDERR_REDIRECT] WARNING: Could not lock System prefs. Unix error code 5.
2026-05-08 01:03:52,717 [ERROR] LogOutputStream:75 - [STDERR_REDIRECT] 
2026-05-08 01:03:52,718 [ERROR] LogOutputStream:75 - [STDERR_REDIRECT] May 08, 2026 1:03:52 AM java.util.prefs.FileSystemPreferences syncWorld
2026-05-08 01:03:52,718 [ERROR] LogOutputStream:75 - [STDERR_REDIRECT] WARNING: Couldn't flush system prefs: java.util.prefs.BackingStoreException: Couldn't get file lock.
2026-05-08 01:03:52,718 [ERROR] LogOutputStream:75 - [STDERR_REDIRECT] 
2026-05-08 01:04:22,718 [ERROR] LogOutputStream:75 - [STDERR_REDIRECT] May 08, 2026 1:04:22 AM java.util.prefs.FileSystemPreferences checkLockFile0ErrorCode
2026-05-08 01:04:22,719 [ERROR] LogOutputStream:75 - [STDERR_REDIRECT] WARNING: Could not lock System prefs. Unix error code 5.
2026-05-08 01:04:22,719 [ERROR] LogOutputStream:75 - [STDERR_REDIRECT] 
2026-05-08 01:04:22,719 [ERROR] LogOutputStream:75 - [STDERR_REDIRECT] May 08, 2026 1:04:22 AM java.util.prefs.FileSystemPreferences syncWorld
2026-05-08 01:04:22,719 [ERROR] LogOutputStream:75 - [STDERR_REDIRECT] WARNING: Couldn't flush system prefs: java.util.prefs.BackingStoreException: Couldn't get file lock.
2026-05-08 01:04:22,719 [ERROR] LogOutputStream:75 - [STDERR_REDIRECT] 
2026-05-08 01:04:52,718 [ERROR] LogOutputStream:75 - [STDERR_REDIRECT] May 08, 2026 1:04:52 AM java.util.prefs.FileSystemPreferences checkLockFile0ErrorCode
2026-05-08 01:04:52,718 [ERROR] LogOutputStream:75 - [STDERR_REDIRECT] WARNING: Could not lock System prefs. Unix error code 5.
2026-05-08 01:04:52,718 [ERROR] LogOutputStream:75 - [STDERR_REDIRECT] 
2026-05-08 01:04:52,718 [ERROR] LogOutputStream:75 - [STDERR_REDIRECT] May 08, 2026 1:04:52 AM java.util.prefs.FileSystemPreferences syncWorld
2026-05-08 01:04:52,718 [ERROR] LogOutputStream:75 - [STDERR_REDIRECT] WARNING: Couldn't flush system prefs: java.util.prefs.BackingStoreException: Couldn't get file lock.
2026-05-08 01:04:52,718 [ERROR] LogOutputStream:75 - [STDERR_REDIRECT] 
2026-05-08 01:05:22,719 [ERROR] LogOutputStream:75 - [STDERR_REDIRECT] May 08, 2026 1:05:22 AM java.util.prefs.FileSystemPreferences checkLockFile0ErrorCode
2026-05-08 01:05:22,719 [ERROR] LogOutputStream:75 - [STDERR_REDIRECT] WARNING: Could not lock System prefs. Unix error code 5.
2026-05-08 01:05:22,719 [ERROR] LogOutputStream:75 - [STDERR_REDIRECT] 
2026-05-08 01:05:22,719 [ERROR] LogOutputStream:75 - [STDERR_REDIRECT] May 08, 2026 1:05:22 AM java.util.prefs.FileSystemPreferences syncWorld
2026-05-08 01:05:22,719 [ERROR] LogOutputStream:75 - [STDERR_REDIRECT] WARNING: Couldn't flush system prefs: java.util.prefs.BackingStoreException: Couldn't get file lock.
2026-05-08 01:05:22,719 [ERROR] LogOutputStream:75 - [STDERR_REDIRECT] 
2026-05-08 01:05:52,719 [ERROR] LogOutputStream:75 - [STDERR_REDIRECT] May 08, 2026 1:05:52 AM java.util.prefs.FileSystemPreferences checkLockFile0ErrorCode
2026-05-08 01:05:52,719 [ERROR] LogOutputStream:75 - [STDERR_REDIRECT] WARNING: Could not lock System prefs. Unix error code 5.
2026-05-08 01:05:52,719 [ERROR] LogOutputStream:75 - [STDERR_REDIRECT] 
2026-05-08 01:05:52,719 [ERROR] LogOutputStream:75 - [STDERR_REDIRECT] May 08, 2026 1:05:52 AM java.util.prefs.FileSystemPreferences syncWorld
2026-05-08 01:05:52,719 [ERROR] LogOutputStream:75 - [STDERR_REDIRECT] WARNING: Couldn't flush system prefs: java.util.prefs.BackingStoreException: Couldn't get file lock.
2026-05-08 01:05:52,719 [ERROR] LogOutputStream:75 - [STDERR_REDIRECT] 
2026-05-08 01:06:22,720 [ERROR] LogOutputStream:75 - [STDERR_REDIRECT] May 08, 2026 1:06:22 AM java.util.prefs.FileSystemPreferences checkLockFile0ErrorCode
2026-05-08 01:06:22,720 [ERROR] LogOutputStream:75 - [STDERR_REDIRECT] WARNING: Could not lock System prefs. Unix error code 5.
2026-05-08 01:06:22,720 [ERROR] LogOutputStream:75 - [STDERR_REDIRECT] 
2026-05-08 01:06:22,720 [ERROR] LogOutputStream:75 - [STDERR_REDIRECT] May 08, 2026 1:06:22 AM java.util.prefs.FileSystemPreferences syncWorld
2026-05-08 01:06:22,720 [ERROR] LogOutputStream:75 - [STDERR_REDIRECT] WARNING: Couldn't flush system prefs: java.util.prefs.BackingStoreException: Couldn't get file lock.
2026-05-08 01:06:22,720 [ERROR] LogOutputStream:75 - [STDERR_REDIRECT] 
2026-05-08 01:06:52,722 [ERROR] LogOutputStream:75 - [STDERR_REDIRECT] May 08, 2026 1:06:52 AM java.util.prefs.FileSystemPreferences checkLockFile0ErrorCode
2026-05-08 01:06:52,723 [ERROR] LogOutputStream:75 - [STDERR_REDIRECT] WARNING: Could not lock System prefs. Unix error code 5.
2026-05-08 01:06:52,723 [ERROR] LogOutputStream:75 - [STDERR_REDIRECT] 
2026-05-08 01:06:52,723 [ERROR] LogOutputStream:75 - [STDERR_REDIRECT] May 08, 2026 1:06:52 AM java.util.prefs.FileSystemPreferences syncWorld
2026-05-08 01:06:52,723 [ERROR] LogOutputStream:75 - [STDERR_REDIRECT] WARNING: Couldn't flush system prefs: java.util.prefs.BackingStoreException: Couldn't get file lock.
2026-05-08 01:06:52,723 [ERROR] LogOutputStream:75 - [STDERR_REDIRECT] 
2026-05-08 01:07:22,724 [ERROR] LogOutputStream:75 - [STDERR_REDIRECT] May 08, 2026 1:07:22 AM java.util.prefs.FileSystemPreferences checkLockFile0ErrorCode
2026-05-08 01:07:22,724 [ERROR] LogOutputStream:75 - [STDERR_REDIRECT] WARNING: Could not lock System prefs. Unix error code 5.
2026-05-08 01:07:22,740 [ERROR] LogOutputStream:75 - [STDERR_REDIRECT] 
2026-05-08 01:07:22,741 [ERROR] LogOutputStream:75 - [STDERR_REDIRECT] May 08, 2026 1:07:22 AM java.util.prefs.FileSystemPreferences syncWorld
2026-05-08 01:07:22,741 [ERROR] LogOutputStream:75 - [STDERR_REDIRECT] WARNING: Couldn't flush system prefs: java.util.prefs.BackingStoreException: Couldn't get file lock.
2026-05-08 01:07:22,741 [ERROR] LogOutputStream:75 - [STDERR_REDIRECT] 
2026-05-08 01:07:52,722 [ERROR] LogOutputStream:75 - [STDERR_REDIRECT] May 08, 2026 1:07:52 AM java.util.prefs.FileSystemPreferences checkLockFile0ErrorCode
2026-05-08 01:07:52,722 [ERROR] LogOutputStream:75 - [STDERR_REDIRECT] WARNING: Could not lock System prefs. Unix error code 5.
2026-05-08 01:07:52,722 [ERROR] LogOutputStream:75 - [STDERR_REDIRECT] 
2026-05-08 01:07:52,722 [ERROR] LogOutputStream:75 - [STDERR_REDIRECT] May 08, 2026 1:07:52 AM java.util.prefs.FileSystemPreferences syncWorld
2026-05-08 01:07:52,722 [ERROR] LogOutputStream:75 - [STDERR_REDIRECT] WARNING: Couldn't flush system prefs: java.util.prefs.BackingStoreException: Couldn't get file lock.
2026-05-08 01:07:52,722 [ERROR] LogOutputStream:75 - [STDERR_REDIRECT] 
2026-05-08 01:08:22,722 [ERROR] LogOutputStream:75 - [STDERR_REDIRECT] May 08, 2026 1:08:22 AM java.util.prefs.FileSystemPreferences checkLockFile0ErrorCode
2026-05-08 01:08:22,722 [ERROR] LogOutputStream:75 - [STDERR_REDIRECT] WARNING: Could not lock System prefs. Unix error code 5.
2026-05-08 01:08:22,722 [ERROR] LogOutputStream:75 - [STDERR_REDIRECT] 
2026-05-08 01:08:22,722 [ERROR] LogOutputStream:75 - [STDERR_REDIRECT] May 08, 2026 1:08:22 AM java.util.prefs.FileSystemPreferences syncWorld
2026-05-08 01:08:22,722 [ERROR] LogOutputStream:75 - [STDERR_REDIRECT] WARNING: Couldn't flush system prefs: java.util.prefs.BackingStoreException: Couldn't get file lock.
2026-05-08 01:08:22,722 [ERROR] LogOutputStream:75 - [STDERR_REDIRECT] 
2026-05-08 01:08:52,722 [ERROR] LogOutputStream:75 - [STDERR_REDIRECT] May 08, 2026 1:08:52 AM java.util.prefs.FileSystemPreferences checkLockFile0ErrorCode
2026-05-08 01:08:52,722 [ERROR] LogOutputStream:75 - [STDERR_REDIRECT] WARNING: Could not lock System prefs. Unix error code 5.
2026-05-08 01:08:52,722 [ERROR] LogOutputStream:75 - [STDERR_REDIRECT] 
2026-05-08 01:08:52,722 [ERROR] LogOutputStream:75 - [STDERR_REDIRECT] May 08, 2026 1:08:52 AM java.util.prefs.FileSystemPreferences syncWorld
2026-05-08 01:08:52,739 [ERROR] LogOutputStream:75 - [STDERR_REDIRECT] WARNING: Couldn't flush system prefs: java.util.prefs.BackingStoreException: Couldn't get file lock.
2026-05-08 01:08:52,739 [ERROR] LogOutputStream:75 - [STDERR_REDIRECT] 
2026-05-08 01:09:22,723 [ERROR] LogOutputStream:75 - [STDERR_REDIRECT] May 08, 2026 1:09:22 AM java.util.prefs.FileSystemPreferences checkLockFile0ErrorCode
2026-05-08 01:09:22,723 [ERROR] LogOutputStream:75 - [STDERR_REDIRECT] WARNING: Could not lock System prefs. Unix error code 5.
2026-05-08 01:09:22,723 [ERROR] LogOutputStream:75 - [STDERR_REDIRECT] 
2026-05-08 01:09:22,723 [ERROR] LogOutputStream:75 - [STDERR_REDIRECT] May 08, 2026 1:09:22 AM java.util.prefs.FileSystemPreferences syncWorld
2026-05-08 01:09:22,724 [ERROR] LogOutputStream:75 - [STDERR_REDIRECT] WARNING: Couldn't flush system prefs: java.util.prefs.BackingStoreException: Couldn't get file lock.
2026-05-08 01:09:22,724 [ERROR] LogOutputStream:75 - [STDERR_REDIRECT] 
2026-05-08 01:09:52,722 [ERROR] LogOutputStream:75 - [STDERR_REDIRECT] May 08, 2026 1:09:52 AM java.util.prefs.FileSystemPreferences checkLockFile0ErrorCode
2026-05-08 01:09:52,723 [ERROR] LogOutputStream:75 - [STDERR_REDIRECT] WARNING: Could not lock System prefs. Unix error code 5.
2026-05-08 01:09:52,723 [ERROR] LogOutputStream:75 - [STDERR_REDIRECT] 
2026-05-08 01:09:52,723 [ERROR] LogOutputStream:75 - [STDERR_REDIRECT] May 08, 2026 1:09:52 AM java.util.prefs.FileSystemPreferences syncWorld
2026-05-08 01:09:52,723 [ERROR] LogOutputStream:75 - [STDERR_REDIRECT] WARNING: Couldn't flush system prefs: java.util.prefs.BackingStoreException: Couldn't get file lock.
2026-05-08 01:09:52,723 [ERROR] LogOutputStream:75 - [STDERR_REDIRECT] 
2026-05-08 01:10:22,723 [ERROR] LogOutputStream:75 - [STDERR_REDIRECT] May 08, 2026 1:10:22 AM java.util.prefs.FileSystemPreferences checkLockFile0ErrorCode
2026-05-08 01:10:22,723 [ERROR] LogOutputStream:75 - [STDERR_REDIRECT] WARNING: Could not lock System prefs. Unix error code 5.
2026-05-08 01:10:22,723 [ERROR] LogOutputStream:75 - [STDERR_REDIRECT] 
2026-05-08 01:10:22,723 [ERROR] LogOutputStream:75 - [STDERR_REDIRECT] May 08, 2026 1:10:22 AM java.util.prefs.FileSystemPreferences syncWorld
2026-05-08 01:10:22,723 [ERROR] LogOutputStream:75 - [STDERR_REDIRECT] WARNING: Couldn't flush system prefs: java.util.prefs.BackingStoreException: Couldn't get file lock.
2026-05-08 01:10:22,723 [ERROR] LogOutputStream:75 - [STDERR_REDIRECT] 
2026-05-08 01:10:52,723 [ERROR] LogOutputStream:75 - [STDERR_REDIRECT] May 08, 2026 1:10:52 AM java.util.prefs.FileSystemPreferences checkLockFile0ErrorCode
2026-05-08 01:10:52,724 [ERROR] LogOutputStream:75 - [STDERR_REDIRECT] WARNING: Could not lock System prefs. Unix error code 5.
2026-05-08 01:10:52,724 [ERROR] LogOutputStream:75 - [STDERR_REDIRECT] 
2026-05-08 01:10:52,724 [ERROR] LogOutputStream:75 - [STDERR_REDIRECT] May 08, 2026 1:10:52 AM java.util.prefs.FileSystemPreferences syncWorld
2026-05-08 01:10:52,724 [ERROR] LogOutputStream:75 - [STDERR_REDIRECT] WARNING: Couldn't flush system prefs: java.util.prefs.BackingStoreException: Couldn't get file lock.
2026-05-08 01:10:52,724 [ERROR] LogOutputStream:75 - [STDERR_REDIRECT] 
2026-05-08 01:11:22,724 [ERROR] LogOutputStream:75 - [STDERR_REDIRECT] May 08, 2026 1:11:22 AM java.util.prefs.FileSystemPreferences checkLockFile0ErrorCode
2026-05-08 01:11:22,742 [ERROR] LogOutputStream:75 - [STDERR_REDIRECT] WARNING: Could not lock System prefs. Unix error code 5.
2026-05-08 01:11:22,742 [ERROR] LogOutputStream:75 - [STDERR_REDIRECT] 
2026-05-08 01:11:22,743 [ERROR] LogOutputStream:75 - [STDERR_REDIRECT] May 08, 2026 1:11:22 AM java.util.prefs.FileSystemPreferences syncWorld
2026-05-08 01:11:22,743 [ERROR] LogOutputStream:75 - [STDERR_REDIRECT] WARNING: Couldn't flush system prefs: java.util.prefs.BackingStoreException: Couldn't get file lock.
2026-05-08 01:11:22,743 [ERROR] LogOutputStream:75 - [STDERR_REDIRECT] 
2026-05-08 01:11:52,724 [ERROR] LogOutputStream:75 - [STDERR_REDIRECT] May 08, 2026 1:11:52 AM java.util.prefs.FileSystemPreferences checkLockFile0ErrorCode
2026-05-08 01:11:52,724 [ERROR] LogOutputStream:75 - [STDERR_REDIRECT] WARNING: Could not lock System prefs. Unix error code 5.
2026-05-08 01:11:52,724 [ERROR] LogOutputStream:75 - [STDERR_REDIRECT] 
2026-05-08 01:11:52,725 [ERROR] LogOutputStream:75 - [STDERR_REDIRECT] May 08, 2026 1:11:52 AM java.util.prefs.FileSystemPreferences syncWorld
2026-05-08 01:11:52,725 [ERROR] LogOutputStream:75 - [STDERR_REDIRECT] WARNING: Couldn't flush system prefs: java.util.prefs.BackingStoreException: Couldn't get file lock.
2026-05-08 01:11:52,725 [ERROR] LogOutputStream:75 - [STDERR_REDIRECT] 
2026-05-08 01:12:22,723 [ERROR] LogOutputStream:75 - [STDERR_REDIRECT] May 08, 2026 1:12:22 AM java.util.prefs.FileSystemPreferences checkLockFile0ErrorCode
2026-05-08 01:12:22,723 [ERROR] LogOutputStream:75 - [STDERR_REDIRECT] WARNING: Could not lock System prefs. Unix error code 5.
2026-05-08 01:12:22,723 [ERROR] LogOutputStream:75 - [STDERR_REDIRECT] 
2026-05-08 01:12:22,723 [ERROR] LogOutputStream:75 - [STDERR_REDIRECT] May 08, 2026 1:12:22 AM java.util.prefs.FileSystemPreferences syncWorld
2026-05-08 01:12:22,723 [ERROR] LogOutputStream:75 - [STDERR_REDIRECT] WARNING: Couldn't flush system prefs: java.util.prefs.BackingStoreException: Couldn't get file lock.
2026-05-08 01:12:22,723 [ERROR] LogOutputStream:75 - [STDERR_REDIRECT] 
2026-05-08 01:12:52,725 [ERROR] LogOutputStream:75 - [STDERR_REDIRECT] May 08, 2026 1:12:52 AM java.util.prefs.FileSystemPreferences checkLockFile0ErrorCode
2026-05-08 01:12:52,726 [ERROR] LogOutputStream:75 - [STDERR_REDIRECT] WARNING: Could not lock System prefs. Unix error code 5.
2026-05-08 01:12:52,726 [ERROR] LogOutputStream:75 - [STDERR_REDIRECT] 
2026-05-08 01:12:52,726 [ERROR] LogOutputStream:75 - [STDERR_REDIRECT] May 08, 2026 1:12:52 AM java.util.prefs.FileSystemPreferences syncWorld
2026-05-08 01:12:52,726 [ERROR] LogOutputStream:75 - [STDERR_REDIRECT] WARNING: Couldn't flush system prefs: java.util.prefs.BackingStoreException: Couldn't get file lock.
2026-05-08 01:12:52,726 [ERROR] LogOutputStream:75 - [STDERR_REDIRECT] 
2026-05-08 01:13:22,724 [ERROR] LogOutputStream:75 - [STDERR_REDIRECT] May 08, 2026 1:13:22 AM java.util.prefs.FileSystemPreferences checkLockFile0ErrorCode
2026-05-08 01:13:22,724 [ERROR] LogOutputStream:75 - [STDERR_REDIRECT] WARNING: Could not lock System prefs. Unix error code 5.
2026-05-08 01:13:22,724 [ERROR] LogOutputStream:75 - [STDERR_REDIRECT] 
2026-05-08 01:13:22,724 [ERROR] LogOutputStream:75 - [STDERR_REDIRECT] May 08, 2026 1:13:22 AM java.util.prefs.FileSystemPreferences syncWorld
2026-05-08 01:13:22,724 [ERROR] LogOutputStream:75 - [STDERR_REDIRECT] WARNING: Couldn't flush system prefs: java.util.prefs.BackingStoreException: Couldn't get file lock.
2026-05-08 01:13:22,724 [ERROR] LogOutputStream:75 - [STDERR_REDIRECT] 
2026-05-08 01:13:52,724 [ERROR] LogOutputStream:75 - [STDERR_REDIRECT] May 08, 2026 1:13:52 AM java.util.prefs.FileSystemPreferences checkLockFile0ErrorCode
2026-05-08 01:13:52,724 [ERROR] LogOutputStream:75 - [STDERR_REDIRECT] WARNING: Could not lock System prefs. Unix error code 5.
2026-05-08 01:13:52,724 [ERROR] LogOutputStream:75 - [STDERR_REDIRECT] 
2026-05-08 01:13:52,724 [ERROR] LogOutputStream:75 - [STDERR_REDIRECT] May 08, 2026 1:13:52 AM java.util.prefs.FileSystemPreferences syncWorld
2026-05-08 01:13:52,724 [ERROR] LogOutputStream:75 - [STDERR_REDIRECT] WARNING: Couldn't flush system prefs: java.util.prefs.BackingStoreException: Couldn't get file lock.
2026-05-08 01:13:52,724 [ERROR] LogOutputStream:75 - [STDERR_REDIRECT] 
2026-05-08 01:14:22,724 [ERROR] LogOutputStream:75 - [STDERR_REDIRECT] May 08, 2026 1:14:22 AM java.util.prefs.FileSystemPreferences checkLockFile0ErrorCode
2026-05-08 01:14:22,724 [ERROR] LogOutputStream:75 - [STDERR_REDIRECT] WARNING: Could not lock System prefs. Unix error code 5.
2026-05-08 01:14:22,725 [ERROR] LogOutputStream:75 - [STDERR_REDIRECT] 
2026-05-08 01:14:22,725 [ERROR] LogOutputStream:75 - [STDERR_REDIRECT] May 08, 2026 1:14:22 AM java.util.prefs.FileSystemPreferences syncWorld
2026-05-08 01:14:22,725 [ERROR] LogOutputStream:75 - [STDERR_REDIRECT] WARNING: Couldn't flush system prefs: java.util.prefs.BackingStoreException: Couldn't get file lock.
2026-05-08 01:14:22,725 [ERROR] LogOutputStream:75 - [STDERR_REDIRECT] 
2026-05-08 01:14:52,724 [ERROR] LogOutputStream:75 - [STDERR_REDIRECT] May 08, 2026 1:14:52 AM java.util.prefs.FileSystemPreferences checkLockFile0ErrorCode
2026-05-08 01:14:52,724 [ERROR] LogOutputStream:75 - [STDERR_REDIRECT] WARNING: Could not lock System prefs. Unix error code 5.
2026-05-08 01:14:52,724 [ERROR] LogOutputStream:75 - [STDERR_REDIRECT] 
2026-05-08 01:14:52,725 [ERROR] LogOutputStream:75 - [STDERR_REDIRECT] May 08, 2026 1:14:52 AM java.util.prefs.FileSystemPreferences syncWorld
2026-05-08 01:14:52,725 [ERROR] LogOutputStream:75 - [STDERR_REDIRECT] WARNING: Couldn't flush system prefs: java.util.prefs.BackingStoreException: Couldn't get file lock.
2026-05-08 01:14:52,725 [ERROR] LogOutputStream:75 - [STDERR_REDIRECT] 
2026-05-08 01:15:23,158 [ERROR] LogOutputStream:75 - [STDERR_REDIRECT] May 08, 2026 1:15:23 AM java.util.prefs.FileSystemPreferences checkLockFile0ErrorCode
2026-05-08 01:15:23,158 [ERROR] LogOutputStream:75 - [STDERR_REDIRECT] WARNING: Could not lock System prefs. Unix error code 5.
2026-05-08 01:15:23,158 [ERROR] LogOutputStream:75 - [STDERR_REDIRECT] 
2026-05-08 01:15:23,158 [ERROR] LogOutputStream:75 - [STDERR_REDIRECT] May 08, 2026 1:15:23 AM java.util.prefs.FileSystemPreferences syncWorld
2026-05-08 01:15:23,158 [ERROR] LogOutputStream:75 - [STDERR_REDIRECT] WARNING: Couldn't flush system prefs: java.util.prefs.BackingStoreException: Couldn't get file lock.
2026-05-08 01:15:23,158 [ERROR] LogOutputStream:75 - [STDERR_REDIRECT] 
2026-05-08 01:15:53,158 [ERROR] LogOutputStream:75 - [STDERR_REDIRECT] May 08, 2026 1:15:53 AM java.util.prefs.FileSystemPreferences checkLockFile0ErrorCode
2026-05-08 01:15:53,158 [ERROR] LogOutputStream:75 - [STDERR_REDIRECT] WARNING: Could not lock System prefs. Unix error code 5.
2026-05-08 01:15:53,158 [ERROR] LogOutputStream:75 - [STDERR_REDIRECT] 
2026-05-08 01:15:53,159 [ERROR] LogOutputStream:75 - [STDERR_REDIRECT] May 08, 2026 1:15:53 AM java.util.prefs.FileSystemPreferences syncWorld
2026-05-08 01:15:53,159 [ERROR] LogOutputStream:75 - [STDERR_REDIRECT] WARNING: Couldn't flush system prefs: java.util.prefs.BackingStoreException: Couldn't get file lock.
2026-05-08 01:15:53,159 [ERROR] LogOutputStream:75 - [STDERR_REDIRECT] 
2026-05-08 01:16:23,158 [ERROR] LogOutputStream:75 - [STDERR_REDIRECT] May 08, 2026 1:16:23 AM java.util.prefs.FileSystemPreferences checkLockFile0ErrorCode
2026-05-08 01:16:23,158 [ERROR] LogOutputStream:75 - [STDERR_REDIRECT] WARNING: Could not lock System prefs. Unix error code 5.
2026-05-08 01:16:23,158 [ERROR] LogOutputStream:75 - [STDERR_REDIRECT] 
2026-05-08 01:16:23,159 [ERROR] LogOutputStream:75 - [STDERR_REDIRECT] May 08, 2026 1:16:23 AM java.util.prefs.FileSystemPreferences syncWorld
2026-05-08 01:16:23,159 [ERROR] LogOutputStream:75 - [STDERR_REDIRECT] WARNING: Couldn't flush system prefs: java.util.prefs.BackingStoreException: Couldn't get file lock.
2026-05-08 01:16:23,159 [ERROR] LogOutputStream:75 - [STDERR_REDIRECT] 
2026-05-08 01:16:53,159 [ERROR] LogOutputStream:75 - [STDERR_REDIRECT] May 08, 2026 1:16:53 AM java.util.prefs.FileSystemPreferences checkLockFile0ErrorCode
2026-05-08 01:16:53,159 [ERROR] LogOutputStream:75 - [STDERR_REDIRECT] WARNING: Could not lock System prefs. Unix error code 5.
2026-05-08 01:16:53,159 [ERROR] LogOutputStream:75 - [STDERR_REDIRECT] 
2026-05-08 01:16:53,159 [ERROR] LogOutputStream:75 - [STDERR_REDIRECT] May 08, 2026 1:16:53 AM java.util.prefs.FileSystemPreferences syncWorld
2026-05-08 01:16:53,159 [ERROR] LogOutputStream:75 - [STDERR_REDIRECT] WARNING: Couldn't flush system prefs: java.util.prefs.BackingStoreException: Couldn't get file lock.
2026-05-08 01:16:53,159 [ERROR] LogOutputStream:75 - [STDERR_REDIRECT] 
2026-05-08 01:17:23,178 [ERROR] LogOutputStream:75 - [STDERR_REDIRECT] May 08, 2026 1:17:23 AM java.util.prefs.FileSystemPreferences checkLockFile0ErrorCode
2026-05-08 01:17:23,180 [ERROR] LogOutputStream:75 - [STDERR_REDIRECT] WARNING: Could not lock System prefs. Unix error code 5.
2026-05-08 01:17:23,180 [ERROR] LogOutputStream:75 - [STDERR_REDIRECT] 
2026-05-08 01:17:23,184 [ERROR] LogOutputStream:75 - [STDERR_REDIRECT] May 08, 2026 1:17:23 AM java.util.prefs.FileSystemPreferences syncWorld
2026-05-08 01:17:23,184 [ERROR] LogOutputStream:75 - [STDERR_REDIRECT] WARNING: Couldn't flush system prefs: java.util.prefs.BackingStoreException: Couldn't get file lock.
2026-05-08 01:17:23,187 [ERROR] LogOutputStream:75 - [STDERR_REDIRECT] 
2026-05-08 01:17:53,161 [ERROR] LogOutputStream:75 - [STDERR_REDIRECT] May 08, 2026 1:17:53 AM java.util.prefs.FileSystemPreferences checkLockFile0ErrorCode
2026-05-08 01:17:53,162 [ERROR] LogOutputStream:75 - [STDERR_REDIRECT] WARNING: Could not lock System prefs. Unix error code 5.
2026-05-08 01:17:53,162 [ERROR] LogOutputStream:75 - [STDERR_REDIRECT] 
2026-05-08 01:17:53,162 [ERROR] LogOutputStream:75 - [STDERR_REDIRECT] May 08, 2026 1:17:53 AM java.util.prefs.FileSystemPreferences syncWorld
2026-05-08 01:17:53,162 [ERROR] LogOutputStream:75 - [STDERR_REDIRECT] WARNING: Couldn't flush system prefs: java.util.prefs.BackingStoreException: Couldn't get file lock.
2026-05-08 01:17:53,162 [ERROR] LogOutputStream:75 - [STDERR_REDIRECT] 
2026-05-08 01:18:23,161 [ERROR] LogOutputStream:75 - [STDERR_REDIRECT] May 08, 2026 1:18:23 AM java.util.prefs.FileSystemPreferences checkLockFile0ErrorCode
2026-05-08 01:18:23,161 [ERROR] LogOutputStream:75 - [STDERR_REDIRECT] WARNING: Could not lock System prefs. Unix error code 5.
2026-05-08 01:18:23,161 [ERROR] LogOutputStream:75 - [STDERR_REDIRECT] 
2026-05-08 01:18:23,161 [ERROR] LogOutputStream:75 - [STDERR_REDIRECT] May 08, 2026 1:18:23 AM java.util.prefs.FileSystemPreferences syncWorld
2026-05-08 01:18:23,161 [ERROR] LogOutputStream:75 - [STDERR_REDIRECT] WARNING: Couldn't flush system prefs: java.util.prefs.BackingStoreException: Couldn't get file lock.
2026-05-08 01:18:23,161 [ERROR] LogOutputStream:75 - [STDERR_REDIRECT] 
2026-05-08 01:18:53,165 [ERROR] LogOutputStream:75 - [STDERR_REDIRECT] May 08, 2026 1:18:53 AM java.util.prefs.FileSystemPreferences checkLockFile0ErrorCode
2026-05-08 01:18:53,166 [ERROR] LogOutputStream:75 - [STDERR_REDIRECT] WARNING: Could not lock System prefs. Unix error code 5.
2026-05-08 01:18:53,168 [ERROR] LogOutputStream:75 - [STDERR_REDIRECT] 
2026-05-08 01:18:53,168 [ERROR] LogOutputStream:75 - [STDERR_REDIRECT] May 08, 2026 1:18:53 AM java.util.prefs.FileSystemPreferences syncWorld
2026-05-08 01:18:53,168 [ERROR] LogOutputStream:75 - [STDERR_REDIRECT] WARNING: Couldn't flush system prefs: java.util.prefs.BackingStoreException: Couldn't get file lock.
2026-05-08 01:18:53,168 [ERROR] LogOutputStream:75 - [STDERR_REDIRECT] 
2026-05-08 01:19:23,162 [ERROR] LogOutputStream:75 - [STDERR_REDIRECT] May 08, 2026 1:19:23 AM java.util.prefs.FileSystemPreferences checkLockFile0ErrorCode
2026-05-08 01:19:23,165 [ERROR] LogOutputStream:75 - [STDERR_REDIRECT] WARNING: Could not lock System prefs. Unix error code 5.
2026-05-08 01:19:23,179 [ERROR] LogOutputStream:75 - [STDERR_REDIRECT] 
2026-05-08 01:19:23,180 [ERROR] LogOutputStream:75 - [STDERR_REDIRECT] May 08, 2026 1:19:23 AM java.util.prefs.FileSystemPreferences syncWorld
2026-05-08 01:19:23,180 [ERROR] LogOutputStream:75 - [STDERR_REDIRECT] WARNING: Couldn't flush system prefs: java.util.prefs.BackingStoreException: Couldn't get file lock.
2026-05-08 01:19:23,180 [ERROR] LogOutputStream:75 - [STDERR_REDIRECT] 
2026-05-08 01:19:53,163 [ERROR] LogOutputStream:75 - [STDERR_REDIRECT] May 08, 2026 1:19:53 AM java.util.prefs.FileSystemPreferences checkLockFile0ErrorCode
2026-05-08 01:19:53,164 [ERROR] LogOutputStream:75 - [STDERR_REDIRECT] WARNING: Could not lock System prefs. Unix error code 5.
2026-05-08 01:19:53,164 [ERROR] LogOutputStream:75 - [STDERR_REDIRECT] 
2026-05-08 01:19:53,164 [ERROR] LogOutputStream:75 - [STDERR_REDIRECT] May 08, 2026 1:19:53 AM java.util.prefs.FileSystemPreferences syncWorld
2026-05-08 01:19:53,164 [ERROR] LogOutputStream:75 - [STDERR_REDIRECT] WARNING: Couldn't flush system prefs: java.util.prefs.BackingStoreException: Couldn't get file lock.
2026-05-08 01:19:53,164 [ERROR] LogOutputStream:75 - [STDERR_REDIRECT] 
2026-05-08 01:20:23,163 [ERROR] LogOutputStream:75 - [STDERR_REDIRECT] May 08, 2026 1:20:23 AM java.util.prefs.FileSystemPreferences checkLockFile0ErrorCode
2026-05-08 01:20:23,163 [ERROR] LogOutputStream:75 - [STDERR_REDIRECT] WARNING: Could not lock System prefs. Unix error code 5.
2026-05-08 01:20:23,163 [ERROR] LogOutputStream:75 - [STDERR_REDIRECT] 
2026-05-08 01:20:23,163 [ERROR] LogOutputStream:75 - [STDERR_REDIRECT] May 08, 2026 1:20:23 AM java.util.prefs.FileSystemPreferences syncWorld
2026-05-08 01:20:23,163 [ERROR] LogOutputStream:75 - [STDERR_REDIRECT] WARNING: Couldn't flush system prefs: java.util.prefs.BackingStoreException: Couldn't get file lock.
2026-05-08 01:20:23,163 [ERROR] LogOutputStream:75 - [STDERR_REDIRECT] 
2026-05-08 01:20:53,163 [ERROR] LogOutputStream:75 - [STDERR_REDIRECT] May 08, 2026 1:20:53 AM java.util.prefs.FileSystemPreferences checkLockFile0ErrorCode
2026-05-08 01:20:53,163 [ERROR] LogOutputStream:75 - [STDERR_REDIRECT] WARNING: Could not lock System prefs. Unix error code 5.
2026-05-08 01:20:53,163 [ERROR] LogOutputStream:75 - [STDERR_REDIRECT] 
2026-05-08 01:20:53,163 [ERROR] LogOutputStream:75 - [STDERR_REDIRECT] May 08, 2026 1:20:53 AM java.util.prefs.FileSystemPreferences syncWorld
2026-05-08 01:20:53,163 [ERROR] LogOutputStream:75 - [STDERR_REDIRECT] WARNING: Couldn't flush system prefs: java.util.prefs.BackingStoreException: Couldn't get file lock.
2026-05-08 01:20:53,163 [ERROR] LogOutputStream:75 - [STDERR_REDIRECT] 
2026-05-08 01:21:23,164 [ERROR] LogOutputStream:75 - [STDERR_REDIRECT] May 08, 2026 1:21:23 AM java.util.prefs.FileSystemPreferences checkLockFile0ErrorCode
2026-05-08 01:21:23,164 [ERROR] LogOutputStream:75 - [STDERR_REDIRECT] WARNING: Could not lock System prefs. Unix error code 5.
2026-05-08 01:21:23,164 [ERROR] LogOutputStream:75 - [STDERR_REDIRECT] 
2026-05-08 01:21:23,164 [ERROR] LogOutputStream:75 - [STDERR_REDIRECT] May 08, 2026 1:21:23 AM java.util.prefs.FileSystemPreferences syncWorld
2026-05-08 01:21:23,164 [ERROR] LogOutputStream:75 - [STDERR_REDIRECT] WARNING: Couldn't flush system prefs: java.util.prefs.BackingStoreException: Couldn't get file lock.
2026-05-08 01:21:23,164 [ERROR] LogOutputStream:75 - [STDERR_REDIRECT] 
2026-05-08 01:21:53,164 [ERROR] LogOutputStream:75 - [STDERR_REDIRECT] May 08, 2026 1:21:53 AM java.util.prefs.FileSystemPreferences checkLockFile0ErrorCode
2026-05-08 01:21:53,164 [ERROR] LogOutputStream:75 - [STDERR_REDIRECT] WARNING: Could not lock System prefs. Unix error code 5.
2026-05-08 01:21:53,164 [ERROR] LogOutputStream:75 - [STDERR_REDIRECT] 
2026-05-08 01:21:53,164 [ERROR] LogOutputStream:75 - [STDERR_REDIRECT] May 08, 2026 1:21:53 AM java.util.prefs.FileSystemPreferences syncWorld
2026-05-08 01:21:53,165 [ERROR] LogOutputStream:75 - [STDERR_REDIRECT] WARNING: Couldn't flush system prefs: java.util.prefs.BackingStoreException: Couldn't get file lock.
2026-05-08 01:21:53,181 [ERROR] LogOutputStream:75 - [STDERR_REDIRECT] 
2026-05-08 01:22:23,164 [ERROR] LogOutputStream:75 - [STDERR_REDIRECT] May 08, 2026 1:22:23 AM java.util.prefs.FileSystemPreferences checkLockFile0ErrorCode
2026-05-08 01:22:23,164 [ERROR] LogOutputStream:75 - [STDERR_REDIRECT] WARNING: Could not lock System prefs. Unix error code 5.
2026-05-08 01:22:23,164 [ERROR] LogOutputStream:75 - [STDERR_REDIRECT] 
2026-05-08 01:22:23,165 [ERROR] LogOutputStream:75 - [STDERR_REDIRECT] May 08, 2026 1:22:23 AM java.util.prefs.FileSystemPreferences syncWorld
2026-05-08 01:22:23,165 [ERROR] LogOutputStream:75 - [STDERR_REDIRECT] WARNING: Couldn't flush system prefs: java.util.prefs.BackingStoreException: Couldn't get file lock.
2026-05-08 01:22:23,165 [ERROR] LogOutputStream:75 - [STDERR_REDIRECT] 
2026-05-08 01:22:53,164 [ERROR] LogOutputStream:75 - [STDERR_REDIRECT] May 08, 2026 1:22:53 AM java.util.prefs.FileSystemPreferences checkLockFile0ErrorCode
2026-05-08 01:22:53,164 [ERROR] LogOutputStream:75 - [STDERR_REDIRECT] WARNING: Could not lock System prefs. Unix error code 5.
2026-05-08 01:22:53,164 [ERROR] LogOutputStream:75 - [STDERR_REDIRECT] 
2026-05-08 01:22:53,164 [ERROR] LogOutputStream:75 - [STDERR_REDIRECT] May 08, 2026 1:22:53 AM java.util.prefs.FileSystemPreferences syncWorld
2026-05-08 01:22:53,164 [ERROR] LogOutputStream:75 - [STDERR_REDIRECT] WARNING: Couldn't flush system prefs: java.util.prefs.BackingStoreException: Couldn't get file lock.
2026-05-08 01:22:53,164 [ERROR] LogOutputStream:75 - [STDERR_REDIRECT] 
2026-05-08 01:23:23,164 [ERROR] LogOutputStream:75 - [STDERR_REDIRECT] May 08, 2026 1:23:23 AM java.util.prefs.FileSystemPreferences checkLockFile0ErrorCode
2026-05-08 01:23:23,164 [ERROR] LogOutputStream:75 - [STDERR_REDIRECT] WARNING: Could not lock System prefs. Unix error code 5.
2026-05-08 01:23:23,164 [ERROR] LogOutputStream:75 - [STDERR_REDIRECT] 
2026-05-08 01:23:23,164 [ERROR] LogOutputStream:75 - [STDERR_REDIRECT] May 08, 2026 1:23:23 AM java.util.prefs.FileSystemPreferences syncWorld
2026-05-08 01:23:23,165 [ERROR] LogOutputStream:75 - [STDERR_REDIRECT] WARNING: Couldn't flush system prefs: java.util.prefs.BackingStoreException: Couldn't get file lock.
2026-05-08 01:23:23,165 [ERROR] LogOutputStream:75 - [STDERR_REDIRECT] 
2026-05-08 01:23:53,165 [ERROR] LogOutputStream:75 - [STDERR_REDIRECT] May 08, 2026 1:23:53 AM java.util.prefs.FileSystemPreferences checkLockFile0ErrorCode
2026-05-08 01:23:53,182 [ERROR] LogOutputStream:75 - [STDERR_REDIRECT] WARNING: Could not lock System prefs. Unix error code 5.
2026-05-08 01:23:53,182 [ERROR] LogOutputStream:75 - [STDERR_REDIRECT] 
2026-05-08 01:23:53,182 [ERROR] LogOutputStream:75 - [STDERR_REDIRECT] May 08, 2026 1:23:53 AM java.util.prefs.FileSystemPreferences syncWorld
2026-05-08 01:23:53,182 [ERROR] LogOutputStream:75 - [STDERR_REDIRECT] WARNING: Couldn't flush system prefs: java.util.prefs.BackingStoreException: Couldn't get file lock.
2026-05-08 01:23:53,182 [ERROR] LogOutputStream:75 - [STDERR_REDIRECT] 
2026-05-08 01:24:23,166 [ERROR] LogOutputStream:75 - [STDERR_REDIRECT] May 08, 2026 1:24:23 AM java.util.prefs.FileSystemPreferences checkLockFile0ErrorCode
2026-05-08 01:24:23,166 [ERROR] LogOutputStream:75 - [STDERR_REDIRECT] WARNING: Could not lock System prefs. Unix error code 5.
2026-05-08 01:24:23,166 [ERROR] LogOutputStream:75 - [STDERR_REDIRECT] 
2026-05-08 01:24:23,166 [ERROR] LogOutputStream:75 - [STDERR_REDIRECT] May 08, 2026 1:24:23 AM java.util.prefs.FileSystemPreferences syncWorld
2026-05-08 01:24:23,166 [ERROR] LogOutputStream:75 - [STDERR_REDIRECT] WARNING: Couldn't flush system prefs: java.util.prefs.BackingStoreException: Couldn't get file lock.
2026-05-08 01:24:23,166 [ERROR] LogOutputStream:75 - [STDERR_REDIRECT] 
2026-05-08 01:24:53,165 [ERROR] LogOutputStream:75 - [STDERR_REDIRECT] May 08, 2026 1:24:53 AM java.util.prefs.FileSystemPreferences checkLockFile0ErrorCode
2026-05-08 01:24:53,165 [ERROR] LogOutputStream:75 - [STDERR_REDIRECT] WARNING: Could not lock System prefs. Unix error code 5.
2026-05-08 01:24:53,165 [ERROR] LogOutputStream:75 - [STDERR_REDIRECT] 
2026-05-08 01:24:53,166 [ERROR] LogOutputStream:75 - [STDERR_REDIRECT] May 08, 2026 1:24:53 AM java.util.prefs.FileSystemPreferences syncWorld
2026-05-08 01:24:53,167 [ERROR] LogOutputStream:75 - [STDERR_REDIRECT] WARNING: Couldn't flush system prefs: java.util.prefs.BackingStoreException: Couldn't get file lock.
2026-05-08 01:24:53,167 [ERROR] LogOutputStream:75 - [STDERR_REDIRECT] 
2026-05-08 01:25:23,165 [ERROR] LogOutputStream:75 - [STDERR_REDIRECT] May 08, 2026 1:25:23 AM java.util.prefs.FileSystemPreferences checkLockFile0ErrorCode
2026-05-08 01:25:23,165 [ERROR] LogOutputStream:75 - [STDERR_REDIRECT] WARNING: Could not lock System prefs. Unix error code 5.
2026-05-08 01:25:23,165 [ERROR] LogOutputStream:75 - [STDERR_REDIRECT] 
2026-05-08 01:25:23,165 [ERROR] LogOutputStream:75 - [STDERR_REDIRECT] May 08, 2026 1:25:23 AM java.util.prefs.FileSystemPreferences syncWorld
2026-05-08 01:25:23,166 [ERROR] LogOutputStream:75 - [STDERR_REDIRECT] WARNING: Couldn't flush system prefs: java.util.prefs.BackingStoreException: Couldn't get file lock.
2026-05-08 01:25:23,166 [ERROR] LogOutputStream:75 - [STDERR_REDIRECT] 
2026-05-08 01:25:53,168 [ERROR] LogOutputStream:75 - [STDERR_REDIRECT] May 08, 2026 1:25:53 AM java.util.prefs.FileSystemPreferences checkLockFile0ErrorCode
2026-05-08 01:25:53,168 [ERROR] LogOutputStream:75 - [STDERR_REDIRECT] WARNING: Could not lock System prefs. Unix error code 5.
2026-05-08 01:25:53,168 [ERROR] LogOutputStream:75 - [STDERR_REDIRECT] 
2026-05-08 01:25:53,169 [ERROR] LogOutputStream:75 - [STDERR_REDIRECT] May 08, 2026 1:25:53 AM java.util.prefs.FileSystemPreferences syncWorld
2026-05-08 01:25:53,169 [ERROR] LogOutputStream:75 - [STDERR_REDIRECT] WARNING: Couldn't flush system prefs: java.util.prefs.BackingStoreException: Couldn't get file lock.
2026-05-08 01:25:53,169 [ERROR] LogOutputStream:75 - [STDERR_REDIRECT] 
2026-05-08 01:26:23,165 [ERROR] LogOutputStream:75 - [STDERR_REDIRECT] May 08, 2026 1:26:23 AM java.util.prefs.FileSystemPreferences checkLockFile0ErrorCode
2026-05-08 01:26:23,165 [ERROR] LogOutputStream:75 - [STDERR_REDIRECT] WARNING: Could not lock System prefs. Unix error code 5.
2026-05-08 01:26:23,165 [ERROR] LogOutputStream:75 - [STDERR_REDIRECT] 
2026-05-08 01:26:23,165 [ERROR] LogOutputStream:75 - [STDERR_REDIRECT] May 08, 2026 1:26:23 AM java.util.prefs.FileSystemPreferences syncWorld
2026-05-08 01:26:23,165 [ERROR] LogOutputStream:75 - [STDERR_REDIRECT] WARNING: Couldn't flush system prefs: java.util.prefs.BackingStoreException: Couldn't get file lock.
2026-05-08 01:26:23,165 [ERROR] LogOutputStream:75 - [STDERR_REDIRECT] 
2026-05-08 01:26:53,165 [ERROR] LogOutputStream:75 - [STDERR_REDIRECT] May 08, 2026 1:26:53 AM java.util.prefs.FileSystemPreferences checkLockFile0ErrorCode
2026-05-08 01:26:53,165 [ERROR] LogOutputStream:75 - [STDERR_REDIRECT] WARNING: Could not lock System prefs. Unix error code 5.
2026-05-08 01:26:53,165 [ERROR] LogOutputStream:75 - [STDERR_REDIRECT] 
2026-05-08 01:26:53,165 [ERROR] LogOutputStream:75 - [STDERR_REDIRECT] May 08, 2026 1:26:53 AM java.util.prefs.FileSystemPreferences syncWorld
2026-05-08 01:26:53,165 [ERROR] LogOutputStream:75 - [STDERR_REDIRECT] WARNING: Couldn't flush system prefs: java.util.prefs.BackingStoreException: Couldn't get file lock.
2026-05-08 01:26:53,166 [ERROR] LogOutputStream:75 - [STDERR_REDIRECT] 
2026-05-08 01:27:23,166 [ERROR] LogOutputStream:75 - [STDERR_REDIRECT] May 08, 2026 1:27:23 AM java.util.prefs.FileSystemPreferences checkLockFile0ErrorCode
2026-05-08 01:27:23,166 [ERROR] LogOutputStream:75 - [STDERR_REDIRECT] WARNING: Could not lock System prefs. Unix error code 5.
2026-05-08 01:27:23,166 [ERROR] LogOutputStream:75 - [STDERR_REDIRECT] 
2026-05-08 01:27:23,166 [ERROR] LogOutputStream:75 - [STDERR_REDIRECT] May 08, 2026 1:27:23 AM java.util.prefs.FileSystemPreferences syncWorld
2026-05-08 01:27:23,166 [ERROR] LogOutputStream:75 - [STDERR_REDIRECT] WARNING: Couldn't flush system prefs: java.util.prefs.BackingStoreException: Couldn't get file lock.
2026-05-08 01:27:23,166 [ERROR] LogOutputStream:75 - [STDERR_REDIRECT] 
2026-05-08 01:27:53,167 [ERROR] LogOutputStream:75 - [STDERR_REDIRECT] May 08, 2026 1:27:53 AM java.util.prefs.FileSystemPreferences checkLockFile0ErrorCode
2026-05-08 01:27:53,167 [ERROR] LogOutputStream:75 - [STDERR_REDIRECT] WARNING: Could not lock System prefs. Unix error code 5.
2026-05-08 01:27:53,167 [ERROR] LogOutputStream:75 - [STDERR_REDIRECT] 
2026-05-08 01:27:53,167 [ERROR] LogOutputStream:75 - [STDERR_REDIRECT] May 08, 2026 1:27:53 AM java.util.prefs.FileSystemPreferences syncWorld
2026-05-08 01:27:53,167 [ERROR] LogOutputStream:75 - [STDERR_REDIRECT] WARNING: Couldn't flush system prefs: java.util.prefs.BackingStoreException: Couldn't get file lock.
2026-05-08 01:27:53,167 [ERROR] LogOutputStream:75 - [STDERR_REDIRECT] 
2026-05-08 01:28:23,166 [ERROR] LogOutputStream:75 - [STDERR_REDIRECT] May 08, 2026 1:28:23 AM java.util.prefs.FileSystemPreferences checkLockFile0ErrorCode
2026-05-08 01:28:23,167 [ERROR] LogOutputStream:75 - [STDERR_REDIRECT] WARNING: Could not lock System prefs. Unix error code 5.
2026-05-08 01:28:23,167 [ERROR] LogOutputStream:75 - [STDERR_REDIRECT] 
2026-05-08 01:28:23,167 [ERROR] LogOutputStream:75 - [STDERR_REDIRECT] May 08, 2026 1:28:23 AM java.util.prefs.FileSystemPreferences syncWorld
2026-05-08 01:28:23,167 [ERROR] LogOutputStream:75 - [STDERR_REDIRECT] WARNING: Couldn't flush system prefs: java.util.prefs.BackingStoreException: Couldn't get file lock.
2026-05-08 01:28:23,167 [ERROR] LogOutputStream:75 - [STDERR_REDIRECT] 
2026-05-08 01:28:53,166 [ERROR] LogOutputStream:75 - [STDERR_REDIRECT] May 08, 2026 1:28:53 AM java.util.prefs.FileSystemPreferences checkLockFile0ErrorCode
2026-05-08 01:28:53,166 [ERROR] LogOutputStream:75 - [STDERR_REDIRECT] WARNING: Could not lock System prefs. Unix error code 5.
2026-05-08 01:28:53,166 [ERROR] LogOutputStream:75 - [STDERR_REDIRECT] 
2026-05-08 01:28:53,166 [ERROR] LogOutputStream:75 - [STDERR_REDIRECT] May 08, 2026 1:28:53 AM java.util.prefs.FileSystemPreferences syncWorld
2026-05-08 01:28:53,166 [ERROR] LogOutputStream:75 - [STDERR_REDIRECT] WARNING: Couldn't flush system prefs: java.util.prefs.BackingStoreException: Couldn't get file lock.
2026-05-08 01:28:53,166 [ERROR] LogOutputStream:75 - [STDERR_REDIRECT] 
2026-05-08 01:29:23,167 [ERROR] LogOutputStream:75 - [STDERR_REDIRECT] May 08, 2026 1:29:23 AM java.util.prefs.FileSystemPreferences checkLockFile0ErrorCode
2026-05-08 01:29:23,167 [ERROR] LogOutputStream:75 - [STDERR_REDIRECT] WARNING: Could not lock System prefs. Unix error code 5.
2026-05-08 01:29:23,167 [ERROR] LogOutputStream:75 - [STDERR_REDIRECT] 
2026-05-08 01:29:23,167 [ERROR] LogOutputStream:75 - [STDERR_REDIRECT] May 08, 2026 1:29:23 AM java.util.prefs.FileSystemPreferences syncWorld
2026-05-08 01:29:23,167 [ERROR] LogOutputStream:75 - [STDERR_REDIRECT] WARNING: Couldn't flush system prefs: java.util.prefs.BackingStoreException: Couldn't get file lock.
2026-05-08 01:29:23,167 [ERROR] LogOutputStream:75 - [STDERR_REDIRECT] 
2026-05-08 01:29:53,168 [ERROR] LogOutputStream:75 - [STDERR_REDIRECT] May 08, 2026 1:29:53 AM java.util.prefs.FileSystemPreferences checkLockFile0ErrorCode
2026-05-08 01:29:53,168 [ERROR] LogOutputStream:75 - [STDERR_REDIRECT] WARNING: Could not lock System prefs. Unix error code 5.
2026-05-08 01:29:53,169 [ERROR] LogOutputStream:75 - [STDERR_REDIRECT] 
2026-05-08 01:29:53,169 [ERROR] LogOutputStream:75 - [STDERR_REDIRECT] May 08, 2026 1:29:53 AM java.util.prefs.FileSystemPreferences syncWorld
2026-05-08 01:29:53,169 [ERROR] LogOutputStream:75 - [STDERR_REDIRECT] WARNING: Couldn't flush system prefs: java.util.prefs.BackingStoreException: Couldn't get file lock.
2026-05-08 01:29:53,169 [ERROR] LogOutputStream:75 - [STDERR_REDIRECT] 
2026-05-08 01:30:23,168 [ERROR] LogOutputStream:75 - [STDERR_REDIRECT] May 08, 2026 1:30:23 AM java.util.prefs.FileSystemPreferences checkLockFile0ErrorCode
2026-05-08 01:30:23,169 [ERROR] LogOutputStream:75 - [STDERR_REDIRECT] WARNING: Could not lock System prefs. Unix error code 5.
2026-05-08 01:30:23,170 [ERROR] LogOutputStream:75 - [STDERR_REDIRECT] 
2026-05-08 01:30:23,171 [ERROR] LogOutputStream:75 - [STDERR_REDIRECT] May 08, 2026 1:30:23 AM java.util.prefs.FileSystemPreferences syncWorld
2026-05-08 01:30:23,171 [ERROR] LogOutputStream:75 - [STDERR_REDIRECT] WARNING: Couldn't flush system prefs: java.util.prefs.BackingStoreException: Couldn't get file lock.
2026-05-08 01:30:23,171 [ERROR] LogOutputStream:75 - [STDERR_REDIRECT] 
2026-05-08 01:30:53,167 [ERROR] LogOutputStream:75 - [STDERR_REDIRECT] May 08, 2026 1:30:53 AM java.util.prefs.FileSystemPreferences checkLockFile0ErrorCode
2026-05-08 01:30:53,168 [ERROR] LogOutputStream:75 - [STDERR_REDIRECT] WARNING: Could not lock System prefs. Unix error code 5.
2026-05-08 01:30:53,168 [ERROR] LogOutputStream:75 - [STDERR_REDIRECT] 
2026-05-08 01:30:53,168 [ERROR] LogOutputStream:75 - [STDERR_REDIRECT] May 08, 2026 1:30:53 AM java.util.prefs.FileSystemPreferences syncWorld
2026-05-08 01:30:53,169 [ERROR] LogOutputStream:75 - [STDERR_REDIRECT] WARNING: Couldn't flush system prefs: java.util.prefs.BackingStoreException: Couldn't get file lock.
2026-05-08 01:30:53,170 [ERROR] LogOutputStream:75 - [STDERR_REDIRECT] 
2026-05-08 01:31:23,168 [ERROR] LogOutputStream:75 - [STDERR_REDIRECT] May 08, 2026 1:31:23 AM java.util.prefs.FileSystemPreferences checkLockFile0ErrorCode
2026-05-08 01:31:23,168 [ERROR] LogOutputStream:75 - [STDERR_REDIRECT] WARNING: Could not lock System prefs. Unix error code 5.
2026-05-08 01:31:23,168 [ERROR] LogOutputStream:75 - [STDERR_REDIRECT] 
2026-05-08 01:31:23,169 [ERROR] LogOutputStream:75 - [STDERR_REDIRECT] May 08, 2026 1:31:23 AM java.util.prefs.FileSystemPreferences syncWorld
2026-05-08 01:31:23,169 [ERROR] LogOutputStream:75 - [STDERR_REDIRECT] WARNING: Couldn't flush system prefs: java.util.prefs.BackingStoreException: Couldn't get file lock.
2026-05-08 01:31:23,169 [ERROR] LogOutputStream:75 - [STDERR_REDIRECT] 
2026-05-08 01:31:53,168 [ERROR] LogOutputStream:75 - [STDERR_REDIRECT] May 08, 2026 1:31:53 AM java.util.prefs.FileSystemPreferences checkLockFile0ErrorCode
2026-05-08 01:31:53,168 [ERROR] LogOutputStream:75 - [STDERR_REDIRECT] WARNING: Could not lock System prefs. Unix error code 5.
2026-05-08 01:31:53,168 [ERROR] LogOutputStream:75 - [STDERR_REDIRECT] 
2026-05-08 01:31:53,169 [ERROR] LogOutputStream:75 - [STDERR_REDIRECT] May 08, 2026 1:31:53 AM java.util.prefs.FileSystemPreferences syncWorld
2026-05-08 01:31:53,169 [ERROR] LogOutputStream:75 - [STDERR_REDIRECT] WARNING: Couldn't flush system prefs: java.util.prefs.BackingStoreException: Couldn't get file lock.
2026-05-08 01:31:53,169 [ERROR] LogOutputStream:75 - [STDERR_REDIRECT] 
2026-05-08 01:32:23,170 [ERROR] LogOutputStream:75 - [STDERR_REDIRECT] May 08, 2026 1:32:23 AM java.util.prefs.FileSystemPreferences checkLockFile0ErrorCode
2026-05-08 01:32:23,170 [ERROR] LogOutputStream:75 - [STDERR_REDIRECT] WARNING: Could not lock System prefs. Unix error code 5.
2026-05-08 01:32:23,170 [ERROR] LogOutputStream:75 - [STDERR_REDIRECT] 
2026-05-08 01:32:23,170 [ERROR] LogOutputStream:75 - [STDERR_REDIRECT] May 08, 2026 1:32:23 AM java.util.prefs.FileSystemPreferences syncWorld
2026-05-08 01:32:23,170 [ERROR] LogOutputStream:75 - [STDERR_REDIRECT] WARNING: Couldn't flush system prefs: java.util.prefs.BackingStoreException: Couldn't get file lock.
2026-05-08 01:32:23,170 [ERROR] LogOutputStream:75 - [STDERR_REDIRECT] 
2026-05-08 01:32:53,171 [ERROR] LogOutputStream:75 - [STDERR_REDIRECT] May 08, 2026 1:32:53 AM java.util.prefs.FileSystemPreferences checkLockFile0ErrorCode
2026-05-08 01:32:53,171 [ERROR] LogOutputStream:75 - [STDERR_REDIRECT] WARNING: Could not lock System prefs. Unix error code 5.
2026-05-08 01:32:53,171 [ERROR] LogOutputStream:75 - [STDERR_REDIRECT] 
2026-05-08 01:32:53,171 [ERROR] LogOutputStream:75 - [STDERR_REDIRECT] May 08, 2026 1:32:53 AM java.util.prefs.FileSystemPreferences syncWorld
2026-05-08 01:32:53,176 [ERROR] LogOutputStream:75 - [STDERR_REDIRECT] WARNING: Couldn't flush system prefs: java.util.prefs.BackingStoreException: Couldn't get file lock.
2026-05-08 01:32:53,176 [ERROR] LogOutputStream:75 - [STDERR_REDIRECT] 
2026-05-08 01:33:23,171 [ERROR] LogOutputStream:75 - [STDERR_REDIRECT] May 08, 2026 1:33:23 AM java.util.prefs.FileSystemPreferences checkLockFile0ErrorCode
2026-05-08 01:33:23,171 [ERROR] LogOutputStream:75 - [STDERR_REDIRECT] WARNING: Could not lock System prefs. Unix error code 5.
2026-05-08 01:33:23,171 [ERROR] LogOutputStream:75 - [STDERR_REDIRECT] 
2026-05-08 01:33:23,171 [ERROR] LogOutputStream:75 - [STDERR_REDIRECT] May 08, 2026 1:33:23 AM java.util.prefs.FileSystemPreferences syncWorld
2026-05-08 01:33:23,171 [ERROR] LogOutputStream:75 - [STDERR_REDIRECT] WARNING: Couldn't flush system prefs: java.util.prefs.BackingStoreException: Couldn't get file lock.
2026-05-08 01:33:23,171 [ERROR] LogOutputStream:75 - [STDERR_REDIRECT] 
2026-05-08 01:33:53,171 [ERROR] LogOutputStream:75 - [STDERR_REDIRECT] May 08, 2026 1:33:53 AM java.util.prefs.FileSystemPreferences checkLockFile0ErrorCode
2026-05-08 01:33:53,172 [ERROR] LogOutputStream:75 - [STDERR_REDIRECT] WARNING: Could not lock System prefs. Unix error code 5.
2026-05-08 01:33:53,172 [ERROR] LogOutputStream:75 - [STDERR_REDIRECT] 
2026-05-08 01:33:53,172 [ERROR] LogOutputStream:75 - [STDERR_REDIRECT] May 08, 2026 1:33:53 AM java.util.prefs.FileSystemPreferences syncWorld
2026-05-08 01:33:53,172 [ERROR] LogOutputStream:75 - [STDERR_REDIRECT] WARNING: Couldn't flush system prefs: java.util.prefs.BackingStoreException: Couldn't get file lock.
2026-05-08 01:33:53,172 [ERROR] LogOutputStream:75 - [STDERR_REDIRECT] 
2026-05-08 01:34:23,172 [ERROR] LogOutputStream:75 - [STDERR_REDIRECT] May 08, 2026 1:34:23 AM java.util.prefs.FileSystemPreferences checkLockFile0ErrorCode
2026-05-08 01:34:23,172 [ERROR] LogOutputStream:75 - [STDERR_REDIRECT] WARNING: Could not lock System prefs. Unix error code 5.
2026-05-08 01:34:23,172 [ERROR] LogOutputStream:75 - [STDERR_REDIRECT] 
2026-05-08 01:34:23,172 [ERROR] LogOutputStream:75 - [STDERR_REDIRECT] May 08, 2026 1:34:23 AM java.util.prefs.FileSystemPreferences syncWorld
2026-05-08 01:34:23,173 [ERROR] LogOutputStream:75 - [STDERR_REDIRECT] WARNING: Couldn't flush system prefs: java.util.prefs.BackingStoreException: Couldn't get file lock.
2026-05-08 01:34:23,173 [ERROR] LogOutputStream:75 - [STDERR_REDIRECT] 
2026-05-08 01:34:53,172 [ERROR] LogOutputStream:75 - [STDERR_REDIRECT] May 08, 2026 1:34:53 AM java.util.prefs.FileSystemPreferences checkLockFile0ErrorCode
2026-05-08 01:34:53,172 [ERROR] LogOutputStream:75 - [STDERR_REDIRECT] WARNING: Could not lock System prefs. Unix error code 5.
2026-05-08 01:34:53,172 [ERROR] LogOutputStream:75 - [STDERR_REDIRECT] 
2026-05-08 01:34:53,172 [ERROR] LogOutputStream:75 - [STDERR_REDIRECT] May 08, 2026 1:34:53 AM java.util.prefs.FileSystemPreferences syncWorld
2026-05-08 01:34:53,173 [ERROR] LogOutputStream:75 - [STDERR_REDIRECT] WARNING: Couldn't flush system prefs: java.util.prefs.BackingStoreException: Couldn't get file lock.
2026-05-08 01:34:53,173 [ERROR] LogOutputStream:75 - [STDERR_REDIRECT] 
2026-05-08 01:35:23,171 [ERROR] LogOutputStream:75 - [STDERR_REDIRECT] May 08, 2026 1:35:23 AM java.util.prefs.FileSystemPreferences checkLockFile0ErrorCode
2026-05-08 01:35:23,171 [ERROR] LogOutputStream:75 - [STDERR_REDIRECT] WARNING: Could not lock System prefs. Unix error code 5.
2026-05-08 01:35:23,172 [ERROR] LogOutputStream:75 - [STDERR_REDIRECT] 
2026-05-08 01:35:23,172 [ERROR] LogOutputStream:75 - [STDERR_REDIRECT] May 08, 2026 1:35:23 AM java.util.prefs.FileSystemPreferences syncWorld
2026-05-08 01:35:23,172 [ERROR] LogOutputStream:75 - [STDERR_REDIRECT] WARNING: Couldn't flush system prefs: java.util.prefs.BackingStoreException: Couldn't get file lock.
2026-05-08 01:35:23,172 [ERROR] LogOutputStream:75 - [STDERR_REDIRECT] 
2026-05-08 01:35:53,172 [ERROR] LogOutputStream:75 - [STDERR_REDIRECT] May 08, 2026 1:35:53 AM java.util.prefs.FileSystemPreferences checkLockFile0ErrorCode
2026-05-08 01:35:53,172 [ERROR] LogOutputStream:75 - [STDERR_REDIRECT] WARNING: Could not lock System prefs. Unix error code 5.
2026-05-08 01:35:53,173 [ERROR] LogOutputStream:75 - [STDERR_REDIRECT] 
2026-05-08 01:35:53,173 [ERROR] LogOutputStream:75 - [STDERR_REDIRECT] May 08, 2026 1:35:53 AM java.util.prefs.FileSystemPreferences syncWorld
2026-05-08 01:35:53,173 [ERROR] LogOutputStream:75 - [STDERR_REDIRECT] WARNING: Couldn't flush system prefs: java.util.prefs.BackingStoreException: Couldn't get file lock.
2026-05-08 01:35:53,173 [ERROR] LogOutputStream:75 - [STDERR_REDIRECT] 
2026-05-08 01:36:23,171 [ERROR] LogOutputStream:75 - [STDERR_REDIRECT] May 08, 2026 1:36:23 AM java.util.prefs.FileSystemPreferences checkLockFile0ErrorCode
2026-05-08 01:36:23,172 [ERROR] LogOutputStream:75 - [STDERR_REDIRECT] WARNING: Could not lock System prefs. Unix error code 5.
2026-05-08 01:36:23,172 [ERROR] LogOutputStream:75 - [STDERR_REDIRECT] 
2026-05-08 01:36:23,172 [ERROR] LogOutputStream:75 - [STDERR_REDIRECT] May 08, 2026 1:36:23 AM java.util.prefs.FileSystemPreferences syncWorld
2026-05-08 01:36:23,172 [ERROR] LogOutputStream:75 - [STDERR_REDIRECT] WARNING: Couldn't flush system prefs: java.util.prefs.BackingStoreException: Couldn't get file lock.
2026-05-08 01:36:23,172 [ERROR] LogOutputStream:75 - [STDERR_REDIRECT] 
2026-05-08 01:36:53,172 [ERROR] LogOutputStream:75 - [STDERR_REDIRECT] May 08, 2026 1:36:53 AM java.util.prefs.FileSystemPreferences checkLockFile0ErrorCode
2026-05-08 01:36:53,176 [ERROR] LogOutputStream:75 - [STDERR_REDIRECT] WARNING: Could not lock System prefs. Unix error code 5.
2026-05-08 01:36:53,176 [ERROR] LogOutputStream:75 - [STDERR_REDIRECT] 
2026-05-08 01:36:53,176 [ERROR] LogOutputStream:75 - [STDERR_REDIRECT] May 08, 2026 1:36:53 AM java.util.prefs.FileSystemPreferences syncWorld
2026-05-08 01:36:53,176 [ERROR] LogOutputStream:75 - [STDERR_REDIRECT] WARNING: Couldn't flush system prefs: java.util.prefs.BackingStoreException: Couldn't get file lock.
2026-05-08 01:36:53,176 [ERROR] LogOutputStream:75 - [STDERR_REDIRECT] 
2026-05-08 01:37:23,172 [ERROR] LogOutputStream:75 - [STDERR_REDIRECT] May 08, 2026 1:37:23 AM java.util.prefs.FileSystemPreferences checkLockFile0ErrorCode
2026-05-08 01:37:23,172 [ERROR] LogOutputStream:75 - [STDERR_REDIRECT] WARNING: Could not lock System prefs. Unix error code 5.
2026-05-08 01:37:23,172 [ERROR] LogOutputStream:75 - [STDERR_REDIRECT] 
2026-05-08 01:37:23,173 [ERROR] LogOutputStream:75 - [STDERR_REDIRECT] May 08, 2026 1:37:23 AM java.util.prefs.FileSystemPreferences syncWorld
2026-05-08 01:37:23,173 [ERROR] LogOutputStream:75 - [STDERR_REDIRECT] WARNING: Couldn't flush system prefs: java.util.prefs.BackingStoreException: Couldn't get file lock.
2026-05-08 01:37:23,173 [ERROR] LogOutputStream:75 - [STDERR_REDIRECT] 
2026-05-08 01:37:53,176 [ERROR] LogOutputStream:75 - [STDERR_REDIRECT] May 08, 2026 1:37:53 AM java.util.prefs.FileSystemPreferences checkLockFile0ErrorCode
2026-05-08 01:37:53,176 [ERROR] LogOutputStream:75 - [STDERR_REDIRECT] WARNING: Could not lock System prefs. Unix error code 5.
2026-05-08 01:37:53,176 [ERROR] LogOutputStream:75 - [STDERR_REDIRECT] 
2026-05-08 01:37:53,176 [ERROR] LogOutputStream:75 - [STDERR_REDIRECT] May 08, 2026 1:37:53 AM java.util.prefs.FileSystemPreferences syncWorld
2026-05-08 01:37:53,176 [ERROR] LogOutputStream:75 - [STDERR_REDIRECT] WARNING: Couldn't flush system prefs: java.util.prefs.BackingStoreException: Couldn't get file lock.
2026-05-08 01:37:53,176 [ERROR] LogOutputStream:75 - [STDERR_REDIRECT] 
2026-05-08 01:38:23,176 [ERROR] LogOutputStream:75 - [STDERR_REDIRECT] May 08, 2026 1:38:23 AM java.util.prefs.FileSystemPreferences checkLockFile0ErrorCode
2026-05-08 01:38:23,177 [ERROR] LogOutputStream:75 - [STDERR_REDIRECT] WARNING: Could not lock System prefs. Unix error code 5.
2026-05-08 01:38:23,177 [ERROR] LogOutputStream:75 - [STDERR_REDIRECT] 
2026-05-08 01:38:23,177 [ERROR] LogOutputStream:75 - [STDERR_REDIRECT] May 08, 2026 1:38:23 AM java.util.prefs.FileSystemPreferences syncWorld
2026-05-08 01:38:23,177 [ERROR] LogOutputStream:75 - [STDERR_REDIRECT] WARNING: Couldn't flush system prefs: java.util.prefs.BackingStoreException: Couldn't get file lock.
2026-05-08 01:38:23,177 [ERROR] LogOutputStream:75 - [STDERR_REDIRECT] 
2026-05-08 01:38:53,174 [ERROR] LogOutputStream:75 - [STDERR_REDIRECT] May 08, 2026 1:38:53 AM java.util.prefs.FileSystemPreferences checkLockFile0ErrorCode
2026-05-08 01:38:53,174 [ERROR] LogOutputStream:75 - [STDERR_REDIRECT] WARNING: Could not lock System prefs. Unix error code 5.
2026-05-08 01:38:53,178 [ERROR] LogOutputStream:75 - [STDERR_REDIRECT] 
2026-05-08 01:38:53,178 [ERROR] LogOutputStream:75 - [STDERR_REDIRECT] May 08, 2026 1:38:53 AM java.util.prefs.FileSystemPreferences syncWorld
2026-05-08 01:38:53,180 [ERROR] LogOutputStream:75 - [STDERR_REDIRECT] WARNING: Couldn't flush system prefs: java.util.prefs.BackingStoreException: Couldn't get file lock.
2026-05-08 01:38:53,180 [ERROR] LogOutputStream:75 - [STDERR_REDIRECT] 
2026-05-08 01:39:23,174 [ERROR] LogOutputStream:75 - [STDERR_REDIRECT] May 08, 2026 1:39:23 AM java.util.prefs.FileSystemPreferences checkLockFile0ErrorCode
2026-05-08 01:39:23,174 [ERROR] LogOutputStream:75 - [STDERR_REDIRECT] WARNING: Could not lock System prefs. Unix error code 5.
2026-05-08 01:39:23,175 [ERROR] LogOutputStream:75 - [STDERR_REDIRECT] 
2026-05-08 01:39:23,175 [ERROR] LogOutputStream:75 - [STDERR_REDIRECT] May 08, 2026 1:39:23 AM java.util.prefs.FileSystemPreferences syncWorld
2026-05-08 01:39:23,175 [ERROR] LogOutputStream:75 - [STDERR_REDIRECT] WARNING: Couldn't flush system prefs: java.util.prefs.BackingStoreException: Couldn't get file lock.
2026-05-08 01:39:23,175 [ERROR] LogOutputStream:75 - [STDERR_REDIRECT] 
2026-05-08 01:39:53,177 [ERROR] LogOutputStream:75 - [STDERR_REDIRECT] May 08, 2026 1:39:53 AM java.util.prefs.FileSystemPreferences checkLockFile0ErrorCode
2026-05-08 01:39:53,177 [ERROR] LogOutputStream:75 - [STDERR_REDIRECT] WARNING: Could not lock System prefs. Unix error code 5.
2026-05-08 01:39:53,177 [ERROR] LogOutputStream:75 - [STDERR_REDIRECT] 
2026-05-08 01:39:53,177 [ERROR] LogOutputStream:75 - [STDERR_REDIRECT] May 08, 2026 1:39:53 AM java.util.prefs.FileSystemPreferences syncWorld
2026-05-08 01:39:53,177 [ERROR] LogOutputStream:75 - [STDERR_REDIRECT] WARNING: Couldn't flush system prefs: java.util.prefs.BackingStoreException: Couldn't get file lock.
2026-05-08 01:39:53,177 [ERROR] LogOutputStream:75 - [STDERR_REDIRECT] 
2026-05-08 01:40:23,175 [ERROR] LogOutputStream:75 - [STDERR_REDIRECT] May 08, 2026 1:40:23 AM java.util.prefs.FileSystemPreferences checkLockFile0ErrorCode
2026-05-08 01:40:23,175 [ERROR] LogOutputStream:75 - [STDERR_REDIRECT] WARNING: Could not lock System prefs. Unix error code 5.
2026-05-08 01:40:23,175 [ERROR] LogOutputStream:75 - [STDERR_REDIRECT] 
2026-05-08 01:40:23,175 [ERROR] LogOutputStream:75 - [STDERR_REDIRECT] May 08, 2026 1:40:23 AM java.util.prefs.FileSystemPreferences syncWorld
2026-05-08 01:40:23,175 [ERROR] LogOutputStream:75 - [STDERR_REDIRECT] WARNING: Couldn't flush system prefs: java.util.prefs.BackingStoreException: Couldn't get file lock.
2026-05-08 01:40:23,175 [ERROR] LogOutputStream:75 - [STDERR_REDIRECT] 
2026-05-08 01:40:53,175 [ERROR] LogOutputStream:75 - [STDERR_REDIRECT] May 08, 2026 1:40:53 AM java.util.prefs.FileSystemPreferences checkLockFile0ErrorCode
2026-05-08 01:40:53,175 [ERROR] LogOutputStream:75 - [STDERR_REDIRECT] WARNING: Could not lock System prefs. Unix error code 5.
2026-05-08 01:40:53,175 [ERROR] LogOutputStream:75 - [STDERR_REDIRECT] 
2026-05-08 01:40:53,175 [ERROR] LogOutputStream:75 - [STDERR_REDIRECT] May 08, 2026 1:40:53 AM java.util.prefs.FileSystemPreferences syncWorld
2026-05-08 01:40:53,175 [ERROR] LogOutputStream:75 - [STDERR_REDIRECT] WARNING: Couldn't flush system prefs: java.util.prefs.BackingStoreException: Couldn't get file lock.
2026-05-08 01:40:53,175 [ERROR] LogOutputStream:75 - [STDERR_REDIRECT] 
