2026-01-17 01:37:36,174 [ERROR] LogOutputStream:75 - [STDERR_REDIRECT] Jan 17, 2026 1:37:36 AM java.util.prefs.FileSystemPreferences checkLockFile0ErrorCode
2026-01-17 01:37:36,175 [ERROR] LogOutputStream:75 - [STDERR_REDIRECT] WARNING: Could not lock System prefs. Unix error code 5.
2026-01-17 01:37:36,175 [ERROR] LogOutputStream:75 - [STDERR_REDIRECT] 
2026-01-17 01:37:36,175 [ERROR] LogOutputStream:75 - [STDERR_REDIRECT] Jan 17, 2026 1:37:36 AM java.util.prefs.FileSystemPreferences syncWorld
2026-01-17 01:37:36,175 [ERROR] LogOutputStream:75 - [STDERR_REDIRECT] WARNING: Couldn't flush system prefs: java.util.prefs.BackingStoreException: Couldn't get file lock.
2026-01-17 01:37:36,175 [ERROR] LogOutputStream:75 - [STDERR_REDIRECT] 
2026-01-17 01:38:06,173 [ERROR] LogOutputStream:75 - [STDERR_REDIRECT] Jan 17, 2026 1:38:06 AM java.util.prefs.FileSystemPreferences checkLockFile0ErrorCode
2026-01-17 01:38:06,174 [ERROR] LogOutputStream:75 - [STDERR_REDIRECT] WARNING: Could not lock System prefs. Unix error code 5.
2026-01-17 01:38:06,174 [ERROR] LogOutputStream:75 - [STDERR_REDIRECT] 
2026-01-17 01:38:06,174 [ERROR] LogOutputStream:75 - [STDERR_REDIRECT] Jan 17, 2026 1:38:06 AM java.util.prefs.FileSystemPreferences syncWorld
2026-01-17 01:38:06,174 [ERROR] LogOutputStream:75 - [STDERR_REDIRECT] WARNING: Couldn't flush system prefs: java.util.prefs.BackingStoreException: Couldn't get file lock.
2026-01-17 01:38:06,174 [ERROR] LogOutputStream:75 - [STDERR_REDIRECT] 
2026-01-17 01:38:36,174 [ERROR] LogOutputStream:75 - [STDERR_REDIRECT] Jan 17, 2026 1:38:36 AM java.util.prefs.FileSystemPreferences checkLockFile0ErrorCode
2026-01-17 01:38:36,174 [ERROR] LogOutputStream:75 - [STDERR_REDIRECT] WARNING: Could not lock System prefs. Unix error code 5.
2026-01-17 01:38:36,174 [ERROR] LogOutputStream:75 - [STDERR_REDIRECT] 
2026-01-17 01:38:36,177 [ERROR] LogOutputStream:75 - [STDERR_REDIRECT] Jan 17, 2026 1:38:36 AM java.util.prefs.FileSystemPreferences syncWorld
2026-01-17 01:38:36,177 [ERROR] LogOutputStream:75 - [STDERR_REDIRECT] WARNING: Couldn't flush system prefs: java.util.prefs.BackingStoreException: Couldn't get file lock.
2026-01-17 01:38:36,177 [ERROR] LogOutputStream:75 - [STDERR_REDIRECT] 
2026-01-17 01:39:06,175 [ERROR] LogOutputStream:75 - [STDERR_REDIRECT] Jan 17, 2026 1:39:06 AM java.util.prefs.FileSystemPreferences checkLockFile0ErrorCode
2026-01-17 01:39:06,175 [ERROR] LogOutputStream:75 - [STDERR_REDIRECT] WARNING: Could not lock System prefs. Unix error code 5.
2026-01-17 01:39:06,175 [ERROR] LogOutputStream:75 - [STDERR_REDIRECT] 
2026-01-17 01:39:06,175 [ERROR] LogOutputStream:75 - [STDERR_REDIRECT] Jan 17, 2026 1:39:06 AM java.util.prefs.FileSystemPreferences syncWorld
2026-01-17 01:39:06,175 [ERROR] LogOutputStream:75 - [STDERR_REDIRECT] WARNING: Couldn't flush system prefs: java.util.prefs.BackingStoreException: Couldn't get file lock.
2026-01-17 01:39:06,175 [ERROR] LogOutputStream:75 - [STDERR_REDIRECT] 
2026-01-17 01:39:36,177 [ERROR] LogOutputStream:75 - [STDERR_REDIRECT] Jan 17, 2026 1:39:36 AM java.util.prefs.FileSystemPreferences checkLockFile0ErrorCode
2026-01-17 01:39:36,177 [ERROR] LogOutputStream:75 - [STDERR_REDIRECT] WARNING: Could not lock System prefs. Unix error code 5.
2026-01-17 01:39:36,177 [ERROR] LogOutputStream:75 - [STDERR_REDIRECT] 
2026-01-17 01:39:36,177 [ERROR] LogOutputStream:75 - [STDERR_REDIRECT] Jan 17, 2026 1:39:36 AM java.util.prefs.FileSystemPreferences syncWorld
2026-01-17 01:39:36,177 [ERROR] LogOutputStream:75 - [STDERR_REDIRECT] WARNING: Couldn't flush system prefs: java.util.prefs.BackingStoreException: Couldn't get file lock.
2026-01-17 01:39:36,178 [ERROR] LogOutputStream:75 - [STDERR_REDIRECT] 
2026-01-17 01:40:06,175 [ERROR] LogOutputStream:75 - [STDERR_REDIRECT] Jan 17, 2026 1:40:06 AM java.util.prefs.FileSystemPreferences checkLockFile0ErrorCode
2026-01-17 01:40:06,176 [ERROR] LogOutputStream:75 - [STDERR_REDIRECT] WARNING: Could not lock System prefs. Unix error code 5.
2026-01-17 01:40:06,176 [ERROR] LogOutputStream:75 - [STDERR_REDIRECT] 
2026-01-17 01:40:06,176 [ERROR] LogOutputStream:75 - [STDERR_REDIRECT] Jan 17, 2026 1:40:06 AM java.util.prefs.FileSystemPreferences syncWorld
2026-01-17 01:40:06,176 [ERROR] LogOutputStream:75 - [STDERR_REDIRECT] WARNING: Couldn't flush system prefs: java.util.prefs.BackingStoreException: Couldn't get file lock.
2026-01-17 01:40:06,176 [ERROR] LogOutputStream:75 - [STDERR_REDIRECT] 
2026-01-17 01:40:36,179 [ERROR] LogOutputStream:75 - [STDERR_REDIRECT] Jan 17, 2026 1:40:36 AM java.util.prefs.FileSystemPreferences checkLockFile0ErrorCode
2026-01-17 01:40:36,179 [ERROR] LogOutputStream:75 - [STDERR_REDIRECT] WARNING: Could not lock System prefs. Unix error code 5.
2026-01-17 01:40:36,179 [ERROR] LogOutputStream:75 - [STDERR_REDIRECT] 
2026-01-17 01:40:36,180 [ERROR] LogOutputStream:75 - [STDERR_REDIRECT] Jan 17, 2026 1:40:36 AM java.util.prefs.FileSystemPreferences syncWorld
2026-01-17 01:40:36,180 [ERROR] LogOutputStream:75 - [STDERR_REDIRECT] WARNING: Couldn't flush system prefs: java.util.prefs.BackingStoreException: Couldn't get file lock.
2026-01-17 01:40:36,180 [ERROR] LogOutputStream:75 - [STDERR_REDIRECT] 
2026-01-17 01:41:06,176 [ERROR] LogOutputStream:75 - [STDERR_REDIRECT] Jan 17, 2026 1:41:06 AM java.util.prefs.FileSystemPreferences checkLockFile0ErrorCode
2026-01-17 01:41:06,176 [ERROR] LogOutputStream:75 - [STDERR_REDIRECT] WARNING: Could not lock System prefs. Unix error code 5.
2026-01-17 01:41:06,177 [ERROR] LogOutputStream:75 - [STDERR_REDIRECT] 
2026-01-17 01:41:06,177 [ERROR] LogOutputStream:75 - [STDERR_REDIRECT] Jan 17, 2026 1:41:06 AM java.util.prefs.FileSystemPreferences syncWorld
2026-01-17 01:41:06,177 [ERROR] LogOutputStream:75 - [STDERR_REDIRECT] WARNING: Couldn't flush system prefs: java.util.prefs.BackingStoreException: Couldn't get file lock.
2026-01-17 01:41:06,177 [ERROR] LogOutputStream:75 - [STDERR_REDIRECT] 
2026-01-17 01:41:36,176 [ERROR] LogOutputStream:75 - [STDERR_REDIRECT] Jan 17, 2026 1:41:36 AM java.util.prefs.FileSystemPreferences checkLockFile0ErrorCode
2026-01-17 01:41:36,176 [ERROR] LogOutputStream:75 - [STDERR_REDIRECT] WARNING: Could not lock System prefs. Unix error code 5.
2026-01-17 01:41:36,176 [ERROR] LogOutputStream:75 - [STDERR_REDIRECT] 
2026-01-17 01:41:36,176 [ERROR] LogOutputStream:75 - [STDERR_REDIRECT] Jan 17, 2026 1:41:36 AM java.util.prefs.FileSystemPreferences syncWorld
2026-01-17 01:41:36,176 [ERROR] LogOutputStream:75 - [STDERR_REDIRECT] WARNING: Couldn't flush system prefs: java.util.prefs.BackingStoreException: Couldn't get file lock.
2026-01-17 01:41:36,176 [ERROR] LogOutputStream:75 - [STDERR_REDIRECT] 
2026-01-17 01:42:06,176 [ERROR] LogOutputStream:75 - [STDERR_REDIRECT] Jan 17, 2026 1:42:06 AM java.util.prefs.FileSystemPreferences checkLockFile0ErrorCode
2026-01-17 01:42:06,176 [ERROR] LogOutputStream:75 - [STDERR_REDIRECT] WARNING: Could not lock System prefs. Unix error code 5.
2026-01-17 01:42:06,176 [ERROR] LogOutputStream:75 - [STDERR_REDIRECT] 
2026-01-17 01:42:06,176 [ERROR] LogOutputStream:75 - [STDERR_REDIRECT] Jan 17, 2026 1:42:06 AM java.util.prefs.FileSystemPreferences syncWorld
2026-01-17 01:42:06,176 [ERROR] LogOutputStream:75 - [STDERR_REDIRECT] WARNING: Couldn't flush system prefs: java.util.prefs.BackingStoreException: Couldn't get file lock.
2026-01-17 01:42:06,176 [ERROR] LogOutputStream:75 - [STDERR_REDIRECT] 
2026-01-17 01:42:36,177 [ERROR] LogOutputStream:75 - [STDERR_REDIRECT] Jan 17, 2026 1:42:36 AM java.util.prefs.FileSystemPreferences checkLockFile0ErrorCode
2026-01-17 01:42:36,177 [ERROR] LogOutputStream:75 - [STDERR_REDIRECT] WARNING: Could not lock System prefs. Unix error code 5.
2026-01-17 01:42:36,177 [ERROR] LogOutputStream:75 - [STDERR_REDIRECT] 
2026-01-17 01:42:36,177 [ERROR] LogOutputStream:75 - [STDERR_REDIRECT] Jan 17, 2026 1:42:36 AM java.util.prefs.FileSystemPreferences syncWorld
2026-01-17 01:42:36,177 [ERROR] LogOutputStream:75 - [STDERR_REDIRECT] WARNING: Couldn't flush system prefs: java.util.prefs.BackingStoreException: Couldn't get file lock.
2026-01-17 01:42:36,177 [ERROR] LogOutputStream:75 - [STDERR_REDIRECT] 
2026-01-17 01:43:06,177 [ERROR] LogOutputStream:75 - [STDERR_REDIRECT] Jan 17, 2026 1:43:06 AM java.util.prefs.FileSystemPreferences checkLockFile0ErrorCode
2026-01-17 01:43:06,177 [ERROR] LogOutputStream:75 - [STDERR_REDIRECT] WARNING: Could not lock System prefs. Unix error code 5.
2026-01-17 01:43:06,177 [ERROR] LogOutputStream:75 - [STDERR_REDIRECT] 
2026-01-17 01:43:06,177 [ERROR] LogOutputStream:75 - [STDERR_REDIRECT] Jan 17, 2026 1:43:06 AM java.util.prefs.FileSystemPreferences syncWorld
2026-01-17 01:43:06,177 [ERROR] LogOutputStream:75 - [STDERR_REDIRECT] WARNING: Couldn't flush system prefs: java.util.prefs.BackingStoreException: Couldn't get file lock.
2026-01-17 01:43:06,177 [ERROR] LogOutputStream:75 - [STDERR_REDIRECT] 
2026-01-17 01:43:36,177 [ERROR] LogOutputStream:75 - [STDERR_REDIRECT] Jan 17, 2026 1:43:36 AM java.util.prefs.FileSystemPreferences checkLockFile0ErrorCode
2026-01-17 01:43:36,177 [ERROR] LogOutputStream:75 - [STDERR_REDIRECT] WARNING: Could not lock System prefs. Unix error code 5.
2026-01-17 01:43:36,177 [ERROR] LogOutputStream:75 - [STDERR_REDIRECT] 
2026-01-17 01:43:36,178 [ERROR] LogOutputStream:75 - [STDERR_REDIRECT] Jan 17, 2026 1:43:36 AM java.util.prefs.FileSystemPreferences syncWorld
2026-01-17 01:43:36,178 [ERROR] LogOutputStream:75 - [STDERR_REDIRECT] WARNING: Couldn't flush system prefs: java.util.prefs.BackingStoreException: Couldn't get file lock.
2026-01-17 01:43:36,178 [ERROR] LogOutputStream:75 - [STDERR_REDIRECT] 
2026-01-17 01:44:06,177 [ERROR] LogOutputStream:75 - [STDERR_REDIRECT] Jan 17, 2026 1:44:06 AM java.util.prefs.FileSystemPreferences checkLockFile0ErrorCode
2026-01-17 01:44:06,178 [ERROR] LogOutputStream:75 - [STDERR_REDIRECT] WARNING: Could not lock System prefs. Unix error code 5.
2026-01-17 01:44:06,178 [ERROR] LogOutputStream:75 - [STDERR_REDIRECT] 
2026-01-17 01:44:06,178 [ERROR] LogOutputStream:75 - [STDERR_REDIRECT] Jan 17, 2026 1:44:06 AM java.util.prefs.FileSystemPreferences syncWorld
2026-01-17 01:44:06,178 [ERROR] LogOutputStream:75 - [STDERR_REDIRECT] WARNING: Couldn't flush system prefs: java.util.prefs.BackingStoreException: Couldn't get file lock.
2026-01-17 01:44:06,178 [ERROR] LogOutputStream:75 - [STDERR_REDIRECT] 
2026-01-17 01:44:36,177 [ERROR] LogOutputStream:75 - [STDERR_REDIRECT] Jan 17, 2026 1:44:36 AM java.util.prefs.FileSystemPreferences checkLockFile0ErrorCode
2026-01-17 01:44:36,178 [ERROR] LogOutputStream:75 - [STDERR_REDIRECT] WARNING: Could not lock System prefs. Unix error code 5.
2026-01-17 01:44:36,178 [ERROR] LogOutputStream:75 - [STDERR_REDIRECT] 
2026-01-17 01:44:36,178 [ERROR] LogOutputStream:75 - [STDERR_REDIRECT] Jan 17, 2026 1:44:36 AM java.util.prefs.FileSystemPreferences syncWorld
2026-01-17 01:44:36,178 [ERROR] LogOutputStream:75 - [STDERR_REDIRECT] WARNING: Couldn't flush system prefs: java.util.prefs.BackingStoreException: Couldn't get file lock.
2026-01-17 01:44:36,178 [ERROR] LogOutputStream:75 - [STDERR_REDIRECT] 
2026-01-17 01:45:06,178 [ERROR] LogOutputStream:75 - [STDERR_REDIRECT] Jan 17, 2026 1:45:06 AM java.util.prefs.FileSystemPreferences checkLockFile0ErrorCode
2026-01-17 01:45:06,178 [ERROR] LogOutputStream:75 - [STDERR_REDIRECT] WARNING: Could not lock System prefs. Unix error code 5.
2026-01-17 01:45:06,178 [ERROR] LogOutputStream:75 - [STDERR_REDIRECT] 
2026-01-17 01:45:06,178 [ERROR] LogOutputStream:75 - [STDERR_REDIRECT] Jan 17, 2026 1:45:06 AM java.util.prefs.FileSystemPreferences syncWorld
2026-01-17 01:45:06,178 [ERROR] LogOutputStream:75 - [STDERR_REDIRECT] WARNING: Couldn't flush system prefs: java.util.prefs.BackingStoreException: Couldn't get file lock.
2026-01-17 01:45:06,178 [ERROR] LogOutputStream:75 - [STDERR_REDIRECT] 
2026-01-17 01:45:36,178 [ERROR] LogOutputStream:75 - [STDERR_REDIRECT] Jan 17, 2026 1:45:36 AM java.util.prefs.FileSystemPreferences checkLockFile0ErrorCode
2026-01-17 01:45:36,178 [ERROR] LogOutputStream:75 - [STDERR_REDIRECT] WARNING: Could not lock System prefs. Unix error code 5.
2026-01-17 01:45:36,178 [ERROR] LogOutputStream:75 - [STDERR_REDIRECT] 
2026-01-17 01:45:36,178 [ERROR] LogOutputStream:75 - [STDERR_REDIRECT] Jan 17, 2026 1:45:36 AM java.util.prefs.FileSystemPreferences syncWorld
2026-01-17 01:45:36,178 [ERROR] LogOutputStream:75 - [STDERR_REDIRECT] WARNING: Couldn't flush system prefs: java.util.prefs.BackingStoreException: Couldn't get file lock.
2026-01-17 01:45:36,178 [ERROR] LogOutputStream:75 - [STDERR_REDIRECT] 
2026-01-17 01:46:06,179 [ERROR] LogOutputStream:75 - [STDERR_REDIRECT] Jan 17, 2026 1:46:06 AM java.util.prefs.FileSystemPreferences checkLockFile0ErrorCode
2026-01-17 01:46:06,180 [ERROR] LogOutputStream:75 - [STDERR_REDIRECT] WARNING: Could not lock System prefs. Unix error code 5.
2026-01-17 01:46:06,180 [ERROR] LogOutputStream:75 - [STDERR_REDIRECT] 
2026-01-17 01:46:06,180 [ERROR] LogOutputStream:75 - [STDERR_REDIRECT] Jan 17, 2026 1:46:06 AM java.util.prefs.FileSystemPreferences syncWorld
2026-01-17 01:46:06,180 [ERROR] LogOutputStream:75 - [STDERR_REDIRECT] WARNING: Couldn't flush system prefs: java.util.prefs.BackingStoreException: Couldn't get file lock.
2026-01-17 01:46:06,180 [ERROR] LogOutputStream:75 - [STDERR_REDIRECT] 
2026-01-17 01:46:36,177 [ERROR] LogOutputStream:75 - [STDERR_REDIRECT] Jan 17, 2026 1:46:36 AM java.util.prefs.FileSystemPreferences checkLockFile0ErrorCode
2026-01-17 01:46:36,178 [ERROR] LogOutputStream:75 - [STDERR_REDIRECT] WARNING: Could not lock System prefs. Unix error code 5.
2026-01-17 01:46:36,178 [ERROR] LogOutputStream:75 - [STDERR_REDIRECT] 
2026-01-17 01:46:36,178 [ERROR] LogOutputStream:75 - [STDERR_REDIRECT] Jan 17, 2026 1:46:36 AM java.util.prefs.FileSystemPreferences syncWorld
2026-01-17 01:46:36,178 [ERROR] LogOutputStream:75 - [STDERR_REDIRECT] WARNING: Couldn't flush system prefs: java.util.prefs.BackingStoreException: Couldn't get file lock.
2026-01-17 01:46:36,178 [ERROR] LogOutputStream:75 - [STDERR_REDIRECT] 
2026-01-17 01:47:06,178 [ERROR] LogOutputStream:75 - [STDERR_REDIRECT] Jan 17, 2026 1:47:06 AM java.util.prefs.FileSystemPreferences checkLockFile0ErrorCode
2026-01-17 01:47:06,178 [ERROR] LogOutputStream:75 - [STDERR_REDIRECT] WARNING: Could not lock System prefs. Unix error code 5.
2026-01-17 01:47:06,178 [ERROR] LogOutputStream:75 - [STDERR_REDIRECT] 
2026-01-17 01:47:06,178 [ERROR] LogOutputStream:75 - [STDERR_REDIRECT] Jan 17, 2026 1:47:06 AM java.util.prefs.FileSystemPreferences syncWorld
2026-01-17 01:47:06,178 [ERROR] LogOutputStream:75 - [STDERR_REDIRECT] WARNING: Couldn't flush system prefs: java.util.prefs.BackingStoreException: Couldn't get file lock.
2026-01-17 01:47:06,178 [ERROR] LogOutputStream:75 - [STDERR_REDIRECT] 
2026-01-17 01:47:36,178 [ERROR] LogOutputStream:75 - [STDERR_REDIRECT] Jan 17, 2026 1:47:36 AM java.util.prefs.FileSystemPreferences checkLockFile0ErrorCode
2026-01-17 01:47:36,178 [ERROR] LogOutputStream:75 - [STDERR_REDIRECT] WARNING: Could not lock System prefs. Unix error code 5.
2026-01-17 01:47:36,178 [ERROR] LogOutputStream:75 - [STDERR_REDIRECT] 
2026-01-17 01:47:36,178 [ERROR] LogOutputStream:75 - [STDERR_REDIRECT] Jan 17, 2026 1:47:36 AM java.util.prefs.FileSystemPreferences syncWorld
2026-01-17 01:47:36,178 [ERROR] LogOutputStream:75 - [STDERR_REDIRECT] WARNING: Couldn't flush system prefs: java.util.prefs.BackingStoreException: Couldn't get file lock.
2026-01-17 01:47:36,178 [ERROR] LogOutputStream:75 - [STDERR_REDIRECT] 
2026-01-17 01:48:06,178 [ERROR] LogOutputStream:75 - [STDERR_REDIRECT] Jan 17, 2026 1:48:06 AM java.util.prefs.FileSystemPreferences checkLockFile0ErrorCode
2026-01-17 01:48:06,178 [ERROR] LogOutputStream:75 - [STDERR_REDIRECT] WARNING: Could not lock System prefs. Unix error code 5.
2026-01-17 01:48:06,178 [ERROR] LogOutputStream:75 - [STDERR_REDIRECT] 
2026-01-17 01:48:06,178 [ERROR] LogOutputStream:75 - [STDERR_REDIRECT] Jan 17, 2026 1:48:06 AM java.util.prefs.FileSystemPreferences syncWorld
2026-01-17 01:48:06,178 [ERROR] LogOutputStream:75 - [STDERR_REDIRECT] WARNING: Couldn't flush system prefs: java.util.prefs.BackingStoreException: Couldn't get file lock.
2026-01-17 01:48:06,178 [ERROR] LogOutputStream:75 - [STDERR_REDIRECT] 
2026-01-17 01:48:36,180 [ERROR] LogOutputStream:75 - [STDERR_REDIRECT] Jan 17, 2026 1:48:36 AM java.util.prefs.FileSystemPreferences checkLockFile0ErrorCode
2026-01-17 01:48:36,180 [ERROR] LogOutputStream:75 - [STDERR_REDIRECT] WARNING: Could not lock System prefs. Unix error code 5.
2026-01-17 01:48:36,180 [ERROR] LogOutputStream:75 - [STDERR_REDIRECT] 
2026-01-17 01:48:36,180 [ERROR] LogOutputStream:75 - [STDERR_REDIRECT] Jan 17, 2026 1:48:36 AM java.util.prefs.FileSystemPreferences syncWorld
2026-01-17 01:48:36,180 [ERROR] LogOutputStream:75 - [STDERR_REDIRECT] WARNING: Couldn't flush system prefs: java.util.prefs.BackingStoreException: Couldn't get file lock.
2026-01-17 01:48:36,180 [ERROR] LogOutputStream:75 - [STDERR_REDIRECT] 
2026-01-17 01:49:06,180 [ERROR] LogOutputStream:75 - [STDERR_REDIRECT] Jan 17, 2026 1:49:06 AM java.util.prefs.FileSystemPreferences checkLockFile0ErrorCode
2026-01-17 01:49:06,180 [ERROR] LogOutputStream:75 - [STDERR_REDIRECT] WARNING: Could not lock System prefs. Unix error code 5.
2026-01-17 01:49:06,180 [ERROR] LogOutputStream:75 - [STDERR_REDIRECT] 
2026-01-17 01:49:06,180 [ERROR] LogOutputStream:75 - [STDERR_REDIRECT] Jan 17, 2026 1:49:06 AM java.util.prefs.FileSystemPreferences syncWorld
2026-01-17 01:49:06,181 [ERROR] LogOutputStream:75 - [STDERR_REDIRECT] WARNING: Couldn't flush system prefs: java.util.prefs.BackingStoreException: Couldn't get file lock.
2026-01-17 01:49:06,181 [ERROR] LogOutputStream:75 - [STDERR_REDIRECT] 
2026-01-17 01:49:36,180 [ERROR] LogOutputStream:75 - [STDERR_REDIRECT] Jan 17, 2026 1:49:36 AM java.util.prefs.FileSystemPreferences checkLockFile0ErrorCode
2026-01-17 01:49:36,180 [ERROR] LogOutputStream:75 - [STDERR_REDIRECT] WARNING: Could not lock System prefs. Unix error code 5.
2026-01-17 01:49:36,180 [ERROR] LogOutputStream:75 - [STDERR_REDIRECT] 
2026-01-17 01:49:36,181 [ERROR] LogOutputStream:75 - [STDERR_REDIRECT] Jan 17, 2026 1:49:36 AM java.util.prefs.FileSystemPreferences syncWorld
2026-01-17 01:49:36,181 [ERROR] LogOutputStream:75 - [STDERR_REDIRECT] WARNING: Couldn't flush system prefs: java.util.prefs.BackingStoreException: Couldn't get file lock.
2026-01-17 01:49:36,181 [ERROR] LogOutputStream:75 - [STDERR_REDIRECT] 
2026-01-17 01:50:06,180 [ERROR] LogOutputStream:75 - [STDERR_REDIRECT] Jan 17, 2026 1:50:06 AM java.util.prefs.FileSystemPreferences checkLockFile0ErrorCode
2026-01-17 01:50:06,181 [ERROR] LogOutputStream:75 - [STDERR_REDIRECT] WARNING: Could not lock System prefs. Unix error code 5.
2026-01-17 01:50:06,181 [ERROR] LogOutputStream:75 - [STDERR_REDIRECT] 
2026-01-17 01:50:06,181 [ERROR] LogOutputStream:75 - [STDERR_REDIRECT] Jan 17, 2026 1:50:06 AM java.util.prefs.FileSystemPreferences syncWorld
2026-01-17 01:50:06,181 [ERROR] LogOutputStream:75 - [STDERR_REDIRECT] WARNING: Couldn't flush system prefs: java.util.prefs.BackingStoreException: Couldn't get file lock.
2026-01-17 01:50:06,181 [ERROR] LogOutputStream:75 - [STDERR_REDIRECT] 
2026-01-17 01:50:36,181 [ERROR] LogOutputStream:75 - [STDERR_REDIRECT] Jan 17, 2026 1:50:36 AM java.util.prefs.FileSystemPreferences checkLockFile0ErrorCode
2026-01-17 01:50:36,183 [ERROR] LogOutputStream:75 - [STDERR_REDIRECT] WARNING: Could not lock System prefs. Unix error code 5.
2026-01-17 01:50:36,183 [ERROR] LogOutputStream:75 - [STDERR_REDIRECT] 
2026-01-17 01:50:36,184 [ERROR] LogOutputStream:75 - [STDERR_REDIRECT] Jan 17, 2026 1:50:36 AM java.util.prefs.FileSystemPreferences syncWorld
2026-01-17 01:50:36,184 [ERROR] LogOutputStream:75 - [STDERR_REDIRECT] WARNING: Couldn't flush system prefs: java.util.prefs.BackingStoreException: Couldn't get file lock.
2026-01-17 01:50:36,184 [ERROR] LogOutputStream:75 - [STDERR_REDIRECT] 
2026-01-17 01:51:06,180 [ERROR] LogOutputStream:75 - [STDERR_REDIRECT] Jan 17, 2026 1:51:06 AM java.util.prefs.FileSystemPreferences checkLockFile0ErrorCode
2026-01-17 01:51:06,181 [ERROR] LogOutputStream:75 - [STDERR_REDIRECT] WARNING: Could not lock System prefs. Unix error code 5.
2026-01-17 01:51:06,181 [ERROR] LogOutputStream:75 - [STDERR_REDIRECT] 
2026-01-17 01:51:06,181 [ERROR] LogOutputStream:75 - [STDERR_REDIRECT] Jan 17, 2026 1:51:06 AM java.util.prefs.FileSystemPreferences syncWorld
2026-01-17 01:51:06,181 [ERROR] LogOutputStream:75 - [STDERR_REDIRECT] WARNING: Couldn't flush system prefs: java.util.prefs.BackingStoreException: Couldn't get file lock.
2026-01-17 01:51:06,181 [ERROR] LogOutputStream:75 - [STDERR_REDIRECT] 
2026-01-17 01:51:36,181 [ERROR] LogOutputStream:75 - [STDERR_REDIRECT] Jan 17, 2026 1:51:36 AM java.util.prefs.FileSystemPreferences checkLockFile0ErrorCode
2026-01-17 01:51:36,181 [ERROR] LogOutputStream:75 - [STDERR_REDIRECT] WARNING: Could not lock System prefs. Unix error code 5.
2026-01-17 01:51:36,181 [ERROR] LogOutputStream:75 - [STDERR_REDIRECT] 
2026-01-17 01:51:36,181 [ERROR] LogOutputStream:75 - [STDERR_REDIRECT] Jan 17, 2026 1:51:36 AM java.util.prefs.FileSystemPreferences syncWorld
2026-01-17 01:51:36,181 [ERROR] LogOutputStream:75 - [STDERR_REDIRECT] WARNING: Couldn't flush system prefs: java.util.prefs.BackingStoreException: Couldn't get file lock.
2026-01-17 01:51:36,181 [ERROR] LogOutputStream:75 - [STDERR_REDIRECT] 
2026-01-17 01:52:06,180 [ERROR] LogOutputStream:75 - [STDERR_REDIRECT] Jan 17, 2026 1:52:06 AM java.util.prefs.FileSystemPreferences checkLockFile0ErrorCode
2026-01-17 01:52:06,181 [ERROR] LogOutputStream:75 - [STDERR_REDIRECT] WARNING: Could not lock System prefs. Unix error code 5.
2026-01-17 01:52:06,181 [ERROR] LogOutputStream:75 - [STDERR_REDIRECT] 
2026-01-17 01:52:06,181 [ERROR] LogOutputStream:75 - [STDERR_REDIRECT] Jan 17, 2026 1:52:06 AM java.util.prefs.FileSystemPreferences syncWorld
2026-01-17 01:52:06,181 [ERROR] LogOutputStream:75 - [STDERR_REDIRECT] WARNING: Couldn't flush system prefs: java.util.prefs.BackingStoreException: Couldn't get file lock.
2026-01-17 01:52:06,181 [ERROR] LogOutputStream:75 - [STDERR_REDIRECT] 
2026-01-17 01:52:36,181 [ERROR] LogOutputStream:75 - [STDERR_REDIRECT] Jan 17, 2026 1:52:36 AM java.util.prefs.FileSystemPreferences checkLockFile0ErrorCode
2026-01-17 01:52:36,181 [ERROR] LogOutputStream:75 - [STDERR_REDIRECT] WARNING: Could not lock System prefs. Unix error code 5.
2026-01-17 01:52:36,181 [ERROR] LogOutputStream:75 - [STDERR_REDIRECT] 
2026-01-17 01:52:36,181 [ERROR] LogOutputStream:75 - [STDERR_REDIRECT] Jan 17, 2026 1:52:36 AM java.util.prefs.FileSystemPreferences syncWorld
2026-01-17 01:52:36,181 [ERROR] LogOutputStream:75 - [STDERR_REDIRECT] WARNING: Couldn't flush system prefs: java.util.prefs.BackingStoreException: Couldn't get file lock.
2026-01-17 01:52:36,181 [ERROR] LogOutputStream:75 - [STDERR_REDIRECT] 
2026-01-17 01:53:06,181 [ERROR] LogOutputStream:75 - [STDERR_REDIRECT] Jan 17, 2026 1:53:06 AM java.util.prefs.FileSystemPreferences checkLockFile0ErrorCode
2026-01-17 01:53:06,181 [ERROR] LogOutputStream:75 - [STDERR_REDIRECT] WARNING: Could not lock System prefs. Unix error code 5.
2026-01-17 01:53:06,181 [ERROR] LogOutputStream:75 - [STDERR_REDIRECT] 
2026-01-17 01:53:06,181 [ERROR] LogOutputStream:75 - [STDERR_REDIRECT] Jan 17, 2026 1:53:06 AM java.util.prefs.FileSystemPreferences syncWorld
2026-01-17 01:53:06,182 [ERROR] LogOutputStream:75 - [STDERR_REDIRECT] WARNING: Couldn't flush system prefs: java.util.prefs.BackingStoreException: Couldn't get file lock.
2026-01-17 01:53:06,182 [ERROR] LogOutputStream:75 - [STDERR_REDIRECT] 
2026-01-17 01:53:36,181 [ERROR] LogOutputStream:75 - [STDERR_REDIRECT] Jan 17, 2026 1:53:36 AM java.util.prefs.FileSystemPreferences checkLockFile0ErrorCode
2026-01-17 01:53:36,181 [ERROR] LogOutputStream:75 - [STDERR_REDIRECT] WARNING: Could not lock System prefs. Unix error code 5.
2026-01-17 01:53:36,181 [ERROR] LogOutputStream:75 - [STDERR_REDIRECT] 
2026-01-17 01:53:36,182 [ERROR] LogOutputStream:75 - [STDERR_REDIRECT] Jan 17, 2026 1:53:36 AM java.util.prefs.FileSystemPreferences syncWorld
2026-01-17 01:53:36,182 [ERROR] LogOutputStream:75 - [STDERR_REDIRECT] WARNING: Couldn't flush system prefs: java.util.prefs.BackingStoreException: Couldn't get file lock.
2026-01-17 01:53:36,182 [ERROR] LogOutputStream:75 - [STDERR_REDIRECT] 
2026-01-17 01:54:06,180 [ERROR] LogOutputStream:75 - [STDERR_REDIRECT] Jan 17, 2026 1:54:06 AM java.util.prefs.FileSystemPreferences checkLockFile0ErrorCode
2026-01-17 01:54:06,180 [ERROR] LogOutputStream:75 - [STDERR_REDIRECT] WARNING: Could not lock System prefs. Unix error code 5.
2026-01-17 01:54:06,180 [ERROR] LogOutputStream:75 - [STDERR_REDIRECT] 
2026-01-17 01:54:06,181 [ERROR] LogOutputStream:75 - [STDERR_REDIRECT] Jan 17, 2026 1:54:06 AM java.util.prefs.FileSystemPreferences syncWorld
2026-01-17 01:54:06,181 [ERROR] LogOutputStream:75 - [STDERR_REDIRECT] WARNING: Couldn't flush system prefs: java.util.prefs.BackingStoreException: Couldn't get file lock.
2026-01-17 01:54:06,181 [ERROR] LogOutputStream:75 - [STDERR_REDIRECT] 
2026-01-17 01:54:36,180 [ERROR] LogOutputStream:75 - [STDERR_REDIRECT] Jan 17, 2026 1:54:36 AM java.util.prefs.FileSystemPreferences checkLockFile0ErrorCode
2026-01-17 01:54:36,181 [ERROR] LogOutputStream:75 - [STDERR_REDIRECT] WARNING: Could not lock System prefs. Unix error code 5.
2026-01-17 01:54:36,181 [ERROR] LogOutputStream:75 - [STDERR_REDIRECT] 
2026-01-17 01:54:36,181 [ERROR] LogOutputStream:75 - [STDERR_REDIRECT] Jan 17, 2026 1:54:36 AM java.util.prefs.FileSystemPreferences syncWorld
2026-01-17 01:54:36,181 [ERROR] LogOutputStream:75 - [STDERR_REDIRECT] WARNING: Couldn't flush system prefs: java.util.prefs.BackingStoreException: Couldn't get file lock.
2026-01-17 01:54:36,181 [ERROR] LogOutputStream:75 - [STDERR_REDIRECT] 
2026-01-17 01:55:06,181 [ERROR] LogOutputStream:75 - [STDERR_REDIRECT] Jan 17, 2026 1:55:06 AM java.util.prefs.FileSystemPreferences checkLockFile0ErrorCode
2026-01-17 01:55:06,181 [ERROR] LogOutputStream:75 - [STDERR_REDIRECT] WARNING: Could not lock System prefs. Unix error code 5.
2026-01-17 01:55:06,181 [ERROR] LogOutputStream:75 - [STDERR_REDIRECT] 
2026-01-17 01:55:06,181 [ERROR] LogOutputStream:75 - [STDERR_REDIRECT] Jan 17, 2026 1:55:06 AM java.util.prefs.FileSystemPreferences syncWorld
2026-01-17 01:55:06,181 [ERROR] LogOutputStream:75 - [STDERR_REDIRECT] WARNING: Couldn't flush system prefs: java.util.prefs.BackingStoreException: Couldn't get file lock.
2026-01-17 01:55:06,181 [ERROR] LogOutputStream:75 - [STDERR_REDIRECT] 
2026-01-17 01:55:36,181 [ERROR] LogOutputStream:75 - [STDERR_REDIRECT] Jan 17, 2026 1:55:36 AM java.util.prefs.FileSystemPreferences checkLockFile0ErrorCode
2026-01-17 01:55:36,181 [ERROR] LogOutputStream:75 - [STDERR_REDIRECT] WARNING: Could not lock System prefs. Unix error code 5.
2026-01-17 01:55:36,181 [ERROR] LogOutputStream:75 - [STDERR_REDIRECT] 
2026-01-17 01:55:36,181 [ERROR] LogOutputStream:75 - [STDERR_REDIRECT] Jan 17, 2026 1:55:36 AM java.util.prefs.FileSystemPreferences syncWorld
2026-01-17 01:55:36,181 [ERROR] LogOutputStream:75 - [STDERR_REDIRECT] WARNING: Couldn't flush system prefs: java.util.prefs.BackingStoreException: Couldn't get file lock.
2026-01-17 01:55:36,182 [ERROR] LogOutputStream:75 - [STDERR_REDIRECT] 
2026-01-17 01:56:06,182 [ERROR] LogOutputStream:75 - [STDERR_REDIRECT] Jan 17, 2026 1:56:06 AM java.util.prefs.FileSystemPreferences checkLockFile0ErrorCode
2026-01-17 01:56:06,183 [ERROR] LogOutputStream:75 - [STDERR_REDIRECT] WARNING: Could not lock System prefs. Unix error code 5.
2026-01-17 01:56:06,183 [ERROR] LogOutputStream:75 - [STDERR_REDIRECT] 
2026-01-17 01:56:06,183 [ERROR] LogOutputStream:75 - [STDERR_REDIRECT] Jan 17, 2026 1:56:06 AM java.util.prefs.FileSystemPreferences syncWorld
2026-01-17 01:56:06,183 [ERROR] LogOutputStream:75 - [STDERR_REDIRECT] WARNING: Couldn't flush system prefs: java.util.prefs.BackingStoreException: Couldn't get file lock.
2026-01-17 01:56:06,183 [ERROR] LogOutputStream:75 - [STDERR_REDIRECT] 
2026-01-17 01:56:36,181 [ERROR] LogOutputStream:75 - [STDERR_REDIRECT] Jan 17, 2026 1:56:36 AM java.util.prefs.FileSystemPreferences checkLockFile0ErrorCode
2026-01-17 01:56:36,182 [ERROR] LogOutputStream:75 - [STDERR_REDIRECT] WARNING: Could not lock System prefs. Unix error code 5.
2026-01-17 01:56:36,182 [ERROR] LogOutputStream:75 - [STDERR_REDIRECT] 
2026-01-17 01:56:36,182 [ERROR] LogOutputStream:75 - [STDERR_REDIRECT] Jan 17, 2026 1:56:36 AM java.util.prefs.FileSystemPreferences syncWorld
2026-01-17 01:56:36,182 [ERROR] LogOutputStream:75 - [STDERR_REDIRECT] WARNING: Couldn't flush system prefs: java.util.prefs.BackingStoreException: Couldn't get file lock.
2026-01-17 01:56:36,182 [ERROR] LogOutputStream:75 - [STDERR_REDIRECT] 
2026-01-17 01:57:06,182 [ERROR] LogOutputStream:75 - [STDERR_REDIRECT] Jan 17, 2026 1:57:06 AM java.util.prefs.FileSystemPreferences checkLockFile0ErrorCode
2026-01-17 01:57:06,182 [ERROR] LogOutputStream:75 - [STDERR_REDIRECT] WARNING: Could not lock System prefs. Unix error code 5.
2026-01-17 01:57:06,182 [ERROR] LogOutputStream:75 - [STDERR_REDIRECT] 
2026-01-17 01:57:06,182 [ERROR] LogOutputStream:75 - [STDERR_REDIRECT] Jan 17, 2026 1:57:06 AM java.util.prefs.FileSystemPreferences syncWorld
2026-01-17 01:57:06,182 [ERROR] LogOutputStream:75 - [STDERR_REDIRECT] WARNING: Couldn't flush system prefs: java.util.prefs.BackingStoreException: Couldn't get file lock.
2026-01-17 01:57:06,182 [ERROR] LogOutputStream:75 - [STDERR_REDIRECT] 
2026-01-17 01:57:36,182 [ERROR] LogOutputStream:75 - [STDERR_REDIRECT] Jan 17, 2026 1:57:36 AM java.util.prefs.FileSystemPreferences checkLockFile0ErrorCode
2026-01-17 01:57:36,182 [ERROR] LogOutputStream:75 - [STDERR_REDIRECT] WARNING: Could not lock System prefs. Unix error code 5.
2026-01-17 01:57:36,182 [ERROR] LogOutputStream:75 - [STDERR_REDIRECT] 
2026-01-17 01:57:36,182 [ERROR] LogOutputStream:75 - [STDERR_REDIRECT] Jan 17, 2026 1:57:36 AM java.util.prefs.FileSystemPreferences syncWorld
2026-01-17 01:57:36,182 [ERROR] LogOutputStream:75 - [STDERR_REDIRECT] WARNING: Couldn't flush system prefs: java.util.prefs.BackingStoreException: Couldn't get file lock.
2026-01-17 01:57:36,182 [ERROR] LogOutputStream:75 - [STDERR_REDIRECT] 
2026-01-17 01:58:06,182 [ERROR] LogOutputStream:75 - [STDERR_REDIRECT] Jan 17, 2026 1:58:06 AM java.util.prefs.FileSystemPreferences checkLockFile0ErrorCode
2026-01-17 01:58:06,182 [ERROR] LogOutputStream:75 - [STDERR_REDIRECT] WARNING: Could not lock System prefs. Unix error code 5.
2026-01-17 01:58:06,182 [ERROR] LogOutputStream:75 - [STDERR_REDIRECT] 
2026-01-17 01:58:06,183 [ERROR] LogOutputStream:75 - [STDERR_REDIRECT] Jan 17, 2026 1:58:06 AM java.util.prefs.FileSystemPreferences syncWorld
2026-01-17 01:58:06,183 [ERROR] LogOutputStream:75 - [STDERR_REDIRECT] WARNING: Couldn't flush system prefs: java.util.prefs.BackingStoreException: Couldn't get file lock.
2026-01-17 01:58:06,183 [ERROR] LogOutputStream:75 - [STDERR_REDIRECT] 
2026-01-17 01:58:36,183 [ERROR] LogOutputStream:75 - [STDERR_REDIRECT] Jan 17, 2026 1:58:36 AM java.util.prefs.FileSystemPreferences checkLockFile0ErrorCode
2026-01-17 01:58:36,183 [ERROR] LogOutputStream:75 - [STDERR_REDIRECT] WARNING: Could not lock System prefs. Unix error code 5.
2026-01-17 01:58:36,183 [ERROR] LogOutputStream:75 - [STDERR_REDIRECT] 
2026-01-17 01:58:36,183 [ERROR] LogOutputStream:75 - [STDERR_REDIRECT] Jan 17, 2026 1:58:36 AM java.util.prefs.FileSystemPreferences syncWorld
2026-01-17 01:58:36,183 [ERROR] LogOutputStream:75 - [STDERR_REDIRECT] WARNING: Couldn't flush system prefs: java.util.prefs.BackingStoreException: Couldn't get file lock.
2026-01-17 01:58:36,183 [ERROR] LogOutputStream:75 - [STDERR_REDIRECT] 
2026-01-17 01:59:06,183 [ERROR] LogOutputStream:75 - [STDERR_REDIRECT] Jan 17, 2026 1:59:06 AM java.util.prefs.FileSystemPreferences checkLockFile0ErrorCode
2026-01-17 01:59:06,183 [ERROR] LogOutputStream:75 - [STDERR_REDIRECT] WARNING: Could not lock System prefs. Unix error code 5.
2026-01-17 01:59:06,183 [ERROR] LogOutputStream:75 - [STDERR_REDIRECT] 
2026-01-17 01:59:06,183 [ERROR] LogOutputStream:75 - [STDERR_REDIRECT] Jan 17, 2026 1:59:06 AM java.util.prefs.FileSystemPreferences syncWorld
2026-01-17 01:59:06,183 [ERROR] LogOutputStream:75 - [STDERR_REDIRECT] WARNING: Couldn't flush system prefs: java.util.prefs.BackingStoreException: Couldn't get file lock.
2026-01-17 01:59:06,184 [ERROR] LogOutputStream:75 - [STDERR_REDIRECT] 
2026-01-17 01:59:36,182 [ERROR] LogOutputStream:75 - [STDERR_REDIRECT] Jan 17, 2026 1:59:36 AM java.util.prefs.FileSystemPreferences checkLockFile0ErrorCode
2026-01-17 01:59:36,182 [ERROR] LogOutputStream:75 - [STDERR_REDIRECT] WARNING: Could not lock System prefs. Unix error code 5.
2026-01-17 01:59:36,182 [ERROR] LogOutputStream:75 - [STDERR_REDIRECT] 
2026-01-17 01:59:36,183 [ERROR] LogOutputStream:75 - [STDERR_REDIRECT] Jan 17, 2026 1:59:36 AM java.util.prefs.FileSystemPreferences syncWorld
2026-01-17 01:59:36,183 [ERROR] LogOutputStream:75 - [STDERR_REDIRECT] WARNING: Couldn't flush system prefs: java.util.prefs.BackingStoreException: Couldn't get file lock.
2026-01-17 01:59:36,183 [ERROR] LogOutputStream:75 - [STDERR_REDIRECT] 
2026-01-17 02:00:06,183 [ERROR] LogOutputStream:75 - [STDERR_REDIRECT] Jan 17, 2026 2:00:06 AM java.util.prefs.FileSystemPreferences checkLockFile0ErrorCode
2026-01-17 02:00:06,183 [ERROR] LogOutputStream:75 - [STDERR_REDIRECT] WARNING: Could not lock System prefs. Unix error code 5.
2026-01-17 02:00:06,183 [ERROR] LogOutputStream:75 - [STDERR_REDIRECT] 
2026-01-17 02:00:06,183 [ERROR] LogOutputStream:75 - [STDERR_REDIRECT] Jan 17, 2026 2:00:06 AM java.util.prefs.FileSystemPreferences syncWorld
2026-01-17 02:00:06,184 [ERROR] LogOutputStream:75 - [STDERR_REDIRECT] WARNING: Couldn't flush system prefs: java.util.prefs.BackingStoreException: Couldn't get file lock.
2026-01-17 02:00:06,184 [ERROR] LogOutputStream:75 - [STDERR_REDIRECT] 
2026-01-17 02:00:36,184 [ERROR] LogOutputStream:75 - [STDERR_REDIRECT] Jan 17, 2026 2:00:36 AM java.util.prefs.FileSystemPreferences checkLockFile0ErrorCode
2026-01-17 02:00:36,184 [ERROR] LogOutputStream:75 - [STDERR_REDIRECT] WARNING: Could not lock System prefs. Unix error code 5.
2026-01-17 02:00:36,184 [ERROR] LogOutputStream:75 - [STDERR_REDIRECT] 
2026-01-17 02:00:36,184 [ERROR] LogOutputStream:75 - [STDERR_REDIRECT] Jan 17, 2026 2:00:36 AM java.util.prefs.FileSystemPreferences syncWorld
2026-01-17 02:00:36,185 [ERROR] LogOutputStream:75 - [STDERR_REDIRECT] WARNING: Couldn't flush system prefs: java.util.prefs.BackingStoreException: Couldn't get file lock.
2026-01-17 02:00:36,185 [ERROR] LogOutputStream:75 - [STDERR_REDIRECT] 
2026-01-17 02:01:06,183 [ERROR] LogOutputStream:75 - [STDERR_REDIRECT] Jan 17, 2026 2:01:06 AM java.util.prefs.FileSystemPreferences checkLockFile0ErrorCode
2026-01-17 02:01:06,183 [ERROR] LogOutputStream:75 - [STDERR_REDIRECT] WARNING: Could not lock System prefs. Unix error code 5.
2026-01-17 02:01:06,183 [ERROR] LogOutputStream:75 - [STDERR_REDIRECT] 
2026-01-17 02:01:06,184 [ERROR] LogOutputStream:75 - [STDERR_REDIRECT] Jan 17, 2026 2:01:06 AM java.util.prefs.FileSystemPreferences syncWorld
2026-01-17 02:01:06,184 [ERROR] LogOutputStream:75 - [STDERR_REDIRECT] WARNING: Couldn't flush system prefs: java.util.prefs.BackingStoreException: Couldn't get file lock.
2026-01-17 02:01:06,184 [ERROR] LogOutputStream:75 - [STDERR_REDIRECT] 
2026-01-17 02:01:36,183 [ERROR] LogOutputStream:75 - [STDERR_REDIRECT] Jan 17, 2026 2:01:36 AM java.util.prefs.FileSystemPreferences checkLockFile0ErrorCode
2026-01-17 02:01:36,183 [ERROR] LogOutputStream:75 - [STDERR_REDIRECT] WARNING: Could not lock System prefs. Unix error code 5.
2026-01-17 02:01:36,184 [ERROR] LogOutputStream:75 - [STDERR_REDIRECT] 
2026-01-17 02:01:36,184 [ERROR] LogOutputStream:75 - [STDERR_REDIRECT] Jan 17, 2026 2:01:36 AM java.util.prefs.FileSystemPreferences syncWorld
2026-01-17 02:01:36,184 [ERROR] LogOutputStream:75 - [STDERR_REDIRECT] WARNING: Couldn't flush system prefs: java.util.prefs.BackingStoreException: Couldn't get file lock.
2026-01-17 02:01:36,184 [ERROR] LogOutputStream:75 - [STDERR_REDIRECT] 
2026-01-17 02:02:06,183 [ERROR] LogOutputStream:75 - [STDERR_REDIRECT] Jan 17, 2026 2:02:06 AM java.util.prefs.FileSystemPreferences checkLockFile0ErrorCode
2026-01-17 02:02:06,183 [ERROR] LogOutputStream:75 - [STDERR_REDIRECT] WARNING: Could not lock System prefs. Unix error code 5.
2026-01-17 02:02:06,183 [ERROR] LogOutputStream:75 - [STDERR_REDIRECT] 
2026-01-17 02:02:06,183 [ERROR] LogOutputStream:75 - [STDERR_REDIRECT] Jan 17, 2026 2:02:06 AM java.util.prefs.FileSystemPreferences syncWorld
2026-01-17 02:02:06,183 [ERROR] LogOutputStream:75 - [STDERR_REDIRECT] WARNING: Couldn't flush system prefs: java.util.prefs.BackingStoreException: Couldn't get file lock.
2026-01-17 02:02:06,183 [ERROR] LogOutputStream:75 - [STDERR_REDIRECT] 
2026-01-17 02:02:36,183 [ERROR] LogOutputStream:75 - [STDERR_REDIRECT] Jan 17, 2026 2:02:36 AM java.util.prefs.FileSystemPreferences checkLockFile0ErrorCode
2026-01-17 02:02:36,183 [ERROR] LogOutputStream:75 - [STDERR_REDIRECT] WARNING: Could not lock System prefs. Unix error code 5.
2026-01-17 02:02:36,183 [ERROR] LogOutputStream:75 - [STDERR_REDIRECT] 
2026-01-17 02:02:36,184 [ERROR] LogOutputStream:75 - [STDERR_REDIRECT] Jan 17, 2026 2:02:36 AM java.util.prefs.FileSystemPreferences syncWorld
2026-01-17 02:02:36,184 [ERROR] LogOutputStream:75 - [STDERR_REDIRECT] WARNING: Couldn't flush system prefs: java.util.prefs.BackingStoreException: Couldn't get file lock.
2026-01-17 02:02:36,184 [ERROR] LogOutputStream:75 - [STDERR_REDIRECT] 
2026-01-17 02:03:06,183 [ERROR] LogOutputStream:75 - [STDERR_REDIRECT] Jan 17, 2026 2:03:06 AM java.util.prefs.FileSystemPreferences checkLockFile0ErrorCode
2026-01-17 02:03:06,183 [ERROR] LogOutputStream:75 - [STDERR_REDIRECT] WARNING: Could not lock System prefs. Unix error code 5.
2026-01-17 02:03:06,183 [ERROR] LogOutputStream:75 - [STDERR_REDIRECT] 
2026-01-17 02:03:06,184 [ERROR] LogOutputStream:75 - [STDERR_REDIRECT] Jan 17, 2026 2:03:06 AM java.util.prefs.FileSystemPreferences syncWorld
2026-01-17 02:03:06,184 [ERROR] LogOutputStream:75 - [STDERR_REDIRECT] WARNING: Couldn't flush system prefs: java.util.prefs.BackingStoreException: Couldn't get file lock.
2026-01-17 02:03:06,184 [ERROR] LogOutputStream:75 - [STDERR_REDIRECT] 
2026-01-17 02:03:36,183 [ERROR] LogOutputStream:75 - [STDERR_REDIRECT] Jan 17, 2026 2:03:36 AM java.util.prefs.FileSystemPreferences checkLockFile0ErrorCode
2026-01-17 02:03:36,184 [ERROR] LogOutputStream:75 - [STDERR_REDIRECT] WARNING: Could not lock System prefs. Unix error code 5.
2026-01-17 02:03:36,184 [ERROR] LogOutputStream:75 - [STDERR_REDIRECT] 
2026-01-17 02:03:36,184 [ERROR] LogOutputStream:75 - [STDERR_REDIRECT] Jan 17, 2026 2:03:36 AM java.util.prefs.FileSystemPreferences syncWorld
2026-01-17 02:03:36,184 [ERROR] LogOutputStream:75 - [STDERR_REDIRECT] WARNING: Couldn't flush system prefs: java.util.prefs.BackingStoreException: Couldn't get file lock.
2026-01-17 02:03:36,184 [ERROR] LogOutputStream:75 - [STDERR_REDIRECT] 
2026-01-17 02:04:06,183 [ERROR] LogOutputStream:75 - [STDERR_REDIRECT] Jan 17, 2026 2:04:06 AM java.util.prefs.FileSystemPreferences checkLockFile0ErrorCode
2026-01-17 02:04:06,183 [ERROR] LogOutputStream:75 - [STDERR_REDIRECT] WARNING: Could not lock System prefs. Unix error code 5.
2026-01-17 02:04:06,183 [ERROR] LogOutputStream:75 - [STDERR_REDIRECT] 
2026-01-17 02:04:06,183 [ERROR] LogOutputStream:75 - [STDERR_REDIRECT] Jan 17, 2026 2:04:06 AM java.util.prefs.FileSystemPreferences syncWorld
2026-01-17 02:04:06,183 [ERROR] LogOutputStream:75 - [STDERR_REDIRECT] WARNING: Couldn't flush system prefs: java.util.prefs.BackingStoreException: Couldn't get file lock.
2026-01-17 02:04:06,183 [ERROR] LogOutputStream:75 - [STDERR_REDIRECT] 
2026-01-17 02:04:36,183 [ERROR] LogOutputStream:75 - [STDERR_REDIRECT] Jan 17, 2026 2:04:36 AM java.util.prefs.FileSystemPreferences checkLockFile0ErrorCode
2026-01-17 02:04:36,183 [ERROR] LogOutputStream:75 - [STDERR_REDIRECT] WARNING: Could not lock System prefs. Unix error code 5.
2026-01-17 02:04:36,183 [ERROR] LogOutputStream:75 - [STDERR_REDIRECT] 
2026-01-17 02:04:36,183 [ERROR] LogOutputStream:75 - [STDERR_REDIRECT] Jan 17, 2026 2:04:36 AM java.util.prefs.FileSystemPreferences syncWorld
2026-01-17 02:04:36,183 [ERROR] LogOutputStream:75 - [STDERR_REDIRECT] WARNING: Couldn't flush system prefs: java.util.prefs.BackingStoreException: Couldn't get file lock.
2026-01-17 02:04:36,183 [ERROR] LogOutputStream:75 - [STDERR_REDIRECT] 
2026-01-17 02:05:06,183 [ERROR] LogOutputStream:75 - [STDERR_REDIRECT] Jan 17, 2026 2:05:06 AM java.util.prefs.FileSystemPreferences checkLockFile0ErrorCode
2026-01-17 02:05:06,183 [ERROR] LogOutputStream:75 - [STDERR_REDIRECT] WARNING: Could not lock System prefs. Unix error code 5.
2026-01-17 02:05:06,183 [ERROR] LogOutputStream:75 - [STDERR_REDIRECT] 
2026-01-17 02:05:06,184 [ERROR] LogOutputStream:75 - [STDERR_REDIRECT] Jan 17, 2026 2:05:06 AM java.util.prefs.FileSystemPreferences syncWorld
2026-01-17 02:05:06,184 [ERROR] LogOutputStream:75 - [STDERR_REDIRECT] WARNING: Couldn't flush system prefs: java.util.prefs.BackingStoreException: Couldn't get file lock.
2026-01-17 02:05:06,184 [ERROR] LogOutputStream:75 - [STDERR_REDIRECT] 
2026-01-17 02:05:36,184 [ERROR] LogOutputStream:75 - [STDERR_REDIRECT] Jan 17, 2026 2:05:36 AM java.util.prefs.FileSystemPreferences checkLockFile0ErrorCode
2026-01-17 02:05:36,185 [ERROR] LogOutputStream:75 - [STDERR_REDIRECT] WARNING: Could not lock System prefs. Unix error code 5.
2026-01-17 02:05:36,185 [ERROR] LogOutputStream:75 - [STDERR_REDIRECT] 
2026-01-17 02:05:36,185 [ERROR] LogOutputStream:75 - [STDERR_REDIRECT] Jan 17, 2026 2:05:36 AM java.util.prefs.FileSystemPreferences syncWorld
2026-01-17 02:05:36,185 [ERROR] LogOutputStream:75 - [STDERR_REDIRECT] WARNING: Couldn't flush system prefs: java.util.prefs.BackingStoreException: Couldn't get file lock.
2026-01-17 02:05:36,185 [ERROR] LogOutputStream:75 - [STDERR_REDIRECT] 
2026-01-17 02:06:06,184 [ERROR] LogOutputStream:75 - [STDERR_REDIRECT] Jan 17, 2026 2:06:06 AM java.util.prefs.FileSystemPreferences checkLockFile0ErrorCode
2026-01-17 02:06:06,184 [ERROR] LogOutputStream:75 - [STDERR_REDIRECT] WARNING: Could not lock System prefs. Unix error code 5.
2026-01-17 02:06:06,185 [ERROR] LogOutputStream:75 - [STDERR_REDIRECT] 
2026-01-17 02:06:06,185 [ERROR] LogOutputStream:75 - [STDERR_REDIRECT] Jan 17, 2026 2:06:06 AM java.util.prefs.FileSystemPreferences syncWorld
2026-01-17 02:06:06,185 [ERROR] LogOutputStream:75 - [STDERR_REDIRECT] WARNING: Couldn't flush system prefs: java.util.prefs.BackingStoreException: Couldn't get file lock.
2026-01-17 02:06:06,185 [ERROR] LogOutputStream:75 - [STDERR_REDIRECT] 
2026-01-17 02:06:36,184 [ERROR] LogOutputStream:75 - [STDERR_REDIRECT] Jan 17, 2026 2:06:36 AM java.util.prefs.FileSystemPreferences checkLockFile0ErrorCode
2026-01-17 02:06:36,185 [ERROR] LogOutputStream:75 - [STDERR_REDIRECT] WARNING: Could not lock System prefs. Unix error code 5.
2026-01-17 02:06:36,185 [ERROR] LogOutputStream:75 - [STDERR_REDIRECT] 
2026-01-17 02:06:36,185 [ERROR] LogOutputStream:75 - [STDERR_REDIRECT] Jan 17, 2026 2:06:36 AM java.util.prefs.FileSystemPreferences syncWorld
2026-01-17 02:06:36,185 [ERROR] LogOutputStream:75 - [STDERR_REDIRECT] WARNING: Couldn't flush system prefs: java.util.prefs.BackingStoreException: Couldn't get file lock.
2026-01-17 02:06:36,185 [ERROR] LogOutputStream:75 - [STDERR_REDIRECT] 
2026-01-17 02:07:06,186 [ERROR] LogOutputStream:75 - [STDERR_REDIRECT] Jan 17, 2026 2:07:06 AM java.util.prefs.FileSystemPreferences checkLockFile0ErrorCode
2026-01-17 02:07:06,186 [ERROR] LogOutputStream:75 - [STDERR_REDIRECT] WARNING: Could not lock System prefs. Unix error code 5.
2026-01-17 02:07:06,186 [ERROR] LogOutputStream:75 - [STDERR_REDIRECT] 
2026-01-17 02:07:06,186 [ERROR] LogOutputStream:75 - [STDERR_REDIRECT] Jan 17, 2026 2:07:06 AM java.util.prefs.FileSystemPreferences syncWorld
2026-01-17 02:07:06,187 [ERROR] LogOutputStream:75 - [STDERR_REDIRECT] WARNING: Couldn't flush system prefs: java.util.prefs.BackingStoreException: Couldn't get file lock.
2026-01-17 02:07:06,187 [ERROR] LogOutputStream:75 - [STDERR_REDIRECT] 
2026-01-17 02:07:36,185 [ERROR] LogOutputStream:75 - [STDERR_REDIRECT] Jan 17, 2026 2:07:36 AM java.util.prefs.FileSystemPreferences checkLockFile0ErrorCode
2026-01-17 02:07:36,185 [ERROR] LogOutputStream:75 - [STDERR_REDIRECT] WARNING: Could not lock System prefs. Unix error code 5.
2026-01-17 02:07:36,185 [ERROR] LogOutputStream:75 - [STDERR_REDIRECT] 
2026-01-17 02:07:36,185 [ERROR] LogOutputStream:75 - [STDERR_REDIRECT] Jan 17, 2026 2:07:36 AM java.util.prefs.FileSystemPreferences syncWorld
2026-01-17 02:07:36,185 [ERROR] LogOutputStream:75 - [STDERR_REDIRECT] WARNING: Couldn't flush system prefs: java.util.prefs.BackingStoreException: Couldn't get file lock.
2026-01-17 02:07:36,185 [ERROR] LogOutputStream:75 - [STDERR_REDIRECT] 
2026-01-17 02:08:06,185 [ERROR] LogOutputStream:75 - [STDERR_REDIRECT] Jan 17, 2026 2:08:06 AM java.util.prefs.FileSystemPreferences checkLockFile0ErrorCode
2026-01-17 02:08:06,185 [ERROR] LogOutputStream:75 - [STDERR_REDIRECT] WARNING: Could not lock System prefs. Unix error code 5.
2026-01-17 02:08:06,185 [ERROR] LogOutputStream:75 - [STDERR_REDIRECT] 
2026-01-17 02:08:06,186 [ERROR] LogOutputStream:75 - [STDERR_REDIRECT] Jan 17, 2026 2:08:06 AM java.util.prefs.FileSystemPreferences syncWorld
2026-01-17 02:08:06,186 [ERROR] LogOutputStream:75 - [STDERR_REDIRECT] WARNING: Couldn't flush system prefs: java.util.prefs.BackingStoreException: Couldn't get file lock.
2026-01-17 02:08:06,186 [ERROR] LogOutputStream:75 - [STDERR_REDIRECT] 
2026-01-17 02:08:36,186 [ERROR] LogOutputStream:75 - [STDERR_REDIRECT] Jan 17, 2026 2:08:36 AM java.util.prefs.FileSystemPreferences checkLockFile0ErrorCode
2026-01-17 02:08:36,186 [ERROR] LogOutputStream:75 - [STDERR_REDIRECT] WARNING: Could not lock System prefs. Unix error code 5.
2026-01-17 02:08:36,186 [ERROR] LogOutputStream:75 - [STDERR_REDIRECT] 
2026-01-17 02:08:36,186 [ERROR] LogOutputStream:75 - [STDERR_REDIRECT] Jan 17, 2026 2:08:36 AM java.util.prefs.FileSystemPreferences syncWorld
2026-01-17 02:08:36,186 [ERROR] LogOutputStream:75 - [STDERR_REDIRECT] WARNING: Couldn't flush system prefs: java.util.prefs.BackingStoreException: Couldn't get file lock.
2026-01-17 02:08:36,186 [ERROR] LogOutputStream:75 - [STDERR_REDIRECT] 
2026-01-17 02:09:06,186 [ERROR] LogOutputStream:75 - [STDERR_REDIRECT] Jan 17, 2026 2:09:06 AM java.util.prefs.FileSystemPreferences checkLockFile0ErrorCode
2026-01-17 02:09:06,186 [ERROR] LogOutputStream:75 - [STDERR_REDIRECT] WARNING: Could not lock System prefs. Unix error code 5.
2026-01-17 02:09:06,186 [ERROR] LogOutputStream:75 - [STDERR_REDIRECT] 
2026-01-17 02:09:06,187 [ERROR] LogOutputStream:75 - [STDERR_REDIRECT] Jan 17, 2026 2:09:06 AM java.util.prefs.FileSystemPreferences syncWorld
2026-01-17 02:09:06,187 [ERROR] LogOutputStream:75 - [STDERR_REDIRECT] WARNING: Couldn't flush system prefs: java.util.prefs.BackingStoreException: Couldn't get file lock.
2026-01-17 02:09:06,187 [ERROR] LogOutputStream:75 - [STDERR_REDIRECT] 
2026-01-17 02:09:36,186 [ERROR] LogOutputStream:75 - [STDERR_REDIRECT] Jan 17, 2026 2:09:36 AM java.util.prefs.FileSystemPreferences checkLockFile0ErrorCode
2026-01-17 02:09:36,186 [ERROR] LogOutputStream:75 - [STDERR_REDIRECT] WARNING: Could not lock System prefs. Unix error code 5.
2026-01-17 02:09:36,186 [ERROR] LogOutputStream:75 - [STDERR_REDIRECT] 
2026-01-17 02:09:36,186 [ERROR] LogOutputStream:75 - [STDERR_REDIRECT] Jan 17, 2026 2:09:36 AM java.util.prefs.FileSystemPreferences syncWorld
2026-01-17 02:09:36,186 [ERROR] LogOutputStream:75 - [STDERR_REDIRECT] WARNING: Couldn't flush system prefs: java.util.prefs.BackingStoreException: Couldn't get file lock.
2026-01-17 02:09:36,186 [ERROR] LogOutputStream:75 - [STDERR_REDIRECT] 
2026-01-17 02:10:06,186 [ERROR] LogOutputStream:75 - [STDERR_REDIRECT] Jan 17, 2026 2:10:06 AM java.util.prefs.FileSystemPreferences checkLockFile0ErrorCode
2026-01-17 02:10:06,186 [ERROR] LogOutputStream:75 - [STDERR_REDIRECT] WARNING: Could not lock System prefs. Unix error code 5.
2026-01-17 02:10:06,186 [ERROR] LogOutputStream:75 - [STDERR_REDIRECT] 
2026-01-17 02:10:06,186 [ERROR] LogOutputStream:75 - [STDERR_REDIRECT] Jan 17, 2026 2:10:06 AM java.util.prefs.FileSystemPreferences syncWorld
2026-01-17 02:10:06,186 [ERROR] LogOutputStream:75 - [STDERR_REDIRECT] WARNING: Couldn't flush system prefs: java.util.prefs.BackingStoreException: Couldn't get file lock.
2026-01-17 02:10:06,186 [ERROR] LogOutputStream:75 - [STDERR_REDIRECT] 
2026-01-17 02:10:36,188 [ERROR] LogOutputStream:75 - [STDERR_REDIRECT] Jan 17, 2026 2:10:36 AM java.util.prefs.FileSystemPreferences checkLockFile0ErrorCode
2026-01-17 02:10:36,188 [ERROR] LogOutputStream:75 - [STDERR_REDIRECT] WARNING: Could not lock System prefs. Unix error code 5.
2026-01-17 02:10:36,188 [ERROR] LogOutputStream:75 - [STDERR_REDIRECT] 
2026-01-17 02:10:36,188 [ERROR] LogOutputStream:75 - [STDERR_REDIRECT] Jan 17, 2026 2:10:36 AM java.util.prefs.FileSystemPreferences syncWorld
2026-01-17 02:10:36,188 [ERROR] LogOutputStream:75 - [STDERR_REDIRECT] WARNING: Couldn't flush system prefs: java.util.prefs.BackingStoreException: Couldn't get file lock.
2026-01-17 02:10:36,188 [ERROR] LogOutputStream:75 - [STDERR_REDIRECT] 
2026-01-17 02:11:06,188 [ERROR] LogOutputStream:75 - [STDERR_REDIRECT] Jan 17, 2026 2:11:06 AM java.util.prefs.FileSystemPreferences checkLockFile0ErrorCode
2026-01-17 02:11:06,188 [ERROR] LogOutputStream:75 - [STDERR_REDIRECT] WARNING: Could not lock System prefs. Unix error code 5.
2026-01-17 02:11:06,188 [ERROR] LogOutputStream:75 - [STDERR_REDIRECT] 
2026-01-17 02:11:06,188 [ERROR] LogOutputStream:75 - [STDERR_REDIRECT] Jan 17, 2026 2:11:06 AM java.util.prefs.FileSystemPreferences syncWorld
2026-01-17 02:11:06,188 [ERROR] LogOutputStream:75 - [STDERR_REDIRECT] WARNING: Couldn't flush system prefs: java.util.prefs.BackingStoreException: Couldn't get file lock.
2026-01-17 02:11:06,188 [ERROR] LogOutputStream:75 - [STDERR_REDIRECT] 
2026-01-17 02:11:36,188 [ERROR] LogOutputStream:75 - [STDERR_REDIRECT] Jan 17, 2026 2:11:36 AM java.util.prefs.FileSystemPreferences checkLockFile0ErrorCode
2026-01-17 02:11:36,188 [ERROR] LogOutputStream:75 - [STDERR_REDIRECT] WARNING: Could not lock System prefs. Unix error code 5.
2026-01-17 02:11:36,188 [ERROR] LogOutputStream:75 - [STDERR_REDIRECT] 
2026-01-17 02:11:36,191 [ERROR] LogOutputStream:75 - [STDERR_REDIRECT] Jan 17, 2026 2:11:36 AM java.util.prefs.FileSystemPreferences syncWorld
2026-01-17 02:11:36,192 [ERROR] LogOutputStream:75 - [STDERR_REDIRECT] WARNING: Couldn't flush system prefs: java.util.prefs.BackingStoreException: Couldn't get file lock.
2026-01-17 02:11:36,193 [ERROR] LogOutputStream:75 - [STDERR_REDIRECT] 
2026-01-17 02:12:06,192 [ERROR] LogOutputStream:75 - [STDERR_REDIRECT] Jan 17, 2026 2:12:06 AM java.util.prefs.FileSystemPreferences checkLockFile0ErrorCode
2026-01-17 02:12:06,192 [ERROR] LogOutputStream:75 - [STDERR_REDIRECT] WARNING: Could not lock System prefs. Unix error code 5.
2026-01-17 02:12:06,192 [ERROR] LogOutputStream:75 - [STDERR_REDIRECT] 
2026-01-17 02:12:06,192 [ERROR] LogOutputStream:75 - [STDERR_REDIRECT] Jan 17, 2026 2:12:06 AM java.util.prefs.FileSystemPreferences syncWorld
2026-01-17 02:12:06,192 [ERROR] LogOutputStream:75 - [STDERR_REDIRECT] WARNING: Couldn't flush system prefs: java.util.prefs.BackingStoreException: Couldn't get file lock.
2026-01-17 02:12:06,192 [ERROR] LogOutputStream:75 - [STDERR_REDIRECT] 
2026-01-17 02:12:36,189 [ERROR] LogOutputStream:75 - [STDERR_REDIRECT] Jan 17, 2026 2:12:36 AM java.util.prefs.FileSystemPreferences checkLockFile0ErrorCode
2026-01-17 02:12:36,189 [ERROR] LogOutputStream:75 - [STDERR_REDIRECT] WARNING: Could not lock System prefs. Unix error code 5.
2026-01-17 02:12:36,189 [ERROR] LogOutputStream:75 - [STDERR_REDIRECT] 
2026-01-17 02:12:36,190 [ERROR] LogOutputStream:75 - [STDERR_REDIRECT] Jan 17, 2026 2:12:36 AM java.util.prefs.FileSystemPreferences syncWorld
2026-01-17 02:12:36,190 [ERROR] LogOutputStream:75 - [STDERR_REDIRECT] WARNING: Couldn't flush system prefs: java.util.prefs.BackingStoreException: Couldn't get file lock.
2026-01-17 02:12:36,190 [ERROR] LogOutputStream:75 - [STDERR_REDIRECT] 
2026-01-17 02:13:06,189 [ERROR] LogOutputStream:75 - [STDERR_REDIRECT] Jan 17, 2026 2:13:06 AM java.util.prefs.FileSystemPreferences checkLockFile0ErrorCode
2026-01-17 02:13:06,189 [ERROR] LogOutputStream:75 - [STDERR_REDIRECT] WARNING: Could not lock System prefs. Unix error code 5.
2026-01-17 02:13:06,189 [ERROR] LogOutputStream:75 - [STDERR_REDIRECT] 
2026-01-17 02:13:06,189 [ERROR] LogOutputStream:75 - [STDERR_REDIRECT] Jan 17, 2026 2:13:06 AM java.util.prefs.FileSystemPreferences syncWorld
2026-01-17 02:13:06,189 [ERROR] LogOutputStream:75 - [STDERR_REDIRECT] WARNING: Couldn't flush system prefs: java.util.prefs.BackingStoreException: Couldn't get file lock.
2026-01-17 02:13:06,189 [ERROR] LogOutputStream:75 - [STDERR_REDIRECT] 
2026-01-17 02:13:36,189 [ERROR] LogOutputStream:75 - [STDERR_REDIRECT] Jan 17, 2026 2:13:36 AM java.util.prefs.FileSystemPreferences checkLockFile0ErrorCode
2026-01-17 02:13:36,189 [ERROR] LogOutputStream:75 - [STDERR_REDIRECT] WARNING: Could not lock System prefs. Unix error code 5.
2026-01-17 02:13:36,189 [ERROR] LogOutputStream:75 - [STDERR_REDIRECT] 
2026-01-17 02:13:36,189 [ERROR] LogOutputStream:75 - [STDERR_REDIRECT] Jan 17, 2026 2:13:36 AM java.util.prefs.FileSystemPreferences syncWorld
2026-01-17 02:13:36,189 [ERROR] LogOutputStream:75 - [STDERR_REDIRECT] WARNING: Couldn't flush system prefs: java.util.prefs.BackingStoreException: Couldn't get file lock.
2026-01-17 02:13:36,189 [ERROR] LogOutputStream:75 - [STDERR_REDIRECT] 
2026-01-17 02:14:06,189 [ERROR] LogOutputStream:75 - [STDERR_REDIRECT] Jan 17, 2026 2:14:06 AM java.util.prefs.FileSystemPreferences checkLockFile0ErrorCode
2026-01-17 02:14:06,189 [ERROR] LogOutputStream:75 - [STDERR_REDIRECT] WARNING: Could not lock System prefs. Unix error code 5.
2026-01-17 02:14:06,189 [ERROR] LogOutputStream:75 - [STDERR_REDIRECT] 
2026-01-17 02:14:06,190 [ERROR] LogOutputStream:75 - [STDERR_REDIRECT] Jan 17, 2026 2:14:06 AM java.util.prefs.FileSystemPreferences syncWorld
2026-01-17 02:14:06,190 [ERROR] LogOutputStream:75 - [STDERR_REDIRECT] WARNING: Couldn't flush system prefs: java.util.prefs.BackingStoreException: Couldn't get file lock.
2026-01-17 02:14:06,190 [ERROR] LogOutputStream:75 - [STDERR_REDIRECT] 
2026-01-17 02:14:36,190 [ERROR] LogOutputStream:75 - [STDERR_REDIRECT] Jan 17, 2026 2:14:36 AM java.util.prefs.FileSystemPreferences checkLockFile0ErrorCode
2026-01-17 02:14:36,190 [ERROR] LogOutputStream:75 - [STDERR_REDIRECT] WARNING: Could not lock System prefs. Unix error code 5.
2026-01-17 02:14:36,190 [ERROR] LogOutputStream:75 - [STDERR_REDIRECT] 
2026-01-17 02:14:36,190 [ERROR] LogOutputStream:75 - [STDERR_REDIRECT] Jan 17, 2026 2:14:36 AM java.util.prefs.FileSystemPreferences syncWorld
2026-01-17 02:14:36,190 [ERROR] LogOutputStream:75 - [STDERR_REDIRECT] WARNING: Couldn't flush system prefs: java.util.prefs.BackingStoreException: Couldn't get file lock.
2026-01-17 02:14:36,190 [ERROR] LogOutputStream:75 - [STDERR_REDIRECT] 
2026-01-17 02:14:40,287 [ERROR] AdobePublisher:162 - Exception while opening the connection: java.net.ConnectException: Connection refused
2026-01-17 02:14:40,288 [ERROR] AdobePublisher:162 - Exception while opening the connection: java.net.ConnectException: Connection refused
2026-01-17 02:14:40,289 [ERROR] AdobePublisher:162 - Exception while opening the connection: java.net.ConnectException: Connection refused
2026-01-17 02:14:40,289 [ERROR] AdobePublisher:162 - Exception while opening the connection: java.net.ConnectException: Connection refused
2026-01-17 02:14:40,289 [ERROR] AdobePublisher:162 - Exception while opening the connection: java.net.ConnectException: Connection refused
2026-01-17 02:15:06,191 [ERROR] LogOutputStream:75 - [STDERR_REDIRECT] Jan 17, 2026 2:15:06 AM java.util.prefs.FileSystemPreferences checkLockFile0ErrorCode
2026-01-17 02:15:06,191 [ERROR] LogOutputStream:75 - [STDERR_REDIRECT] WARNING: Could not lock System prefs. Unix error code 5.
2026-01-17 02:15:06,191 [ERROR] LogOutputStream:75 - [STDERR_REDIRECT] 
2026-01-17 02:15:06,191 [ERROR] LogOutputStream:75 - [STDERR_REDIRECT] Jan 17, 2026 2:15:06 AM java.util.prefs.FileSystemPreferences syncWorld
2026-01-17 02:15:06,192 [ERROR] LogOutputStream:75 - [STDERR_REDIRECT] WARNING: Couldn't flush system prefs: java.util.prefs.BackingStoreException: Couldn't get file lock.
2026-01-17 02:15:06,192 [ERROR] LogOutputStream:75 - [STDERR_REDIRECT] 
2026-01-17 02:15:36,190 [ERROR] LogOutputStream:75 - [STDERR_REDIRECT] Jan 17, 2026 2:15:36 AM java.util.prefs.FileSystemPreferences checkLockFile0ErrorCode
2026-01-17 02:15:36,190 [ERROR] LogOutputStream:75 - [STDERR_REDIRECT] WARNING: Could not lock System prefs. Unix error code 5.
2026-01-17 02:15:36,190 [ERROR] LogOutputStream:75 - [STDERR_REDIRECT] 
2026-01-17 02:15:36,191 [ERROR] LogOutputStream:75 - [STDERR_REDIRECT] Jan 17, 2026 2:15:36 AM java.util.prefs.FileSystemPreferences syncWorld
2026-01-17 02:15:36,191 [ERROR] LogOutputStream:75 - [STDERR_REDIRECT] WARNING: Couldn't flush system prefs: java.util.prefs.BackingStoreException: Couldn't get file lock.
2026-01-17 02:15:36,192 [ERROR] LogOutputStream:75 - [STDERR_REDIRECT] 
2026-01-17 02:16:06,188 [ERROR] LogOutputStream:75 - [STDERR_REDIRECT] Jan 17, 2026 2:16:06 AM java.util.prefs.FileSystemPreferences checkLockFile0ErrorCode
2026-01-17 02:16:06,188 [ERROR] LogOutputStream:75 - [STDERR_REDIRECT] WARNING: Could not lock System prefs. Unix error code 5.
2026-01-17 02:16:06,189 [ERROR] LogOutputStream:75 - [STDERR_REDIRECT] 
2026-01-17 02:16:06,190 [ERROR] LogOutputStream:75 - [STDERR_REDIRECT] Jan 17, 2026 2:16:06 AM java.util.prefs.FileSystemPreferences syncWorld
2026-01-17 02:16:06,191 [ERROR] LogOutputStream:75 - [STDERR_REDIRECT] WARNING: Couldn't flush system prefs: java.util.prefs.BackingStoreException: Couldn't get file lock.
2026-01-17 02:16:06,192 [ERROR] LogOutputStream:75 - [STDERR_REDIRECT] 
2026-01-17 02:16:36,189 [ERROR] LogOutputStream:75 - [STDERR_REDIRECT] Jan 17, 2026 2:16:36 AM java.util.prefs.FileSystemPreferences checkLockFile0ErrorCode
2026-01-17 02:16:36,189 [ERROR] LogOutputStream:75 - [STDERR_REDIRECT] WARNING: Could not lock System prefs. Unix error code 5.
2026-01-17 02:16:36,189 [ERROR] LogOutputStream:75 - [STDERR_REDIRECT] 
2026-01-17 02:16:36,189 [ERROR] LogOutputStream:75 - [STDERR_REDIRECT] Jan 17, 2026 2:16:36 AM java.util.prefs.FileSystemPreferences syncWorld
2026-01-17 02:16:36,189 [ERROR] LogOutputStream:75 - [STDERR_REDIRECT] WARNING: Couldn't flush system prefs: java.util.prefs.BackingStoreException: Couldn't get file lock.
2026-01-17 02:16:36,189 [ERROR] LogOutputStream:75 - [STDERR_REDIRECT] 
