2026-03-21 22:07:44,978 [ERROR] LogOutputStream:75 - [STDERR_REDIRECT] Mar 21, 2026 10:07:44 PM java.util.prefs.FileSystemPreferences checkLockFile0ErrorCode
2026-03-21 22:07:44,989 [ERROR] LogOutputStream:75 - [STDERR_REDIRECT] WARNING: Could not lock System prefs. Unix error code 5.
2026-03-21 22:07:44,989 [ERROR] LogOutputStream:75 - [STDERR_REDIRECT] 
2026-03-21 22:07:44,990 [ERROR] LogOutputStream:75 - [STDERR_REDIRECT] Mar 21, 2026 10:07:44 PM java.util.prefs.FileSystemPreferences syncWorld
2026-03-21 22:07:44,990 [ERROR] LogOutputStream:75 - [STDERR_REDIRECT] WARNING: Couldn't flush system prefs: java.util.prefs.BackingStoreException: Couldn't get file lock.
2026-03-21 22:07:44,990 [ERROR] LogOutputStream:75 - [STDERR_REDIRECT] 
2026-03-21 22:08:14,979 [ERROR] LogOutputStream:75 - [STDERR_REDIRECT] Mar 21, 2026 10:08:14 PM java.util.prefs.FileSystemPreferences checkLockFile0ErrorCode
2026-03-21 22:08:14,980 [ERROR] LogOutputStream:75 - [STDERR_REDIRECT] WARNING: Could not lock System prefs. Unix error code 5.
2026-03-21 22:08:14,980 [ERROR] LogOutputStream:75 - [STDERR_REDIRECT] 
2026-03-21 22:08:14,980 [ERROR] LogOutputStream:75 - [STDERR_REDIRECT] Mar 21, 2026 10:08:14 PM java.util.prefs.FileSystemPreferences syncWorld
2026-03-21 22:08:14,983 [ERROR] LogOutputStream:75 - [STDERR_REDIRECT] WARNING: Couldn't flush system prefs: java.util.prefs.BackingStoreException: Couldn't get file lock.
2026-03-21 22:08:14,983 [ERROR] LogOutputStream:75 - [STDERR_REDIRECT] 
2026-03-21 22:08:44,980 [ERROR] LogOutputStream:75 - [STDERR_REDIRECT] Mar 21, 2026 10:08:44 PM java.util.prefs.FileSystemPreferences checkLockFile0ErrorCode
2026-03-21 22:08:44,983 [ERROR] LogOutputStream:75 - [STDERR_REDIRECT] WARNING: Could not lock System prefs. Unix error code 5.
2026-03-21 22:08:44,983 [ERROR] LogOutputStream:75 - [STDERR_REDIRECT] 
2026-03-21 22:08:44,983 [ERROR] LogOutputStream:75 - [STDERR_REDIRECT] Mar 21, 2026 10:08:44 PM java.util.prefs.FileSystemPreferences syncWorld
2026-03-21 22:08:44,985 [ERROR] LogOutputStream:75 - [STDERR_REDIRECT] WARNING: Couldn't flush system prefs: java.util.prefs.BackingStoreException: Couldn't get file lock.
2026-03-21 22:08:44,985 [ERROR] LogOutputStream:75 - [STDERR_REDIRECT] 
2026-03-21 22:09:14,980 [ERROR] LogOutputStream:75 - [STDERR_REDIRECT] Mar 21, 2026 10:09:14 PM java.util.prefs.FileSystemPreferences checkLockFile0ErrorCode
2026-03-21 22:09:14,980 [ERROR] LogOutputStream:75 - [STDERR_REDIRECT] WARNING: Could not lock System prefs. Unix error code 5.
2026-03-21 22:09:14,980 [ERROR] LogOutputStream:75 - [STDERR_REDIRECT] 
2026-03-21 22:09:14,984 [ERROR] LogOutputStream:75 - [STDERR_REDIRECT] Mar 21, 2026 10:09:14 PM java.util.prefs.FileSystemPreferences syncWorld
2026-03-21 22:09:14,985 [ERROR] LogOutputStream:75 - [STDERR_REDIRECT] WARNING: Couldn't flush system prefs: java.util.prefs.BackingStoreException: Couldn't get file lock.
2026-03-21 22:09:14,986 [ERROR] LogOutputStream:75 - [STDERR_REDIRECT] 
2026-03-21 22:09:44,981 [ERROR] LogOutputStream:75 - [STDERR_REDIRECT] Mar 21, 2026 10:09:44 PM java.util.prefs.FileSystemPreferences checkLockFile0ErrorCode
2026-03-21 22:09:44,981 [ERROR] LogOutputStream:75 - [STDERR_REDIRECT] WARNING: Could not lock System prefs. Unix error code 5.
2026-03-21 22:09:44,982 [ERROR] LogOutputStream:75 - [STDERR_REDIRECT] 
2026-03-21 22:09:44,982 [ERROR] LogOutputStream:75 - [STDERR_REDIRECT] Mar 21, 2026 10:09:44 PM java.util.prefs.FileSystemPreferences syncWorld
2026-03-21 22:09:44,982 [ERROR] LogOutputStream:75 - [STDERR_REDIRECT] WARNING: Couldn't flush system prefs: java.util.prefs.BackingStoreException: Couldn't get file lock.
2026-03-21 22:09:44,983 [ERROR] LogOutputStream:75 - [STDERR_REDIRECT] 
2026-03-21 22:10:14,978 [ERROR] LogOutputStream:75 - [STDERR_REDIRECT] Mar 21, 2026 10:10:14 PM java.util.prefs.FileSystemPreferences checkLockFile0ErrorCode
2026-03-21 22:10:14,979 [ERROR] LogOutputStream:75 - [STDERR_REDIRECT] WARNING: Could not lock System prefs. Unix error code 5.
2026-03-21 22:10:14,979 [ERROR] LogOutputStream:75 - [STDERR_REDIRECT] 
2026-03-21 22:10:14,979 [ERROR] LogOutputStream:75 - [STDERR_REDIRECT] Mar 21, 2026 10:10:14 PM java.util.prefs.FileSystemPreferences syncWorld
2026-03-21 22:10:14,980 [ERROR] LogOutputStream:75 - [STDERR_REDIRECT] WARNING: Couldn't flush system prefs: java.util.prefs.BackingStoreException: Couldn't get file lock.
2026-03-21 22:10:14,980 [ERROR] LogOutputStream:75 - [STDERR_REDIRECT] 
2026-03-21 22:10:44,979 [ERROR] LogOutputStream:75 - [STDERR_REDIRECT] Mar 21, 2026 10:10:44 PM java.util.prefs.FileSystemPreferences checkLockFile0ErrorCode
2026-03-21 22:10:44,979 [ERROR] LogOutputStream:75 - [STDERR_REDIRECT] WARNING: Could not lock System prefs. Unix error code 5.
2026-03-21 22:10:44,979 [ERROR] LogOutputStream:75 - [STDERR_REDIRECT] 
2026-03-21 22:10:44,979 [ERROR] LogOutputStream:75 - [STDERR_REDIRECT] Mar 21, 2026 10:10:44 PM java.util.prefs.FileSystemPreferences syncWorld
2026-03-21 22:10:44,979 [ERROR] LogOutputStream:75 - [STDERR_REDIRECT] WARNING: Couldn't flush system prefs: java.util.prefs.BackingStoreException: Couldn't get file lock.
2026-03-21 22:10:44,979 [ERROR] LogOutputStream:75 - [STDERR_REDIRECT] 
2026-03-21 22:11:14,979 [ERROR] LogOutputStream:75 - [STDERR_REDIRECT] Mar 21, 2026 10:11:14 PM java.util.prefs.FileSystemPreferences checkLockFile0ErrorCode
2026-03-21 22:11:14,980 [ERROR] LogOutputStream:75 - [STDERR_REDIRECT] WARNING: Could not lock System prefs. Unix error code 5.
2026-03-21 22:11:14,980 [ERROR] LogOutputStream:75 - [STDERR_REDIRECT] 
2026-03-21 22:11:14,980 [ERROR] LogOutputStream:75 - [STDERR_REDIRECT] Mar 21, 2026 10:11:14 PM java.util.prefs.FileSystemPreferences syncWorld
2026-03-21 22:11:14,980 [ERROR] LogOutputStream:75 - [STDERR_REDIRECT] WARNING: Couldn't flush system prefs: java.util.prefs.BackingStoreException: Couldn't get file lock.
2026-03-21 22:11:14,980 [ERROR] LogOutputStream:75 - [STDERR_REDIRECT] 
2026-03-21 22:11:44,980 [ERROR] LogOutputStream:75 - [STDERR_REDIRECT] Mar 21, 2026 10:11:44 PM java.util.prefs.FileSystemPreferences checkLockFile0ErrorCode
2026-03-21 22:11:44,981 [ERROR] LogOutputStream:75 - [STDERR_REDIRECT] WARNING: Could not lock System prefs. Unix error code 5.
2026-03-21 22:11:44,981 [ERROR] LogOutputStream:75 - [STDERR_REDIRECT] 
2026-03-21 22:11:44,981 [ERROR] LogOutputStream:75 - [STDERR_REDIRECT] Mar 21, 2026 10:11:44 PM java.util.prefs.FileSystemPreferences syncWorld
2026-03-21 22:11:44,982 [ERROR] LogOutputStream:75 - [STDERR_REDIRECT] WARNING: Couldn't flush system prefs: java.util.prefs.BackingStoreException: Couldn't get file lock.
2026-03-21 22:11:44,982 [ERROR] LogOutputStream:75 - [STDERR_REDIRECT] 
2026-03-21 22:12:14,980 [ERROR] LogOutputStream:75 - [STDERR_REDIRECT] Mar 21, 2026 10:12:14 PM java.util.prefs.FileSystemPreferences checkLockFile0ErrorCode
2026-03-21 22:12:14,980 [ERROR] LogOutputStream:75 - [STDERR_REDIRECT] WARNING: Could not lock System prefs. Unix error code 5.
2026-03-21 22:12:14,981 [ERROR] LogOutputStream:75 - [STDERR_REDIRECT] 
2026-03-21 22:12:14,981 [ERROR] LogOutputStream:75 - [STDERR_REDIRECT] Mar 21, 2026 10:12:14 PM java.util.prefs.FileSystemPreferences syncWorld
2026-03-21 22:12:14,981 [ERROR] LogOutputStream:75 - [STDERR_REDIRECT] WARNING: Couldn't flush system prefs: java.util.prefs.BackingStoreException: Couldn't get file lock.
2026-03-21 22:12:14,982 [ERROR] LogOutputStream:75 - [STDERR_REDIRECT] 
2026-03-21 22:12:44,980 [ERROR] LogOutputStream:75 - [STDERR_REDIRECT] Mar 21, 2026 10:12:44 PM java.util.prefs.FileSystemPreferences checkLockFile0ErrorCode
2026-03-21 22:12:44,981 [ERROR] LogOutputStream:75 - [STDERR_REDIRECT] WARNING: Could not lock System prefs. Unix error code 5.
2026-03-21 22:12:44,981 [ERROR] LogOutputStream:75 - [STDERR_REDIRECT] 
2026-03-21 22:12:44,981 [ERROR] LogOutputStream:75 - [STDERR_REDIRECT] Mar 21, 2026 10:12:44 PM java.util.prefs.FileSystemPreferences syncWorld
2026-03-21 22:12:44,982 [ERROR] LogOutputStream:75 - [STDERR_REDIRECT] WARNING: Couldn't flush system prefs: java.util.prefs.BackingStoreException: Couldn't get file lock.
2026-03-21 22:12:44,982 [ERROR] LogOutputStream:75 - [STDERR_REDIRECT] 
2026-03-21 22:13:14,991 [ERROR] LogOutputStream:75 - [STDERR_REDIRECT] Mar 21, 2026 10:13:14 PM java.util.prefs.FileSystemPreferences checkLockFile0ErrorCode
2026-03-21 22:13:14,991 [ERROR] LogOutputStream:75 - [STDERR_REDIRECT] WARNING: Could not lock System prefs. Unix error code 5.
2026-03-21 22:13:15,002 [ERROR] LogOutputStream:75 - [STDERR_REDIRECT] 
2026-03-21 22:13:15,002 [ERROR] LogOutputStream:75 - [STDERR_REDIRECT] Mar 21, 2026 10:13:15 PM java.util.prefs.FileSystemPreferences syncWorld
2026-03-21 22:13:15,011 [ERROR] LogOutputStream:75 - [STDERR_REDIRECT] WARNING: Couldn't flush system prefs: java.util.prefs.BackingStoreException: Couldn't get file lock.
2026-03-21 22:13:15,011 [ERROR] LogOutputStream:75 - [STDERR_REDIRECT] 
2026-03-21 22:13:44,981 [ERROR] LogOutputStream:75 - [STDERR_REDIRECT] Mar 21, 2026 10:13:44 PM java.util.prefs.FileSystemPreferences checkLockFile0ErrorCode
2026-03-21 22:13:44,981 [ERROR] LogOutputStream:75 - [STDERR_REDIRECT] WARNING: Could not lock System prefs. Unix error code 5.
2026-03-21 22:13:44,981 [ERROR] LogOutputStream:75 - [STDERR_REDIRECT] 
2026-03-21 22:13:44,982 [ERROR] LogOutputStream:75 - [STDERR_REDIRECT] Mar 21, 2026 10:13:44 PM java.util.prefs.FileSystemPreferences syncWorld
2026-03-21 22:13:44,982 [ERROR] LogOutputStream:75 - [STDERR_REDIRECT] WARNING: Couldn't flush system prefs: java.util.prefs.BackingStoreException: Couldn't get file lock.
2026-03-21 22:13:44,982 [ERROR] LogOutputStream:75 - [STDERR_REDIRECT] 
2026-03-21 22:14:14,981 [ERROR] LogOutputStream:75 - [STDERR_REDIRECT] Mar 21, 2026 10:14:14 PM java.util.prefs.FileSystemPreferences checkLockFile0ErrorCode
2026-03-21 22:14:14,981 [ERROR] LogOutputStream:75 - [STDERR_REDIRECT] WARNING: Could not lock System prefs. Unix error code 5.
2026-03-21 22:14:14,981 [ERROR] LogOutputStream:75 - [STDERR_REDIRECT] 
2026-03-21 22:14:14,981 [ERROR] LogOutputStream:75 - [STDERR_REDIRECT] Mar 21, 2026 10:14:14 PM java.util.prefs.FileSystemPreferences syncWorld
2026-03-21 22:14:14,982 [ERROR] LogOutputStream:75 - [STDERR_REDIRECT] WARNING: Couldn't flush system prefs: java.util.prefs.BackingStoreException: Couldn't get file lock.
2026-03-21 22:14:14,982 [ERROR] LogOutputStream:75 - [STDERR_REDIRECT] 
2026-03-21 22:14:44,980 [ERROR] LogOutputStream:75 - [STDERR_REDIRECT] Mar 21, 2026 10:14:44 PM java.util.prefs.FileSystemPreferences checkLockFile0ErrorCode
2026-03-21 22:14:44,981 [ERROR] LogOutputStream:75 - [STDERR_REDIRECT] WARNING: Could not lock System prefs. Unix error code 5.
2026-03-21 22:14:44,981 [ERROR] LogOutputStream:75 - [STDERR_REDIRECT] 
2026-03-21 22:14:44,981 [ERROR] LogOutputStream:75 - [STDERR_REDIRECT] Mar 21, 2026 10:14:44 PM java.util.prefs.FileSystemPreferences syncWorld
2026-03-21 22:14:44,981 [ERROR] LogOutputStream:75 - [STDERR_REDIRECT] WARNING: Couldn't flush system prefs: java.util.prefs.BackingStoreException: Couldn't get file lock.
2026-03-21 22:14:44,981 [ERROR] LogOutputStream:75 - [STDERR_REDIRECT] 
2026-03-21 22:15:14,981 [ERROR] LogOutputStream:75 - [STDERR_REDIRECT] Mar 21, 2026 10:15:14 PM java.util.prefs.FileSystemPreferences checkLockFile0ErrorCode
2026-03-21 22:15:14,981 [ERROR] LogOutputStream:75 - [STDERR_REDIRECT] WARNING: Could not lock System prefs. Unix error code 5.
2026-03-21 22:15:14,981 [ERROR] LogOutputStream:75 - [STDERR_REDIRECT] 
2026-03-21 22:15:14,982 [ERROR] LogOutputStream:75 - [STDERR_REDIRECT] Mar 21, 2026 10:15:14 PM java.util.prefs.FileSystemPreferences syncWorld
2026-03-21 22:15:14,982 [ERROR] LogOutputStream:75 - [STDERR_REDIRECT] WARNING: Couldn't flush system prefs: java.util.prefs.BackingStoreException: Couldn't get file lock.
2026-03-21 22:15:14,982 [ERROR] LogOutputStream:75 - [STDERR_REDIRECT] 
2026-03-21 22:15:44,981 [ERROR] LogOutputStream:75 - [STDERR_REDIRECT] Mar 21, 2026 10:15:44 PM java.util.prefs.FileSystemPreferences checkLockFile0ErrorCode
2026-03-21 22:15:44,981 [ERROR] LogOutputStream:75 - [STDERR_REDIRECT] WARNING: Could not lock System prefs. Unix error code 5.
2026-03-21 22:15:44,981 [ERROR] LogOutputStream:75 - [STDERR_REDIRECT] 
2026-03-21 22:15:44,981 [ERROR] LogOutputStream:75 - [STDERR_REDIRECT] Mar 21, 2026 10:15:44 PM java.util.prefs.FileSystemPreferences syncWorld
2026-03-21 22:15:44,981 [ERROR] LogOutputStream:75 - [STDERR_REDIRECT] WARNING: Couldn't flush system prefs: java.util.prefs.BackingStoreException: Couldn't get file lock.
2026-03-21 22:15:44,982 [ERROR] LogOutputStream:75 - [STDERR_REDIRECT] 
2026-03-21 22:16:14,982 [ERROR] LogOutputStream:75 - [STDERR_REDIRECT] Mar 21, 2026 10:16:14 PM java.util.prefs.FileSystemPreferences checkLockFile0ErrorCode
2026-03-21 22:16:14,982 [ERROR] LogOutputStream:75 - [STDERR_REDIRECT] WARNING: Could not lock System prefs. Unix error code 5.
2026-03-21 22:16:14,983 [ERROR] LogOutputStream:75 - [STDERR_REDIRECT] 
2026-03-21 22:16:14,985 [ERROR] LogOutputStream:75 - [STDERR_REDIRECT] Mar 21, 2026 10:16:14 PM java.util.prefs.FileSystemPreferences syncWorld
2026-03-21 22:16:14,985 [ERROR] LogOutputStream:75 - [STDERR_REDIRECT] WARNING: Couldn't flush system prefs: java.util.prefs.BackingStoreException: Couldn't get file lock.
2026-03-21 22:16:14,985 [ERROR] LogOutputStream:75 - [STDERR_REDIRECT] 
2026-03-21 22:16:44,981 [ERROR] LogOutputStream:75 - [STDERR_REDIRECT] Mar 21, 2026 10:16:44 PM java.util.prefs.FileSystemPreferences checkLockFile0ErrorCode
2026-03-21 22:16:44,981 [ERROR] LogOutputStream:75 - [STDERR_REDIRECT] WARNING: Could not lock System prefs. Unix error code 5.
2026-03-21 22:16:44,981 [ERROR] LogOutputStream:75 - [STDERR_REDIRECT] 
2026-03-21 22:16:44,982 [ERROR] LogOutputStream:75 - [STDERR_REDIRECT] Mar 21, 2026 10:16:44 PM java.util.prefs.FileSystemPreferences syncWorld
2026-03-21 22:16:44,982 [ERROR] LogOutputStream:75 - [STDERR_REDIRECT] WARNING: Couldn't flush system prefs: java.util.prefs.BackingStoreException: Couldn't get file lock.
2026-03-21 22:16:44,982 [ERROR] LogOutputStream:75 - [STDERR_REDIRECT] 
2026-03-21 22:17:14,982 [ERROR] LogOutputStream:75 - [STDERR_REDIRECT] Mar 21, 2026 10:17:14 PM java.util.prefs.FileSystemPreferences checkLockFile0ErrorCode
2026-03-21 22:17:14,983 [ERROR] LogOutputStream:75 - [STDERR_REDIRECT] WARNING: Could not lock System prefs. Unix error code 5.
2026-03-21 22:17:14,983 [ERROR] LogOutputStream:75 - [STDERR_REDIRECT] 
2026-03-21 22:17:14,983 [ERROR] LogOutputStream:75 - [STDERR_REDIRECT] Mar 21, 2026 10:17:14 PM java.util.prefs.FileSystemPreferences syncWorld
2026-03-21 22:17:14,984 [ERROR] LogOutputStream:75 - [STDERR_REDIRECT] WARNING: Couldn't flush system prefs: java.util.prefs.BackingStoreException: Couldn't get file lock.
2026-03-21 22:17:14,984 [ERROR] LogOutputStream:75 - [STDERR_REDIRECT] 
2026-03-21 22:17:44,982 [ERROR] LogOutputStream:75 - [STDERR_REDIRECT] Mar 21, 2026 10:17:44 PM java.util.prefs.FileSystemPreferences checkLockFile0ErrorCode
2026-03-21 22:17:44,982 [ERROR] LogOutputStream:75 - [STDERR_REDIRECT] WARNING: Could not lock System prefs. Unix error code 5.
2026-03-21 22:17:44,982 [ERROR] LogOutputStream:75 - [STDERR_REDIRECT] 
2026-03-21 22:17:44,982 [ERROR] LogOutputStream:75 - [STDERR_REDIRECT] Mar 21, 2026 10:17:44 PM java.util.prefs.FileSystemPreferences syncWorld
2026-03-21 22:17:44,983 [ERROR] LogOutputStream:75 - [STDERR_REDIRECT] WARNING: Couldn't flush system prefs: java.util.prefs.BackingStoreException: Couldn't get file lock.
2026-03-21 22:17:44,983 [ERROR] LogOutputStream:75 - [STDERR_REDIRECT] 
2026-03-21 22:18:14,982 [ERROR] LogOutputStream:75 - [STDERR_REDIRECT] Mar 21, 2026 10:18:14 PM java.util.prefs.FileSystemPreferences checkLockFile0ErrorCode
2026-03-21 22:18:14,982 [ERROR] LogOutputStream:75 - [STDERR_REDIRECT] WARNING: Could not lock System prefs. Unix error code 5.
2026-03-21 22:18:14,982 [ERROR] LogOutputStream:75 - [STDERR_REDIRECT] 
2026-03-21 22:18:14,983 [ERROR] LogOutputStream:75 - [STDERR_REDIRECT] Mar 21, 2026 10:18:14 PM java.util.prefs.FileSystemPreferences syncWorld
2026-03-21 22:18:14,983 [ERROR] LogOutputStream:75 - [STDERR_REDIRECT] WARNING: Couldn't flush system prefs: java.util.prefs.BackingStoreException: Couldn't get file lock.
2026-03-21 22:18:14,983 [ERROR] LogOutputStream:75 - [STDERR_REDIRECT] 
2026-03-21 22:18:44,982 [ERROR] LogOutputStream:75 - [STDERR_REDIRECT] Mar 21, 2026 10:18:44 PM java.util.prefs.FileSystemPreferences checkLockFile0ErrorCode
2026-03-21 22:18:44,983 [ERROR] LogOutputStream:75 - [STDERR_REDIRECT] WARNING: Could not lock System prefs. Unix error code 5.
2026-03-21 22:18:44,984 [ERROR] LogOutputStream:75 - [STDERR_REDIRECT] 
2026-03-21 22:18:44,986 [ERROR] LogOutputStream:75 - [STDERR_REDIRECT] Mar 21, 2026 10:18:44 PM java.util.prefs.FileSystemPreferences syncWorld
2026-03-21 22:18:44,986 [ERROR] LogOutputStream:75 - [STDERR_REDIRECT] WARNING: Couldn't flush system prefs: java.util.prefs.BackingStoreException: Couldn't get file lock.
2026-03-21 22:18:44,986 [ERROR] LogOutputStream:75 - [STDERR_REDIRECT] 
2026-03-21 22:19:14,982 [ERROR] LogOutputStream:75 - [STDERR_REDIRECT] Mar 21, 2026 10:19:14 PM java.util.prefs.FileSystemPreferences checkLockFile0ErrorCode
2026-03-21 22:19:14,982 [ERROR] LogOutputStream:75 - [STDERR_REDIRECT] WARNING: Could not lock System prefs. Unix error code 5.
2026-03-21 22:19:14,982 [ERROR] LogOutputStream:75 - [STDERR_REDIRECT] 
2026-03-21 22:19:14,983 [ERROR] LogOutputStream:75 - [STDERR_REDIRECT] Mar 21, 2026 10:19:14 PM java.util.prefs.FileSystemPreferences syncWorld
2026-03-21 22:19:14,983 [ERROR] LogOutputStream:75 - [STDERR_REDIRECT] WARNING: Couldn't flush system prefs: java.util.prefs.BackingStoreException: Couldn't get file lock.
2026-03-21 22:19:14,983 [ERROR] LogOutputStream:75 - [STDERR_REDIRECT] 
2026-03-21 22:19:44,983 [ERROR] LogOutputStream:75 - [STDERR_REDIRECT] Mar 21, 2026 10:19:44 PM java.util.prefs.FileSystemPreferences checkLockFile0ErrorCode
2026-03-21 22:19:44,983 [ERROR] LogOutputStream:75 - [STDERR_REDIRECT] WARNING: Could not lock System prefs. Unix error code 5.
2026-03-21 22:19:44,985 [ERROR] LogOutputStream:75 - [STDERR_REDIRECT] 
2026-03-21 22:19:44,987 [ERROR] LogOutputStream:75 - [STDERR_REDIRECT] Mar 21, 2026 10:19:44 PM java.util.prefs.FileSystemPreferences syncWorld
2026-03-21 22:19:44,987 [ERROR] LogOutputStream:75 - [STDERR_REDIRECT] WARNING: Couldn't flush system prefs: java.util.prefs.BackingStoreException: Couldn't get file lock.
2026-03-21 22:19:44,987 [ERROR] LogOutputStream:75 - [STDERR_REDIRECT] 
2026-03-21 22:20:14,986 [ERROR] LogOutputStream:75 - [STDERR_REDIRECT] Mar 21, 2026 10:20:14 PM java.util.prefs.FileSystemPreferences checkLockFile0ErrorCode
2026-03-21 22:20:14,986 [ERROR] LogOutputStream:75 - [STDERR_REDIRECT] WARNING: Could not lock System prefs. Unix error code 5.
2026-03-21 22:20:14,987 [ERROR] LogOutputStream:75 - [STDERR_REDIRECT] 
2026-03-21 22:20:14,987 [ERROR] LogOutputStream:75 - [STDERR_REDIRECT] Mar 21, 2026 10:20:14 PM java.util.prefs.FileSystemPreferences syncWorld
2026-03-21 22:20:14,987 [ERROR] LogOutputStream:75 - [STDERR_REDIRECT] WARNING: Couldn't flush system prefs: java.util.prefs.BackingStoreException: Couldn't get file lock.
2026-03-21 22:20:14,987 [ERROR] LogOutputStream:75 - [STDERR_REDIRECT] 
2026-03-21 22:20:44,985 [ERROR] LogOutputStream:75 - [STDERR_REDIRECT] Mar 21, 2026 10:20:44 PM java.util.prefs.FileSystemPreferences checkLockFile0ErrorCode
2026-03-21 22:20:44,985 [ERROR] LogOutputStream:75 - [STDERR_REDIRECT] WARNING: Could not lock System prefs. Unix error code 5.
2026-03-21 22:20:44,985 [ERROR] LogOutputStream:75 - [STDERR_REDIRECT] 
2026-03-21 22:20:44,986 [ERROR] LogOutputStream:75 - [STDERR_REDIRECT] Mar 21, 2026 10:20:44 PM java.util.prefs.FileSystemPreferences syncWorld
2026-03-21 22:20:44,986 [ERROR] LogOutputStream:75 - [STDERR_REDIRECT] WARNING: Couldn't flush system prefs: java.util.prefs.BackingStoreException: Couldn't get file lock.
2026-03-21 22:20:44,986 [ERROR] LogOutputStream:75 - [STDERR_REDIRECT] 
2026-03-21 22:21:14,984 [ERROR] LogOutputStream:75 - [STDERR_REDIRECT] Mar 21, 2026 10:21:14 PM java.util.prefs.FileSystemPreferences checkLockFile0ErrorCode
2026-03-21 22:21:14,985 [ERROR] LogOutputStream:75 - [STDERR_REDIRECT] WARNING: Could not lock System prefs. Unix error code 5.
2026-03-21 22:21:14,985 [ERROR] LogOutputStream:75 - [STDERR_REDIRECT] 
2026-03-21 22:21:14,985 [ERROR] LogOutputStream:75 - [STDERR_REDIRECT] Mar 21, 2026 10:21:14 PM java.util.prefs.FileSystemPreferences syncWorld
2026-03-21 22:21:14,986 [ERROR] LogOutputStream:75 - [STDERR_REDIRECT] WARNING: Couldn't flush system prefs: java.util.prefs.BackingStoreException: Couldn't get file lock.
2026-03-21 22:21:14,986 [ERROR] LogOutputStream:75 - [STDERR_REDIRECT] 
2026-03-21 22:21:44,983 [ERROR] LogOutputStream:75 - [STDERR_REDIRECT] Mar 21, 2026 10:21:44 PM java.util.prefs.FileSystemPreferences checkLockFile0ErrorCode
2026-03-21 22:21:44,984 [ERROR] LogOutputStream:75 - [STDERR_REDIRECT] WARNING: Could not lock System prefs. Unix error code 5.
2026-03-21 22:21:44,984 [ERROR] LogOutputStream:75 - [STDERR_REDIRECT] 
2026-03-21 22:21:44,984 [ERROR] LogOutputStream:75 - [STDERR_REDIRECT] Mar 21, 2026 10:21:44 PM java.util.prefs.FileSystemPreferences syncWorld
2026-03-21 22:21:44,984 [ERROR] LogOutputStream:75 - [STDERR_REDIRECT] WARNING: Couldn't flush system prefs: java.util.prefs.BackingStoreException: Couldn't get file lock.
2026-03-21 22:21:44,984 [ERROR] LogOutputStream:75 - [STDERR_REDIRECT] 
2026-03-21 22:22:14,984 [ERROR] LogOutputStream:75 - [STDERR_REDIRECT] Mar 21, 2026 10:22:14 PM java.util.prefs.FileSystemPreferences checkLockFile0ErrorCode
2026-03-21 22:22:14,984 [ERROR] LogOutputStream:75 - [STDERR_REDIRECT] WARNING: Could not lock System prefs. Unix error code 5.
2026-03-21 22:22:14,984 [ERROR] LogOutputStream:75 - [STDERR_REDIRECT] 
2026-03-21 22:22:14,985 [ERROR] LogOutputStream:75 - [STDERR_REDIRECT] Mar 21, 2026 10:22:14 PM java.util.prefs.FileSystemPreferences syncWorld
2026-03-21 22:22:14,985 [ERROR] LogOutputStream:75 - [STDERR_REDIRECT] WARNING: Couldn't flush system prefs: java.util.prefs.BackingStoreException: Couldn't get file lock.
2026-03-21 22:22:14,986 [ERROR] LogOutputStream:75 - [STDERR_REDIRECT] 
2026-03-21 22:22:44,983 [ERROR] LogOutputStream:75 - [STDERR_REDIRECT] Mar 21, 2026 10:22:44 PM java.util.prefs.FileSystemPreferences checkLockFile0ErrorCode
2026-03-21 22:22:44,984 [ERROR] LogOutputStream:75 - [STDERR_REDIRECT] WARNING: Could not lock System prefs. Unix error code 5.
2026-03-21 22:22:44,984 [ERROR] LogOutputStream:75 - [STDERR_REDIRECT] 
2026-03-21 22:22:44,985 [ERROR] LogOutputStream:75 - [STDERR_REDIRECT] Mar 21, 2026 10:22:44 PM java.util.prefs.FileSystemPreferences syncWorld
2026-03-21 22:22:44,985 [ERROR] LogOutputStream:75 - [STDERR_REDIRECT] WARNING: Couldn't flush system prefs: java.util.prefs.BackingStoreException: Couldn't get file lock.
2026-03-21 22:22:44,985 [ERROR] LogOutputStream:75 - [STDERR_REDIRECT] 
2026-03-21 22:23:14,985 [ERROR] LogOutputStream:75 - [STDERR_REDIRECT] Mar 21, 2026 10:23:14 PM java.util.prefs.FileSystemPreferences checkLockFile0ErrorCode
2026-03-21 22:23:14,985 [ERROR] LogOutputStream:75 - [STDERR_REDIRECT] WARNING: Could not lock System prefs. Unix error code 5.
2026-03-21 22:23:14,985 [ERROR] LogOutputStream:75 - [STDERR_REDIRECT] 
2026-03-21 22:23:14,985 [ERROR] LogOutputStream:75 - [STDERR_REDIRECT] Mar 21, 2026 10:23:14 PM java.util.prefs.FileSystemPreferences syncWorld
2026-03-21 22:23:14,985 [ERROR] LogOutputStream:75 - [STDERR_REDIRECT] WARNING: Couldn't flush system prefs: java.util.prefs.BackingStoreException: Couldn't get file lock.
2026-03-21 22:23:14,985 [ERROR] LogOutputStream:75 - [STDERR_REDIRECT] 
2026-03-21 22:23:44,985 [ERROR] LogOutputStream:75 - [STDERR_REDIRECT] Mar 21, 2026 10:23:44 PM java.util.prefs.FileSystemPreferences checkLockFile0ErrorCode
2026-03-21 22:23:44,986 [ERROR] LogOutputStream:75 - [STDERR_REDIRECT] WARNING: Could not lock System prefs. Unix error code 5.
2026-03-21 22:23:44,986 [ERROR] LogOutputStream:75 - [STDERR_REDIRECT] 
2026-03-21 22:23:44,986 [ERROR] LogOutputStream:75 - [STDERR_REDIRECT] Mar 21, 2026 10:23:44 PM java.util.prefs.FileSystemPreferences syncWorld
2026-03-21 22:23:44,986 [ERROR] LogOutputStream:75 - [STDERR_REDIRECT] WARNING: Couldn't flush system prefs: java.util.prefs.BackingStoreException: Couldn't get file lock.
2026-03-21 22:23:44,986 [ERROR] LogOutputStream:75 - [STDERR_REDIRECT] 
2026-03-21 22:24:14,985 [ERROR] LogOutputStream:75 - [STDERR_REDIRECT] Mar 21, 2026 10:24:14 PM java.util.prefs.FileSystemPreferences checkLockFile0ErrorCode
2026-03-21 22:24:14,987 [ERROR] LogOutputStream:75 - [STDERR_REDIRECT] WARNING: Could not lock System prefs. Unix error code 31861.
2026-03-21 22:24:14,987 [ERROR] LogOutputStream:75 - [STDERR_REDIRECT] 
2026-03-21 22:24:14,988 [ERROR] LogOutputStream:75 - [STDERR_REDIRECT] Mar 21, 2026 10:24:14 PM java.util.prefs.FileSystemPreferences syncWorld
2026-03-21 22:24:14,988 [ERROR] LogOutputStream:75 - [STDERR_REDIRECT] WARNING: Couldn't flush system prefs: java.util.prefs.BackingStoreException: Couldn't get file lock.
2026-03-21 22:24:14,988 [ERROR] LogOutputStream:75 - [STDERR_REDIRECT] 
2026-03-21 22:24:44,985 [ERROR] LogOutputStream:75 - [STDERR_REDIRECT] Mar 21, 2026 10:24:44 PM java.util.prefs.FileSystemPreferences checkLockFile0ErrorCode
2026-03-21 22:24:44,985 [ERROR] LogOutputStream:75 - [STDERR_REDIRECT] WARNING: Could not lock System prefs. Unix error code 31861.
2026-03-21 22:24:44,985 [ERROR] LogOutputStream:75 - [STDERR_REDIRECT] 
2026-03-21 22:24:44,986 [ERROR] LogOutputStream:75 - [STDERR_REDIRECT] Mar 21, 2026 10:24:44 PM java.util.prefs.FileSystemPreferences syncWorld
2026-03-21 22:24:44,987 [ERROR] LogOutputStream:75 - [STDERR_REDIRECT] WARNING: Couldn't flush system prefs: java.util.prefs.BackingStoreException: Couldn't get file lock.
2026-03-21 22:24:44,988 [ERROR] LogOutputStream:75 - [STDERR_REDIRECT] 
2026-03-21 22:25:14,986 [ERROR] LogOutputStream:75 - [STDERR_REDIRECT] Mar 21, 2026 10:25:14 PM java.util.prefs.FileSystemPreferences checkLockFile0ErrorCode
2026-03-21 22:25:14,986 [ERROR] LogOutputStream:75 - [STDERR_REDIRECT] WARNING: Could not lock System prefs. Unix error code 31861.
2026-03-21 22:25:14,986 [ERROR] LogOutputStream:75 - [STDERR_REDIRECT] 
2026-03-21 22:25:14,986 [ERROR] LogOutputStream:75 - [STDERR_REDIRECT] Mar 21, 2026 10:25:14 PM java.util.prefs.FileSystemPreferences syncWorld
2026-03-21 22:25:14,989 [ERROR] LogOutputStream:75 - [STDERR_REDIRECT] WARNING: Couldn't flush system prefs: java.util.prefs.BackingStoreException: Couldn't get file lock.
2026-03-21 22:25:14,989 [ERROR] LogOutputStream:75 - [STDERR_REDIRECT] 
2026-03-21 22:25:44,985 [ERROR] LogOutputStream:75 - [STDERR_REDIRECT] Mar 21, 2026 10:25:44 PM java.util.prefs.FileSystemPreferences checkLockFile0ErrorCode
2026-03-21 22:25:44,985 [ERROR] LogOutputStream:75 - [STDERR_REDIRECT] WARNING: Could not lock System prefs. Unix error code 31861.
2026-03-21 22:25:44,985 [ERROR] LogOutputStream:75 - [STDERR_REDIRECT] 
2026-03-21 22:25:44,986 [ERROR] LogOutputStream:75 - [STDERR_REDIRECT] Mar 21, 2026 10:25:44 PM java.util.prefs.FileSystemPreferences syncWorld
2026-03-21 22:25:44,986 [ERROR] LogOutputStream:75 - [STDERR_REDIRECT] WARNING: Couldn't flush system prefs: java.util.prefs.BackingStoreException: Couldn't get file lock.
2026-03-21 22:25:44,986 [ERROR] LogOutputStream:75 - [STDERR_REDIRECT] 
2026-03-21 22:26:14,985 [ERROR] LogOutputStream:75 - [STDERR_REDIRECT] Mar 21, 2026 10:26:14 PM java.util.prefs.FileSystemPreferences checkLockFile0ErrorCode
2026-03-21 22:26:14,985 [ERROR] LogOutputStream:75 - [STDERR_REDIRECT] WARNING: Could not lock System prefs. Unix error code 31861.
2026-03-21 22:26:14,985 [ERROR] LogOutputStream:75 - [STDERR_REDIRECT] 
2026-03-21 22:26:14,987 [ERROR] LogOutputStream:75 - [STDERR_REDIRECT] Mar 21, 2026 10:26:14 PM java.util.prefs.FileSystemPreferences syncWorld
2026-03-21 22:26:14,987 [ERROR] LogOutputStream:75 - [STDERR_REDIRECT] WARNING: Couldn't flush system prefs: java.util.prefs.BackingStoreException: Couldn't get file lock.
2026-03-21 22:26:14,987 [ERROR] LogOutputStream:75 - [STDERR_REDIRECT] 
2026-03-21 22:26:44,984 [ERROR] LogOutputStream:75 - [STDERR_REDIRECT] Mar 21, 2026 10:26:44 PM java.util.prefs.FileSystemPreferences checkLockFile0ErrorCode
2026-03-21 22:26:44,985 [ERROR] LogOutputStream:75 - [STDERR_REDIRECT] WARNING: Could not lock System prefs. Unix error code 31861.
2026-03-21 22:26:44,985 [ERROR] LogOutputStream:75 - [STDERR_REDIRECT] 
2026-03-21 22:26:44,985 [ERROR] LogOutputStream:75 - [STDERR_REDIRECT] Mar 21, 2026 10:26:44 PM java.util.prefs.FileSystemPreferences syncWorld
2026-03-21 22:26:44,985 [ERROR] LogOutputStream:75 - [STDERR_REDIRECT] WARNING: Couldn't flush system prefs: java.util.prefs.BackingStoreException: Couldn't get file lock.
2026-03-21 22:26:44,985 [ERROR] LogOutputStream:75 - [STDERR_REDIRECT] 
2026-03-21 22:27:14,985 [ERROR] LogOutputStream:75 - [STDERR_REDIRECT] Mar 21, 2026 10:27:14 PM java.util.prefs.FileSystemPreferences checkLockFile0ErrorCode
2026-03-21 22:27:14,986 [ERROR] LogOutputStream:75 - [STDERR_REDIRECT] WARNING: Could not lock System prefs. Unix error code 31861.
2026-03-21 22:27:14,986 [ERROR] LogOutputStream:75 - [STDERR_REDIRECT] 
2026-03-21 22:27:14,986 [ERROR] LogOutputStream:75 - [STDERR_REDIRECT] Mar 21, 2026 10:27:14 PM java.util.prefs.FileSystemPreferences syncWorld
2026-03-21 22:27:14,986 [ERROR] LogOutputStream:75 - [STDERR_REDIRECT] WARNING: Couldn't flush system prefs: java.util.prefs.BackingStoreException: Couldn't get file lock.
2026-03-21 22:27:14,986 [ERROR] LogOutputStream:75 - [STDERR_REDIRECT] 
2026-03-21 22:27:44,985 [ERROR] LogOutputStream:75 - [STDERR_REDIRECT] Mar 21, 2026 10:27:44 PM java.util.prefs.FileSystemPreferences checkLockFile0ErrorCode
2026-03-21 22:27:44,985 [ERROR] LogOutputStream:75 - [STDERR_REDIRECT] WARNING: Could not lock System prefs. Unix error code 31861.
2026-03-21 22:27:44,985 [ERROR] LogOutputStream:75 - [STDERR_REDIRECT] 
2026-03-21 22:27:44,986 [ERROR] LogOutputStream:75 - [STDERR_REDIRECT] Mar 21, 2026 10:27:44 PM java.util.prefs.FileSystemPreferences syncWorld
2026-03-21 22:27:44,986 [ERROR] LogOutputStream:75 - [STDERR_REDIRECT] WARNING: Couldn't flush system prefs: java.util.prefs.BackingStoreException: Couldn't get file lock.
2026-03-21 22:27:44,986 [ERROR] LogOutputStream:75 - [STDERR_REDIRECT] 
2026-03-21 22:28:14,985 [ERROR] LogOutputStream:75 - [STDERR_REDIRECT] Mar 21, 2026 10:28:14 PM java.util.prefs.FileSystemPreferences checkLockFile0ErrorCode
2026-03-21 22:28:14,985 [ERROR] LogOutputStream:75 - [STDERR_REDIRECT] WARNING: Could not lock System prefs. Unix error code 31861.
2026-03-21 22:28:14,985 [ERROR] LogOutputStream:75 - [STDERR_REDIRECT] 
2026-03-21 22:28:14,986 [ERROR] LogOutputStream:75 - [STDERR_REDIRECT] Mar 21, 2026 10:28:14 PM java.util.prefs.FileSystemPreferences syncWorld
2026-03-21 22:28:14,986 [ERROR] LogOutputStream:75 - [STDERR_REDIRECT] WARNING: Couldn't flush system prefs: java.util.prefs.BackingStoreException: Couldn't get file lock.
2026-03-21 22:28:14,986 [ERROR] LogOutputStream:75 - [STDERR_REDIRECT] 
2026-03-21 22:28:44,986 [ERROR] LogOutputStream:75 - [STDERR_REDIRECT] Mar 21, 2026 10:28:44 PM java.util.prefs.FileSystemPreferences checkLockFile0ErrorCode
2026-03-21 22:28:44,986 [ERROR] LogOutputStream:75 - [STDERR_REDIRECT] WARNING: Could not lock System prefs. Unix error code 31861.
2026-03-21 22:28:44,986 [ERROR] LogOutputStream:75 - [STDERR_REDIRECT] 
2026-03-21 22:28:44,989 [ERROR] LogOutputStream:75 - [STDERR_REDIRECT] Mar 21, 2026 10:28:44 PM java.util.prefs.FileSystemPreferences syncWorld
2026-03-21 22:28:44,990 [ERROR] LogOutputStream:75 - [STDERR_REDIRECT] WARNING: Couldn't flush system prefs: java.util.prefs.BackingStoreException: Couldn't get file lock.
2026-03-21 22:28:44,991 [ERROR] LogOutputStream:75 - [STDERR_REDIRECT] 
2026-03-21 22:29:14,986 [ERROR] LogOutputStream:75 - [STDERR_REDIRECT] Mar 21, 2026 10:29:14 PM java.util.prefs.FileSystemPreferences checkLockFile0ErrorCode
2026-03-21 22:29:14,986 [ERROR] LogOutputStream:75 - [STDERR_REDIRECT] WARNING: Could not lock System prefs. Unix error code 31861.
2026-03-21 22:29:14,986 [ERROR] LogOutputStream:75 - [STDERR_REDIRECT] 
2026-03-21 22:29:14,986 [ERROR] LogOutputStream:75 - [STDERR_REDIRECT] Mar 21, 2026 10:29:14 PM java.util.prefs.FileSystemPreferences syncWorld
2026-03-21 22:29:14,989 [ERROR] LogOutputStream:75 - [STDERR_REDIRECT] WARNING: Couldn't flush system prefs: java.util.prefs.BackingStoreException: Couldn't get file lock.
2026-03-21 22:29:14,989 [ERROR] LogOutputStream:75 - [STDERR_REDIRECT] 
2026-03-21 22:29:44,988 [ERROR] LogOutputStream:75 - [STDERR_REDIRECT] Mar 21, 2026 10:29:44 PM java.util.prefs.FileSystemPreferences checkLockFile0ErrorCode
2026-03-21 22:29:44,988 [ERROR] LogOutputStream:75 - [STDERR_REDIRECT] WARNING: Could not lock System prefs. Unix error code 31861.
2026-03-21 22:29:44,989 [ERROR] LogOutputStream:75 - [STDERR_REDIRECT] 
2026-03-21 22:29:44,989 [ERROR] LogOutputStream:75 - [STDERR_REDIRECT] Mar 21, 2026 10:29:44 PM java.util.prefs.FileSystemPreferences syncWorld
2026-03-21 22:29:44,989 [ERROR] LogOutputStream:75 - [STDERR_REDIRECT] WARNING: Couldn't flush system prefs: java.util.prefs.BackingStoreException: Couldn't get file lock.
2026-03-21 22:29:44,989 [ERROR] LogOutputStream:75 - [STDERR_REDIRECT] 
2026-03-21 22:30:14,986 [ERROR] LogOutputStream:75 - [STDERR_REDIRECT] Mar 21, 2026 10:30:14 PM java.util.prefs.FileSystemPreferences checkLockFile0ErrorCode
2026-03-21 22:30:14,986 [ERROR] LogOutputStream:75 - [STDERR_REDIRECT] WARNING: Could not lock System prefs. Unix error code 31861.
2026-03-21 22:30:14,986 [ERROR] LogOutputStream:75 - [STDERR_REDIRECT] 
2026-03-21 22:30:14,986 [ERROR] LogOutputStream:75 - [STDERR_REDIRECT] Mar 21, 2026 10:30:14 PM java.util.prefs.FileSystemPreferences syncWorld
2026-03-21 22:30:14,986 [ERROR] LogOutputStream:75 - [STDERR_REDIRECT] WARNING: Couldn't flush system prefs: java.util.prefs.BackingStoreException: Couldn't get file lock.
2026-03-21 22:30:14,987 [ERROR] LogOutputStream:75 - [STDERR_REDIRECT] 
2026-03-21 22:30:44,986 [ERROR] LogOutputStream:75 - [STDERR_REDIRECT] Mar 21, 2026 10:30:44 PM java.util.prefs.FileSystemPreferences checkLockFile0ErrorCode
2026-03-21 22:30:44,986 [ERROR] LogOutputStream:75 - [STDERR_REDIRECT] WARNING: Could not lock System prefs. Unix error code 31861.
2026-03-21 22:30:44,986 [ERROR] LogOutputStream:75 - [STDERR_REDIRECT] 
2026-03-21 22:30:44,986 [ERROR] LogOutputStream:75 - [STDERR_REDIRECT] Mar 21, 2026 10:30:44 PM java.util.prefs.FileSystemPreferences syncWorld
2026-03-21 22:30:44,986 [ERROR] LogOutputStream:75 - [STDERR_REDIRECT] WARNING: Couldn't flush system prefs: java.util.prefs.BackingStoreException: Couldn't get file lock.
2026-03-21 22:30:44,987 [ERROR] LogOutputStream:75 - [STDERR_REDIRECT] 
2026-03-21 22:31:14,987 [ERROR] LogOutputStream:75 - [STDERR_REDIRECT] Mar 21, 2026 10:31:14 PM java.util.prefs.FileSystemPreferences checkLockFile0ErrorCode
2026-03-21 22:31:14,987 [ERROR] LogOutputStream:75 - [STDERR_REDIRECT] WARNING: Could not lock System prefs. Unix error code 31861.
2026-03-21 22:31:14,987 [ERROR] LogOutputStream:75 - [STDERR_REDIRECT] 
2026-03-21 22:31:14,988 [ERROR] LogOutputStream:75 - [STDERR_REDIRECT] Mar 21, 2026 10:31:14 PM java.util.prefs.FileSystemPreferences syncWorld
2026-03-21 22:31:14,988 [ERROR] LogOutputStream:75 - [STDERR_REDIRECT] WARNING: Couldn't flush system prefs: java.util.prefs.BackingStoreException: Couldn't get file lock.
2026-03-21 22:31:14,988 [ERROR] LogOutputStream:75 - [STDERR_REDIRECT] 
2026-03-21 22:31:44,985 [ERROR] LogOutputStream:75 - [STDERR_REDIRECT] Mar 21, 2026 10:31:44 PM java.util.prefs.FileSystemPreferences checkLockFile0ErrorCode
2026-03-21 22:31:44,986 [ERROR] LogOutputStream:75 - [STDERR_REDIRECT] WARNING: Could not lock System prefs. Unix error code 31861.
2026-03-21 22:31:44,986 [ERROR] LogOutputStream:75 - [STDERR_REDIRECT] 
2026-03-21 22:31:44,987 [ERROR] LogOutputStream:75 - [STDERR_REDIRECT] Mar 21, 2026 10:31:44 PM java.util.prefs.FileSystemPreferences syncWorld
2026-03-21 22:31:44,987 [ERROR] LogOutputStream:75 - [STDERR_REDIRECT] WARNING: Couldn't flush system prefs: java.util.prefs.BackingStoreException: Couldn't get file lock.
2026-03-21 22:31:44,987 [ERROR] LogOutputStream:75 - [STDERR_REDIRECT] 
2026-03-21 22:32:14,990 [ERROR] LogOutputStream:75 - [STDERR_REDIRECT] Mar 21, 2026 10:32:14 PM java.util.prefs.FileSystemPreferences checkLockFile0ErrorCode
2026-03-21 22:32:14,990 [ERROR] LogOutputStream:75 - [STDERR_REDIRECT] WARNING: Could not lock System prefs. Unix error code 31861.
2026-03-21 22:32:14,990 [ERROR] LogOutputStream:75 - [STDERR_REDIRECT] 
2026-03-21 22:32:14,990 [ERROR] LogOutputStream:75 - [STDERR_REDIRECT] Mar 21, 2026 10:32:14 PM java.util.prefs.FileSystemPreferences syncWorld
2026-03-21 22:32:14,991 [ERROR] LogOutputStream:75 - [STDERR_REDIRECT] WARNING: Couldn't flush system prefs: java.util.prefs.BackingStoreException: Couldn't get file lock.
2026-03-21 22:32:14,991 [ERROR] LogOutputStream:75 - [STDERR_REDIRECT] 
2026-03-21 22:32:44,987 [ERROR] LogOutputStream:75 - [STDERR_REDIRECT] Mar 21, 2026 10:32:44 PM java.util.prefs.FileSystemPreferences checkLockFile0ErrorCode
2026-03-21 22:32:44,988 [ERROR] LogOutputStream:75 - [STDERR_REDIRECT] WARNING: Could not lock System prefs. Unix error code 31861.
2026-03-21 22:32:44,988 [ERROR] LogOutputStream:75 - [STDERR_REDIRECT] 
2026-03-21 22:32:44,988 [ERROR] LogOutputStream:75 - [STDERR_REDIRECT] Mar 21, 2026 10:32:44 PM java.util.prefs.FileSystemPreferences syncWorld
2026-03-21 22:32:44,988 [ERROR] LogOutputStream:75 - [STDERR_REDIRECT] WARNING: Couldn't flush system prefs: java.util.prefs.BackingStoreException: Couldn't get file lock.
2026-03-21 22:32:44,988 [ERROR] LogOutputStream:75 - [STDERR_REDIRECT] 
2026-03-21 22:33:14,986 [ERROR] LogOutputStream:75 - [STDERR_REDIRECT] Mar 21, 2026 10:33:14 PM java.util.prefs.FileSystemPreferences checkLockFile0ErrorCode
2026-03-21 22:33:14,987 [ERROR] LogOutputStream:75 - [STDERR_REDIRECT] WARNING: Could not lock System prefs. Unix error code 31861.
2026-03-21 22:33:14,987 [ERROR] LogOutputStream:75 - [STDERR_REDIRECT] 
2026-03-21 22:33:14,987 [ERROR] LogOutputStream:75 - [STDERR_REDIRECT] Mar 21, 2026 10:33:14 PM java.util.prefs.FileSystemPreferences syncWorld
2026-03-21 22:33:14,990 [ERROR] LogOutputStream:75 - [STDERR_REDIRECT] WARNING: Couldn't flush system prefs: java.util.prefs.BackingStoreException: Couldn't get file lock.
2026-03-21 22:33:14,991 [ERROR] LogOutputStream:75 - [STDERR_REDIRECT] 
2026-03-21 22:33:44,986 [ERROR] LogOutputStream:75 - [STDERR_REDIRECT] Mar 21, 2026 10:33:44 PM java.util.prefs.FileSystemPreferences checkLockFile0ErrorCode
2026-03-21 22:33:44,986 [ERROR] LogOutputStream:75 - [STDERR_REDIRECT] WARNING: Could not lock System prefs. Unix error code 31861.
2026-03-21 22:33:44,986 [ERROR] LogOutputStream:75 - [STDERR_REDIRECT] 
2026-03-21 22:33:44,986 [ERROR] LogOutputStream:75 - [STDERR_REDIRECT] Mar 21, 2026 10:33:44 PM java.util.prefs.FileSystemPreferences syncWorld
2026-03-21 22:33:44,987 [ERROR] LogOutputStream:75 - [STDERR_REDIRECT] WARNING: Couldn't flush system prefs: java.util.prefs.BackingStoreException: Couldn't get file lock.
2026-03-21 22:33:44,987 [ERROR] LogOutputStream:75 - [STDERR_REDIRECT] 
2026-03-21 22:34:14,986 [ERROR] LogOutputStream:75 - [STDERR_REDIRECT] Mar 21, 2026 10:34:14 PM java.util.prefs.FileSystemPreferences checkLockFile0ErrorCode
2026-03-21 22:34:14,989 [ERROR] LogOutputStream:75 - [STDERR_REDIRECT] WARNING: Could not lock System prefs. Unix error code 31861.
2026-03-21 22:34:14,989 [ERROR] LogOutputStream:75 - [STDERR_REDIRECT] 
2026-03-21 22:34:14,989 [ERROR] LogOutputStream:75 - [STDERR_REDIRECT] Mar 21, 2026 10:34:14 PM java.util.prefs.FileSystemPreferences syncWorld
2026-03-21 22:34:14,989 [ERROR] LogOutputStream:75 - [STDERR_REDIRECT] WARNING: Couldn't flush system prefs: java.util.prefs.BackingStoreException: Couldn't get file lock.
2026-03-21 22:34:14,989 [ERROR] LogOutputStream:75 - [STDERR_REDIRECT] 
2026-03-21 22:34:44,987 [ERROR] LogOutputStream:75 - [STDERR_REDIRECT] Mar 21, 2026 10:34:44 PM java.util.prefs.FileSystemPreferences checkLockFile0ErrorCode
2026-03-21 22:34:44,987 [ERROR] LogOutputStream:75 - [STDERR_REDIRECT] WARNING: Could not lock System prefs. Unix error code 31861.
2026-03-21 22:34:44,987 [ERROR] LogOutputStream:75 - [STDERR_REDIRECT] 
2026-03-21 22:34:44,987 [ERROR] LogOutputStream:75 - [STDERR_REDIRECT] Mar 21, 2026 10:34:44 PM java.util.prefs.FileSystemPreferences syncWorld
2026-03-21 22:34:44,988 [ERROR] LogOutputStream:75 - [STDERR_REDIRECT] WARNING: Couldn't flush system prefs: java.util.prefs.BackingStoreException: Couldn't get file lock.
2026-03-21 22:34:44,988 [ERROR] LogOutputStream:75 - [STDERR_REDIRECT] 
2026-03-21 22:35:14,986 [ERROR] LogOutputStream:75 - [STDERR_REDIRECT] Mar 21, 2026 10:35:14 PM java.util.prefs.FileSystemPreferences checkLockFile0ErrorCode
2026-03-21 22:35:14,986 [ERROR] LogOutputStream:75 - [STDERR_REDIRECT] WARNING: Could not lock System prefs. Unix error code 31861.
2026-03-21 22:35:14,987 [ERROR] LogOutputStream:75 - [STDERR_REDIRECT] 
2026-03-21 22:35:14,987 [ERROR] LogOutputStream:75 - [STDERR_REDIRECT] Mar 21, 2026 10:35:14 PM java.util.prefs.FileSystemPreferences syncWorld
2026-03-21 22:35:14,987 [ERROR] LogOutputStream:75 - [STDERR_REDIRECT] WARNING: Couldn't flush system prefs: java.util.prefs.BackingStoreException: Couldn't get file lock.
2026-03-21 22:35:14,987 [ERROR] LogOutputStream:75 - [STDERR_REDIRECT] 
2026-03-21 22:35:44,987 [ERROR] LogOutputStream:75 - [STDERR_REDIRECT] Mar 21, 2026 10:35:44 PM java.util.prefs.FileSystemPreferences checkLockFile0ErrorCode
2026-03-21 22:35:44,987 [ERROR] LogOutputStream:75 - [STDERR_REDIRECT] WARNING: Could not lock System prefs. Unix error code 31861.
2026-03-21 22:35:44,988 [ERROR] LogOutputStream:75 - [STDERR_REDIRECT] 
2026-03-21 22:35:44,988 [ERROR] LogOutputStream:75 - [STDERR_REDIRECT] Mar 21, 2026 10:35:44 PM java.util.prefs.FileSystemPreferences syncWorld
2026-03-21 22:35:44,988 [ERROR] LogOutputStream:75 - [STDERR_REDIRECT] WARNING: Couldn't flush system prefs: java.util.prefs.BackingStoreException: Couldn't get file lock.
2026-03-21 22:35:44,988 [ERROR] LogOutputStream:75 - [STDERR_REDIRECT] 
2026-03-21 22:36:14,988 [ERROR] LogOutputStream:75 - [STDERR_REDIRECT] Mar 21, 2026 10:36:14 PM java.util.prefs.FileSystemPreferences checkLockFile0ErrorCode
2026-03-21 22:36:14,988 [ERROR] LogOutputStream:75 - [STDERR_REDIRECT] WARNING: Could not lock System prefs. Unix error code 31861.
2026-03-21 22:36:14,988 [ERROR] LogOutputStream:75 - [STDERR_REDIRECT] 
2026-03-21 22:36:14,988 [ERROR] LogOutputStream:75 - [STDERR_REDIRECT] Mar 21, 2026 10:36:14 PM java.util.prefs.FileSystemPreferences syncWorld
2026-03-21 22:36:14,989 [ERROR] LogOutputStream:75 - [STDERR_REDIRECT] WARNING: Couldn't flush system prefs: java.util.prefs.BackingStoreException: Couldn't get file lock.
2026-03-21 22:36:14,989 [ERROR] LogOutputStream:75 - [STDERR_REDIRECT] 
2026-03-21 22:36:44,989 [ERROR] LogOutputStream:75 - [STDERR_REDIRECT] Mar 21, 2026 10:36:44 PM java.util.prefs.FileSystemPreferences checkLockFile0ErrorCode
2026-03-21 22:36:44,989 [ERROR] LogOutputStream:75 - [STDERR_REDIRECT] WARNING: Could not lock System prefs. Unix error code 31861.
2026-03-21 22:36:44,989 [ERROR] LogOutputStream:75 - [STDERR_REDIRECT] 
2026-03-21 22:36:44,989 [ERROR] LogOutputStream:75 - [STDERR_REDIRECT] Mar 21, 2026 10:36:44 PM java.util.prefs.FileSystemPreferences syncWorld
2026-03-21 22:36:44,989 [ERROR] LogOutputStream:75 - [STDERR_REDIRECT] WARNING: Couldn't flush system prefs: java.util.prefs.BackingStoreException: Couldn't get file lock.
2026-03-21 22:36:44,989 [ERROR] LogOutputStream:75 - [STDERR_REDIRECT] 
2026-03-21 22:37:14,990 [ERROR] LogOutputStream:75 - [STDERR_REDIRECT] Mar 21, 2026 10:37:14 PM java.util.prefs.FileSystemPreferences checkLockFile0ErrorCode
2026-03-21 22:37:14,990 [ERROR] LogOutputStream:75 - [STDERR_REDIRECT] WARNING: Could not lock System prefs. Unix error code 31861.
2026-03-21 22:37:14,990 [ERROR] LogOutputStream:75 - [STDERR_REDIRECT] 
2026-03-21 22:37:14,990 [ERROR] LogOutputStream:75 - [STDERR_REDIRECT] Mar 21, 2026 10:37:14 PM java.util.prefs.FileSystemPreferences syncWorld
2026-03-21 22:37:14,994 [ERROR] LogOutputStream:75 - [STDERR_REDIRECT] WARNING: Couldn't flush system prefs: java.util.prefs.BackingStoreException: Couldn't get file lock.
2026-03-21 22:37:14,994 [ERROR] LogOutputStream:75 - [STDERR_REDIRECT] 
2026-03-21 22:37:39,616 [ERROR] LogOutputStream:75 - [STDERR_REDIRECT] 
2026-03-21 22:37:39,625 [ERROR] LogOutputStream:75 - [STDERR_REDIRECT] 
