2026-01-02 23:10:16,756 [ERROR] LogOutputStream:75 - [STDERR_REDIRECT] Jan 02, 2026 11:10:16 PM java.util.prefs.FileSystemPreferences checkLockFile0ErrorCode
2026-01-02 23:10:16,757 [ERROR] LogOutputStream:75 - [STDERR_REDIRECT] WARNING: Could not lock System prefs. Unix error code 5.
2026-01-02 23:10:16,757 [ERROR] LogOutputStream:75 - [STDERR_REDIRECT] 
2026-01-02 23:10:16,764 [ERROR] LogOutputStream:75 - [STDERR_REDIRECT] Jan 02, 2026 11:10:16 PM java.util.prefs.FileSystemPreferences syncWorld
2026-01-02 23:10:16,765 [ERROR] LogOutputStream:75 - [STDERR_REDIRECT] WARNING: Couldn't flush system prefs: java.util.prefs.BackingStoreException: Couldn't get file lock.
2026-01-02 23:10:16,765 [ERROR] LogOutputStream:75 - [STDERR_REDIRECT] 
2026-01-02 23:10:46,720 [ERROR] LogOutputStream:75 - [STDERR_REDIRECT] Jan 02, 2026 11:10:46 PM java.util.prefs.FileSystemPreferences checkLockFile0ErrorCode
2026-01-02 23:10:46,720 [ERROR] LogOutputStream:75 - [STDERR_REDIRECT] WARNING: Could not lock System prefs. Unix error code 5.
2026-01-02 23:10:46,720 [ERROR] LogOutputStream:75 - [STDERR_REDIRECT] 
2026-01-02 23:10:46,720 [ERROR] LogOutputStream:75 - [STDERR_REDIRECT] Jan 02, 2026 11:10:46 PM java.util.prefs.FileSystemPreferences syncWorld
2026-01-02 23:10:46,720 [ERROR] LogOutputStream:75 - [STDERR_REDIRECT] WARNING: Couldn't flush system prefs: java.util.prefs.BackingStoreException: Couldn't get file lock.
2026-01-02 23:10:46,720 [ERROR] LogOutputStream:75 - [STDERR_REDIRECT] 
2026-01-02 23:11:16,720 [ERROR] LogOutputStream:75 - [STDERR_REDIRECT] Jan 02, 2026 11:11:16 PM java.util.prefs.FileSystemPreferences checkLockFile0ErrorCode
2026-01-02 23:11:16,720 [ERROR] LogOutputStream:75 - [STDERR_REDIRECT] WARNING: Could not lock System prefs. Unix error code 5.
2026-01-02 23:11:16,720 [ERROR] LogOutputStream:75 - [STDERR_REDIRECT] 
2026-01-02 23:11:16,724 [ERROR] LogOutputStream:75 - [STDERR_REDIRECT] Jan 02, 2026 11:11:16 PM java.util.prefs.FileSystemPreferences syncWorld
2026-01-02 23:11:16,724 [ERROR] LogOutputStream:75 - [STDERR_REDIRECT] WARNING: Couldn't flush system prefs: java.util.prefs.BackingStoreException: Couldn't get file lock.
2026-01-02 23:11:16,724 [ERROR] LogOutputStream:75 - [STDERR_REDIRECT] 
2026-01-02 23:11:46,720 [ERROR] LogOutputStream:75 - [STDERR_REDIRECT] Jan 02, 2026 11:11:46 PM java.util.prefs.FileSystemPreferences checkLockFile0ErrorCode
2026-01-02 23:11:46,722 [ERROR] LogOutputStream:75 - [STDERR_REDIRECT] WARNING: Could not lock System prefs. Unix error code 5.
2026-01-02 23:11:46,722 [ERROR] LogOutputStream:75 - [STDERR_REDIRECT] 
2026-01-02 23:11:46,722 [ERROR] LogOutputStream:75 - [STDERR_REDIRECT] Jan 02, 2026 11:11:46 PM java.util.prefs.FileSystemPreferences syncWorld
2026-01-02 23:11:46,722 [ERROR] LogOutputStream:75 - [STDERR_REDIRECT] WARNING: Couldn't flush system prefs: java.util.prefs.BackingStoreException: Couldn't get file lock.
2026-01-02 23:11:46,722 [ERROR] LogOutputStream:75 - [STDERR_REDIRECT] 
2026-01-02 23:12:16,720 [ERROR] LogOutputStream:75 - [STDERR_REDIRECT] Jan 02, 2026 11:12:16 PM java.util.prefs.FileSystemPreferences checkLockFile0ErrorCode
2026-01-02 23:12:16,720 [ERROR] LogOutputStream:75 - [STDERR_REDIRECT] WARNING: Could not lock System prefs. Unix error code 5.
2026-01-02 23:12:16,720 [ERROR] LogOutputStream:75 - [STDERR_REDIRECT] 
2026-01-02 23:12:16,721 [ERROR] LogOutputStream:75 - [STDERR_REDIRECT] Jan 02, 2026 11:12:16 PM java.util.prefs.FileSystemPreferences syncWorld
2026-01-02 23:12:16,721 [ERROR] LogOutputStream:75 - [STDERR_REDIRECT] WARNING: Couldn't flush system prefs: java.util.prefs.BackingStoreException: Couldn't get file lock.
2026-01-02 23:12:16,721 [ERROR] LogOutputStream:75 - [STDERR_REDIRECT] 
2026-01-02 23:12:46,723 [ERROR] LogOutputStream:75 - [STDERR_REDIRECT] Jan 02, 2026 11:12:46 PM java.util.prefs.FileSystemPreferences checkLockFile0ErrorCode
2026-01-02 23:12:46,723 [ERROR] LogOutputStream:75 - [STDERR_REDIRECT] WARNING: Could not lock System prefs. Unix error code 5.
2026-01-02 23:12:46,723 [ERROR] LogOutputStream:75 - [STDERR_REDIRECT] 
2026-01-02 23:12:46,723 [ERROR] LogOutputStream:75 - [STDERR_REDIRECT] Jan 02, 2026 11:12:46 PM java.util.prefs.FileSystemPreferences syncWorld
2026-01-02 23:12:46,723 [ERROR] LogOutputStream:75 - [STDERR_REDIRECT] WARNING: Couldn't flush system prefs: java.util.prefs.BackingStoreException: Couldn't get file lock.
2026-01-02 23:12:46,723 [ERROR] LogOutputStream:75 - [STDERR_REDIRECT] 
2026-01-02 23:13:16,721 [ERROR] LogOutputStream:75 - [STDERR_REDIRECT] Jan 02, 2026 11:13:16 PM java.util.prefs.FileSystemPreferences checkLockFile0ErrorCode
2026-01-02 23:13:16,721 [ERROR] LogOutputStream:75 - [STDERR_REDIRECT] WARNING: Could not lock System prefs. Unix error code 5.
2026-01-02 23:13:16,721 [ERROR] LogOutputStream:75 - [STDERR_REDIRECT] 
2026-01-02 23:13:16,721 [ERROR] LogOutputStream:75 - [STDERR_REDIRECT] Jan 02, 2026 11:13:16 PM java.util.prefs.FileSystemPreferences syncWorld
2026-01-02 23:13:16,721 [ERROR] LogOutputStream:75 - [STDERR_REDIRECT] WARNING: Couldn't flush system prefs: java.util.prefs.BackingStoreException: Couldn't get file lock.
2026-01-02 23:13:16,721 [ERROR] LogOutputStream:75 - [STDERR_REDIRECT] 
2026-01-02 23:13:46,721 [ERROR] LogOutputStream:75 - [STDERR_REDIRECT] Jan 02, 2026 11:13:46 PM java.util.prefs.FileSystemPreferences checkLockFile0ErrorCode
2026-01-02 23:13:46,721 [ERROR] LogOutputStream:75 - [STDERR_REDIRECT] WARNING: Could not lock System prefs. Unix error code 5.
2026-01-02 23:13:46,721 [ERROR] LogOutputStream:75 - [STDERR_REDIRECT] 
2026-01-02 23:13:46,722 [ERROR] LogOutputStream:75 - [STDERR_REDIRECT] Jan 02, 2026 11:13:46 PM java.util.prefs.FileSystemPreferences syncWorld
2026-01-02 23:13:46,722 [ERROR] LogOutputStream:75 - [STDERR_REDIRECT] WARNING: Couldn't flush system prefs: java.util.prefs.BackingStoreException: Couldn't get file lock.
2026-01-02 23:13:46,722 [ERROR] LogOutputStream:75 - [STDERR_REDIRECT] 
2026-01-02 23:14:16,722 [ERROR] LogOutputStream:75 - [STDERR_REDIRECT] Jan 02, 2026 11:14:16 PM java.util.prefs.FileSystemPreferences checkLockFile0ErrorCode
2026-01-02 23:14:16,722 [ERROR] LogOutputStream:75 - [STDERR_REDIRECT] WARNING: Could not lock System prefs. Unix error code 5.
2026-01-02 23:14:16,722 [ERROR] LogOutputStream:75 - [STDERR_REDIRECT] 
2026-01-02 23:14:16,722 [ERROR] LogOutputStream:75 - [STDERR_REDIRECT] Jan 02, 2026 11:14:16 PM java.util.prefs.FileSystemPreferences syncWorld
2026-01-02 23:14:16,723 [ERROR] LogOutputStream:75 - [STDERR_REDIRECT] WARNING: Couldn't flush system prefs: java.util.prefs.BackingStoreException: Couldn't get file lock.
2026-01-02 23:14:16,723 [ERROR] LogOutputStream:75 - [STDERR_REDIRECT] 
2026-01-02 23:14:46,721 [ERROR] LogOutputStream:75 - [STDERR_REDIRECT] Jan 02, 2026 11:14:46 PM java.util.prefs.FileSystemPreferences checkLockFile0ErrorCode
2026-01-02 23:14:46,722 [ERROR] LogOutputStream:75 - [STDERR_REDIRECT] WARNING: Could not lock System prefs. Unix error code 5.
2026-01-02 23:14:46,722 [ERROR] LogOutputStream:75 - [STDERR_REDIRECT] 
2026-01-02 23:14:46,723 [ERROR] LogOutputStream:75 - [STDERR_REDIRECT] Jan 02, 2026 11:14:46 PM java.util.prefs.FileSystemPreferences syncWorld
2026-01-02 23:14:46,723 [ERROR] LogOutputStream:75 - [STDERR_REDIRECT] WARNING: Couldn't flush system prefs: java.util.prefs.BackingStoreException: Couldn't get file lock.
2026-01-02 23:14:46,723 [ERROR] LogOutputStream:75 - [STDERR_REDIRECT] 
2026-01-02 23:15:16,722 [ERROR] LogOutputStream:75 - [STDERR_REDIRECT] Jan 02, 2026 11:15:16 PM java.util.prefs.FileSystemPreferences checkLockFile0ErrorCode
2026-01-02 23:15:16,722 [ERROR] LogOutputStream:75 - [STDERR_REDIRECT] WARNING: Could not lock System prefs. Unix error code 5.
2026-01-02 23:15:16,722 [ERROR] LogOutputStream:75 - [STDERR_REDIRECT] 
2026-01-02 23:15:16,722 [ERROR] LogOutputStream:75 - [STDERR_REDIRECT] Jan 02, 2026 11:15:16 PM java.util.prefs.FileSystemPreferences syncWorld
2026-01-02 23:15:16,722 [ERROR] LogOutputStream:75 - [STDERR_REDIRECT] WARNING: Couldn't flush system prefs: java.util.prefs.BackingStoreException: Couldn't get file lock.
2026-01-02 23:15:16,723 [ERROR] LogOutputStream:75 - [STDERR_REDIRECT] 
2026-01-02 23:15:46,721 [ERROR] LogOutputStream:75 - [STDERR_REDIRECT] Jan 02, 2026 11:15:46 PM java.util.prefs.FileSystemPreferences checkLockFile0ErrorCode
2026-01-02 23:15:46,721 [ERROR] LogOutputStream:75 - [STDERR_REDIRECT] WARNING: Could not lock System prefs. Unix error code 5.
2026-01-02 23:15:46,722 [ERROR] LogOutputStream:75 - [STDERR_REDIRECT] 
2026-01-02 23:15:46,722 [ERROR] LogOutputStream:75 - [STDERR_REDIRECT] Jan 02, 2026 11:15:46 PM java.util.prefs.FileSystemPreferences syncWorld
2026-01-02 23:15:46,722 [ERROR] LogOutputStream:75 - [STDERR_REDIRECT] WARNING: Couldn't flush system prefs: java.util.prefs.BackingStoreException: Couldn't get file lock.
2026-01-02 23:15:46,722 [ERROR] LogOutputStream:75 - [STDERR_REDIRECT] 
2026-01-02 23:16:16,722 [ERROR] LogOutputStream:75 - [STDERR_REDIRECT] Jan 02, 2026 11:16:16 PM java.util.prefs.FileSystemPreferences checkLockFile0ErrorCode
2026-01-02 23:16:16,722 [ERROR] LogOutputStream:75 - [STDERR_REDIRECT] WARNING: Could not lock System prefs. Unix error code 5.
2026-01-02 23:16:16,722 [ERROR] LogOutputStream:75 - [STDERR_REDIRECT] 
2026-01-02 23:16:16,723 [ERROR] LogOutputStream:75 - [STDERR_REDIRECT] Jan 02, 2026 11:16:16 PM java.util.prefs.FileSystemPreferences syncWorld
2026-01-02 23:16:16,723 [ERROR] LogOutputStream:75 - [STDERR_REDIRECT] WARNING: Couldn't flush system prefs: java.util.prefs.BackingStoreException: Couldn't get file lock.
2026-01-02 23:16:16,723 [ERROR] LogOutputStream:75 - [STDERR_REDIRECT] 
2026-01-02 23:16:46,722 [ERROR] LogOutputStream:75 - [STDERR_REDIRECT] Jan 02, 2026 11:16:46 PM java.util.prefs.FileSystemPreferences checkLockFile0ErrorCode
2026-01-02 23:16:46,722 [ERROR] LogOutputStream:75 - [STDERR_REDIRECT] WARNING: Could not lock System prefs. Unix error code 5.
2026-01-02 23:16:46,722 [ERROR] LogOutputStream:75 - [STDERR_REDIRECT] 
2026-01-02 23:16:46,723 [ERROR] LogOutputStream:75 - [STDERR_REDIRECT] Jan 02, 2026 11:16:46 PM java.util.prefs.FileSystemPreferences syncWorld
2026-01-02 23:16:46,723 [ERROR] LogOutputStream:75 - [STDERR_REDIRECT] WARNING: Couldn't flush system prefs: java.util.prefs.BackingStoreException: Couldn't get file lock.
2026-01-02 23:16:46,723 [ERROR] LogOutputStream:75 - [STDERR_REDIRECT] 
2026-01-02 23:17:16,722 [ERROR] LogOutputStream:75 - [STDERR_REDIRECT] Jan 02, 2026 11:17:16 PM java.util.prefs.FileSystemPreferences checkLockFile0ErrorCode
2026-01-02 23:17:16,722 [ERROR] LogOutputStream:75 - [STDERR_REDIRECT] WARNING: Could not lock System prefs. Unix error code 5.
2026-01-02 23:17:16,722 [ERROR] LogOutputStream:75 - [STDERR_REDIRECT] 
2026-01-02 23:17:16,722 [ERROR] LogOutputStream:75 - [STDERR_REDIRECT] Jan 02, 2026 11:17:16 PM java.util.prefs.FileSystemPreferences syncWorld
2026-01-02 23:17:16,723 [ERROR] LogOutputStream:75 - [STDERR_REDIRECT] WARNING: Couldn't flush system prefs: java.util.prefs.BackingStoreException: Couldn't get file lock.
2026-01-02 23:17:16,723 [ERROR] LogOutputStream:75 - [STDERR_REDIRECT] 
2026-01-02 23:17:46,721 [ERROR] LogOutputStream:75 - [STDERR_REDIRECT] Jan 02, 2026 11:17:46 PM java.util.prefs.FileSystemPreferences checkLockFile0ErrorCode
2026-01-02 23:17:46,722 [ERROR] LogOutputStream:75 - [STDERR_REDIRECT] WARNING: Could not lock System prefs. Unix error code 5.
2026-01-02 23:17:46,722 [ERROR] LogOutputStream:75 - [STDERR_REDIRECT] 
2026-01-02 23:17:46,722 [ERROR] LogOutputStream:75 - [STDERR_REDIRECT] Jan 02, 2026 11:17:46 PM java.util.prefs.FileSystemPreferences syncWorld
2026-01-02 23:17:46,722 [ERROR] LogOutputStream:75 - [STDERR_REDIRECT] WARNING: Couldn't flush system prefs: java.util.prefs.BackingStoreException: Couldn't get file lock.
2026-01-02 23:17:46,722 [ERROR] LogOutputStream:75 - [STDERR_REDIRECT] 
2026-01-02 23:18:16,721 [ERROR] LogOutputStream:75 - [STDERR_REDIRECT] Jan 02, 2026 11:18:16 PM java.util.prefs.FileSystemPreferences checkLockFile0ErrorCode
2026-01-02 23:18:16,722 [ERROR] LogOutputStream:75 - [STDERR_REDIRECT] WARNING: Could not lock System prefs. Unix error code 5.
2026-01-02 23:18:16,722 [ERROR] LogOutputStream:75 - [STDERR_REDIRECT] 
2026-01-02 23:18:16,722 [ERROR] LogOutputStream:75 - [STDERR_REDIRECT] Jan 02, 2026 11:18:16 PM java.util.prefs.FileSystemPreferences syncWorld
2026-01-02 23:18:16,722 [ERROR] LogOutputStream:75 - [STDERR_REDIRECT] WARNING: Couldn't flush system prefs: java.util.prefs.BackingStoreException: Couldn't get file lock.
2026-01-02 23:18:16,722 [ERROR] LogOutputStream:75 - [STDERR_REDIRECT] 
2026-01-02 23:18:46,722 [ERROR] LogOutputStream:75 - [STDERR_REDIRECT] Jan 02, 2026 11:18:46 PM java.util.prefs.FileSystemPreferences checkLockFile0ErrorCode
2026-01-02 23:18:46,722 [ERROR] LogOutputStream:75 - [STDERR_REDIRECT] WARNING: Could not lock System prefs. Unix error code 5.
2026-01-02 23:18:46,722 [ERROR] LogOutputStream:75 - [STDERR_REDIRECT] 
2026-01-02 23:18:46,723 [ERROR] LogOutputStream:75 - [STDERR_REDIRECT] Jan 02, 2026 11:18:46 PM java.util.prefs.FileSystemPreferences syncWorld
2026-01-02 23:18:46,723 [ERROR] LogOutputStream:75 - [STDERR_REDIRECT] WARNING: Couldn't flush system prefs: java.util.prefs.BackingStoreException: Couldn't get file lock.
2026-01-02 23:18:46,723 [ERROR] LogOutputStream:75 - [STDERR_REDIRECT] 
2026-01-02 23:19:16,722 [ERROR] LogOutputStream:75 - [STDERR_REDIRECT] Jan 02, 2026 11:19:16 PM java.util.prefs.FileSystemPreferences checkLockFile0ErrorCode
2026-01-02 23:19:16,722 [ERROR] LogOutputStream:75 - [STDERR_REDIRECT] WARNING: Could not lock System prefs. Unix error code 5.
2026-01-02 23:19:16,722 [ERROR] LogOutputStream:75 - [STDERR_REDIRECT] 
2026-01-02 23:19:16,722 [ERROR] LogOutputStream:75 - [STDERR_REDIRECT] Jan 02, 2026 11:19:16 PM java.util.prefs.FileSystemPreferences syncWorld
2026-01-02 23:19:16,722 [ERROR] LogOutputStream:75 - [STDERR_REDIRECT] WARNING: Couldn't flush system prefs: java.util.prefs.BackingStoreException: Couldn't get file lock.
2026-01-02 23:19:16,722 [ERROR] LogOutputStream:75 - [STDERR_REDIRECT] 
2026-01-02 23:19:46,723 [ERROR] LogOutputStream:75 - [STDERR_REDIRECT] Jan 02, 2026 11:19:46 PM java.util.prefs.FileSystemPreferences checkLockFile0ErrorCode
2026-01-02 23:19:46,723 [ERROR] LogOutputStream:75 - [STDERR_REDIRECT] WARNING: Could not lock System prefs. Unix error code 5.
2026-01-02 23:19:46,723 [ERROR] LogOutputStream:75 - [STDERR_REDIRECT] 
2026-01-02 23:19:46,724 [ERROR] LogOutputStream:75 - [STDERR_REDIRECT] Jan 02, 2026 11:19:46 PM java.util.prefs.FileSystemPreferences syncWorld
2026-01-02 23:19:46,724 [ERROR] LogOutputStream:75 - [STDERR_REDIRECT] WARNING: Couldn't flush system prefs: java.util.prefs.BackingStoreException: Couldn't get file lock.
2026-01-02 23:19:46,724 [ERROR] LogOutputStream:75 - [STDERR_REDIRECT] 
2026-01-02 23:20:16,722 [ERROR] LogOutputStream:75 - [STDERR_REDIRECT] Jan 02, 2026 11:20:16 PM java.util.prefs.FileSystemPreferences checkLockFile0ErrorCode
2026-01-02 23:20:16,723 [ERROR] LogOutputStream:75 - [STDERR_REDIRECT] WARNING: Could not lock System prefs. Unix error code 5.
2026-01-02 23:20:16,723 [ERROR] LogOutputStream:75 - [STDERR_REDIRECT] 
2026-01-02 23:20:16,723 [ERROR] LogOutputStream:75 - [STDERR_REDIRECT] Jan 02, 2026 11:20:16 PM java.util.prefs.FileSystemPreferences syncWorld
2026-01-02 23:20:16,723 [ERROR] LogOutputStream:75 - [STDERR_REDIRECT] WARNING: Couldn't flush system prefs: java.util.prefs.BackingStoreException: Couldn't get file lock.
2026-01-02 23:20:16,723 [ERROR] LogOutputStream:75 - [STDERR_REDIRECT] 
2026-01-02 23:20:46,723 [ERROR] LogOutputStream:75 - [STDERR_REDIRECT] Jan 02, 2026 11:20:46 PM java.util.prefs.FileSystemPreferences checkLockFile0ErrorCode
2026-01-02 23:20:46,723 [ERROR] LogOutputStream:75 - [STDERR_REDIRECT] WARNING: Could not lock System prefs. Unix error code 5.
2026-01-02 23:20:46,723 [ERROR] LogOutputStream:75 - [STDERR_REDIRECT] 
2026-01-02 23:20:46,724 [ERROR] LogOutputStream:75 - [STDERR_REDIRECT] Jan 02, 2026 11:20:46 PM java.util.prefs.FileSystemPreferences syncWorld
2026-01-02 23:20:46,724 [ERROR] LogOutputStream:75 - [STDERR_REDIRECT] WARNING: Couldn't flush system prefs: java.util.prefs.BackingStoreException: Couldn't get file lock.
2026-01-02 23:20:46,724 [ERROR] LogOutputStream:75 - [STDERR_REDIRECT] 
2026-01-02 23:21:16,723 [ERROR] LogOutputStream:75 - [STDERR_REDIRECT] Jan 02, 2026 11:21:16 PM java.util.prefs.FileSystemPreferences checkLockFile0ErrorCode
2026-01-02 23:21:16,723 [ERROR] LogOutputStream:75 - [STDERR_REDIRECT] WARNING: Could not lock System prefs. Unix error code 5.
2026-01-02 23:21:16,723 [ERROR] LogOutputStream:75 - [STDERR_REDIRECT] 
2026-01-02 23:21:16,723 [ERROR] LogOutputStream:75 - [STDERR_REDIRECT] Jan 02, 2026 11:21:16 PM java.util.prefs.FileSystemPreferences syncWorld
2026-01-02 23:21:16,724 [ERROR] LogOutputStream:75 - [STDERR_REDIRECT] WARNING: Couldn't flush system prefs: java.util.prefs.BackingStoreException: Couldn't get file lock.
2026-01-02 23:21:16,724 [ERROR] LogOutputStream:75 - [STDERR_REDIRECT] 
2026-01-02 23:21:46,722 [ERROR] LogOutputStream:75 - [STDERR_REDIRECT] Jan 02, 2026 11:21:46 PM java.util.prefs.FileSystemPreferences checkLockFile0ErrorCode
2026-01-02 23:21:46,722 [ERROR] LogOutputStream:75 - [STDERR_REDIRECT] WARNING: Could not lock System prefs. Unix error code 5.
2026-01-02 23:21:46,723 [ERROR] LogOutputStream:75 - [STDERR_REDIRECT] 
2026-01-02 23:21:46,723 [ERROR] LogOutputStream:75 - [STDERR_REDIRECT] Jan 02, 2026 11:21:46 PM java.util.prefs.FileSystemPreferences syncWorld
2026-01-02 23:21:46,723 [ERROR] LogOutputStream:75 - [STDERR_REDIRECT] WARNING: Couldn't flush system prefs: java.util.prefs.BackingStoreException: Couldn't get file lock.
2026-01-02 23:21:46,723 [ERROR] LogOutputStream:75 - [STDERR_REDIRECT] 
2026-01-02 23:22:16,723 [ERROR] LogOutputStream:75 - [STDERR_REDIRECT] Jan 02, 2026 11:22:16 PM java.util.prefs.FileSystemPreferences checkLockFile0ErrorCode
2026-01-02 23:22:16,723 [ERROR] LogOutputStream:75 - [STDERR_REDIRECT] WARNING: Could not lock System prefs. Unix error code 5.
2026-01-02 23:22:16,723 [ERROR] LogOutputStream:75 - [STDERR_REDIRECT] 
2026-01-02 23:22:16,723 [ERROR] LogOutputStream:75 - [STDERR_REDIRECT] Jan 02, 2026 11:22:16 PM java.util.prefs.FileSystemPreferences syncWorld
2026-01-02 23:22:16,723 [ERROR] LogOutputStream:75 - [STDERR_REDIRECT] WARNING: Couldn't flush system prefs: java.util.prefs.BackingStoreException: Couldn't get file lock.
2026-01-02 23:22:16,723 [ERROR] LogOutputStream:75 - [STDERR_REDIRECT] 
2026-01-02 23:22:46,723 [ERROR] LogOutputStream:75 - [STDERR_REDIRECT] Jan 02, 2026 11:22:46 PM java.util.prefs.FileSystemPreferences checkLockFile0ErrorCode
2026-01-02 23:22:46,723 [ERROR] LogOutputStream:75 - [STDERR_REDIRECT] WARNING: Could not lock System prefs. Unix error code 5.
2026-01-02 23:22:46,723 [ERROR] LogOutputStream:75 - [STDERR_REDIRECT] 
2026-01-02 23:22:46,724 [ERROR] LogOutputStream:75 - [STDERR_REDIRECT] Jan 02, 2026 11:22:46 PM java.util.prefs.FileSystemPreferences syncWorld
2026-01-02 23:22:46,724 [ERROR] LogOutputStream:75 - [STDERR_REDIRECT] WARNING: Couldn't flush system prefs: java.util.prefs.BackingStoreException: Couldn't get file lock.
2026-01-02 23:22:46,724 [ERROR] LogOutputStream:75 - [STDERR_REDIRECT] 
2026-01-02 23:23:16,723 [ERROR] LogOutputStream:75 - [STDERR_REDIRECT] Jan 02, 2026 11:23:16 PM java.util.prefs.FileSystemPreferences checkLockFile0ErrorCode
2026-01-02 23:23:16,723 [ERROR] LogOutputStream:75 - [STDERR_REDIRECT] WARNING: Could not lock System prefs. Unix error code 5.
2026-01-02 23:23:16,723 [ERROR] LogOutputStream:75 - [STDERR_REDIRECT] 
2026-01-02 23:23:16,723 [ERROR] LogOutputStream:75 - [STDERR_REDIRECT] Jan 02, 2026 11:23:16 PM java.util.prefs.FileSystemPreferences syncWorld
2026-01-02 23:23:16,723 [ERROR] LogOutputStream:75 - [STDERR_REDIRECT] WARNING: Couldn't flush system prefs: java.util.prefs.BackingStoreException: Couldn't get file lock.
2026-01-02 23:23:16,723 [ERROR] LogOutputStream:75 - [STDERR_REDIRECT] 
2026-01-02 23:23:46,723 [ERROR] LogOutputStream:75 - [STDERR_REDIRECT] Jan 02, 2026 11:23:46 PM java.util.prefs.FileSystemPreferences checkLockFile0ErrorCode
2026-01-02 23:23:46,723 [ERROR] LogOutputStream:75 - [STDERR_REDIRECT] WARNING: Could not lock System prefs. Unix error code 5.
2026-01-02 23:23:46,723 [ERROR] LogOutputStream:75 - [STDERR_REDIRECT] 
2026-01-02 23:23:46,724 [ERROR] LogOutputStream:75 - [STDERR_REDIRECT] Jan 02, 2026 11:23:46 PM java.util.prefs.FileSystemPreferences syncWorld
2026-01-02 23:23:46,724 [ERROR] LogOutputStream:75 - [STDERR_REDIRECT] WARNING: Couldn't flush system prefs: java.util.prefs.BackingStoreException: Couldn't get file lock.
2026-01-02 23:23:46,724 [ERROR] LogOutputStream:75 - [STDERR_REDIRECT] 
2026-01-02 23:24:16,724 [ERROR] LogOutputStream:75 - [STDERR_REDIRECT] Jan 02, 2026 11:24:16 PM java.util.prefs.FileSystemPreferences checkLockFile0ErrorCode
2026-01-02 23:24:16,724 [ERROR] LogOutputStream:75 - [STDERR_REDIRECT] WARNING: Could not lock System prefs. Unix error code 5.
2026-01-02 23:24:16,724 [ERROR] LogOutputStream:75 - [STDERR_REDIRECT] 
2026-01-02 23:24:16,725 [ERROR] LogOutputStream:75 - [STDERR_REDIRECT] Jan 02, 2026 11:24:16 PM java.util.prefs.FileSystemPreferences syncWorld
2026-01-02 23:24:16,725 [ERROR] LogOutputStream:75 - [STDERR_REDIRECT] WARNING: Couldn't flush system prefs: java.util.prefs.BackingStoreException: Couldn't get file lock.
2026-01-02 23:24:16,725 [ERROR] LogOutputStream:75 - [STDERR_REDIRECT] 
2026-01-02 23:24:46,723 [ERROR] LogOutputStream:75 - [STDERR_REDIRECT] Jan 02, 2026 11:24:46 PM java.util.prefs.FileSystemPreferences checkLockFile0ErrorCode
2026-01-02 23:24:46,723 [ERROR] LogOutputStream:75 - [STDERR_REDIRECT] WARNING: Could not lock System prefs. Unix error code 5.
2026-01-02 23:24:46,723 [ERROR] LogOutputStream:75 - [STDERR_REDIRECT] 
2026-01-02 23:24:46,724 [ERROR] LogOutputStream:75 - [STDERR_REDIRECT] Jan 02, 2026 11:24:46 PM java.util.prefs.FileSystemPreferences syncWorld
2026-01-02 23:24:46,724 [ERROR] LogOutputStream:75 - [STDERR_REDIRECT] WARNING: Couldn't flush system prefs: java.util.prefs.BackingStoreException: Couldn't get file lock.
2026-01-02 23:24:46,724 [ERROR] LogOutputStream:75 - [STDERR_REDIRECT] 
2026-01-02 23:25:16,724 [ERROR] LogOutputStream:75 - [STDERR_REDIRECT] Jan 02, 2026 11:25:16 PM java.util.prefs.FileSystemPreferences checkLockFile0ErrorCode
2026-01-02 23:25:16,724 [ERROR] LogOutputStream:75 - [STDERR_REDIRECT] WARNING: Could not lock System prefs. Unix error code 5.
2026-01-02 23:25:16,724 [ERROR] LogOutputStream:75 - [STDERR_REDIRECT] 
2026-01-02 23:25:16,724 [ERROR] LogOutputStream:75 - [STDERR_REDIRECT] Jan 02, 2026 11:25:16 PM java.util.prefs.FileSystemPreferences syncWorld
2026-01-02 23:25:16,724 [ERROR] LogOutputStream:75 - [STDERR_REDIRECT] WARNING: Couldn't flush system prefs: java.util.prefs.BackingStoreException: Couldn't get file lock.
2026-01-02 23:25:16,724 [ERROR] LogOutputStream:75 - [STDERR_REDIRECT] 
2026-01-02 23:25:46,724 [ERROR] LogOutputStream:75 - [STDERR_REDIRECT] Jan 02, 2026 11:25:46 PM java.util.prefs.FileSystemPreferences checkLockFile0ErrorCode
2026-01-02 23:25:46,724 [ERROR] LogOutputStream:75 - [STDERR_REDIRECT] WARNING: Could not lock System prefs. Unix error code 5.
2026-01-02 23:25:46,724 [ERROR] LogOutputStream:75 - [STDERR_REDIRECT] 
2026-01-02 23:25:46,725 [ERROR] LogOutputStream:75 - [STDERR_REDIRECT] Jan 02, 2026 11:25:46 PM java.util.prefs.FileSystemPreferences syncWorld
2026-01-02 23:25:46,725 [ERROR] LogOutputStream:75 - [STDERR_REDIRECT] WARNING: Couldn't flush system prefs: java.util.prefs.BackingStoreException: Couldn't get file lock.
2026-01-02 23:25:46,725 [ERROR] LogOutputStream:75 - [STDERR_REDIRECT] 
2026-01-02 23:26:16,724 [ERROR] LogOutputStream:75 - [STDERR_REDIRECT] Jan 02, 2026 11:26:16 PM java.util.prefs.FileSystemPreferences checkLockFile0ErrorCode
2026-01-02 23:26:16,724 [ERROR] LogOutputStream:75 - [STDERR_REDIRECT] WARNING: Could not lock System prefs. Unix error code 5.
2026-01-02 23:26:16,724 [ERROR] LogOutputStream:75 - [STDERR_REDIRECT] 
2026-01-02 23:26:16,725 [ERROR] LogOutputStream:75 - [STDERR_REDIRECT] Jan 02, 2026 11:26:16 PM java.util.prefs.FileSystemPreferences syncWorld
2026-01-02 23:26:16,725 [ERROR] LogOutputStream:75 - [STDERR_REDIRECT] WARNING: Couldn't flush system prefs: java.util.prefs.BackingStoreException: Couldn't get file lock.
2026-01-02 23:26:16,725 [ERROR] LogOutputStream:75 - [STDERR_REDIRECT] 
2026-01-02 23:26:46,725 [ERROR] LogOutputStream:75 - [STDERR_REDIRECT] Jan 02, 2026 11:26:46 PM java.util.prefs.FileSystemPreferences checkLockFile0ErrorCode
2026-01-02 23:26:46,726 [ERROR] LogOutputStream:75 - [STDERR_REDIRECT] WARNING: Could not lock System prefs. Unix error code 5.
2026-01-02 23:26:46,726 [ERROR] LogOutputStream:75 - [STDERR_REDIRECT] 
2026-01-02 23:26:46,726 [ERROR] LogOutputStream:75 - [STDERR_REDIRECT] Jan 02, 2026 11:26:46 PM java.util.prefs.FileSystemPreferences syncWorld
2026-01-02 23:26:46,726 [ERROR] LogOutputStream:75 - [STDERR_REDIRECT] WARNING: Couldn't flush system prefs: java.util.prefs.BackingStoreException: Couldn't get file lock.
2026-01-02 23:26:46,726 [ERROR] LogOutputStream:75 - [STDERR_REDIRECT] 
2026-01-02 23:27:16,725 [ERROR] LogOutputStream:75 - [STDERR_REDIRECT] Jan 02, 2026 11:27:16 PM java.util.prefs.FileSystemPreferences checkLockFile0ErrorCode
2026-01-02 23:27:16,725 [ERROR] LogOutputStream:75 - [STDERR_REDIRECT] WARNING: Could not lock System prefs. Unix error code 5.
2026-01-02 23:27:16,725 [ERROR] LogOutputStream:75 - [STDERR_REDIRECT] 
2026-01-02 23:27:16,726 [ERROR] LogOutputStream:75 - [STDERR_REDIRECT] Jan 02, 2026 11:27:16 PM java.util.prefs.FileSystemPreferences syncWorld
2026-01-02 23:27:16,726 [ERROR] LogOutputStream:75 - [STDERR_REDIRECT] WARNING: Couldn't flush system prefs: java.util.prefs.BackingStoreException: Couldn't get file lock.
2026-01-02 23:27:16,726 [ERROR] LogOutputStream:75 - [STDERR_REDIRECT] 
2026-01-02 23:27:46,726 [ERROR] LogOutputStream:75 - [STDERR_REDIRECT] Jan 02, 2026 11:27:46 PM java.util.prefs.FileSystemPreferences checkLockFile0ErrorCode
2026-01-02 23:27:46,726 [ERROR] LogOutputStream:75 - [STDERR_REDIRECT] WARNING: Could not lock System prefs. Unix error code 5.
2026-01-02 23:27:46,726 [ERROR] LogOutputStream:75 - [STDERR_REDIRECT] 
2026-01-02 23:27:46,727 [ERROR] LogOutputStream:75 - [STDERR_REDIRECT] Jan 02, 2026 11:27:46 PM java.util.prefs.FileSystemPreferences syncWorld
2026-01-02 23:27:46,727 [ERROR] LogOutputStream:75 - [STDERR_REDIRECT] WARNING: Couldn't flush system prefs: java.util.prefs.BackingStoreException: Couldn't get file lock.
2026-01-02 23:27:46,727 [ERROR] LogOutputStream:75 - [STDERR_REDIRECT] 
2026-01-02 23:28:16,725 [ERROR] LogOutputStream:75 - [STDERR_REDIRECT] Jan 02, 2026 11:28:16 PM java.util.prefs.FileSystemPreferences checkLockFile0ErrorCode
2026-01-02 23:28:16,726 [ERROR] LogOutputStream:75 - [STDERR_REDIRECT] WARNING: Could not lock System prefs. Unix error code 5.
2026-01-02 23:28:16,726 [ERROR] LogOutputStream:75 - [STDERR_REDIRECT] 
2026-01-02 23:28:16,726 [ERROR] LogOutputStream:75 - [STDERR_REDIRECT] Jan 02, 2026 11:28:16 PM java.util.prefs.FileSystemPreferences syncWorld
2026-01-02 23:28:16,726 [ERROR] LogOutputStream:75 - [STDERR_REDIRECT] WARNING: Couldn't flush system prefs: java.util.prefs.BackingStoreException: Couldn't get file lock.
2026-01-02 23:28:16,726 [ERROR] LogOutputStream:75 - [STDERR_REDIRECT] 
2026-01-02 23:28:46,726 [ERROR] LogOutputStream:75 - [STDERR_REDIRECT] Jan 02, 2026 11:28:46 PM java.util.prefs.FileSystemPreferences checkLockFile0ErrorCode
2026-01-02 23:28:46,726 [ERROR] LogOutputStream:75 - [STDERR_REDIRECT] WARNING: Could not lock System prefs. Unix error code 5.
2026-01-02 23:28:46,726 [ERROR] LogOutputStream:75 - [STDERR_REDIRECT] 
2026-01-02 23:28:46,726 [ERROR] LogOutputStream:75 - [STDERR_REDIRECT] Jan 02, 2026 11:28:46 PM java.util.prefs.FileSystemPreferences syncWorld
2026-01-02 23:28:46,726 [ERROR] LogOutputStream:75 - [STDERR_REDIRECT] WARNING: Couldn't flush system prefs: java.util.prefs.BackingStoreException: Couldn't get file lock.
2026-01-02 23:28:46,727 [ERROR] LogOutputStream:75 - [STDERR_REDIRECT] 
2026-01-02 23:29:16,725 [ERROR] LogOutputStream:75 - [STDERR_REDIRECT] Jan 02, 2026 11:29:16 PM java.util.prefs.FileSystemPreferences checkLockFile0ErrorCode
2026-01-02 23:29:16,726 [ERROR] LogOutputStream:75 - [STDERR_REDIRECT] WARNING: Could not lock System prefs. Unix error code 5.
2026-01-02 23:29:16,726 [ERROR] LogOutputStream:75 - [STDERR_REDIRECT] 
2026-01-02 23:29:16,726 [ERROR] LogOutputStream:75 - [STDERR_REDIRECT] Jan 02, 2026 11:29:16 PM java.util.prefs.FileSystemPreferences syncWorld
2026-01-02 23:29:16,726 [ERROR] LogOutputStream:75 - [STDERR_REDIRECT] WARNING: Couldn't flush system prefs: java.util.prefs.BackingStoreException: Couldn't get file lock.
2026-01-02 23:29:16,726 [ERROR] LogOutputStream:75 - [STDERR_REDIRECT] 
2026-01-02 23:29:46,726 [ERROR] LogOutputStream:75 - [STDERR_REDIRECT] Jan 02, 2026 11:29:46 PM java.util.prefs.FileSystemPreferences checkLockFile0ErrorCode
2026-01-02 23:29:46,726 [ERROR] LogOutputStream:75 - [STDERR_REDIRECT] WARNING: Could not lock System prefs. Unix error code 5.
2026-01-02 23:29:46,726 [ERROR] LogOutputStream:75 - [STDERR_REDIRECT] 
2026-01-02 23:29:46,726 [ERROR] LogOutputStream:75 - [STDERR_REDIRECT] Jan 02, 2026 11:29:46 PM java.util.prefs.FileSystemPreferences syncWorld
2026-01-02 23:29:46,726 [ERROR] LogOutputStream:75 - [STDERR_REDIRECT] WARNING: Couldn't flush system prefs: java.util.prefs.BackingStoreException: Couldn't get file lock.
2026-01-02 23:29:46,726 [ERROR] LogOutputStream:75 - [STDERR_REDIRECT] 
2026-01-02 23:30:16,726 [ERROR] LogOutputStream:75 - [STDERR_REDIRECT] Jan 02, 2026 11:30:16 PM java.util.prefs.FileSystemPreferences checkLockFile0ErrorCode
2026-01-02 23:30:16,727 [ERROR] LogOutputStream:75 - [STDERR_REDIRECT] WARNING: Could not lock System prefs. Unix error code 5.
2026-01-02 23:30:16,727 [ERROR] LogOutputStream:75 - [STDERR_REDIRECT] 
2026-01-02 23:30:16,727 [ERROR] LogOutputStream:75 - [STDERR_REDIRECT] Jan 02, 2026 11:30:16 PM java.util.prefs.FileSystemPreferences syncWorld
2026-01-02 23:30:16,727 [ERROR] LogOutputStream:75 - [STDERR_REDIRECT] WARNING: Couldn't flush system prefs: java.util.prefs.BackingStoreException: Couldn't get file lock.
2026-01-02 23:30:16,727 [ERROR] LogOutputStream:75 - [STDERR_REDIRECT] 
2026-01-02 23:30:46,727 [ERROR] LogOutputStream:75 - [STDERR_REDIRECT] Jan 02, 2026 11:30:46 PM java.util.prefs.FileSystemPreferences checkLockFile0ErrorCode
2026-01-02 23:30:46,728 [ERROR] LogOutputStream:75 - [STDERR_REDIRECT] WARNING: Could not lock System prefs. Unix error code 5.
2026-01-02 23:30:46,728 [ERROR] LogOutputStream:75 - [STDERR_REDIRECT] 
2026-01-02 23:30:46,728 [ERROR] LogOutputStream:75 - [STDERR_REDIRECT] Jan 02, 2026 11:30:46 PM java.util.prefs.FileSystemPreferences syncWorld
2026-01-02 23:30:46,728 [ERROR] LogOutputStream:75 - [STDERR_REDIRECT] WARNING: Couldn't flush system prefs: java.util.prefs.BackingStoreException: Couldn't get file lock.
2026-01-02 23:30:46,729 [ERROR] LogOutputStream:75 - [STDERR_REDIRECT] 
2026-01-02 23:31:16,727 [ERROR] LogOutputStream:75 - [STDERR_REDIRECT] Jan 02, 2026 11:31:16 PM java.util.prefs.FileSystemPreferences checkLockFile0ErrorCode
2026-01-02 23:31:16,727 [ERROR] LogOutputStream:75 - [STDERR_REDIRECT] WARNING: Could not lock System prefs. Unix error code 5.
2026-01-02 23:31:16,727 [ERROR] LogOutputStream:75 - [STDERR_REDIRECT] 
2026-01-02 23:31:16,727 [ERROR] LogOutputStream:75 - [STDERR_REDIRECT] Jan 02, 2026 11:31:16 PM java.util.prefs.FileSystemPreferences syncWorld
2026-01-02 23:31:16,727 [ERROR] LogOutputStream:75 - [STDERR_REDIRECT] WARNING: Couldn't flush system prefs: java.util.prefs.BackingStoreException: Couldn't get file lock.
2026-01-02 23:31:16,727 [ERROR] LogOutputStream:75 - [STDERR_REDIRECT] 
2026-01-02 23:31:46,727 [ERROR] LogOutputStream:75 - [STDERR_REDIRECT] Jan 02, 2026 11:31:46 PM java.util.prefs.FileSystemPreferences checkLockFile0ErrorCode
2026-01-02 23:31:46,727 [ERROR] LogOutputStream:75 - [STDERR_REDIRECT] WARNING: Could not lock System prefs. Unix error code 5.
2026-01-02 23:31:46,727 [ERROR] LogOutputStream:75 - [STDERR_REDIRECT] 
2026-01-02 23:31:46,727 [ERROR] LogOutputStream:75 - [STDERR_REDIRECT] Jan 02, 2026 11:31:46 PM java.util.prefs.FileSystemPreferences syncWorld
2026-01-02 23:31:46,727 [ERROR] LogOutputStream:75 - [STDERR_REDIRECT] WARNING: Couldn't flush system prefs: java.util.prefs.BackingStoreException: Couldn't get file lock.
2026-01-02 23:31:46,728 [ERROR] LogOutputStream:75 - [STDERR_REDIRECT] 
2026-01-02 23:32:16,727 [ERROR] LogOutputStream:75 - [STDERR_REDIRECT] Jan 02, 2026 11:32:16 PM java.util.prefs.FileSystemPreferences checkLockFile0ErrorCode
2026-01-02 23:32:16,727 [ERROR] LogOutputStream:75 - [STDERR_REDIRECT] WARNING: Could not lock System prefs. Unix error code 5.
2026-01-02 23:32:16,727 [ERROR] LogOutputStream:75 - [STDERR_REDIRECT] 
2026-01-02 23:32:16,727 [ERROR] LogOutputStream:75 - [STDERR_REDIRECT] Jan 02, 2026 11:32:16 PM java.util.prefs.FileSystemPreferences syncWorld
2026-01-02 23:32:16,727 [ERROR] LogOutputStream:75 - [STDERR_REDIRECT] WARNING: Couldn't flush system prefs: java.util.prefs.BackingStoreException: Couldn't get file lock.
2026-01-02 23:32:16,727 [ERROR] LogOutputStream:75 - [STDERR_REDIRECT] 
2026-01-02 23:32:46,729 [ERROR] LogOutputStream:75 - [STDERR_REDIRECT] Jan 02, 2026 11:32:46 PM java.util.prefs.FileSystemPreferences checkLockFile0ErrorCode
2026-01-02 23:32:46,729 [ERROR] LogOutputStream:75 - [STDERR_REDIRECT] WARNING: Could not lock System prefs. Unix error code 5.
2026-01-02 23:32:46,729 [ERROR] LogOutputStream:75 - [STDERR_REDIRECT] 
2026-01-02 23:32:46,729 [ERROR] LogOutputStream:75 - [STDERR_REDIRECT] Jan 02, 2026 11:32:46 PM java.util.prefs.FileSystemPreferences syncWorld
2026-01-02 23:32:46,729 [ERROR] LogOutputStream:75 - [STDERR_REDIRECT] WARNING: Couldn't flush system prefs: java.util.prefs.BackingStoreException: Couldn't get file lock.
2026-01-02 23:32:46,729 [ERROR] LogOutputStream:75 - [STDERR_REDIRECT] 
2026-01-02 23:33:16,728 [ERROR] LogOutputStream:75 - [STDERR_REDIRECT] Jan 02, 2026 11:33:16 PM java.util.prefs.FileSystemPreferences checkLockFile0ErrorCode
2026-01-02 23:33:16,729 [ERROR] LogOutputStream:75 - [STDERR_REDIRECT] WARNING: Could not lock System prefs. Unix error code 5.
2026-01-02 23:33:16,729 [ERROR] LogOutputStream:75 - [STDERR_REDIRECT] 
2026-01-02 23:33:16,729 [ERROR] LogOutputStream:75 - [STDERR_REDIRECT] Jan 02, 2026 11:33:16 PM java.util.prefs.FileSystemPreferences syncWorld
2026-01-02 23:33:16,729 [ERROR] LogOutputStream:75 - [STDERR_REDIRECT] WARNING: Couldn't flush system prefs: java.util.prefs.BackingStoreException: Couldn't get file lock.
2026-01-02 23:33:16,729 [ERROR] LogOutputStream:75 - [STDERR_REDIRECT] 
2026-01-02 23:33:46,729 [ERROR] LogOutputStream:75 - [STDERR_REDIRECT] Jan 02, 2026 11:33:46 PM java.util.prefs.FileSystemPreferences checkLockFile0ErrorCode
2026-01-02 23:33:46,729 [ERROR] LogOutputStream:75 - [STDERR_REDIRECT] WARNING: Could not lock System prefs. Unix error code 5.
2026-01-02 23:33:46,729 [ERROR] LogOutputStream:75 - [STDERR_REDIRECT] 
2026-01-02 23:33:46,729 [ERROR] LogOutputStream:75 - [STDERR_REDIRECT] Jan 02, 2026 11:33:46 PM java.util.prefs.FileSystemPreferences syncWorld
2026-01-02 23:33:46,729 [ERROR] LogOutputStream:75 - [STDERR_REDIRECT] WARNING: Couldn't flush system prefs: java.util.prefs.BackingStoreException: Couldn't get file lock.
2026-01-02 23:33:46,729 [ERROR] LogOutputStream:75 - [STDERR_REDIRECT] 
2026-01-02 23:34:16,729 [ERROR] LogOutputStream:75 - [STDERR_REDIRECT] Jan 02, 2026 11:34:16 PM java.util.prefs.FileSystemPreferences checkLockFile0ErrorCode
2026-01-02 23:34:16,729 [ERROR] LogOutputStream:75 - [STDERR_REDIRECT] WARNING: Could not lock System prefs. Unix error code 5.
2026-01-02 23:34:16,729 [ERROR] LogOutputStream:75 - [STDERR_REDIRECT] 
2026-01-02 23:34:16,729 [ERROR] LogOutputStream:75 - [STDERR_REDIRECT] Jan 02, 2026 11:34:16 PM java.util.prefs.FileSystemPreferences syncWorld
2026-01-02 23:34:16,729 [ERROR] LogOutputStream:75 - [STDERR_REDIRECT] WARNING: Couldn't flush system prefs: java.util.prefs.BackingStoreException: Couldn't get file lock.
2026-01-02 23:34:16,729 [ERROR] LogOutputStream:75 - [STDERR_REDIRECT] 
2026-01-02 23:34:46,729 [ERROR] LogOutputStream:75 - [STDERR_REDIRECT] Jan 02, 2026 11:34:46 PM java.util.prefs.FileSystemPreferences checkLockFile0ErrorCode
2026-01-02 23:34:46,729 [ERROR] LogOutputStream:75 - [STDERR_REDIRECT] WARNING: Could not lock System prefs. Unix error code 5.
2026-01-02 23:34:46,729 [ERROR] LogOutputStream:75 - [STDERR_REDIRECT] 
2026-01-02 23:34:46,730 [ERROR] LogOutputStream:75 - [STDERR_REDIRECT] Jan 02, 2026 11:34:46 PM java.util.prefs.FileSystemPreferences syncWorld
2026-01-02 23:34:46,730 [ERROR] LogOutputStream:75 - [STDERR_REDIRECT] WARNING: Couldn't flush system prefs: java.util.prefs.BackingStoreException: Couldn't get file lock.
2026-01-02 23:34:46,730 [ERROR] LogOutputStream:75 - [STDERR_REDIRECT] 
2026-01-02 23:35:16,728 [ERROR] LogOutputStream:75 - [STDERR_REDIRECT] Jan 02, 2026 11:35:16 PM java.util.prefs.FileSystemPreferences checkLockFile0ErrorCode
2026-01-02 23:35:16,728 [ERROR] LogOutputStream:75 - [STDERR_REDIRECT] WARNING: Could not lock System prefs. Unix error code 5.
2026-01-02 23:35:16,728 [ERROR] LogOutputStream:75 - [STDERR_REDIRECT] 
2026-01-02 23:35:16,729 [ERROR] LogOutputStream:75 - [STDERR_REDIRECT] Jan 02, 2026 11:35:16 PM java.util.prefs.FileSystemPreferences syncWorld
2026-01-02 23:35:16,729 [ERROR] LogOutputStream:75 - [STDERR_REDIRECT] WARNING: Couldn't flush system prefs: java.util.prefs.BackingStoreException: Couldn't get file lock.
2026-01-02 23:35:16,729 [ERROR] LogOutputStream:75 - [STDERR_REDIRECT] 
2026-01-02 23:35:46,728 [ERROR] LogOutputStream:75 - [STDERR_REDIRECT] Jan 02, 2026 11:35:46 PM java.util.prefs.FileSystemPreferences checkLockFile0ErrorCode
2026-01-02 23:35:46,729 [ERROR] LogOutputStream:75 - [STDERR_REDIRECT] WARNING: Could not lock System prefs. Unix error code 5.
2026-01-02 23:35:46,729 [ERROR] LogOutputStream:75 - [STDERR_REDIRECT] 
2026-01-02 23:35:46,729 [ERROR] LogOutputStream:75 - [STDERR_REDIRECT] Jan 02, 2026 11:35:46 PM java.util.prefs.FileSystemPreferences syncWorld
2026-01-02 23:35:46,729 [ERROR] LogOutputStream:75 - [STDERR_REDIRECT] WARNING: Couldn't flush system prefs: java.util.prefs.BackingStoreException: Couldn't get file lock.
2026-01-02 23:35:46,729 [ERROR] LogOutputStream:75 - [STDERR_REDIRECT] 
2026-01-02 23:36:16,729 [ERROR] LogOutputStream:75 - [STDERR_REDIRECT] Jan 02, 2026 11:36:16 PM java.util.prefs.FileSystemPreferences checkLockFile0ErrorCode
2026-01-02 23:36:16,729 [ERROR] LogOutputStream:75 - [STDERR_REDIRECT] WARNING: Could not lock System prefs. Unix error code 5.
2026-01-02 23:36:16,729 [ERROR] LogOutputStream:75 - [STDERR_REDIRECT] 
2026-01-02 23:36:16,729 [ERROR] LogOutputStream:75 - [STDERR_REDIRECT] Jan 02, 2026 11:36:16 PM java.util.prefs.FileSystemPreferences syncWorld
2026-01-02 23:36:16,729 [ERROR] LogOutputStream:75 - [STDERR_REDIRECT] WARNING: Couldn't flush system prefs: java.util.prefs.BackingStoreException: Couldn't get file lock.
2026-01-02 23:36:16,729 [ERROR] LogOutputStream:75 - [STDERR_REDIRECT] 
2026-01-02 23:36:46,729 [ERROR] LogOutputStream:75 - [STDERR_REDIRECT] Jan 02, 2026 11:36:46 PM java.util.prefs.FileSystemPreferences checkLockFile0ErrorCode
2026-01-02 23:36:46,729 [ERROR] LogOutputStream:75 - [STDERR_REDIRECT] WARNING: Could not lock System prefs. Unix error code 5.
2026-01-02 23:36:46,729 [ERROR] LogOutputStream:75 - [STDERR_REDIRECT] 
2026-01-02 23:36:46,729 [ERROR] LogOutputStream:75 - [STDERR_REDIRECT] Jan 02, 2026 11:36:46 PM java.util.prefs.FileSystemPreferences syncWorld
2026-01-02 23:36:46,729 [ERROR] LogOutputStream:75 - [STDERR_REDIRECT] WARNING: Couldn't flush system prefs: java.util.prefs.BackingStoreException: Couldn't get file lock.
2026-01-02 23:36:46,729 [ERROR] LogOutputStream:75 - [STDERR_REDIRECT] 
2026-01-02 23:37:16,729 [ERROR] LogOutputStream:75 - [STDERR_REDIRECT] Jan 02, 2026 11:37:16 PM java.util.prefs.FileSystemPreferences checkLockFile0ErrorCode
2026-01-02 23:37:16,729 [ERROR] LogOutputStream:75 - [STDERR_REDIRECT] WARNING: Could not lock System prefs. Unix error code 5.
2026-01-02 23:37:16,729 [ERROR] LogOutputStream:75 - [STDERR_REDIRECT] 
2026-01-02 23:37:16,729 [ERROR] LogOutputStream:75 - [STDERR_REDIRECT] Jan 02, 2026 11:37:16 PM java.util.prefs.FileSystemPreferences syncWorld
2026-01-02 23:37:16,729 [ERROR] LogOutputStream:75 - [STDERR_REDIRECT] WARNING: Couldn't flush system prefs: java.util.prefs.BackingStoreException: Couldn't get file lock.
2026-01-02 23:37:16,729 [ERROR] LogOutputStream:75 - [STDERR_REDIRECT] 
2026-01-02 23:37:46,728 [ERROR] LogOutputStream:75 - [STDERR_REDIRECT] Jan 02, 2026 11:37:46 PM java.util.prefs.FileSystemPreferences checkLockFile0ErrorCode
2026-01-02 23:37:46,728 [ERROR] LogOutputStream:75 - [STDERR_REDIRECT] WARNING: Could not lock System prefs. Unix error code 5.
2026-01-02 23:37:46,729 [ERROR] LogOutputStream:75 - [STDERR_REDIRECT] 
2026-01-02 23:37:46,729 [ERROR] LogOutputStream:75 - [STDERR_REDIRECT] Jan 02, 2026 11:37:46 PM java.util.prefs.FileSystemPreferences syncWorld
2026-01-02 23:37:46,729 [ERROR] LogOutputStream:75 - [STDERR_REDIRECT] WARNING: Couldn't flush system prefs: java.util.prefs.BackingStoreException: Couldn't get file lock.
2026-01-02 23:37:46,729 [ERROR] LogOutputStream:75 - [STDERR_REDIRECT] 
2026-01-02 23:38:16,728 [ERROR] LogOutputStream:75 - [STDERR_REDIRECT] Jan 02, 2026 11:38:16 PM java.util.prefs.FileSystemPreferences checkLockFile0ErrorCode
2026-01-02 23:38:16,729 [ERROR] LogOutputStream:75 - [STDERR_REDIRECT] WARNING: Could not lock System prefs. Unix error code 5.
2026-01-02 23:38:16,729 [ERROR] LogOutputStream:75 - [STDERR_REDIRECT] 
2026-01-02 23:38:16,729 [ERROR] LogOutputStream:75 - [STDERR_REDIRECT] Jan 02, 2026 11:38:16 PM java.util.prefs.FileSystemPreferences syncWorld
2026-01-02 23:38:16,729 [ERROR] LogOutputStream:75 - [STDERR_REDIRECT] WARNING: Couldn't flush system prefs: java.util.prefs.BackingStoreException: Couldn't get file lock.
2026-01-02 23:38:16,729 [ERROR] LogOutputStream:75 - [STDERR_REDIRECT] 
2026-01-02 23:38:46,729 [ERROR] LogOutputStream:75 - [STDERR_REDIRECT] Jan 02, 2026 11:38:46 PM java.util.prefs.FileSystemPreferences checkLockFile0ErrorCode
2026-01-02 23:38:46,729 [ERROR] LogOutputStream:75 - [STDERR_REDIRECT] WARNING: Could not lock System prefs. Unix error code 5.
2026-01-02 23:38:46,729 [ERROR] LogOutputStream:75 - [STDERR_REDIRECT] 
2026-01-02 23:38:46,729 [ERROR] LogOutputStream:75 - [STDERR_REDIRECT] Jan 02, 2026 11:38:46 PM java.util.prefs.FileSystemPreferences syncWorld
2026-01-02 23:38:46,729 [ERROR] LogOutputStream:75 - [STDERR_REDIRECT] WARNING: Couldn't flush system prefs: java.util.prefs.BackingStoreException: Couldn't get file lock.
2026-01-02 23:38:46,729 [ERROR] LogOutputStream:75 - [STDERR_REDIRECT] 
2026-01-02 23:39:16,730 [ERROR] LogOutputStream:75 - [STDERR_REDIRECT] Jan 02, 2026 11:39:16 PM java.util.prefs.FileSystemPreferences checkLockFile0ErrorCode
2026-01-02 23:39:16,730 [ERROR] LogOutputStream:75 - [STDERR_REDIRECT] WARNING: Could not lock System prefs. Unix error code 5.
2026-01-02 23:39:16,730 [ERROR] LogOutputStream:75 - [STDERR_REDIRECT] 
2026-01-02 23:39:16,731 [ERROR] LogOutputStream:75 - [STDERR_REDIRECT] Jan 02, 2026 11:39:16 PM java.util.prefs.FileSystemPreferences syncWorld
2026-01-02 23:39:16,731 [ERROR] LogOutputStream:75 - [STDERR_REDIRECT] WARNING: Couldn't flush system prefs: java.util.prefs.BackingStoreException: Couldn't get file lock.
2026-01-02 23:39:16,731 [ERROR] LogOutputStream:75 - [STDERR_REDIRECT] 
2026-01-02 23:39:46,729 [ERROR] LogOutputStream:75 - [STDERR_REDIRECT] Jan 02, 2026 11:39:46 PM java.util.prefs.FileSystemPreferences checkLockFile0ErrorCode
2026-01-02 23:39:46,729 [ERROR] LogOutputStream:75 - [STDERR_REDIRECT] WARNING: Could not lock System prefs. Unix error code 5.
2026-01-02 23:39:46,729 [ERROR] LogOutputStream:75 - [STDERR_REDIRECT] 
2026-01-02 23:39:46,730 [ERROR] LogOutputStream:75 - [STDERR_REDIRECT] Jan 02, 2026 11:39:46 PM java.util.prefs.FileSystemPreferences syncWorld
2026-01-02 23:39:46,730 [ERROR] LogOutputStream:75 - [STDERR_REDIRECT] WARNING: Couldn't flush system prefs: java.util.prefs.BackingStoreException: Couldn't get file lock.
2026-01-02 23:39:46,730 [ERROR] LogOutputStream:75 - [STDERR_REDIRECT] 
2026-01-02 23:40:16,728 [ERROR] LogOutputStream:75 - [STDERR_REDIRECT] Jan 02, 2026 11:40:16 PM java.util.prefs.FileSystemPreferences checkLockFile0ErrorCode
2026-01-02 23:40:16,729 [ERROR] LogOutputStream:75 - [STDERR_REDIRECT] WARNING: Could not lock System prefs. Unix error code 5.
2026-01-02 23:40:16,729 [ERROR] LogOutputStream:75 - [STDERR_REDIRECT] 
2026-01-02 23:40:16,729 [ERROR] LogOutputStream:75 - [STDERR_REDIRECT] Jan 02, 2026 11:40:16 PM java.util.prefs.FileSystemPreferences syncWorld
2026-01-02 23:40:16,729 [ERROR] LogOutputStream:75 - [STDERR_REDIRECT] WARNING: Couldn't flush system prefs: java.util.prefs.BackingStoreException: Couldn't get file lock.
2026-01-02 23:40:16,729 [ERROR] LogOutputStream:75 - [STDERR_REDIRECT] 
2026-01-02 23:40:46,728 [ERROR] LogOutputStream:75 - [STDERR_REDIRECT] Jan 02, 2026 11:40:46 PM java.util.prefs.FileSystemPreferences checkLockFile0ErrorCode
2026-01-02 23:40:46,729 [ERROR] LogOutputStream:75 - [STDERR_REDIRECT] WARNING: Could not lock System prefs. Unix error code 5.
2026-01-02 23:40:46,729 [ERROR] LogOutputStream:75 - [STDERR_REDIRECT] 
2026-01-02 23:40:46,729 [ERROR] LogOutputStream:75 - [STDERR_REDIRECT] Jan 02, 2026 11:40:46 PM java.util.prefs.FileSystemPreferences syncWorld
2026-01-02 23:40:46,729 [ERROR] LogOutputStream:75 - [STDERR_REDIRECT] WARNING: Couldn't flush system prefs: java.util.prefs.BackingStoreException: Couldn't get file lock.
2026-01-02 23:40:46,729 [ERROR] LogOutputStream:75 - [STDERR_REDIRECT] 
2026-01-02 23:41:16,730 [ERROR] LogOutputStream:75 - [STDERR_REDIRECT] Jan 02, 2026 11:41:16 PM java.util.prefs.FileSystemPreferences checkLockFile0ErrorCode
2026-01-02 23:41:16,730 [ERROR] LogOutputStream:75 - [STDERR_REDIRECT] WARNING: Could not lock System prefs. Unix error code 5.
2026-01-02 23:41:16,730 [ERROR] LogOutputStream:75 - [STDERR_REDIRECT] 
2026-01-02 23:41:16,730 [ERROR] LogOutputStream:75 - [STDERR_REDIRECT] Jan 02, 2026 11:41:16 PM java.util.prefs.FileSystemPreferences syncWorld
2026-01-02 23:41:16,730 [ERROR] LogOutputStream:75 - [STDERR_REDIRECT] WARNING: Couldn't flush system prefs: java.util.prefs.BackingStoreException: Couldn't get file lock.
2026-01-02 23:41:16,730 [ERROR] LogOutputStream:75 - [STDERR_REDIRECT] 
2026-01-02 23:41:46,729 [ERROR] LogOutputStream:75 - [STDERR_REDIRECT] Jan 02, 2026 11:41:46 PM java.util.prefs.FileSystemPreferences checkLockFile0ErrorCode
2026-01-02 23:41:46,729 [ERROR] LogOutputStream:75 - [STDERR_REDIRECT] WARNING: Could not lock System prefs. Unix error code 5.
2026-01-02 23:41:46,729 [ERROR] LogOutputStream:75 - [STDERR_REDIRECT] 
2026-01-02 23:41:46,729 [ERROR] LogOutputStream:75 - [STDERR_REDIRECT] Jan 02, 2026 11:41:46 PM java.util.prefs.FileSystemPreferences syncWorld
2026-01-02 23:41:46,730 [ERROR] LogOutputStream:75 - [STDERR_REDIRECT] WARNING: Couldn't flush system prefs: java.util.prefs.BackingStoreException: Couldn't get file lock.
2026-01-02 23:41:46,730 [ERROR] LogOutputStream:75 - [STDERR_REDIRECT] 
2026-01-02 23:42:16,729 [ERROR] LogOutputStream:75 - [STDERR_REDIRECT] Jan 02, 2026 11:42:16 PM java.util.prefs.FileSystemPreferences checkLockFile0ErrorCode
2026-01-02 23:42:16,729 [ERROR] LogOutputStream:75 - [STDERR_REDIRECT] WARNING: Could not lock System prefs. Unix error code 5.
2026-01-02 23:42:16,730 [ERROR] LogOutputStream:75 - [STDERR_REDIRECT] 
2026-01-02 23:42:16,730 [ERROR] LogOutputStream:75 - [STDERR_REDIRECT] Jan 02, 2026 11:42:16 PM java.util.prefs.FileSystemPreferences syncWorld
2026-01-02 23:42:16,730 [ERROR] LogOutputStream:75 - [STDERR_REDIRECT] WARNING: Couldn't flush system prefs: java.util.prefs.BackingStoreException: Couldn't get file lock.
2026-01-02 23:42:16,730 [ERROR] LogOutputStream:75 - [STDERR_REDIRECT] 
2026-01-02 23:42:46,729 [ERROR] LogOutputStream:75 - [STDERR_REDIRECT] Jan 02, 2026 11:42:46 PM java.util.prefs.FileSystemPreferences checkLockFile0ErrorCode
2026-01-02 23:42:46,730 [ERROR] LogOutputStream:75 - [STDERR_REDIRECT] WARNING: Could not lock System prefs. Unix error code 5.
2026-01-02 23:42:46,730 [ERROR] LogOutputStream:75 - [STDERR_REDIRECT] 
2026-01-02 23:42:46,730 [ERROR] LogOutputStream:75 - [STDERR_REDIRECT] Jan 02, 2026 11:42:46 PM java.util.prefs.FileSystemPreferences syncWorld
2026-01-02 23:42:46,730 [ERROR] LogOutputStream:75 - [STDERR_REDIRECT] WARNING: Couldn't flush system prefs: java.util.prefs.BackingStoreException: Couldn't get file lock.
2026-01-02 23:42:46,730 [ERROR] LogOutputStream:75 - [STDERR_REDIRECT] 
2026-01-02 23:43:16,730 [ERROR] LogOutputStream:75 - [STDERR_REDIRECT] Jan 02, 2026 11:43:16 PM java.util.prefs.FileSystemPreferences checkLockFile0ErrorCode
2026-01-02 23:43:16,730 [ERROR] LogOutputStream:75 - [STDERR_REDIRECT] WARNING: Could not lock System prefs. Unix error code 5.
2026-01-02 23:43:16,730 [ERROR] LogOutputStream:75 - [STDERR_REDIRECT] 
2026-01-02 23:43:16,730 [ERROR] LogOutputStream:75 - [STDERR_REDIRECT] Jan 02, 2026 11:43:16 PM java.util.prefs.FileSystemPreferences syncWorld
2026-01-02 23:43:16,730 [ERROR] LogOutputStream:75 - [STDERR_REDIRECT] WARNING: Couldn't flush system prefs: java.util.prefs.BackingStoreException: Couldn't get file lock.
2026-01-02 23:43:16,730 [ERROR] LogOutputStream:75 - [STDERR_REDIRECT] 
2026-01-02 23:43:46,732 [ERROR] LogOutputStream:75 - [STDERR_REDIRECT] Jan 02, 2026 11:43:46 PM java.util.prefs.FileSystemPreferences checkLockFile0ErrorCode
2026-01-02 23:43:46,732 [ERROR] LogOutputStream:75 - [STDERR_REDIRECT] WARNING: Could not lock System prefs. Unix error code 5.
2026-01-02 23:43:46,732 [ERROR] LogOutputStream:75 - [STDERR_REDIRECT] 
2026-01-02 23:43:46,732 [ERROR] LogOutputStream:75 - [STDERR_REDIRECT] Jan 02, 2026 11:43:46 PM java.util.prefs.FileSystemPreferences syncWorld
2026-01-02 23:43:46,732 [ERROR] LogOutputStream:75 - [STDERR_REDIRECT] WARNING: Couldn't flush system prefs: java.util.prefs.BackingStoreException: Couldn't get file lock.
2026-01-02 23:43:46,732 [ERROR] LogOutputStream:75 - [STDERR_REDIRECT] 
2026-01-02 23:44:16,731 [ERROR] LogOutputStream:75 - [STDERR_REDIRECT] Jan 02, 2026 11:44:16 PM java.util.prefs.FileSystemPreferences checkLockFile0ErrorCode
2026-01-02 23:44:16,731 [ERROR] LogOutputStream:75 - [STDERR_REDIRECT] WARNING: Could not lock System prefs. Unix error code 5.
2026-01-02 23:44:16,731 [ERROR] LogOutputStream:75 - [STDERR_REDIRECT] 
2026-01-02 23:44:16,732 [ERROR] LogOutputStream:75 - [STDERR_REDIRECT] Jan 02, 2026 11:44:16 PM java.util.prefs.FileSystemPreferences syncWorld
2026-01-02 23:44:16,732 [ERROR] LogOutputStream:75 - [STDERR_REDIRECT] WARNING: Couldn't flush system prefs: java.util.prefs.BackingStoreException: Couldn't get file lock.
2026-01-02 23:44:16,732 [ERROR] LogOutputStream:75 - [STDERR_REDIRECT] 
2026-01-02 23:44:46,730 [ERROR] LogOutputStream:75 - [STDERR_REDIRECT] Jan 02, 2026 11:44:46 PM java.util.prefs.FileSystemPreferences checkLockFile0ErrorCode
2026-01-02 23:44:46,731 [ERROR] LogOutputStream:75 - [STDERR_REDIRECT] WARNING: Could not lock System prefs. Unix error code 5.
2026-01-02 23:44:46,731 [ERROR] LogOutputStream:75 - [STDERR_REDIRECT] 
2026-01-02 23:44:46,731 [ERROR] LogOutputStream:75 - [STDERR_REDIRECT] Jan 02, 2026 11:44:46 PM java.util.prefs.FileSystemPreferences syncWorld
2026-01-02 23:44:46,731 [ERROR] LogOutputStream:75 - [STDERR_REDIRECT] WARNING: Couldn't flush system prefs: java.util.prefs.BackingStoreException: Couldn't get file lock.
2026-01-02 23:44:46,731 [ERROR] LogOutputStream:75 - [STDERR_REDIRECT] 
2026-01-02 23:45:16,731 [ERROR] LogOutputStream:75 - [STDERR_REDIRECT] Jan 02, 2026 11:45:16 PM java.util.prefs.FileSystemPreferences checkLockFile0ErrorCode
2026-01-02 23:45:16,731 [ERROR] LogOutputStream:75 - [STDERR_REDIRECT] WARNING: Could not lock System prefs. Unix error code 5.
2026-01-02 23:45:16,731 [ERROR] LogOutputStream:75 - [STDERR_REDIRECT] 
2026-01-02 23:45:16,731 [ERROR] LogOutputStream:75 - [STDERR_REDIRECT] Jan 02, 2026 11:45:16 PM java.util.prefs.FileSystemPreferences syncWorld
2026-01-02 23:45:16,731 [ERROR] LogOutputStream:75 - [STDERR_REDIRECT] WARNING: Couldn't flush system prefs: java.util.prefs.BackingStoreException: Couldn't get file lock.
2026-01-02 23:45:16,731 [ERROR] LogOutputStream:75 - [STDERR_REDIRECT] 
2026-01-02 23:45:46,731 [ERROR] LogOutputStream:75 - [STDERR_REDIRECT] Jan 02, 2026 11:45:46 PM java.util.prefs.FileSystemPreferences checkLockFile0ErrorCode
2026-01-02 23:45:46,731 [ERROR] LogOutputStream:75 - [STDERR_REDIRECT] WARNING: Could not lock System prefs. Unix error code 5.
2026-01-02 23:45:46,731 [ERROR] LogOutputStream:75 - [STDERR_REDIRECT] 
2026-01-02 23:45:46,731 [ERROR] LogOutputStream:75 - [STDERR_REDIRECT] Jan 02, 2026 11:45:46 PM java.util.prefs.FileSystemPreferences syncWorld
2026-01-02 23:45:46,732 [ERROR] LogOutputStream:75 - [STDERR_REDIRECT] WARNING: Couldn't flush system prefs: java.util.prefs.BackingStoreException: Couldn't get file lock.
2026-01-02 23:45:46,732 [ERROR] LogOutputStream:75 - [STDERR_REDIRECT] 
2026-01-02 23:46:16,731 [ERROR] LogOutputStream:75 - [STDERR_REDIRECT] Jan 02, 2026 11:46:16 PM java.util.prefs.FileSystemPreferences checkLockFile0ErrorCode
2026-01-02 23:46:16,731 [ERROR] LogOutputStream:75 - [STDERR_REDIRECT] WARNING: Could not lock System prefs. Unix error code 5.
2026-01-02 23:46:16,731 [ERROR] LogOutputStream:75 - [STDERR_REDIRECT] 
2026-01-02 23:46:16,732 [ERROR] LogOutputStream:75 - [STDERR_REDIRECT] Jan 02, 2026 11:46:16 PM java.util.prefs.FileSystemPreferences syncWorld
2026-01-02 23:46:16,732 [ERROR] LogOutputStream:75 - [STDERR_REDIRECT] WARNING: Couldn't flush system prefs: java.util.prefs.BackingStoreException: Couldn't get file lock.
2026-01-02 23:46:16,732 [ERROR] LogOutputStream:75 - [STDERR_REDIRECT] 
2026-01-02 23:46:46,731 [ERROR] LogOutputStream:75 - [STDERR_REDIRECT] Jan 02, 2026 11:46:46 PM java.util.prefs.FileSystemPreferences checkLockFile0ErrorCode
2026-01-02 23:46:46,732 [ERROR] LogOutputStream:75 - [STDERR_REDIRECT] WARNING: Could not lock System prefs. Unix error code 5.
2026-01-02 23:46:46,732 [ERROR] LogOutputStream:75 - [STDERR_REDIRECT] 
2026-01-02 23:46:46,732 [ERROR] LogOutputStream:75 - [STDERR_REDIRECT] Jan 02, 2026 11:46:46 PM java.util.prefs.FileSystemPreferences syncWorld
2026-01-02 23:46:46,732 [ERROR] LogOutputStream:75 - [STDERR_REDIRECT] WARNING: Couldn't flush system prefs: java.util.prefs.BackingStoreException: Couldn't get file lock.
2026-01-02 23:46:46,732 [ERROR] LogOutputStream:75 - [STDERR_REDIRECT] 
2026-01-02 23:47:16,731 [ERROR] LogOutputStream:75 - [STDERR_REDIRECT] Jan 02, 2026 11:47:16 PM java.util.prefs.FileSystemPreferences checkLockFile0ErrorCode
2026-01-02 23:47:16,732 [ERROR] LogOutputStream:75 - [STDERR_REDIRECT] WARNING: Could not lock System prefs. Unix error code 5.
2026-01-02 23:47:16,732 [ERROR] LogOutputStream:75 - [STDERR_REDIRECT] 
2026-01-02 23:47:16,732 [ERROR] LogOutputStream:75 - [STDERR_REDIRECT] Jan 02, 2026 11:47:16 PM java.util.prefs.FileSystemPreferences syncWorld
2026-01-02 23:47:16,732 [ERROR] LogOutputStream:75 - [STDERR_REDIRECT] WARNING: Couldn't flush system prefs: java.util.prefs.BackingStoreException: Couldn't get file lock.
2026-01-02 23:47:16,732 [ERROR] LogOutputStream:75 - [STDERR_REDIRECT] 
2026-01-02 23:47:46,733 [ERROR] LogOutputStream:75 - [STDERR_REDIRECT] Jan 02, 2026 11:47:46 PM java.util.prefs.FileSystemPreferences checkLockFile0ErrorCode
2026-01-02 23:47:46,733 [ERROR] LogOutputStream:75 - [STDERR_REDIRECT] WARNING: Could not lock System prefs. Unix error code 5.
2026-01-02 23:47:46,733 [ERROR] LogOutputStream:75 - [STDERR_REDIRECT] 
2026-01-02 23:47:46,733 [ERROR] LogOutputStream:75 - [STDERR_REDIRECT] Jan 02, 2026 11:47:46 PM java.util.prefs.FileSystemPreferences syncWorld
2026-01-02 23:47:46,733 [ERROR] LogOutputStream:75 - [STDERR_REDIRECT] WARNING: Couldn't flush system prefs: java.util.prefs.BackingStoreException: Couldn't get file lock.
2026-01-02 23:47:46,733 [ERROR] LogOutputStream:75 - [STDERR_REDIRECT] 
2026-01-02 23:48:16,732 [ERROR] LogOutputStream:75 - [STDERR_REDIRECT] Jan 02, 2026 11:48:16 PM java.util.prefs.FileSystemPreferences checkLockFile0ErrorCode
2026-01-02 23:48:16,733 [ERROR] LogOutputStream:75 - [STDERR_REDIRECT] WARNING: Could not lock System prefs. Unix error code 5.
2026-01-02 23:48:16,733 [ERROR] LogOutputStream:75 - [STDERR_REDIRECT] 
2026-01-02 23:48:16,733 [ERROR] LogOutputStream:75 - [STDERR_REDIRECT] Jan 02, 2026 11:48:16 PM java.util.prefs.FileSystemPreferences syncWorld
2026-01-02 23:48:16,733 [ERROR] LogOutputStream:75 - [STDERR_REDIRECT] WARNING: Couldn't flush system prefs: java.util.prefs.BackingStoreException: Couldn't get file lock.
2026-01-02 23:48:16,733 [ERROR] LogOutputStream:75 - [STDERR_REDIRECT] 
2026-01-02 23:48:46,732 [ERROR] LogOutputStream:75 - [STDERR_REDIRECT] Jan 02, 2026 11:48:46 PM java.util.prefs.FileSystemPreferences checkLockFile0ErrorCode
2026-01-02 23:48:46,732 [ERROR] LogOutputStream:75 - [STDERR_REDIRECT] WARNING: Could not lock System prefs. Unix error code 5.
2026-01-02 23:48:46,732 [ERROR] LogOutputStream:75 - [STDERR_REDIRECT] 
2026-01-02 23:48:46,732 [ERROR] LogOutputStream:75 - [STDERR_REDIRECT] Jan 02, 2026 11:48:46 PM java.util.prefs.FileSystemPreferences syncWorld
2026-01-02 23:48:46,732 [ERROR] LogOutputStream:75 - [STDERR_REDIRECT] WARNING: Couldn't flush system prefs: java.util.prefs.BackingStoreException: Couldn't get file lock.
2026-01-02 23:48:46,732 [ERROR] LogOutputStream:75 - [STDERR_REDIRECT] 
2026-01-02 23:49:16,733 [ERROR] LogOutputStream:75 - [STDERR_REDIRECT] Jan 02, 2026 11:49:16 PM java.util.prefs.FileSystemPreferences checkLockFile0ErrorCode
2026-01-02 23:49:16,733 [ERROR] LogOutputStream:75 - [STDERR_REDIRECT] WARNING: Could not lock System prefs. Unix error code 5.
2026-01-02 23:49:16,733 [ERROR] LogOutputStream:75 - [STDERR_REDIRECT] 
2026-01-02 23:49:16,733 [ERROR] LogOutputStream:75 - [STDERR_REDIRECT] Jan 02, 2026 11:49:16 PM java.util.prefs.FileSystemPreferences syncWorld
2026-01-02 23:49:16,733 [ERROR] LogOutputStream:75 - [STDERR_REDIRECT] WARNING: Couldn't flush system prefs: java.util.prefs.BackingStoreException: Couldn't get file lock.
2026-01-02 23:49:16,733 [ERROR] LogOutputStream:75 - [STDERR_REDIRECT] 
2026-01-02 23:49:46,734 [ERROR] LogOutputStream:75 - [STDERR_REDIRECT] Jan 02, 2026 11:49:46 PM java.util.prefs.FileSystemPreferences checkLockFile0ErrorCode
2026-01-02 23:49:46,734 [ERROR] LogOutputStream:75 - [STDERR_REDIRECT] WARNING: Could not lock System prefs. Unix error code 5.
2026-01-02 23:49:46,734 [ERROR] LogOutputStream:75 - [STDERR_REDIRECT] 
2026-01-02 23:49:46,734 [ERROR] LogOutputStream:75 - [STDERR_REDIRECT] Jan 02, 2026 11:49:46 PM java.util.prefs.FileSystemPreferences syncWorld
2026-01-02 23:49:46,734 [ERROR] LogOutputStream:75 - [STDERR_REDIRECT] WARNING: Couldn't flush system prefs: java.util.prefs.BackingStoreException: Couldn't get file lock.
2026-01-02 23:49:46,734 [ERROR] LogOutputStream:75 - [STDERR_REDIRECT] 
2026-01-02 23:50:16,733 [ERROR] LogOutputStream:75 - [STDERR_REDIRECT] Jan 02, 2026 11:50:16 PM java.util.prefs.FileSystemPreferences checkLockFile0ErrorCode
2026-01-02 23:50:16,733 [ERROR] LogOutputStream:75 - [STDERR_REDIRECT] WARNING: Could not lock System prefs. Unix error code 5.
2026-01-02 23:50:16,733 [ERROR] LogOutputStream:75 - [STDERR_REDIRECT] 
2026-01-02 23:50:16,733 [ERROR] LogOutputStream:75 - [STDERR_REDIRECT] Jan 02, 2026 11:50:16 PM java.util.prefs.FileSystemPreferences syncWorld
2026-01-02 23:50:16,733 [ERROR] LogOutputStream:75 - [STDERR_REDIRECT] WARNING: Couldn't flush system prefs: java.util.prefs.BackingStoreException: Couldn't get file lock.
2026-01-02 23:50:16,733 [ERROR] LogOutputStream:75 - [STDERR_REDIRECT] 
2026-01-02 23:50:46,734 [ERROR] LogOutputStream:75 - [STDERR_REDIRECT] Jan 02, 2026 11:50:46 PM java.util.prefs.FileSystemPreferences checkLockFile0ErrorCode
2026-01-02 23:50:46,734 [ERROR] LogOutputStream:75 - [STDERR_REDIRECT] WARNING: Could not lock System prefs. Unix error code 5.
2026-01-02 23:50:46,734 [ERROR] LogOutputStream:75 - [STDERR_REDIRECT] 
2026-01-02 23:50:46,734 [ERROR] LogOutputStream:75 - [STDERR_REDIRECT] Jan 02, 2026 11:50:46 PM java.util.prefs.FileSystemPreferences syncWorld
2026-01-02 23:50:46,735 [ERROR] LogOutputStream:75 - [STDERR_REDIRECT] WARNING: Couldn't flush system prefs: java.util.prefs.BackingStoreException: Couldn't get file lock.
2026-01-02 23:50:46,735 [ERROR] LogOutputStream:75 - [STDERR_REDIRECT] 
2026-01-02 23:51:16,733 [ERROR] LogOutputStream:75 - [STDERR_REDIRECT] Jan 02, 2026 11:51:16 PM java.util.prefs.FileSystemPreferences checkLockFile0ErrorCode
2026-01-02 23:51:16,733 [ERROR] LogOutputStream:75 - [STDERR_REDIRECT] WARNING: Could not lock System prefs. Unix error code 5.
2026-01-02 23:51:16,733 [ERROR] LogOutputStream:75 - [STDERR_REDIRECT] 
2026-01-02 23:51:16,734 [ERROR] LogOutputStream:75 - [STDERR_REDIRECT] Jan 02, 2026 11:51:16 PM java.util.prefs.FileSystemPreferences syncWorld
2026-01-02 23:51:16,734 [ERROR] LogOutputStream:75 - [STDERR_REDIRECT] WARNING: Couldn't flush system prefs: java.util.prefs.BackingStoreException: Couldn't get file lock.
2026-01-02 23:51:16,734 [ERROR] LogOutputStream:75 - [STDERR_REDIRECT] 
2026-01-02 23:51:46,734 [ERROR] LogOutputStream:75 - [STDERR_REDIRECT] Jan 02, 2026 11:51:46 PM java.util.prefs.FileSystemPreferences checkLockFile0ErrorCode
2026-01-02 23:51:46,734 [ERROR] LogOutputStream:75 - [STDERR_REDIRECT] WARNING: Could not lock System prefs. Unix error code 5.
2026-01-02 23:51:46,734 [ERROR] LogOutputStream:75 - [STDERR_REDIRECT] 
2026-01-02 23:51:46,734 [ERROR] LogOutputStream:75 - [STDERR_REDIRECT] Jan 02, 2026 11:51:46 PM java.util.prefs.FileSystemPreferences syncWorld
2026-01-02 23:51:46,734 [ERROR] LogOutputStream:75 - [STDERR_REDIRECT] WARNING: Couldn't flush system prefs: java.util.prefs.BackingStoreException: Couldn't get file lock.
2026-01-02 23:51:46,734 [ERROR] LogOutputStream:75 - [STDERR_REDIRECT] 
2026-01-02 23:52:16,734 [ERROR] LogOutputStream:75 - [STDERR_REDIRECT] Jan 02, 2026 11:52:16 PM java.util.prefs.FileSystemPreferences checkLockFile0ErrorCode
2026-01-02 23:52:16,735 [ERROR] LogOutputStream:75 - [STDERR_REDIRECT] WARNING: Could not lock System prefs. Unix error code 5.
2026-01-02 23:52:16,735 [ERROR] LogOutputStream:75 - [STDERR_REDIRECT] 
2026-01-02 23:52:16,735 [ERROR] LogOutputStream:75 - [STDERR_REDIRECT] Jan 02, 2026 11:52:16 PM java.util.prefs.FileSystemPreferences syncWorld
2026-01-02 23:52:16,735 [ERROR] LogOutputStream:75 - [STDERR_REDIRECT] WARNING: Couldn't flush system prefs: java.util.prefs.BackingStoreException: Couldn't get file lock.
2026-01-02 23:52:16,735 [ERROR] LogOutputStream:75 - [STDERR_REDIRECT] 
2026-01-02 23:52:46,734 [ERROR] LogOutputStream:75 - [STDERR_REDIRECT] Jan 02, 2026 11:52:46 PM java.util.prefs.FileSystemPreferences checkLockFile0ErrorCode
2026-01-02 23:52:46,734 [ERROR] LogOutputStream:75 - [STDERR_REDIRECT] WARNING: Could not lock System prefs. Unix error code 5.
2026-01-02 23:52:46,734 [ERROR] LogOutputStream:75 - [STDERR_REDIRECT] 
2026-01-02 23:52:46,734 [ERROR] LogOutputStream:75 - [STDERR_REDIRECT] Jan 02, 2026 11:52:46 PM java.util.prefs.FileSystemPreferences syncWorld
2026-01-02 23:52:46,734 [ERROR] LogOutputStream:75 - [STDERR_REDIRECT] WARNING: Couldn't flush system prefs: java.util.prefs.BackingStoreException: Couldn't get file lock.
2026-01-02 23:52:46,734 [ERROR] LogOutputStream:75 - [STDERR_REDIRECT] 
2026-01-02 23:53:16,734 [ERROR] LogOutputStream:75 - [STDERR_REDIRECT] Jan 02, 2026 11:53:16 PM java.util.prefs.FileSystemPreferences checkLockFile0ErrorCode
2026-01-02 23:53:16,734 [ERROR] LogOutputStream:75 - [STDERR_REDIRECT] WARNING: Could not lock System prefs. Unix error code 5.
2026-01-02 23:53:16,734 [ERROR] LogOutputStream:75 - [STDERR_REDIRECT] 
2026-01-02 23:53:16,734 [ERROR] LogOutputStream:75 - [STDERR_REDIRECT] Jan 02, 2026 11:53:16 PM java.util.prefs.FileSystemPreferences syncWorld
2026-01-02 23:53:16,735 [ERROR] LogOutputStream:75 - [STDERR_REDIRECT] WARNING: Couldn't flush system prefs: java.util.prefs.BackingStoreException: Couldn't get file lock.
2026-01-02 23:53:16,752 [ERROR] LogOutputStream:75 - [STDERR_REDIRECT] 
2026-01-02 23:53:46,733 [ERROR] LogOutputStream:75 - [STDERR_REDIRECT] Jan 02, 2026 11:53:46 PM java.util.prefs.FileSystemPreferences checkLockFile0ErrorCode
2026-01-02 23:53:46,733 [ERROR] LogOutputStream:75 - [STDERR_REDIRECT] WARNING: Could not lock System prefs. Unix error code 5.
2026-01-02 23:53:46,733 [ERROR] LogOutputStream:75 - [STDERR_REDIRECT] 
2026-01-02 23:53:46,734 [ERROR] LogOutputStream:75 - [STDERR_REDIRECT] Jan 02, 2026 11:53:46 PM java.util.prefs.FileSystemPreferences syncWorld
2026-01-02 23:53:46,734 [ERROR] LogOutputStream:75 - [STDERR_REDIRECT] WARNING: Couldn't flush system prefs: java.util.prefs.BackingStoreException: Couldn't get file lock.
2026-01-02 23:53:46,734 [ERROR] LogOutputStream:75 - [STDERR_REDIRECT] 
2026-01-02 23:54:16,733 [ERROR] LogOutputStream:75 - [STDERR_REDIRECT] Jan 02, 2026 11:54:16 PM java.util.prefs.FileSystemPreferences checkLockFile0ErrorCode
2026-01-02 23:54:16,734 [ERROR] LogOutputStream:75 - [STDERR_REDIRECT] WARNING: Could not lock System prefs. Unix error code 5.
2026-01-02 23:54:16,734 [ERROR] LogOutputStream:75 - [STDERR_REDIRECT] 
2026-01-02 23:54:16,734 [ERROR] LogOutputStream:75 - [STDERR_REDIRECT] Jan 02, 2026 11:54:16 PM java.util.prefs.FileSystemPreferences syncWorld
2026-01-02 23:54:16,734 [ERROR] LogOutputStream:75 - [STDERR_REDIRECT] WARNING: Couldn't flush system prefs: java.util.prefs.BackingStoreException: Couldn't get file lock.
2026-01-02 23:54:16,734 [ERROR] LogOutputStream:75 - [STDERR_REDIRECT] 
2026-01-02 23:54:46,734 [ERROR] LogOutputStream:75 - [STDERR_REDIRECT] Jan 02, 2026 11:54:46 PM java.util.prefs.FileSystemPreferences checkLockFile0ErrorCode
2026-01-02 23:54:46,734 [ERROR] LogOutputStream:75 - [STDERR_REDIRECT] WARNING: Could not lock System prefs. Unix error code 5.
2026-01-02 23:54:46,751 [ERROR] LogOutputStream:75 - [STDERR_REDIRECT] 
2026-01-02 23:54:46,751 [ERROR] LogOutputStream:75 - [STDERR_REDIRECT] Jan 02, 2026 11:54:46 PM java.util.prefs.FileSystemPreferences syncWorld
2026-01-02 23:54:46,751 [ERROR] LogOutputStream:75 - [STDERR_REDIRECT] WARNING: Couldn't flush system prefs: java.util.prefs.BackingStoreException: Couldn't get file lock.
2026-01-02 23:54:46,751 [ERROR] LogOutputStream:75 - [STDERR_REDIRECT] 
2026-01-02 23:55:16,734 [ERROR] LogOutputStream:75 - [STDERR_REDIRECT] Jan 02, 2026 11:55:16 PM java.util.prefs.FileSystemPreferences checkLockFile0ErrorCode
2026-01-02 23:55:16,734 [ERROR] LogOutputStream:75 - [STDERR_REDIRECT] WARNING: Could not lock System prefs. Unix error code 5.
2026-01-02 23:55:16,734 [ERROR] LogOutputStream:75 - [STDERR_REDIRECT] 
2026-01-02 23:55:16,734 [ERROR] LogOutputStream:75 - [STDERR_REDIRECT] Jan 02, 2026 11:55:16 PM java.util.prefs.FileSystemPreferences syncWorld
2026-01-02 23:55:16,734 [ERROR] LogOutputStream:75 - [STDERR_REDIRECT] WARNING: Couldn't flush system prefs: java.util.prefs.BackingStoreException: Couldn't get file lock.
2026-01-02 23:55:16,734 [ERROR] LogOutputStream:75 - [STDERR_REDIRECT] 
2026-01-02 23:55:46,734 [ERROR] LogOutputStream:75 - [STDERR_REDIRECT] Jan 02, 2026 11:55:46 PM java.util.prefs.FileSystemPreferences checkLockFile0ErrorCode
2026-01-02 23:55:46,734 [ERROR] LogOutputStream:75 - [STDERR_REDIRECT] WARNING: Could not lock System prefs. Unix error code 5.
2026-01-02 23:55:46,734 [ERROR] LogOutputStream:75 - [STDERR_REDIRECT] 
2026-01-02 23:55:46,734 [ERROR] LogOutputStream:75 - [STDERR_REDIRECT] Jan 02, 2026 11:55:46 PM java.util.prefs.FileSystemPreferences syncWorld
2026-01-02 23:55:46,735 [ERROR] LogOutputStream:75 - [STDERR_REDIRECT] WARNING: Couldn't flush system prefs: java.util.prefs.BackingStoreException: Couldn't get file lock.
2026-01-02 23:55:46,735 [ERROR] LogOutputStream:75 - [STDERR_REDIRECT] 
2026-01-02 23:56:16,734 [ERROR] LogOutputStream:75 - [STDERR_REDIRECT] Jan 02, 2026 11:56:16 PM java.util.prefs.FileSystemPreferences checkLockFile0ErrorCode
2026-01-02 23:56:16,735 [ERROR] LogOutputStream:75 - [STDERR_REDIRECT] WARNING: Could not lock System prefs. Unix error code 5.
2026-01-02 23:56:16,735 [ERROR] LogOutputStream:75 - [STDERR_REDIRECT] 
2026-01-02 23:56:16,735 [ERROR] LogOutputStream:75 - [STDERR_REDIRECT] Jan 02, 2026 11:56:16 PM java.util.prefs.FileSystemPreferences syncWorld
2026-01-02 23:56:16,735 [ERROR] LogOutputStream:75 - [STDERR_REDIRECT] WARNING: Couldn't flush system prefs: java.util.prefs.BackingStoreException: Couldn't get file lock.
2026-01-02 23:56:16,735 [ERROR] LogOutputStream:75 - [STDERR_REDIRECT] 
2026-01-02 23:56:46,736 [ERROR] LogOutputStream:75 - [STDERR_REDIRECT] Jan 02, 2026 11:56:46 PM java.util.prefs.FileSystemPreferences checkLockFile0ErrorCode
2026-01-02 23:56:46,736 [ERROR] LogOutputStream:75 - [STDERR_REDIRECT] WARNING: Could not lock System prefs. Unix error code 5.
2026-01-02 23:56:46,736 [ERROR] LogOutputStream:75 - [STDERR_REDIRECT] 
2026-01-02 23:56:46,736 [ERROR] LogOutputStream:75 - [STDERR_REDIRECT] Jan 02, 2026 11:56:46 PM java.util.prefs.FileSystemPreferences syncWorld
2026-01-02 23:56:46,736 [ERROR] LogOutputStream:75 - [STDERR_REDIRECT] WARNING: Couldn't flush system prefs: java.util.prefs.BackingStoreException: Couldn't get file lock.
2026-01-02 23:56:46,736 [ERROR] LogOutputStream:75 - [STDERR_REDIRECT] 
2026-01-02 23:57:16,735 [ERROR] LogOutputStream:75 - [STDERR_REDIRECT] Jan 02, 2026 11:57:16 PM java.util.prefs.FileSystemPreferences checkLockFile0ErrorCode
2026-01-02 23:57:16,735 [ERROR] LogOutputStream:75 - [STDERR_REDIRECT] WARNING: Could not lock System prefs. Unix error code 5.
2026-01-02 23:57:16,735 [ERROR] LogOutputStream:75 - [STDERR_REDIRECT] 
2026-01-02 23:57:16,735 [ERROR] LogOutputStream:75 - [STDERR_REDIRECT] Jan 02, 2026 11:57:16 PM java.util.prefs.FileSystemPreferences syncWorld
2026-01-02 23:57:16,735 [ERROR] LogOutputStream:75 - [STDERR_REDIRECT] WARNING: Couldn't flush system prefs: java.util.prefs.BackingStoreException: Couldn't get file lock.
2026-01-02 23:57:16,735 [ERROR] LogOutputStream:75 - [STDERR_REDIRECT] 
2026-01-02 23:57:46,735 [ERROR] LogOutputStream:75 - [STDERR_REDIRECT] Jan 02, 2026 11:57:46 PM java.util.prefs.FileSystemPreferences checkLockFile0ErrorCode
2026-01-02 23:57:46,735 [ERROR] LogOutputStream:75 - [STDERR_REDIRECT] WARNING: Could not lock System prefs. Unix error code 5.
2026-01-02 23:57:46,735 [ERROR] LogOutputStream:75 - [STDERR_REDIRECT] 
2026-01-02 23:57:46,735 [ERROR] LogOutputStream:75 - [STDERR_REDIRECT] Jan 02, 2026 11:57:46 PM java.util.prefs.FileSystemPreferences syncWorld
2026-01-02 23:57:46,735 [ERROR] LogOutputStream:75 - [STDERR_REDIRECT] WARNING: Couldn't flush system prefs: java.util.prefs.BackingStoreException: Couldn't get file lock.
2026-01-02 23:57:46,736 [ERROR] LogOutputStream:75 - [STDERR_REDIRECT] 
2026-01-02 23:58:16,734 [ERROR] LogOutputStream:75 - [STDERR_REDIRECT] Jan 02, 2026 11:58:16 PM java.util.prefs.FileSystemPreferences checkLockFile0ErrorCode
2026-01-02 23:58:16,734 [ERROR] LogOutputStream:75 - [STDERR_REDIRECT] WARNING: Could not lock System prefs. Unix error code 5.
2026-01-02 23:58:16,734 [ERROR] LogOutputStream:75 - [STDERR_REDIRECT] 
2026-01-02 23:58:16,734 [ERROR] LogOutputStream:75 - [STDERR_REDIRECT] Jan 02, 2026 11:58:16 PM java.util.prefs.FileSystemPreferences syncWorld
2026-01-02 23:58:16,734 [ERROR] LogOutputStream:75 - [STDERR_REDIRECT] WARNING: Couldn't flush system prefs: java.util.prefs.BackingStoreException: Couldn't get file lock.
2026-01-02 23:58:16,734 [ERROR] LogOutputStream:75 - [STDERR_REDIRECT] 
2026-01-02 23:58:46,735 [ERROR] LogOutputStream:75 - [STDERR_REDIRECT] Jan 02, 2026 11:58:46 PM java.util.prefs.FileSystemPreferences checkLockFile0ErrorCode
2026-01-02 23:58:46,735 [ERROR] LogOutputStream:75 - [STDERR_REDIRECT] WARNING: Could not lock System prefs. Unix error code 5.
2026-01-02 23:58:46,735 [ERROR] LogOutputStream:75 - [STDERR_REDIRECT] 
2026-01-02 23:58:46,736 [ERROR] LogOutputStream:75 - [STDERR_REDIRECT] Jan 02, 2026 11:58:46 PM java.util.prefs.FileSystemPreferences syncWorld
2026-01-02 23:58:46,736 [ERROR] LogOutputStream:75 - [STDERR_REDIRECT] WARNING: Couldn't flush system prefs: java.util.prefs.BackingStoreException: Couldn't get file lock.
2026-01-02 23:58:46,736 [ERROR] LogOutputStream:75 - [STDERR_REDIRECT] 
2026-01-02 23:59:16,737 [ERROR] LogOutputStream:75 - [STDERR_REDIRECT] Jan 02, 2026 11:59:16 PM java.util.prefs.FileSystemPreferences checkLockFile0ErrorCode
2026-01-02 23:59:16,737 [ERROR] LogOutputStream:75 - [STDERR_REDIRECT] WARNING: Could not lock System prefs. Unix error code 5.
2026-01-02 23:59:16,737 [ERROR] LogOutputStream:75 - [STDERR_REDIRECT] 
2026-01-02 23:59:16,738 [ERROR] LogOutputStream:75 - [STDERR_REDIRECT] Jan 02, 2026 11:59:16 PM java.util.prefs.FileSystemPreferences syncWorld
2026-01-02 23:59:16,738 [ERROR] LogOutputStream:75 - [STDERR_REDIRECT] WARNING: Couldn't flush system prefs: java.util.prefs.BackingStoreException: Couldn't get file lock.
2026-01-02 23:59:16,738 [ERROR] LogOutputStream:75 - [STDERR_REDIRECT] 
2026-01-02 23:59:46,736 [ERROR] LogOutputStream:75 - [STDERR_REDIRECT] Jan 02, 2026 11:59:46 PM java.util.prefs.FileSystemPreferences checkLockFile0ErrorCode
2026-01-02 23:59:46,736 [ERROR] LogOutputStream:75 - [STDERR_REDIRECT] WARNING: Could not lock System prefs. Unix error code 5.
2026-01-02 23:59:46,736 [ERROR] LogOutputStream:75 - [STDERR_REDIRECT] 
2026-01-02 23:59:46,736 [ERROR] LogOutputStream:75 - [STDERR_REDIRECT] Jan 02, 2026 11:59:46 PM java.util.prefs.FileSystemPreferences syncWorld
2026-01-02 23:59:46,736 [ERROR] LogOutputStream:75 - [STDERR_REDIRECT] WARNING: Couldn't flush system prefs: java.util.prefs.BackingStoreException: Couldn't get file lock.
2026-01-02 23:59:46,736 [ERROR] LogOutputStream:75 - [STDERR_REDIRECT] 
