2026-02-11 22:45:19,150 [ERROR] LogOutputStream:75 - [STDERR_REDIRECT] Feb 11, 2026 10:45:19 PM java.util.prefs.FileSystemPreferences checkLockFile0ErrorCode
2026-02-11 22:45:19,152 [ERROR] LogOutputStream:75 - [STDERR_REDIRECT] WARNING: Could not lock System prefs. Unix error code 5.
2026-02-11 22:45:19,152 [ERROR] LogOutputStream:75 - [STDERR_REDIRECT] 
2026-02-11 22:45:19,153 [ERROR] LogOutputStream:75 - [STDERR_REDIRECT] Feb 11, 2026 10:45:19 PM java.util.prefs.FileSystemPreferences syncWorld
2026-02-11 22:45:19,153 [ERROR] LogOutputStream:75 - [STDERR_REDIRECT] WARNING: Couldn't flush system prefs: java.util.prefs.BackingStoreException: Couldn't get file lock.
2026-02-11 22:45:19,153 [ERROR] LogOutputStream:75 - [STDERR_REDIRECT] 
2026-02-11 22:45:49,142 [ERROR] LogOutputStream:75 - [STDERR_REDIRECT] Feb 11, 2026 10:45:49 PM java.util.prefs.FileSystemPreferences checkLockFile0ErrorCode
2026-02-11 22:45:49,142 [ERROR] LogOutputStream:75 - [STDERR_REDIRECT] WARNING: Could not lock System prefs. Unix error code 5.
2026-02-11 22:45:49,142 [ERROR] LogOutputStream:75 - [STDERR_REDIRECT] 
2026-02-11 22:45:49,142 [ERROR] LogOutputStream:75 - [STDERR_REDIRECT] Feb 11, 2026 10:45:49 PM java.util.prefs.FileSystemPreferences syncWorld
2026-02-11 22:45:49,142 [ERROR] LogOutputStream:75 - [STDERR_REDIRECT] WARNING: Couldn't flush system prefs: java.util.prefs.BackingStoreException: Couldn't get file lock.
2026-02-11 22:45:49,142 [ERROR] LogOutputStream:75 - [STDERR_REDIRECT] 
2026-02-11 22:46:19,143 [ERROR] LogOutputStream:75 - [STDERR_REDIRECT] Feb 11, 2026 10:46:19 PM java.util.prefs.FileSystemPreferences checkLockFile0ErrorCode
2026-02-11 22:46:19,143 [ERROR] LogOutputStream:75 - [STDERR_REDIRECT] WARNING: Could not lock System prefs. Unix error code 5.
2026-02-11 22:46:19,143 [ERROR] LogOutputStream:75 - [STDERR_REDIRECT] 
2026-02-11 22:46:19,144 [ERROR] LogOutputStream:75 - [STDERR_REDIRECT] Feb 11, 2026 10:46:19 PM java.util.prefs.FileSystemPreferences syncWorld
2026-02-11 22:46:19,144 [ERROR] LogOutputStream:75 - [STDERR_REDIRECT] WARNING: Couldn't flush system prefs: java.util.prefs.BackingStoreException: Couldn't get file lock.
2026-02-11 22:46:19,144 [ERROR] LogOutputStream:75 - [STDERR_REDIRECT] 
2026-02-11 22:46:49,143 [ERROR] LogOutputStream:75 - [STDERR_REDIRECT] Feb 11, 2026 10:46:49 PM java.util.prefs.FileSystemPreferences checkLockFile0ErrorCode
2026-02-11 22:46:49,143 [ERROR] LogOutputStream:75 - [STDERR_REDIRECT] WARNING: Could not lock System prefs. Unix error code 5.
2026-02-11 22:46:49,143 [ERROR] LogOutputStream:75 - [STDERR_REDIRECT] 
2026-02-11 22:46:49,143 [ERROR] LogOutputStream:75 - [STDERR_REDIRECT] Feb 11, 2026 10:46:49 PM java.util.prefs.FileSystemPreferences syncWorld
2026-02-11 22:46:49,143 [ERROR] LogOutputStream:75 - [STDERR_REDIRECT] WARNING: Couldn't flush system prefs: java.util.prefs.BackingStoreException: Couldn't get file lock.
2026-02-11 22:46:49,143 [ERROR] LogOutputStream:75 - [STDERR_REDIRECT] 
2026-02-11 22:47:19,143 [ERROR] LogOutputStream:75 - [STDERR_REDIRECT] Feb 11, 2026 10:47:19 PM java.util.prefs.FileSystemPreferences checkLockFile0ErrorCode
2026-02-11 22:47:19,143 [ERROR] LogOutputStream:75 - [STDERR_REDIRECT] WARNING: Could not lock System prefs. Unix error code 5.
2026-02-11 22:47:19,144 [ERROR] LogOutputStream:75 - [STDERR_REDIRECT] 
2026-02-11 22:47:19,144 [ERROR] LogOutputStream:75 - [STDERR_REDIRECT] Feb 11, 2026 10:47:19 PM java.util.prefs.FileSystemPreferences syncWorld
2026-02-11 22:47:19,144 [ERROR] LogOutputStream:75 - [STDERR_REDIRECT] WARNING: Couldn't flush system prefs: java.util.prefs.BackingStoreException: Couldn't get file lock.
2026-02-11 22:47:19,144 [ERROR] LogOutputStream:75 - [STDERR_REDIRECT] 
2026-02-11 22:47:49,143 [ERROR] LogOutputStream:75 - [STDERR_REDIRECT] Feb 11, 2026 10:47:49 PM java.util.prefs.FileSystemPreferences checkLockFile0ErrorCode
2026-02-11 22:47:49,143 [ERROR] LogOutputStream:75 - [STDERR_REDIRECT] WARNING: Could not lock System prefs. Unix error code 5.
2026-02-11 22:47:49,143 [ERROR] LogOutputStream:75 - [STDERR_REDIRECT] 
2026-02-11 22:47:49,144 [ERROR] LogOutputStream:75 - [STDERR_REDIRECT] Feb 11, 2026 10:47:49 PM java.util.prefs.FileSystemPreferences syncWorld
2026-02-11 22:47:49,144 [ERROR] LogOutputStream:75 - [STDERR_REDIRECT] WARNING: Couldn't flush system prefs: java.util.prefs.BackingStoreException: Couldn't get file lock.
2026-02-11 22:47:49,144 [ERROR] LogOutputStream:75 - [STDERR_REDIRECT] 
2026-02-11 22:48:19,144 [ERROR] LogOutputStream:75 - [STDERR_REDIRECT] Feb 11, 2026 10:48:19 PM java.util.prefs.FileSystemPreferences checkLockFile0ErrorCode
2026-02-11 22:48:19,144 [ERROR] LogOutputStream:75 - [STDERR_REDIRECT] WARNING: Could not lock System prefs. Unix error code 5.
2026-02-11 22:48:19,144 [ERROR] LogOutputStream:75 - [STDERR_REDIRECT] 
2026-02-11 22:48:19,144 [ERROR] LogOutputStream:75 - [STDERR_REDIRECT] Feb 11, 2026 10:48:19 PM java.util.prefs.FileSystemPreferences syncWorld
2026-02-11 22:48:19,144 [ERROR] LogOutputStream:75 - [STDERR_REDIRECT] WARNING: Couldn't flush system prefs: java.util.prefs.BackingStoreException: Couldn't get file lock.
2026-02-11 22:48:19,145 [ERROR] LogOutputStream:75 - [STDERR_REDIRECT] 
2026-02-11 22:48:49,143 [ERROR] LogOutputStream:75 - [STDERR_REDIRECT] Feb 11, 2026 10:48:49 PM java.util.prefs.FileSystemPreferences checkLockFile0ErrorCode
2026-02-11 22:48:49,143 [ERROR] LogOutputStream:75 - [STDERR_REDIRECT] WARNING: Could not lock System prefs. Unix error code 5.
2026-02-11 22:48:49,143 [ERROR] LogOutputStream:75 - [STDERR_REDIRECT] 
2026-02-11 22:48:49,144 [ERROR] LogOutputStream:75 - [STDERR_REDIRECT] Feb 11, 2026 10:48:49 PM java.util.prefs.FileSystemPreferences syncWorld
2026-02-11 22:48:49,144 [ERROR] LogOutputStream:75 - [STDERR_REDIRECT] WARNING: Couldn't flush system prefs: java.util.prefs.BackingStoreException: Couldn't get file lock.
2026-02-11 22:48:49,144 [ERROR] LogOutputStream:75 - [STDERR_REDIRECT] 
2026-02-11 22:49:19,143 [ERROR] LogOutputStream:75 - [STDERR_REDIRECT] Feb 11, 2026 10:49:19 PM java.util.prefs.FileSystemPreferences checkLockFile0ErrorCode
2026-02-11 22:49:19,144 [ERROR] LogOutputStream:75 - [STDERR_REDIRECT] WARNING: Could not lock System prefs. Unix error code 5.
2026-02-11 22:49:19,144 [ERROR] LogOutputStream:75 - [STDERR_REDIRECT] 
2026-02-11 22:49:19,144 [ERROR] LogOutputStream:75 - [STDERR_REDIRECT] Feb 11, 2026 10:49:19 PM java.util.prefs.FileSystemPreferences syncWorld
2026-02-11 22:49:19,144 [ERROR] LogOutputStream:75 - [STDERR_REDIRECT] WARNING: Couldn't flush system prefs: java.util.prefs.BackingStoreException: Couldn't get file lock.
2026-02-11 22:49:19,144 [ERROR] LogOutputStream:75 - [STDERR_REDIRECT] 
2026-02-11 22:49:49,144 [ERROR] LogOutputStream:75 - [STDERR_REDIRECT] Feb 11, 2026 10:49:49 PM java.util.prefs.FileSystemPreferences checkLockFile0ErrorCode
2026-02-11 22:49:49,144 [ERROR] LogOutputStream:75 - [STDERR_REDIRECT] WARNING: Could not lock System prefs. Unix error code 5.
2026-02-11 22:49:49,144 [ERROR] LogOutputStream:75 - [STDERR_REDIRECT] 
2026-02-11 22:49:49,144 [ERROR] LogOutputStream:75 - [STDERR_REDIRECT] Feb 11, 2026 10:49:49 PM java.util.prefs.FileSystemPreferences syncWorld
2026-02-11 22:49:49,145 [ERROR] LogOutputStream:75 - [STDERR_REDIRECT] WARNING: Couldn't flush system prefs: java.util.prefs.BackingStoreException: Couldn't get file lock.
2026-02-11 22:49:49,145 [ERROR] LogOutputStream:75 - [STDERR_REDIRECT] 
2026-02-11 22:50:19,144 [ERROR] LogOutputStream:75 - [STDERR_REDIRECT] Feb 11, 2026 10:50:19 PM java.util.prefs.FileSystemPreferences checkLockFile0ErrorCode
2026-02-11 22:50:19,145 [ERROR] LogOutputStream:75 - [STDERR_REDIRECT] WARNING: Could not lock System prefs. Unix error code 5.
2026-02-11 22:50:19,145 [ERROR] LogOutputStream:75 - [STDERR_REDIRECT] 
2026-02-11 22:50:19,145 [ERROR] LogOutputStream:75 - [STDERR_REDIRECT] Feb 11, 2026 10:50:19 PM java.util.prefs.FileSystemPreferences syncWorld
2026-02-11 22:50:19,145 [ERROR] LogOutputStream:75 - [STDERR_REDIRECT] WARNING: Couldn't flush system prefs: java.util.prefs.BackingStoreException: Couldn't get file lock.
2026-02-11 22:50:19,145 [ERROR] LogOutputStream:75 - [STDERR_REDIRECT] 
2026-02-11 22:50:49,145 [ERROR] LogOutputStream:75 - [STDERR_REDIRECT] Feb 11, 2026 10:50:49 PM java.util.prefs.FileSystemPreferences checkLockFile0ErrorCode
2026-02-11 22:50:49,145 [ERROR] LogOutputStream:75 - [STDERR_REDIRECT] WARNING: Could not lock System prefs. Unix error code 5.
2026-02-11 22:50:49,145 [ERROR] LogOutputStream:75 - [STDERR_REDIRECT] 
2026-02-11 22:50:49,145 [ERROR] LogOutputStream:75 - [STDERR_REDIRECT] Feb 11, 2026 10:50:49 PM java.util.prefs.FileSystemPreferences syncWorld
2026-02-11 22:50:49,145 [ERROR] LogOutputStream:75 - [STDERR_REDIRECT] WARNING: Couldn't flush system prefs: java.util.prefs.BackingStoreException: Couldn't get file lock.
2026-02-11 22:50:49,146 [ERROR] LogOutputStream:75 - [STDERR_REDIRECT] 
2026-02-11 22:51:19,144 [ERROR] LogOutputStream:75 - [STDERR_REDIRECT] Feb 11, 2026 10:51:19 PM java.util.prefs.FileSystemPreferences checkLockFile0ErrorCode
2026-02-11 22:51:19,144 [ERROR] LogOutputStream:75 - [STDERR_REDIRECT] WARNING: Could not lock System prefs. Unix error code 5.
2026-02-11 22:51:19,145 [ERROR] LogOutputStream:75 - [STDERR_REDIRECT] 
2026-02-11 22:51:19,145 [ERROR] LogOutputStream:75 - [STDERR_REDIRECT] Feb 11, 2026 10:51:19 PM java.util.prefs.FileSystemPreferences syncWorld
2026-02-11 22:51:19,145 [ERROR] LogOutputStream:75 - [STDERR_REDIRECT] WARNING: Couldn't flush system prefs: java.util.prefs.BackingStoreException: Couldn't get file lock.
2026-02-11 22:51:19,145 [ERROR] LogOutputStream:75 - [STDERR_REDIRECT] 
2026-02-11 22:51:49,144 [ERROR] LogOutputStream:75 - [STDERR_REDIRECT] Feb 11, 2026 10:51:49 PM java.util.prefs.FileSystemPreferences checkLockFile0ErrorCode
2026-02-11 22:51:49,145 [ERROR] LogOutputStream:75 - [STDERR_REDIRECT] WARNING: Could not lock System prefs. Unix error code 5.
2026-02-11 22:51:49,145 [ERROR] LogOutputStream:75 - [STDERR_REDIRECT] 
2026-02-11 22:51:49,145 [ERROR] LogOutputStream:75 - [STDERR_REDIRECT] Feb 11, 2026 10:51:49 PM java.util.prefs.FileSystemPreferences syncWorld
2026-02-11 22:51:49,145 [ERROR] LogOutputStream:75 - [STDERR_REDIRECT] WARNING: Couldn't flush system prefs: java.util.prefs.BackingStoreException: Couldn't get file lock.
2026-02-11 22:51:49,145 [ERROR] LogOutputStream:75 - [STDERR_REDIRECT] 
2026-02-11 22:52:19,145 [ERROR] LogOutputStream:75 - [STDERR_REDIRECT] Feb 11, 2026 10:52:19 PM java.util.prefs.FileSystemPreferences checkLockFile0ErrorCode
2026-02-11 22:52:19,145 [ERROR] LogOutputStream:75 - [STDERR_REDIRECT] WARNING: Could not lock System prefs. Unix error code 5.
2026-02-11 22:52:19,145 [ERROR] LogOutputStream:75 - [STDERR_REDIRECT] 
2026-02-11 22:52:19,145 [ERROR] LogOutputStream:75 - [STDERR_REDIRECT] Feb 11, 2026 10:52:19 PM java.util.prefs.FileSystemPreferences syncWorld
2026-02-11 22:52:19,146 [ERROR] LogOutputStream:75 - [STDERR_REDIRECT] WARNING: Couldn't flush system prefs: java.util.prefs.BackingStoreException: Couldn't get file lock.
2026-02-11 22:52:19,146 [ERROR] LogOutputStream:75 - [STDERR_REDIRECT] 
2026-02-11 22:52:49,145 [ERROR] LogOutputStream:75 - [STDERR_REDIRECT] Feb 11, 2026 10:52:49 PM java.util.prefs.FileSystemPreferences checkLockFile0ErrorCode
2026-02-11 22:52:49,145 [ERROR] LogOutputStream:75 - [STDERR_REDIRECT] WARNING: Could not lock System prefs. Unix error code 5.
2026-02-11 22:52:49,145 [ERROR] LogOutputStream:75 - [STDERR_REDIRECT] 
2026-02-11 22:52:49,146 [ERROR] LogOutputStream:75 - [STDERR_REDIRECT] Feb 11, 2026 10:52:49 PM java.util.prefs.FileSystemPreferences syncWorld
2026-02-11 22:52:49,146 [ERROR] LogOutputStream:75 - [STDERR_REDIRECT] WARNING: Couldn't flush system prefs: java.util.prefs.BackingStoreException: Couldn't get file lock.
2026-02-11 22:52:49,146 [ERROR] LogOutputStream:75 - [STDERR_REDIRECT] 
2026-02-11 22:53:19,145 [ERROR] LogOutputStream:75 - [STDERR_REDIRECT] Feb 11, 2026 10:53:19 PM java.util.prefs.FileSystemPreferences checkLockFile0ErrorCode
2026-02-11 22:53:19,145 [ERROR] LogOutputStream:75 - [STDERR_REDIRECT] WARNING: Could not lock System prefs. Unix error code 5.
2026-02-11 22:53:19,146 [ERROR] LogOutputStream:75 - [STDERR_REDIRECT] 
2026-02-11 22:53:19,146 [ERROR] LogOutputStream:75 - [STDERR_REDIRECT] Feb 11, 2026 10:53:19 PM java.util.prefs.FileSystemPreferences syncWorld
2026-02-11 22:53:19,146 [ERROR] LogOutputStream:75 - [STDERR_REDIRECT] WARNING: Couldn't flush system prefs: java.util.prefs.BackingStoreException: Couldn't get file lock.
2026-02-11 22:53:19,146 [ERROR] LogOutputStream:75 - [STDERR_REDIRECT] 
2026-02-11 22:53:49,146 [ERROR] LogOutputStream:75 - [STDERR_REDIRECT] Feb 11, 2026 10:53:49 PM java.util.prefs.FileSystemPreferences checkLockFile0ErrorCode
2026-02-11 22:53:49,146 [ERROR] LogOutputStream:75 - [STDERR_REDIRECT] WARNING: Could not lock System prefs. Unix error code 5.
2026-02-11 22:53:49,146 [ERROR] LogOutputStream:75 - [STDERR_REDIRECT] 
2026-02-11 22:53:49,146 [ERROR] LogOutputStream:75 - [STDERR_REDIRECT] Feb 11, 2026 10:53:49 PM java.util.prefs.FileSystemPreferences syncWorld
2026-02-11 22:53:49,146 [ERROR] LogOutputStream:75 - [STDERR_REDIRECT] WARNING: Couldn't flush system prefs: java.util.prefs.BackingStoreException: Couldn't get file lock.
2026-02-11 22:53:49,146 [ERROR] LogOutputStream:75 - [STDERR_REDIRECT] 
2026-02-11 22:54:19,145 [ERROR] LogOutputStream:75 - [STDERR_REDIRECT] Feb 11, 2026 10:54:19 PM java.util.prefs.FileSystemPreferences checkLockFile0ErrorCode
2026-02-11 22:54:19,145 [ERROR] LogOutputStream:75 - [STDERR_REDIRECT] WARNING: Could not lock System prefs. Unix error code 5.
2026-02-11 22:54:19,145 [ERROR] LogOutputStream:75 - [STDERR_REDIRECT] 
2026-02-11 22:54:19,146 [ERROR] LogOutputStream:75 - [STDERR_REDIRECT] Feb 11, 2026 10:54:19 PM java.util.prefs.FileSystemPreferences syncWorld
2026-02-11 22:54:19,146 [ERROR] LogOutputStream:75 - [STDERR_REDIRECT] WARNING: Couldn't flush system prefs: java.util.prefs.BackingStoreException: Couldn't get file lock.
2026-02-11 22:54:19,146 [ERROR] LogOutputStream:75 - [STDERR_REDIRECT] 
2026-02-11 22:54:49,145 [ERROR] LogOutputStream:75 - [STDERR_REDIRECT] Feb 11, 2026 10:54:49 PM java.util.prefs.FileSystemPreferences checkLockFile0ErrorCode
2026-02-11 22:54:49,146 [ERROR] LogOutputStream:75 - [STDERR_REDIRECT] WARNING: Could not lock System prefs. Unix error code 5.
2026-02-11 22:54:49,146 [ERROR] LogOutputStream:75 - [STDERR_REDIRECT] 
2026-02-11 22:54:49,146 [ERROR] LogOutputStream:75 - [STDERR_REDIRECT] Feb 11, 2026 10:54:49 PM java.util.prefs.FileSystemPreferences syncWorld
2026-02-11 22:54:49,146 [ERROR] LogOutputStream:75 - [STDERR_REDIRECT] WARNING: Couldn't flush system prefs: java.util.prefs.BackingStoreException: Couldn't get file lock.
2026-02-11 22:54:49,146 [ERROR] LogOutputStream:75 - [STDERR_REDIRECT] 
2026-02-11 22:55:19,145 [ERROR] LogOutputStream:75 - [STDERR_REDIRECT] Feb 11, 2026 10:55:19 PM java.util.prefs.FileSystemPreferences checkLockFile0ErrorCode
2026-02-11 22:55:19,146 [ERROR] LogOutputStream:75 - [STDERR_REDIRECT] WARNING: Could not lock System prefs. Unix error code 5.
2026-02-11 22:55:19,146 [ERROR] LogOutputStream:75 - [STDERR_REDIRECT] 
2026-02-11 22:55:19,146 [ERROR] LogOutputStream:75 - [STDERR_REDIRECT] Feb 11, 2026 10:55:19 PM java.util.prefs.FileSystemPreferences syncWorld
2026-02-11 22:55:19,146 [ERROR] LogOutputStream:75 - [STDERR_REDIRECT] WARNING: Couldn't flush system prefs: java.util.prefs.BackingStoreException: Couldn't get file lock.
2026-02-11 22:55:19,146 [ERROR] LogOutputStream:75 - [STDERR_REDIRECT] 
2026-02-11 22:55:49,146 [ERROR] LogOutputStream:75 - [STDERR_REDIRECT] Feb 11, 2026 10:55:49 PM java.util.prefs.FileSystemPreferences checkLockFile0ErrorCode
2026-02-11 22:55:49,146 [ERROR] LogOutputStream:75 - [STDERR_REDIRECT] WARNING: Could not lock System prefs. Unix error code 5.
2026-02-11 22:55:49,146 [ERROR] LogOutputStream:75 - [STDERR_REDIRECT] 
2026-02-11 22:55:49,146 [ERROR] LogOutputStream:75 - [STDERR_REDIRECT] Feb 11, 2026 10:55:49 PM java.util.prefs.FileSystemPreferences syncWorld
2026-02-11 22:55:49,146 [ERROR] LogOutputStream:75 - [STDERR_REDIRECT] WARNING: Couldn't flush system prefs: java.util.prefs.BackingStoreException: Couldn't get file lock.
2026-02-11 22:55:49,147 [ERROR] LogOutputStream:75 - [STDERR_REDIRECT] 
2026-02-11 22:56:19,145 [ERROR] LogOutputStream:75 - [STDERR_REDIRECT] Feb 11, 2026 10:56:19 PM java.util.prefs.FileSystemPreferences checkLockFile0ErrorCode
2026-02-11 22:56:19,146 [ERROR] LogOutputStream:75 - [STDERR_REDIRECT] WARNING: Could not lock System prefs. Unix error code 5.
2026-02-11 22:56:19,146 [ERROR] LogOutputStream:75 - [STDERR_REDIRECT] 
2026-02-11 22:56:19,146 [ERROR] LogOutputStream:75 - [STDERR_REDIRECT] Feb 11, 2026 10:56:19 PM java.util.prefs.FileSystemPreferences syncWorld
2026-02-11 22:56:19,146 [ERROR] LogOutputStream:75 - [STDERR_REDIRECT] WARNING: Couldn't flush system prefs: java.util.prefs.BackingStoreException: Couldn't get file lock.
2026-02-11 22:56:19,146 [ERROR] LogOutputStream:75 - [STDERR_REDIRECT] 
2026-02-11 22:56:49,147 [ERROR] LogOutputStream:75 - [STDERR_REDIRECT] Feb 11, 2026 10:56:49 PM java.util.prefs.FileSystemPreferences checkLockFile0ErrorCode
2026-02-11 22:56:49,147 [ERROR] LogOutputStream:75 - [STDERR_REDIRECT] WARNING: Could not lock System prefs. Unix error code 5.
2026-02-11 22:56:49,147 [ERROR] LogOutputStream:75 - [STDERR_REDIRECT] 
2026-02-11 22:56:49,148 [ERROR] LogOutputStream:75 - [STDERR_REDIRECT] Feb 11, 2026 10:56:49 PM java.util.prefs.FileSystemPreferences syncWorld
2026-02-11 22:56:49,148 [ERROR] LogOutputStream:75 - [STDERR_REDIRECT] WARNING: Couldn't flush system prefs: java.util.prefs.BackingStoreException: Couldn't get file lock.
2026-02-11 22:56:49,148 [ERROR] LogOutputStream:75 - [STDERR_REDIRECT] 
2026-02-11 22:57:19,147 [ERROR] LogOutputStream:75 - [STDERR_REDIRECT] Feb 11, 2026 10:57:19 PM java.util.prefs.FileSystemPreferences checkLockFile0ErrorCode
2026-02-11 22:57:19,148 [ERROR] LogOutputStream:75 - [STDERR_REDIRECT] WARNING: Could not lock System prefs. Unix error code 5.
2026-02-11 22:57:19,148 [ERROR] LogOutputStream:75 - [STDERR_REDIRECT] 
2026-02-11 22:57:19,148 [ERROR] LogOutputStream:75 - [STDERR_REDIRECT] Feb 11, 2026 10:57:19 PM java.util.prefs.FileSystemPreferences syncWorld
2026-02-11 22:57:19,148 [ERROR] LogOutputStream:75 - [STDERR_REDIRECT] WARNING: Couldn't flush system prefs: java.util.prefs.BackingStoreException: Couldn't get file lock.
2026-02-11 22:57:19,148 [ERROR] LogOutputStream:75 - [STDERR_REDIRECT] 
2026-02-11 22:57:49,148 [ERROR] LogOutputStream:75 - [STDERR_REDIRECT] Feb 11, 2026 10:57:49 PM java.util.prefs.FileSystemPreferences checkLockFile0ErrorCode
2026-02-11 22:57:49,148 [ERROR] LogOutputStream:75 - [STDERR_REDIRECT] WARNING: Could not lock System prefs. Unix error code 5.
2026-02-11 22:57:49,148 [ERROR] LogOutputStream:75 - [STDERR_REDIRECT] 
2026-02-11 22:57:49,149 [ERROR] LogOutputStream:75 - [STDERR_REDIRECT] Feb 11, 2026 10:57:49 PM java.util.prefs.FileSystemPreferences syncWorld
2026-02-11 22:57:49,149 [ERROR] LogOutputStream:75 - [STDERR_REDIRECT] WARNING: Couldn't flush system prefs: java.util.prefs.BackingStoreException: Couldn't get file lock.
2026-02-11 22:57:49,149 [ERROR] LogOutputStream:75 - [STDERR_REDIRECT] 
2026-02-11 22:58:19,148 [ERROR] LogOutputStream:75 - [STDERR_REDIRECT] Feb 11, 2026 10:58:19 PM java.util.prefs.FileSystemPreferences checkLockFile0ErrorCode
2026-02-11 22:58:19,149 [ERROR] LogOutputStream:75 - [STDERR_REDIRECT] WARNING: Could not lock System prefs. Unix error code 5.
2026-02-11 22:58:19,149 [ERROR] LogOutputStream:75 - [STDERR_REDIRECT] 
2026-02-11 22:58:19,149 [ERROR] LogOutputStream:75 - [STDERR_REDIRECT] Feb 11, 2026 10:58:19 PM java.util.prefs.FileSystemPreferences syncWorld
2026-02-11 22:58:19,149 [ERROR] LogOutputStream:75 - [STDERR_REDIRECT] WARNING: Couldn't flush system prefs: java.util.prefs.BackingStoreException: Couldn't get file lock.
2026-02-11 22:58:19,149 [ERROR] LogOutputStream:75 - [STDERR_REDIRECT] 
2026-02-11 22:58:49,149 [ERROR] LogOutputStream:75 - [STDERR_REDIRECT] Feb 11, 2026 10:58:49 PM java.util.prefs.FileSystemPreferences checkLockFile0ErrorCode
2026-02-11 22:58:49,149 [ERROR] LogOutputStream:75 - [STDERR_REDIRECT] WARNING: Could not lock System prefs. Unix error code 5.
2026-02-11 22:58:49,149 [ERROR] LogOutputStream:75 - [STDERR_REDIRECT] 
2026-02-11 22:58:49,150 [ERROR] LogOutputStream:75 - [STDERR_REDIRECT] Feb 11, 2026 10:58:49 PM java.util.prefs.FileSystemPreferences syncWorld
2026-02-11 22:58:49,150 [ERROR] LogOutputStream:75 - [STDERR_REDIRECT] WARNING: Couldn't flush system prefs: java.util.prefs.BackingStoreException: Couldn't get file lock.
2026-02-11 22:58:49,150 [ERROR] LogOutputStream:75 - [STDERR_REDIRECT] 
2026-02-11 22:59:19,149 [ERROR] LogOutputStream:75 - [STDERR_REDIRECT] Feb 11, 2026 10:59:19 PM java.util.prefs.FileSystemPreferences checkLockFile0ErrorCode
2026-02-11 22:59:19,150 [ERROR] LogOutputStream:75 - [STDERR_REDIRECT] WARNING: Could not lock System prefs. Unix error code 5.
2026-02-11 22:59:19,150 [ERROR] LogOutputStream:75 - [STDERR_REDIRECT] 
2026-02-11 22:59:19,150 [ERROR] LogOutputStream:75 - [STDERR_REDIRECT] Feb 11, 2026 10:59:19 PM java.util.prefs.FileSystemPreferences syncWorld
2026-02-11 22:59:19,150 [ERROR] LogOutputStream:75 - [STDERR_REDIRECT] WARNING: Couldn't flush system prefs: java.util.prefs.BackingStoreException: Couldn't get file lock.
2026-02-11 22:59:19,150 [ERROR] LogOutputStream:75 - [STDERR_REDIRECT] 
2026-02-11 22:59:49,150 [ERROR] LogOutputStream:75 - [STDERR_REDIRECT] Feb 11, 2026 10:59:49 PM java.util.prefs.FileSystemPreferences checkLockFile0ErrorCode
2026-02-11 22:59:49,150 [ERROR] LogOutputStream:75 - [STDERR_REDIRECT] WARNING: Could not lock System prefs. Unix error code 5.
2026-02-11 22:59:49,150 [ERROR] LogOutputStream:75 - [STDERR_REDIRECT] 
2026-02-11 22:59:49,150 [ERROR] LogOutputStream:75 - [STDERR_REDIRECT] Feb 11, 2026 10:59:49 PM java.util.prefs.FileSystemPreferences syncWorld
2026-02-11 22:59:49,150 [ERROR] LogOutputStream:75 - [STDERR_REDIRECT] WARNING: Couldn't flush system prefs: java.util.prefs.BackingStoreException: Couldn't get file lock.
2026-02-11 22:59:49,150 [ERROR] LogOutputStream:75 - [STDERR_REDIRECT] 
2026-02-11 23:00:19,150 [ERROR] LogOutputStream:75 - [STDERR_REDIRECT] Feb 11, 2026 11:00:19 PM java.util.prefs.FileSystemPreferences checkLockFile0ErrorCode
2026-02-11 23:00:19,150 [ERROR] LogOutputStream:75 - [STDERR_REDIRECT] WARNING: Could not lock System prefs. Unix error code 5.
2026-02-11 23:00:19,150 [ERROR] LogOutputStream:75 - [STDERR_REDIRECT] 
2026-02-11 23:00:19,151 [ERROR] LogOutputStream:75 - [STDERR_REDIRECT] Feb 11, 2026 11:00:19 PM java.util.prefs.FileSystemPreferences syncWorld
2026-02-11 23:00:19,151 [ERROR] LogOutputStream:75 - [STDERR_REDIRECT] WARNING: Couldn't flush system prefs: java.util.prefs.BackingStoreException: Couldn't get file lock.
2026-02-11 23:00:19,151 [ERROR] LogOutputStream:75 - [STDERR_REDIRECT] 
2026-02-11 23:00:49,151 [ERROR] LogOutputStream:75 - [STDERR_REDIRECT] Feb 11, 2026 11:00:49 PM java.util.prefs.FileSystemPreferences checkLockFile0ErrorCode
2026-02-11 23:00:49,151 [ERROR] LogOutputStream:75 - [STDERR_REDIRECT] WARNING: Could not lock System prefs. Unix error code 5.
2026-02-11 23:00:49,151 [ERROR] LogOutputStream:75 - [STDERR_REDIRECT] 
2026-02-11 23:00:49,151 [ERROR] LogOutputStream:75 - [STDERR_REDIRECT] Feb 11, 2026 11:00:49 PM java.util.prefs.FileSystemPreferences syncWorld
2026-02-11 23:00:49,151 [ERROR] LogOutputStream:75 - [STDERR_REDIRECT] WARNING: Couldn't flush system prefs: java.util.prefs.BackingStoreException: Couldn't get file lock.
2026-02-11 23:00:49,151 [ERROR] LogOutputStream:75 - [STDERR_REDIRECT] 
2026-02-11 23:01:19,151 [ERROR] LogOutputStream:75 - [STDERR_REDIRECT] Feb 11, 2026 11:01:19 PM java.util.prefs.FileSystemPreferences checkLockFile0ErrorCode
2026-02-11 23:01:19,151 [ERROR] LogOutputStream:75 - [STDERR_REDIRECT] WARNING: Could not lock System prefs. Unix error code 5.
2026-02-11 23:01:19,151 [ERROR] LogOutputStream:75 - [STDERR_REDIRECT] 
2026-02-11 23:01:19,151 [ERROR] LogOutputStream:75 - [STDERR_REDIRECT] Feb 11, 2026 11:01:19 PM java.util.prefs.FileSystemPreferences syncWorld
2026-02-11 23:01:19,152 [ERROR] LogOutputStream:75 - [STDERR_REDIRECT] WARNING: Couldn't flush system prefs: java.util.prefs.BackingStoreException: Couldn't get file lock.
2026-02-11 23:01:19,152 [ERROR] LogOutputStream:75 - [STDERR_REDIRECT] 
2026-02-11 23:01:49,151 [ERROR] LogOutputStream:75 - [STDERR_REDIRECT] Feb 11, 2026 11:01:49 PM java.util.prefs.FileSystemPreferences checkLockFile0ErrorCode
2026-02-11 23:01:49,152 [ERROR] LogOutputStream:75 - [STDERR_REDIRECT] WARNING: Could not lock System prefs. Unix error code 5.
2026-02-11 23:01:49,152 [ERROR] LogOutputStream:75 - [STDERR_REDIRECT] 
2026-02-11 23:01:49,152 [ERROR] LogOutputStream:75 - [STDERR_REDIRECT] Feb 11, 2026 11:01:49 PM java.util.prefs.FileSystemPreferences syncWorld
2026-02-11 23:01:49,152 [ERROR] LogOutputStream:75 - [STDERR_REDIRECT] WARNING: Couldn't flush system prefs: java.util.prefs.BackingStoreException: Couldn't get file lock.
2026-02-11 23:01:49,152 [ERROR] LogOutputStream:75 - [STDERR_REDIRECT] 
2026-02-11 23:02:19,152 [ERROR] LogOutputStream:75 - [STDERR_REDIRECT] Feb 11, 2026 11:02:19 PM java.util.prefs.FileSystemPreferences checkLockFile0ErrorCode
2026-02-11 23:02:19,152 [ERROR] LogOutputStream:75 - [STDERR_REDIRECT] WARNING: Could not lock System prefs. Unix error code 5.
2026-02-11 23:02:19,152 [ERROR] LogOutputStream:75 - [STDERR_REDIRECT] 
2026-02-11 23:02:19,152 [ERROR] LogOutputStream:75 - [STDERR_REDIRECT] Feb 11, 2026 11:02:19 PM java.util.prefs.FileSystemPreferences syncWorld
2026-02-11 23:02:19,153 [ERROR] LogOutputStream:75 - [STDERR_REDIRECT] WARNING: Couldn't flush system prefs: java.util.prefs.BackingStoreException: Couldn't get file lock.
2026-02-11 23:02:19,153 [ERROR] LogOutputStream:75 - [STDERR_REDIRECT] 
2026-02-11 23:02:49,151 [ERROR] LogOutputStream:75 - [STDERR_REDIRECT] Feb 11, 2026 11:02:49 PM java.util.prefs.FileSystemPreferences checkLockFile0ErrorCode
2026-02-11 23:02:49,151 [ERROR] LogOutputStream:75 - [STDERR_REDIRECT] WARNING: Could not lock System prefs. Unix error code 5.
2026-02-11 23:02:49,152 [ERROR] LogOutputStream:75 - [STDERR_REDIRECT] 
2026-02-11 23:02:49,152 [ERROR] LogOutputStream:75 - [STDERR_REDIRECT] Feb 11, 2026 11:02:49 PM java.util.prefs.FileSystemPreferences syncWorld
2026-02-11 23:02:49,152 [ERROR] LogOutputStream:75 - [STDERR_REDIRECT] WARNING: Couldn't flush system prefs: java.util.prefs.BackingStoreException: Couldn't get file lock.
2026-02-11 23:02:49,152 [ERROR] LogOutputStream:75 - [STDERR_REDIRECT] 
2026-02-11 23:03:19,152 [ERROR] LogOutputStream:75 - [STDERR_REDIRECT] Feb 11, 2026 11:03:19 PM java.util.prefs.FileSystemPreferences checkLockFile0ErrorCode
2026-02-11 23:03:19,152 [ERROR] LogOutputStream:75 - [STDERR_REDIRECT] WARNING: Could not lock System prefs. Unix error code 5.
2026-02-11 23:03:19,152 [ERROR] LogOutputStream:75 - [STDERR_REDIRECT] 
2026-02-11 23:03:19,152 [ERROR] LogOutputStream:75 - [STDERR_REDIRECT] Feb 11, 2026 11:03:19 PM java.util.prefs.FileSystemPreferences syncWorld
2026-02-11 23:03:19,153 [ERROR] LogOutputStream:75 - [STDERR_REDIRECT] WARNING: Couldn't flush system prefs: java.util.prefs.BackingStoreException: Couldn't get file lock.
2026-02-11 23:03:19,153 [ERROR] LogOutputStream:75 - [STDERR_REDIRECT] 
2026-02-11 23:03:49,151 [ERROR] LogOutputStream:75 - [STDERR_REDIRECT] Feb 11, 2026 11:03:49 PM java.util.prefs.FileSystemPreferences checkLockFile0ErrorCode
2026-02-11 23:03:49,151 [ERROR] LogOutputStream:75 - [STDERR_REDIRECT] WARNING: Could not lock System prefs. Unix error code 5.
2026-02-11 23:03:49,152 [ERROR] LogOutputStream:75 - [STDERR_REDIRECT] 
2026-02-11 23:03:49,152 [ERROR] LogOutputStream:75 - [STDERR_REDIRECT] Feb 11, 2026 11:03:49 PM java.util.prefs.FileSystemPreferences syncWorld
2026-02-11 23:03:49,152 [ERROR] LogOutputStream:75 - [STDERR_REDIRECT] WARNING: Couldn't flush system prefs: java.util.prefs.BackingStoreException: Couldn't get file lock.
2026-02-11 23:03:49,152 [ERROR] LogOutputStream:75 - [STDERR_REDIRECT] 
2026-02-11 23:04:19,151 [ERROR] LogOutputStream:75 - [STDERR_REDIRECT] Feb 11, 2026 11:04:19 PM java.util.prefs.FileSystemPreferences checkLockFile0ErrorCode
2026-02-11 23:04:19,151 [ERROR] LogOutputStream:75 - [STDERR_REDIRECT] WARNING: Could not lock System prefs. Unix error code 5.
2026-02-11 23:04:19,151 [ERROR] LogOutputStream:75 - [STDERR_REDIRECT] 
2026-02-11 23:04:19,152 [ERROR] LogOutputStream:75 - [STDERR_REDIRECT] Feb 11, 2026 11:04:19 PM java.util.prefs.FileSystemPreferences syncWorld
2026-02-11 23:04:19,152 [ERROR] LogOutputStream:75 - [STDERR_REDIRECT] WARNING: Couldn't flush system prefs: java.util.prefs.BackingStoreException: Couldn't get file lock.
2026-02-11 23:04:19,152 [ERROR] LogOutputStream:75 - [STDERR_REDIRECT] 
2026-02-11 23:04:49,151 [ERROR] LogOutputStream:75 - [STDERR_REDIRECT] Feb 11, 2026 11:04:49 PM java.util.prefs.FileSystemPreferences checkLockFile0ErrorCode
2026-02-11 23:04:49,152 [ERROR] LogOutputStream:75 - [STDERR_REDIRECT] WARNING: Could not lock System prefs. Unix error code 5.
2026-02-11 23:04:49,152 [ERROR] LogOutputStream:75 - [STDERR_REDIRECT] 
2026-02-11 23:04:49,152 [ERROR] LogOutputStream:75 - [STDERR_REDIRECT] Feb 11, 2026 11:04:49 PM java.util.prefs.FileSystemPreferences syncWorld
2026-02-11 23:04:49,152 [ERROR] LogOutputStream:75 - [STDERR_REDIRECT] WARNING: Couldn't flush system prefs: java.util.prefs.BackingStoreException: Couldn't get file lock.
2026-02-11 23:04:49,152 [ERROR] LogOutputStream:75 - [STDERR_REDIRECT] 
2026-02-11 23:05:19,152 [ERROR] LogOutputStream:75 - [STDERR_REDIRECT] Feb 11, 2026 11:05:19 PM java.util.prefs.FileSystemPreferences checkLockFile0ErrorCode
2026-02-11 23:05:19,152 [ERROR] LogOutputStream:75 - [STDERR_REDIRECT] WARNING: Could not lock System prefs. Unix error code 5.
2026-02-11 23:05:19,152 [ERROR] LogOutputStream:75 - [STDERR_REDIRECT] 
2026-02-11 23:05:19,153 [ERROR] LogOutputStream:75 - [STDERR_REDIRECT] Feb 11, 2026 11:05:19 PM java.util.prefs.FileSystemPreferences syncWorld
2026-02-11 23:05:19,153 [ERROR] LogOutputStream:75 - [STDERR_REDIRECT] WARNING: Couldn't flush system prefs: java.util.prefs.BackingStoreException: Couldn't get file lock.
2026-02-11 23:05:19,153 [ERROR] LogOutputStream:75 - [STDERR_REDIRECT] 
2026-02-11 23:05:49,153 [ERROR] LogOutputStream:75 - [STDERR_REDIRECT] Feb 11, 2026 11:05:49 PM java.util.prefs.FileSystemPreferences checkLockFile0ErrorCode
2026-02-11 23:05:49,153 [ERROR] LogOutputStream:75 - [STDERR_REDIRECT] WARNING: Could not lock System prefs. Unix error code 5.
2026-02-11 23:05:49,153 [ERROR] LogOutputStream:75 - [STDERR_REDIRECT] 
2026-02-11 23:05:49,153 [ERROR] LogOutputStream:75 - [STDERR_REDIRECT] Feb 11, 2026 11:05:49 PM java.util.prefs.FileSystemPreferences syncWorld
2026-02-11 23:05:49,153 [ERROR] LogOutputStream:75 - [STDERR_REDIRECT] WARNING: Couldn't flush system prefs: java.util.prefs.BackingStoreException: Couldn't get file lock.
2026-02-11 23:05:49,153 [ERROR] LogOutputStream:75 - [STDERR_REDIRECT] 
2026-02-11 23:06:19,153 [ERROR] LogOutputStream:75 - [STDERR_REDIRECT] Feb 11, 2026 11:06:19 PM java.util.prefs.FileSystemPreferences checkLockFile0ErrorCode
2026-02-11 23:06:19,153 [ERROR] LogOutputStream:75 - [STDERR_REDIRECT] WARNING: Could not lock System prefs. Unix error code 5.
2026-02-11 23:06:19,153 [ERROR] LogOutputStream:75 - [STDERR_REDIRECT] 
2026-02-11 23:06:19,153 [ERROR] LogOutputStream:75 - [STDERR_REDIRECT] Feb 11, 2026 11:06:19 PM java.util.prefs.FileSystemPreferences syncWorld
2026-02-11 23:06:19,154 [ERROR] LogOutputStream:75 - [STDERR_REDIRECT] WARNING: Couldn't flush system prefs: java.util.prefs.BackingStoreException: Couldn't get file lock.
2026-02-11 23:06:19,154 [ERROR] LogOutputStream:75 - [STDERR_REDIRECT] 
2026-02-11 23:06:49,154 [ERROR] LogOutputStream:75 - [STDERR_REDIRECT] Feb 11, 2026 11:06:49 PM java.util.prefs.FileSystemPreferences checkLockFile0ErrorCode
2026-02-11 23:06:49,154 [ERROR] LogOutputStream:75 - [STDERR_REDIRECT] WARNING: Could not lock System prefs. Unix error code 5.
2026-02-11 23:06:49,154 [ERROR] LogOutputStream:75 - [STDERR_REDIRECT] 
2026-02-11 23:06:49,154 [ERROR] LogOutputStream:75 - [STDERR_REDIRECT] Feb 11, 2026 11:06:49 PM java.util.prefs.FileSystemPreferences syncWorld
2026-02-11 23:06:49,154 [ERROR] LogOutputStream:75 - [STDERR_REDIRECT] WARNING: Couldn't flush system prefs: java.util.prefs.BackingStoreException: Couldn't get file lock.
2026-02-11 23:06:49,154 [ERROR] LogOutputStream:75 - [STDERR_REDIRECT] 
2026-02-11 23:07:19,154 [ERROR] LogOutputStream:75 - [STDERR_REDIRECT] Feb 11, 2026 11:07:19 PM java.util.prefs.FileSystemPreferences checkLockFile0ErrorCode
2026-02-11 23:07:19,154 [ERROR] LogOutputStream:75 - [STDERR_REDIRECT] WARNING: Could not lock System prefs. Unix error code 5.
2026-02-11 23:07:19,154 [ERROR] LogOutputStream:75 - [STDERR_REDIRECT] 
2026-02-11 23:07:19,155 [ERROR] LogOutputStream:75 - [STDERR_REDIRECT] Feb 11, 2026 11:07:19 PM java.util.prefs.FileSystemPreferences syncWorld
2026-02-11 23:07:19,155 [ERROR] LogOutputStream:75 - [STDERR_REDIRECT] WARNING: Couldn't flush system prefs: java.util.prefs.BackingStoreException: Couldn't get file lock.
2026-02-11 23:07:19,155 [ERROR] LogOutputStream:75 - [STDERR_REDIRECT] 
2026-02-11 23:07:49,154 [ERROR] LogOutputStream:75 - [STDERR_REDIRECT] Feb 11, 2026 11:07:49 PM java.util.prefs.FileSystemPreferences checkLockFile0ErrorCode
2026-02-11 23:07:49,155 [ERROR] LogOutputStream:75 - [STDERR_REDIRECT] WARNING: Could not lock System prefs. Unix error code 5.
2026-02-11 23:07:49,155 [ERROR] LogOutputStream:75 - [STDERR_REDIRECT] 
2026-02-11 23:07:49,155 [ERROR] LogOutputStream:75 - [STDERR_REDIRECT] Feb 11, 2026 11:07:49 PM java.util.prefs.FileSystemPreferences syncWorld
2026-02-11 23:07:49,155 [ERROR] LogOutputStream:75 - [STDERR_REDIRECT] WARNING: Couldn't flush system prefs: java.util.prefs.BackingStoreException: Couldn't get file lock.
2026-02-11 23:07:49,155 [ERROR] LogOutputStream:75 - [STDERR_REDIRECT] 
2026-02-11 23:08:19,155 [ERROR] LogOutputStream:75 - [STDERR_REDIRECT] Feb 11, 2026 11:08:19 PM java.util.prefs.FileSystemPreferences checkLockFile0ErrorCode
2026-02-11 23:08:19,155 [ERROR] LogOutputStream:75 - [STDERR_REDIRECT] WARNING: Could not lock System prefs. Unix error code 5.
2026-02-11 23:08:19,155 [ERROR] LogOutputStream:75 - [STDERR_REDIRECT] 
2026-02-11 23:08:19,155 [ERROR] LogOutputStream:75 - [STDERR_REDIRECT] Feb 11, 2026 11:08:19 PM java.util.prefs.FileSystemPreferences syncWorld
2026-02-11 23:08:19,156 [ERROR] LogOutputStream:75 - [STDERR_REDIRECT] WARNING: Couldn't flush system prefs: java.util.prefs.BackingStoreException: Couldn't get file lock.
2026-02-11 23:08:19,156 [ERROR] LogOutputStream:75 - [STDERR_REDIRECT] 
2026-02-11 23:08:49,155 [ERROR] LogOutputStream:75 - [STDERR_REDIRECT] Feb 11, 2026 11:08:49 PM java.util.prefs.FileSystemPreferences checkLockFile0ErrorCode
2026-02-11 23:08:49,155 [ERROR] LogOutputStream:75 - [STDERR_REDIRECT] WARNING: Could not lock System prefs. Unix error code 5.
2026-02-11 23:08:49,155 [ERROR] LogOutputStream:75 - [STDERR_REDIRECT] 
2026-02-11 23:08:49,155 [ERROR] LogOutputStream:75 - [STDERR_REDIRECT] Feb 11, 2026 11:08:49 PM java.util.prefs.FileSystemPreferences syncWorld
2026-02-11 23:08:49,156 [ERROR] LogOutputStream:75 - [STDERR_REDIRECT] WARNING: Couldn't flush system prefs: java.util.prefs.BackingStoreException: Couldn't get file lock.
2026-02-11 23:08:49,156 [ERROR] LogOutputStream:75 - [STDERR_REDIRECT] 
2026-02-11 23:09:19,156 [ERROR] LogOutputStream:75 - [STDERR_REDIRECT] Feb 11, 2026 11:09:19 PM java.util.prefs.FileSystemPreferences checkLockFile0ErrorCode
2026-02-11 23:09:19,156 [ERROR] LogOutputStream:75 - [STDERR_REDIRECT] WARNING: Could not lock System prefs. Unix error code 5.
2026-02-11 23:09:19,156 [ERROR] LogOutputStream:75 - [STDERR_REDIRECT] 
2026-02-11 23:09:19,156 [ERROR] LogOutputStream:75 - [STDERR_REDIRECT] Feb 11, 2026 11:09:19 PM java.util.prefs.FileSystemPreferences syncWorld
2026-02-11 23:09:19,156 [ERROR] LogOutputStream:75 - [STDERR_REDIRECT] WARNING: Couldn't flush system prefs: java.util.prefs.BackingStoreException: Couldn't get file lock.
2026-02-11 23:09:19,156 [ERROR] LogOutputStream:75 - [STDERR_REDIRECT] 
2026-02-11 23:09:49,156 [ERROR] LogOutputStream:75 - [STDERR_REDIRECT] Feb 11, 2026 11:09:49 PM java.util.prefs.FileSystemPreferences checkLockFile0ErrorCode
2026-02-11 23:09:49,156 [ERROR] LogOutputStream:75 - [STDERR_REDIRECT] WARNING: Could not lock System prefs. Unix error code 5.
2026-02-11 23:09:49,156 [ERROR] LogOutputStream:75 - [STDERR_REDIRECT] 
2026-02-11 23:09:49,157 [ERROR] LogOutputStream:75 - [STDERR_REDIRECT] Feb 11, 2026 11:09:49 PM java.util.prefs.FileSystemPreferences syncWorld
2026-02-11 23:09:49,157 [ERROR] LogOutputStream:75 - [STDERR_REDIRECT] WARNING: Couldn't flush system prefs: java.util.prefs.BackingStoreException: Couldn't get file lock.
2026-02-11 23:09:49,157 [ERROR] LogOutputStream:75 - [STDERR_REDIRECT] 
2026-02-11 23:10:19,156 [ERROR] LogOutputStream:75 - [STDERR_REDIRECT] Feb 11, 2026 11:10:19 PM java.util.prefs.FileSystemPreferences checkLockFile0ErrorCode
2026-02-11 23:10:19,156 [ERROR] LogOutputStream:75 - [STDERR_REDIRECT] WARNING: Could not lock System prefs. Unix error code 5.
2026-02-11 23:10:19,156 [ERROR] LogOutputStream:75 - [STDERR_REDIRECT] 
2026-02-11 23:10:19,157 [ERROR] LogOutputStream:75 - [STDERR_REDIRECT] Feb 11, 2026 11:10:19 PM java.util.prefs.FileSystemPreferences syncWorld
2026-02-11 23:10:19,157 [ERROR] LogOutputStream:75 - [STDERR_REDIRECT] WARNING: Couldn't flush system prefs: java.util.prefs.BackingStoreException: Couldn't get file lock.
2026-02-11 23:10:19,157 [ERROR] LogOutputStream:75 - [STDERR_REDIRECT] 
2026-02-11 23:10:49,156 [ERROR] LogOutputStream:75 - [STDERR_REDIRECT] Feb 11, 2026 11:10:49 PM java.util.prefs.FileSystemPreferences checkLockFile0ErrorCode
2026-02-11 23:10:49,156 [ERROR] LogOutputStream:75 - [STDERR_REDIRECT] WARNING: Could not lock System prefs. Unix error code 5.
2026-02-11 23:10:49,156 [ERROR] LogOutputStream:75 - [STDERR_REDIRECT] 
2026-02-11 23:10:49,157 [ERROR] LogOutputStream:75 - [STDERR_REDIRECT] Feb 11, 2026 11:10:49 PM java.util.prefs.FileSystemPreferences syncWorld
2026-02-11 23:10:49,157 [ERROR] LogOutputStream:75 - [STDERR_REDIRECT] WARNING: Couldn't flush system prefs: java.util.prefs.BackingStoreException: Couldn't get file lock.
2026-02-11 23:10:49,157 [ERROR] LogOutputStream:75 - [STDERR_REDIRECT] 
2026-02-11 23:11:19,156 [ERROR] LogOutputStream:75 - [STDERR_REDIRECT] Feb 11, 2026 11:11:19 PM java.util.prefs.FileSystemPreferences checkLockFile0ErrorCode
2026-02-11 23:11:19,156 [ERROR] LogOutputStream:75 - [STDERR_REDIRECT] WARNING: Could not lock System prefs. Unix error code 5.
2026-02-11 23:11:19,156 [ERROR] LogOutputStream:75 - [STDERR_REDIRECT] 
2026-02-11 23:11:19,157 [ERROR] LogOutputStream:75 - [STDERR_REDIRECT] Feb 11, 2026 11:11:19 PM java.util.prefs.FileSystemPreferences syncWorld
2026-02-11 23:11:19,157 [ERROR] LogOutputStream:75 - [STDERR_REDIRECT] WARNING: Couldn't flush system prefs: java.util.prefs.BackingStoreException: Couldn't get file lock.
2026-02-11 23:11:19,157 [ERROR] LogOutputStream:75 - [STDERR_REDIRECT] 
2026-02-11 23:11:49,157 [ERROR] LogOutputStream:75 - [STDERR_REDIRECT] Feb 11, 2026 11:11:49 PM java.util.prefs.FileSystemPreferences checkLockFile0ErrorCode
2026-02-11 23:11:49,157 [ERROR] LogOutputStream:75 - [STDERR_REDIRECT] WARNING: Could not lock System prefs. Unix error code 5.
2026-02-11 23:11:49,157 [ERROR] LogOutputStream:75 - [STDERR_REDIRECT] 
2026-02-11 23:11:49,157 [ERROR] LogOutputStream:75 - [STDERR_REDIRECT] Feb 11, 2026 11:11:49 PM java.util.prefs.FileSystemPreferences syncWorld
2026-02-11 23:11:49,158 [ERROR] LogOutputStream:75 - [STDERR_REDIRECT] WARNING: Couldn't flush system prefs: java.util.prefs.BackingStoreException: Couldn't get file lock.
2026-02-11 23:11:49,158 [ERROR] LogOutputStream:75 - [STDERR_REDIRECT] 
2026-02-11 23:12:19,156 [ERROR] LogOutputStream:75 - [STDERR_REDIRECT] Feb 11, 2026 11:12:19 PM java.util.prefs.FileSystemPreferences checkLockFile0ErrorCode
2026-02-11 23:12:19,156 [ERROR] LogOutputStream:75 - [STDERR_REDIRECT] WARNING: Could not lock System prefs. Unix error code 5.
2026-02-11 23:12:19,156 [ERROR] LogOutputStream:75 - [STDERR_REDIRECT] 
2026-02-11 23:12:19,156 [ERROR] LogOutputStream:75 - [STDERR_REDIRECT] Feb 11, 2026 11:12:19 PM java.util.prefs.FileSystemPreferences syncWorld
2026-02-11 23:12:19,157 [ERROR] LogOutputStream:75 - [STDERR_REDIRECT] WARNING: Couldn't flush system prefs: java.util.prefs.BackingStoreException: Couldn't get file lock.
2026-02-11 23:12:19,157 [ERROR] LogOutputStream:75 - [STDERR_REDIRECT] 
2026-02-11 23:12:49,156 [ERROR] LogOutputStream:75 - [STDERR_REDIRECT] Feb 11, 2026 11:12:49 PM java.util.prefs.FileSystemPreferences checkLockFile0ErrorCode
2026-02-11 23:12:49,156 [ERROR] LogOutputStream:75 - [STDERR_REDIRECT] WARNING: Could not lock System prefs. Unix error code 5.
2026-02-11 23:12:49,157 [ERROR] LogOutputStream:75 - [STDERR_REDIRECT] 
2026-02-11 23:12:49,157 [ERROR] LogOutputStream:75 - [STDERR_REDIRECT] Feb 11, 2026 11:12:49 PM java.util.prefs.FileSystemPreferences syncWorld
2026-02-11 23:12:49,157 [ERROR] LogOutputStream:75 - [STDERR_REDIRECT] WARNING: Couldn't flush system prefs: java.util.prefs.BackingStoreException: Couldn't get file lock.
2026-02-11 23:12:49,157 [ERROR] LogOutputStream:75 - [STDERR_REDIRECT] 
2026-02-11 23:13:19,157 [ERROR] LogOutputStream:75 - [STDERR_REDIRECT] Feb 11, 2026 11:13:19 PM java.util.prefs.FileSystemPreferences checkLockFile0ErrorCode
2026-02-11 23:13:19,157 [ERROR] LogOutputStream:75 - [STDERR_REDIRECT] WARNING: Could not lock System prefs. Unix error code 5.
2026-02-11 23:13:19,157 [ERROR] LogOutputStream:75 - [STDERR_REDIRECT] 
2026-02-11 23:13:19,157 [ERROR] LogOutputStream:75 - [STDERR_REDIRECT] Feb 11, 2026 11:13:19 PM java.util.prefs.FileSystemPreferences syncWorld
2026-02-11 23:13:19,158 [ERROR] LogOutputStream:75 - [STDERR_REDIRECT] WARNING: Couldn't flush system prefs: java.util.prefs.BackingStoreException: Couldn't get file lock.
2026-02-11 23:13:19,158 [ERROR] LogOutputStream:75 - [STDERR_REDIRECT] 
2026-02-11 23:13:49,156 [ERROR] LogOutputStream:75 - [STDERR_REDIRECT] Feb 11, 2026 11:13:49 PM java.util.prefs.FileSystemPreferences checkLockFile0ErrorCode
2026-02-11 23:13:49,156 [ERROR] LogOutputStream:75 - [STDERR_REDIRECT] WARNING: Could not lock System prefs. Unix error code 5.
2026-02-11 23:13:49,156 [ERROR] LogOutputStream:75 - [STDERR_REDIRECT] 
2026-02-11 23:13:49,157 [ERROR] LogOutputStream:75 - [STDERR_REDIRECT] Feb 11, 2026 11:13:49 PM java.util.prefs.FileSystemPreferences syncWorld
2026-02-11 23:13:49,157 [ERROR] LogOutputStream:75 - [STDERR_REDIRECT] WARNING: Couldn't flush system prefs: java.util.prefs.BackingStoreException: Couldn't get file lock.
2026-02-11 23:13:49,157 [ERROR] LogOutputStream:75 - [STDERR_REDIRECT] 
2026-02-11 23:14:19,157 [ERROR] LogOutputStream:75 - [STDERR_REDIRECT] Feb 11, 2026 11:14:19 PM java.util.prefs.FileSystemPreferences checkLockFile0ErrorCode
2026-02-11 23:14:19,157 [ERROR] LogOutputStream:75 - [STDERR_REDIRECT] WARNING: Could not lock System prefs. Unix error code 5.
2026-02-11 23:14:19,157 [ERROR] LogOutputStream:75 - [STDERR_REDIRECT] 
2026-02-11 23:14:19,157 [ERROR] LogOutputStream:75 - [STDERR_REDIRECT] Feb 11, 2026 11:14:19 PM java.util.prefs.FileSystemPreferences syncWorld
2026-02-11 23:14:19,157 [ERROR] LogOutputStream:75 - [STDERR_REDIRECT] WARNING: Couldn't flush system prefs: java.util.prefs.BackingStoreException: Couldn't get file lock.
2026-02-11 23:14:19,157 [ERROR] LogOutputStream:75 - [STDERR_REDIRECT] 
2026-02-11 23:14:49,156 [ERROR] LogOutputStream:75 - [STDERR_REDIRECT] Feb 11, 2026 11:14:49 PM java.util.prefs.FileSystemPreferences checkLockFile0ErrorCode
2026-02-11 23:14:49,156 [ERROR] LogOutputStream:75 - [STDERR_REDIRECT] WARNING: Could not lock System prefs. Unix error code 5.
2026-02-11 23:14:49,156 [ERROR] LogOutputStream:75 - [STDERR_REDIRECT] 
2026-02-11 23:14:49,156 [ERROR] LogOutputStream:75 - [STDERR_REDIRECT] Feb 11, 2026 11:14:49 PM java.util.prefs.FileSystemPreferences syncWorld
2026-02-11 23:14:49,157 [ERROR] LogOutputStream:75 - [STDERR_REDIRECT] WARNING: Couldn't flush system prefs: java.util.prefs.BackingStoreException: Couldn't get file lock.
2026-02-11 23:14:49,157 [ERROR] LogOutputStream:75 - [STDERR_REDIRECT] 
2026-02-11 23:15:19,156 [ERROR] LogOutputStream:75 - [STDERR_REDIRECT] Feb 11, 2026 11:15:19 PM java.util.prefs.FileSystemPreferences checkLockFile0ErrorCode
2026-02-11 23:15:19,156 [ERROR] LogOutputStream:75 - [STDERR_REDIRECT] WARNING: Could not lock System prefs. Unix error code 5.
2026-02-11 23:15:19,156 [ERROR] LogOutputStream:75 - [STDERR_REDIRECT] 
2026-02-11 23:15:19,157 [ERROR] LogOutputStream:75 - [STDERR_REDIRECT] Feb 11, 2026 11:15:19 PM java.util.prefs.FileSystemPreferences syncWorld
2026-02-11 23:15:19,157 [ERROR] LogOutputStream:75 - [STDERR_REDIRECT] WARNING: Couldn't flush system prefs: java.util.prefs.BackingStoreException: Couldn't get file lock.
2026-02-11 23:15:19,157 [ERROR] LogOutputStream:75 - [STDERR_REDIRECT] 
2026-02-11 23:15:49,157 [ERROR] LogOutputStream:75 - [STDERR_REDIRECT] Feb 11, 2026 11:15:49 PM java.util.prefs.FileSystemPreferences checkLockFile0ErrorCode
2026-02-11 23:15:49,157 [ERROR] LogOutputStream:75 - [STDERR_REDIRECT] WARNING: Could not lock System prefs. Unix error code 5.
2026-02-11 23:15:49,157 [ERROR] LogOutputStream:75 - [STDERR_REDIRECT] 
2026-02-11 23:15:49,157 [ERROR] LogOutputStream:75 - [STDERR_REDIRECT] Feb 11, 2026 11:15:49 PM java.util.prefs.FileSystemPreferences syncWorld
2026-02-11 23:15:49,158 [ERROR] LogOutputStream:75 - [STDERR_REDIRECT] WARNING: Couldn't flush system prefs: java.util.prefs.BackingStoreException: Couldn't get file lock.
2026-02-11 23:15:49,158 [ERROR] LogOutputStream:75 - [STDERR_REDIRECT] 
2026-02-11 23:16:19,156 [ERROR] LogOutputStream:75 - [STDERR_REDIRECT] Feb 11, 2026 11:16:19 PM java.util.prefs.FileSystemPreferences checkLockFile0ErrorCode
2026-02-11 23:16:19,156 [ERROR] LogOutputStream:75 - [STDERR_REDIRECT] WARNING: Could not lock System prefs. Unix error code 5.
2026-02-11 23:16:19,156 [ERROR] LogOutputStream:75 - [STDERR_REDIRECT] 
2026-02-11 23:16:19,157 [ERROR] LogOutputStream:75 - [STDERR_REDIRECT] Feb 11, 2026 11:16:19 PM java.util.prefs.FileSystemPreferences syncWorld
2026-02-11 23:16:19,157 [ERROR] LogOutputStream:75 - [STDERR_REDIRECT] WARNING: Couldn't flush system prefs: java.util.prefs.BackingStoreException: Couldn't get file lock.
2026-02-11 23:16:19,157 [ERROR] LogOutputStream:75 - [STDERR_REDIRECT] 
2026-02-11 23:16:49,157 [ERROR] LogOutputStream:75 - [STDERR_REDIRECT] Feb 11, 2026 11:16:49 PM java.util.prefs.FileSystemPreferences checkLockFile0ErrorCode
2026-02-11 23:16:49,157 [ERROR] LogOutputStream:75 - [STDERR_REDIRECT] WARNING: Could not lock System prefs. Unix error code 5.
2026-02-11 23:16:49,157 [ERROR] LogOutputStream:75 - [STDERR_REDIRECT] 
2026-02-11 23:16:49,158 [ERROR] LogOutputStream:75 - [STDERR_REDIRECT] Feb 11, 2026 11:16:49 PM java.util.prefs.FileSystemPreferences syncWorld
2026-02-11 23:16:49,158 [ERROR] LogOutputStream:75 - [STDERR_REDIRECT] WARNING: Couldn't flush system prefs: java.util.prefs.BackingStoreException: Couldn't get file lock.
2026-02-11 23:16:49,158 [ERROR] LogOutputStream:75 - [STDERR_REDIRECT] 
2026-02-11 23:17:19,156 [ERROR] LogOutputStream:75 - [STDERR_REDIRECT] Feb 11, 2026 11:17:19 PM java.util.prefs.FileSystemPreferences checkLockFile0ErrorCode
2026-02-11 23:17:19,156 [ERROR] LogOutputStream:75 - [STDERR_REDIRECT] WARNING: Could not lock System prefs. Unix error code 5.
2026-02-11 23:17:19,156 [ERROR] LogOutputStream:75 - [STDERR_REDIRECT] 
2026-02-11 23:17:19,157 [ERROR] LogOutputStream:75 - [STDERR_REDIRECT] Feb 11, 2026 11:17:19 PM java.util.prefs.FileSystemPreferences syncWorld
2026-02-11 23:17:19,157 [ERROR] LogOutputStream:75 - [STDERR_REDIRECT] WARNING: Couldn't flush system prefs: java.util.prefs.BackingStoreException: Couldn't get file lock.
2026-02-11 23:17:19,157 [ERROR] LogOutputStream:75 - [STDERR_REDIRECT] 
2026-02-11 23:17:49,156 [ERROR] LogOutputStream:75 - [STDERR_REDIRECT] Feb 11, 2026 11:17:49 PM java.util.prefs.FileSystemPreferences checkLockFile0ErrorCode
2026-02-11 23:17:49,157 [ERROR] LogOutputStream:75 - [STDERR_REDIRECT] WARNING: Could not lock System prefs. Unix error code 5.
2026-02-11 23:17:49,157 [ERROR] LogOutputStream:75 - [STDERR_REDIRECT] 
2026-02-11 23:17:49,157 [ERROR] LogOutputStream:75 - [STDERR_REDIRECT] Feb 11, 2026 11:17:49 PM java.util.prefs.FileSystemPreferences syncWorld
2026-02-11 23:17:49,157 [ERROR] LogOutputStream:75 - [STDERR_REDIRECT] WARNING: Couldn't flush system prefs: java.util.prefs.BackingStoreException: Couldn't get file lock.
2026-02-11 23:17:49,157 [ERROR] LogOutputStream:75 - [STDERR_REDIRECT] 
2026-02-11 23:18:19,157 [ERROR] LogOutputStream:75 - [STDERR_REDIRECT] Feb 11, 2026 11:18:19 PM java.util.prefs.FileSystemPreferences checkLockFile0ErrorCode
2026-02-11 23:18:19,157 [ERROR] LogOutputStream:75 - [STDERR_REDIRECT] WARNING: Could not lock System prefs. Unix error code 5.
2026-02-11 23:18:19,157 [ERROR] LogOutputStream:75 - [STDERR_REDIRECT] 
2026-02-11 23:18:19,157 [ERROR] LogOutputStream:75 - [STDERR_REDIRECT] Feb 11, 2026 11:18:19 PM java.util.prefs.FileSystemPreferences syncWorld
2026-02-11 23:18:19,158 [ERROR] LogOutputStream:75 - [STDERR_REDIRECT] WARNING: Couldn't flush system prefs: java.util.prefs.BackingStoreException: Couldn't get file lock.
2026-02-11 23:18:19,158 [ERROR] LogOutputStream:75 - [STDERR_REDIRECT] 
2026-02-11 23:18:49,157 [ERROR] LogOutputStream:75 - [STDERR_REDIRECT] Feb 11, 2026 11:18:49 PM java.util.prefs.FileSystemPreferences checkLockFile0ErrorCode
2026-02-11 23:18:49,157 [ERROR] LogOutputStream:75 - [STDERR_REDIRECT] WARNING: Could not lock System prefs. Unix error code 5.
2026-02-11 23:18:49,157 [ERROR] LogOutputStream:75 - [STDERR_REDIRECT] 
2026-02-11 23:18:49,157 [ERROR] LogOutputStream:75 - [STDERR_REDIRECT] Feb 11, 2026 11:18:49 PM java.util.prefs.FileSystemPreferences syncWorld
2026-02-11 23:18:49,158 [ERROR] LogOutputStream:75 - [STDERR_REDIRECT] WARNING: Couldn't flush system prefs: java.util.prefs.BackingStoreException: Couldn't get file lock.
2026-02-11 23:18:49,158 [ERROR] LogOutputStream:75 - [STDERR_REDIRECT] 
2026-02-11 23:19:19,157 [ERROR] LogOutputStream:75 - [STDERR_REDIRECT] Feb 11, 2026 11:19:19 PM java.util.prefs.FileSystemPreferences checkLockFile0ErrorCode
2026-02-11 23:19:19,157 [ERROR] LogOutputStream:75 - [STDERR_REDIRECT] WARNING: Could not lock System prefs. Unix error code 5.
2026-02-11 23:19:19,157 [ERROR] LogOutputStream:75 - [STDERR_REDIRECT] 
2026-02-11 23:19:19,158 [ERROR] LogOutputStream:75 - [STDERR_REDIRECT] Feb 11, 2026 11:19:19 PM java.util.prefs.FileSystemPreferences syncWorld
2026-02-11 23:19:19,158 [ERROR] LogOutputStream:75 - [STDERR_REDIRECT] WARNING: Couldn't flush system prefs: java.util.prefs.BackingStoreException: Couldn't get file lock.
2026-02-11 23:19:19,158 [ERROR] LogOutputStream:75 - [STDERR_REDIRECT] 
2026-02-11 23:19:49,157 [ERROR] LogOutputStream:75 - [STDERR_REDIRECT] Feb 11, 2026 11:19:49 PM java.util.prefs.FileSystemPreferences checkLockFile0ErrorCode
2026-02-11 23:19:49,158 [ERROR] LogOutputStream:75 - [STDERR_REDIRECT] WARNING: Could not lock System prefs. Unix error code 5.
2026-02-11 23:19:49,158 [ERROR] LogOutputStream:75 - [STDERR_REDIRECT] 
2026-02-11 23:19:49,158 [ERROR] LogOutputStream:75 - [STDERR_REDIRECT] Feb 11, 2026 11:19:49 PM java.util.prefs.FileSystemPreferences syncWorld
2026-02-11 23:19:49,158 [ERROR] LogOutputStream:75 - [STDERR_REDIRECT] WARNING: Couldn't flush system prefs: java.util.prefs.BackingStoreException: Couldn't get file lock.
2026-02-11 23:19:49,158 [ERROR] LogOutputStream:75 - [STDERR_REDIRECT] 
2026-02-11 23:20:19,157 [ERROR] LogOutputStream:75 - [STDERR_REDIRECT] Feb 11, 2026 11:20:19 PM java.util.prefs.FileSystemPreferences checkLockFile0ErrorCode
2026-02-11 23:20:19,157 [ERROR] LogOutputStream:75 - [STDERR_REDIRECT] WARNING: Could not lock System prefs. Unix error code 5.
2026-02-11 23:20:19,158 [ERROR] LogOutputStream:75 - [STDERR_REDIRECT] 
2026-02-11 23:20:19,158 [ERROR] LogOutputStream:75 - [STDERR_REDIRECT] Feb 11, 2026 11:20:19 PM java.util.prefs.FileSystemPreferences syncWorld
2026-02-11 23:20:19,158 [ERROR] LogOutputStream:75 - [STDERR_REDIRECT] WARNING: Couldn't flush system prefs: java.util.prefs.BackingStoreException: Couldn't get file lock.
2026-02-11 23:20:19,158 [ERROR] LogOutputStream:75 - [STDERR_REDIRECT] 
2026-02-11 23:20:49,159 [ERROR] LogOutputStream:75 - [STDERR_REDIRECT] Feb 11, 2026 11:20:49 PM java.util.prefs.FileSystemPreferences checkLockFile0ErrorCode
2026-02-11 23:20:49,159 [ERROR] LogOutputStream:75 - [STDERR_REDIRECT] WARNING: Could not lock System prefs. Unix error code 5.
2026-02-11 23:20:49,159 [ERROR] LogOutputStream:75 - [STDERR_REDIRECT] 
2026-02-11 23:20:49,159 [ERROR] LogOutputStream:75 - [STDERR_REDIRECT] Feb 11, 2026 11:20:49 PM java.util.prefs.FileSystemPreferences syncWorld
2026-02-11 23:20:49,159 [ERROR] LogOutputStream:75 - [STDERR_REDIRECT] WARNING: Couldn't flush system prefs: java.util.prefs.BackingStoreException: Couldn't get file lock.
2026-02-11 23:20:49,160 [ERROR] LogOutputStream:75 - [STDERR_REDIRECT] 
2026-02-11 23:21:19,158 [ERROR] LogOutputStream:75 - [STDERR_REDIRECT] Feb 11, 2026 11:21:19 PM java.util.prefs.FileSystemPreferences checkLockFile0ErrorCode
2026-02-11 23:21:19,158 [ERROR] LogOutputStream:75 - [STDERR_REDIRECT] WARNING: Could not lock System prefs. Unix error code 5.
2026-02-11 23:21:19,158 [ERROR] LogOutputStream:75 - [STDERR_REDIRECT] 
2026-02-11 23:21:19,158 [ERROR] LogOutputStream:75 - [STDERR_REDIRECT] Feb 11, 2026 11:21:19 PM java.util.prefs.FileSystemPreferences syncWorld
2026-02-11 23:21:19,159 [ERROR] LogOutputStream:75 - [STDERR_REDIRECT] WARNING: Couldn't flush system prefs: java.util.prefs.BackingStoreException: Couldn't get file lock.
2026-02-11 23:21:19,159 [ERROR] LogOutputStream:75 - [STDERR_REDIRECT] 
2026-02-11 23:21:49,159 [ERROR] LogOutputStream:75 - [STDERR_REDIRECT] Feb 11, 2026 11:21:49 PM java.util.prefs.FileSystemPreferences checkLockFile0ErrorCode
2026-02-11 23:21:49,159 [ERROR] LogOutputStream:75 - [STDERR_REDIRECT] WARNING: Could not lock System prefs. Unix error code 5.
2026-02-11 23:21:49,159 [ERROR] LogOutputStream:75 - [STDERR_REDIRECT] 
2026-02-11 23:21:49,159 [ERROR] LogOutputStream:75 - [STDERR_REDIRECT] Feb 11, 2026 11:21:49 PM java.util.prefs.FileSystemPreferences syncWorld
2026-02-11 23:21:49,160 [ERROR] LogOutputStream:75 - [STDERR_REDIRECT] WARNING: Couldn't flush system prefs: java.util.prefs.BackingStoreException: Couldn't get file lock.
2026-02-11 23:21:49,160 [ERROR] LogOutputStream:75 - [STDERR_REDIRECT] 
2026-02-11 23:22:19,158 [ERROR] LogOutputStream:75 - [STDERR_REDIRECT] Feb 11, 2026 11:22:19 PM java.util.prefs.FileSystemPreferences checkLockFile0ErrorCode
2026-02-11 23:22:19,158 [ERROR] LogOutputStream:75 - [STDERR_REDIRECT] WARNING: Could not lock System prefs. Unix error code 5.
2026-02-11 23:22:19,158 [ERROR] LogOutputStream:75 - [STDERR_REDIRECT] 
2026-02-11 23:22:19,158 [ERROR] LogOutputStream:75 - [STDERR_REDIRECT] Feb 11, 2026 11:22:19 PM java.util.prefs.FileSystemPreferences syncWorld
2026-02-11 23:22:19,158 [ERROR] LogOutputStream:75 - [STDERR_REDIRECT] WARNING: Couldn't flush system prefs: java.util.prefs.BackingStoreException: Couldn't get file lock.
2026-02-11 23:22:19,158 [ERROR] LogOutputStream:75 - [STDERR_REDIRECT] 
2026-02-11 23:22:49,158 [ERROR] LogOutputStream:75 - [STDERR_REDIRECT] Feb 11, 2026 11:22:49 PM java.util.prefs.FileSystemPreferences checkLockFile0ErrorCode
2026-02-11 23:22:49,158 [ERROR] LogOutputStream:75 - [STDERR_REDIRECT] WARNING: Could not lock System prefs. Unix error code 5.
2026-02-11 23:22:49,158 [ERROR] LogOutputStream:75 - [STDERR_REDIRECT] 
2026-02-11 23:22:49,159 [ERROR] LogOutputStream:75 - [STDERR_REDIRECT] Feb 11, 2026 11:22:49 PM java.util.prefs.FileSystemPreferences syncWorld
2026-02-11 23:22:49,159 [ERROR] LogOutputStream:75 - [STDERR_REDIRECT] WARNING: Couldn't flush system prefs: java.util.prefs.BackingStoreException: Couldn't get file lock.
2026-02-11 23:22:49,159 [ERROR] LogOutputStream:75 - [STDERR_REDIRECT] 
2026-02-11 23:23:19,158 [ERROR] LogOutputStream:75 - [STDERR_REDIRECT] Feb 11, 2026 11:23:19 PM java.util.prefs.FileSystemPreferences checkLockFile0ErrorCode
2026-02-11 23:23:19,158 [ERROR] LogOutputStream:75 - [STDERR_REDIRECT] WARNING: Could not lock System prefs. Unix error code 5.
2026-02-11 23:23:19,158 [ERROR] LogOutputStream:75 - [STDERR_REDIRECT] 
2026-02-11 23:23:19,159 [ERROR] LogOutputStream:75 - [STDERR_REDIRECT] Feb 11, 2026 11:23:19 PM java.util.prefs.FileSystemPreferences syncWorld
2026-02-11 23:23:19,159 [ERROR] LogOutputStream:75 - [STDERR_REDIRECT] WARNING: Couldn't flush system prefs: java.util.prefs.BackingStoreException: Couldn't get file lock.
2026-02-11 23:23:19,159 [ERROR] LogOutputStream:75 - [STDERR_REDIRECT] 
2026-02-11 23:23:49,158 [ERROR] LogOutputStream:75 - [STDERR_REDIRECT] Feb 11, 2026 11:23:49 PM java.util.prefs.FileSystemPreferences checkLockFile0ErrorCode
2026-02-11 23:23:49,158 [ERROR] LogOutputStream:75 - [STDERR_REDIRECT] WARNING: Could not lock System prefs. Unix error code 5.
2026-02-11 23:23:49,158 [ERROR] LogOutputStream:75 - [STDERR_REDIRECT] 
2026-02-11 23:23:49,159 [ERROR] LogOutputStream:75 - [STDERR_REDIRECT] Feb 11, 2026 11:23:49 PM java.util.prefs.FileSystemPreferences syncWorld
2026-02-11 23:23:49,159 [ERROR] LogOutputStream:75 - [STDERR_REDIRECT] WARNING: Couldn't flush system prefs: java.util.prefs.BackingStoreException: Couldn't get file lock.
2026-02-11 23:23:49,159 [ERROR] LogOutputStream:75 - [STDERR_REDIRECT] 
2026-02-11 23:24:19,159 [ERROR] LogOutputStream:75 - [STDERR_REDIRECT] Feb 11, 2026 11:24:19 PM java.util.prefs.FileSystemPreferences checkLockFile0ErrorCode
2026-02-11 23:24:19,159 [ERROR] LogOutputStream:75 - [STDERR_REDIRECT] WARNING: Could not lock System prefs. Unix error code 5.
2026-02-11 23:24:19,159 [ERROR] LogOutputStream:75 - [STDERR_REDIRECT] 
2026-02-11 23:24:19,159 [ERROR] LogOutputStream:75 - [STDERR_REDIRECT] Feb 11, 2026 11:24:19 PM java.util.prefs.FileSystemPreferences syncWorld
2026-02-11 23:24:19,159 [ERROR] LogOutputStream:75 - [STDERR_REDIRECT] WARNING: Couldn't flush system prefs: java.util.prefs.BackingStoreException: Couldn't get file lock.
2026-02-11 23:24:19,159 [ERROR] LogOutputStream:75 - [STDERR_REDIRECT] 
2026-02-11 23:24:49,158 [ERROR] LogOutputStream:75 - [STDERR_REDIRECT] Feb 11, 2026 11:24:49 PM java.util.prefs.FileSystemPreferences checkLockFile0ErrorCode
2026-02-11 23:24:49,159 [ERROR] LogOutputStream:75 - [STDERR_REDIRECT] WARNING: Could not lock System prefs. Unix error code 5.
2026-02-11 23:24:49,159 [ERROR] LogOutputStream:75 - [STDERR_REDIRECT] 
2026-02-11 23:24:49,159 [ERROR] LogOutputStream:75 - [STDERR_REDIRECT] Feb 11, 2026 11:24:49 PM java.util.prefs.FileSystemPreferences syncWorld
2026-02-11 23:24:49,159 [ERROR] LogOutputStream:75 - [STDERR_REDIRECT] WARNING: Couldn't flush system prefs: java.util.prefs.BackingStoreException: Couldn't get file lock.
2026-02-11 23:24:49,159 [ERROR] LogOutputStream:75 - [STDERR_REDIRECT] 
2026-02-11 23:25:19,160 [ERROR] LogOutputStream:75 - [STDERR_REDIRECT] Feb 11, 2026 11:25:19 PM java.util.prefs.FileSystemPreferences checkLockFile0ErrorCode
2026-02-11 23:25:19,160 [ERROR] LogOutputStream:75 - [STDERR_REDIRECT] WARNING: Could not lock System prefs. Unix error code 5.
2026-02-11 23:25:19,160 [ERROR] LogOutputStream:75 - [STDERR_REDIRECT] 
2026-02-11 23:25:19,160 [ERROR] LogOutputStream:75 - [STDERR_REDIRECT] Feb 11, 2026 11:25:19 PM java.util.prefs.FileSystemPreferences syncWorld
2026-02-11 23:25:19,161 [ERROR] LogOutputStream:75 - [STDERR_REDIRECT] WARNING: Couldn't flush system prefs: java.util.prefs.BackingStoreException: Couldn't get file lock.
2026-02-11 23:25:19,161 [ERROR] LogOutputStream:75 - [STDERR_REDIRECT] 
2026-02-11 23:25:49,161 [ERROR] LogOutputStream:75 - [STDERR_REDIRECT] Feb 11, 2026 11:25:49 PM java.util.prefs.FileSystemPreferences checkLockFile0ErrorCode
2026-02-11 23:25:49,161 [ERROR] LogOutputStream:75 - [STDERR_REDIRECT] WARNING: Could not lock System prefs. Unix error code 5.
2026-02-11 23:25:49,161 [ERROR] LogOutputStream:75 - [STDERR_REDIRECT] 
2026-02-11 23:25:49,161 [ERROR] LogOutputStream:75 - [STDERR_REDIRECT] Feb 11, 2026 11:25:49 PM java.util.prefs.FileSystemPreferences syncWorld
2026-02-11 23:25:49,161 [ERROR] LogOutputStream:75 - [STDERR_REDIRECT] WARNING: Couldn't flush system prefs: java.util.prefs.BackingStoreException: Couldn't get file lock.
2026-02-11 23:25:49,161 [ERROR] LogOutputStream:75 - [STDERR_REDIRECT] 
2026-02-11 23:26:19,161 [ERROR] LogOutputStream:75 - [STDERR_REDIRECT] Feb 11, 2026 11:26:19 PM java.util.prefs.FileSystemPreferences checkLockFile0ErrorCode
2026-02-11 23:26:19,161 [ERROR] LogOutputStream:75 - [STDERR_REDIRECT] WARNING: Could not lock System prefs. Unix error code 5.
2026-02-11 23:26:19,161 [ERROR] LogOutputStream:75 - [STDERR_REDIRECT] 
2026-02-11 23:26:19,162 [ERROR] LogOutputStream:75 - [STDERR_REDIRECT] Feb 11, 2026 11:26:19 PM java.util.prefs.FileSystemPreferences syncWorld
2026-02-11 23:26:19,162 [ERROR] LogOutputStream:75 - [STDERR_REDIRECT] WARNING: Couldn't flush system prefs: java.util.prefs.BackingStoreException: Couldn't get file lock.
2026-02-11 23:26:19,162 [ERROR] LogOutputStream:75 - [STDERR_REDIRECT] 
2026-02-11 23:26:49,160 [ERROR] LogOutputStream:75 - [STDERR_REDIRECT] Feb 11, 2026 11:26:49 PM java.util.prefs.FileSystemPreferences checkLockFile0ErrorCode
2026-02-11 23:26:49,160 [ERROR] LogOutputStream:75 - [STDERR_REDIRECT] WARNING: Could not lock System prefs. Unix error code 5.
2026-02-11 23:26:49,160 [ERROR] LogOutputStream:75 - [STDERR_REDIRECT] 
2026-02-11 23:26:49,161 [ERROR] LogOutputStream:75 - [STDERR_REDIRECT] Feb 11, 2026 11:26:49 PM java.util.prefs.FileSystemPreferences syncWorld
2026-02-11 23:26:49,161 [ERROR] LogOutputStream:75 - [STDERR_REDIRECT] WARNING: Couldn't flush system prefs: java.util.prefs.BackingStoreException: Couldn't get file lock.
2026-02-11 23:26:49,161 [ERROR] LogOutputStream:75 - [STDERR_REDIRECT] 
2026-02-11 23:27:19,160 [ERROR] LogOutputStream:75 - [STDERR_REDIRECT] Feb 11, 2026 11:27:19 PM java.util.prefs.FileSystemPreferences checkLockFile0ErrorCode
2026-02-11 23:27:19,160 [ERROR] LogOutputStream:75 - [STDERR_REDIRECT] WARNING: Could not lock System prefs. Unix error code 5.
2026-02-11 23:27:19,160 [ERROR] LogOutputStream:75 - [STDERR_REDIRECT] 
2026-02-11 23:27:19,161 [ERROR] LogOutputStream:75 - [STDERR_REDIRECT] Feb 11, 2026 11:27:19 PM java.util.prefs.FileSystemPreferences syncWorld
2026-02-11 23:27:19,161 [ERROR] LogOutputStream:75 - [STDERR_REDIRECT] WARNING: Couldn't flush system prefs: java.util.prefs.BackingStoreException: Couldn't get file lock.
2026-02-11 23:27:19,161 [ERROR] LogOutputStream:75 - [STDERR_REDIRECT] 
2026-02-11 23:27:49,160 [ERROR] LogOutputStream:75 - [STDERR_REDIRECT] Feb 11, 2026 11:27:49 PM java.util.prefs.FileSystemPreferences checkLockFile0ErrorCode
2026-02-11 23:27:49,160 [ERROR] LogOutputStream:75 - [STDERR_REDIRECT] WARNING: Could not lock System prefs. Unix error code 5.
2026-02-11 23:27:49,160 [ERROR] LogOutputStream:75 - [STDERR_REDIRECT] 
2026-02-11 23:27:49,161 [ERROR] LogOutputStream:75 - [STDERR_REDIRECT] Feb 11, 2026 11:27:49 PM java.util.prefs.FileSystemPreferences syncWorld
2026-02-11 23:27:49,161 [ERROR] LogOutputStream:75 - [STDERR_REDIRECT] WARNING: Couldn't flush system prefs: java.util.prefs.BackingStoreException: Couldn't get file lock.
2026-02-11 23:27:49,161 [ERROR] LogOutputStream:75 - [STDERR_REDIRECT] 
2026-02-11 23:28:19,161 [ERROR] LogOutputStream:75 - [STDERR_REDIRECT] Feb 11, 2026 11:28:19 PM java.util.prefs.FileSystemPreferences checkLockFile0ErrorCode
2026-02-11 23:28:19,161 [ERROR] LogOutputStream:75 - [STDERR_REDIRECT] WARNING: Could not lock System prefs. Unix error code 5.
2026-02-11 23:28:19,161 [ERROR] LogOutputStream:75 - [STDERR_REDIRECT] 
2026-02-11 23:28:19,161 [ERROR] LogOutputStream:75 - [STDERR_REDIRECT] Feb 11, 2026 11:28:19 PM java.util.prefs.FileSystemPreferences syncWorld
2026-02-11 23:28:19,162 [ERROR] LogOutputStream:75 - [STDERR_REDIRECT] WARNING: Couldn't flush system prefs: java.util.prefs.BackingStoreException: Couldn't get file lock.
2026-02-11 23:28:19,162 [ERROR] LogOutputStream:75 - [STDERR_REDIRECT] 
2026-02-11 23:28:49,159 [ERROR] LogOutputStream:75 - [STDERR_REDIRECT] Feb 11, 2026 11:28:49 PM java.util.prefs.FileSystemPreferences checkLockFile0ErrorCode
2026-02-11 23:28:49,160 [ERROR] LogOutputStream:75 - [STDERR_REDIRECT] WARNING: Could not lock System prefs. Unix error code 5.
2026-02-11 23:28:49,160 [ERROR] LogOutputStream:75 - [STDERR_REDIRECT] 
2026-02-11 23:28:49,160 [ERROR] LogOutputStream:75 - [STDERR_REDIRECT] Feb 11, 2026 11:28:49 PM java.util.prefs.FileSystemPreferences syncWorld
2026-02-11 23:28:49,160 [ERROR] LogOutputStream:75 - [STDERR_REDIRECT] WARNING: Couldn't flush system prefs: java.util.prefs.BackingStoreException: Couldn't get file lock.
2026-02-11 23:28:49,160 [ERROR] LogOutputStream:75 - [STDERR_REDIRECT] 
2026-02-11 23:29:19,161 [ERROR] LogOutputStream:75 - [STDERR_REDIRECT] Feb 11, 2026 11:29:19 PM java.util.prefs.FileSystemPreferences checkLockFile0ErrorCode
2026-02-11 23:29:19,161 [ERROR] LogOutputStream:75 - [STDERR_REDIRECT] WARNING: Could not lock System prefs. Unix error code 5.
2026-02-11 23:29:19,161 [ERROR] LogOutputStream:75 - [STDERR_REDIRECT] 
2026-02-11 23:29:19,161 [ERROR] LogOutputStream:75 - [STDERR_REDIRECT] Feb 11, 2026 11:29:19 PM java.util.prefs.FileSystemPreferences syncWorld
2026-02-11 23:29:19,162 [ERROR] LogOutputStream:75 - [STDERR_REDIRECT] WARNING: Couldn't flush system prefs: java.util.prefs.BackingStoreException: Couldn't get file lock.
2026-02-11 23:29:19,162 [ERROR] LogOutputStream:75 - [STDERR_REDIRECT] 
2026-02-11 23:29:49,161 [ERROR] LogOutputStream:75 - [STDERR_REDIRECT] Feb 11, 2026 11:29:49 PM java.util.prefs.FileSystemPreferences checkLockFile0ErrorCode
2026-02-11 23:29:49,161 [ERROR] LogOutputStream:75 - [STDERR_REDIRECT] WARNING: Could not lock System prefs. Unix error code 5.
2026-02-11 23:29:49,161 [ERROR] LogOutputStream:75 - [STDERR_REDIRECT] 
2026-02-11 23:29:49,162 [ERROR] LogOutputStream:75 - [STDERR_REDIRECT] Feb 11, 2026 11:29:49 PM java.util.prefs.FileSystemPreferences syncWorld
2026-02-11 23:29:49,162 [ERROR] LogOutputStream:75 - [STDERR_REDIRECT] WARNING: Couldn't flush system prefs: java.util.prefs.BackingStoreException: Couldn't get file lock.
2026-02-11 23:29:49,162 [ERROR] LogOutputStream:75 - [STDERR_REDIRECT] 
2026-02-11 23:30:19,162 [ERROR] LogOutputStream:75 - [STDERR_REDIRECT] Feb 11, 2026 11:30:19 PM java.util.prefs.FileSystemPreferences checkLockFile0ErrorCode
2026-02-11 23:30:19,162 [ERROR] LogOutputStream:75 - [STDERR_REDIRECT] WARNING: Could not lock System prefs. Unix error code 5.
2026-02-11 23:30:19,162 [ERROR] LogOutputStream:75 - [STDERR_REDIRECT] 
2026-02-11 23:30:19,162 [ERROR] LogOutputStream:75 - [STDERR_REDIRECT] Feb 11, 2026 11:30:19 PM java.util.prefs.FileSystemPreferences syncWorld
2026-02-11 23:30:19,162 [ERROR] LogOutputStream:75 - [STDERR_REDIRECT] WARNING: Couldn't flush system prefs: java.util.prefs.BackingStoreException: Couldn't get file lock.
2026-02-11 23:30:19,162 [ERROR] LogOutputStream:75 - [STDERR_REDIRECT] 
2026-02-11 23:30:49,160 [ERROR] LogOutputStream:75 - [STDERR_REDIRECT] Feb 11, 2026 11:30:49 PM java.util.prefs.FileSystemPreferences checkLockFile0ErrorCode
2026-02-11 23:30:49,161 [ERROR] LogOutputStream:75 - [STDERR_REDIRECT] WARNING: Could not lock System prefs. Unix error code 5.
2026-02-11 23:30:49,161 [ERROR] LogOutputStream:75 - [STDERR_REDIRECT] 
2026-02-11 23:30:49,161 [ERROR] LogOutputStream:75 - [STDERR_REDIRECT] Feb 11, 2026 11:30:49 PM java.util.prefs.FileSystemPreferences syncWorld
2026-02-11 23:30:49,161 [ERROR] LogOutputStream:75 - [STDERR_REDIRECT] WARNING: Couldn't flush system prefs: java.util.prefs.BackingStoreException: Couldn't get file lock.
2026-02-11 23:30:49,161 [ERROR] LogOutputStream:75 - [STDERR_REDIRECT] 
2026-02-11 23:31:19,162 [ERROR] LogOutputStream:75 - [STDERR_REDIRECT] Feb 11, 2026 11:31:19 PM java.util.prefs.FileSystemPreferences checkLockFile0ErrorCode
2026-02-11 23:31:19,162 [ERROR] LogOutputStream:75 - [STDERR_REDIRECT] WARNING: Could not lock System prefs. Unix error code 5.
2026-02-11 23:31:19,162 [ERROR] LogOutputStream:75 - [STDERR_REDIRECT] 
2026-02-11 23:31:19,163 [ERROR] LogOutputStream:75 - [STDERR_REDIRECT] Feb 11, 2026 11:31:19 PM java.util.prefs.FileSystemPreferences syncWorld
2026-02-11 23:31:19,163 [ERROR] LogOutputStream:75 - [STDERR_REDIRECT] WARNING: Couldn't flush system prefs: java.util.prefs.BackingStoreException: Couldn't get file lock.
2026-02-11 23:31:19,163 [ERROR] LogOutputStream:75 - [STDERR_REDIRECT] 
2026-02-11 23:31:49,162 [ERROR] LogOutputStream:75 - [STDERR_REDIRECT] Feb 11, 2026 11:31:49 PM java.util.prefs.FileSystemPreferences checkLockFile0ErrorCode
2026-02-11 23:31:49,162 [ERROR] LogOutputStream:75 - [STDERR_REDIRECT] WARNING: Could not lock System prefs. Unix error code 5.
2026-02-11 23:31:49,163 [ERROR] LogOutputStream:75 - [STDERR_REDIRECT] 
2026-02-11 23:31:49,163 [ERROR] LogOutputStream:75 - [STDERR_REDIRECT] Feb 11, 2026 11:31:49 PM java.util.prefs.FileSystemPreferences syncWorld
2026-02-11 23:31:49,163 [ERROR] LogOutputStream:75 - [STDERR_REDIRECT] WARNING: Couldn't flush system prefs: java.util.prefs.BackingStoreException: Couldn't get file lock.
2026-02-11 23:31:49,163 [ERROR] LogOutputStream:75 - [STDERR_REDIRECT] 
2026-02-11 23:32:19,163 [ERROR] LogOutputStream:75 - [STDERR_REDIRECT] Feb 11, 2026 11:32:19 PM java.util.prefs.FileSystemPreferences checkLockFile0ErrorCode
2026-02-11 23:32:19,163 [ERROR] LogOutputStream:75 - [STDERR_REDIRECT] WARNING: Could not lock System prefs. Unix error code 5.
2026-02-11 23:32:19,163 [ERROR] LogOutputStream:75 - [STDERR_REDIRECT] 
2026-02-11 23:32:19,164 [ERROR] LogOutputStream:75 - [STDERR_REDIRECT] Feb 11, 2026 11:32:19 PM java.util.prefs.FileSystemPreferences syncWorld
2026-02-11 23:32:19,164 [ERROR] LogOutputStream:75 - [STDERR_REDIRECT] WARNING: Couldn't flush system prefs: java.util.prefs.BackingStoreException: Couldn't get file lock.
2026-02-11 23:32:19,164 [ERROR] LogOutputStream:75 - [STDERR_REDIRECT] 
2026-02-11 23:32:49,163 [ERROR] LogOutputStream:75 - [STDERR_REDIRECT] Feb 11, 2026 11:32:49 PM java.util.prefs.FileSystemPreferences checkLockFile0ErrorCode
2026-02-11 23:32:49,163 [ERROR] LogOutputStream:75 - [STDERR_REDIRECT] WARNING: Could not lock System prefs. Unix error code 5.
2026-02-11 23:32:49,163 [ERROR] LogOutputStream:75 - [STDERR_REDIRECT] 
2026-02-11 23:32:49,163 [ERROR] LogOutputStream:75 - [STDERR_REDIRECT] Feb 11, 2026 11:32:49 PM java.util.prefs.FileSystemPreferences syncWorld
2026-02-11 23:32:49,163 [ERROR] LogOutputStream:75 - [STDERR_REDIRECT] WARNING: Couldn't flush system prefs: java.util.prefs.BackingStoreException: Couldn't get file lock.
2026-02-11 23:32:49,163 [ERROR] LogOutputStream:75 - [STDERR_REDIRECT] 
2026-02-11 23:33:19,163 [ERROR] LogOutputStream:75 - [STDERR_REDIRECT] Feb 11, 2026 11:33:19 PM java.util.prefs.FileSystemPreferences checkLockFile0ErrorCode
2026-02-11 23:33:19,163 [ERROR] LogOutputStream:75 - [STDERR_REDIRECT] WARNING: Could not lock System prefs. Unix error code 5.
2026-02-11 23:33:19,163 [ERROR] LogOutputStream:75 - [STDERR_REDIRECT] 
2026-02-11 23:33:19,163 [ERROR] LogOutputStream:75 - [STDERR_REDIRECT] Feb 11, 2026 11:33:19 PM java.util.prefs.FileSystemPreferences syncWorld
2026-02-11 23:33:19,163 [ERROR] LogOutputStream:75 - [STDERR_REDIRECT] WARNING: Couldn't flush system prefs: java.util.prefs.BackingStoreException: Couldn't get file lock.
2026-02-11 23:33:19,163 [ERROR] LogOutputStream:75 - [STDERR_REDIRECT] 
2026-02-11 23:33:49,164 [ERROR] LogOutputStream:75 - [STDERR_REDIRECT] Feb 11, 2026 11:33:49 PM java.util.prefs.FileSystemPreferences checkLockFile0ErrorCode
2026-02-11 23:33:49,164 [ERROR] LogOutputStream:75 - [STDERR_REDIRECT] WARNING: Could not lock System prefs. Unix error code 5.
2026-02-11 23:33:49,165 [ERROR] LogOutputStream:75 - [STDERR_REDIRECT] 
2026-02-11 23:33:49,165 [ERROR] LogOutputStream:75 - [STDERR_REDIRECT] Feb 11, 2026 11:33:49 PM java.util.prefs.FileSystemPreferences syncWorld
2026-02-11 23:33:49,165 [ERROR] LogOutputStream:75 - [STDERR_REDIRECT] WARNING: Couldn't flush system prefs: java.util.prefs.BackingStoreException: Couldn't get file lock.
2026-02-11 23:33:49,165 [ERROR] LogOutputStream:75 - [STDERR_REDIRECT] 
2026-02-11 23:34:19,164 [ERROR] LogOutputStream:75 - [STDERR_REDIRECT] Feb 11, 2026 11:34:19 PM java.util.prefs.FileSystemPreferences checkLockFile0ErrorCode
2026-02-11 23:34:19,164 [ERROR] LogOutputStream:75 - [STDERR_REDIRECT] WARNING: Could not lock System prefs. Unix error code 5.
2026-02-11 23:34:19,164 [ERROR] LogOutputStream:75 - [STDERR_REDIRECT] 
2026-02-11 23:34:19,164 [ERROR] LogOutputStream:75 - [STDERR_REDIRECT] Feb 11, 2026 11:34:19 PM java.util.prefs.FileSystemPreferences syncWorld
2026-02-11 23:34:19,165 [ERROR] LogOutputStream:75 - [STDERR_REDIRECT] WARNING: Couldn't flush system prefs: java.util.prefs.BackingStoreException: Couldn't get file lock.
2026-02-11 23:34:19,165 [ERROR] LogOutputStream:75 - [STDERR_REDIRECT] 
2026-02-11 23:34:49,164 [ERROR] LogOutputStream:75 - [STDERR_REDIRECT] Feb 11, 2026 11:34:49 PM java.util.prefs.FileSystemPreferences checkLockFile0ErrorCode
2026-02-11 23:34:49,164 [ERROR] LogOutputStream:75 - [STDERR_REDIRECT] WARNING: Could not lock System prefs. Unix error code 5.
2026-02-11 23:34:49,164 [ERROR] LogOutputStream:75 - [STDERR_REDIRECT] 
2026-02-11 23:34:49,165 [ERROR] LogOutputStream:75 - [STDERR_REDIRECT] Feb 11, 2026 11:34:49 PM java.util.prefs.FileSystemPreferences syncWorld
2026-02-11 23:34:49,165 [ERROR] LogOutputStream:75 - [STDERR_REDIRECT] WARNING: Couldn't flush system prefs: java.util.prefs.BackingStoreException: Couldn't get file lock.
2026-02-11 23:34:49,165 [ERROR] LogOutputStream:75 - [STDERR_REDIRECT] 
2026-02-11 23:35:19,165 [ERROR] LogOutputStream:75 - [STDERR_REDIRECT] Feb 11, 2026 11:35:19 PM java.util.prefs.FileSystemPreferences checkLockFile0ErrorCode
2026-02-11 23:35:19,165 [ERROR] LogOutputStream:75 - [STDERR_REDIRECT] WARNING: Could not lock System prefs. Unix error code 5.
2026-02-11 23:35:19,165 [ERROR] LogOutputStream:75 - [STDERR_REDIRECT] 
2026-02-11 23:35:19,165 [ERROR] LogOutputStream:75 - [STDERR_REDIRECT] Feb 11, 2026 11:35:19 PM java.util.prefs.FileSystemPreferences syncWorld
2026-02-11 23:35:19,166 [ERROR] LogOutputStream:75 - [STDERR_REDIRECT] WARNING: Couldn't flush system prefs: java.util.prefs.BackingStoreException: Couldn't get file lock.
2026-02-11 23:35:19,166 [ERROR] LogOutputStream:75 - [STDERR_REDIRECT] 
2026-02-11 23:35:49,164 [ERROR] LogOutputStream:75 - [STDERR_REDIRECT] Feb 11, 2026 11:35:49 PM java.util.prefs.FileSystemPreferences checkLockFile0ErrorCode
2026-02-11 23:35:49,164 [ERROR] LogOutputStream:75 - [STDERR_REDIRECT] WARNING: Could not lock System prefs. Unix error code 5.
2026-02-11 23:35:49,164 [ERROR] LogOutputStream:75 - [STDERR_REDIRECT] 
2026-02-11 23:35:49,165 [ERROR] LogOutputStream:75 - [STDERR_REDIRECT] Feb 11, 2026 11:35:49 PM java.util.prefs.FileSystemPreferences syncWorld
2026-02-11 23:35:49,165 [ERROR] LogOutputStream:75 - [STDERR_REDIRECT] WARNING: Couldn't flush system prefs: java.util.prefs.BackingStoreException: Couldn't get file lock.
2026-02-11 23:35:49,165 [ERROR] LogOutputStream:75 - [STDERR_REDIRECT] 
2026-02-11 23:36:19,165 [ERROR] LogOutputStream:75 - [STDERR_REDIRECT] Feb 11, 2026 11:36:19 PM java.util.prefs.FileSystemPreferences checkLockFile0ErrorCode
2026-02-11 23:36:19,165 [ERROR] LogOutputStream:75 - [STDERR_REDIRECT] WARNING: Could not lock System prefs. Unix error code 5.
2026-02-11 23:36:19,165 [ERROR] LogOutputStream:75 - [STDERR_REDIRECT] 
2026-02-11 23:36:19,165 [ERROR] LogOutputStream:75 - [STDERR_REDIRECT] Feb 11, 2026 11:36:19 PM java.util.prefs.FileSystemPreferences syncWorld
2026-02-11 23:36:19,165 [ERROR] LogOutputStream:75 - [STDERR_REDIRECT] WARNING: Couldn't flush system prefs: java.util.prefs.BackingStoreException: Couldn't get file lock.
2026-02-11 23:36:19,165 [ERROR] LogOutputStream:75 - [STDERR_REDIRECT] 
2026-02-11 23:36:49,165 [ERROR] LogOutputStream:75 - [STDERR_REDIRECT] Feb 11, 2026 11:36:49 PM java.util.prefs.FileSystemPreferences checkLockFile0ErrorCode
2026-02-11 23:36:49,165 [ERROR] LogOutputStream:75 - [STDERR_REDIRECT] WARNING: Could not lock System prefs. Unix error code 5.
2026-02-11 23:36:49,165 [ERROR] LogOutputStream:75 - [STDERR_REDIRECT] 
2026-02-11 23:36:49,165 [ERROR] LogOutputStream:75 - [STDERR_REDIRECT] Feb 11, 2026 11:36:49 PM java.util.prefs.FileSystemPreferences syncWorld
2026-02-11 23:36:49,166 [ERROR] LogOutputStream:75 - [STDERR_REDIRECT] WARNING: Couldn't flush system prefs: java.util.prefs.BackingStoreException: Couldn't get file lock.
2026-02-11 23:36:49,166 [ERROR] LogOutputStream:75 - [STDERR_REDIRECT] 
2026-02-11 23:37:19,164 [ERROR] LogOutputStream:75 - [STDERR_REDIRECT] Feb 11, 2026 11:37:19 PM java.util.prefs.FileSystemPreferences checkLockFile0ErrorCode
2026-02-11 23:37:19,165 [ERROR] LogOutputStream:75 - [STDERR_REDIRECT] WARNING: Could not lock System prefs. Unix error code 5.
2026-02-11 23:37:19,165 [ERROR] LogOutputStream:75 - [STDERR_REDIRECT] 
2026-02-11 23:37:19,165 [ERROR] LogOutputStream:75 - [STDERR_REDIRECT] Feb 11, 2026 11:37:19 PM java.util.prefs.FileSystemPreferences syncWorld
2026-02-11 23:37:19,165 [ERROR] LogOutputStream:75 - [STDERR_REDIRECT] WARNING: Couldn't flush system prefs: java.util.prefs.BackingStoreException: Couldn't get file lock.
2026-02-11 23:37:19,165 [ERROR] LogOutputStream:75 - [STDERR_REDIRECT] 
2026-02-11 23:37:49,166 [ERROR] LogOutputStream:75 - [STDERR_REDIRECT] Feb 11, 2026 11:37:49 PM java.util.prefs.FileSystemPreferences checkLockFile0ErrorCode
2026-02-11 23:37:49,166 [ERROR] LogOutputStream:75 - [STDERR_REDIRECT] WARNING: Could not lock System prefs. Unix error code 5.
2026-02-11 23:37:49,166 [ERROR] LogOutputStream:75 - [STDERR_REDIRECT] 
2026-02-11 23:37:49,166 [ERROR] LogOutputStream:75 - [STDERR_REDIRECT] Feb 11, 2026 11:37:49 PM java.util.prefs.FileSystemPreferences syncWorld
2026-02-11 23:37:49,167 [ERROR] LogOutputStream:75 - [STDERR_REDIRECT] WARNING: Couldn't flush system prefs: java.util.prefs.BackingStoreException: Couldn't get file lock.
2026-02-11 23:37:49,167 [ERROR] LogOutputStream:75 - [STDERR_REDIRECT] 
2026-02-11 23:38:19,166 [ERROR] LogOutputStream:75 - [STDERR_REDIRECT] Feb 11, 2026 11:38:19 PM java.util.prefs.FileSystemPreferences checkLockFile0ErrorCode
2026-02-11 23:38:19,166 [ERROR] LogOutputStream:75 - [STDERR_REDIRECT] WARNING: Could not lock System prefs. Unix error code 5.
2026-02-11 23:38:19,166 [ERROR] LogOutputStream:75 - [STDERR_REDIRECT] 
2026-02-11 23:38:19,166 [ERROR] LogOutputStream:75 - [STDERR_REDIRECT] Feb 11, 2026 11:38:19 PM java.util.prefs.FileSystemPreferences syncWorld
2026-02-11 23:38:19,166 [ERROR] LogOutputStream:75 - [STDERR_REDIRECT] WARNING: Couldn't flush system prefs: java.util.prefs.BackingStoreException: Couldn't get file lock.
2026-02-11 23:38:19,167 [ERROR] LogOutputStream:75 - [STDERR_REDIRECT] 
2026-02-11 23:38:49,166 [ERROR] LogOutputStream:75 - [STDERR_REDIRECT] Feb 11, 2026 11:38:49 PM java.util.prefs.FileSystemPreferences checkLockFile0ErrorCode
2026-02-11 23:38:49,166 [ERROR] LogOutputStream:75 - [STDERR_REDIRECT] WARNING: Could not lock System prefs. Unix error code 5.
2026-02-11 23:38:49,167 [ERROR] LogOutputStream:75 - [STDERR_REDIRECT] 
2026-02-11 23:38:49,167 [ERROR] LogOutputStream:75 - [STDERR_REDIRECT] Feb 11, 2026 11:38:49 PM java.util.prefs.FileSystemPreferences syncWorld
2026-02-11 23:38:49,167 [ERROR] LogOutputStream:75 - [STDERR_REDIRECT] WARNING: Couldn't flush system prefs: java.util.prefs.BackingStoreException: Couldn't get file lock.
2026-02-11 23:38:49,167 [ERROR] LogOutputStream:75 - [STDERR_REDIRECT] 
2026-02-11 23:39:19,167 [ERROR] LogOutputStream:75 - [STDERR_REDIRECT] Feb 11, 2026 11:39:19 PM java.util.prefs.FileSystemPreferences checkLockFile0ErrorCode
2026-02-11 23:39:19,167 [ERROR] LogOutputStream:75 - [STDERR_REDIRECT] WARNING: Could not lock System prefs. Unix error code 5.
2026-02-11 23:39:19,167 [ERROR] LogOutputStream:75 - [STDERR_REDIRECT] 
2026-02-11 23:39:19,167 [ERROR] LogOutputStream:75 - [STDERR_REDIRECT] Feb 11, 2026 11:39:19 PM java.util.prefs.FileSystemPreferences syncWorld
2026-02-11 23:39:19,167 [ERROR] LogOutputStream:75 - [STDERR_REDIRECT] WARNING: Couldn't flush system prefs: java.util.prefs.BackingStoreException: Couldn't get file lock.
2026-02-11 23:39:19,168 [ERROR] LogOutputStream:75 - [STDERR_REDIRECT] 
2026-02-11 23:39:49,165 [ERROR] LogOutputStream:75 - [STDERR_REDIRECT] Feb 11, 2026 11:39:49 PM java.util.prefs.FileSystemPreferences checkLockFile0ErrorCode
2026-02-11 23:39:49,166 [ERROR] LogOutputStream:75 - [STDERR_REDIRECT] WARNING: Could not lock System prefs. Unix error code 5.
2026-02-11 23:39:49,166 [ERROR] LogOutputStream:75 - [STDERR_REDIRECT] 
2026-02-11 23:39:49,166 [ERROR] LogOutputStream:75 - [STDERR_REDIRECT] Feb 11, 2026 11:39:49 PM java.util.prefs.FileSystemPreferences syncWorld
2026-02-11 23:39:49,166 [ERROR] LogOutputStream:75 - [STDERR_REDIRECT] WARNING: Couldn't flush system prefs: java.util.prefs.BackingStoreException: Couldn't get file lock.
2026-02-11 23:39:49,166 [ERROR] LogOutputStream:75 - [STDERR_REDIRECT] 
2026-02-11 23:40:19,167 [ERROR] LogOutputStream:75 - [STDERR_REDIRECT] Feb 11, 2026 11:40:19 PM java.util.prefs.FileSystemPreferences checkLockFile0ErrorCode
2026-02-11 23:40:19,167 [ERROR] LogOutputStream:75 - [STDERR_REDIRECT] WARNING: Could not lock System prefs. Unix error code 5.
2026-02-11 23:40:19,167 [ERROR] LogOutputStream:75 - [STDERR_REDIRECT] 
2026-02-11 23:40:19,168 [ERROR] LogOutputStream:75 - [STDERR_REDIRECT] Feb 11, 2026 11:40:19 PM java.util.prefs.FileSystemPreferences syncWorld
2026-02-11 23:40:19,168 [ERROR] LogOutputStream:75 - [STDERR_REDIRECT] WARNING: Couldn't flush system prefs: java.util.prefs.BackingStoreException: Couldn't get file lock.
2026-02-11 23:40:19,168 [ERROR] LogOutputStream:75 - [STDERR_REDIRECT] 
2026-02-11 23:40:49,168 [ERROR] LogOutputStream:75 - [STDERR_REDIRECT] Feb 11, 2026 11:40:49 PM java.util.prefs.FileSystemPreferences checkLockFile0ErrorCode
2026-02-11 23:40:49,168 [ERROR] LogOutputStream:75 - [STDERR_REDIRECT] WARNING: Could not lock System prefs. Unix error code 5.
2026-02-11 23:40:49,168 [ERROR] LogOutputStream:75 - [STDERR_REDIRECT] 
2026-02-11 23:40:49,168 [ERROR] LogOutputStream:75 - [STDERR_REDIRECT] Feb 11, 2026 11:40:49 PM java.util.prefs.FileSystemPreferences syncWorld
2026-02-11 23:40:49,168 [ERROR] LogOutputStream:75 - [STDERR_REDIRECT] WARNING: Couldn't flush system prefs: java.util.prefs.BackingStoreException: Couldn't get file lock.
2026-02-11 23:40:49,168 [ERROR] LogOutputStream:75 - [STDERR_REDIRECT] 
2026-02-11 23:41:19,167 [ERROR] LogOutputStream:75 - [STDERR_REDIRECT] Feb 11, 2026 11:41:19 PM java.util.prefs.FileSystemPreferences checkLockFile0ErrorCode
2026-02-11 23:41:19,168 [ERROR] LogOutputStream:75 - [STDERR_REDIRECT] WARNING: Could not lock System prefs. Unix error code 5.
2026-02-11 23:41:19,168 [ERROR] LogOutputStream:75 - [STDERR_REDIRECT] 
2026-02-11 23:41:19,168 [ERROR] LogOutputStream:75 - [STDERR_REDIRECT] Feb 11, 2026 11:41:19 PM java.util.prefs.FileSystemPreferences syncWorld
2026-02-11 23:41:19,168 [ERROR] LogOutputStream:75 - [STDERR_REDIRECT] WARNING: Couldn't flush system prefs: java.util.prefs.BackingStoreException: Couldn't get file lock.
2026-02-11 23:41:19,168 [ERROR] LogOutputStream:75 - [STDERR_REDIRECT] 
2026-02-11 23:41:49,169 [ERROR] LogOutputStream:75 - [STDERR_REDIRECT] Feb 11, 2026 11:41:49 PM java.util.prefs.FileSystemPreferences checkLockFile0ErrorCode
2026-02-11 23:41:49,169 [ERROR] LogOutputStream:75 - [STDERR_REDIRECT] WARNING: Could not lock System prefs. Unix error code 5.
2026-02-11 23:41:49,169 [ERROR] LogOutputStream:75 - [STDERR_REDIRECT] 
2026-02-11 23:41:49,169 [ERROR] LogOutputStream:75 - [STDERR_REDIRECT] Feb 11, 2026 11:41:49 PM java.util.prefs.FileSystemPreferences syncWorld
2026-02-11 23:41:49,169 [ERROR] LogOutputStream:75 - [STDERR_REDIRECT] WARNING: Couldn't flush system prefs: java.util.prefs.BackingStoreException: Couldn't get file lock.
2026-02-11 23:41:49,169 [ERROR] LogOutputStream:75 - [STDERR_REDIRECT] 
2026-02-11 23:42:19,168 [ERROR] LogOutputStream:75 - [STDERR_REDIRECT] Feb 11, 2026 11:42:19 PM java.util.prefs.FileSystemPreferences checkLockFile0ErrorCode
2026-02-11 23:42:19,169 [ERROR] LogOutputStream:75 - [STDERR_REDIRECT] WARNING: Could not lock System prefs. Unix error code 5.
2026-02-11 23:42:19,169 [ERROR] LogOutputStream:75 - [STDERR_REDIRECT] 
2026-02-11 23:42:19,169 [ERROR] LogOutputStream:75 - [STDERR_REDIRECT] Feb 11, 2026 11:42:19 PM java.util.prefs.FileSystemPreferences syncWorld
2026-02-11 23:42:19,169 [ERROR] LogOutputStream:75 - [STDERR_REDIRECT] WARNING: Couldn't flush system prefs: java.util.prefs.BackingStoreException: Couldn't get file lock.
2026-02-11 23:42:19,169 [ERROR] LogOutputStream:75 - [STDERR_REDIRECT] 
2026-02-11 23:42:49,169 [ERROR] LogOutputStream:75 - [STDERR_REDIRECT] Feb 11, 2026 11:42:49 PM java.util.prefs.FileSystemPreferences checkLockFile0ErrorCode
2026-02-11 23:42:49,169 [ERROR] LogOutputStream:75 - [STDERR_REDIRECT] WARNING: Could not lock System prefs. Unix error code 5.
2026-02-11 23:42:49,170 [ERROR] LogOutputStream:75 - [STDERR_REDIRECT] 
2026-02-11 23:42:49,170 [ERROR] LogOutputStream:75 - [STDERR_REDIRECT] Feb 11, 2026 11:42:49 PM java.util.prefs.FileSystemPreferences syncWorld
2026-02-11 23:42:49,170 [ERROR] LogOutputStream:75 - [STDERR_REDIRECT] WARNING: Couldn't flush system prefs: java.util.prefs.BackingStoreException: Couldn't get file lock.
2026-02-11 23:42:49,170 [ERROR] LogOutputStream:75 - [STDERR_REDIRECT] 
2026-02-11 23:43:19,171 [ERROR] LogOutputStream:75 - [STDERR_REDIRECT] Feb 11, 2026 11:43:19 PM java.util.prefs.FileSystemPreferences checkLockFile0ErrorCode
2026-02-11 23:43:19,171 [ERROR] LogOutputStream:75 - [STDERR_REDIRECT] WARNING: Could not lock System prefs. Unix error code 5.
2026-02-11 23:43:19,171 [ERROR] LogOutputStream:75 - [STDERR_REDIRECT] 
2026-02-11 23:43:19,171 [ERROR] LogOutputStream:75 - [STDERR_REDIRECT] Feb 11, 2026 11:43:19 PM java.util.prefs.FileSystemPreferences syncWorld
2026-02-11 23:43:19,171 [ERROR] LogOutputStream:75 - [STDERR_REDIRECT] WARNING: Couldn't flush system prefs: java.util.prefs.BackingStoreException: Couldn't get file lock.
2026-02-11 23:43:19,171 [ERROR] LogOutputStream:75 - [STDERR_REDIRECT] 
2026-02-11 23:43:49,171 [ERROR] LogOutputStream:75 - [STDERR_REDIRECT] Feb 11, 2026 11:43:49 PM java.util.prefs.FileSystemPreferences checkLockFile0ErrorCode
2026-02-11 23:43:49,171 [ERROR] LogOutputStream:75 - [STDERR_REDIRECT] WARNING: Could not lock System prefs. Unix error code 5.
2026-02-11 23:43:49,171 [ERROR] LogOutputStream:75 - [STDERR_REDIRECT] 
2026-02-11 23:43:49,172 [ERROR] LogOutputStream:75 - [STDERR_REDIRECT] Feb 11, 2026 11:43:49 PM java.util.prefs.FileSystemPreferences syncWorld
2026-02-11 23:43:49,172 [ERROR] LogOutputStream:75 - [STDERR_REDIRECT] WARNING: Couldn't flush system prefs: java.util.prefs.BackingStoreException: Couldn't get file lock.
2026-02-11 23:43:49,172 [ERROR] LogOutputStream:75 - [STDERR_REDIRECT] 
2026-02-11 23:44:19,171 [ERROR] LogOutputStream:75 - [STDERR_REDIRECT] Feb 11, 2026 11:44:19 PM java.util.prefs.FileSystemPreferences checkLockFile0ErrorCode
2026-02-11 23:44:19,172 [ERROR] LogOutputStream:75 - [STDERR_REDIRECT] WARNING: Could not lock System prefs. Unix error code 5.
2026-02-11 23:44:19,172 [ERROR] LogOutputStream:75 - [STDERR_REDIRECT] 
2026-02-11 23:44:19,172 [ERROR] LogOutputStream:75 - [STDERR_REDIRECT] Feb 11, 2026 11:44:19 PM java.util.prefs.FileSystemPreferences syncWorld
2026-02-11 23:44:19,172 [ERROR] LogOutputStream:75 - [STDERR_REDIRECT] WARNING: Couldn't flush system prefs: java.util.prefs.BackingStoreException: Couldn't get file lock.
2026-02-11 23:44:19,172 [ERROR] LogOutputStream:75 - [STDERR_REDIRECT] 
2026-02-11 23:44:49,172 [ERROR] LogOutputStream:75 - [STDERR_REDIRECT] Feb 11, 2026 11:44:49 PM java.util.prefs.FileSystemPreferences checkLockFile0ErrorCode
2026-02-11 23:44:49,172 [ERROR] LogOutputStream:75 - [STDERR_REDIRECT] WARNING: Could not lock System prefs. Unix error code 5.
2026-02-11 23:44:49,172 [ERROR] LogOutputStream:75 - [STDERR_REDIRECT] 
2026-02-11 23:44:49,172 [ERROR] LogOutputStream:75 - [STDERR_REDIRECT] Feb 11, 2026 11:44:49 PM java.util.prefs.FileSystemPreferences syncWorld
2026-02-11 23:44:49,172 [ERROR] LogOutputStream:75 - [STDERR_REDIRECT] WARNING: Couldn't flush system prefs: java.util.prefs.BackingStoreException: Couldn't get file lock.
2026-02-11 23:44:49,172 [ERROR] LogOutputStream:75 - [STDERR_REDIRECT] 
