2026-02-06 08:18:39,625 [ERROR] LogOutputStream:75 - [STDERR_REDIRECT] Feb 06, 2026 8:18:39 AM java.util.prefs.FileSystemPreferences checkLockFile0ErrorCode
2026-02-06 08:18:39,625 [ERROR] LogOutputStream:75 - [STDERR_REDIRECT] WARNING: Could not lock System prefs. Unix error code 5.
2026-02-06 08:18:39,625 [ERROR] LogOutputStream:75 - [STDERR_REDIRECT] 
2026-02-06 08:18:39,626 [ERROR] LogOutputStream:75 - [STDERR_REDIRECT] Feb 06, 2026 8:18:39 AM java.util.prefs.FileSystemPreferences syncWorld
2026-02-06 08:18:39,626 [ERROR] LogOutputStream:75 - [STDERR_REDIRECT] WARNING: Couldn't flush system prefs: java.util.prefs.BackingStoreException: Couldn't get file lock.
2026-02-06 08:18:39,626 [ERROR] LogOutputStream:75 - [STDERR_REDIRECT] 
2026-02-06 08:19:09,624 [ERROR] LogOutputStream:75 - [STDERR_REDIRECT] Feb 06, 2026 8:19:09 AM java.util.prefs.FileSystemPreferences checkLockFile0ErrorCode
2026-02-06 08:19:09,625 [ERROR] LogOutputStream:75 - [STDERR_REDIRECT] WARNING: Could not lock System prefs. Unix error code 5.
2026-02-06 08:19:09,625 [ERROR] LogOutputStream:75 - [STDERR_REDIRECT] 
2026-02-06 08:19:09,625 [ERROR] LogOutputStream:75 - [STDERR_REDIRECT] Feb 06, 2026 8:19:09 AM java.util.prefs.FileSystemPreferences syncWorld
2026-02-06 08:19:09,625 [ERROR] LogOutputStream:75 - [STDERR_REDIRECT] WARNING: Couldn't flush system prefs: java.util.prefs.BackingStoreException: Couldn't get file lock.
2026-02-06 08:19:09,625 [ERROR] LogOutputStream:75 - [STDERR_REDIRECT] 
2026-02-06 08:19:39,625 [ERROR] LogOutputStream:75 - [STDERR_REDIRECT] Feb 06, 2026 8:19:39 AM java.util.prefs.FileSystemPreferences checkLockFile0ErrorCode
2026-02-06 08:19:39,625 [ERROR] LogOutputStream:75 - [STDERR_REDIRECT] WARNING: Could not lock System prefs. Unix error code 5.
2026-02-06 08:19:39,625 [ERROR] LogOutputStream:75 - [STDERR_REDIRECT] 
2026-02-06 08:19:39,625 [ERROR] LogOutputStream:75 - [STDERR_REDIRECT] Feb 06, 2026 8:19:39 AM java.util.prefs.FileSystemPreferences syncWorld
2026-02-06 08:19:39,625 [ERROR] LogOutputStream:75 - [STDERR_REDIRECT] WARNING: Couldn't flush system prefs: java.util.prefs.BackingStoreException: Couldn't get file lock.
2026-02-06 08:19:39,625 [ERROR] LogOutputStream:75 - [STDERR_REDIRECT] 
2026-02-06 08:20:09,625 [ERROR] LogOutputStream:75 - [STDERR_REDIRECT] Feb 06, 2026 8:20:09 AM java.util.prefs.FileSystemPreferences checkLockFile0ErrorCode
2026-02-06 08:20:09,625 [ERROR] LogOutputStream:75 - [STDERR_REDIRECT] WARNING: Could not lock System prefs. Unix error code 5.
2026-02-06 08:20:09,625 [ERROR] LogOutputStream:75 - [STDERR_REDIRECT] 
2026-02-06 08:20:09,625 [ERROR] LogOutputStream:75 - [STDERR_REDIRECT] Feb 06, 2026 8:20:09 AM java.util.prefs.FileSystemPreferences syncWorld
2026-02-06 08:20:09,625 [ERROR] LogOutputStream:75 - [STDERR_REDIRECT] WARNING: Couldn't flush system prefs: java.util.prefs.BackingStoreException: Couldn't get file lock.
2026-02-06 08:20:09,625 [ERROR] LogOutputStream:75 - [STDERR_REDIRECT] 
2026-02-06 08:20:39,625 [ERROR] LogOutputStream:75 - [STDERR_REDIRECT] Feb 06, 2026 8:20:39 AM java.util.prefs.FileSystemPreferences checkLockFile0ErrorCode
2026-02-06 08:20:39,625 [ERROR] LogOutputStream:75 - [STDERR_REDIRECT] WARNING: Could not lock System prefs. Unix error code 5.
2026-02-06 08:20:39,625 [ERROR] LogOutputStream:75 - [STDERR_REDIRECT] 
2026-02-06 08:20:39,625 [ERROR] LogOutputStream:75 - [STDERR_REDIRECT] Feb 06, 2026 8:20:39 AM java.util.prefs.FileSystemPreferences syncWorld
2026-02-06 08:20:39,626 [ERROR] LogOutputStream:75 - [STDERR_REDIRECT] WARNING: Couldn't flush system prefs: java.util.prefs.BackingStoreException: Couldn't get file lock.
2026-02-06 08:20:39,626 [ERROR] LogOutputStream:75 - [STDERR_REDIRECT] 
2026-02-06 08:21:09,625 [ERROR] LogOutputStream:75 - [STDERR_REDIRECT] Feb 06, 2026 8:21:09 AM java.util.prefs.FileSystemPreferences checkLockFile0ErrorCode
2026-02-06 08:21:09,625 [ERROR] LogOutputStream:75 - [STDERR_REDIRECT] WARNING: Could not lock System prefs. Unix error code 5.
2026-02-06 08:21:09,626 [ERROR] LogOutputStream:75 - [STDERR_REDIRECT] 
2026-02-06 08:21:09,626 [ERROR] LogOutputStream:75 - [STDERR_REDIRECT] Feb 06, 2026 8:21:09 AM java.util.prefs.FileSystemPreferences syncWorld
2026-02-06 08:21:09,626 [ERROR] LogOutputStream:75 - [STDERR_REDIRECT] WARNING: Couldn't flush system prefs: java.util.prefs.BackingStoreException: Couldn't get file lock.
2026-02-06 08:21:09,626 [ERROR] LogOutputStream:75 - [STDERR_REDIRECT] 
2026-02-06 08:21:39,625 [ERROR] LogOutputStream:75 - [STDERR_REDIRECT] Feb 06, 2026 8:21:39 AM java.util.prefs.FileSystemPreferences checkLockFile0ErrorCode
2026-02-06 08:21:39,625 [ERROR] LogOutputStream:75 - [STDERR_REDIRECT] WARNING: Could not lock System prefs. Unix error code 5.
2026-02-06 08:21:39,626 [ERROR] LogOutputStream:75 - [STDERR_REDIRECT] 
2026-02-06 08:21:39,626 [ERROR] LogOutputStream:75 - [STDERR_REDIRECT] Feb 06, 2026 8:21:39 AM java.util.prefs.FileSystemPreferences syncWorld
2026-02-06 08:21:39,626 [ERROR] LogOutputStream:75 - [STDERR_REDIRECT] WARNING: Couldn't flush system prefs: java.util.prefs.BackingStoreException: Couldn't get file lock.
2026-02-06 08:21:39,626 [ERROR] LogOutputStream:75 - [STDERR_REDIRECT] 
2026-02-06 08:22:09,627 [ERROR] LogOutputStream:75 - [STDERR_REDIRECT] Feb 06, 2026 8:22:09 AM java.util.prefs.FileSystemPreferences checkLockFile0ErrorCode
2026-02-06 08:22:09,627 [ERROR] LogOutputStream:75 - [STDERR_REDIRECT] WARNING: Could not lock System prefs. Unix error code 5.
2026-02-06 08:22:09,627 [ERROR] LogOutputStream:75 - [STDERR_REDIRECT] 
2026-02-06 08:22:09,627 [ERROR] LogOutputStream:75 - [STDERR_REDIRECT] Feb 06, 2026 8:22:09 AM java.util.prefs.FileSystemPreferences syncWorld
2026-02-06 08:22:09,627 [ERROR] LogOutputStream:75 - [STDERR_REDIRECT] WARNING: Couldn't flush system prefs: java.util.prefs.BackingStoreException: Couldn't get file lock.
2026-02-06 08:22:09,627 [ERROR] LogOutputStream:75 - [STDERR_REDIRECT] 
2026-02-06 08:22:39,626 [ERROR] LogOutputStream:75 - [STDERR_REDIRECT] Feb 06, 2026 8:22:39 AM java.util.prefs.FileSystemPreferences checkLockFile0ErrorCode
2026-02-06 08:22:39,626 [ERROR] LogOutputStream:75 - [STDERR_REDIRECT] WARNING: Could not lock System prefs. Unix error code 5.
2026-02-06 08:22:39,626 [ERROR] LogOutputStream:75 - [STDERR_REDIRECT] 
2026-02-06 08:22:39,626 [ERROR] LogOutputStream:75 - [STDERR_REDIRECT] Feb 06, 2026 8:22:39 AM java.util.prefs.FileSystemPreferences syncWorld
2026-02-06 08:22:39,626 [ERROR] LogOutputStream:75 - [STDERR_REDIRECT] WARNING: Couldn't flush system prefs: java.util.prefs.BackingStoreException: Couldn't get file lock.
2026-02-06 08:22:39,626 [ERROR] LogOutputStream:75 - [STDERR_REDIRECT] 
2026-02-06 08:23:09,626 [ERROR] LogOutputStream:75 - [STDERR_REDIRECT] Feb 06, 2026 8:23:09 AM java.util.prefs.FileSystemPreferences checkLockFile0ErrorCode
2026-02-06 08:23:09,626 [ERROR] LogOutputStream:75 - [STDERR_REDIRECT] WARNING: Could not lock System prefs. Unix error code 5.
2026-02-06 08:23:09,626 [ERROR] LogOutputStream:75 - [STDERR_REDIRECT] 
2026-02-06 08:23:09,626 [ERROR] LogOutputStream:75 - [STDERR_REDIRECT] Feb 06, 2026 8:23:09 AM java.util.prefs.FileSystemPreferences syncWorld
2026-02-06 08:23:09,627 [ERROR] LogOutputStream:75 - [STDERR_REDIRECT] WARNING: Couldn't flush system prefs: java.util.prefs.BackingStoreException: Couldn't get file lock.
2026-02-06 08:23:09,627 [ERROR] LogOutputStream:75 - [STDERR_REDIRECT] 
2026-02-06 08:23:39,627 [ERROR] LogOutputStream:75 - [STDERR_REDIRECT] Feb 06, 2026 8:23:39 AM java.util.prefs.FileSystemPreferences checkLockFile0ErrorCode
2026-02-06 08:23:39,628 [ERROR] LogOutputStream:75 - [STDERR_REDIRECT] WARNING: Could not lock System prefs. Unix error code 5.
2026-02-06 08:23:39,628 [ERROR] LogOutputStream:75 - [STDERR_REDIRECT] 
2026-02-06 08:23:39,628 [ERROR] LogOutputStream:75 - [STDERR_REDIRECT] Feb 06, 2026 8:23:39 AM java.util.prefs.FileSystemPreferences syncWorld
2026-02-06 08:23:39,629 [ERROR] LogOutputStream:75 - [STDERR_REDIRECT] WARNING: Couldn't flush system prefs: java.util.prefs.BackingStoreException: Couldn't get file lock.
2026-02-06 08:23:39,629 [ERROR] LogOutputStream:75 - [STDERR_REDIRECT] 
2026-02-06 08:24:09,626 [ERROR] LogOutputStream:75 - [STDERR_REDIRECT] Feb 06, 2026 8:24:09 AM java.util.prefs.FileSystemPreferences checkLockFile0ErrorCode
2026-02-06 08:24:09,626 [ERROR] LogOutputStream:75 - [STDERR_REDIRECT] WARNING: Could not lock System prefs. Unix error code 5.
2026-02-06 08:24:09,626 [ERROR] LogOutputStream:75 - [STDERR_REDIRECT] 
2026-02-06 08:24:09,626 [ERROR] LogOutputStream:75 - [STDERR_REDIRECT] Feb 06, 2026 8:24:09 AM java.util.prefs.FileSystemPreferences syncWorld
2026-02-06 08:24:09,627 [ERROR] LogOutputStream:75 - [STDERR_REDIRECT] WARNING: Couldn't flush system prefs: java.util.prefs.BackingStoreException: Couldn't get file lock.
2026-02-06 08:24:09,627 [ERROR] LogOutputStream:75 - [STDERR_REDIRECT] 
2026-02-06 08:24:39,626 [ERROR] LogOutputStream:75 - [STDERR_REDIRECT] Feb 06, 2026 8:24:39 AM java.util.prefs.FileSystemPreferences checkLockFile0ErrorCode
2026-02-06 08:24:39,626 [ERROR] LogOutputStream:75 - [STDERR_REDIRECT] WARNING: Could not lock System prefs. Unix error code 5.
2026-02-06 08:24:39,626 [ERROR] LogOutputStream:75 - [STDERR_REDIRECT] 
2026-02-06 08:24:39,626 [ERROR] LogOutputStream:75 - [STDERR_REDIRECT] Feb 06, 2026 8:24:39 AM java.util.prefs.FileSystemPreferences syncWorld
2026-02-06 08:24:39,626 [ERROR] LogOutputStream:75 - [STDERR_REDIRECT] WARNING: Couldn't flush system prefs: java.util.prefs.BackingStoreException: Couldn't get file lock.
2026-02-06 08:24:39,626 [ERROR] LogOutputStream:75 - [STDERR_REDIRECT] 
2026-02-06 08:25:09,627 [ERROR] LogOutputStream:75 - [STDERR_REDIRECT] Feb 06, 2026 8:25:09 AM java.util.prefs.FileSystemPreferences checkLockFile0ErrorCode
2026-02-06 08:25:09,627 [ERROR] LogOutputStream:75 - [STDERR_REDIRECT] WARNING: Could not lock System prefs. Unix error code 5.
2026-02-06 08:25:09,627 [ERROR] LogOutputStream:75 - [STDERR_REDIRECT] 
2026-02-06 08:25:09,627 [ERROR] LogOutputStream:75 - [STDERR_REDIRECT] Feb 06, 2026 8:25:09 AM java.util.prefs.FileSystemPreferences syncWorld
2026-02-06 08:25:09,627 [ERROR] LogOutputStream:75 - [STDERR_REDIRECT] WARNING: Couldn't flush system prefs: java.util.prefs.BackingStoreException: Couldn't get file lock.
2026-02-06 08:25:09,628 [ERROR] LogOutputStream:75 - [STDERR_REDIRECT] 
2026-02-06 08:25:39,627 [ERROR] LogOutputStream:75 - [STDERR_REDIRECT] Feb 06, 2026 8:25:39 AM java.util.prefs.FileSystemPreferences checkLockFile0ErrorCode
2026-02-06 08:25:39,627 [ERROR] LogOutputStream:75 - [STDERR_REDIRECT] WARNING: Could not lock System prefs. Unix error code 5.
2026-02-06 08:25:39,627 [ERROR] LogOutputStream:75 - [STDERR_REDIRECT] 
2026-02-06 08:25:39,628 [ERROR] LogOutputStream:75 - [STDERR_REDIRECT] Feb 06, 2026 8:25:39 AM java.util.prefs.FileSystemPreferences syncWorld
2026-02-06 08:25:39,628 [ERROR] LogOutputStream:75 - [STDERR_REDIRECT] WARNING: Couldn't flush system prefs: java.util.prefs.BackingStoreException: Couldn't get file lock.
2026-02-06 08:25:39,628 [ERROR] LogOutputStream:75 - [STDERR_REDIRECT] 
2026-02-06 08:26:09,627 [ERROR] LogOutputStream:75 - [STDERR_REDIRECT] Feb 06, 2026 8:26:09 AM java.util.prefs.FileSystemPreferences checkLockFile0ErrorCode
2026-02-06 08:26:09,628 [ERROR] LogOutputStream:75 - [STDERR_REDIRECT] WARNING: Could not lock System prefs. Unix error code 5.
2026-02-06 08:26:09,628 [ERROR] LogOutputStream:75 - [STDERR_REDIRECT] 
2026-02-06 08:26:09,628 [ERROR] LogOutputStream:75 - [STDERR_REDIRECT] Feb 06, 2026 8:26:09 AM java.util.prefs.FileSystemPreferences syncWorld
2026-02-06 08:26:09,628 [ERROR] LogOutputStream:75 - [STDERR_REDIRECT] WARNING: Couldn't flush system prefs: java.util.prefs.BackingStoreException: Couldn't get file lock.
2026-02-06 08:26:09,628 [ERROR] LogOutputStream:75 - [STDERR_REDIRECT] 
2026-02-06 08:26:39,628 [ERROR] LogOutputStream:75 - [STDERR_REDIRECT] Feb 06, 2026 8:26:39 AM java.util.prefs.FileSystemPreferences checkLockFile0ErrorCode
2026-02-06 08:26:39,628 [ERROR] LogOutputStream:75 - [STDERR_REDIRECT] WARNING: Could not lock System prefs. Unix error code 5.
2026-02-06 08:26:39,628 [ERROR] LogOutputStream:75 - [STDERR_REDIRECT] 
2026-02-06 08:26:39,628 [ERROR] LogOutputStream:75 - [STDERR_REDIRECT] Feb 06, 2026 8:26:39 AM java.util.prefs.FileSystemPreferences syncWorld
2026-02-06 08:26:39,628 [ERROR] LogOutputStream:75 - [STDERR_REDIRECT] WARNING: Couldn't flush system prefs: java.util.prefs.BackingStoreException: Couldn't get file lock.
2026-02-06 08:26:39,628 [ERROR] LogOutputStream:75 - [STDERR_REDIRECT] 
2026-02-06 08:27:09,627 [ERROR] LogOutputStream:75 - [STDERR_REDIRECT] Feb 06, 2026 8:27:09 AM java.util.prefs.FileSystemPreferences checkLockFile0ErrorCode
2026-02-06 08:27:09,628 [ERROR] LogOutputStream:75 - [STDERR_REDIRECT] WARNING: Could not lock System prefs. Unix error code 5.
2026-02-06 08:27:09,628 [ERROR] LogOutputStream:75 - [STDERR_REDIRECT] 
2026-02-06 08:27:09,628 [ERROR] LogOutputStream:75 - [STDERR_REDIRECT] Feb 06, 2026 8:27:09 AM java.util.prefs.FileSystemPreferences syncWorld
2026-02-06 08:27:09,628 [ERROR] LogOutputStream:75 - [STDERR_REDIRECT] WARNING: Couldn't flush system prefs: java.util.prefs.BackingStoreException: Couldn't get file lock.
2026-02-06 08:27:09,628 [ERROR] LogOutputStream:75 - [STDERR_REDIRECT] 
2026-02-06 08:27:39,627 [ERROR] LogOutputStream:75 - [STDERR_REDIRECT] Feb 06, 2026 8:27:39 AM java.util.prefs.FileSystemPreferences checkLockFile0ErrorCode
2026-02-06 08:27:39,628 [ERROR] LogOutputStream:75 - [STDERR_REDIRECT] WARNING: Could not lock System prefs. Unix error code 5.
2026-02-06 08:27:39,628 [ERROR] LogOutputStream:75 - [STDERR_REDIRECT] 
2026-02-06 08:27:39,628 [ERROR] LogOutputStream:75 - [STDERR_REDIRECT] Feb 06, 2026 8:27:39 AM java.util.prefs.FileSystemPreferences syncWorld
2026-02-06 08:27:39,628 [ERROR] LogOutputStream:75 - [STDERR_REDIRECT] WARNING: Couldn't flush system prefs: java.util.prefs.BackingStoreException: Couldn't get file lock.
2026-02-06 08:27:39,628 [ERROR] LogOutputStream:75 - [STDERR_REDIRECT] 
2026-02-06 08:28:09,627 [ERROR] LogOutputStream:75 - [STDERR_REDIRECT] Feb 06, 2026 8:28:09 AM java.util.prefs.FileSystemPreferences checkLockFile0ErrorCode
2026-02-06 08:28:09,627 [ERROR] LogOutputStream:75 - [STDERR_REDIRECT] WARNING: Could not lock System prefs. Unix error code 5.
2026-02-06 08:28:09,627 [ERROR] LogOutputStream:75 - [STDERR_REDIRECT] 
2026-02-06 08:28:09,628 [ERROR] LogOutputStream:75 - [STDERR_REDIRECT] Feb 06, 2026 8:28:09 AM java.util.prefs.FileSystemPreferences syncWorld
2026-02-06 08:28:09,628 [ERROR] LogOutputStream:75 - [STDERR_REDIRECT] WARNING: Couldn't flush system prefs: java.util.prefs.BackingStoreException: Couldn't get file lock.
2026-02-06 08:28:09,628 [ERROR] LogOutputStream:75 - [STDERR_REDIRECT] 
2026-02-06 08:28:39,627 [ERROR] LogOutputStream:75 - [STDERR_REDIRECT] Feb 06, 2026 8:28:39 AM java.util.prefs.FileSystemPreferences checkLockFile0ErrorCode
2026-02-06 08:28:39,627 [ERROR] LogOutputStream:75 - [STDERR_REDIRECT] WARNING: Could not lock System prefs. Unix error code 5.
2026-02-06 08:28:39,627 [ERROR] LogOutputStream:75 - [STDERR_REDIRECT] 
2026-02-06 08:28:39,627 [ERROR] LogOutputStream:75 - [STDERR_REDIRECT] Feb 06, 2026 8:28:39 AM java.util.prefs.FileSystemPreferences syncWorld
2026-02-06 08:28:39,628 [ERROR] LogOutputStream:75 - [STDERR_REDIRECT] WARNING: Couldn't flush system prefs: java.util.prefs.BackingStoreException: Couldn't get file lock.
2026-02-06 08:28:39,628 [ERROR] LogOutputStream:75 - [STDERR_REDIRECT] 
2026-02-06 08:29:09,628 [ERROR] LogOutputStream:75 - [STDERR_REDIRECT] Feb 06, 2026 8:29:09 AM java.util.prefs.FileSystemPreferences checkLockFile0ErrorCode
2026-02-06 08:29:09,628 [ERROR] LogOutputStream:75 - [STDERR_REDIRECT] WARNING: Could not lock System prefs. Unix error code 5.
2026-02-06 08:29:09,628 [ERROR] LogOutputStream:75 - [STDERR_REDIRECT] 
2026-02-06 08:29:09,628 [ERROR] LogOutputStream:75 - [STDERR_REDIRECT] Feb 06, 2026 8:29:09 AM java.util.prefs.FileSystemPreferences syncWorld
2026-02-06 08:29:09,628 [ERROR] LogOutputStream:75 - [STDERR_REDIRECT] WARNING: Couldn't flush system prefs: java.util.prefs.BackingStoreException: Couldn't get file lock.
2026-02-06 08:29:09,628 [ERROR] LogOutputStream:75 - [STDERR_REDIRECT] 
2026-02-06 08:29:39,628 [ERROR] LogOutputStream:75 - [STDERR_REDIRECT] Feb 06, 2026 8:29:39 AM java.util.prefs.FileSystemPreferences checkLockFile0ErrorCode
2026-02-06 08:29:39,628 [ERROR] LogOutputStream:75 - [STDERR_REDIRECT] WARNING: Could not lock System prefs. Unix error code 5.
2026-02-06 08:29:39,628 [ERROR] LogOutputStream:75 - [STDERR_REDIRECT] 
2026-02-06 08:29:39,628 [ERROR] LogOutputStream:75 - [STDERR_REDIRECT] Feb 06, 2026 8:29:39 AM java.util.prefs.FileSystemPreferences syncWorld
2026-02-06 08:29:39,628 [ERROR] LogOutputStream:75 - [STDERR_REDIRECT] WARNING: Couldn't flush system prefs: java.util.prefs.BackingStoreException: Couldn't get file lock.
2026-02-06 08:29:39,628 [ERROR] LogOutputStream:75 - [STDERR_REDIRECT] 
2026-02-06 08:30:09,628 [ERROR] LogOutputStream:75 - [STDERR_REDIRECT] Feb 06, 2026 8:30:09 AM java.util.prefs.FileSystemPreferences checkLockFile0ErrorCode
2026-02-06 08:30:09,628 [ERROR] LogOutputStream:75 - [STDERR_REDIRECT] WARNING: Could not lock System prefs. Unix error code 5.
2026-02-06 08:30:09,628 [ERROR] LogOutputStream:75 - [STDERR_REDIRECT] 
2026-02-06 08:30:09,628 [ERROR] LogOutputStream:75 - [STDERR_REDIRECT] Feb 06, 2026 8:30:09 AM java.util.prefs.FileSystemPreferences syncWorld
2026-02-06 08:30:09,628 [ERROR] LogOutputStream:75 - [STDERR_REDIRECT] WARNING: Couldn't flush system prefs: java.util.prefs.BackingStoreException: Couldn't get file lock.
2026-02-06 08:30:09,628 [ERROR] LogOutputStream:75 - [STDERR_REDIRECT] 
2026-02-06 08:30:39,629 [ERROR] LogOutputStream:75 - [STDERR_REDIRECT] Feb 06, 2026 8:30:39 AM java.util.prefs.FileSystemPreferences checkLockFile0ErrorCode
2026-02-06 08:30:39,629 [ERROR] LogOutputStream:75 - [STDERR_REDIRECT] WARNING: Could not lock System prefs. Unix error code 5.
2026-02-06 08:30:39,629 [ERROR] LogOutputStream:75 - [STDERR_REDIRECT] 
2026-02-06 08:30:39,629 [ERROR] LogOutputStream:75 - [STDERR_REDIRECT] Feb 06, 2026 8:30:39 AM java.util.prefs.FileSystemPreferences syncWorld
2026-02-06 08:30:39,629 [ERROR] LogOutputStream:75 - [STDERR_REDIRECT] WARNING: Couldn't flush system prefs: java.util.prefs.BackingStoreException: Couldn't get file lock.
2026-02-06 08:30:39,630 [ERROR] LogOutputStream:75 - [STDERR_REDIRECT] 
2026-02-06 08:31:09,628 [ERROR] LogOutputStream:75 - [STDERR_REDIRECT] Feb 06, 2026 8:31:09 AM java.util.prefs.FileSystemPreferences checkLockFile0ErrorCode
2026-02-06 08:31:09,628 [ERROR] LogOutputStream:75 - [STDERR_REDIRECT] WARNING: Could not lock System prefs. Unix error code 5.
2026-02-06 08:31:09,628 [ERROR] LogOutputStream:75 - [STDERR_REDIRECT] 
2026-02-06 08:31:09,628 [ERROR] LogOutputStream:75 - [STDERR_REDIRECT] Feb 06, 2026 8:31:09 AM java.util.prefs.FileSystemPreferences syncWorld
2026-02-06 08:31:09,629 [ERROR] LogOutputStream:75 - [STDERR_REDIRECT] WARNING: Couldn't flush system prefs: java.util.prefs.BackingStoreException: Couldn't get file lock.
2026-02-06 08:31:09,629 [ERROR] LogOutputStream:75 - [STDERR_REDIRECT] 
2026-02-06 08:31:39,628 [ERROR] LogOutputStream:75 - [STDERR_REDIRECT] Feb 06, 2026 8:31:39 AM java.util.prefs.FileSystemPreferences checkLockFile0ErrorCode
2026-02-06 08:31:39,628 [ERROR] LogOutputStream:75 - [STDERR_REDIRECT] WARNING: Could not lock System prefs. Unix error code 5.
2026-02-06 08:31:39,628 [ERROR] LogOutputStream:75 - [STDERR_REDIRECT] 
2026-02-06 08:31:39,629 [ERROR] LogOutputStream:75 - [STDERR_REDIRECT] Feb 06, 2026 8:31:39 AM java.util.prefs.FileSystemPreferences syncWorld
2026-02-06 08:31:39,629 [ERROR] LogOutputStream:75 - [STDERR_REDIRECT] WARNING: Couldn't flush system prefs: java.util.prefs.BackingStoreException: Couldn't get file lock.
2026-02-06 08:31:39,629 [ERROR] LogOutputStream:75 - [STDERR_REDIRECT] 
2026-02-06 08:32:09,629 [ERROR] LogOutputStream:75 - [STDERR_REDIRECT] Feb 06, 2026 8:32:09 AM java.util.prefs.FileSystemPreferences checkLockFile0ErrorCode
2026-02-06 08:32:09,629 [ERROR] LogOutputStream:75 - [STDERR_REDIRECT] WARNING: Could not lock System prefs. Unix error code 5.
2026-02-06 08:32:09,629 [ERROR] LogOutputStream:75 - [STDERR_REDIRECT] 
2026-02-06 08:32:09,629 [ERROR] LogOutputStream:75 - [STDERR_REDIRECT] Feb 06, 2026 8:32:09 AM java.util.prefs.FileSystemPreferences syncWorld
2026-02-06 08:32:09,629 [ERROR] LogOutputStream:75 - [STDERR_REDIRECT] WARNING: Couldn't flush system prefs: java.util.prefs.BackingStoreException: Couldn't get file lock.
2026-02-06 08:32:09,629 [ERROR] LogOutputStream:75 - [STDERR_REDIRECT] 
2026-02-06 08:32:39,630 [ERROR] LogOutputStream:75 - [STDERR_REDIRECT] Feb 06, 2026 8:32:39 AM java.util.prefs.FileSystemPreferences checkLockFile0ErrorCode
2026-02-06 08:32:39,630 [ERROR] LogOutputStream:75 - [STDERR_REDIRECT] WARNING: Could not lock System prefs. Unix error code 5.
2026-02-06 08:32:39,630 [ERROR] LogOutputStream:75 - [STDERR_REDIRECT] 
2026-02-06 08:32:39,630 [ERROR] LogOutputStream:75 - [STDERR_REDIRECT] Feb 06, 2026 8:32:39 AM java.util.prefs.FileSystemPreferences syncWorld
2026-02-06 08:32:39,630 [ERROR] LogOutputStream:75 - [STDERR_REDIRECT] WARNING: Couldn't flush system prefs: java.util.prefs.BackingStoreException: Couldn't get file lock.
2026-02-06 08:32:39,631 [ERROR] LogOutputStream:75 - [STDERR_REDIRECT] 
2026-02-06 08:33:09,633 [ERROR] LogOutputStream:75 - [STDERR_REDIRECT] Feb 06, 2026 8:33:09 AM java.util.prefs.FileSystemPreferences checkLockFile0ErrorCode
2026-02-06 08:33:09,634 [ERROR] LogOutputStream:75 - [STDERR_REDIRECT] WARNING: Could not lock System prefs. Unix error code 5.
2026-02-06 08:33:09,634 [ERROR] LogOutputStream:75 - [STDERR_REDIRECT] 
2026-02-06 08:33:09,634 [ERROR] LogOutputStream:75 - [STDERR_REDIRECT] Feb 06, 2026 8:33:09 AM java.util.prefs.FileSystemPreferences syncWorld
2026-02-06 08:33:09,634 [ERROR] LogOutputStream:75 - [STDERR_REDIRECT] WARNING: Couldn't flush system prefs: java.util.prefs.BackingStoreException: Couldn't get file lock.
2026-02-06 08:33:09,634 [ERROR] LogOutputStream:75 - [STDERR_REDIRECT] 
