2026-06-17 01:21:32,135 [INFO] Activator:176 - 


2026-06-17 01:21:32,151 [INFO] Activator:177 - !SESSION log4j initialized
2026-06-17 01:21:49,728 [INFO] LogOutputStream:77 - [STDOUT_REDIRECT] 
2026-06-17 01:21:52,713 [INFO] ApplicationProperties:184 - Using Application install path: /opt/st/stm32cubeide_1.15.0_2/plugins/com.st.stm32cube.common.mx_6.11.0.202403141607
2026-06-17 01:21:52,805 [INFO] DbMcusXml:78 - Set database path to: /opt/st/stm32cubeide_1.15.0_2/plugins/com.st.stm32cube.common.mx_6.11.0.202403141607//db//mcu/
2026-06-17 01:21:52,807 [INFO] ApiDb:274 - Set plugin database path to: /opt/st/stm32cubeide_1.15.0_2/plugins/com.st.stm32cube.common.mx_6.11.0.202403141607//db//plugins/boardmanager/
2026-06-17 01:21:52,808 [WARN] ApiDb:259 - Overriding images path with different value:  => /opt/st/stm32cubeide_1.15.0_2/plugins/com.st.stm32cube.common.mx_6.11.0.202403141607//db//plugins/mcufinder/images/
2026-06-17 01:21:52,839 [INFO] ApiDb:250 - Set database path to: /home/peter/.stmcufinder/plugins/mcufinder//mcu/
2026-06-17 01:21:52,845 [INFO] DbMcusAds:125 - Set database path to: /home/peter/.stmcufinder/plugins/mcufinder//mcu/
2026-06-17 01:21:52,854 [INFO] CrossReferenceDbSqlite:203 - Set database path to: /home/peter/.stmcufinder/plugins/mcufinder//mcu/cs/
2026-06-17 01:21:53,414 [INFO] RulesReader:64 - Compatibility file has been processed (297 Rules)
2026-06-17 01:21:53,716 [INFO] DbMcusXml:78 - Set database path to: /opt/st/stm32cubeide_1.15.0_2/plugins/com.st.stm32cube.common.mx_6.11.0.202403141607//db//mcu/
2026-06-17 01:21:53,716 [INFO] ApiDb:274 - Set plugin database path to: /opt/st/stm32cubeide_1.15.0_2/plugins/com.st.stm32cube.common.mx_6.11.0.202403141607//db//plugins/boardmanager/
2026-06-17 01:21:53,716 [INFO] ApiDb:261 - Set plugin images path to: /opt/st/stm32cubeide_1.15.0_2/plugins/com.st.stm32cube.common.mx_6.11.0.202403141607//db//plugins/mcufinder/images/
2026-06-17 01:21:53,717 [WARN] DbFile:41 - Overriding database path with different value: /home/peter/.stmcufinder/plugins/mcufinder/ => /home/peter/.stmcufinder/plugins/mcufinder
2026-06-17 01:21:53,720 [INFO] ApiDb:250 - Set database path to: /home/peter/.stmcufinder/plugins/mcufinder//mcu/
2026-06-17 01:21:53,722 [WARN] DbFile:41 - Overriding database path with different value: /home/peter/.stmcufinder/plugins/mcufinder/ => /home/peter/.stmcufinder/plugins/mcufinder
2026-06-17 01:21:53,722 [INFO] DbMcusAds:125 - Set database path to: /home/peter/.stmcufinder/plugins/mcufinder//mcu/
2026-06-17 01:21:53,722 [WARN] DbFile:41 - Overriding database path with different value: /home/peter/.stmcufinder/plugins/mcufinder/ => /home/peter/.stmcufinder/plugins/mcufinder
2026-06-17 01:21:53,722 [WARN] DbFile:41 - Overriding database path with different value: /home/peter/.stmcufinder/plugins/mcufinder/ => /home/peter/.stmcufinder/plugins/mcufinder
2026-06-17 01:21:53,723 [INFO] CrossReferenceDbSqlite:203 - Set database path to: /home/peter/.stmcufinder/plugins/mcufinder//mcu/cs/
2026-06-17 01:21:54,029 [INFO] MainPanel:264 - HeapMemory: 300941312
2026-06-17 01:21:54,747 [INFO] DbMcusXml:78 - Set database path to: /opt/st/stm32cubeide_1.15.0_2/plugins/com.st.stm32cube.common.mx_6.11.0.202403141607//db//mcu/
2026-06-17 01:21:54,747 [INFO] ApiDb:274 - Set plugin database path to: /opt/st/stm32cubeide_1.15.0_2/plugins/com.st.stm32cube.common.mx_6.11.0.202403141607//db//plugins/boardmanager/
2026-06-17 01:21:54,750 [INFO] ApiDb:261 - Set plugin images path to: /opt/st/stm32cubeide_1.15.0_2/plugins/com.st.stm32cube.common.mx_6.11.0.202403141607//db//plugins/mcufinder/images/
2026-06-17 01:21:54,751 [WARN] DbFile:41 - Overriding database path with different value: /home/peter/.stmcufinder/plugins/mcufinder/ => /home/peter/.stmcufinder/plugins/mcufinder
2026-06-17 01:21:54,751 [INFO] ApiDb:250 - Set database path to: /home/peter/.stmcufinder/plugins/mcufinder//mcu/
2026-06-17 01:21:54,751 [WARN] DbFile:41 - Overriding database path with different value: /home/peter/.stmcufinder/plugins/mcufinder/ => /home/peter/.stmcufinder/plugins/mcufinder
2026-06-17 01:21:54,751 [INFO] DbMcusAds:125 - Set database path to: /home/peter/.stmcufinder/plugins/mcufinder//mcu/
2026-06-17 01:21:54,751 [WARN] DbFile:41 - Overriding database path with different value: /home/peter/.stmcufinder/plugins/mcufinder/ => /home/peter/.stmcufinder/plugins/mcufinder
2026-06-17 01:21:54,752 [WARN] DbFile:41 - Overriding database path with different value: /home/peter/.stmcufinder/plugins/mcufinder/ => /home/peter/.stmcufinder/plugins/mcufinder
2026-06-17 01:21:54,757 [INFO] CrossReferenceDbSqlite:203 - Set database path to: /home/peter/.stmcufinder/plugins/mcufinder//mcu/cs/
2026-06-17 01:21:54,867 [INFO] ApplicationProperties:184 - Using Application install path: /opt/st/stm32cubeide_1.15.0_2/plugins/com.st.stm32cube.common.mx_6.11.0.202403141607
2026-06-17 01:21:54,876 [INFO] PluginManage:196 - Search for loadable plugins [exclusion list=, ]
2026-06-17 01:21:54,887 [INFO] PluginManage:310 - Check plugin analytics
2026-06-17 01:21:55,859 [INFO] AnalyticsPlugin:253 - Accepted Software Licenses: 
2026-06-17 01:21:55,860 [INFO] AnalyticsPlugin:255 - Accepted CMSIS Pack Licenses: 
2026-06-17 01:21:55,862 [INFO] AnalyticsPlugin:257 - Accepted Firmware Licenses: FW.C0.1.1.0
2026-06-17 01:21:55,895 [INFO] PluginManage:359 - Loaded plugin analytics (category:tool,tabindex:-1)
2026-06-17 01:21:55,896 [INFO] PluginManage:310 - Check plugin cadmodel
2026-06-17 01:21:56,112 [INFO] CADModel:105 - Init CAD model plugin
2026-06-17 01:21:56,113 [INFO] PluginManage:359 - Loaded plugin cadmodel (category:power,tabindex:5)
2026-06-17 01:21:56,119 [INFO] PluginManage:310 - Check plugin clock
2026-06-17 01:21:56,200 [INFO] PluginManage:359 - Loaded plugin clock (category:base,tabindex:2)
2026-06-17 01:21:56,200 [INFO] PluginManage:310 - Check plugin ddr
2026-06-17 01:21:56,225 [INFO] PluginManage:359 - Loaded plugin ddr (category:tool,tabindex:6)
2026-06-17 01:21:56,225 [INFO] PluginManage:310 - Check plugin filemanager
2026-06-17 01:21:57,123 [INFO] PluginManage:359 - Loaded plugin filemanager (category:base,tabindex:10)
2026-06-17 01:21:57,123 [INFO] PluginManage:310 - Check plugin ipmanager
2026-06-17 01:21:57,156 [INFO] PluginManage:359 - Loaded plugin ipmanager (category:base,tabindex:5)
2026-06-17 01:21:57,156 [INFO] PluginManage:310 - Check plugin lpbam
2026-06-17 01:21:57,219 [INFO] PluginManage:359 - Loaded plugin lpbam (category:base,tabindex:0)
2026-06-17 01:21:57,219 [INFO] PluginManage:310 - Check plugin memorymap
2026-06-17 01:21:57,290 [INFO] PluginManage:359 - Loaded plugin memorymap (category:base,tabindex:4)
2026-06-17 01:21:57,294 [INFO] PluginManage:310 - Check plugin pinoutandconfiguration
2026-06-17 01:21:57,346 [INFO] PluginManage:359 - Loaded plugin pinoutandconfiguration (category:base,tabindex:1)
2026-06-17 01:21:57,346 [INFO] PluginManage:310 - Check plugin pinoutconfig
2026-06-17 01:21:57,946 [WARN] SupportedApi:132 - Cannot load RTOS API schema: s4s-elt-must-match.1: The content of 'definitions' must match (annotation?, (simpleType | complexType)?, (unique | key | keyref)*)). A problem was found starting at: attribute.
2026-06-17 01:21:58,953 [INFO] PluginManage:359 - Loaded plugin pinoutconfig (category:base,tabindex:0)
2026-06-17 01:21:58,953 [INFO] PluginManage:310 - Check plugin power
2026-06-17 01:21:59,012 [INFO] PluginManage:359 - Loaded plugin power (category:power,tabindex:4)
2026-06-17 01:21:59,012 [INFO] PluginManage:310 - Check plugin projectmanager
2026-06-17 01:21:59,112 [INFO] PluginManage:359 - Loaded plugin projectmanager (category:projectmanager,tabindex:3)
2026-06-17 01:21:59,113 [INFO] PluginManage:310 - Check plugin thirdparty
2026-06-17 01:22:00,044 [INFO] PluginManage:359 - Loaded plugin thirdparty (category:base,tabindex:-1)
2026-06-17 01:22:00,045 [INFO] PluginManage:310 - Check plugin tools
2026-06-17 01:22:00,048 [WARN] IntegrityCheckThread:84 - waiting for thirdparty lock release [integrity check]
2026-06-17 01:22:00,049 [INFO] IntegrityCheckThread:86 - entering critical section [integrity check]
2026-06-17 01:22:00,049 [INFO] ThirdPartyUpdaterWithRetryManager:70 - Updater plugin not ready yet. [1/15]
2026-06-17 01:22:00,065 [INFO] PluginManage:359 - Loaded plugin tools (category:base,tabindex:7)
2026-06-17 01:22:00,067 [INFO] PluginManage:310 - Check plugin tutovideos
2026-06-17 01:22:01,131 [INFO] PluginManage:359 - Loaded plugin tutovideos (category:base,tabindex:-1)
2026-06-17 01:22:01,132 [INFO] PluginManage:310 - Check plugin updater
2026-06-17 01:22:01,183 [INFO] PluginManage:359 - Loaded plugin updater (category:base,tabindex:12)
2026-06-17 01:22:01,189 [INFO] PluginManage:310 - Check plugin userauth
2026-06-17 01:22:01,225 [INFO] UserAuth:114 - Init User Auth plugin
2026-06-17 01:22:01,225 [INFO] PluginManage:359 - Loaded plugin userauth (category:base,tabindex:14)
2026-06-17 01:22:01,235 [INFO] PluginManage:283 - PluginManage : Loaded plugins [17]
2026-06-17 01:22:02,540 [INFO] PinOutPanel:1561 - setPackage(No Configuration,No Configuration)
2026-06-17 01:22:02,927 [INFO] CADModel:165 - CPN selected for project level
2026-06-17 01:22:02,935 [INFO] CADModel:114 - Register for checkConnection events
2026-06-17 01:22:03,016 [INFO] IPUIPlugin:80 - create IPUIPlugin
2026-06-17 01:22:03,018 [INFO] PluginManager:220 - loadIPPluginJar : add mdma
2026-06-17 01:22:03,056 [INFO] IPUIPlugin:80 - create IPUIPlugin
2026-06-17 01:22:03,057 [INFO] PluginManager:220 - loadIPPluginJar : add cryp
2026-06-17 01:22:03,058 [INFO] ThirdPartyUpdaterWithRetryManager:70 - Updater plugin not ready yet. [2/15]
2026-06-17 01:22:03,089 [INFO] IPUIPlugin:80 - create IPUIPlugin
2026-06-17 01:22:03,096 [INFO] PluginManager:220 - loadIPPluginJar : add freertos
2026-06-17 01:22:03,123 [INFO] IPUIPlugin:80 - create IPUIPlugin
2026-06-17 01:22:03,123 [INFO] PluginManager:220 - loadIPPluginJar : add gpio
2026-06-17 01:22:03,144 [INFO] IPUIPlugin:80 - create IPUIPlugin
2026-06-17 01:22:03,144 [INFO] PluginManager:220 - loadIPPluginJar : add usbx
2026-06-17 01:22:03,156 [INFO] IPUIPlugin:80 - create IPUIPlugin
2026-06-17 01:22:03,157 [INFO] PluginManager:220 - loadIPPluginJar : add lorawan
2026-06-17 01:22:03,169 [INFO] IPUIPlugin:80 - create IPUIPlugin
2026-06-17 01:22:03,170 [INFO] PluginManager:220 - loadIPPluginJar : add can
2026-06-17 01:22:03,185 [INFO] IPUIPlugin:80 - create IPUIPlugin
2026-06-17 01:22:03,191 [INFO] PluginManager:220 - loadIPPluginJar : add pdm2pcm
2026-06-17 01:22:03,194 [INFO] IPUIPlugin:80 - create IPUIPlugin
2026-06-17 01:22:03,194 [INFO] PluginManager:220 - loadIPPluginJar : add fatfs
2026-06-17 01:22:03,226 [INFO] IPUIPlugin:80 - create IPUIPlugin
2026-06-17 01:22:03,226 [INFO] PluginManager:220 - loadIPPluginJar : add resmgrutility
2026-06-17 01:22:03,239 [INFO] IPUIPlugin:80 - create IPUIPlugin
2026-06-17 01:22:03,239 [INFO] PluginManager:220 - loadIPPluginJar : add hash
2026-06-17 01:22:03,262 [INFO] IPUIPlugin:80 - create IPUIPlugin
2026-06-17 01:22:03,262 [INFO] PluginManager:220 - loadIPPluginJar : add nvic
2026-06-17 01:22:03,275 [INFO] IPUIPlugin:80 - create IPUIPlugin
2026-06-17 01:22:03,275 [INFO] PluginManager:220 - loadIPPluginJar : add gfxmmu
2026-06-17 01:22:03,281 [INFO] IPUIPlugin:80 - create IPUIPlugin
2026-06-17 01:22:03,282 [INFO] PluginManager:220 - loadIPPluginJar : add quadspi
2026-06-17 01:22:03,299 [INFO] IPUIPlugin:80 - create IPUIPlugin
2026-06-17 01:22:03,300 [INFO] PluginManager:220 - loadIPPluginJar : add aes
2026-06-17 01:22:03,335 [INFO] IPUIPlugin:80 - create IPUIPlugin
2026-06-17 01:22:03,335 [INFO] PluginManager:220 - loadIPPluginJar : add linkedlist
2026-06-17 01:22:03,343 [INFO] IPUIPlugin:80 - create IPUIPlugin
2026-06-17 01:22:03,343 [INFO] PluginManager:220 - loadIPPluginJar : add ts
2026-06-17 01:22:03,356 [INFO] IPUIPlugin:80 - create IPUIPlugin
2026-06-17 01:22:03,356 [INFO] PluginManager:220 - loadIPPluginJar : add stm32_wpan
2026-06-17 01:22:03,366 [INFO] IPUIPlugin:80 - create IPUIPlugin
2026-06-17 01:22:03,366 [INFO] PluginManager:220 - loadIPPluginJar : add touchsensing
2026-06-17 01:22:03,373 [INFO] IPUIPlugin:80 - create IPUIPlugin
2026-06-17 01:22:03,374 [INFO] PluginManager:220 - loadIPPluginJar : add dma3
2026-06-17 01:22:03,380 [INFO] IPUIPlugin:80 - create IPUIPlugin
2026-06-17 01:22:03,381 [INFO] PluginManager:220 - loadIPPluginJar : add spi
2026-06-17 01:22:03,390 [INFO] IPUIPlugin:80 - create IPUIPlugin
2026-06-17 01:22:03,391 [INFO] PluginManager:220 - loadIPPluginJar : add openamp
2026-06-17 01:22:03,396 [INFO] IPUIPlugin:80 - create IPUIPlugin
2026-06-17 01:22:03,399 [INFO] PluginManager:220 - loadIPPluginJar : add sai
2026-06-17 01:22:03,410 [INFO] IPUIPlugin:80 - create IPUIPlugin
2026-06-17 01:22:03,410 [INFO] PluginManager:220 - loadIPPluginJar : add opamp
2026-06-17 01:22:03,429 [INFO] IPUIPlugin:80 - create IPUIPlugin
2026-06-17 01:22:03,440 [INFO] PluginManager:220 - loadIPPluginJar : add plateformsettings
2026-06-17 01:22:03,448 [INFO] IPUIPlugin:80 - create IPUIPlugin
2026-06-17 01:22:03,448 [INFO] PluginManager:220 - loadIPPluginJar : add ipddr
2026-06-17 01:22:03,452 [INFO] IPUIPlugin:80 - create IPUIPlugin
2026-06-17 01:22:03,452 [INFO] PluginManager:220 - loadIPPluginJar : add ltdc
2026-06-17 01:22:03,464 [INFO] IPUIPlugin:80 - create IPUIPlugin
2026-06-17 01:22:03,464 [INFO] PluginManager:220 - loadIPPluginJar : add fmc
2026-06-17 01:22:03,481 [INFO] IPUIPlugin:80 - create IPUIPlugin
2026-06-17 01:22:03,481 [INFO] PluginManager:220 - loadIPPluginJar : add adc
2026-06-17 01:22:03,488 [INFO] IPUIPlugin:80 - create IPUIPlugin
2026-06-17 01:22:03,488 [INFO] PluginManager:220 - loadIPPluginJar : add i2s
2026-06-17 01:22:03,494 [INFO] IPUIPlugin:80 - create IPUIPlugin
2026-06-17 01:22:03,494 [INFO] PluginManager:220 - loadIPPluginJar : add tracer_emb
2026-06-17 01:22:03,502 [INFO] IPUIPlugin:80 - create IPUIPlugin
2026-06-17 01:22:03,502 [INFO] PluginManager:220 - loadIPPluginJar : add i2c
2026-06-17 01:22:03,509 [INFO] IPUIPlugin:80 - create IPUIPlugin
2026-06-17 01:22:03,509 [INFO] PluginManager:220 - loadIPPluginJar : add gtzc
2026-06-17 01:22:03,514 [INFO] IPUIPlugin:80 - create IPUIPlugin
2026-06-17 01:22:03,516 [INFO] PluginManager:220 - loadIPPluginJar : add tim
2026-06-17 01:22:03,518 [INFO] IPUIPlugin:80 - create IPUIPlugin
2026-06-17 01:22:03,520 [INFO] PluginManager:220 - loadIPPluginJar : add ucpd
2026-06-17 01:22:03,527 [INFO] IPUIPlugin:80 - create IPUIPlugin
2026-06-17 01:22:03,527 [INFO] PluginManager:220 - loadIPPluginJar : add usart
2026-06-17 01:22:03,533 [INFO] IPUIPlugin:80 - create IPUIPlugin
2026-06-17 01:22:03,533 [INFO] PluginManager:220 - loadIPPluginJar : add dfsdm
2026-06-17 01:22:03,542 [INFO] IPUIPlugin:80 - create IPUIPlugin
2026-06-17 01:22:03,542 [INFO] PluginManager:220 - loadIPPluginJar : add i3c
2026-06-17 01:22:03,555 [INFO] IPUIPlugin:80 - create IPUIPlugin
2026-06-17 01:22:03,555 [INFO] PluginManager:220 - loadIPPluginJar : add gic
2026-06-17 01:22:03,567 [INFO] IPUIPlugin:80 - create IPUIPlugin
2026-06-17 01:22:03,568 [INFO] PluginManager:220 - loadIPPluginJar : add comp
2026-06-17 01:22:03,571 [INFO] IPUIPlugin:80 - create IPUIPlugin
2026-06-17 01:22:03,573 [INFO] PluginManager:220 - loadIPPluginJar : add tsc
2026-06-17 01:22:03,575 [INFO] IPUIPlugin:80 - create IPUIPlugin
2026-06-17 01:22:03,575 [INFO] PluginManager:220 - loadIPPluginJar : add genericplugin
2026-06-17 01:22:03,583 [INFO] IPUIPlugin:80 - create IPUIPlugin
2026-06-17 01:22:03,583 [INFO] PluginManager:220 - loadIPPluginJar : add extmemmanager
2026-06-17 01:22:03,607 [INFO] IPUIPlugin:80 - create IPUIPlugin
2026-06-17 01:22:03,607 [INFO] PluginManager:220 - loadIPPluginJar : add dma
2026-06-17 01:22:03,818 [INFO] CADModel:165 - CPN selected for project level
2026-06-17 01:22:03,821 [INFO] CADModel:114 - Register for checkConnection events
2026-06-17 01:22:03,821 [FATAL] Updater:308 - Updater called before beeing initialized
2026-06-17 01:22:03,822 [ERROR] CADModel:125 - Updater not yet initialized, retry later 
2026-06-17 01:22:04,280 [INFO] CADModel:165 - CPN selected for project level
2026-06-17 01:22:04,281 [INFO] CADModel:114 - Register for checkConnection events
2026-06-17 01:22:04,283 [FATAL] Updater:308 - Updater called before beeing initialized
2026-06-17 01:22:04,283 [ERROR] CADModel:125 - Updater not yet initialized, retry later 
2026-06-17 01:22:04,293 [FATAL] Updater:308 - Updater called before beeing initialized
2026-06-17 01:22:04,629 [FATAL] Updater:308 - Updater called before beeing initialized
2026-06-17 01:22:04,641 [INFO] DbMcusAds:53 - JSON generation date=Tue Jul 08 04:14:23 EDT 2025 (1751962463524)
2026-06-17 01:22:04,642 [FATAL] Updater:308 - Updater called before beeing initialized
2026-06-17 01:22:04,785 [WARN] DetailPanel:346 - Failed to get advertising image, set to default
2026-06-17 01:22:05,204 [FATAL] Updater:308 - Updater called before beeing initialized
2026-06-17 01:22:05,209 [FATAL] Updater:308 - Updater called before beeing initialized
2026-06-17 01:22:05,209 [FATAL] Updater:308 - Updater called before beeing initialized
2026-06-17 01:22:05,209 [WARN] DetailPanel:346 - Failed to get advertising image, set to default
2026-06-17 01:22:05,211 [FATAL] Updater:308 - Updater called before beeing initialized
2026-06-17 01:22:05,345 [ERROR] Updater:1120 - MainUpdater not yet initialized. External WinMGr cannot be set.
2026-06-17 01:22:05,347 [INFO] Updater:1056 - Updater Version found : 6.11.0
2026-06-17 01:22:05,414 [INFO] ApplicationProperties:184 - Using Application install path: /opt/st/stm32cubeide_1.15.0_2/plugins/com.st.stm32cube.common.mx_6.11.0.202403141607
2026-06-17 01:22:05,466 [ERROR] LogOutputStream:75 - [STDERR_REDIRECT] Jun 17, 2026 1:22:05 AM java.util.prefs.FileSystemPreferences$2 run
2026-06-17 01:22:05,469 [ERROR] LogOutputStream:75 - [STDERR_REDIRECT] WARNING: Could not create system preferences directory. System preferences are unusable.
2026-06-17 01:22:05,469 [ERROR] LogOutputStream:75 - [STDERR_REDIRECT] 
2026-06-17 01:22:06,060 [INFO] ThirdPartyUpdaterWithRetryManager:70 - Updater plugin not ready yet. [3/15]
2026-06-17 01:22:06,418 [INFO] MainUpdater:2873 - connection check result : 10
2026-06-17 01:22:06,419 [INFO] MainUpdater:3567 - Updater definition file requires update
2026-06-17 01:22:06,422 [INFO] MainUpdater:290 - Updater Check For Update Now.
2026-06-17 01:22:06,422 [INFO] MicroXplorer:498 - Change Database Version : DB.6.0.110
2026-06-17 01:22:06,440 [INFO] McuFinderGlobals:63 - Set McuFinder mode to 2 (CubeIDE integrated)
2026-06-17 01:22:06,461 [INFO] UserAuth:415 - Internet connection configuration mode: 1
2026-06-17 01:22:06,498 [INFO] ServerAccessManage:473 - Download File updaters.zip
2026-06-17 01:22:06,518 [INFO] JxBrowserEngine:152 - Initiate JxBrowser Engine with user profile folder
2026-06-17 01:22:06,967 [INFO] FileExtend:240 - Unzip File : updaters.zip
2026-06-17 01:22:06,968 [INFO] FileExtend:255 - Standard Zip Deflate
2026-06-17 01:22:07,802 [INFO] ServerAccessManage:473 - Download File PacksControlFlags.xml
2026-06-17 01:22:08,252 [INFO] ServerAccessManage:473 - Download File cubemx.pidx
2026-06-17 01:22:09,061 [WARN] MainUpdater:1194 - Updater busy. Cannot search thirdparties
2026-06-17 01:22:09,061 [INFO] ThirdPartyUpdaterWithRetryManager:96 - Updater plugin is busy. [1/15]
2026-06-17 01:22:10,606 [INFO] ServerAccessManage:473 - Download File STMicroelectronics.X-CUBE-FREERTOS.pdsc
2026-06-17 01:22:12,064 [WARN] MainUpdater:1194 - Updater busy. Cannot search thirdparties
2026-06-17 01:22:12,064 [INFO] ThirdPartyUpdaterWithRetryManager:96 - Updater plugin is busy. [2/15]
2026-06-17 01:22:12,191 [INFO] ServerAccessManage:473 - Download File STMicroelectronics.X-CUBE-NFC13.pdsc
2026-06-17 01:22:15,024 [ERROR] LogOutputStream:75 - [STDERR_REDIRECT] Jun 17, 2026 1:22:15 AM java.util.prefs.FileSystemPreferences checkLockFile0ErrorCode
2026-06-17 01:22:15,024 [ERROR] LogOutputStream:75 - [STDERR_REDIRECT] WARNING: Could not lock System prefs. Unix error code 29033.
2026-06-17 01:22:15,025 [ERROR] LogOutputStream:75 - [STDERR_REDIRECT] 
2026-06-17 01:22:15,041 [ERROR] LogOutputStream:75 - [STDERR_REDIRECT] Jun 17, 2026 1:22:15 AM java.util.prefs.FileSystemPreferences syncWorld
2026-06-17 01:22:15,043 [ERROR] LogOutputStream:75 - [STDERR_REDIRECT] WARNING: Couldn't flush system prefs: java.util.prefs.BackingStoreException: Couldn't get file lock.
2026-06-17 01:22:15,043 [ERROR] LogOutputStream:75 - [STDERR_REDIRECT] 
2026-06-17 01:22:15,057 [INFO] WebApp:161 - Instantiating new browser for Auth
2026-06-17 01:22:15,068 [WARN] MainUpdater:1194 - Updater busy. Cannot search thirdparties
2026-06-17 01:22:15,068 [INFO] ThirdPartyUpdaterWithRetryManager:96 - Updater plugin is busy. [3/15]
2026-06-17 01:22:16,147 [WARN] PopulateThirdPartyThread:106 - Error when creating pack: /home/peter/.stm32cubemx/thirdparties/pdsc/STMicroelectronics.X-CUBE-FREERTOS.pdsc
2026-06-17 01:22:16,386 [WARN] PackLoader:240 - Cannot read IP mode file for STMicroelectronics.X-CUBE-NFC13.1.0.0
2026-06-17 01:22:16,443 [INFO] PopulateThirdPartyThread:66 - Ending populate Thread
2026-06-17 01:22:16,451 [INFO] ThirdParty:1030 - CMSIS Pack Vendor :STMicroelectronics X-CUBE-NFC13 1.0.0
2026-06-17 01:22:16,451 [INFO] LoadServerUpdatesThread:375 - End of LoadServerUpdate Thread
2026-06-17 01:22:16,912 [INFO] CheckServerUpdateThread:120 - End of CheckServer Thread
2026-06-17 01:22:18,969 [WARN] PackLoader:240 - Cannot read IP mode file for STMicroelectronics.X-CUBE-AZRTOS-H7.3.5.0
2026-06-17 01:22:19,052 [WARN] PackLoader:240 - Cannot read IP mode file for STMicroelectronics.FP-SNS-MOTENVWB1.1.4.0
2026-06-17 01:22:19,079 [WARN] PackLoader:240 - Cannot read IP mode file for STMicroelectronics.FP-ATR-ASTRA1.2.0.2
2026-06-17 01:22:19,100 [WARN] PackLoader:240 - Cannot read IP mode file for STMicroelectronics.FP-ATR-ASTRA1.2.0.1
2026-06-17 01:22:19,123 [ERROR] Engine:466 - /home/peter/.stm32cubemx/thirdparties/pdsc/STMicroelectronics.X-CUBE-SMBUS.2.1.1.pdsc: PDSC version is not supported
2026-06-17 01:22:19,138 [WARN] PackLoader:240 - Cannot read IP mode file for STMicroelectronics.X-CUBE-SMBUS.2.1.0
2026-06-17 01:22:19,185 [WARN] PackLoader:240 - Cannot read IP mode file for STMicroelectronics.X-CUBE-WB05N.1.1.0
2026-06-17 01:22:19,213 [ERROR] Engine:466 - /home/peter/.stm32cubemx/thirdparties/pdsc/STMicroelectronics.X-CUBE-ST60.1.0.0.pdsc: PDSC version is not supported
2026-06-17 01:22:19,235 [WARN] PackLoader:240 - Cannot read IP mode file for STMicroelectronics.X-CUBE-TOUCHGFX.4.23.1
2026-06-17 01:22:19,248 [WARN] PackLoader:240 - Cannot read IP mode file for STMicroelectronics.X-CUBE-TOUCHGFX.4.23.2
2026-06-17 01:22:19,314 [INFO] WebApp:779 - Register for checkConnection events
2026-06-17 01:22:19,314 [INFO] WebApp:414 - Apply proxy settings
2026-06-17 01:22:19,314 [INFO] WebApp:499 - Chromium requires no authentication
2026-06-17 01:22:19,363 [INFO] WebApp:442 - Direct internet connection detected
2026-06-17 01:22:19,396 [WARN] PackLoader:240 - Cannot read IP mode file for STMicroelectronics.X-CUBE-AZRTOS-F7.1.1.0
2026-06-17 01:22:19,878 [WARN] PackLoader:240 - Cannot read IP mode file for STMicroelectronics.X-CUBE-MEMS1.11.0.0
2026-06-17 01:22:20,331 [INFO] WebApp:192 - Starting web application
2026-06-17 01:22:20,334 [INFO] WebApp:544 - Web application path used /opt/st/stm32cubeide_1.15.0_2/plugins/com.st.stm32cube.common.mx_6.11.0.202403141607/db/plugins/mcufinder/reactClient1/index.html
2026-06-17 01:22:21,037 [ERROR] Engine:466 - /home/peter/.stm32cubemx/thirdparties/pdsc/STMicroelectronics.FP-SNS-MOTENV1.5.1.0.pdsc: PDSC version is not supported
2026-06-17 01:22:21,073 [WARN] PackLoader:240 - Cannot read IP mode file for STMicroelectronics.FP-SNS-FLIGHT1.5.0.2
2026-06-17 01:22:21,390 [WARN] PackLoader:240 - Cannot read IP mode file for STMicroelectronics.X-CUBE-AZRTOS-H7.3.4.0
2026-06-17 01:22:21,486 [WARN] PackLoader:240 - Cannot read IP mode file for STMicroelectronics.X-CUBE-DISPLAY.3.0.0
2026-06-17 01:22:21,571 [WARN] PackLoader:240 - Cannot read IP mode file for STMicroelectronics.X-CUBE-GNSS1.7.1.1
2026-06-17 01:22:21,599 [ERROR] Engine:466 - /home/peter/.stm32cubemx/thirdparties/pdsc/STMicroelectronics.FP-SNS-MOTENVWB1.1.5.0.pdsc: PDSC version is not supported
2026-06-17 01:22:21,623 [WARN] PackLoader:240 - Cannot read IP mode file for STMicroelectronics.X-CUBE-BLE1.7.0.0
2026-06-17 01:22:21,670 [WARN] PackLoader:240 - Cannot read IP mode file for STMicroelectronics.X-CUBE-NFC10.1.0.0
2026-06-17 01:22:21,799 [WARN] PackLoader:240 - Cannot read IP mode file for STMicroelectronics.X-CUBE-BLEMGR.4.0.0
2026-06-17 01:22:21,856 [ERROR] Engine:466 - /home/peter/.stm32cubemx/thirdparties/pdsc/STMicroelectronics.X-CUBE-ST60.1.1.0.pdsc: PDSC version is not supported
2026-06-17 01:22:21,882 [WARN] PackLoader:240 - Cannot read IP mode file for emotas.I-CUBE-CANOPEN.1.3.0
2026-06-17 01:22:21,919 [WARN] PackLoader:240 - Cannot read IP mode file for STMicroelectronics.X-CUBE-GNSS1.7.1.0
2026-06-17 01:22:21,996 [WARN] PackLoader:240 - Cannot read IP mode file for STMicroelectronics.X-CUBE-BLEMGR.3.1.0
2026-06-17 01:22:22,021 [WARN] PackLoader:240 - Cannot read IP mode file for STMicroelectronics.X-CUBE-AI.10.0.0
2026-06-17 01:22:22,040 [ERROR] Engine:466 - /home/peter/.stm32cubemx/thirdparties/pdsc/STMicroelectronics.FP-SNS-STBOX1.2.1.0.pdsc: PDSC version is not supported
2026-06-17 01:22:22,058 [WARN] PackLoader:240 - Cannot read IP mode file for STMicroelectronics.FP-SNS-SMARTAG2.1.2.0
2026-06-17 01:22:22,071 [ERROR] Engine:466 - /home/peter/.stm32cubemx/thirdparties/pdsc/STMicroelectronics.FP-SNS-FLIGHT1.5.1.0.pdsc: PDSC version is not supported
2026-06-17 01:22:22,474 [WARN] PackLoader:240 - Cannot read IP mode file for STMicroelectronics.X-CUBE-MEMS1.11.1.0
2026-06-17 01:22:23,279 [INFO] LogOutputStream:77 - [STDOUT_REDIRECT] 1 : Invalid condition id : UX_CORESTACK_Condition cause : null
2026-06-17 01:22:23,286 [INFO] LogOutputStream:77 - [STDOUT_REDIRECT] 1 : Invalid condition id : UX_CORESTACK_Condition cause : null
2026-06-17 01:22:23,286 [INFO] LogOutputStream:77 - [STDOUT_REDIRECT] 1 : Invalid condition id : UX_CORESTACK_Condition cause : null
2026-06-17 01:22:23,287 [INFO] LogOutputStream:77 - [STDOUT_REDIRECT] 1 : Invalid condition id : UX_CORESTACK_Condition cause : null
2026-06-17 01:22:23,292 [INFO] LogOutputStream:77 - [STDOUT_REDIRECT] 1 : Invalid condition id : UX_CORESTACK_Condition cause : null
2026-06-17 01:22:23,314 [WARN] PackLoader:240 - Cannot read IP mode file for STMicroelectronics.X-CUBE-AZRTOS-WL.2.0.0
2026-06-17 01:22:23,338 [WARN] PackLoader:240 - Cannot read IP mode file for STMicroelectronics.FP-SNS-MOTENV1.5.0.0
2026-06-17 01:22:23,454 [WARN] PackLoader:240 - Cannot read IP mode file for STMicroelectronics.X-CUBE-AZRTOS-H7RS.1.2.0
2026-06-17 01:22:23,482 [WARN] PackLoader:240 - Cannot read IP mode file for wolfSSL.I-CUBE-wolfMQTT.1.19.0
2026-06-17 01:22:23,506 [WARN] PackLoader:240 - Cannot read IP mode file for WES.I-CUBE-Cesium.1.3.0
2026-06-17 01:22:23,531 [WARN] PackLoader:240 - Cannot read IP mode file for STMicroelectronics.X-CUBE-BLE2.3.3.0
2026-06-17 01:22:23,535 [ERROR] Engine:466 - /home/peter/.stm32cubemx/thirdparties/pdsc/Avnet-IOTCONNECT.X-CUBE-iotc-st67-sdk.1.0.0.pdsc: PDSC version is not supported
2026-06-17 01:22:23,568 [WARN] PackLoader:240 - Cannot read IP mode file for STMicroelectronics.X-CUBE-NFC9.1.0.0
2026-06-17 01:22:23,601 [WARN] PackLoader:240 - Cannot read IP mode file for STMicroelectronics.X-CUBE-BLE1.7.1.0
2026-06-17 01:22:23,622 [WARN] PackLoader:240 - Cannot read IP mode file for STMicroelectronics.X-CUBE-TCPP.4.1.0
2026-06-17 01:22:23,640 [ERROR] Engine:466 - /home/peter/.stm32cubemx/thirdparties/pdsc/STMicroelectronics.X-CUBE-FREERTOS.1.4.0.pdsc: PDSC version is not supported
2026-06-17 01:22:23,658 [WARN] PackLoader:240 - Cannot read IP mode file for STMicroelectronics.X-CUBE-EEPRMA1.5.2.0
2026-06-17 01:22:23,676 [ERROR] Engine:466 - /home/peter/.stm32cubemx/thirdparties/pdsc/STMicroelectronics.X-CUBE-ST67W61.1.1.0.pdsc: PDSC version is not supported
2026-06-17 01:22:23,691 [WARN] PackLoader:240 - Cannot read IP mode file for STMicroelectronics.X-CUBE-AI.10.1.0
2026-06-17 01:22:23,702 [ERROR] Engine:466 - /home/peter/.stm32cubemx/thirdparties/pdsc/STMicroelectronics.FP-SNS-STAIOTCFT.1.1.0.pdsc: PDSC version is not supported
2026-06-17 01:22:23,952 [WARN] PackLoader:240 - Cannot read IP mode file for STMicroelectronics.X-CUBE-MEMS1.12.0.0
2026-06-17 01:22:24,897 [WARN] PackLoader:240 - Cannot read IP mode file for STMicroelectronics.X-CUBE-ALGOBUILD.1.3.0
2026-06-17 01:22:25,375 [WARN] PackLoader:240 - Cannot read IP mode file for STMicroelectronics.X-CUBE-MEMS1.11.2.0
2026-06-17 01:22:26,095 [WARN] PackLoader:240 - Cannot read IP mode file for STMicroelectronics.X-CUBE-AZRTOS-G0.1.1.0
2026-06-17 01:22:26,142 [WARN] PackLoader:240 - Cannot read IP mode file for STMicroelectronics.X-CUBE-SAFEA1.1.2.2
2026-06-17 01:22:26,176 [WARN] PackLoader:240 - Cannot read IP mode file for STMicroelectronics.X-CUBE-NFC4.3.0.0
2026-06-17 01:22:26,192 [WARN] PackLoader:240 - Cannot read IP mode file for wolfSSL.I-CUBE-wolfMQTT.1.18.0
2026-06-17 01:22:26,244 [WARN] PackLoader:240 - Cannot read IP mode file for EmbeddedOffice.I-CUBE-FS-RTOS.1.0.1
2026-06-17 01:22:26,248 [ERROR] ConditionMgr:805 - Attr not supported : Dmpu
2026-06-17 01:22:26,250 [ERROR] ConditionMgr:805 - Attr not supported : Dmpu
2026-06-17 01:22:26,250 [ERROR] ConditionMgr:805 - Attr not supported : Dmpu
2026-06-17 01:22:26,250 [ERROR] ConditionMgr:805 - Attr not supported : Dmpu
2026-06-17 01:22:26,256 [ERROR] ConditionMgr:805 - Attr not supported : Dmpu
2026-06-17 01:22:26,256 [ERROR] ConditionMgr:805 - Attr not supported : Dmpu
2026-06-17 01:22:26,256 [ERROR] ConditionMgr:805 - Attr not supported : Dmpu
2026-06-17 01:22:26,257 [ERROR] ConditionMgr:805 - Attr not supported : Dmpu
2026-06-17 01:22:26,261 [ERROR] ConditionMgr:805 - Attr not supported : Dmpu
2026-06-17 01:22:26,261 [ERROR] ConditionMgr:805 - Attr not supported : Dmpu
2026-06-17 01:22:26,261 [ERROR] ConditionMgr:805 - Attr not supported : Dmpu
2026-06-17 01:22:26,261 [ERROR] ConditionMgr:805 - Attr not supported : Dmpu
2026-06-17 01:22:26,261 [ERROR] ConditionMgr:805 - Attr not supported : Dmpu
2026-06-17 01:22:26,262 [ERROR] ConditionMgr:805 - Attr not supported : Dmpu
2026-06-17 01:22:26,269 [ERROR] ConditionMgr:805 - Attr not supported : Dmpu
2026-06-17 01:22:26,269 [ERROR] ConditionMgr:805 - Attr not supported : Dmpu
2026-06-17 01:22:26,269 [ERROR] ConditionMgr:805 - Attr not supported : Dmpu
2026-06-17 01:22:26,269 [ERROR] ConditionMgr:805 - Attr not supported : Dmpu
2026-06-17 01:22:26,269 [ERROR] ConditionMgr:805 - Attr not supported : Dmpu
2026-06-17 01:22:26,270 [ERROR] ConditionMgr:805 - Attr not supported : Dmpu
2026-06-17 01:22:26,276 [ERROR] ConditionMgr:805 - Attr not supported : Dmpu
2026-06-17 01:22:26,277 [ERROR] ConditionMgr:805 - Attr not supported : Dmpu
2026-06-17 01:22:26,278 [ERROR] ConditionMgr:805 - Attr not supported : Dmpu
2026-06-17 01:22:26,282 [ERROR] ConditionMgr:805 - Attr not supported : Dmpu
2026-06-17 01:22:26,282 [ERROR] ConditionMgr:805 - Attr not supported : Dmpu
2026-06-17 01:22:26,282 [ERROR] ConditionMgr:805 - Attr not supported : Dmpu
2026-06-17 01:22:26,285 [ERROR] ConditionMgr:805 - Attr not supported : Dmpu
2026-06-17 01:22:26,285 [ERROR] ConditionMgr:805 - Attr not supported : Dmpu
2026-06-17 01:22:26,285 [ERROR] ConditionMgr:805 - Attr not supported : Dmpu
2026-06-17 01:22:26,285 [ERROR] ConditionMgr:805 - Attr not supported : Dmpu
2026-06-17 01:22:26,285 [ERROR] ConditionMgr:805 - Attr not supported : Dmpu
2026-06-17 01:22:26,286 [ERROR] ConditionMgr:805 - Attr not supported : Dmpu
2026-06-17 01:22:26,289 [ERROR] ConditionMgr:805 - Attr not supported : Dmpu
2026-06-17 01:22:26,289 [ERROR] ConditionMgr:805 - Attr not supported : Dmpu
2026-06-17 01:22:26,289 [ERROR] ConditionMgr:805 - Attr not supported : Dmpu
2026-06-17 01:22:26,289 [ERROR] ConditionMgr:805 - Attr not supported : Dmpu
2026-06-17 01:22:26,290 [ERROR] ConditionMgr:805 - Attr not supported : Dmpu
2026-06-17 01:22:26,292 [ERROR] ConditionMgr:805 - Attr not supported : Dmpu
2026-06-17 01:22:26,293 [ERROR] ConditionMgr:805 - Attr not supported : Dmpu
2026-06-17 01:22:26,293 [ERROR] ConditionMgr:805 - Attr not supported : Dmpu
2026-06-17 01:22:26,293 [ERROR] ConditionMgr:805 - Attr not supported : Dmpu
2026-06-17 01:22:26,293 [ERROR] ConditionMgr:805 - Attr not supported : Dmpu
2026-06-17 01:22:26,293 [ERROR] ConditionMgr:805 - Attr not supported : Dmpu
2026-06-17 01:22:26,293 [ERROR] ConditionMgr:805 - Attr not supported : Dmpu
2026-06-17 01:22:26,293 [ERROR] ConditionMgr:805 - Attr not supported : Dmpu
2026-06-17 01:22:26,294 [ERROR] ConditionMgr:805 - Attr not supported : Dmpu
2026-06-17 01:22:26,303 [ERROR] ConditionMgr:805 - Attr not supported : Dmpu
2026-06-17 01:22:26,303 [ERROR] ConditionMgr:805 - Attr not supported : Dmpu
2026-06-17 01:22:26,303 [ERROR] ConditionMgr:805 - Attr not supported : Dmpu
2026-06-17 01:22:26,303 [ERROR] ConditionMgr:805 - Attr not supported : Dmpu
2026-06-17 01:22:26,304 [ERROR] ConditionMgr:805 - Attr not supported : Dmpu
2026-06-17 01:22:26,304 [ERROR] ConditionMgr:805 - Attr not supported : Dmpu
2026-06-17 01:22:26,304 [ERROR] ConditionMgr:805 - Attr not supported : Dmpu
2026-06-17 01:22:26,304 [ERROR] ConditionMgr:805 - Attr not supported : Dmpu
2026-06-17 01:22:26,304 [ERROR] ConditionMgr:805 - Attr not supported : Dmpu
2026-06-17 01:22:26,304 [ERROR] ConditionMgr:805 - Attr not supported : Dmpu
2026-06-17 01:22:26,304 [ERROR] ConditionMgr:805 - Attr not supported : Dmpu
2026-06-17 01:22:26,304 [ERROR] ConditionMgr:805 - Attr not supported : Dmpu
2026-06-17 01:22:26,305 [ERROR] ConditionMgr:805 - Attr not supported : Dmpu
2026-06-17 01:22:26,318 [ERROR] ConditionMgr:805 - Attr not supported : Dmpu
2026-06-17 01:22:26,318 [ERROR] ConditionMgr:805 - Attr not supported : Dmpu
2026-06-17 01:22:26,318 [ERROR] ConditionMgr:805 - Attr not supported : Dmpu
2026-06-17 01:22:26,318 [ERROR] ConditionMgr:805 - Attr not supported : Dmpu
2026-06-17 01:22:26,319 [ERROR] ConditionMgr:805 - Attr not supported : Dmpu
2026-06-17 01:22:26,355 [WARN] PackLoader:240 - Cannot read IP mode file for STMicroelectronics.X-CUBE-WB05N.2.0.0
2026-06-17 01:22:26,385 [ERROR] Engine:466 - /home/peter/.stm32cubemx/thirdparties/pdsc/STMicroelectronics.X-CUBE-TCPP.4.2.0.pdsc: PDSC version is not supported
2026-06-17 01:22:26,408 [WARN] PackLoader:240 - Cannot read IP mode file for RealThread.X-CUBE-RT-Thread_Nano.4.1.1
2026-06-17 01:22:26,428 [WARN] PackLoader:240 - Cannot read IP mode file for wolfSSL.I-CUBE-wolfSSL.5.7.0
2026-06-17 01:22:26,448 [WARN] PackLoader:240 - Cannot read IP mode file for STMicroelectronics.FP-ATR-SIGFOX1.3.2.0
2026-06-17 01:22:26,484 [WARN] ConditionMgr:438 - getConditionDescription Invalid condition id : Cortex-A Device cause : null
2026-06-17 01:22:26,540 [WARN] ConditionMgr:1039 - genDependencies : Invalid condition id : Cortex-A Device cause : null
2026-06-17 01:22:26,541 [WARN] ConditionMgr:1039 - genDependencies : Invalid condition id : Cortex-A Device cause : null
2026-06-17 01:22:26,550 [WARN] ConditionMgr:1039 - genDependencies : Invalid condition id : Cortex-A Device cause : null
2026-06-17 01:22:26,591 [WARN] PackLoader:240 - Cannot read IP mode file for STMicroelectronics.X-CUBE-EEPRMA1.5.1.0
2026-06-17 01:22:26,623 [ERROR] Engine:466 - /home/peter/.stm32cubemx/thirdparties/pdsc/STMicroelectronics.X-CUBE-FREERTOS.1.5.0.pdsc: PDSC version is not supported
2026-06-17 01:22:26,710 [WARN] PackLoader:240 - Cannot read IP mode file for ITTIA_DB.I-CUBE-ITTIADB.8.9.0
2026-06-17 01:22:26,811 [WARN] PackLoader:240 - Cannot read IP mode file for STMicroelectronics.X-CUBE-NFC6.3.2.0
2026-06-17 01:22:26,865 [ERROR] Engine:466 - /home/peter/.stm32cubemx/thirdparties/pdsc/STMicroelectronics.X-CUBE-ST67W61.1.0.0.pdsc: PDSC version is not supported
2026-06-17 01:22:26,894 [WARN] PackLoader:240 - Cannot read IP mode file for STMicroelectronics.X-CUBE-AI.10.2.0
2026-06-17 01:22:27,275 [WARN] PackLoader:240 - Cannot read IP mode file for STMicroelectronics.X-CUBE-MEMS1.12.1.0
2026-06-17 01:22:28,414 [WARN] PackLoader:240 - Cannot read IP mode file for SEGGER.I-CUBE-embOS.1.3.1
2026-06-17 01:22:28,944 [WARN] PackLoader:240 - Cannot read IP mode file for STMicroelectronics.X-CUBE-ALGOBUILD.1.4.0
2026-06-17 01:22:29,412 [WARN] PackLoader:240 - Cannot read IP mode file for STMicroelectronics.X-CUBE-MEMS1.11.3.0
2026-06-17 01:22:30,133 [WARN] PackLoader:240 - Cannot read IP mode file for STMicroelectronics.X-CUBE-AI.9.1.0
2026-06-17 01:22:30,152 [WARN] PackLoader:240 - Cannot read IP mode file for STMicroelectronics.X-CUBE-NFC13.1.0.0
2026-06-17 01:22:30,175 [WARN] PackLoader:240 - Cannot read IP mode file for STMicroelectronics.X-CUBE-PM33A1.1.0.0
2026-06-17 01:22:30,198 [WARN] PackLoader:240 - Cannot read IP mode file for STMicroelectronics.X-CUBE-GNSS1.6.0.0
2026-06-17 01:22:30,276 [WARN] PackLoader:240 - Cannot read IP mode file for STMicroelectronics.X-CUBE-AZRTOS-F4.1.1.0
2026-06-17 01:22:30,295 [ERROR] Engine:466 - /home/peter/.stm32cubemx/thirdparties/pdsc/Avnet-IotConnect.X-CUBE-IoTC-DA16k-PMOD.1.0.0.pdsc: PDSC version is not supported
2026-06-17 01:22:30,308 [WARN] PackLoader:240 - Cannot read IP mode file for STMicroelectronics.X-CUBE-ISPU.2.1.0
2026-06-17 01:22:30,333 [ERROR] Engine:466 - /home/peter/.stm32cubemx/thirdparties/pdsc/STMicroelectronics.X-CUBE-IPS.3.2.0.pdsc: PDSC version is not supported
2026-06-17 01:22:30,342 [ERROR] Engine:466 - /home/peter/.stm32cubemx/thirdparties/pdsc/STMicroelectronics.eDS-WB_DPC_TT-BIDIR.2.1.1.pdsc: PDSC version is not supported
2026-06-17 01:22:30,363 [WARN] PackLoader:240 - Cannot read IP mode file for STMicroelectronics.X-CUBE-FREERTOS.1.2.0
2026-06-17 01:22:30,389 [WARN] PackLoader:240 - Cannot read IP mode file for STMicroelectronics.X-CUBE-NFC12.1.0.0
2026-06-17 01:22:30,481 [WARN] PackLoader:240 - Cannot read IP mode file for STMicroelectronics.X-CUBE-AZRTOS-L5.2.0.0
2026-06-17 01:22:30,521 [WARN] PackLoader:240 - Cannot read IP mode file for STMicroelectronics.X-CUBE-NFC6.3.1.0
2026-06-17 01:22:30,556 [WARN] PackLoader:240 - Cannot read IP mode file for STMicroelectronics.X-CUBE-ALGOBUILD.1.5.0
2026-06-17 01:22:30,579 [WARN] PackLoader:240 - Cannot read IP mode file for STMicroelectronics.X-CUBE-DPower.1.2.0
2026-06-17 01:22:30,590 [ERROR] Engine:466 - /home/peter/.stm32cubemx/thirdparties/pdsc/STMicroelectronics.eDS-WB_DPC_VIENNA.1.2.0.pdsc: PDSC version is not supported
2026-06-17 01:22:30,600 [ERROR] Engine:466 - /home/peter/.stm32cubemx/thirdparties/pdsc/STMicroelectronics.eDS-WB_DPC_3PH2L-BIDIR.1.1.1.pdsc: PDSC version is not supported
2026-06-17 01:22:30,613 [WARN] PackLoader:240 - Cannot read IP mode file for STMicroelectronics.X-CUBE-AI.9.0.0
2026-06-17 01:22:30,627 [ERROR] Engine:466 - /home/peter/.stm32cubemx/thirdparties/pdsc/STMicroelectronics.X-CUBE-ST67W61.1.3.0.pdsc: PDSC version is not supported
2026-06-17 01:22:30,646 [WARN] PackLoader:240 - Cannot read IP mode file for STMicroelectronics.X-CUBE-FREERTOS.1.3.1
2026-06-17 01:22:30,665 [WARN] PackLoader:240 - Cannot read IP mode file for STMicroelectronics.X-CUBE-FREERTOS.1.3.0
2026-06-17 01:22:30,683 [WARN] PackLoader:240 - Cannot read IP mode file for STMicroelectronics.X-CUBE-NFC7.1.0.1
2026-06-17 01:22:30,698 [WARN] PackLoader:240 - Cannot read IP mode file for wolfSSL.I-CUBE-wolfTPM.3.2.0
2026-06-17 01:22:30,705 [WARN] PackLoader:240 - Cannot read IP mode file for STMicroelectronics.X-CUBE-TOUCHGFX.4.26.0
2026-06-17 01:22:30,722 [WARN] PackLoader:240 - Cannot read IP mode file for STMicroelectronics.X-CUBE-TOUCHGFX.4.26.1
2026-06-17 01:22:30,736 [ERROR] Engine:466 - /home/peter/.stm32cubemx/thirdparties/pdsc/STMicroelectronics.FP-SNS-STAIOTCFT.1.0.0.pdsc: PDSC version is not supported
2026-06-17 01:22:30,751 [WARN] PackLoader:240 - Cannot read IP mode file for STMicroelectronics.X-CUBE-DPower.1.3.0
2026-06-17 01:22:30,767 [WARN] PackLoader:240 - Cannot read IP mode file for STMicroelectronics.X-CUBE-AI.8.1.0
2026-06-17 01:22:30,842 [WARN] ConditionMgr:438 - getConditionDescription Invalid condition id : LAN8742 Phy interface Condition cause : null
2026-06-17 01:22:30,845 [WARN] PackLoader:240 - Cannot read IP mode file for STMicroelectronics.X-CUBE-AZRTOS-L4.2.0.0
2026-06-17 01:22:30,854 [WARN] ConditionMgr:1039 - genDependencies : Invalid condition id : LAN8742 Phy interface Condition cause : null
2026-06-17 01:22:30,857 [WARN] ConditionMgr:1039 - genDependencies : Invalid condition id : LAN8742 Phy interface Condition cause : null
2026-06-17 01:22:30,858 [WARN] ConditionMgr:1039 - genDependencies : Invalid condition id : LAN8742 Phy interface Condition cause : null
2026-06-17 01:22:30,889 [WARN] PackLoader:240 - Cannot read IP mode file for STMicroelectronics.X-CUBE-SFXS2LP1.4.0.0
2026-06-17 01:22:30,906 [WARN] PackLoader:240 - Cannot read IP mode file for STMicroelectronics.X-CUBE-WB05N.2.1.0
2026-06-17 01:22:30,921 [ERROR] Engine:466 - /home/peter/.stm32cubemx/thirdparties/pdsc/STMicroelectronics.X-CUBE-ST67W61.1.2.0.pdsc: PDSC version is not supported
2026-06-17 01:22:31,015 [WARN] PackLoader:240 - Cannot read IP mode file for STMicroelectronics.X-CUBE-AZRTOS-H7.3.3.0
2026-06-17 01:22:31,044 [ERROR] Engine:466 - /home/peter/.stm32cubemx/thirdparties/pdsc/STMicroelectronics.X-CUBE-BLEMGR.4.1.0.pdsc: PDSC version is not supported
2026-06-17 01:22:31,081 [WARN] PackLoader:240 - Cannot read IP mode file for STMicroelectronics.X-CUBE-IPS.3.0.0
2026-06-17 01:22:31,144 [WARN] ConditionMgr:438 - getConditionDescription Invalid condition id : UX DEVICE CLASS RTOS Condition cause : null
2026-06-17 01:22:31,150 [WARN] ConditionMgr:438 - getConditionDescription Invalid condition id : UX DEVICE CLASS RTOS Condition cause : null
2026-06-17 01:22:31,159 [WARN] PackLoader:240 - Cannot read IP mode file for STMicroelectronics.X-CUBE-AZRTOS-WB.2.0.0
2026-06-17 01:22:31,160 [WARN] ConditionMgr:1039 - genDependencies : Invalid condition id : UX DEVICE CLASS RTOS Condition cause : null
2026-06-17 01:22:31,160 [WARN] ConditionMgr:1039 - genDependencies : Invalid condition id : UX DEVICE CLASS RTOS Condition cause : null
2026-06-17 01:22:31,163 [WARN] ConditionMgr:1039 - genDependencies : Invalid condition id : UX DEVICE CLASS RTOS Condition cause : null
2026-06-17 01:22:31,163 [WARN] ConditionMgr:1039 - genDependencies : Invalid condition id : UX DEVICE CLASS RTOS Condition cause : null
2026-06-17 01:22:31,163 [WARN] ConditionMgr:1039 - genDependencies : Invalid condition id : UX DEVICE CLASS RTOS Condition cause : null
2026-06-17 01:22:31,190 [WARN] PackLoader:240 - Cannot read IP mode file for STMicroelectronics.X-CUBE-GNSS1.7.0.0
2026-06-17 01:22:31,202 [WARN] PackLoader:240 - Cannot read IP mode file for STMicroelectronics.X-CUBE-GNSS1.7.0.1
2026-06-17 01:22:31,214 [WARN] PackLoader:240 - Cannot read IP mode file for STMicroelectronics.X-CUBE-TOUCHGFX.4.25.0
2026-06-17 01:22:31,231 [WARN] PackLoader:240 - Cannot read IP mode file for STMicroelectronics.FP-SNS-STBOX1.2.0.0
2026-06-17 01:22:31,266 [WARN] PackLoader:240 - Cannot read IP mode file for STMicroelectronics.X-CUBE-STSE01.2.0.0
2026-06-17 01:22:31,315 [WARN] PackLoader:240 - Cannot read IP mode file for STMicroelectronics.X-CUBE-SUBG2.5.0.0
2026-06-17 01:22:31,405 [WARN] PackLoader:240 - Cannot read IP mode file for STMicroelectronics.X-CUBE-AZRTOS-H7RS.1.1.0
2026-06-17 01:22:31,424 [WARN] PackLoader:240 - Cannot read IP mode file for Cesanta.I-CUBE-Mongoose.7.13.0
2026-06-17 01:22:31,486 [WARN] PackLoader:240 - Cannot read IP mode file for STMicroelectronics.X-CUBE-AZRTOS-G4.2.0.0
2026-06-17 01:22:31,504 [WARN] PackLoader:240 - Cannot read IP mode file for STMicroelectronics.X-CUBE-NFC7.2.0.0
2026-06-17 01:22:31,510 [WARN] PackLoader:240 - Cannot read IP mode file for STMicroelectronics.FP-SNS-MOTENVWB1.1.3.1
2026-06-17 01:22:31,527 [WARN] PackLoader:240 - Cannot read IP mode file for STMicroelectronics.X-CUBE-ISPU.2.0.0
2026-06-17 01:22:31,548 [ERROR] Engine:466 - /home/peter/.stm32cubemx/thirdparties/pdsc/STMicroelectronics.X-CUBE-IPS.3.1.0.pdsc: PDSC version is not supported
2026-06-17 01:22:31,561 [WARN] PackLoader:240 - Cannot read IP mode file for STMicroelectronics.X-CUBE-ALS.1.0.2
2026-06-17 01:22:31,737 [WARN] PackLoader:240 - Cannot read IP mode file for STMicroelectronics.X-CUBE-MEMS1.10.0.0
2026-06-17 01:22:32,445 [WARN] PackLoader:240 - Cannot read IP mode file for STMicroelectronics.X-CUBE-FREERTOS.1.1.0
2026-06-17 01:22:32,453 [WARN] PackLoader:240 - Cannot read IP mode file for STMicroelectronics.X-CUBE-TOUCHGFX.4.24.0
2026-06-17 01:22:32,461 [WARN] PackLoader:240 - Cannot read IP mode file for STMicroelectronics.X-CUBE-TOUCHGFX.4.24.2
2026-06-17 01:22:32,466 [WARN] PackLoader:240 - Cannot read IP mode file for STMicroelectronics.X-CUBE-TOUCHGFX.4.24.1
2026-06-17 01:22:32,485 [WARN] PackLoader:240 - Cannot read IP mode file for STMicroelectronics.X-CUBE-STSE01.1.0.0
2026-06-17 01:22:32,506 [WARN] PackLoader:240 - Cannot read IP mode file for portGmbH.I-Cube-SoM-uGOAL.1.1.0
2026-06-17 01:22:32,518 [WARN] PackLoader:240 - Cannot read IP mode file for STMicroelectronics.X-CUBE-ALS.1.0.1
2026-06-17 01:22:32,599 [WARN] PackLoader:240 - Cannot read IP mode file for STMicroelectronics.X-CUBE-AZRTOS-H7RS.1.0.0
2026-06-17 01:22:32,615 [WARN] PackLoader:240 - Cannot read IP mode file for STMicroelectronics.FP-ATR-ASTRA1.2.0.0
2026-06-17 01:22:32,653 [WARN] PackLoader:240 - Cannot read IP mode file for STMicroelectronics.X-CUBE-TOF1.3.4.2
2026-06-17 01:22:32,711 [ERROR] Engine:466 - /home/peter/.stm32cubemx/thirdparties/pdsc/STMicroelectronics.X-CUBE-TOF1.3.4.3.pdsc: PDSC version is not supported
2026-06-17 01:22:32,751 [WARN] PackLoader:240 - Cannot read IP mode file for STMicroelectronics.X-CUBE-TOF1.3.4.1
2026-06-17 01:22:32,866 [WARN] PackLoader:240 - Cannot read IP mode file for STMicroelectronics.X-CUBE-AZRTOS-H7.3.2.0
2026-06-17 01:22:32,926 [WARN] PackLoader:240 - Cannot read IP mode file for Infineon.AIROC-Wi-Fi-Bluetooth-STM32.1.6.0
2026-06-17 01:22:32,942 [WARN] PackLoader:240 - Cannot read IP mode file for wolfSSL.I-CUBE-wolfSSH.1.4.17
2026-06-17 01:22:32,947 [INFO] ThirdParty:978 - Integrity check success = true
2026-06-17 01:22:32,948 [INFO] IntegrityCheckThread:100 - exiting critical section [integrity check]
2026-06-17 01:22:32,948 [INFO] IntegrityCheckThread:103 - End integrity checks thread
2026-06-17 01:22:44,983 [ERROR] LogOutputStream:75 - [STDERR_REDIRECT] Jun 17, 2026 1:22:44 AM java.util.prefs.FileSystemPreferences checkLockFile0ErrorCode
2026-06-17 01:22:44,984 [ERROR] LogOutputStream:75 - [STDERR_REDIRECT] WARNING: Could not lock System prefs. Unix error code 29033.
2026-06-17 01:22:44,984 [ERROR] LogOutputStream:75 - [STDERR_REDIRECT] 
2026-06-17 01:22:44,992 [ERROR] LogOutputStream:75 - [STDERR_REDIRECT] Jun 17, 2026 1:22:44 AM java.util.prefs.FileSystemPreferences syncWorld
2026-06-17 01:22:44,993 [ERROR] LogOutputStream:75 - [STDERR_REDIRECT] WARNING: Couldn't flush system prefs: java.util.prefs.BackingStoreException: Couldn't get file lock.
2026-06-17 01:22:44,993 [ERROR] LogOutputStream:75 - [STDERR_REDIRECT] 
2026-06-17 01:23:14,959 [ERROR] LogOutputStream:75 - [STDERR_REDIRECT] Jun 17, 2026 1:23:14 AM java.util.prefs.FileSystemPreferences checkLockFile0ErrorCode
2026-06-17 01:23:14,959 [ERROR] LogOutputStream:75 - [STDERR_REDIRECT] WARNING: Could not lock System prefs. Unix error code 29033.
2026-06-17 01:23:14,960 [ERROR] LogOutputStream:75 - [STDERR_REDIRECT] 
2026-06-17 01:23:14,960 [ERROR] LogOutputStream:75 - [STDERR_REDIRECT] Jun 17, 2026 1:23:14 AM java.util.prefs.FileSystemPreferences syncWorld
2026-06-17 01:23:14,960 [ERROR] LogOutputStream:75 - [STDERR_REDIRECT] WARNING: Couldn't flush system prefs: java.util.prefs.BackingStoreException: Couldn't get file lock.
2026-06-17 01:23:14,961 [ERROR] LogOutputStream:75 - [STDERR_REDIRECT] 
2026-06-17 01:23:44,958 [ERROR] LogOutputStream:75 - [STDERR_REDIRECT] Jun 17, 2026 1:23:44 AM java.util.prefs.FileSystemPreferences checkLockFile0ErrorCode
2026-06-17 01:23:44,959 [ERROR] LogOutputStream:75 - [STDERR_REDIRECT] WARNING: Could not lock System prefs. Unix error code 29033.
2026-06-17 01:23:44,959 [ERROR] LogOutputStream:75 - [STDERR_REDIRECT] 
2026-06-17 01:23:44,961 [ERROR] LogOutputStream:75 - [STDERR_REDIRECT] Jun 17, 2026 1:23:44 AM java.util.prefs.FileSystemPreferences syncWorld
2026-06-17 01:23:44,961 [ERROR] LogOutputStream:75 - [STDERR_REDIRECT] WARNING: Couldn't flush system prefs: java.util.prefs.BackingStoreException: Couldn't get file lock.
2026-06-17 01:23:44,961 [ERROR] LogOutputStream:75 - [STDERR_REDIRECT] 
2026-06-17 01:24:14,959 [ERROR] LogOutputStream:75 - [STDERR_REDIRECT] Jun 17, 2026 1:24:14 AM java.util.prefs.FileSystemPreferences checkLockFile0ErrorCode
2026-06-17 01:24:14,960 [ERROR] LogOutputStream:75 - [STDERR_REDIRECT] WARNING: Could not lock System prefs. Unix error code 29033.
2026-06-17 01:24:14,960 [ERROR] LogOutputStream:75 - [STDERR_REDIRECT] 
2026-06-17 01:24:14,961 [ERROR] LogOutputStream:75 - [STDERR_REDIRECT] Jun 17, 2026 1:24:14 AM java.util.prefs.FileSystemPreferences syncWorld
2026-06-17 01:24:14,961 [ERROR] LogOutputStream:75 - [STDERR_REDIRECT] WARNING: Couldn't flush system prefs: java.util.prefs.BackingStoreException: Couldn't get file lock.
2026-06-17 01:24:14,961 [ERROR] LogOutputStream:75 - [STDERR_REDIRECT] 
2026-06-17 01:24:44,958 [ERROR] LogOutputStream:75 - [STDERR_REDIRECT] Jun 17, 2026 1:24:44 AM java.util.prefs.FileSystemPreferences checkLockFile0ErrorCode
2026-06-17 01:24:44,959 [ERROR] LogOutputStream:75 - [STDERR_REDIRECT] WARNING: Could not lock System prefs. Unix error code 29033.
2026-06-17 01:24:44,959 [ERROR] LogOutputStream:75 - [STDERR_REDIRECT] 
2026-06-17 01:24:44,960 [ERROR] LogOutputStream:75 - [STDERR_REDIRECT] Jun 17, 2026 1:24:44 AM java.util.prefs.FileSystemPreferences syncWorld
2026-06-17 01:24:44,960 [ERROR] LogOutputStream:75 - [STDERR_REDIRECT] WARNING: Couldn't flush system prefs: java.util.prefs.BackingStoreException: Couldn't get file lock.
2026-06-17 01:24:44,960 [ERROR] LogOutputStream:75 - [STDERR_REDIRECT] 
2026-06-17 01:25:14,959 [ERROR] LogOutputStream:75 - [STDERR_REDIRECT] Jun 17, 2026 1:25:14 AM java.util.prefs.FileSystemPreferences checkLockFile0ErrorCode
2026-06-17 01:25:14,960 [ERROR] LogOutputStream:75 - [STDERR_REDIRECT] WARNING: Could not lock System prefs. Unix error code 29033.
2026-06-17 01:25:14,960 [ERROR] LogOutputStream:75 - [STDERR_REDIRECT] 
2026-06-17 01:25:14,960 [ERROR] LogOutputStream:75 - [STDERR_REDIRECT] Jun 17, 2026 1:25:14 AM java.util.prefs.FileSystemPreferences syncWorld
2026-06-17 01:25:14,962 [ERROR] LogOutputStream:75 - [STDERR_REDIRECT] WARNING: Couldn't flush system prefs: java.util.prefs.BackingStoreException: Couldn't get file lock.
2026-06-17 01:25:14,962 [ERROR] LogOutputStream:75 - [STDERR_REDIRECT] 
2026-06-17 01:25:44,959 [ERROR] LogOutputStream:75 - [STDERR_REDIRECT] Jun 17, 2026 1:25:44 AM java.util.prefs.FileSystemPreferences checkLockFile0ErrorCode
2026-06-17 01:25:44,959 [ERROR] LogOutputStream:75 - [STDERR_REDIRECT] WARNING: Could not lock System prefs. Unix error code 29033.
2026-06-17 01:25:44,959 [ERROR] LogOutputStream:75 - [STDERR_REDIRECT] 
2026-06-17 01:25:44,960 [ERROR] LogOutputStream:75 - [STDERR_REDIRECT] Jun 17, 2026 1:25:44 AM java.util.prefs.FileSystemPreferences syncWorld
2026-06-17 01:25:44,961 [ERROR] LogOutputStream:75 - [STDERR_REDIRECT] WARNING: Couldn't flush system prefs: java.util.prefs.BackingStoreException: Couldn't get file lock.
2026-06-17 01:25:44,961 [ERROR] LogOutputStream:75 - [STDERR_REDIRECT] 
2026-06-17 01:26:14,961 [ERROR] LogOutputStream:75 - [STDERR_REDIRECT] Jun 17, 2026 1:26:14 AM java.util.prefs.FileSystemPreferences checkLockFile0ErrorCode
2026-06-17 01:26:14,961 [ERROR] LogOutputStream:75 - [STDERR_REDIRECT] WARNING: Could not lock System prefs. Unix error code 29033.
2026-06-17 01:26:14,961 [ERROR] LogOutputStream:75 - [STDERR_REDIRECT] 
2026-06-17 01:26:14,963 [ERROR] LogOutputStream:75 - [STDERR_REDIRECT] Jun 17, 2026 1:26:14 AM java.util.prefs.FileSystemPreferences syncWorld
2026-06-17 01:26:14,964 [ERROR] LogOutputStream:75 - [STDERR_REDIRECT] WARNING: Couldn't flush system prefs: java.util.prefs.BackingStoreException: Couldn't get file lock.
2026-06-17 01:26:14,964 [ERROR] LogOutputStream:75 - [STDERR_REDIRECT] 
2026-06-17 01:26:44,963 [ERROR] LogOutputStream:75 - [STDERR_REDIRECT] Jun 17, 2026 1:26:44 AM java.util.prefs.FileSystemPreferences checkLockFile0ErrorCode
2026-06-17 01:26:44,963 [ERROR] LogOutputStream:75 - [STDERR_REDIRECT] WARNING: Could not lock System prefs. Unix error code 29033.
2026-06-17 01:26:44,964 [ERROR] LogOutputStream:75 - [STDERR_REDIRECT] 
2026-06-17 01:26:44,964 [ERROR] LogOutputStream:75 - [STDERR_REDIRECT] Jun 17, 2026 1:26:44 AM java.util.prefs.FileSystemPreferences syncWorld
2026-06-17 01:26:44,965 [ERROR] LogOutputStream:75 - [STDERR_REDIRECT] WARNING: Couldn't flush system prefs: java.util.prefs.BackingStoreException: Couldn't get file lock.
2026-06-17 01:26:44,965 [ERROR] LogOutputStream:75 - [STDERR_REDIRECT] 
2026-06-17 01:27:14,960 [ERROR] LogOutputStream:75 - [STDERR_REDIRECT] Jun 17, 2026 1:27:14 AM java.util.prefs.FileSystemPreferences checkLockFile0ErrorCode
2026-06-17 01:27:14,960 [ERROR] LogOutputStream:75 - [STDERR_REDIRECT] WARNING: Could not lock System prefs. Unix error code 29033.
2026-06-17 01:27:14,960 [ERROR] LogOutputStream:75 - [STDERR_REDIRECT] 
2026-06-17 01:27:14,962 [ERROR] LogOutputStream:75 - [STDERR_REDIRECT] Jun 17, 2026 1:27:14 AM java.util.prefs.FileSystemPreferences syncWorld
2026-06-17 01:27:14,963 [ERROR] LogOutputStream:75 - [STDERR_REDIRECT] WARNING: Couldn't flush system prefs: java.util.prefs.BackingStoreException: Couldn't get file lock.
2026-06-17 01:27:14,964 [ERROR] LogOutputStream:75 - [STDERR_REDIRECT] 
2026-06-17 01:27:44,959 [ERROR] LogOutputStream:75 - [STDERR_REDIRECT] Jun 17, 2026 1:27:44 AM java.util.prefs.FileSystemPreferences checkLockFile0ErrorCode
2026-06-17 01:27:44,960 [ERROR] LogOutputStream:75 - [STDERR_REDIRECT] WARNING: Could not lock System prefs. Unix error code 0.
2026-06-17 01:27:44,960 [ERROR] LogOutputStream:75 - [STDERR_REDIRECT] 
2026-06-17 01:27:44,960 [ERROR] LogOutputStream:75 - [STDERR_REDIRECT] Jun 17, 2026 1:27:44 AM java.util.prefs.FileSystemPreferences syncWorld
2026-06-17 01:27:44,961 [ERROR] LogOutputStream:75 - [STDERR_REDIRECT] WARNING: Couldn't flush system prefs: java.util.prefs.BackingStoreException: Couldn't get file lock.
2026-06-17 01:27:44,961 [ERROR] LogOutputStream:75 - [STDERR_REDIRECT] 
2026-06-17 01:28:14,960 [ERROR] LogOutputStream:75 - [STDERR_REDIRECT] Jun 17, 2026 1:28:14 AM java.util.prefs.FileSystemPreferences checkLockFile0ErrorCode
2026-06-17 01:28:14,961 [ERROR] LogOutputStream:75 - [STDERR_REDIRECT] WARNING: Could not lock System prefs. Unix error code 0.
2026-06-17 01:28:14,961 [ERROR] LogOutputStream:75 - [STDERR_REDIRECT] 
2026-06-17 01:28:14,961 [ERROR] LogOutputStream:75 - [STDERR_REDIRECT] Jun 17, 2026 1:28:14 AM java.util.prefs.FileSystemPreferences syncWorld
2026-06-17 01:28:14,962 [ERROR] LogOutputStream:75 - [STDERR_REDIRECT] WARNING: Couldn't flush system prefs: java.util.prefs.BackingStoreException: Couldn't get file lock.
2026-06-17 01:28:14,962 [ERROR] LogOutputStream:75 - [STDERR_REDIRECT] 
2026-06-17 01:28:44,960 [ERROR] LogOutputStream:75 - [STDERR_REDIRECT] Jun 17, 2026 1:28:44 AM java.util.prefs.FileSystemPreferences checkLockFile0ErrorCode
2026-06-17 01:28:44,960 [ERROR] LogOutputStream:75 - [STDERR_REDIRECT] WARNING: Could not lock System prefs. Unix error code 0.
2026-06-17 01:28:44,960 [ERROR] LogOutputStream:75 - [STDERR_REDIRECT] 
2026-06-17 01:28:44,961 [ERROR] LogOutputStream:75 - [STDERR_REDIRECT] Jun 17, 2026 1:28:44 AM java.util.prefs.FileSystemPreferences syncWorld
2026-06-17 01:28:44,962 [ERROR] LogOutputStream:75 - [STDERR_REDIRECT] WARNING: Couldn't flush system prefs: java.util.prefs.BackingStoreException: Couldn't get file lock.
2026-06-17 01:28:44,962 [ERROR] LogOutputStream:75 - [STDERR_REDIRECT] 
2026-06-17 01:29:14,961 [ERROR] LogOutputStream:75 - [STDERR_REDIRECT] Jun 17, 2026 1:29:14 AM java.util.prefs.FileSystemPreferences checkLockFile0ErrorCode
2026-06-17 01:29:14,961 [ERROR] LogOutputStream:75 - [STDERR_REDIRECT] WARNING: Could not lock System prefs. Unix error code 0.
2026-06-17 01:29:14,962 [ERROR] LogOutputStream:75 - [STDERR_REDIRECT] 
2026-06-17 01:29:14,962 [ERROR] LogOutputStream:75 - [STDERR_REDIRECT] Jun 17, 2026 1:29:14 AM java.util.prefs.FileSystemPreferences syncWorld
2026-06-17 01:29:14,963 [ERROR] LogOutputStream:75 - [STDERR_REDIRECT] WARNING: Couldn't flush system prefs: java.util.prefs.BackingStoreException: Couldn't get file lock.
2026-06-17 01:29:14,965 [ERROR] LogOutputStream:75 - [STDERR_REDIRECT] 
2026-06-17 01:29:44,960 [ERROR] LogOutputStream:75 - [STDERR_REDIRECT] Jun 17, 2026 1:29:44 AM java.util.prefs.FileSystemPreferences checkLockFile0ErrorCode
2026-06-17 01:29:44,960 [ERROR] LogOutputStream:75 - [STDERR_REDIRECT] WARNING: Could not lock System prefs. Unix error code 0.
2026-06-17 01:29:44,962 [ERROR] LogOutputStream:75 - [STDERR_REDIRECT] 
2026-06-17 01:29:44,963 [ERROR] LogOutputStream:75 - [STDERR_REDIRECT] Jun 17, 2026 1:29:44 AM java.util.prefs.FileSystemPreferences syncWorld
2026-06-17 01:29:44,963 [ERROR] LogOutputStream:75 - [STDERR_REDIRECT] WARNING: Couldn't flush system prefs: java.util.prefs.BackingStoreException: Couldn't get file lock.
2026-06-17 01:29:44,963 [ERROR] LogOutputStream:75 - [STDERR_REDIRECT] 
2026-06-17 01:30:14,962 [ERROR] LogOutputStream:75 - [STDERR_REDIRECT] Jun 17, 2026 1:30:14 AM java.util.prefs.FileSystemPreferences checkLockFile0ErrorCode
2026-06-17 01:30:14,962 [ERROR] LogOutputStream:75 - [STDERR_REDIRECT] WARNING: Could not lock System prefs. Unix error code 0.
2026-06-17 01:30:14,962 [ERROR] LogOutputStream:75 - [STDERR_REDIRECT] 
2026-06-17 01:30:14,964 [ERROR] LogOutputStream:75 - [STDERR_REDIRECT] Jun 17, 2026 1:30:14 AM java.util.prefs.FileSystemPreferences syncWorld
2026-06-17 01:30:14,965 [ERROR] LogOutputStream:75 - [STDERR_REDIRECT] WARNING: Couldn't flush system prefs: java.util.prefs.BackingStoreException: Couldn't get file lock.
2026-06-17 01:30:14,965 [ERROR] LogOutputStream:75 - [STDERR_REDIRECT] 
2026-06-17 01:30:44,961 [ERROR] LogOutputStream:75 - [STDERR_REDIRECT] Jun 17, 2026 1:30:44 AM java.util.prefs.FileSystemPreferences checkLockFile0ErrorCode
2026-06-17 01:30:44,962 [ERROR] LogOutputStream:75 - [STDERR_REDIRECT] WARNING: Could not lock System prefs. Unix error code 0.
2026-06-17 01:30:44,963 [ERROR] LogOutputStream:75 - [STDERR_REDIRECT] 
2026-06-17 01:30:44,963 [ERROR] LogOutputStream:75 - [STDERR_REDIRECT] Jun 17, 2026 1:30:44 AM java.util.prefs.FileSystemPreferences syncWorld
2026-06-17 01:30:44,963 [ERROR] LogOutputStream:75 - [STDERR_REDIRECT] WARNING: Couldn't flush system prefs: java.util.prefs.BackingStoreException: Couldn't get file lock.
2026-06-17 01:30:44,964 [ERROR] LogOutputStream:75 - [STDERR_REDIRECT] 
2026-06-17 01:31:14,961 [ERROR] LogOutputStream:75 - [STDERR_REDIRECT] Jun 17, 2026 1:31:14 AM java.util.prefs.FileSystemPreferences checkLockFile0ErrorCode
2026-06-17 01:31:14,961 [ERROR] LogOutputStream:75 - [STDERR_REDIRECT] WARNING: Could not lock System prefs. Unix error code 0.
2026-06-17 01:31:14,962 [ERROR] LogOutputStream:75 - [STDERR_REDIRECT] 
2026-06-17 01:31:14,963 [ERROR] LogOutputStream:75 - [STDERR_REDIRECT] Jun 17, 2026 1:31:14 AM java.util.prefs.FileSystemPreferences syncWorld
2026-06-17 01:31:14,964 [ERROR] LogOutputStream:75 - [STDERR_REDIRECT] WARNING: Couldn't flush system prefs: java.util.prefs.BackingStoreException: Couldn't get file lock.
2026-06-17 01:31:14,964 [ERROR] LogOutputStream:75 - [STDERR_REDIRECT] 
2026-06-17 01:31:44,961 [ERROR] LogOutputStream:75 - [STDERR_REDIRECT] Jun 17, 2026 1:31:44 AM java.util.prefs.FileSystemPreferences checkLockFile0ErrorCode
2026-06-17 01:31:44,962 [ERROR] LogOutputStream:75 - [STDERR_REDIRECT] WARNING: Could not lock System prefs. Unix error code 0.
2026-06-17 01:31:44,962 [ERROR] LogOutputStream:75 - [STDERR_REDIRECT] 
2026-06-17 01:31:44,962 [ERROR] LogOutputStream:75 - [STDERR_REDIRECT] Jun 17, 2026 1:31:44 AM java.util.prefs.FileSystemPreferences syncWorld
2026-06-17 01:31:44,963 [ERROR] LogOutputStream:75 - [STDERR_REDIRECT] WARNING: Couldn't flush system prefs: java.util.prefs.BackingStoreException: Couldn't get file lock.
2026-06-17 01:31:44,963 [ERROR] LogOutputStream:75 - [STDERR_REDIRECT] 
2026-06-17 01:32:14,961 [ERROR] LogOutputStream:75 - [STDERR_REDIRECT] Jun 17, 2026 1:32:14 AM java.util.prefs.FileSystemPreferences checkLockFile0ErrorCode
2026-06-17 01:32:14,962 [ERROR] LogOutputStream:75 - [STDERR_REDIRECT] WARNING: Could not lock System prefs. Unix error code 0.
2026-06-17 01:32:14,962 [ERROR] LogOutputStream:75 - [STDERR_REDIRECT] 
2026-06-17 01:32:14,962 [ERROR] LogOutputStream:75 - [STDERR_REDIRECT] Jun 17, 2026 1:32:14 AM java.util.prefs.FileSystemPreferences syncWorld
2026-06-17 01:32:14,966 [ERROR] LogOutputStream:75 - [STDERR_REDIRECT] WARNING: Couldn't flush system prefs: java.util.prefs.BackingStoreException: Couldn't get file lock.
2026-06-17 01:32:14,967 [ERROR] LogOutputStream:75 - [STDERR_REDIRECT] 
2026-06-17 01:32:44,963 [ERROR] LogOutputStream:75 - [STDERR_REDIRECT] Jun 17, 2026 1:32:44 AM java.util.prefs.FileSystemPreferences checkLockFile0ErrorCode
2026-06-17 01:32:44,963 [ERROR] LogOutputStream:75 - [STDERR_REDIRECT] WARNING: Could not lock System prefs. Unix error code 0.
2026-06-17 01:32:44,965 [ERROR] LogOutputStream:75 - [STDERR_REDIRECT] 
2026-06-17 01:32:44,965 [ERROR] LogOutputStream:75 - [STDERR_REDIRECT] Jun 17, 2026 1:32:44 AM java.util.prefs.FileSystemPreferences syncWorld
2026-06-17 01:32:44,966 [ERROR] LogOutputStream:75 - [STDERR_REDIRECT] WARNING: Couldn't flush system prefs: java.util.prefs.BackingStoreException: Couldn't get file lock.
2026-06-17 01:32:44,966 [ERROR] LogOutputStream:75 - [STDERR_REDIRECT] 
2026-06-17 01:33:14,961 [ERROR] LogOutputStream:75 - [STDERR_REDIRECT] Jun 17, 2026 1:33:14 AM java.util.prefs.FileSystemPreferences checkLockFile0ErrorCode
2026-06-17 01:33:14,962 [ERROR] LogOutputStream:75 - [STDERR_REDIRECT] WARNING: Could not lock System prefs. Unix error code 0.
2026-06-17 01:33:14,962 [ERROR] LogOutputStream:75 - [STDERR_REDIRECT] 
2026-06-17 01:33:14,963 [ERROR] LogOutputStream:75 - [STDERR_REDIRECT] Jun 17, 2026 1:33:14 AM java.util.prefs.FileSystemPreferences syncWorld
2026-06-17 01:33:14,963 [ERROR] LogOutputStream:75 - [STDERR_REDIRECT] WARNING: Couldn't flush system prefs: java.util.prefs.BackingStoreException: Couldn't get file lock.
2026-06-17 01:33:14,963 [ERROR] LogOutputStream:75 - [STDERR_REDIRECT] 
2026-06-17 01:33:44,961 [ERROR] LogOutputStream:75 - [STDERR_REDIRECT] Jun 17, 2026 1:33:44 AM java.util.prefs.FileSystemPreferences checkLockFile0ErrorCode
2026-06-17 01:33:44,961 [ERROR] LogOutputStream:75 - [STDERR_REDIRECT] WARNING: Could not lock System prefs. Unix error code 0.
2026-06-17 01:33:44,962 [ERROR] LogOutputStream:75 - [STDERR_REDIRECT] 
2026-06-17 01:33:44,962 [ERROR] LogOutputStream:75 - [STDERR_REDIRECT] Jun 17, 2026 1:33:44 AM java.util.prefs.FileSystemPreferences syncWorld
2026-06-17 01:33:44,962 [ERROR] LogOutputStream:75 - [STDERR_REDIRECT] WARNING: Couldn't flush system prefs: java.util.prefs.BackingStoreException: Couldn't get file lock.
2026-06-17 01:33:44,963 [ERROR] LogOutputStream:75 - [STDERR_REDIRECT] 
2026-06-17 01:34:14,962 [ERROR] LogOutputStream:75 - [STDERR_REDIRECT] Jun 17, 2026 1:34:14 AM java.util.prefs.FileSystemPreferences checkLockFile0ErrorCode
2026-06-17 01:34:14,962 [ERROR] LogOutputStream:75 - [STDERR_REDIRECT] WARNING: Could not lock System prefs. Unix error code 0.
2026-06-17 01:34:14,962 [ERROR] LogOutputStream:75 - [STDERR_REDIRECT] 
2026-06-17 01:34:14,964 [ERROR] LogOutputStream:75 - [STDERR_REDIRECT] Jun 17, 2026 1:34:14 AM java.util.prefs.FileSystemPreferences syncWorld
2026-06-17 01:34:14,964 [ERROR] LogOutputStream:75 - [STDERR_REDIRECT] WARNING: Couldn't flush system prefs: java.util.prefs.BackingStoreException: Couldn't get file lock.
2026-06-17 01:34:14,965 [ERROR] LogOutputStream:75 - [STDERR_REDIRECT] 
2026-06-17 01:34:44,962 [ERROR] LogOutputStream:75 - [STDERR_REDIRECT] Jun 17, 2026 1:34:44 AM java.util.prefs.FileSystemPreferences checkLockFile0ErrorCode
2026-06-17 01:34:44,962 [ERROR] LogOutputStream:75 - [STDERR_REDIRECT] WARNING: Could not lock System prefs. Unix error code 0.
2026-06-17 01:34:44,963 [ERROR] LogOutputStream:75 - [STDERR_REDIRECT] 
2026-06-17 01:34:44,964 [ERROR] LogOutputStream:75 - [STDERR_REDIRECT] Jun 17, 2026 1:34:44 AM java.util.prefs.FileSystemPreferences syncWorld
2026-06-17 01:34:44,964 [ERROR] LogOutputStream:75 - [STDERR_REDIRECT] WARNING: Couldn't flush system prefs: java.util.prefs.BackingStoreException: Couldn't get file lock.
2026-06-17 01:34:44,964 [ERROR] LogOutputStream:75 - [STDERR_REDIRECT] 
2026-06-17 01:35:14,963 [ERROR] LogOutputStream:75 - [STDERR_REDIRECT] Jun 17, 2026 1:35:14 AM java.util.prefs.FileSystemPreferences checkLockFile0ErrorCode
2026-06-17 01:35:14,963 [ERROR] LogOutputStream:75 - [STDERR_REDIRECT] WARNING: Could not lock System prefs. Unix error code 0.
2026-06-17 01:35:14,966 [ERROR] LogOutputStream:75 - [STDERR_REDIRECT] 
2026-06-17 01:35:14,967 [ERROR] LogOutputStream:75 - [STDERR_REDIRECT] Jun 17, 2026 1:35:14 AM java.util.prefs.FileSystemPreferences syncWorld
2026-06-17 01:35:14,971 [ERROR] LogOutputStream:75 - [STDERR_REDIRECT] WARNING: Couldn't flush system prefs: java.util.prefs.BackingStoreException: Couldn't get file lock.
2026-06-17 01:35:14,971 [ERROR] LogOutputStream:75 - [STDERR_REDIRECT] 
2026-06-17 01:35:44,963 [ERROR] LogOutputStream:75 - [STDERR_REDIRECT] Jun 17, 2026 1:35:44 AM java.util.prefs.FileSystemPreferences checkLockFile0ErrorCode
2026-06-17 01:35:44,964 [ERROR] LogOutputStream:75 - [STDERR_REDIRECT] WARNING: Could not lock System prefs. Unix error code 0.
2026-06-17 01:35:44,964 [ERROR] LogOutputStream:75 - [STDERR_REDIRECT] 
2026-06-17 01:35:44,964 [ERROR] LogOutputStream:75 - [STDERR_REDIRECT] Jun 17, 2026 1:35:44 AM java.util.prefs.FileSystemPreferences syncWorld
2026-06-17 01:35:44,965 [ERROR] LogOutputStream:75 - [STDERR_REDIRECT] WARNING: Couldn't flush system prefs: java.util.prefs.BackingStoreException: Couldn't get file lock.
2026-06-17 01:35:44,965 [ERROR] LogOutputStream:75 - [STDERR_REDIRECT] 
2026-06-17 01:36:14,963 [ERROR] LogOutputStream:75 - [STDERR_REDIRECT] Jun 17, 2026 1:36:14 AM java.util.prefs.FileSystemPreferences checkLockFile0ErrorCode
2026-06-17 01:36:14,964 [ERROR] LogOutputStream:75 - [STDERR_REDIRECT] WARNING: Could not lock System prefs. Unix error code 0.
2026-06-17 01:36:14,964 [ERROR] LogOutputStream:75 - [STDERR_REDIRECT] 
2026-06-17 01:36:14,965 [ERROR] LogOutputStream:75 - [STDERR_REDIRECT] Jun 17, 2026 1:36:14 AM java.util.prefs.FileSystemPreferences syncWorld
2026-06-17 01:36:14,965 [ERROR] LogOutputStream:75 - [STDERR_REDIRECT] WARNING: Couldn't flush system prefs: java.util.prefs.BackingStoreException: Couldn't get file lock.
2026-06-17 01:36:14,965 [ERROR] LogOutputStream:75 - [STDERR_REDIRECT] 
2026-06-17 01:36:44,963 [ERROR] LogOutputStream:75 - [STDERR_REDIRECT] Jun 17, 2026 1:36:44 AM java.util.prefs.FileSystemPreferences checkLockFile0ErrorCode
2026-06-17 01:36:44,964 [ERROR] LogOutputStream:75 - [STDERR_REDIRECT] WARNING: Could not lock System prefs. Unix error code 0.
2026-06-17 01:36:44,964 [ERROR] LogOutputStream:75 - [STDERR_REDIRECT] 
2026-06-17 01:36:44,964 [ERROR] LogOutputStream:75 - [STDERR_REDIRECT] Jun 17, 2026 1:36:44 AM java.util.prefs.FileSystemPreferences syncWorld
2026-06-17 01:36:44,965 [ERROR] LogOutputStream:75 - [STDERR_REDIRECT] WARNING: Couldn't flush system prefs: java.util.prefs.BackingStoreException: Couldn't get file lock.
2026-06-17 01:36:44,965 [ERROR] LogOutputStream:75 - [STDERR_REDIRECT] 
2026-06-17 01:37:14,964 [ERROR] LogOutputStream:75 - [STDERR_REDIRECT] Jun 17, 2026 1:37:14 AM java.util.prefs.FileSystemPreferences checkLockFile0ErrorCode
2026-06-17 01:37:14,966 [ERROR] LogOutputStream:75 - [STDERR_REDIRECT] WARNING: Could not lock System prefs. Unix error code 0.
2026-06-17 01:37:14,967 [ERROR] LogOutputStream:75 - [STDERR_REDIRECT] 
2026-06-17 01:37:14,968 [ERROR] LogOutputStream:75 - [STDERR_REDIRECT] Jun 17, 2026 1:37:14 AM java.util.prefs.FileSystemPreferences syncWorld
2026-06-17 01:37:14,968 [ERROR] LogOutputStream:75 - [STDERR_REDIRECT] WARNING: Couldn't flush system prefs: java.util.prefs.BackingStoreException: Couldn't get file lock.
2026-06-17 01:37:14,968 [ERROR] LogOutputStream:75 - [STDERR_REDIRECT] 
2026-06-17 01:37:44,965 [ERROR] LogOutputStream:75 - [STDERR_REDIRECT] Jun 17, 2026 1:37:44 AM java.util.prefs.FileSystemPreferences checkLockFile0ErrorCode
2026-06-17 01:37:44,965 [ERROR] LogOutputStream:75 - [STDERR_REDIRECT] WARNING: Could not lock System prefs. Unix error code 0.
2026-06-17 01:37:44,966 [ERROR] LogOutputStream:75 - [STDERR_REDIRECT] 
2026-06-17 01:37:44,966 [ERROR] LogOutputStream:75 - [STDERR_REDIRECT] Jun 17, 2026 1:37:44 AM java.util.prefs.FileSystemPreferences syncWorld
2026-06-17 01:37:44,966 [ERROR] LogOutputStream:75 - [STDERR_REDIRECT] WARNING: Couldn't flush system prefs: java.util.prefs.BackingStoreException: Couldn't get file lock.
2026-06-17 01:37:44,970 [ERROR] LogOutputStream:75 - [STDERR_REDIRECT] 
