2026-03-13 00:00:29,170 [ERROR] LogOutputStream:75 - [STDERR_REDIRECT] Mar 13, 2026 12:00:29 AM java.util.prefs.FileSystemPreferences checkLockFile0ErrorCode
2026-03-13 00:00:29,175 [ERROR] LogOutputStream:75 - [STDERR_REDIRECT] WARNING: Could not lock System prefs. Unix error code 30430.
2026-03-13 00:00:29,175 [ERROR] LogOutputStream:75 - [STDERR_REDIRECT] 
2026-03-13 00:00:29,176 [ERROR] LogOutputStream:75 - [STDERR_REDIRECT] Mar 13, 2026 12:00:29 AM java.util.prefs.FileSystemPreferences syncWorld
2026-03-13 00:00:29,176 [ERROR] LogOutputStream:75 - [STDERR_REDIRECT] WARNING: Couldn't flush system prefs: java.util.prefs.BackingStoreException: Couldn't get file lock.
2026-03-13 00:00:29,176 [ERROR] LogOutputStream:75 - [STDERR_REDIRECT] 
2026-03-13 00:00:59,170 [ERROR] LogOutputStream:75 - [STDERR_REDIRECT] Mar 13, 2026 12:00:59 AM java.util.prefs.FileSystemPreferences checkLockFile0ErrorCode
2026-03-13 00:00:59,170 [ERROR] LogOutputStream:75 - [STDERR_REDIRECT] WARNING: Could not lock System prefs. Unix error code 30430.
2026-03-13 00:00:59,170 [ERROR] LogOutputStream:75 - [STDERR_REDIRECT] 
2026-03-13 00:00:59,170 [ERROR] LogOutputStream:75 - [STDERR_REDIRECT] Mar 13, 2026 12:00:59 AM java.util.prefs.FileSystemPreferences syncWorld
2026-03-13 00:00:59,170 [ERROR] LogOutputStream:75 - [STDERR_REDIRECT] WARNING: Couldn't flush system prefs: java.util.prefs.BackingStoreException: Couldn't get file lock.
2026-03-13 00:00:59,170 [ERROR] LogOutputStream:75 - [STDERR_REDIRECT] 
2026-03-13 00:01:29,169 [ERROR] LogOutputStream:75 - [STDERR_REDIRECT] Mar 13, 2026 12:01:29 AM java.util.prefs.FileSystemPreferences checkLockFile0ErrorCode
2026-03-13 00:01:29,169 [ERROR] LogOutputStream:75 - [STDERR_REDIRECT] WARNING: Could not lock System prefs. Unix error code 30430.
2026-03-13 00:01:29,169 [ERROR] LogOutputStream:75 - [STDERR_REDIRECT] 
2026-03-13 00:01:29,170 [ERROR] LogOutputStream:75 - [STDERR_REDIRECT] Mar 13, 2026 12:01:29 AM java.util.prefs.FileSystemPreferences syncWorld
2026-03-13 00:01:29,170 [ERROR] LogOutputStream:75 - [STDERR_REDIRECT] WARNING: Couldn't flush system prefs: java.util.prefs.BackingStoreException: Couldn't get file lock.
2026-03-13 00:01:29,170 [ERROR] LogOutputStream:75 - [STDERR_REDIRECT] 
2026-03-13 00:01:59,170 [ERROR] LogOutputStream:75 - [STDERR_REDIRECT] Mar 13, 2026 12:01:59 AM java.util.prefs.FileSystemPreferences checkLockFile0ErrorCode
2026-03-13 00:01:59,170 [ERROR] LogOutputStream:75 - [STDERR_REDIRECT] WARNING: Could not lock System prefs. Unix error code 30430.
2026-03-13 00:01:59,170 [ERROR] LogOutputStream:75 - [STDERR_REDIRECT] 
2026-03-13 00:01:59,170 [ERROR] LogOutputStream:75 - [STDERR_REDIRECT] Mar 13, 2026 12:01:59 AM java.util.prefs.FileSystemPreferences syncWorld
2026-03-13 00:01:59,170 [ERROR] LogOutputStream:75 - [STDERR_REDIRECT] WARNING: Couldn't flush system prefs: java.util.prefs.BackingStoreException: Couldn't get file lock.
2026-03-13 00:01:59,170 [ERROR] LogOutputStream:75 - [STDERR_REDIRECT] 
2026-03-13 00:02:29,171 [ERROR] LogOutputStream:75 - [STDERR_REDIRECT] Mar 13, 2026 12:02:29 AM java.util.prefs.FileSystemPreferences checkLockFile0ErrorCode
2026-03-13 00:02:29,171 [ERROR] LogOutputStream:75 - [STDERR_REDIRECT] WARNING: Could not lock System prefs. Unix error code 30430.
2026-03-13 00:02:29,171 [ERROR] LogOutputStream:75 - [STDERR_REDIRECT] 
2026-03-13 00:02:29,171 [ERROR] LogOutputStream:75 - [STDERR_REDIRECT] Mar 13, 2026 12:02:29 AM java.util.prefs.FileSystemPreferences syncWorld
2026-03-13 00:02:29,172 [ERROR] LogOutputStream:75 - [STDERR_REDIRECT] WARNING: Couldn't flush system prefs: java.util.prefs.BackingStoreException: Couldn't get file lock.
2026-03-13 00:02:29,172 [ERROR] LogOutputStream:75 - [STDERR_REDIRECT] 
2026-03-13 00:02:59,169 [ERROR] LogOutputStream:75 - [STDERR_REDIRECT] Mar 13, 2026 12:02:59 AM java.util.prefs.FileSystemPreferences checkLockFile0ErrorCode
2026-03-13 00:02:59,170 [ERROR] LogOutputStream:75 - [STDERR_REDIRECT] WARNING: Could not lock System prefs. Unix error code 30430.
2026-03-13 00:02:59,170 [ERROR] LogOutputStream:75 - [STDERR_REDIRECT] 
2026-03-13 00:02:59,170 [ERROR] LogOutputStream:75 - [STDERR_REDIRECT] Mar 13, 2026 12:02:59 AM java.util.prefs.FileSystemPreferences syncWorld
2026-03-13 00:02:59,170 [ERROR] LogOutputStream:75 - [STDERR_REDIRECT] WARNING: Couldn't flush system prefs: java.util.prefs.BackingStoreException: Couldn't get file lock.
2026-03-13 00:02:59,170 [ERROR] LogOutputStream:75 - [STDERR_REDIRECT] 
2026-03-13 00:03:29,170 [ERROR] LogOutputStream:75 - [STDERR_REDIRECT] Mar 13, 2026 12:03:29 AM java.util.prefs.FileSystemPreferences checkLockFile0ErrorCode
2026-03-13 00:03:29,170 [ERROR] LogOutputStream:75 - [STDERR_REDIRECT] WARNING: Could not lock System prefs. Unix error code 30430.
2026-03-13 00:03:29,170 [ERROR] LogOutputStream:75 - [STDERR_REDIRECT] 
2026-03-13 00:03:29,171 [ERROR] LogOutputStream:75 - [STDERR_REDIRECT] Mar 13, 2026 12:03:29 AM java.util.prefs.FileSystemPreferences syncWorld
2026-03-13 00:03:29,171 [ERROR] LogOutputStream:75 - [STDERR_REDIRECT] WARNING: Couldn't flush system prefs: java.util.prefs.BackingStoreException: Couldn't get file lock.
2026-03-13 00:03:29,172 [ERROR] LogOutputStream:75 - [STDERR_REDIRECT] 
2026-03-13 00:03:59,170 [ERROR] LogOutputStream:75 - [STDERR_REDIRECT] Mar 13, 2026 12:03:59 AM java.util.prefs.FileSystemPreferences checkLockFile0ErrorCode
2026-03-13 00:03:59,170 [ERROR] LogOutputStream:75 - [STDERR_REDIRECT] WARNING: Could not lock System prefs. Unix error code 30430.
2026-03-13 00:03:59,170 [ERROR] LogOutputStream:75 - [STDERR_REDIRECT] 
2026-03-13 00:03:59,171 [ERROR] LogOutputStream:75 - [STDERR_REDIRECT] Mar 13, 2026 12:03:59 AM java.util.prefs.FileSystemPreferences syncWorld
2026-03-13 00:03:59,171 [ERROR] LogOutputStream:75 - [STDERR_REDIRECT] WARNING: Couldn't flush system prefs: java.util.prefs.BackingStoreException: Couldn't get file lock.
2026-03-13 00:03:59,171 [ERROR] LogOutputStream:75 - [STDERR_REDIRECT] 
2026-03-13 00:04:29,171 [ERROR] LogOutputStream:75 - [STDERR_REDIRECT] Mar 13, 2026 12:04:29 AM java.util.prefs.FileSystemPreferences checkLockFile0ErrorCode
2026-03-13 00:04:29,171 [ERROR] LogOutputStream:75 - [STDERR_REDIRECT] WARNING: Could not lock System prefs. Unix error code 30430.
2026-03-13 00:04:29,171 [ERROR] LogOutputStream:75 - [STDERR_REDIRECT] 
2026-03-13 00:04:29,172 [ERROR] LogOutputStream:75 - [STDERR_REDIRECT] Mar 13, 2026 12:04:29 AM java.util.prefs.FileSystemPreferences syncWorld
2026-03-13 00:04:29,172 [ERROR] LogOutputStream:75 - [STDERR_REDIRECT] WARNING: Couldn't flush system prefs: java.util.prefs.BackingStoreException: Couldn't get file lock.
2026-03-13 00:04:29,173 [ERROR] LogOutputStream:75 - [STDERR_REDIRECT] 
2026-03-13 00:04:59,172 [ERROR] LogOutputStream:75 - [STDERR_REDIRECT] Mar 13, 2026 12:04:59 AM java.util.prefs.FileSystemPreferences checkLockFile0ErrorCode
2026-03-13 00:04:59,173 [ERROR] LogOutputStream:75 - [STDERR_REDIRECT] WARNING: Could not lock System prefs. Unix error code 30430.
2026-03-13 00:04:59,173 [ERROR] LogOutputStream:75 - [STDERR_REDIRECT] 
2026-03-13 00:04:59,173 [ERROR] LogOutputStream:75 - [STDERR_REDIRECT] Mar 13, 2026 12:04:59 AM java.util.prefs.FileSystemPreferences syncWorld
2026-03-13 00:04:59,173 [ERROR] LogOutputStream:75 - [STDERR_REDIRECT] WARNING: Couldn't flush system prefs: java.util.prefs.BackingStoreException: Couldn't get file lock.
2026-03-13 00:04:59,173 [ERROR] LogOutputStream:75 - [STDERR_REDIRECT] 
2026-03-13 00:05:29,172 [ERROR] LogOutputStream:75 - [STDERR_REDIRECT] Mar 13, 2026 12:05:29 AM java.util.prefs.FileSystemPreferences checkLockFile0ErrorCode
2026-03-13 00:05:29,173 [ERROR] LogOutputStream:75 - [STDERR_REDIRECT] WARNING: Could not lock System prefs. Unix error code 30430.
2026-03-13 00:05:29,173 [ERROR] LogOutputStream:75 - [STDERR_REDIRECT] 
2026-03-13 00:05:29,175 [ERROR] LogOutputStream:75 - [STDERR_REDIRECT] Mar 13, 2026 12:05:29 AM java.util.prefs.FileSystemPreferences syncWorld
2026-03-13 00:05:29,175 [ERROR] LogOutputStream:75 - [STDERR_REDIRECT] WARNING: Couldn't flush system prefs: java.util.prefs.BackingStoreException: Couldn't get file lock.
2026-03-13 00:05:29,175 [ERROR] LogOutputStream:75 - [STDERR_REDIRECT] 
2026-03-13 00:05:59,170 [ERROR] LogOutputStream:75 - [STDERR_REDIRECT] Mar 13, 2026 12:05:59 AM java.util.prefs.FileSystemPreferences checkLockFile0ErrorCode
2026-03-13 00:05:59,170 [ERROR] LogOutputStream:75 - [STDERR_REDIRECT] WARNING: Could not lock System prefs. Unix error code 30430.
2026-03-13 00:05:59,170 [ERROR] LogOutputStream:75 - [STDERR_REDIRECT] 
2026-03-13 00:05:59,171 [ERROR] LogOutputStream:75 - [STDERR_REDIRECT] Mar 13, 2026 12:05:59 AM java.util.prefs.FileSystemPreferences syncWorld
2026-03-13 00:05:59,171 [ERROR] LogOutputStream:75 - [STDERR_REDIRECT] WARNING: Couldn't flush system prefs: java.util.prefs.BackingStoreException: Couldn't get file lock.
2026-03-13 00:05:59,171 [ERROR] LogOutputStream:75 - [STDERR_REDIRECT] 
2026-03-13 00:06:29,172 [ERROR] LogOutputStream:75 - [STDERR_REDIRECT] Mar 13, 2026 12:06:29 AM java.util.prefs.FileSystemPreferences checkLockFile0ErrorCode
2026-03-13 00:06:29,173 [ERROR] LogOutputStream:75 - [STDERR_REDIRECT] WARNING: Could not lock System prefs. Unix error code 30430.
2026-03-13 00:06:29,173 [ERROR] LogOutputStream:75 - [STDERR_REDIRECT] 
2026-03-13 00:06:29,173 [ERROR] LogOutputStream:75 - [STDERR_REDIRECT] Mar 13, 2026 12:06:29 AM java.util.prefs.FileSystemPreferences syncWorld
2026-03-13 00:06:29,176 [ERROR] LogOutputStream:75 - [STDERR_REDIRECT] WARNING: Couldn't flush system prefs: java.util.prefs.BackingStoreException: Couldn't get file lock.
2026-03-13 00:06:29,177 [ERROR] LogOutputStream:75 - [STDERR_REDIRECT] 
2026-03-13 00:06:59,171 [ERROR] LogOutputStream:75 - [STDERR_REDIRECT] Mar 13, 2026 12:06:59 AM java.util.prefs.FileSystemPreferences checkLockFile0ErrorCode
2026-03-13 00:06:59,171 [ERROR] LogOutputStream:75 - [STDERR_REDIRECT] WARNING: Could not lock System prefs. Unix error code 30430.
2026-03-13 00:06:59,171 [ERROR] LogOutputStream:75 - [STDERR_REDIRECT] 
2026-03-13 00:06:59,171 [ERROR] LogOutputStream:75 - [STDERR_REDIRECT] Mar 13, 2026 12:06:59 AM java.util.prefs.FileSystemPreferences syncWorld
2026-03-13 00:06:59,171 [ERROR] LogOutputStream:75 - [STDERR_REDIRECT] WARNING: Couldn't flush system prefs: java.util.prefs.BackingStoreException: Couldn't get file lock.
2026-03-13 00:06:59,171 [ERROR] LogOutputStream:75 - [STDERR_REDIRECT] 
2026-03-13 00:07:29,172 [ERROR] LogOutputStream:75 - [STDERR_REDIRECT] Mar 13, 2026 12:07:29 AM java.util.prefs.FileSystemPreferences checkLockFile0ErrorCode
2026-03-13 00:07:29,172 [ERROR] LogOutputStream:75 - [STDERR_REDIRECT] WARNING: Could not lock System prefs. Unix error code 30430.
2026-03-13 00:07:29,172 [ERROR] LogOutputStream:75 - [STDERR_REDIRECT] 
2026-03-13 00:07:29,172 [ERROR] LogOutputStream:75 - [STDERR_REDIRECT] Mar 13, 2026 12:07:29 AM java.util.prefs.FileSystemPreferences syncWorld
2026-03-13 00:07:29,172 [ERROR] LogOutputStream:75 - [STDERR_REDIRECT] WARNING: Couldn't flush system prefs: java.util.prefs.BackingStoreException: Couldn't get file lock.
2026-03-13 00:07:29,172 [ERROR] LogOutputStream:75 - [STDERR_REDIRECT] 
2026-03-13 00:07:59,172 [ERROR] LogOutputStream:75 - [STDERR_REDIRECT] Mar 13, 2026 12:07:59 AM java.util.prefs.FileSystemPreferences checkLockFile0ErrorCode
2026-03-13 00:07:59,172 [ERROR] LogOutputStream:75 - [STDERR_REDIRECT] WARNING: Could not lock System prefs. Unix error code 30430.
2026-03-13 00:07:59,172 [ERROR] LogOutputStream:75 - [STDERR_REDIRECT] 
2026-03-13 00:07:59,173 [ERROR] LogOutputStream:75 - [STDERR_REDIRECT] Mar 13, 2026 12:07:59 AM java.util.prefs.FileSystemPreferences syncWorld
2026-03-13 00:07:59,175 [ERROR] LogOutputStream:75 - [STDERR_REDIRECT] WARNING: Couldn't flush system prefs: java.util.prefs.BackingStoreException: Couldn't get file lock.
2026-03-13 00:07:59,176 [ERROR] LogOutputStream:75 - [STDERR_REDIRECT] 
2026-03-13 00:08:29,172 [ERROR] LogOutputStream:75 - [STDERR_REDIRECT] Mar 13, 2026 12:08:29 AM java.util.prefs.FileSystemPreferences checkLockFile0ErrorCode
2026-03-13 00:08:29,172 [ERROR] LogOutputStream:75 - [STDERR_REDIRECT] WARNING: Could not lock System prefs. Unix error code 30430.
2026-03-13 00:08:29,173 [ERROR] LogOutputStream:75 - [STDERR_REDIRECT] 
2026-03-13 00:08:29,173 [ERROR] LogOutputStream:75 - [STDERR_REDIRECT] Mar 13, 2026 12:08:29 AM java.util.prefs.FileSystemPreferences syncWorld
2026-03-13 00:08:29,173 [ERROR] LogOutputStream:75 - [STDERR_REDIRECT] WARNING: Couldn't flush system prefs: java.util.prefs.BackingStoreException: Couldn't get file lock.
2026-03-13 00:08:29,173 [ERROR] LogOutputStream:75 - [STDERR_REDIRECT] 
2026-03-13 00:08:59,173 [ERROR] LogOutputStream:75 - [STDERR_REDIRECT] Mar 13, 2026 12:08:59 AM java.util.prefs.FileSystemPreferences checkLockFile0ErrorCode
2026-03-13 00:08:59,173 [ERROR] LogOutputStream:75 - [STDERR_REDIRECT] WARNING: Could not lock System prefs. Unix error code 30430.
2026-03-13 00:08:59,173 [ERROR] LogOutputStream:75 - [STDERR_REDIRECT] 
2026-03-13 00:08:59,173 [ERROR] LogOutputStream:75 - [STDERR_REDIRECT] Mar 13, 2026 12:08:59 AM java.util.prefs.FileSystemPreferences syncWorld
2026-03-13 00:08:59,173 [ERROR] LogOutputStream:75 - [STDERR_REDIRECT] WARNING: Couldn't flush system prefs: java.util.prefs.BackingStoreException: Couldn't get file lock.
2026-03-13 00:08:59,173 [ERROR] LogOutputStream:75 - [STDERR_REDIRECT] 
2026-03-13 00:09:29,173 [ERROR] LogOutputStream:75 - [STDERR_REDIRECT] Mar 13, 2026 12:09:29 AM java.util.prefs.FileSystemPreferences checkLockFile0ErrorCode
2026-03-13 00:09:29,173 [ERROR] LogOutputStream:75 - [STDERR_REDIRECT] WARNING: Could not lock System prefs. Unix error code 30430.
2026-03-13 00:09:29,173 [ERROR] LogOutputStream:75 - [STDERR_REDIRECT] 
2026-03-13 00:09:29,173 [ERROR] LogOutputStream:75 - [STDERR_REDIRECT] Mar 13, 2026 12:09:29 AM java.util.prefs.FileSystemPreferences syncWorld
2026-03-13 00:09:29,173 [ERROR] LogOutputStream:75 - [STDERR_REDIRECT] WARNING: Couldn't flush system prefs: java.util.prefs.BackingStoreException: Couldn't get file lock.
2026-03-13 00:09:29,173 [ERROR] LogOutputStream:75 - [STDERR_REDIRECT] 
2026-03-13 00:09:59,173 [ERROR] LogOutputStream:75 - [STDERR_REDIRECT] Mar 13, 2026 12:09:59 AM java.util.prefs.FileSystemPreferences checkLockFile0ErrorCode
2026-03-13 00:09:59,174 [ERROR] LogOutputStream:75 - [STDERR_REDIRECT] WARNING: Could not lock System prefs. Unix error code 30430.
2026-03-13 00:09:59,174 [ERROR] LogOutputStream:75 - [STDERR_REDIRECT] 
2026-03-13 00:09:59,174 [ERROR] LogOutputStream:75 - [STDERR_REDIRECT] Mar 13, 2026 12:09:59 AM java.util.prefs.FileSystemPreferences syncWorld
2026-03-13 00:09:59,174 [ERROR] LogOutputStream:75 - [STDERR_REDIRECT] WARNING: Couldn't flush system prefs: java.util.prefs.BackingStoreException: Couldn't get file lock.
2026-03-13 00:09:59,174 [ERROR] LogOutputStream:75 - [STDERR_REDIRECT] 
2026-03-13 00:10:29,175 [ERROR] LogOutputStream:75 - [STDERR_REDIRECT] Mar 13, 2026 12:10:29 AM java.util.prefs.FileSystemPreferences checkLockFile0ErrorCode
2026-03-13 00:10:29,175 [ERROR] LogOutputStream:75 - [STDERR_REDIRECT] WARNING: Could not lock System prefs. Unix error code 30430.
2026-03-13 00:10:29,175 [ERROR] LogOutputStream:75 - [STDERR_REDIRECT] 
2026-03-13 00:10:29,176 [ERROR] LogOutputStream:75 - [STDERR_REDIRECT] Mar 13, 2026 12:10:29 AM java.util.prefs.FileSystemPreferences syncWorld
2026-03-13 00:10:29,176 [ERROR] LogOutputStream:75 - [STDERR_REDIRECT] WARNING: Couldn't flush system prefs: java.util.prefs.BackingStoreException: Couldn't get file lock.
2026-03-13 00:10:29,176 [ERROR] LogOutputStream:75 - [STDERR_REDIRECT] 
2026-03-13 00:10:59,186 [ERROR] LogOutputStream:75 - [STDERR_REDIRECT] Mar 13, 2026 12:10:59 AM java.util.prefs.FileSystemPreferences checkLockFile0ErrorCode
2026-03-13 00:10:59,186 [ERROR] LogOutputStream:75 - [STDERR_REDIRECT] WARNING: Could not lock System prefs. Unix error code 30430.
2026-03-13 00:10:59,186 [ERROR] LogOutputStream:75 - [STDERR_REDIRECT] 
2026-03-13 00:10:59,187 [ERROR] LogOutputStream:75 - [STDERR_REDIRECT] Mar 13, 2026 12:10:59 AM java.util.prefs.FileSystemPreferences syncWorld
2026-03-13 00:10:59,187 [ERROR] LogOutputStream:75 - [STDERR_REDIRECT] WARNING: Couldn't flush system prefs: java.util.prefs.BackingStoreException: Couldn't get file lock.
2026-03-13 00:10:59,187 [ERROR] LogOutputStream:75 - [STDERR_REDIRECT] 
2026-03-13 00:11:29,175 [ERROR] LogOutputStream:75 - [STDERR_REDIRECT] Mar 13, 2026 12:11:29 AM java.util.prefs.FileSystemPreferences checkLockFile0ErrorCode
2026-03-13 00:11:29,175 [ERROR] LogOutputStream:75 - [STDERR_REDIRECT] WARNING: Could not lock System prefs. Unix error code 30430.
2026-03-13 00:11:29,175 [ERROR] LogOutputStream:75 - [STDERR_REDIRECT] 
2026-03-13 00:11:29,175 [ERROR] LogOutputStream:75 - [STDERR_REDIRECT] Mar 13, 2026 12:11:29 AM java.util.prefs.FileSystemPreferences syncWorld
2026-03-13 00:11:29,175 [ERROR] LogOutputStream:75 - [STDERR_REDIRECT] WARNING: Couldn't flush system prefs: java.util.prefs.BackingStoreException: Couldn't get file lock.
2026-03-13 00:11:29,176 [ERROR] LogOutputStream:75 - [STDERR_REDIRECT] 
2026-03-13 00:11:59,174 [ERROR] LogOutputStream:75 - [STDERR_REDIRECT] Mar 13, 2026 12:11:59 AM java.util.prefs.FileSystemPreferences checkLockFile0ErrorCode
2026-03-13 00:11:59,174 [ERROR] LogOutputStream:75 - [STDERR_REDIRECT] WARNING: Could not lock System prefs. Unix error code 30430.
2026-03-13 00:11:59,175 [ERROR] LogOutputStream:75 - [STDERR_REDIRECT] 
2026-03-13 00:11:59,175 [ERROR] LogOutputStream:75 - [STDERR_REDIRECT] Mar 13, 2026 12:11:59 AM java.util.prefs.FileSystemPreferences syncWorld
2026-03-13 00:11:59,175 [ERROR] LogOutputStream:75 - [STDERR_REDIRECT] WARNING: Couldn't flush system prefs: java.util.prefs.BackingStoreException: Couldn't get file lock.
2026-03-13 00:11:59,175 [ERROR] LogOutputStream:75 - [STDERR_REDIRECT] 
2026-03-13 00:12:29,175 [ERROR] LogOutputStream:75 - [STDERR_REDIRECT] Mar 13, 2026 12:12:29 AM java.util.prefs.FileSystemPreferences checkLockFile0ErrorCode
2026-03-13 00:12:29,175 [ERROR] LogOutputStream:75 - [STDERR_REDIRECT] WARNING: Could not lock System prefs. Unix error code 30430.
2026-03-13 00:12:29,175 [ERROR] LogOutputStream:75 - [STDERR_REDIRECT] 
2026-03-13 00:12:29,176 [ERROR] LogOutputStream:75 - [STDERR_REDIRECT] Mar 13, 2026 12:12:29 AM java.util.prefs.FileSystemPreferences syncWorld
2026-03-13 00:12:29,176 [ERROR] LogOutputStream:75 - [STDERR_REDIRECT] WARNING: Couldn't flush system prefs: java.util.prefs.BackingStoreException: Couldn't get file lock.
2026-03-13 00:12:29,176 [ERROR] LogOutputStream:75 - [STDERR_REDIRECT] 
2026-03-13 00:12:59,174 [ERROR] LogOutputStream:75 - [STDERR_REDIRECT] Mar 13, 2026 12:12:59 AM java.util.prefs.FileSystemPreferences checkLockFile0ErrorCode
2026-03-13 00:12:59,175 [ERROR] LogOutputStream:75 - [STDERR_REDIRECT] WARNING: Could not lock System prefs. Unix error code 30430.
2026-03-13 00:12:59,175 [ERROR] LogOutputStream:75 - [STDERR_REDIRECT] 
2026-03-13 00:12:59,175 [ERROR] LogOutputStream:75 - [STDERR_REDIRECT] Mar 13, 2026 12:12:59 AM java.util.prefs.FileSystemPreferences syncWorld
2026-03-13 00:12:59,175 [ERROR] LogOutputStream:75 - [STDERR_REDIRECT] WARNING: Couldn't flush system prefs: java.util.prefs.BackingStoreException: Couldn't get file lock.
2026-03-13 00:12:59,175 [ERROR] LogOutputStream:75 - [STDERR_REDIRECT] 
2026-03-13 00:13:29,175 [ERROR] LogOutputStream:75 - [STDERR_REDIRECT] Mar 13, 2026 12:13:29 AM java.util.prefs.FileSystemPreferences checkLockFile0ErrorCode
2026-03-13 00:13:29,175 [ERROR] LogOutputStream:75 - [STDERR_REDIRECT] WARNING: Could not lock System prefs. Unix error code 30430.
2026-03-13 00:13:29,175 [ERROR] LogOutputStream:75 - [STDERR_REDIRECT] 
2026-03-13 00:13:29,175 [ERROR] LogOutputStream:75 - [STDERR_REDIRECT] Mar 13, 2026 12:13:29 AM java.util.prefs.FileSystemPreferences syncWorld
2026-03-13 00:13:29,175 [ERROR] LogOutputStream:75 - [STDERR_REDIRECT] WARNING: Couldn't flush system prefs: java.util.prefs.BackingStoreException: Couldn't get file lock.
2026-03-13 00:13:29,175 [ERROR] LogOutputStream:75 - [STDERR_REDIRECT] 
2026-03-13 00:13:59,175 [ERROR] LogOutputStream:75 - [STDERR_REDIRECT] Mar 13, 2026 12:13:59 AM java.util.prefs.FileSystemPreferences checkLockFile0ErrorCode
2026-03-13 00:13:59,175 [ERROR] LogOutputStream:75 - [STDERR_REDIRECT] WARNING: Could not lock System prefs. Unix error code 30430.
2026-03-13 00:13:59,175 [ERROR] LogOutputStream:75 - [STDERR_REDIRECT] 
2026-03-13 00:13:59,176 [ERROR] LogOutputStream:75 - [STDERR_REDIRECT] Mar 13, 2026 12:13:59 AM java.util.prefs.FileSystemPreferences syncWorld
2026-03-13 00:13:59,176 [ERROR] LogOutputStream:75 - [STDERR_REDIRECT] WARNING: Couldn't flush system prefs: java.util.prefs.BackingStoreException: Couldn't get file lock.
2026-03-13 00:13:59,176 [ERROR] LogOutputStream:75 - [STDERR_REDIRECT] 
2026-03-13 00:14:29,176 [ERROR] LogOutputStream:75 - [STDERR_REDIRECT] Mar 13, 2026 12:14:29 AM java.util.prefs.FileSystemPreferences checkLockFile0ErrorCode
2026-03-13 00:14:29,176 [ERROR] LogOutputStream:75 - [STDERR_REDIRECT] WARNING: Could not lock System prefs. Unix error code 30430.
2026-03-13 00:14:29,176 [ERROR] LogOutputStream:75 - [STDERR_REDIRECT] 
2026-03-13 00:14:29,176 [ERROR] LogOutputStream:75 - [STDERR_REDIRECT] Mar 13, 2026 12:14:29 AM java.util.prefs.FileSystemPreferences syncWorld
2026-03-13 00:14:29,177 [ERROR] LogOutputStream:75 - [STDERR_REDIRECT] WARNING: Couldn't flush system prefs: java.util.prefs.BackingStoreException: Couldn't get file lock.
2026-03-13 00:14:29,177 [ERROR] LogOutputStream:75 - [STDERR_REDIRECT] 
2026-03-13 00:14:59,176 [ERROR] LogOutputStream:75 - [STDERR_REDIRECT] Mar 13, 2026 12:14:59 AM java.util.prefs.FileSystemPreferences checkLockFile0ErrorCode
2026-03-13 00:14:59,177 [ERROR] LogOutputStream:75 - [STDERR_REDIRECT] WARNING: Could not lock System prefs. Unix error code 30430.
2026-03-13 00:14:59,177 [ERROR] LogOutputStream:75 - [STDERR_REDIRECT] 
2026-03-13 00:14:59,177 [ERROR] LogOutputStream:75 - [STDERR_REDIRECT] Mar 13, 2026 12:14:59 AM java.util.prefs.FileSystemPreferences syncWorld
2026-03-13 00:14:59,177 [ERROR] LogOutputStream:75 - [STDERR_REDIRECT] WARNING: Couldn't flush system prefs: java.util.prefs.BackingStoreException: Couldn't get file lock.
2026-03-13 00:14:59,179 [ERROR] LogOutputStream:75 - [STDERR_REDIRECT] 
2026-03-13 00:15:29,176 [ERROR] LogOutputStream:75 - [STDERR_REDIRECT] Mar 13, 2026 12:15:29 AM java.util.prefs.FileSystemPreferences checkLockFile0ErrorCode
2026-03-13 00:15:29,176 [ERROR] LogOutputStream:75 - [STDERR_REDIRECT] WARNING: Could not lock System prefs. Unix error code 30430.
2026-03-13 00:15:29,176 [ERROR] LogOutputStream:75 - [STDERR_REDIRECT] 
2026-03-13 00:15:29,176 [ERROR] LogOutputStream:75 - [STDERR_REDIRECT] Mar 13, 2026 12:15:29 AM java.util.prefs.FileSystemPreferences syncWorld
2026-03-13 00:15:29,176 [ERROR] LogOutputStream:75 - [STDERR_REDIRECT] WARNING: Couldn't flush system prefs: java.util.prefs.BackingStoreException: Couldn't get file lock.
2026-03-13 00:15:29,176 [ERROR] LogOutputStream:75 - [STDERR_REDIRECT] 
2026-03-13 00:15:59,176 [ERROR] LogOutputStream:75 - [STDERR_REDIRECT] Mar 13, 2026 12:15:59 AM java.util.prefs.FileSystemPreferences checkLockFile0ErrorCode
2026-03-13 00:15:59,176 [ERROR] LogOutputStream:75 - [STDERR_REDIRECT] WARNING: Could not lock System prefs. Unix error code 30430.
2026-03-13 00:15:59,177 [ERROR] LogOutputStream:75 - [STDERR_REDIRECT] 
2026-03-13 00:15:59,177 [ERROR] LogOutputStream:75 - [STDERR_REDIRECT] Mar 13, 2026 12:15:59 AM java.util.prefs.FileSystemPreferences syncWorld
2026-03-13 00:15:59,177 [ERROR] LogOutputStream:75 - [STDERR_REDIRECT] WARNING: Couldn't flush system prefs: java.util.prefs.BackingStoreException: Couldn't get file lock.
2026-03-13 00:15:59,177 [ERROR] LogOutputStream:75 - [STDERR_REDIRECT] 
2026-03-13 00:16:29,177 [ERROR] LogOutputStream:75 - [STDERR_REDIRECT] Mar 13, 2026 12:16:29 AM java.util.prefs.FileSystemPreferences checkLockFile0ErrorCode
2026-03-13 00:16:29,177 [ERROR] LogOutputStream:75 - [STDERR_REDIRECT] WARNING: Could not lock System prefs. Unix error code 30430.
2026-03-13 00:16:29,177 [ERROR] LogOutputStream:75 - [STDERR_REDIRECT] 
2026-03-13 00:16:29,178 [ERROR] LogOutputStream:75 - [STDERR_REDIRECT] Mar 13, 2026 12:16:29 AM java.util.prefs.FileSystemPreferences syncWorld
2026-03-13 00:16:29,178 [ERROR] LogOutputStream:75 - [STDERR_REDIRECT] WARNING: Couldn't flush system prefs: java.util.prefs.BackingStoreException: Couldn't get file lock.
2026-03-13 00:16:29,178 [ERROR] LogOutputStream:75 - [STDERR_REDIRECT] 
2026-03-13 00:16:59,176 [ERROR] LogOutputStream:75 - [STDERR_REDIRECT] Mar 13, 2026 12:16:59 AM java.util.prefs.FileSystemPreferences checkLockFile0ErrorCode
2026-03-13 00:16:59,177 [ERROR] LogOutputStream:75 - [STDERR_REDIRECT] WARNING: Could not lock System prefs. Unix error code 30430.
2026-03-13 00:16:59,177 [ERROR] LogOutputStream:75 - [STDERR_REDIRECT] 
2026-03-13 00:16:59,177 [ERROR] LogOutputStream:75 - [STDERR_REDIRECT] Mar 13, 2026 12:16:59 AM java.util.prefs.FileSystemPreferences syncWorld
2026-03-13 00:16:59,177 [ERROR] LogOutputStream:75 - [STDERR_REDIRECT] WARNING: Couldn't flush system prefs: java.util.prefs.BackingStoreException: Couldn't get file lock.
2026-03-13 00:16:59,177 [ERROR] LogOutputStream:75 - [STDERR_REDIRECT] 
2026-03-13 00:17:29,177 [ERROR] LogOutputStream:75 - [STDERR_REDIRECT] Mar 13, 2026 12:17:29 AM java.util.prefs.FileSystemPreferences checkLockFile0ErrorCode
2026-03-13 00:17:29,177 [ERROR] LogOutputStream:75 - [STDERR_REDIRECT] WARNING: Could not lock System prefs. Unix error code 30430.
2026-03-13 00:17:29,177 [ERROR] LogOutputStream:75 - [STDERR_REDIRECT] 
2026-03-13 00:17:29,177 [ERROR] LogOutputStream:75 - [STDERR_REDIRECT] Mar 13, 2026 12:17:29 AM java.util.prefs.FileSystemPreferences syncWorld
2026-03-13 00:17:29,177 [ERROR] LogOutputStream:75 - [STDERR_REDIRECT] WARNING: Couldn't flush system prefs: java.util.prefs.BackingStoreException: Couldn't get file lock.
2026-03-13 00:17:29,177 [ERROR] LogOutputStream:75 - [STDERR_REDIRECT] 
2026-03-13 00:17:59,221 [ERROR] LogOutputStream:75 - [STDERR_REDIRECT] Mar 13, 2026 12:17:59 AM java.util.prefs.FileSystemPreferences checkLockFile0ErrorCode
2026-03-13 00:17:59,221 [ERROR] LogOutputStream:75 - [STDERR_REDIRECT] WARNING: Could not lock System prefs. Unix error code 30430.
2026-03-13 00:17:59,221 [ERROR] LogOutputStream:75 - [STDERR_REDIRECT] 
2026-03-13 00:17:59,222 [ERROR] LogOutputStream:75 - [STDERR_REDIRECT] Mar 13, 2026 12:17:59 AM java.util.prefs.FileSystemPreferences syncWorld
2026-03-13 00:17:59,222 [ERROR] LogOutputStream:75 - [STDERR_REDIRECT] WARNING: Couldn't flush system prefs: java.util.prefs.BackingStoreException: Couldn't get file lock.
2026-03-13 00:17:59,222 [ERROR] LogOutputStream:75 - [STDERR_REDIRECT] 
2026-03-13 00:18:29,178 [ERROR] LogOutputStream:75 - [STDERR_REDIRECT] Mar 13, 2026 12:18:29 AM java.util.prefs.FileSystemPreferences checkLockFile0ErrorCode
2026-03-13 00:18:29,178 [ERROR] LogOutputStream:75 - [STDERR_REDIRECT] WARNING: Could not lock System prefs. Unix error code 30430.
2026-03-13 00:18:29,178 [ERROR] LogOutputStream:75 - [STDERR_REDIRECT] 
2026-03-13 00:18:29,178 [ERROR] LogOutputStream:75 - [STDERR_REDIRECT] Mar 13, 2026 12:18:29 AM java.util.prefs.FileSystemPreferences syncWorld
2026-03-13 00:18:29,179 [ERROR] LogOutputStream:75 - [STDERR_REDIRECT] WARNING: Couldn't flush system prefs: java.util.prefs.BackingStoreException: Couldn't get file lock.
2026-03-13 00:18:29,179 [ERROR] LogOutputStream:75 - [STDERR_REDIRECT] 
2026-03-13 00:18:59,178 [ERROR] LogOutputStream:75 - [STDERR_REDIRECT] Mar 13, 2026 12:18:59 AM java.util.prefs.FileSystemPreferences checkLockFile0ErrorCode
2026-03-13 00:18:59,179 [ERROR] LogOutputStream:75 - [STDERR_REDIRECT] WARNING: Could not lock System prefs. Unix error code 30430.
2026-03-13 00:18:59,179 [ERROR] LogOutputStream:75 - [STDERR_REDIRECT] 
2026-03-13 00:18:59,179 [ERROR] LogOutputStream:75 - [STDERR_REDIRECT] Mar 13, 2026 12:18:59 AM java.util.prefs.FileSystemPreferences syncWorld
2026-03-13 00:18:59,179 [ERROR] LogOutputStream:75 - [STDERR_REDIRECT] WARNING: Couldn't flush system prefs: java.util.prefs.BackingStoreException: Couldn't get file lock.
2026-03-13 00:18:59,180 [ERROR] LogOutputStream:75 - [STDERR_REDIRECT] 
2026-03-13 00:19:29,177 [ERROR] LogOutputStream:75 - [STDERR_REDIRECT] Mar 13, 2026 12:19:29 AM java.util.prefs.FileSystemPreferences checkLockFile0ErrorCode
2026-03-13 00:19:29,177 [ERROR] LogOutputStream:75 - [STDERR_REDIRECT] WARNING: Could not lock System prefs. Unix error code 30430.
2026-03-13 00:19:29,178 [ERROR] LogOutputStream:75 - [STDERR_REDIRECT] 
2026-03-13 00:19:29,178 [ERROR] LogOutputStream:75 - [STDERR_REDIRECT] Mar 13, 2026 12:19:29 AM java.util.prefs.FileSystemPreferences syncWorld
2026-03-13 00:19:29,178 [ERROR] LogOutputStream:75 - [STDERR_REDIRECT] WARNING: Couldn't flush system prefs: java.util.prefs.BackingStoreException: Couldn't get file lock.
2026-03-13 00:19:29,178 [ERROR] LogOutputStream:75 - [STDERR_REDIRECT] 
2026-03-13 00:19:59,178 [ERROR] LogOutputStream:75 - [STDERR_REDIRECT] Mar 13, 2026 12:19:59 AM java.util.prefs.FileSystemPreferences checkLockFile0ErrorCode
2026-03-13 00:19:59,178 [ERROR] LogOutputStream:75 - [STDERR_REDIRECT] WARNING: Could not lock System prefs. Unix error code 30430.
2026-03-13 00:19:59,179 [ERROR] LogOutputStream:75 - [STDERR_REDIRECT] 
2026-03-13 00:19:59,179 [ERROR] LogOutputStream:75 - [STDERR_REDIRECT] Mar 13, 2026 12:19:59 AM java.util.prefs.FileSystemPreferences syncWorld
2026-03-13 00:19:59,179 [ERROR] LogOutputStream:75 - [STDERR_REDIRECT] WARNING: Couldn't flush system prefs: java.util.prefs.BackingStoreException: Couldn't get file lock.
2026-03-13 00:19:59,179 [ERROR] LogOutputStream:75 - [STDERR_REDIRECT] 
2026-03-13 00:20:29,178 [ERROR] LogOutputStream:75 - [STDERR_REDIRECT] Mar 13, 2026 12:20:29 AM java.util.prefs.FileSystemPreferences checkLockFile0ErrorCode
2026-03-13 00:20:29,178 [ERROR] LogOutputStream:75 - [STDERR_REDIRECT] WARNING: Could not lock System prefs. Unix error code 30430.
2026-03-13 00:20:29,178 [ERROR] LogOutputStream:75 - [STDERR_REDIRECT] 
2026-03-13 00:20:29,178 [ERROR] LogOutputStream:75 - [STDERR_REDIRECT] Mar 13, 2026 12:20:29 AM java.util.prefs.FileSystemPreferences syncWorld
2026-03-13 00:20:29,178 [ERROR] LogOutputStream:75 - [STDERR_REDIRECT] WARNING: Couldn't flush system prefs: java.util.prefs.BackingStoreException: Couldn't get file lock.
2026-03-13 00:20:29,178 [ERROR] LogOutputStream:75 - [STDERR_REDIRECT] 
2026-03-13 00:20:59,179 [ERROR] LogOutputStream:75 - [STDERR_REDIRECT] Mar 13, 2026 12:20:59 AM java.util.prefs.FileSystemPreferences checkLockFile0ErrorCode
2026-03-13 00:20:59,179 [ERROR] LogOutputStream:75 - [STDERR_REDIRECT] WARNING: Could not lock System prefs. Unix error code 30430.
2026-03-13 00:20:59,179 [ERROR] LogOutputStream:75 - [STDERR_REDIRECT] 
2026-03-13 00:20:59,179 [ERROR] LogOutputStream:75 - [STDERR_REDIRECT] Mar 13, 2026 12:20:59 AM java.util.prefs.FileSystemPreferences syncWorld
2026-03-13 00:20:59,179 [ERROR] LogOutputStream:75 - [STDERR_REDIRECT] WARNING: Couldn't flush system prefs: java.util.prefs.BackingStoreException: Couldn't get file lock.
2026-03-13 00:20:59,180 [ERROR] LogOutputStream:75 - [STDERR_REDIRECT] 
2026-03-13 00:21:29,179 [ERROR] LogOutputStream:75 - [STDERR_REDIRECT] Mar 13, 2026 12:21:29 AM java.util.prefs.FileSystemPreferences checkLockFile0ErrorCode
2026-03-13 00:21:29,179 [ERROR] LogOutputStream:75 - [STDERR_REDIRECT] WARNING: Could not lock System prefs. Unix error code 30430.
2026-03-13 00:21:29,179 [ERROR] LogOutputStream:75 - [STDERR_REDIRECT] 
2026-03-13 00:21:29,179 [ERROR] LogOutputStream:75 - [STDERR_REDIRECT] Mar 13, 2026 12:21:29 AM java.util.prefs.FileSystemPreferences syncWorld
2026-03-13 00:21:29,179 [ERROR] LogOutputStream:75 - [STDERR_REDIRECT] WARNING: Couldn't flush system prefs: java.util.prefs.BackingStoreException: Couldn't get file lock.
2026-03-13 00:21:29,180 [ERROR] LogOutputStream:75 - [STDERR_REDIRECT] 
2026-03-13 00:21:59,178 [ERROR] LogOutputStream:75 - [STDERR_REDIRECT] Mar 13, 2026 12:21:59 AM java.util.prefs.FileSystemPreferences checkLockFile0ErrorCode
2026-03-13 00:21:59,179 [ERROR] LogOutputStream:75 - [STDERR_REDIRECT] WARNING: Could not lock System prefs. Unix error code 30430.
2026-03-13 00:21:59,179 [ERROR] LogOutputStream:75 - [STDERR_REDIRECT] 
2026-03-13 00:21:59,179 [ERROR] LogOutputStream:75 - [STDERR_REDIRECT] Mar 13, 2026 12:21:59 AM java.util.prefs.FileSystemPreferences syncWorld
2026-03-13 00:21:59,179 [ERROR] LogOutputStream:75 - [STDERR_REDIRECT] WARNING: Couldn't flush system prefs: java.util.prefs.BackingStoreException: Couldn't get file lock.
2026-03-13 00:21:59,179 [ERROR] LogOutputStream:75 - [STDERR_REDIRECT] 
2026-03-13 00:22:29,179 [ERROR] LogOutputStream:75 - [STDERR_REDIRECT] Mar 13, 2026 12:22:29 AM java.util.prefs.FileSystemPreferences checkLockFile0ErrorCode
2026-03-13 00:22:29,179 [ERROR] LogOutputStream:75 - [STDERR_REDIRECT] WARNING: Could not lock System prefs. Unix error code 30430.
2026-03-13 00:22:29,180 [ERROR] LogOutputStream:75 - [STDERR_REDIRECT] 
2026-03-13 00:22:29,180 [ERROR] LogOutputStream:75 - [STDERR_REDIRECT] Mar 13, 2026 12:22:29 AM java.util.prefs.FileSystemPreferences syncWorld
2026-03-13 00:22:29,180 [ERROR] LogOutputStream:75 - [STDERR_REDIRECT] WARNING: Couldn't flush system prefs: java.util.prefs.BackingStoreException: Couldn't get file lock.
2026-03-13 00:22:29,180 [ERROR] LogOutputStream:75 - [STDERR_REDIRECT] 
2026-03-13 00:22:59,180 [ERROR] LogOutputStream:75 - [STDERR_REDIRECT] Mar 13, 2026 12:22:59 AM java.util.prefs.FileSystemPreferences checkLockFile0ErrorCode
2026-03-13 00:22:59,180 [ERROR] LogOutputStream:75 - [STDERR_REDIRECT] WARNING: Could not lock System prefs. Unix error code 30430.
2026-03-13 00:22:59,180 [ERROR] LogOutputStream:75 - [STDERR_REDIRECT] 
2026-03-13 00:22:59,181 [ERROR] LogOutputStream:75 - [STDERR_REDIRECT] Mar 13, 2026 12:22:59 AM java.util.prefs.FileSystemPreferences syncWorld
2026-03-13 00:22:59,198 [ERROR] LogOutputStream:75 - [STDERR_REDIRECT] WARNING: Couldn't flush system prefs: java.util.prefs.BackingStoreException: Couldn't get file lock.
2026-03-13 00:22:59,198 [ERROR] LogOutputStream:75 - [STDERR_REDIRECT] 
2026-03-13 00:23:29,180 [ERROR] LogOutputStream:75 - [STDERR_REDIRECT] Mar 13, 2026 12:23:29 AM java.util.prefs.FileSystemPreferences checkLockFile0ErrorCode
2026-03-13 00:23:29,180 [ERROR] LogOutputStream:75 - [STDERR_REDIRECT] WARNING: Could not lock System prefs. Unix error code 30430.
2026-03-13 00:23:29,180 [ERROR] LogOutputStream:75 - [STDERR_REDIRECT] 
2026-03-13 00:23:29,180 [ERROR] LogOutputStream:75 - [STDERR_REDIRECT] Mar 13, 2026 12:23:29 AM java.util.prefs.FileSystemPreferences syncWorld
2026-03-13 00:23:29,180 [ERROR] LogOutputStream:75 - [STDERR_REDIRECT] WARNING: Couldn't flush system prefs: java.util.prefs.BackingStoreException: Couldn't get file lock.
2026-03-13 00:23:29,181 [ERROR] LogOutputStream:75 - [STDERR_REDIRECT] 
2026-03-13 00:23:59,179 [ERROR] LogOutputStream:75 - [STDERR_REDIRECT] Mar 13, 2026 12:23:59 AM java.util.prefs.FileSystemPreferences checkLockFile0ErrorCode
2026-03-13 00:23:59,179 [ERROR] LogOutputStream:75 - [STDERR_REDIRECT] WARNING: Could not lock System prefs. Unix error code 30430.
2026-03-13 00:23:59,179 [ERROR] LogOutputStream:75 - [STDERR_REDIRECT] 
2026-03-13 00:23:59,180 [ERROR] LogOutputStream:75 - [STDERR_REDIRECT] Mar 13, 2026 12:23:59 AM java.util.prefs.FileSystemPreferences syncWorld
2026-03-13 00:23:59,180 [ERROR] LogOutputStream:75 - [STDERR_REDIRECT] WARNING: Couldn't flush system prefs: java.util.prefs.BackingStoreException: Couldn't get file lock.
2026-03-13 00:23:59,180 [ERROR] LogOutputStream:75 - [STDERR_REDIRECT] 
2026-03-13 00:24:29,181 [ERROR] LogOutputStream:75 - [STDERR_REDIRECT] Mar 13, 2026 12:24:29 AM java.util.prefs.FileSystemPreferences checkLockFile0ErrorCode
2026-03-13 00:24:29,181 [ERROR] LogOutputStream:75 - [STDERR_REDIRECT] WARNING: Could not lock System prefs. Unix error code 30430.
2026-03-13 00:24:29,181 [ERROR] LogOutputStream:75 - [STDERR_REDIRECT] 
2026-03-13 00:24:29,181 [ERROR] LogOutputStream:75 - [STDERR_REDIRECT] Mar 13, 2026 12:24:29 AM java.util.prefs.FileSystemPreferences syncWorld
2026-03-13 00:24:29,181 [ERROR] LogOutputStream:75 - [STDERR_REDIRECT] WARNING: Couldn't flush system prefs: java.util.prefs.BackingStoreException: Couldn't get file lock.
2026-03-13 00:24:29,182 [ERROR] LogOutputStream:75 - [STDERR_REDIRECT] 
2026-03-13 00:24:59,179 [ERROR] LogOutputStream:75 - [STDERR_REDIRECT] Mar 13, 2026 12:24:59 AM java.util.prefs.FileSystemPreferences checkLockFile0ErrorCode
2026-03-13 00:24:59,180 [ERROR] LogOutputStream:75 - [STDERR_REDIRECT] WARNING: Could not lock System prefs. Unix error code 30430.
2026-03-13 00:24:59,180 [ERROR] LogOutputStream:75 - [STDERR_REDIRECT] 
2026-03-13 00:24:59,181 [ERROR] LogOutputStream:75 - [STDERR_REDIRECT] Mar 13, 2026 12:24:59 AM java.util.prefs.FileSystemPreferences syncWorld
2026-03-13 00:24:59,181 [ERROR] LogOutputStream:75 - [STDERR_REDIRECT] WARNING: Couldn't flush system prefs: java.util.prefs.BackingStoreException: Couldn't get file lock.
2026-03-13 00:24:59,181 [ERROR] LogOutputStream:75 - [STDERR_REDIRECT] 
2026-03-13 00:25:29,180 [ERROR] LogOutputStream:75 - [STDERR_REDIRECT] Mar 13, 2026 12:25:29 AM java.util.prefs.FileSystemPreferences checkLockFile0ErrorCode
2026-03-13 00:25:29,180 [ERROR] LogOutputStream:75 - [STDERR_REDIRECT] WARNING: Could not lock System prefs. Unix error code 30430.
2026-03-13 00:25:29,180 [ERROR] LogOutputStream:75 - [STDERR_REDIRECT] 
2026-03-13 00:25:29,180 [ERROR] LogOutputStream:75 - [STDERR_REDIRECT] Mar 13, 2026 12:25:29 AM java.util.prefs.FileSystemPreferences syncWorld
2026-03-13 00:25:29,180 [ERROR] LogOutputStream:75 - [STDERR_REDIRECT] WARNING: Couldn't flush system prefs: java.util.prefs.BackingStoreException: Couldn't get file lock.
2026-03-13 00:25:29,180 [ERROR] LogOutputStream:75 - [STDERR_REDIRECT] 
2026-03-13 00:25:59,180 [ERROR] LogOutputStream:75 - [STDERR_REDIRECT] Mar 13, 2026 12:25:59 AM java.util.prefs.FileSystemPreferences checkLockFile0ErrorCode
2026-03-13 00:25:59,180 [ERROR] LogOutputStream:75 - [STDERR_REDIRECT] WARNING: Could not lock System prefs. Unix error code 30430.
2026-03-13 00:25:59,180 [ERROR] LogOutputStream:75 - [STDERR_REDIRECT] 
2026-03-13 00:25:59,181 [ERROR] LogOutputStream:75 - [STDERR_REDIRECT] Mar 13, 2026 12:25:59 AM java.util.prefs.FileSystemPreferences syncWorld
2026-03-13 00:25:59,198 [ERROR] LogOutputStream:75 - [STDERR_REDIRECT] WARNING: Couldn't flush system prefs: java.util.prefs.BackingStoreException: Couldn't get file lock.
2026-03-13 00:25:59,198 [ERROR] LogOutputStream:75 - [STDERR_REDIRECT] 
2026-03-13 00:26:29,180 [ERROR] LogOutputStream:75 - [STDERR_REDIRECT] Mar 13, 2026 12:26:29 AM java.util.prefs.FileSystemPreferences checkLockFile0ErrorCode
2026-03-13 00:26:29,181 [ERROR] LogOutputStream:75 - [STDERR_REDIRECT] WARNING: Could not lock System prefs. Unix error code 30430.
2026-03-13 00:26:29,181 [ERROR] LogOutputStream:75 - [STDERR_REDIRECT] 
2026-03-13 00:26:29,181 [ERROR] LogOutputStream:75 - [STDERR_REDIRECT] Mar 13, 2026 12:26:29 AM java.util.prefs.FileSystemPreferences syncWorld
2026-03-13 00:26:29,181 [ERROR] LogOutputStream:75 - [STDERR_REDIRECT] WARNING: Couldn't flush system prefs: java.util.prefs.BackingStoreException: Couldn't get file lock.
2026-03-13 00:26:29,181 [ERROR] LogOutputStream:75 - [STDERR_REDIRECT] 
2026-03-13 00:26:59,182 [ERROR] LogOutputStream:75 - [STDERR_REDIRECT] Mar 13, 2026 12:26:59 AM java.util.prefs.FileSystemPreferences checkLockFile0ErrorCode
2026-03-13 00:26:59,200 [ERROR] LogOutputStream:75 - [STDERR_REDIRECT] WARNING: Could not lock System prefs. Unix error code 30430.
2026-03-13 00:26:59,200 [ERROR] LogOutputStream:75 - [STDERR_REDIRECT] 
2026-03-13 00:26:59,201 [ERROR] LogOutputStream:75 - [STDERR_REDIRECT] Mar 13, 2026 12:26:59 AM java.util.prefs.FileSystemPreferences syncWorld
2026-03-13 00:26:59,201 [ERROR] LogOutputStream:75 - [STDERR_REDIRECT] WARNING: Couldn't flush system prefs: java.util.prefs.BackingStoreException: Couldn't get file lock.
2026-03-13 00:26:59,201 [ERROR] LogOutputStream:75 - [STDERR_REDIRECT] 
2026-03-13 00:27:29,181 [ERROR] LogOutputStream:75 - [STDERR_REDIRECT] Mar 13, 2026 12:27:29 AM java.util.prefs.FileSystemPreferences checkLockFile0ErrorCode
2026-03-13 00:27:29,182 [ERROR] LogOutputStream:75 - [STDERR_REDIRECT] WARNING: Could not lock System prefs. Unix error code 30430.
2026-03-13 00:27:29,182 [ERROR] LogOutputStream:75 - [STDERR_REDIRECT] 
2026-03-13 00:27:29,183 [ERROR] LogOutputStream:75 - [STDERR_REDIRECT] Mar 13, 2026 12:27:29 AM java.util.prefs.FileSystemPreferences syncWorld
2026-03-13 00:27:29,199 [ERROR] LogOutputStream:75 - [STDERR_REDIRECT] WARNING: Couldn't flush system prefs: java.util.prefs.BackingStoreException: Couldn't get file lock.
2026-03-13 00:27:29,199 [ERROR] LogOutputStream:75 - [STDERR_REDIRECT] 
2026-03-13 00:27:59,182 [ERROR] LogOutputStream:75 - [STDERR_REDIRECT] Mar 13, 2026 12:27:59 AM java.util.prefs.FileSystemPreferences checkLockFile0ErrorCode
2026-03-13 00:27:59,182 [ERROR] LogOutputStream:75 - [STDERR_REDIRECT] WARNING: Could not lock System prefs. Unix error code 30430.
2026-03-13 00:27:59,182 [ERROR] LogOutputStream:75 - [STDERR_REDIRECT] 
2026-03-13 00:27:59,182 [ERROR] LogOutputStream:75 - [STDERR_REDIRECT] Mar 13, 2026 12:27:59 AM java.util.prefs.FileSystemPreferences syncWorld
2026-03-13 00:27:59,183 [ERROR] LogOutputStream:75 - [STDERR_REDIRECT] WARNING: Couldn't flush system prefs: java.util.prefs.BackingStoreException: Couldn't get file lock.
2026-03-13 00:27:59,183 [ERROR] LogOutputStream:75 - [STDERR_REDIRECT] 
2026-03-13 00:28:29,182 [ERROR] LogOutputStream:75 - [STDERR_REDIRECT] Mar 13, 2026 12:28:29 AM java.util.prefs.FileSystemPreferences checkLockFile0ErrorCode
2026-03-13 00:28:29,183 [ERROR] LogOutputStream:75 - [STDERR_REDIRECT] WARNING: Could not lock System prefs. Unix error code 30430.
2026-03-13 00:28:29,183 [ERROR] LogOutputStream:75 - [STDERR_REDIRECT] 
2026-03-13 00:28:29,183 [ERROR] LogOutputStream:75 - [STDERR_REDIRECT] Mar 13, 2026 12:28:29 AM java.util.prefs.FileSystemPreferences syncWorld
2026-03-13 00:28:29,183 [ERROR] LogOutputStream:75 - [STDERR_REDIRECT] WARNING: Couldn't flush system prefs: java.util.prefs.BackingStoreException: Couldn't get file lock.
2026-03-13 00:28:29,183 [ERROR] LogOutputStream:75 - [STDERR_REDIRECT] 
2026-03-13 00:28:59,183 [ERROR] LogOutputStream:75 - [STDERR_REDIRECT] Mar 13, 2026 12:28:59 AM java.util.prefs.FileSystemPreferences checkLockFile0ErrorCode
2026-03-13 00:28:59,183 [ERROR] LogOutputStream:75 - [STDERR_REDIRECT] WARNING: Could not lock System prefs. Unix error code 30430.
2026-03-13 00:28:59,184 [ERROR] LogOutputStream:75 - [STDERR_REDIRECT] 
2026-03-13 00:28:59,184 [ERROR] LogOutputStream:75 - [STDERR_REDIRECT] Mar 13, 2026 12:28:59 AM java.util.prefs.FileSystemPreferences syncWorld
2026-03-13 00:28:59,184 [ERROR] LogOutputStream:75 - [STDERR_REDIRECT] WARNING: Couldn't flush system prefs: java.util.prefs.BackingStoreException: Couldn't get file lock.
2026-03-13 00:28:59,184 [ERROR] LogOutputStream:75 - [STDERR_REDIRECT] 
2026-03-13 00:29:29,184 [ERROR] LogOutputStream:75 - [STDERR_REDIRECT] Mar 13, 2026 12:29:29 AM java.util.prefs.FileSystemPreferences checkLockFile0ErrorCode
2026-03-13 00:29:29,184 [ERROR] LogOutputStream:75 - [STDERR_REDIRECT] WARNING: Could not lock System prefs. Unix error code 30430.
2026-03-13 00:29:29,184 [ERROR] LogOutputStream:75 - [STDERR_REDIRECT] 
2026-03-13 00:29:29,184 [ERROR] LogOutputStream:75 - [STDERR_REDIRECT] Mar 13, 2026 12:29:29 AM java.util.prefs.FileSystemPreferences syncWorld
2026-03-13 00:29:29,185 [ERROR] LogOutputStream:75 - [STDERR_REDIRECT] WARNING: Couldn't flush system prefs: java.util.prefs.BackingStoreException: Couldn't get file lock.
2026-03-13 00:29:29,185 [ERROR] LogOutputStream:75 - [STDERR_REDIRECT] 
2026-03-13 00:29:59,183 [ERROR] LogOutputStream:75 - [STDERR_REDIRECT] Mar 13, 2026 12:29:59 AM java.util.prefs.FileSystemPreferences checkLockFile0ErrorCode
2026-03-13 00:29:59,184 [ERROR] LogOutputStream:75 - [STDERR_REDIRECT] WARNING: Could not lock System prefs. Unix error code 30430.
2026-03-13 00:29:59,184 [ERROR] LogOutputStream:75 - [STDERR_REDIRECT] 
2026-03-13 00:29:59,184 [ERROR] LogOutputStream:75 - [STDERR_REDIRECT] Mar 13, 2026 12:29:59 AM java.util.prefs.FileSystemPreferences syncWorld
2026-03-13 00:29:59,184 [ERROR] LogOutputStream:75 - [STDERR_REDIRECT] WARNING: Couldn't flush system prefs: java.util.prefs.BackingStoreException: Couldn't get file lock.
2026-03-13 00:29:59,184 [ERROR] LogOutputStream:75 - [STDERR_REDIRECT] 
2026-03-13 00:30:29,184 [ERROR] LogOutputStream:75 - [STDERR_REDIRECT] Mar 13, 2026 12:30:29 AM java.util.prefs.FileSystemPreferences checkLockFile0ErrorCode
2026-03-13 00:30:29,184 [ERROR] LogOutputStream:75 - [STDERR_REDIRECT] WARNING: Could not lock System prefs. Unix error code 30430.
2026-03-13 00:30:29,185 [ERROR] LogOutputStream:75 - [STDERR_REDIRECT] 
2026-03-13 00:30:29,185 [ERROR] LogOutputStream:75 - [STDERR_REDIRECT] Mar 13, 2026 12:30:29 AM java.util.prefs.FileSystemPreferences syncWorld
2026-03-13 00:30:29,185 [ERROR] LogOutputStream:75 - [STDERR_REDIRECT] WARNING: Couldn't flush system prefs: java.util.prefs.BackingStoreException: Couldn't get file lock.
2026-03-13 00:30:29,185 [ERROR] LogOutputStream:75 - [STDERR_REDIRECT] 
2026-03-13 00:30:59,185 [ERROR] LogOutputStream:75 - [STDERR_REDIRECT] Mar 13, 2026 12:30:59 AM java.util.prefs.FileSystemPreferences checkLockFile0ErrorCode
2026-03-13 00:30:59,185 [ERROR] LogOutputStream:75 - [STDERR_REDIRECT] WARNING: Could not lock System prefs. Unix error code 30430.
2026-03-13 00:30:59,185 [ERROR] LogOutputStream:75 - [STDERR_REDIRECT] 
2026-03-13 00:30:59,185 [ERROR] LogOutputStream:75 - [STDERR_REDIRECT] Mar 13, 2026 12:30:59 AM java.util.prefs.FileSystemPreferences syncWorld
2026-03-13 00:30:59,185 [ERROR] LogOutputStream:75 - [STDERR_REDIRECT] WARNING: Couldn't flush system prefs: java.util.prefs.BackingStoreException: Couldn't get file lock.
2026-03-13 00:30:59,185 [ERROR] LogOutputStream:75 - [STDERR_REDIRECT] 
2026-03-13 00:31:29,184 [ERROR] LogOutputStream:75 - [STDERR_REDIRECT] Mar 13, 2026 12:31:29 AM java.util.prefs.FileSystemPreferences checkLockFile0ErrorCode
2026-03-13 00:31:29,184 [ERROR] LogOutputStream:75 - [STDERR_REDIRECT] WARNING: Could not lock System prefs. Unix error code 30430.
2026-03-13 00:31:29,185 [ERROR] LogOutputStream:75 - [STDERR_REDIRECT] 
2026-03-13 00:31:29,185 [ERROR] LogOutputStream:75 - [STDERR_REDIRECT] Mar 13, 2026 12:31:29 AM java.util.prefs.FileSystemPreferences syncWorld
2026-03-13 00:31:29,185 [ERROR] LogOutputStream:75 - [STDERR_REDIRECT] WARNING: Couldn't flush system prefs: java.util.prefs.BackingStoreException: Couldn't get file lock.
2026-03-13 00:31:29,185 [ERROR] LogOutputStream:75 - [STDERR_REDIRECT] 
2026-03-13 00:31:59,185 [ERROR] LogOutputStream:75 - [STDERR_REDIRECT] Mar 13, 2026 12:31:59 AM java.util.prefs.FileSystemPreferences checkLockFile0ErrorCode
2026-03-13 00:31:59,185 [ERROR] LogOutputStream:75 - [STDERR_REDIRECT] WARNING: Could not lock System prefs. Unix error code 30430.
2026-03-13 00:31:59,185 [ERROR] LogOutputStream:75 - [STDERR_REDIRECT] 
2026-03-13 00:31:59,186 [ERROR] LogOutputStream:75 - [STDERR_REDIRECT] Mar 13, 2026 12:31:59 AM java.util.prefs.FileSystemPreferences syncWorld
2026-03-13 00:31:59,186 [ERROR] LogOutputStream:75 - [STDERR_REDIRECT] WARNING: Couldn't flush system prefs: java.util.prefs.BackingStoreException: Couldn't get file lock.
2026-03-13 00:31:59,186 [ERROR] LogOutputStream:75 - [STDERR_REDIRECT] 
2026-03-13 00:32:29,185 [ERROR] LogOutputStream:75 - [STDERR_REDIRECT] Mar 13, 2026 12:32:29 AM java.util.prefs.FileSystemPreferences checkLockFile0ErrorCode
2026-03-13 00:32:29,185 [ERROR] LogOutputStream:75 - [STDERR_REDIRECT] WARNING: Could not lock System prefs. Unix error code 30430.
2026-03-13 00:32:29,185 [ERROR] LogOutputStream:75 - [STDERR_REDIRECT] 
2026-03-13 00:32:29,186 [ERROR] LogOutputStream:75 - [STDERR_REDIRECT] Mar 13, 2026 12:32:29 AM java.util.prefs.FileSystemPreferences syncWorld
2026-03-13 00:32:29,186 [ERROR] LogOutputStream:75 - [STDERR_REDIRECT] WARNING: Couldn't flush system prefs: java.util.prefs.BackingStoreException: Couldn't get file lock.
2026-03-13 00:32:29,186 [ERROR] LogOutputStream:75 - [STDERR_REDIRECT] 
2026-03-13 00:32:59,184 [ERROR] LogOutputStream:75 - [STDERR_REDIRECT] Mar 13, 2026 12:32:59 AM java.util.prefs.FileSystemPreferences checkLockFile0ErrorCode
2026-03-13 00:32:59,185 [ERROR] LogOutputStream:75 - [STDERR_REDIRECT] WARNING: Could not lock System prefs. Unix error code 30430.
2026-03-13 00:32:59,185 [ERROR] LogOutputStream:75 - [STDERR_REDIRECT] 
2026-03-13 00:32:59,185 [ERROR] LogOutputStream:75 - [STDERR_REDIRECT] Mar 13, 2026 12:32:59 AM java.util.prefs.FileSystemPreferences syncWorld
2026-03-13 00:32:59,185 [ERROR] LogOutputStream:75 - [STDERR_REDIRECT] WARNING: Couldn't flush system prefs: java.util.prefs.BackingStoreException: Couldn't get file lock.
2026-03-13 00:32:59,185 [ERROR] LogOutputStream:75 - [STDERR_REDIRECT] 
2026-03-13 00:33:29,185 [ERROR] LogOutputStream:75 - [STDERR_REDIRECT] Mar 13, 2026 12:33:29 AM java.util.prefs.FileSystemPreferences checkLockFile0ErrorCode
2026-03-13 00:33:29,185 [ERROR] LogOutputStream:75 - [STDERR_REDIRECT] WARNING: Could not lock System prefs. Unix error code 30430.
2026-03-13 00:33:29,185 [ERROR] LogOutputStream:75 - [STDERR_REDIRECT] 
2026-03-13 00:33:29,185 [ERROR] LogOutputStream:75 - [STDERR_REDIRECT] Mar 13, 2026 12:33:29 AM java.util.prefs.FileSystemPreferences syncWorld
2026-03-13 00:33:29,185 [ERROR] LogOutputStream:75 - [STDERR_REDIRECT] WARNING: Couldn't flush system prefs: java.util.prefs.BackingStoreException: Couldn't get file lock.
2026-03-13 00:33:29,186 [ERROR] LogOutputStream:75 - [STDERR_REDIRECT] 
2026-03-13 00:33:59,184 [ERROR] LogOutputStream:75 - [STDERR_REDIRECT] Mar 13, 2026 12:33:59 AM java.util.prefs.FileSystemPreferences checkLockFile0ErrorCode
2026-03-13 00:33:59,184 [ERROR] LogOutputStream:75 - [STDERR_REDIRECT] WARNING: Could not lock System prefs. Unix error code 30430.
2026-03-13 00:33:59,185 [ERROR] LogOutputStream:75 - [STDERR_REDIRECT] 
2026-03-13 00:33:59,185 [ERROR] LogOutputStream:75 - [STDERR_REDIRECT] Mar 13, 2026 12:33:59 AM java.util.prefs.FileSystemPreferences syncWorld
2026-03-13 00:33:59,185 [ERROR] LogOutputStream:75 - [STDERR_REDIRECT] WARNING: Couldn't flush system prefs: java.util.prefs.BackingStoreException: Couldn't get file lock.
2026-03-13 00:33:59,185 [ERROR] LogOutputStream:75 - [STDERR_REDIRECT] 
2026-03-13 00:34:29,186 [ERROR] LogOutputStream:75 - [STDERR_REDIRECT] Mar 13, 2026 12:34:29 AM java.util.prefs.FileSystemPreferences checkLockFile0ErrorCode
2026-03-13 00:34:29,186 [ERROR] LogOutputStream:75 - [STDERR_REDIRECT] WARNING: Could not lock System prefs. Unix error code 30430.
2026-03-13 00:34:29,186 [ERROR] LogOutputStream:75 - [STDERR_REDIRECT] 
2026-03-13 00:34:29,187 [ERROR] LogOutputStream:75 - [STDERR_REDIRECT] Mar 13, 2026 12:34:29 AM java.util.prefs.FileSystemPreferences syncWorld
2026-03-13 00:34:29,187 [ERROR] LogOutputStream:75 - [STDERR_REDIRECT] WARNING: Couldn't flush system prefs: java.util.prefs.BackingStoreException: Couldn't get file lock.
2026-03-13 00:34:29,187 [ERROR] LogOutputStream:75 - [STDERR_REDIRECT] 
2026-03-13 00:34:59,186 [ERROR] LogOutputStream:75 - [STDERR_REDIRECT] Mar 13, 2026 12:34:59 AM java.util.prefs.FileSystemPreferences checkLockFile0ErrorCode
2026-03-13 00:34:59,186 [ERROR] LogOutputStream:75 - [STDERR_REDIRECT] WARNING: Could not lock System prefs. Unix error code 30430.
2026-03-13 00:34:59,186 [ERROR] LogOutputStream:75 - [STDERR_REDIRECT] 
2026-03-13 00:34:59,187 [ERROR] LogOutputStream:75 - [STDERR_REDIRECT] Mar 13, 2026 12:34:59 AM java.util.prefs.FileSystemPreferences syncWorld
2026-03-13 00:34:59,187 [ERROR] LogOutputStream:75 - [STDERR_REDIRECT] WARNING: Couldn't flush system prefs: java.util.prefs.BackingStoreException: Couldn't get file lock.
2026-03-13 00:34:59,187 [ERROR] LogOutputStream:75 - [STDERR_REDIRECT] 
2026-03-13 00:35:29,186 [ERROR] LogOutputStream:75 - [STDERR_REDIRECT] Mar 13, 2026 12:35:29 AM java.util.prefs.FileSystemPreferences checkLockFile0ErrorCode
2026-03-13 00:35:29,186 [ERROR] LogOutputStream:75 - [STDERR_REDIRECT] WARNING: Could not lock System prefs. Unix error code 30430.
2026-03-13 00:35:29,186 [ERROR] LogOutputStream:75 - [STDERR_REDIRECT] 
2026-03-13 00:35:29,187 [ERROR] LogOutputStream:75 - [STDERR_REDIRECT] Mar 13, 2026 12:35:29 AM java.util.prefs.FileSystemPreferences syncWorld
2026-03-13 00:35:29,187 [ERROR] LogOutputStream:75 - [STDERR_REDIRECT] WARNING: Couldn't flush system prefs: java.util.prefs.BackingStoreException: Couldn't get file lock.
2026-03-13 00:35:29,187 [ERROR] LogOutputStream:75 - [STDERR_REDIRECT] 
2026-03-13 00:35:59,186 [ERROR] LogOutputStream:75 - [STDERR_REDIRECT] Mar 13, 2026 12:35:59 AM java.util.prefs.FileSystemPreferences checkLockFile0ErrorCode
2026-03-13 00:35:59,186 [ERROR] LogOutputStream:75 - [STDERR_REDIRECT] WARNING: Could not lock System prefs. Unix error code 30430.
2026-03-13 00:35:59,186 [ERROR] LogOutputStream:75 - [STDERR_REDIRECT] 
2026-03-13 00:35:59,187 [ERROR] LogOutputStream:75 - [STDERR_REDIRECT] Mar 13, 2026 12:35:59 AM java.util.prefs.FileSystemPreferences syncWorld
2026-03-13 00:35:59,187 [ERROR] LogOutputStream:75 - [STDERR_REDIRECT] WARNING: Couldn't flush system prefs: java.util.prefs.BackingStoreException: Couldn't get file lock.
2026-03-13 00:35:59,187 [ERROR] LogOutputStream:75 - [STDERR_REDIRECT] 
2026-03-13 00:36:29,186 [ERROR] LogOutputStream:75 - [STDERR_REDIRECT] Mar 13, 2026 12:36:29 AM java.util.prefs.FileSystemPreferences checkLockFile0ErrorCode
2026-03-13 00:36:29,186 [ERROR] LogOutputStream:75 - [STDERR_REDIRECT] WARNING: Could not lock System prefs. Unix error code 30430.
2026-03-13 00:36:29,187 [ERROR] LogOutputStream:75 - [STDERR_REDIRECT] 
2026-03-13 00:36:29,187 [ERROR] LogOutputStream:75 - [STDERR_REDIRECT] Mar 13, 2026 12:36:29 AM java.util.prefs.FileSystemPreferences syncWorld
2026-03-13 00:36:29,187 [ERROR] LogOutputStream:75 - [STDERR_REDIRECT] WARNING: Couldn't flush system prefs: java.util.prefs.BackingStoreException: Couldn't get file lock.
2026-03-13 00:36:29,187 [ERROR] LogOutputStream:75 - [STDERR_REDIRECT] 
2026-03-13 00:36:59,186 [ERROR] LogOutputStream:75 - [STDERR_REDIRECT] Mar 13, 2026 12:36:59 AM java.util.prefs.FileSystemPreferences checkLockFile0ErrorCode
2026-03-13 00:36:59,186 [ERROR] LogOutputStream:75 - [STDERR_REDIRECT] WARNING: Could not lock System prefs. Unix error code 30430.
2026-03-13 00:36:59,188 [ERROR] LogOutputStream:75 - [STDERR_REDIRECT] 
2026-03-13 00:36:59,190 [ERROR] LogOutputStream:75 - [STDERR_REDIRECT] Mar 13, 2026 12:36:59 AM java.util.prefs.FileSystemPreferences syncWorld
2026-03-13 00:36:59,190 [ERROR] LogOutputStream:75 - [STDERR_REDIRECT] WARNING: Couldn't flush system prefs: java.util.prefs.BackingStoreException: Couldn't get file lock.
2026-03-13 00:36:59,190 [ERROR] LogOutputStream:75 - [STDERR_REDIRECT] 
2026-03-13 00:37:29,187 [ERROR] LogOutputStream:75 - [STDERR_REDIRECT] Mar 13, 2026 12:37:29 AM java.util.prefs.FileSystemPreferences checkLockFile0ErrorCode
2026-03-13 00:37:29,187 [ERROR] LogOutputStream:75 - [STDERR_REDIRECT] WARNING: Could not lock System prefs. Unix error code 30430.
2026-03-13 00:37:29,187 [ERROR] LogOutputStream:75 - [STDERR_REDIRECT] 
2026-03-13 00:37:29,187 [ERROR] LogOutputStream:75 - [STDERR_REDIRECT] Mar 13, 2026 12:37:29 AM java.util.prefs.FileSystemPreferences syncWorld
2026-03-13 00:37:29,187 [ERROR] LogOutputStream:75 - [STDERR_REDIRECT] WARNING: Couldn't flush system prefs: java.util.prefs.BackingStoreException: Couldn't get file lock.
2026-03-13 00:37:29,187 [ERROR] LogOutputStream:75 - [STDERR_REDIRECT] 
2026-03-13 00:37:59,187 [ERROR] LogOutputStream:75 - [STDERR_REDIRECT] Mar 13, 2026 12:37:59 AM java.util.prefs.FileSystemPreferences checkLockFile0ErrorCode
2026-03-13 00:37:59,188 [ERROR] LogOutputStream:75 - [STDERR_REDIRECT] WARNING: Could not lock System prefs. Unix error code 30430.
2026-03-13 00:37:59,188 [ERROR] LogOutputStream:75 - [STDERR_REDIRECT] 
2026-03-13 00:37:59,188 [ERROR] LogOutputStream:75 - [STDERR_REDIRECT] Mar 13, 2026 12:37:59 AM java.util.prefs.FileSystemPreferences syncWorld
2026-03-13 00:37:59,188 [ERROR] LogOutputStream:75 - [STDERR_REDIRECT] WARNING: Couldn't flush system prefs: java.util.prefs.BackingStoreException: Couldn't get file lock.
2026-03-13 00:37:59,188 [ERROR] LogOutputStream:75 - [STDERR_REDIRECT] 
2026-03-13 00:38:29,188 [ERROR] LogOutputStream:75 - [STDERR_REDIRECT] Mar 13, 2026 12:38:29 AM java.util.prefs.FileSystemPreferences checkLockFile0ErrorCode
2026-03-13 00:38:29,188 [ERROR] LogOutputStream:75 - [STDERR_REDIRECT] WARNING: Could not lock System prefs. Unix error code 30430.
2026-03-13 00:38:29,188 [ERROR] LogOutputStream:75 - [STDERR_REDIRECT] 
2026-03-13 00:38:29,188 [ERROR] LogOutputStream:75 - [STDERR_REDIRECT] Mar 13, 2026 12:38:29 AM java.util.prefs.FileSystemPreferences syncWorld
2026-03-13 00:38:29,189 [ERROR] LogOutputStream:75 - [STDERR_REDIRECT] WARNING: Couldn't flush system prefs: java.util.prefs.BackingStoreException: Couldn't get file lock.
2026-03-13 00:38:29,189 [ERROR] LogOutputStream:75 - [STDERR_REDIRECT] 
2026-03-13 00:38:59,189 [ERROR] LogOutputStream:75 - [STDERR_REDIRECT] Mar 13, 2026 12:38:59 AM java.util.prefs.FileSystemPreferences checkLockFile0ErrorCode
2026-03-13 00:38:59,189 [ERROR] LogOutputStream:75 - [STDERR_REDIRECT] WARNING: Could not lock System prefs. Unix error code 30430.
2026-03-13 00:38:59,189 [ERROR] LogOutputStream:75 - [STDERR_REDIRECT] 
2026-03-13 00:38:59,189 [ERROR] LogOutputStream:75 - [STDERR_REDIRECT] Mar 13, 2026 12:38:59 AM java.util.prefs.FileSystemPreferences syncWorld
2026-03-13 00:38:59,190 [ERROR] LogOutputStream:75 - [STDERR_REDIRECT] WARNING: Couldn't flush system prefs: java.util.prefs.BackingStoreException: Couldn't get file lock.
2026-03-13 00:38:59,190 [ERROR] LogOutputStream:75 - [STDERR_REDIRECT] 
2026-03-13 00:39:29,189 [ERROR] LogOutputStream:75 - [STDERR_REDIRECT] Mar 13, 2026 12:39:29 AM java.util.prefs.FileSystemPreferences checkLockFile0ErrorCode
2026-03-13 00:39:29,189 [ERROR] LogOutputStream:75 - [STDERR_REDIRECT] WARNING: Could not lock System prefs. Unix error code 30430.
2026-03-13 00:39:29,190 [ERROR] LogOutputStream:75 - [STDERR_REDIRECT] 
2026-03-13 00:39:29,190 [ERROR] LogOutputStream:75 - [STDERR_REDIRECT] Mar 13, 2026 12:39:29 AM java.util.prefs.FileSystemPreferences syncWorld
2026-03-13 00:39:29,190 [ERROR] LogOutputStream:75 - [STDERR_REDIRECT] WARNING: Couldn't flush system prefs: java.util.prefs.BackingStoreException: Couldn't get file lock.
2026-03-13 00:39:29,190 [ERROR] LogOutputStream:75 - [STDERR_REDIRECT] 
2026-03-13 00:39:59,190 [ERROR] LogOutputStream:75 - [STDERR_REDIRECT] Mar 13, 2026 12:39:59 AM java.util.prefs.FileSystemPreferences checkLockFile0ErrorCode
2026-03-13 00:39:59,190 [ERROR] LogOutputStream:75 - [STDERR_REDIRECT] WARNING: Could not lock System prefs. Unix error code 30430.
2026-03-13 00:39:59,190 [ERROR] LogOutputStream:75 - [STDERR_REDIRECT] 
2026-03-13 00:39:59,190 [ERROR] LogOutputStream:75 - [STDERR_REDIRECT] Mar 13, 2026 12:39:59 AM java.util.prefs.FileSystemPreferences syncWorld
2026-03-13 00:39:59,190 [ERROR] LogOutputStream:75 - [STDERR_REDIRECT] WARNING: Couldn't flush system prefs: java.util.prefs.BackingStoreException: Couldn't get file lock.
2026-03-13 00:39:59,191 [ERROR] LogOutputStream:75 - [STDERR_REDIRECT] 
2026-03-13 00:40:29,190 [ERROR] LogOutputStream:75 - [STDERR_REDIRECT] Mar 13, 2026 12:40:29 AM java.util.prefs.FileSystemPreferences checkLockFile0ErrorCode
2026-03-13 00:40:29,190 [ERROR] LogOutputStream:75 - [STDERR_REDIRECT] WARNING: Could not lock System prefs. Unix error code 30430.
2026-03-13 00:40:29,190 [ERROR] LogOutputStream:75 - [STDERR_REDIRECT] 
2026-03-13 00:40:29,190 [ERROR] LogOutputStream:75 - [STDERR_REDIRECT] Mar 13, 2026 12:40:29 AM java.util.prefs.FileSystemPreferences syncWorld
2026-03-13 00:40:29,191 [ERROR] LogOutputStream:75 - [STDERR_REDIRECT] WARNING: Couldn't flush system prefs: java.util.prefs.BackingStoreException: Couldn't get file lock.
2026-03-13 00:40:29,191 [ERROR] LogOutputStream:75 - [STDERR_REDIRECT] 
2026-03-13 00:40:59,189 [ERROR] LogOutputStream:75 - [STDERR_REDIRECT] Mar 13, 2026 12:40:59 AM java.util.prefs.FileSystemPreferences checkLockFile0ErrorCode
2026-03-13 00:40:59,190 [ERROR] LogOutputStream:75 - [STDERR_REDIRECT] WARNING: Could not lock System prefs. Unix error code 30430.
2026-03-13 00:40:59,190 [ERROR] LogOutputStream:75 - [STDERR_REDIRECT] 
2026-03-13 00:40:59,190 [ERROR] LogOutputStream:75 - [STDERR_REDIRECT] Mar 13, 2026 12:40:59 AM java.util.prefs.FileSystemPreferences syncWorld
2026-03-13 00:40:59,190 [ERROR] LogOutputStream:75 - [STDERR_REDIRECT] WARNING: Couldn't flush system prefs: java.util.prefs.BackingStoreException: Couldn't get file lock.
2026-03-13 00:40:59,190 [ERROR] LogOutputStream:75 - [STDERR_REDIRECT] 
2026-03-13 00:41:29,191 [ERROR] LogOutputStream:75 - [STDERR_REDIRECT] Mar 13, 2026 12:41:29 AM java.util.prefs.FileSystemPreferences checkLockFile0ErrorCode
2026-03-13 00:41:29,192 [ERROR] LogOutputStream:75 - [STDERR_REDIRECT] WARNING: Could not lock System prefs. Unix error code 30430.
2026-03-13 00:41:29,192 [ERROR] LogOutputStream:75 - [STDERR_REDIRECT] 
2026-03-13 00:41:29,192 [ERROR] LogOutputStream:75 - [STDERR_REDIRECT] Mar 13, 2026 12:41:29 AM java.util.prefs.FileSystemPreferences syncWorld
2026-03-13 00:41:29,192 [ERROR] LogOutputStream:75 - [STDERR_REDIRECT] WARNING: Couldn't flush system prefs: java.util.prefs.BackingStoreException: Couldn't get file lock.
2026-03-13 00:41:29,192 [ERROR] LogOutputStream:75 - [STDERR_REDIRECT] 
2026-03-13 00:41:59,189 [ERROR] LogOutputStream:75 - [STDERR_REDIRECT] Mar 13, 2026 12:41:59 AM java.util.prefs.FileSystemPreferences checkLockFile0ErrorCode
2026-03-13 00:41:59,189 [ERROR] LogOutputStream:75 - [STDERR_REDIRECT] WARNING: Could not lock System prefs. Unix error code 30430.
2026-03-13 00:41:59,189 [ERROR] LogOutputStream:75 - [STDERR_REDIRECT] 
2026-03-13 00:41:59,190 [ERROR] LogOutputStream:75 - [STDERR_REDIRECT] Mar 13, 2026 12:41:59 AM java.util.prefs.FileSystemPreferences syncWorld
2026-03-13 00:41:59,190 [ERROR] LogOutputStream:75 - [STDERR_REDIRECT] WARNING: Couldn't flush system prefs: java.util.prefs.BackingStoreException: Couldn't get file lock.
2026-03-13 00:41:59,190 [ERROR] LogOutputStream:75 - [STDERR_REDIRECT] 
2026-03-13 00:42:29,190 [ERROR] LogOutputStream:75 - [STDERR_REDIRECT] Mar 13, 2026 12:42:29 AM java.util.prefs.FileSystemPreferences checkLockFile0ErrorCode
2026-03-13 00:42:29,190 [ERROR] LogOutputStream:75 - [STDERR_REDIRECT] WARNING: Could not lock System prefs. Unix error code 30430.
2026-03-13 00:42:29,191 [ERROR] LogOutputStream:75 - [STDERR_REDIRECT] 
2026-03-13 00:42:29,191 [ERROR] LogOutputStream:75 - [STDERR_REDIRECT] Mar 13, 2026 12:42:29 AM java.util.prefs.FileSystemPreferences syncWorld
2026-03-13 00:42:29,191 [ERROR] LogOutputStream:75 - [STDERR_REDIRECT] WARNING: Couldn't flush system prefs: java.util.prefs.BackingStoreException: Couldn't get file lock.
2026-03-13 00:42:29,191 [ERROR] LogOutputStream:75 - [STDERR_REDIRECT] 
2026-03-13 00:42:59,190 [ERROR] LogOutputStream:75 - [STDERR_REDIRECT] Mar 13, 2026 12:42:59 AM java.util.prefs.FileSystemPreferences checkLockFile0ErrorCode
2026-03-13 00:42:59,190 [ERROR] LogOutputStream:75 - [STDERR_REDIRECT] WARNING: Could not lock System prefs. Unix error code 30430.
2026-03-13 00:42:59,190 [ERROR] LogOutputStream:75 - [STDERR_REDIRECT] 
2026-03-13 00:42:59,190 [ERROR] LogOutputStream:75 - [STDERR_REDIRECT] Mar 13, 2026 12:42:59 AM java.util.prefs.FileSystemPreferences syncWorld
2026-03-13 00:42:59,190 [ERROR] LogOutputStream:75 - [STDERR_REDIRECT] WARNING: Couldn't flush system prefs: java.util.prefs.BackingStoreException: Couldn't get file lock.
2026-03-13 00:42:59,190 [ERROR] LogOutputStream:75 - [STDERR_REDIRECT] 
2026-03-13 00:43:29,189 [ERROR] LogOutputStream:75 - [STDERR_REDIRECT] Mar 13, 2026 12:43:29 AM java.util.prefs.FileSystemPreferences checkLockFile0ErrorCode
2026-03-13 00:43:29,189 [ERROR] LogOutputStream:75 - [STDERR_REDIRECT] WARNING: Could not lock System prefs. Unix error code 30430.
2026-03-13 00:43:29,190 [ERROR] LogOutputStream:75 - [STDERR_REDIRECT] 
2026-03-13 00:43:29,190 [ERROR] LogOutputStream:75 - [STDERR_REDIRECT] Mar 13, 2026 12:43:29 AM java.util.prefs.FileSystemPreferences syncWorld
2026-03-13 00:43:29,190 [ERROR] LogOutputStream:75 - [STDERR_REDIRECT] WARNING: Couldn't flush system prefs: java.util.prefs.BackingStoreException: Couldn't get file lock.
2026-03-13 00:43:29,190 [ERROR] LogOutputStream:75 - [STDERR_REDIRECT] 
2026-03-13 00:43:59,190 [ERROR] LogOutputStream:75 - [STDERR_REDIRECT] Mar 13, 2026 12:43:59 AM java.util.prefs.FileSystemPreferences checkLockFile0ErrorCode
2026-03-13 00:43:59,190 [ERROR] LogOutputStream:75 - [STDERR_REDIRECT] WARNING: Could not lock System prefs. Unix error code 30430.
2026-03-13 00:43:59,190 [ERROR] LogOutputStream:75 - [STDERR_REDIRECT] 
2026-03-13 00:43:59,191 [ERROR] LogOutputStream:75 - [STDERR_REDIRECT] Mar 13, 2026 12:43:59 AM java.util.prefs.FileSystemPreferences syncWorld
2026-03-13 00:43:59,191 [ERROR] LogOutputStream:75 - [STDERR_REDIRECT] WARNING: Couldn't flush system prefs: java.util.prefs.BackingStoreException: Couldn't get file lock.
2026-03-13 00:43:59,191 [ERROR] LogOutputStream:75 - [STDERR_REDIRECT] 
2026-03-13 00:44:29,189 [ERROR] LogOutputStream:75 - [STDERR_REDIRECT] Mar 13, 2026 12:44:29 AM java.util.prefs.FileSystemPreferences checkLockFile0ErrorCode
2026-03-13 00:44:29,190 [ERROR] LogOutputStream:75 - [STDERR_REDIRECT] WARNING: Could not lock System prefs. Unix error code 30430.
2026-03-13 00:44:29,190 [ERROR] LogOutputStream:75 - [STDERR_REDIRECT] 
2026-03-13 00:44:29,190 [ERROR] LogOutputStream:75 - [STDERR_REDIRECT] Mar 13, 2026 12:44:29 AM java.util.prefs.FileSystemPreferences syncWorld
2026-03-13 00:44:29,190 [ERROR] LogOutputStream:75 - [STDERR_REDIRECT] WARNING: Couldn't flush system prefs: java.util.prefs.BackingStoreException: Couldn't get file lock.
2026-03-13 00:44:29,190 [ERROR] LogOutputStream:75 - [STDERR_REDIRECT] 
2026-03-13 00:44:59,190 [ERROR] LogOutputStream:75 - [STDERR_REDIRECT] Mar 13, 2026 12:44:59 AM java.util.prefs.FileSystemPreferences checkLockFile0ErrorCode
2026-03-13 00:44:59,190 [ERROR] LogOutputStream:75 - [STDERR_REDIRECT] WARNING: Could not lock System prefs. Unix error code 30430.
2026-03-13 00:44:59,190 [ERROR] LogOutputStream:75 - [STDERR_REDIRECT] 
2026-03-13 00:44:59,190 [ERROR] LogOutputStream:75 - [STDERR_REDIRECT] Mar 13, 2026 12:44:59 AM java.util.prefs.FileSystemPreferences syncWorld
2026-03-13 00:44:59,191 [ERROR] LogOutputStream:75 - [STDERR_REDIRECT] WARNING: Couldn't flush system prefs: java.util.prefs.BackingStoreException: Couldn't get file lock.
2026-03-13 00:44:59,191 [ERROR] LogOutputStream:75 - [STDERR_REDIRECT] 
2026-03-13 00:45:29,190 [ERROR] LogOutputStream:75 - [STDERR_REDIRECT] Mar 13, 2026 12:45:29 AM java.util.prefs.FileSystemPreferences checkLockFile0ErrorCode
2026-03-13 00:45:29,190 [ERROR] LogOutputStream:75 - [STDERR_REDIRECT] WARNING: Could not lock System prefs. Unix error code 30430.
2026-03-13 00:45:29,190 [ERROR] LogOutputStream:75 - [STDERR_REDIRECT] 
2026-03-13 00:45:29,190 [ERROR] LogOutputStream:75 - [STDERR_REDIRECT] Mar 13, 2026 12:45:29 AM java.util.prefs.FileSystemPreferences syncWorld
2026-03-13 00:45:29,190 [ERROR] LogOutputStream:75 - [STDERR_REDIRECT] WARNING: Couldn't flush system prefs: java.util.prefs.BackingStoreException: Couldn't get file lock.
2026-03-13 00:45:29,190 [ERROR] LogOutputStream:75 - [STDERR_REDIRECT] 
2026-03-13 00:45:59,189 [ERROR] LogOutputStream:75 - [STDERR_REDIRECT] Mar 13, 2026 12:45:59 AM java.util.prefs.FileSystemPreferences checkLockFile0ErrorCode
2026-03-13 00:45:59,190 [ERROR] LogOutputStream:75 - [STDERR_REDIRECT] WARNING: Could not lock System prefs. Unix error code 30430.
2026-03-13 00:45:59,190 [ERROR] LogOutputStream:75 - [STDERR_REDIRECT] 
2026-03-13 00:45:59,190 [ERROR] LogOutputStream:75 - [STDERR_REDIRECT] Mar 13, 2026 12:45:59 AM java.util.prefs.FileSystemPreferences syncWorld
2026-03-13 00:45:59,190 [ERROR] LogOutputStream:75 - [STDERR_REDIRECT] WARNING: Couldn't flush system prefs: java.util.prefs.BackingStoreException: Couldn't get file lock.
2026-03-13 00:45:59,190 [ERROR] LogOutputStream:75 - [STDERR_REDIRECT] 
2026-03-13 00:46:29,190 [ERROR] LogOutputStream:75 - [STDERR_REDIRECT] Mar 13, 2026 12:46:29 AM java.util.prefs.FileSystemPreferences checkLockFile0ErrorCode
2026-03-13 00:46:29,191 [ERROR] LogOutputStream:75 - [STDERR_REDIRECT] WARNING: Could not lock System prefs. Unix error code 30430.
2026-03-13 00:46:29,191 [ERROR] LogOutputStream:75 - [STDERR_REDIRECT] 
2026-03-13 00:46:29,192 [ERROR] LogOutputStream:75 - [STDERR_REDIRECT] Mar 13, 2026 12:46:29 AM java.util.prefs.FileSystemPreferences syncWorld
2026-03-13 00:46:29,192 [ERROR] LogOutputStream:75 - [STDERR_REDIRECT] WARNING: Couldn't flush system prefs: java.util.prefs.BackingStoreException: Couldn't get file lock.
2026-03-13 00:46:29,192 [ERROR] LogOutputStream:75 - [STDERR_REDIRECT] 
