2026-06-23 16:02:28,889 [ERROR] LogOutputStream:75 - [STDERR_REDIRECT] Jun 23, 2026 4:02:28 PM java.util.prefs.FileSystemPreferences checkLockFile0ErrorCode
2026-06-23 16:02:28,902 [ERROR] LogOutputStream:75 - [STDERR_REDIRECT] WARNING: Could not lock System prefs. Unix error code 5.
2026-06-23 16:02:28,902 [ERROR] LogOutputStream:75 - [STDERR_REDIRECT] 
2026-06-23 16:02:28,908 [ERROR] LogOutputStream:75 - [STDERR_REDIRECT] Jun 23, 2026 4:02:28 PM java.util.prefs.FileSystemPreferences syncWorld
2026-06-23 16:02:28,908 [ERROR] LogOutputStream:75 - [STDERR_REDIRECT] WARNING: Couldn't flush system prefs: java.util.prefs.BackingStoreException: Couldn't get file lock.
2026-06-23 16:02:28,923 [ERROR] LogOutputStream:75 - [STDERR_REDIRECT] 
2026-06-23 16:02:58,881 [ERROR] LogOutputStream:75 - [STDERR_REDIRECT] Jun 23, 2026 4:02:58 PM java.util.prefs.FileSystemPreferences checkLockFile0ErrorCode
2026-06-23 16:02:58,881 [ERROR] LogOutputStream:75 - [STDERR_REDIRECT] WARNING: Could not lock System prefs. Unix error code 5.
2026-06-23 16:02:58,881 [ERROR] LogOutputStream:75 - [STDERR_REDIRECT] 
2026-06-23 16:02:58,881 [ERROR] LogOutputStream:75 - [STDERR_REDIRECT] Jun 23, 2026 4:02:58 PM java.util.prefs.FileSystemPreferences syncWorld
2026-06-23 16:02:58,890 [ERROR] LogOutputStream:75 - [STDERR_REDIRECT] WARNING: Couldn't flush system prefs: java.util.prefs.BackingStoreException: Couldn't get file lock.
2026-06-23 16:02:58,890 [ERROR] LogOutputStream:75 - [STDERR_REDIRECT] 
2026-06-23 16:03:28,890 [ERROR] LogOutputStream:75 - [STDERR_REDIRECT] Jun 23, 2026 4:03:28 PM java.util.prefs.FileSystemPreferences checkLockFile0ErrorCode
2026-06-23 16:03:28,891 [ERROR] LogOutputStream:75 - [STDERR_REDIRECT] WARNING: Could not lock System prefs. Unix error code 5.
2026-06-23 16:03:28,891 [ERROR] LogOutputStream:75 - [STDERR_REDIRECT] 
2026-06-23 16:03:28,891 [ERROR] LogOutputStream:75 - [STDERR_REDIRECT] Jun 23, 2026 4:03:28 PM java.util.prefs.FileSystemPreferences syncWorld
2026-06-23 16:03:28,891 [ERROR] LogOutputStream:75 - [STDERR_REDIRECT] WARNING: Couldn't flush system prefs: java.util.prefs.BackingStoreException: Couldn't get file lock.
2026-06-23 16:03:28,891 [ERROR] LogOutputStream:75 - [STDERR_REDIRECT] 
2026-06-23 16:03:58,890 [ERROR] LogOutputStream:75 - [STDERR_REDIRECT] Jun 23, 2026 4:03:58 PM java.util.prefs.FileSystemPreferences checkLockFile0ErrorCode
2026-06-23 16:03:58,890 [ERROR] LogOutputStream:75 - [STDERR_REDIRECT] WARNING: Could not lock System prefs. Unix error code 5.
2026-06-23 16:03:58,890 [ERROR] LogOutputStream:75 - [STDERR_REDIRECT] 
2026-06-23 16:03:58,893 [ERROR] LogOutputStream:75 - [STDERR_REDIRECT] Jun 23, 2026 4:03:58 PM java.util.prefs.FileSystemPreferences syncWorld
2026-06-23 16:03:58,894 [ERROR] LogOutputStream:75 - [STDERR_REDIRECT] WARNING: Couldn't flush system prefs: java.util.prefs.BackingStoreException: Couldn't get file lock.
2026-06-23 16:03:58,894 [ERROR] LogOutputStream:75 - [STDERR_REDIRECT] 
2026-06-23 16:04:28,886 [ERROR] LogOutputStream:75 - [STDERR_REDIRECT] Jun 23, 2026 4:04:28 PM java.util.prefs.FileSystemPreferences checkLockFile0ErrorCode
2026-06-23 16:04:28,886 [ERROR] LogOutputStream:75 - [STDERR_REDIRECT] WARNING: Could not lock System prefs. Unix error code 5.
2026-06-23 16:04:28,886 [ERROR] LogOutputStream:75 - [STDERR_REDIRECT] 
2026-06-23 16:04:28,887 [ERROR] LogOutputStream:75 - [STDERR_REDIRECT] Jun 23, 2026 4:04:28 PM java.util.prefs.FileSystemPreferences syncWorld
2026-06-23 16:04:28,887 [ERROR] LogOutputStream:75 - [STDERR_REDIRECT] WARNING: Couldn't flush system prefs: java.util.prefs.BackingStoreException: Couldn't get file lock.
2026-06-23 16:04:28,887 [ERROR] LogOutputStream:75 - [STDERR_REDIRECT] 
2026-06-23 16:04:58,886 [ERROR] LogOutputStream:75 - [STDERR_REDIRECT] Jun 23, 2026 4:04:58 PM java.util.prefs.FileSystemPreferences checkLockFile0ErrorCode
2026-06-23 16:04:58,887 [ERROR] LogOutputStream:75 - [STDERR_REDIRECT] WARNING: Could not lock System prefs. Unix error code 5.
2026-06-23 16:04:58,887 [ERROR] LogOutputStream:75 - [STDERR_REDIRECT] 
2026-06-23 16:04:58,887 [ERROR] LogOutputStream:75 - [STDERR_REDIRECT] Jun 23, 2026 4:04:58 PM java.util.prefs.FileSystemPreferences syncWorld
2026-06-23 16:04:58,887 [ERROR] LogOutputStream:75 - [STDERR_REDIRECT] WARNING: Couldn't flush system prefs: java.util.prefs.BackingStoreException: Couldn't get file lock.
2026-06-23 16:04:58,887 [ERROR] LogOutputStream:75 - [STDERR_REDIRECT] 
2026-06-23 16:05:28,886 [ERROR] LogOutputStream:75 - [STDERR_REDIRECT] Jun 23, 2026 4:05:28 PM java.util.prefs.FileSystemPreferences checkLockFile0ErrorCode
2026-06-23 16:05:28,886 [ERROR] LogOutputStream:75 - [STDERR_REDIRECT] WARNING: Could not lock System prefs. Unix error code 5.
2026-06-23 16:05:28,886 [ERROR] LogOutputStream:75 - [STDERR_REDIRECT] 
2026-06-23 16:05:28,886 [ERROR] LogOutputStream:75 - [STDERR_REDIRECT] Jun 23, 2026 4:05:28 PM java.util.prefs.FileSystemPreferences syncWorld
2026-06-23 16:05:28,886 [ERROR] LogOutputStream:75 - [STDERR_REDIRECT] WARNING: Couldn't flush system prefs: java.util.prefs.BackingStoreException: Couldn't get file lock.
2026-06-23 16:05:28,886 [ERROR] LogOutputStream:75 - [STDERR_REDIRECT] 
2026-06-23 16:05:58,886 [ERROR] LogOutputStream:75 - [STDERR_REDIRECT] Jun 23, 2026 4:05:58 PM java.util.prefs.FileSystemPreferences checkLockFile0ErrorCode
2026-06-23 16:05:58,886 [ERROR] LogOutputStream:75 - [STDERR_REDIRECT] WARNING: Could not lock System prefs. Unix error code 5.
2026-06-23 16:05:58,886 [ERROR] LogOutputStream:75 - [STDERR_REDIRECT] 
2026-06-23 16:05:58,886 [ERROR] LogOutputStream:75 - [STDERR_REDIRECT] Jun 23, 2026 4:05:58 PM java.util.prefs.FileSystemPreferences syncWorld
2026-06-23 16:05:58,887 [ERROR] LogOutputStream:75 - [STDERR_REDIRECT] WARNING: Couldn't flush system prefs: java.util.prefs.BackingStoreException: Couldn't get file lock.
2026-06-23 16:05:58,887 [ERROR] LogOutputStream:75 - [STDERR_REDIRECT] 
2026-06-23 16:06:28,887 [ERROR] LogOutputStream:75 - [STDERR_REDIRECT] Jun 23, 2026 4:06:28 PM java.util.prefs.FileSystemPreferences checkLockFile0ErrorCode
2026-06-23 16:06:28,887 [ERROR] LogOutputStream:75 - [STDERR_REDIRECT] WARNING: Could not lock System prefs. Unix error code 5.
2026-06-23 16:06:28,887 [ERROR] LogOutputStream:75 - [STDERR_REDIRECT] 
2026-06-23 16:06:28,887 [ERROR] LogOutputStream:75 - [STDERR_REDIRECT] Jun 23, 2026 4:06:28 PM java.util.prefs.FileSystemPreferences syncWorld
2026-06-23 16:06:28,887 [ERROR] LogOutputStream:75 - [STDERR_REDIRECT] WARNING: Couldn't flush system prefs: java.util.prefs.BackingStoreException: Couldn't get file lock.
2026-06-23 16:06:28,887 [ERROR] LogOutputStream:75 - [STDERR_REDIRECT] 
