2026-03-09 23:50:49,967 [INFO] Activator:176 - 


2026-03-09 23:50:49,975 [INFO] Activator:177 - !SESSION log4j initialized
2026-03-09 23:50:59,484 [INFO] LogOutputStream:77 - [STDOUT_REDIRECT] 
2026-03-09 23:51:06,166 [INFO] ApplicationProperties:184 - Using Application install path: /opt/st/stm32cubeide_1.15.0_2/plugins/com.st.stm32cube.common.mx_6.11.0.202403141607
2026-03-09 23:51:06,199 [INFO] DbMcusXml:78 - Set database path to: /opt/st/stm32cubeide_1.15.0_2/plugins/com.st.stm32cube.common.mx_6.11.0.202403141607//db//mcu/
2026-03-09 23:51:06,200 [INFO] ApiDb:274 - Set plugin database path to: /opt/st/stm32cubeide_1.15.0_2/plugins/com.st.stm32cube.common.mx_6.11.0.202403141607//db//plugins/boardmanager/
2026-03-09 23:51:06,200 [WARN] ApiDb:259 - Overriding images path with different value:  => /opt/st/stm32cubeide_1.15.0_2/plugins/com.st.stm32cube.common.mx_6.11.0.202403141607//db//plugins/mcufinder/images/
2026-03-09 23:51:06,209 [INFO] ApiDb:250 - Set database path to: /home/peter/.stmcufinder/plugins/mcufinder//mcu/
2026-03-09 23:51:06,210 [INFO] DbMcusAds:125 - Set database path to: /home/peter/.stmcufinder/plugins/mcufinder//mcu/
2026-03-09 23:51:06,216 [INFO] CrossReferenceDbSqlite:203 - Set database path to: /home/peter/.stmcufinder/plugins/mcufinder//mcu/cs/
2026-03-09 23:51:06,625 [INFO] RulesReader:64 - Compatibility file has been processed (297 Rules)
2026-03-09 23:51:06,830 [INFO] DbMcusXml:78 - Set database path to: /opt/st/stm32cubeide_1.15.0_2/plugins/com.st.stm32cube.common.mx_6.11.0.202403141607//db//mcu/
2026-03-09 23:51:06,830 [INFO] ApiDb:274 - Set plugin database path to: /opt/st/stm32cubeide_1.15.0_2/plugins/com.st.stm32cube.common.mx_6.11.0.202403141607//db//plugins/boardmanager/
2026-03-09 23:51:06,830 [INFO] ApiDb:261 - Set plugin images path to: /opt/st/stm32cubeide_1.15.0_2/plugins/com.st.stm32cube.common.mx_6.11.0.202403141607//db//plugins/mcufinder/images/
2026-03-09 23:51:06,831 [WARN] DbFile:41 - Overriding database path with different value: /home/peter/.stmcufinder/plugins/mcufinder/ => /home/peter/.stmcufinder/plugins/mcufinder
2026-03-09 23:51:06,835 [INFO] ApiDb:250 - Set database path to: /home/peter/.stmcufinder/plugins/mcufinder//mcu/
2026-03-09 23:51:06,836 [WARN] DbFile:41 - Overriding database path with different value: /home/peter/.stmcufinder/plugins/mcufinder/ => /home/peter/.stmcufinder/plugins/mcufinder
2026-03-09 23:51:06,836 [INFO] DbMcusAds:125 - Set database path to: /home/peter/.stmcufinder/plugins/mcufinder//mcu/
2026-03-09 23:51:06,836 [WARN] DbFile:41 - Overriding database path with different value: /home/peter/.stmcufinder/plugins/mcufinder/ => /home/peter/.stmcufinder/plugins/mcufinder
2026-03-09 23:51:06,836 [WARN] DbFile:41 - Overriding database path with different value: /home/peter/.stmcufinder/plugins/mcufinder/ => /home/peter/.stmcufinder/plugins/mcufinder
2026-03-09 23:51:06,836 [INFO] CrossReferenceDbSqlite:203 - Set database path to: /home/peter/.stmcufinder/plugins/mcufinder//mcu/cs/
2026-03-09 23:51:07,185 [INFO] MainPanel:264 - HeapMemory: 268435456
2026-03-09 23:51:07,399 [INFO] DbMcusXml:78 - Set database path to: /opt/st/stm32cubeide_1.15.0_2/plugins/com.st.stm32cube.common.mx_6.11.0.202403141607//db//mcu/
2026-03-09 23:51:07,399 [INFO] ApiDb:274 - Set plugin database path to: /opt/st/stm32cubeide_1.15.0_2/plugins/com.st.stm32cube.common.mx_6.11.0.202403141607//db//plugins/boardmanager/
2026-03-09 23:51:07,400 [INFO] ApiDb:261 - Set plugin images path to: /opt/st/stm32cubeide_1.15.0_2/plugins/com.st.stm32cube.common.mx_6.11.0.202403141607//db//plugins/mcufinder/images/
2026-03-09 23:51:07,401 [WARN] DbFile:41 - Overriding database path with different value: /home/peter/.stmcufinder/plugins/mcufinder/ => /home/peter/.stmcufinder/plugins/mcufinder
2026-03-09 23:51:07,401 [INFO] ApiDb:250 - Set database path to: /home/peter/.stmcufinder/plugins/mcufinder//mcu/
2026-03-09 23:51:07,401 [WARN] DbFile:41 - Overriding database path with different value: /home/peter/.stmcufinder/plugins/mcufinder/ => /home/peter/.stmcufinder/plugins/mcufinder
2026-03-09 23:51:07,402 [INFO] DbMcusAds:125 - Set database path to: /home/peter/.stmcufinder/plugins/mcufinder//mcu/
2026-03-09 23:51:07,402 [WARN] DbFile:41 - Overriding database path with different value: /home/peter/.stmcufinder/plugins/mcufinder/ => /home/peter/.stmcufinder/plugins/mcufinder
2026-03-09 23:51:07,402 [WARN] DbFile:41 - Overriding database path with different value: /home/peter/.stmcufinder/plugins/mcufinder/ => /home/peter/.stmcufinder/plugins/mcufinder
2026-03-09 23:51:07,403 [INFO] CrossReferenceDbSqlite:203 - Set database path to: /home/peter/.stmcufinder/plugins/mcufinder//mcu/cs/
2026-03-09 23:51:07,428 [INFO] ApplicationProperties:184 - Using Application install path: /opt/st/stm32cubeide_1.15.0_2/plugins/com.st.stm32cube.common.mx_6.11.0.202403141607
2026-03-09 23:51:07,431 [INFO] PluginManage:196 - Search for loadable plugins [exclusion list=, ]
2026-03-09 23:51:07,433 [INFO] PluginManage:310 - Check plugin analytics
2026-03-09 23:51:07,842 [INFO] AnalyticsPlugin:253 - Accepted Software Licenses: 
2026-03-09 23:51:07,843 [INFO] AnalyticsPlugin:255 - Accepted CMSIS Pack Licenses: 
2026-03-09 23:51:07,843 [INFO] AnalyticsPlugin:257 - Accepted Firmware Licenses: FW.C0.1.1.0
2026-03-09 23:51:07,854 [INFO] PluginManage:359 - Loaded plugin analytics (category:tool,tabindex:-1)
2026-03-09 23:51:07,854 [INFO] PluginManage:310 - Check plugin cadmodel
2026-03-09 23:51:07,910 [INFO] CADModel:105 - Init CAD model plugin
2026-03-09 23:51:07,911 [INFO] PluginManage:359 - Loaded plugin cadmodel (category:power,tabindex:5)
2026-03-09 23:51:07,911 [INFO] PluginManage:310 - Check plugin clock
2026-03-09 23:51:07,926 [INFO] PluginManage:359 - Loaded plugin clock (category:base,tabindex:2)
2026-03-09 23:51:07,926 [INFO] PluginManage:310 - Check plugin ddr
2026-03-09 23:51:07,929 [INFO] PluginManage:359 - Loaded plugin ddr (category:tool,tabindex:6)
2026-03-09 23:51:07,929 [INFO] PluginManage:310 - Check plugin filemanager
2026-03-09 23:51:08,185 [INFO] PluginManage:359 - Loaded plugin filemanager (category:base,tabindex:10)
2026-03-09 23:51:08,186 [INFO] PluginManage:310 - Check plugin ipmanager
2026-03-09 23:51:08,196 [INFO] PluginManage:359 - Loaded plugin ipmanager (category:base,tabindex:5)
2026-03-09 23:51:08,196 [INFO] PluginManage:310 - Check plugin lpbam
2026-03-09 23:51:08,212 [INFO] PluginManage:359 - Loaded plugin lpbam (category:base,tabindex:0)
2026-03-09 23:51:08,212 [INFO] PluginManage:310 - Check plugin memorymap
2026-03-09 23:51:08,230 [INFO] PluginManage:359 - Loaded plugin memorymap (category:base,tabindex:4)
2026-03-09 23:51:08,231 [INFO] PluginManage:310 - Check plugin pinoutandconfiguration
2026-03-09 23:51:08,244 [INFO] PluginManage:359 - Loaded plugin pinoutandconfiguration (category:base,tabindex:1)
2026-03-09 23:51:08,244 [INFO] PluginManage:310 - Check plugin pinoutconfig
2026-03-09 23:51:08,402 [WARN] SupportedApi:132 - Cannot load RTOS API schema: s4s-elt-must-match.1: The content of 'definitions' must match (annotation?, (simpleType | complexType)?, (unique | key | keyref)*)). A problem was found starting at: attribute.
2026-03-09 23:51:08,673 [INFO] PluginManage:359 - Loaded plugin pinoutconfig (category:base,tabindex:0)
2026-03-09 23:51:08,674 [INFO] PluginManage:310 - Check plugin power
2026-03-09 23:51:08,693 [INFO] PluginManage:359 - Loaded plugin power (category:power,tabindex:4)
2026-03-09 23:51:08,693 [INFO] PluginManage:310 - Check plugin projectmanager
2026-03-09 23:51:08,739 [INFO] PluginManage:359 - Loaded plugin projectmanager (category:projectmanager,tabindex:3)
2026-03-09 23:51:08,740 [INFO] PluginManage:310 - Check plugin thirdparty
2026-03-09 23:51:09,083 [WARN] IntegrityCheckThread:84 - waiting for thirdparty lock release [integrity check]
2026-03-09 23:51:09,084 [INFO] IntegrityCheckThread:86 - entering critical section [integrity check]
2026-03-09 23:51:09,084 [INFO] ThirdPartyUpdaterWithRetryManager:70 - Updater plugin not ready yet. [1/15]
2026-03-09 23:51:09,085 [INFO] PluginManage:359 - Loaded plugin thirdparty (category:base,tabindex:-1)
2026-03-09 23:51:09,086 [INFO] PluginManage:310 - Check plugin tools
2026-03-09 23:51:09,089 [INFO] PluginManage:359 - Loaded plugin tools (category:base,tabindex:7)
2026-03-09 23:51:09,089 [INFO] PluginManage:310 - Check plugin tutovideos
2026-03-09 23:51:09,435 [INFO] PluginManage:359 - Loaded plugin tutovideos (category:base,tabindex:-1)
2026-03-09 23:51:09,435 [INFO] PluginManage:310 - Check plugin updater
2026-03-09 23:51:09,452 [INFO] PluginManage:359 - Loaded plugin updater (category:base,tabindex:12)
2026-03-09 23:51:09,452 [INFO] PluginManage:310 - Check plugin userauth
2026-03-09 23:51:09,460 [INFO] UserAuth:114 - Init User Auth plugin
2026-03-09 23:51:09,460 [INFO] PluginManage:359 - Loaded plugin userauth (category:base,tabindex:14)
2026-03-09 23:51:09,462 [INFO] PluginManage:283 - PluginManage : Loaded plugins [17]
2026-03-09 23:51:09,859 [INFO] PinOutPanel:1561 - setPackage(No Configuration,No Configuration)
2026-03-09 23:51:10,016 [INFO] CADModel:165 - CPN selected for project level
2026-03-09 23:51:10,018 [INFO] CADModel:114 - Register for checkConnection events
2026-03-09 23:51:10,041 [INFO] IPUIPlugin:80 - create IPUIPlugin
2026-03-09 23:51:10,044 [INFO] PluginManager:220 - loadIPPluginJar : add mdma
2026-03-09 23:51:10,054 [INFO] IPUIPlugin:80 - create IPUIPlugin
2026-03-09 23:51:10,055 [INFO] PluginManager:220 - loadIPPluginJar : add cryp
2026-03-09 23:51:10,066 [INFO] IPUIPlugin:80 - create IPUIPlugin
2026-03-09 23:51:10,067 [INFO] PluginManager:220 - loadIPPluginJar : add freertos
2026-03-09 23:51:10,074 [INFO] IPUIPlugin:80 - create IPUIPlugin
2026-03-09 23:51:10,075 [INFO] PluginManager:220 - loadIPPluginJar : add gpio
2026-03-09 23:51:10,082 [INFO] IPUIPlugin:80 - create IPUIPlugin
2026-03-09 23:51:10,083 [INFO] PluginManager:220 - loadIPPluginJar : add usbx
2026-03-09 23:51:10,086 [INFO] IPUIPlugin:80 - create IPUIPlugin
2026-03-09 23:51:10,086 [INFO] PluginManager:220 - loadIPPluginJar : add lorawan
2026-03-09 23:51:10,091 [INFO] IPUIPlugin:80 - create IPUIPlugin
2026-03-09 23:51:10,093 [INFO] PluginManager:220 - loadIPPluginJar : add can
2026-03-09 23:51:10,099 [INFO] IPUIPlugin:80 - create IPUIPlugin
2026-03-09 23:51:10,099 [INFO] PluginManager:220 - loadIPPluginJar : add pdm2pcm
2026-03-09 23:51:10,101 [INFO] IPUIPlugin:80 - create IPUIPlugin
2026-03-09 23:51:10,102 [INFO] PluginManager:220 - loadIPPluginJar : add fatfs
2026-03-09 23:51:10,159 [INFO] IPUIPlugin:80 - create IPUIPlugin
2026-03-09 23:51:10,161 [INFO] PluginManager:220 - loadIPPluginJar : add resmgrutility
2026-03-09 23:51:10,171 [INFO] IPUIPlugin:80 - create IPUIPlugin
2026-03-09 23:51:10,172 [INFO] PluginManager:220 - loadIPPluginJar : add hash
2026-03-09 23:51:10,183 [INFO] IPUIPlugin:80 - create IPUIPlugin
2026-03-09 23:51:10,183 [INFO] PluginManager:220 - loadIPPluginJar : add nvic
2026-03-09 23:51:10,190 [INFO] IPUIPlugin:80 - create IPUIPlugin
2026-03-09 23:51:10,191 [INFO] PluginManager:220 - loadIPPluginJar : add gfxmmu
2026-03-09 23:51:10,199 [INFO] IPUIPlugin:80 - create IPUIPlugin
2026-03-09 23:51:10,199 [INFO] PluginManager:220 - loadIPPluginJar : add quadspi
2026-03-09 23:51:10,205 [INFO] IPUIPlugin:80 - create IPUIPlugin
2026-03-09 23:51:10,205 [INFO] PluginManager:220 - loadIPPluginJar : add aes
2026-03-09 23:51:10,233 [INFO] IPUIPlugin:80 - create IPUIPlugin
2026-03-09 23:51:10,234 [INFO] PluginManager:220 - loadIPPluginJar : add linkedlist
2026-03-09 23:51:10,240 [INFO] IPUIPlugin:80 - create IPUIPlugin
2026-03-09 23:51:10,240 [INFO] PluginManager:220 - loadIPPluginJar : add ts
2026-03-09 23:51:10,257 [INFO] IPUIPlugin:80 - create IPUIPlugin
2026-03-09 23:51:10,260 [INFO] PluginManager:220 - loadIPPluginJar : add stm32_wpan
2026-03-09 23:51:10,272 [INFO] IPUIPlugin:80 - create IPUIPlugin
2026-03-09 23:51:10,273 [INFO] PluginManager:220 - loadIPPluginJar : add touchsensing
2026-03-09 23:51:10,280 [INFO] IPUIPlugin:80 - create IPUIPlugin
2026-03-09 23:51:10,281 [INFO] PluginManager:220 - loadIPPluginJar : add dma3
2026-03-09 23:51:10,289 [INFO] IPUIPlugin:80 - create IPUIPlugin
2026-03-09 23:51:10,289 [INFO] PluginManager:220 - loadIPPluginJar : add spi
2026-03-09 23:51:10,295 [INFO] IPUIPlugin:80 - create IPUIPlugin
2026-03-09 23:51:10,297 [INFO] PluginManager:220 - loadIPPluginJar : add openamp
2026-03-09 23:51:10,309 [INFO] IPUIPlugin:80 - create IPUIPlugin
2026-03-09 23:51:10,309 [INFO] PluginManager:220 - loadIPPluginJar : add sai
2026-03-09 23:51:10,317 [INFO] IPUIPlugin:80 - create IPUIPlugin
2026-03-09 23:51:10,320 [INFO] PluginManager:220 - loadIPPluginJar : add opamp
2026-03-09 23:51:10,336 [INFO] IPUIPlugin:80 - create IPUIPlugin
2026-03-09 23:51:10,351 [INFO] PluginManager:220 - loadIPPluginJar : add plateformsettings
2026-03-09 23:51:10,362 [INFO] IPUIPlugin:80 - create IPUIPlugin
2026-03-09 23:51:10,362 [INFO] PluginManager:220 - loadIPPluginJar : add ipddr
2026-03-09 23:51:10,367 [INFO] IPUIPlugin:80 - create IPUIPlugin
2026-03-09 23:51:10,367 [INFO] PluginManager:220 - loadIPPluginJar : add ltdc
2026-03-09 23:51:10,380 [INFO] IPUIPlugin:80 - create IPUIPlugin
2026-03-09 23:51:10,382 [INFO] PluginManager:220 - loadIPPluginJar : add fmc
2026-03-09 23:51:10,397 [INFO] IPUIPlugin:80 - create IPUIPlugin
2026-03-09 23:51:10,398 [INFO] PluginManager:220 - loadIPPluginJar : add adc
2026-03-09 23:51:10,405 [INFO] IPUIPlugin:80 - create IPUIPlugin
2026-03-09 23:51:10,405 [INFO] PluginManager:220 - loadIPPluginJar : add i2s
2026-03-09 23:51:10,438 [INFO] IPUIPlugin:80 - create IPUIPlugin
2026-03-09 23:51:10,440 [INFO] PluginManager:220 - loadIPPluginJar : add tracer_emb
2026-03-09 23:51:10,455 [INFO] IPUIPlugin:80 - create IPUIPlugin
2026-03-09 23:51:10,455 [INFO] PluginManager:220 - loadIPPluginJar : add i2c
2026-03-09 23:51:10,464 [INFO] IPUIPlugin:80 - create IPUIPlugin
2026-03-09 23:51:10,465 [INFO] PluginManager:220 - loadIPPluginJar : add gtzc
2026-03-09 23:51:10,471 [INFO] IPUIPlugin:80 - create IPUIPlugin
2026-03-09 23:51:10,472 [INFO] PluginManager:220 - loadIPPluginJar : add tim
2026-03-09 23:51:10,478 [INFO] IPUIPlugin:80 - create IPUIPlugin
2026-03-09 23:51:10,479 [INFO] PluginManager:220 - loadIPPluginJar : add ucpd
2026-03-09 23:51:10,490 [INFO] IPUIPlugin:80 - create IPUIPlugin
2026-03-09 23:51:10,490 [INFO] PluginManager:220 - loadIPPluginJar : add usart
2026-03-09 23:51:10,504 [INFO] IPUIPlugin:80 - create IPUIPlugin
2026-03-09 23:51:10,506 [INFO] PluginManager:220 - loadIPPluginJar : add dfsdm
2026-03-09 23:51:10,521 [INFO] IPUIPlugin:80 - create IPUIPlugin
2026-03-09 23:51:10,521 [INFO] PluginManager:220 - loadIPPluginJar : add i3c
2026-03-09 23:51:10,543 [INFO] IPUIPlugin:80 - create IPUIPlugin
2026-03-09 23:51:10,547 [INFO] PluginManager:220 - loadIPPluginJar : add gic
2026-03-09 23:51:10,554 [INFO] IPUIPlugin:80 - create IPUIPlugin
2026-03-09 23:51:10,554 [INFO] PluginManager:220 - loadIPPluginJar : add comp
2026-03-09 23:51:10,560 [INFO] IPUIPlugin:80 - create IPUIPlugin
2026-03-09 23:51:10,562 [INFO] PluginManager:220 - loadIPPluginJar : add tsc
2026-03-09 23:51:10,578 [INFO] IPUIPlugin:80 - create IPUIPlugin
2026-03-09 23:51:10,579 [INFO] PluginManager:220 - loadIPPluginJar : add genericplugin
2026-03-09 23:51:10,587 [INFO] IPUIPlugin:80 - create IPUIPlugin
2026-03-09 23:51:10,588 [INFO] PluginManager:220 - loadIPPluginJar : add extmemmanager
2026-03-09 23:51:10,607 [INFO] IPUIPlugin:80 - create IPUIPlugin
2026-03-09 23:51:10,607 [INFO] PluginManager:220 - loadIPPluginJar : add dma
2026-03-09 23:51:10,770 [INFO] CADModel:165 - CPN selected for project level
2026-03-09 23:51:10,770 [INFO] CADModel:114 - Register for checkConnection events
2026-03-09 23:51:10,770 [FATAL] Updater:308 - Updater called before beeing initialized
2026-03-09 23:51:10,771 [ERROR] CADModel:125 - Updater not yet initialized, retry later 
2026-03-09 23:51:11,068 [INFO] CADModel:165 - CPN selected for project level
2026-03-09 23:51:11,068 [INFO] CADModel:114 - Register for checkConnection events
2026-03-09 23:51:11,068 [FATAL] Updater:308 - Updater called before beeing initialized
2026-03-09 23:51:11,068 [ERROR] CADModel:125 - Updater not yet initialized, retry later 
2026-03-09 23:51:11,075 [FATAL] Updater:308 - Updater called before beeing initialized
2026-03-09 23:51:11,313 [FATAL] Updater:308 - Updater called before beeing initialized
2026-03-09 23:51:11,322 [INFO] DbMcusAds:53 - JSON generation date=Tue Jul 08 04:14:23 EDT 2025 (1751962463524)
2026-03-09 23:51:11,322 [FATAL] Updater:308 - Updater called before beeing initialized
2026-03-09 23:51:11,403 [WARN] DetailPanel:346 - Failed to get advertising image, set to default
2026-03-09 23:51:11,594 [FATAL] Updater:308 - Updater called before beeing initialized
2026-03-09 23:51:11,596 [FATAL] Updater:308 - Updater called before beeing initialized
2026-03-09 23:51:11,596 [FATAL] Updater:308 - Updater called before beeing initialized
2026-03-09 23:51:11,596 [WARN] DetailPanel:346 - Failed to get advertising image, set to default
2026-03-09 23:51:11,598 [FATAL] Updater:308 - Updater called before beeing initialized
2026-03-09 23:51:11,675 [ERROR] Updater:1120 - MainUpdater not yet initialized. External WinMGr cannot be set.
2026-03-09 23:51:11,677 [INFO] Updater:1056 - Updater Version found : 6.11.0
2026-03-09 23:51:11,701 [INFO] ApplicationProperties:184 - Using Application install path: /opt/st/stm32cubeide_1.15.0_2/plugins/com.st.stm32cube.common.mx_6.11.0.202403141607
2026-03-09 23:51:11,726 [ERROR] LogOutputStream:75 - [STDERR_REDIRECT] Mar 09, 2026 11:51:11 PM java.util.prefs.FileSystemPreferences$2 run
2026-03-09 23:51:11,726 [ERROR] LogOutputStream:75 - [STDERR_REDIRECT] WARNING: Could not create system preferences directory. System preferences are unusable.
2026-03-09 23:51:11,727 [ERROR] LogOutputStream:75 - [STDERR_REDIRECT] 
2026-03-09 23:51:12,087 [INFO] ThirdPartyUpdaterWithRetryManager:70 - Updater plugin not ready yet. [2/15]
2026-03-09 23:51:12,220 [INFO] MainUpdater:2873 - connection check result : 10
2026-03-09 23:51:12,221 [INFO] MainUpdater:3567 - Updater definition file requires update
2026-03-09 23:51:12,222 [INFO] MainUpdater:290 - Updater Check For Update Now.
2026-03-09 23:51:12,222 [INFO] MicroXplorer:498 - Change Database Version : DB.6.0.110
2026-03-09 23:51:12,231 [INFO] McuFinderGlobals:63 - Set McuFinder mode to 2 (CubeIDE integrated)
2026-03-09 23:51:12,242 [INFO] UserAuth:415 - Internet connection configuration mode: 1
2026-03-09 23:51:12,257 [INFO] JxBrowserEngine:152 - Initiate JxBrowser Engine with user profile folder
2026-03-09 23:51:12,276 [INFO] ServerAccessManage:473 - Download File updaters.zip
2026-03-09 23:51:12,568 [INFO] FileExtend:240 - Unzip File : updaters.zip
2026-03-09 23:51:12,569 [INFO] FileExtend:255 - Standard Zip Deflate
2026-03-09 23:51:13,045 [INFO] ServerAccessManage:473 - Download File PacksControlFlags.xml
2026-03-09 23:51:13,427 [INFO] ServerAccessManage:473 - Download File cubemx.pidx
2026-03-09 23:51:14,160 [INFO] LoadServerUpdatesThread:375 - End of LoadServerUpdate Thread
2026-03-09 23:51:14,421 [INFO] WebApp:161 - Instantiating new browser for Auth
2026-03-09 23:51:14,778 [INFO] CheckServerUpdateThread:120 - End of CheckServer Thread
2026-03-09 23:51:15,897 [WARN] PackLoader:240 - Cannot read IP mode file for STMicroelectronics.X-CUBE-AZRTOS-H7.3.5.0
2026-03-09 23:51:15,973 [WARN] PackLoader:240 - Cannot read IP mode file for STMicroelectronics.FP-SNS-MOTENVWB1.1.4.0
2026-03-09 23:51:15,993 [WARN] PackLoader:240 - Cannot read IP mode file for STMicroelectronics.FP-ATR-ASTRA1.2.0.2
2026-03-09 23:51:16,003 [WARN] PackLoader:240 - Cannot read IP mode file for STMicroelectronics.FP-ATR-ASTRA1.2.0.1
2026-03-09 23:51:16,029 [WARN] PackLoader:240 - Cannot read IP mode file for STMicroelectronics.X-CUBE-SMBUS.2.1.0
2026-03-09 23:51:16,055 [WARN] PackLoader:240 - Cannot read IP mode file for STMicroelectronics.X-CUBE-WB05N.1.1.0
2026-03-09 23:51:16,093 [ERROR] Engine:466 - /home/peter/.stm32cubemx/thirdparties/pdsc/STMicroelectronics.X-CUBE-ST60.1.0.0.pdsc: PDSC version is not supported
2026-03-09 23:51:16,103 [WARN] PackLoader:240 - Cannot read IP mode file for STMicroelectronics.X-CUBE-TOUCHGFX.4.23.1
2026-03-09 23:51:16,109 [WARN] PackLoader:240 - Cannot read IP mode file for STMicroelectronics.X-CUBE-TOUCHGFX.4.23.2
2026-03-09 23:51:16,224 [WARN] PackLoader:240 - Cannot read IP mode file for STMicroelectronics.X-CUBE-AZRTOS-F7.1.1.0
2026-03-09 23:51:16,413 [WARN] PackLoader:240 - Cannot read IP mode file for STMicroelectronics.X-CUBE-MEMS1.11.0.0
2026-03-09 23:51:16,616 [INFO] WebApp:779 - Register for checkConnection events
2026-03-09 23:51:16,616 [INFO] WebApp:414 - Apply proxy settings
2026-03-09 23:51:16,617 [INFO] WebApp:499 - Chromium requires no authentication
2026-03-09 23:51:16,633 [INFO] WebApp:442 - Direct internet connection detected
2026-03-09 23:51:16,797 [ERROR] Engine:466 - /home/peter/.stm32cubemx/thirdparties/pdsc/STMicroelectronics.FP-SNS-MOTENV1.5.1.0.pdsc: PDSC version is not supported
2026-03-09 23:51:16,802 [WARN] PackLoader:240 - Cannot read IP mode file for STMicroelectronics.FP-SNS-FLIGHT1.5.0.2
2026-03-09 23:51:16,939 [WARN] PackLoader:240 - Cannot read IP mode file for STMicroelectronics.X-CUBE-AZRTOS-H7.3.4.0
2026-03-09 23:51:17,001 [WARN] PackLoader:240 - Cannot read IP mode file for STMicroelectronics.X-CUBE-DISPLAY.3.0.0
2026-03-09 23:51:17,025 [ERROR] Engine:466 - /home/peter/.stm32cubemx/thirdparties/pdsc/STMicroelectronics.FP-SNS-MOTENVWB1.1.5.0.pdsc: PDSC version is not supported
2026-03-09 23:51:17,045 [WARN] PackLoader:240 - Cannot read IP mode file for STMicroelectronics.X-CUBE-BLE1.7.0.0
2026-03-09 23:51:17,071 [WARN] PackLoader:240 - Cannot read IP mode file for STMicroelectronics.X-CUBE-NFC10.1.0.0
2026-03-09 23:51:17,121 [WARN] PackLoader:240 - Cannot read IP mode file for STMicroelectronics.X-CUBE-BLEMGR.4.0.0
2026-03-09 23:51:17,156 [ERROR] Engine:466 - /home/peter/.stm32cubemx/thirdparties/pdsc/STMicroelectronics.X-CUBE-ST60.1.1.0.pdsc: PDSC version is not supported
2026-03-09 23:51:17,169 [WARN] PackLoader:240 - Cannot read IP mode file for emotas.I-CUBE-CANOPEN.1.3.0
2026-03-09 23:51:17,187 [WARN] PackLoader:240 - Cannot read IP mode file for STMicroelectronics.X-CUBE-GNSS1.7.1.0
2026-03-09 23:51:17,226 [WARN] PackLoader:240 - Cannot read IP mode file for STMicroelectronics.X-CUBE-BLEMGR.3.1.0
2026-03-09 23:51:17,251 [WARN] PackLoader:240 - Cannot read IP mode file for STMicroelectronics.X-CUBE-AI.10.0.0
2026-03-09 23:51:17,270 [ERROR] Engine:466 - /home/peter/.stm32cubemx/thirdparties/pdsc/STMicroelectronics.FP-SNS-STBOX1.2.1.0.pdsc: PDSC version is not supported
2026-03-09 23:51:17,289 [WARN] PackLoader:240 - Cannot read IP mode file for STMicroelectronics.FP-SNS-SMARTAG2.1.2.0
2026-03-09 23:51:17,296 [ERROR] Engine:466 - /home/peter/.stm32cubemx/thirdparties/pdsc/STMicroelectronics.FP-SNS-FLIGHT1.5.1.0.pdsc: PDSC version is not supported
2026-03-09 23:51:17,360 [INFO] WebApp:192 - Starting web application
2026-03-09 23:51:17,360 [INFO] WebApp:544 - Web application path used /opt/st/stm32cubeide_1.15.0_2/plugins/com.st.stm32cube.common.mx_6.11.0.202403141607/db/plugins/mcufinder/reactClient1/index.html
2026-03-09 23:51:17,461 [WARN] PackLoader:240 - Cannot read IP mode file for STMicroelectronics.X-CUBE-MEMS1.11.1.0
2026-03-09 23:51:18,238 [INFO] LogOutputStream:77 - [STDOUT_REDIRECT] 1 : Invalid condition id : UX_CORESTACK_Condition cause : null
2026-03-09 23:51:18,245 [INFO] LogOutputStream:77 - [STDOUT_REDIRECT] 1 : Invalid condition id : UX_CORESTACK_Condition cause : null
2026-03-09 23:51:18,246 [INFO] LogOutputStream:77 - [STDOUT_REDIRECT] 1 : Invalid condition id : UX_CORESTACK_Condition cause : null
2026-03-09 23:51:18,248 [INFO] LogOutputStream:77 - [STDOUT_REDIRECT] 1 : Invalid condition id : UX_CORESTACK_Condition cause : null
2026-03-09 23:51:18,249 [INFO] LogOutputStream:77 - [STDOUT_REDIRECT] 1 : Invalid condition id : UX_CORESTACK_Condition cause : null
2026-03-09 23:51:18,270 [WARN] PackLoader:240 - Cannot read IP mode file for STMicroelectronics.X-CUBE-AZRTOS-WL.2.0.0
2026-03-09 23:51:18,286 [WARN] PackLoader:240 - Cannot read IP mode file for STMicroelectronics.FP-SNS-MOTENV1.5.0.0
2026-03-09 23:51:18,353 [WARN] PackLoader:240 - Cannot read IP mode file for STMicroelectronics.X-CUBE-AZRTOS-H7RS.1.2.0
2026-03-09 23:51:18,374 [WARN] PackLoader:240 - Cannot read IP mode file for wolfSSL.I-CUBE-wolfMQTT.1.19.0
2026-03-09 23:51:18,398 [WARN] PackLoader:240 - Cannot read IP mode file for WES.I-CUBE-Cesium.1.3.0
2026-03-09 23:51:18,406 [WARN] PackLoader:240 - Cannot read IP mode file for STMicroelectronics.X-CUBE-BLE2.3.3.0
2026-03-09 23:51:18,410 [ERROR] Engine:466 - /home/peter/.stm32cubemx/thirdparties/pdsc/Avnet-IOTCONNECT.X-CUBE-iotc-st67-sdk.1.0.0.pdsc: PDSC version is not supported
2026-03-09 23:51:18,421 [WARN] PackLoader:240 - Cannot read IP mode file for STMicroelectronics.X-CUBE-NFC9.1.0.0
2026-03-09 23:51:18,437 [WARN] PackLoader:240 - Cannot read IP mode file for STMicroelectronics.X-CUBE-BLE1.7.1.0
2026-03-09 23:51:18,444 [WARN] PackLoader:240 - Cannot read IP mode file for STMicroelectronics.X-CUBE-TCPP.4.1.0
2026-03-09 23:51:18,449 [ERROR] Engine:466 - /home/peter/.stm32cubemx/thirdparties/pdsc/STMicroelectronics.X-CUBE-FREERTOS.1.4.0.pdsc: PDSC version is not supported
2026-03-09 23:51:18,463 [WARN] PackLoader:240 - Cannot read IP mode file for STMicroelectronics.X-CUBE-EEPRMA1.5.2.0
2026-03-09 23:51:18,475 [ERROR] Engine:466 - /home/peter/.stm32cubemx/thirdparties/pdsc/STMicroelectronics.X-CUBE-ST67W61.1.1.0.pdsc: PDSC version is not supported
2026-03-09 23:51:18,482 [WARN] PackLoader:240 - Cannot read IP mode file for STMicroelectronics.X-CUBE-AI.10.1.0
2026-03-09 23:51:18,588 [WARN] PackLoader:240 - Cannot read IP mode file for STMicroelectronics.X-CUBE-MEMS1.12.0.0
2026-03-09 23:51:18,766 [WARN] PackLoader:240 - Cannot read IP mode file for STMicroelectronics.X-CUBE-ALGOBUILD.1.3.0
2026-03-09 23:51:18,888 [WARN] PackLoader:240 - Cannot read IP mode file for STMicroelectronics.X-CUBE-MEMS1.11.2.0
2026-03-09 23:51:19,280 [WARN] PackLoader:240 - Cannot read IP mode file for STMicroelectronics.X-CUBE-AZRTOS-G0.1.1.0
2026-03-09 23:51:19,292 [WARN] PackLoader:240 - Cannot read IP mode file for STMicroelectronics.X-CUBE-SAFEA1.1.2.2
2026-03-09 23:51:19,300 [WARN] PackLoader:240 - Cannot read IP mode file for STMicroelectronics.X-CUBE-NFC4.3.0.0
2026-03-09 23:51:19,305 [WARN] PackLoader:240 - Cannot read IP mode file for wolfSSL.I-CUBE-wolfMQTT.1.18.0
2026-03-09 23:51:19,319 [WARN] PackLoader:240 - Cannot read IP mode file for EmbeddedOffice.I-CUBE-FS-RTOS.1.0.1
2026-03-09 23:51:19,320 [ERROR] ConditionMgr:805 - Attr not supported : Dmpu
2026-03-09 23:51:19,320 [ERROR] ConditionMgr:805 - Attr not supported : Dmpu
2026-03-09 23:51:19,320 [ERROR] ConditionMgr:805 - Attr not supported : Dmpu
2026-03-09 23:51:19,320 [ERROR] ConditionMgr:805 - Attr not supported : Dmpu
2026-03-09 23:51:19,320 [ERROR] ConditionMgr:805 - Attr not supported : Dmpu
2026-03-09 23:51:19,320 [ERROR] ConditionMgr:805 - Attr not supported : Dmpu
2026-03-09 23:51:19,320 [ERROR] ConditionMgr:805 - Attr not supported : Dmpu
2026-03-09 23:51:19,320 [ERROR] ConditionMgr:805 - Attr not supported : Dmpu
2026-03-09 23:51:19,321 [ERROR] ConditionMgr:805 - Attr not supported : Dmpu
2026-03-09 23:51:19,321 [ERROR] ConditionMgr:805 - Attr not supported : Dmpu
2026-03-09 23:51:19,321 [ERROR] ConditionMgr:805 - Attr not supported : Dmpu
2026-03-09 23:51:19,321 [ERROR] ConditionMgr:805 - Attr not supported : Dmpu
2026-03-09 23:51:19,321 [ERROR] ConditionMgr:805 - Attr not supported : Dmpu
2026-03-09 23:51:19,321 [ERROR] ConditionMgr:805 - Attr not supported : Dmpu
2026-03-09 23:51:19,322 [ERROR] ConditionMgr:805 - Attr not supported : Dmpu
2026-03-09 23:51:19,322 [ERROR] ConditionMgr:805 - Attr not supported : Dmpu
2026-03-09 23:51:19,322 [ERROR] ConditionMgr:805 - Attr not supported : Dmpu
2026-03-09 23:51:19,322 [ERROR] ConditionMgr:805 - Attr not supported : Dmpu
2026-03-09 23:51:19,322 [ERROR] ConditionMgr:805 - Attr not supported : Dmpu
2026-03-09 23:51:19,322 [ERROR] ConditionMgr:805 - Attr not supported : Dmpu
2026-03-09 23:51:19,323 [ERROR] ConditionMgr:805 - Attr not supported : Dmpu
2026-03-09 23:51:19,323 [ERROR] ConditionMgr:805 - Attr not supported : Dmpu
2026-03-09 23:51:19,323 [ERROR] ConditionMgr:805 - Attr not supported : Dmpu
2026-03-09 23:51:19,323 [ERROR] ConditionMgr:805 - Attr not supported : Dmpu
2026-03-09 23:51:19,323 [ERROR] ConditionMgr:805 - Attr not supported : Dmpu
2026-03-09 23:51:19,324 [ERROR] ConditionMgr:805 - Attr not supported : Dmpu
2026-03-09 23:51:19,324 [ERROR] ConditionMgr:805 - Attr not supported : Dmpu
2026-03-09 23:51:19,324 [ERROR] ConditionMgr:805 - Attr not supported : Dmpu
2026-03-09 23:51:19,324 [ERROR] ConditionMgr:805 - Attr not supported : Dmpu
2026-03-09 23:51:19,324 [ERROR] ConditionMgr:805 - Attr not supported : Dmpu
2026-03-09 23:51:19,324 [ERROR] ConditionMgr:805 - Attr not supported : Dmpu
2026-03-09 23:51:19,324 [ERROR] ConditionMgr:805 - Attr not supported : Dmpu
2026-03-09 23:51:19,324 [ERROR] ConditionMgr:805 - Attr not supported : Dmpu
2026-03-09 23:51:19,324 [ERROR] ConditionMgr:805 - Attr not supported : Dmpu
2026-03-09 23:51:19,325 [ERROR] ConditionMgr:805 - Attr not supported : Dmpu
2026-03-09 23:51:19,325 [ERROR] ConditionMgr:805 - Attr not supported : Dmpu
2026-03-09 23:51:19,325 [ERROR] ConditionMgr:805 - Attr not supported : Dmpu
2026-03-09 23:51:19,325 [ERROR] ConditionMgr:805 - Attr not supported : Dmpu
2026-03-09 23:51:19,326 [ERROR] ConditionMgr:805 - Attr not supported : Dmpu
2026-03-09 23:51:19,326 [ERROR] ConditionMgr:805 - Attr not supported : Dmpu
2026-03-09 23:51:19,326 [ERROR] ConditionMgr:805 - Attr not supported : Dmpu
2026-03-09 23:51:19,326 [ERROR] ConditionMgr:805 - Attr not supported : Dmpu
2026-03-09 23:51:19,326 [ERROR] ConditionMgr:805 - Attr not supported : Dmpu
2026-03-09 23:51:19,326 [ERROR] ConditionMgr:805 - Attr not supported : Dmpu
2026-03-09 23:51:19,327 [ERROR] ConditionMgr:805 - Attr not supported : Dmpu
2026-03-09 23:51:19,327 [ERROR] ConditionMgr:805 - Attr not supported : Dmpu
2026-03-09 23:51:19,327 [ERROR] ConditionMgr:805 - Attr not supported : Dmpu
2026-03-09 23:51:19,328 [ERROR] ConditionMgr:805 - Attr not supported : Dmpu
2026-03-09 23:51:19,328 [ERROR] ConditionMgr:805 - Attr not supported : Dmpu
2026-03-09 23:51:19,328 [ERROR] ConditionMgr:805 - Attr not supported : Dmpu
2026-03-09 23:51:19,328 [ERROR] ConditionMgr:805 - Attr not supported : Dmpu
2026-03-09 23:51:19,328 [ERROR] ConditionMgr:805 - Attr not supported : Dmpu
2026-03-09 23:51:19,328 [ERROR] ConditionMgr:805 - Attr not supported : Dmpu
2026-03-09 23:51:19,328 [ERROR] ConditionMgr:805 - Attr not supported : Dmpu
2026-03-09 23:51:19,329 [ERROR] ConditionMgr:805 - Attr not supported : Dmpu
2026-03-09 23:51:19,329 [ERROR] ConditionMgr:805 - Attr not supported : Dmpu
2026-03-09 23:51:19,329 [ERROR] ConditionMgr:805 - Attr not supported : Dmpu
2026-03-09 23:51:19,329 [ERROR] ConditionMgr:805 - Attr not supported : Dmpu
2026-03-09 23:51:19,329 [ERROR] ConditionMgr:805 - Attr not supported : Dmpu
2026-03-09 23:51:19,330 [ERROR] ConditionMgr:805 - Attr not supported : Dmpu
2026-03-09 23:51:19,330 [ERROR] ConditionMgr:805 - Attr not supported : Dmpu
2026-03-09 23:51:19,330 [ERROR] ConditionMgr:805 - Attr not supported : Dmpu
2026-03-09 23:51:19,330 [ERROR] ConditionMgr:805 - Attr not supported : Dmpu
2026-03-09 23:51:19,330 [ERROR] ConditionMgr:805 - Attr not supported : Dmpu
2026-03-09 23:51:19,336 [WARN] PackLoader:240 - Cannot read IP mode file for STMicroelectronics.X-CUBE-WB05N.2.0.0
2026-03-09 23:51:19,342 [ERROR] Engine:466 - /home/peter/.stm32cubemx/thirdparties/pdsc/STMicroelectronics.X-CUBE-TCPP.4.2.0.pdsc: PDSC version is not supported
2026-03-09 23:51:19,348 [WARN] PackLoader:240 - Cannot read IP mode file for RealThread.X-CUBE-RT-Thread_Nano.4.1.1
2026-03-09 23:51:19,352 [WARN] PackLoader:240 - Cannot read IP mode file for wolfSSL.I-CUBE-wolfSSL.5.7.0
2026-03-09 23:51:19,356 [WARN] PackLoader:240 - Cannot read IP mode file for STMicroelectronics.FP-ATR-SIGFOX1.3.2.0
2026-03-09 23:51:19,361 [WARN] ConditionMgr:438 - getConditionDescription Invalid condition id : Cortex-A Device cause : null
2026-03-09 23:51:19,373 [WARN] ConditionMgr:1039 - genDependencies : Invalid condition id : Cortex-A Device cause : null
2026-03-09 23:51:19,374 [WARN] ConditionMgr:1039 - genDependencies : Invalid condition id : Cortex-A Device cause : null
2026-03-09 23:51:19,374 [WARN] ConditionMgr:1039 - genDependencies : Invalid condition id : Cortex-A Device cause : null
2026-03-09 23:51:19,382 [WARN] PackLoader:240 - Cannot read IP mode file for STMicroelectronics.X-CUBE-EEPRMA1.5.1.0
2026-03-09 23:51:19,388 [ERROR] Engine:466 - /home/peter/.stm32cubemx/thirdparties/pdsc/STMicroelectronics.X-CUBE-FREERTOS.1.5.0.pdsc: PDSC version is not supported
2026-03-09 23:51:19,394 [WARN] PackLoader:240 - Cannot read IP mode file for ITTIA_DB.I-CUBE-ITTIADB.8.9.0
2026-03-09 23:51:19,404 [WARN] PackLoader:240 - Cannot read IP mode file for STMicroelectronics.X-CUBE-NFC6.3.2.0
2026-03-09 23:51:19,412 [ERROR] Engine:466 - /home/peter/.stm32cubemx/thirdparties/pdsc/STMicroelectronics.X-CUBE-ST67W61.1.0.0.pdsc: PDSC version is not supported
2026-03-09 23:51:19,416 [WARN] PackLoader:240 - Cannot read IP mode file for STMicroelectronics.X-CUBE-AI.10.2.0
2026-03-09 23:51:19,503 [WARN] PackLoader:240 - Cannot read IP mode file for SEGGER.I-CUBE-embOS.1.3.1
2026-03-09 23:51:19,690 [WARN] PackLoader:240 - Cannot read IP mode file for STMicroelectronics.X-CUBE-ALGOBUILD.1.4.0
2026-03-09 23:51:19,848 [WARN] PackLoader:240 - Cannot read IP mode file for STMicroelectronics.X-CUBE-MEMS1.11.3.0
2026-03-09 23:51:20,235 [WARN] PackLoader:240 - Cannot read IP mode file for STMicroelectronics.X-CUBE-AI.9.1.0
2026-03-09 23:51:20,243 [WARN] PackLoader:240 - Cannot read IP mode file for STMicroelectronics.X-CUBE-PM33A1.1.0.0
2026-03-09 23:51:20,254 [WARN] PackLoader:240 - Cannot read IP mode file for STMicroelectronics.X-CUBE-GNSS1.6.0.0
2026-03-09 23:51:20,287 [WARN] PackLoader:240 - Cannot read IP mode file for STMicroelectronics.X-CUBE-AZRTOS-F4.1.1.0
2026-03-09 23:51:20,294 [ERROR] Engine:466 - /home/peter/.stm32cubemx/thirdparties/pdsc/Avnet-IotConnect.X-CUBE-IoTC-DA16k-PMOD.1.0.0.pdsc: PDSC version is not supported
2026-03-09 23:51:20,306 [WARN] PackLoader:240 - Cannot read IP mode file for STMicroelectronics.X-CUBE-ISPU.2.1.0
2026-03-09 23:51:20,325 [ERROR] Engine:466 - /home/peter/.stm32cubemx/thirdparties/pdsc/STMicroelectronics.X-CUBE-IPS.3.2.0.pdsc: PDSC version is not supported
2026-03-09 23:51:20,332 [WARN] PackLoader:240 - Cannot read IP mode file for STMicroelectronics.X-CUBE-FREERTOS.1.2.0
2026-03-09 23:51:20,343 [WARN] PackLoader:240 - Cannot read IP mode file for STMicroelectronics.X-CUBE-NFC12.1.0.0
2026-03-09 23:51:20,379 [WARN] PackLoader:240 - Cannot read IP mode file for STMicroelectronics.X-CUBE-AZRTOS-L5.2.0.0
2026-03-09 23:51:20,395 [WARN] PackLoader:240 - Cannot read IP mode file for STMicroelectronics.X-CUBE-NFC6.3.1.0
2026-03-09 23:51:20,408 [WARN] PackLoader:240 - Cannot read IP mode file for STMicroelectronics.X-CUBE-DPower.1.2.0
2026-03-09 23:51:20,415 [WARN] PackLoader:240 - Cannot read IP mode file for STMicroelectronics.X-CUBE-AI.9.0.0
2026-03-09 23:51:20,427 [WARN] PackLoader:240 - Cannot read IP mode file for STMicroelectronics.X-CUBE-FREERTOS.1.3.1
2026-03-09 23:51:20,434 [WARN] PackLoader:240 - Cannot read IP mode file for STMicroelectronics.X-CUBE-FREERTOS.1.3.0
2026-03-09 23:51:20,443 [WARN] PackLoader:240 - Cannot read IP mode file for STMicroelectronics.X-CUBE-NFC7.1.0.1
2026-03-09 23:51:20,449 [WARN] PackLoader:240 - Cannot read IP mode file for wolfSSL.I-CUBE-wolfTPM.3.2.0
2026-03-09 23:51:20,452 [WARN] PackLoader:240 - Cannot read IP mode file for STMicroelectronics.X-CUBE-TOUCHGFX.4.26.0
2026-03-09 23:51:20,455 [WARN] PackLoader:240 - Cannot read IP mode file for STMicroelectronics.X-CUBE-TOUCHGFX.4.26.1
2026-03-09 23:51:20,465 [ERROR] Engine:466 - /home/peter/.stm32cubemx/thirdparties/pdsc/STMicroelectronics.FP-SNS-STAIOTCFT.1.0.0.pdsc: PDSC version is not supported
2026-03-09 23:51:20,471 [WARN] PackLoader:240 - Cannot read IP mode file for STMicroelectronics.X-CUBE-DPower.1.3.0
2026-03-09 23:51:20,480 [WARN] PackLoader:240 - Cannot read IP mode file for STMicroelectronics.X-CUBE-AI.8.1.0
2026-03-09 23:51:20,523 [WARN] ConditionMgr:438 - getConditionDescription Invalid condition id : LAN8742 Phy interface Condition cause : null
2026-03-09 23:51:20,524 [WARN] PackLoader:240 - Cannot read IP mode file for STMicroelectronics.X-CUBE-AZRTOS-L4.2.0.0
2026-03-09 23:51:20,528 [WARN] ConditionMgr:1039 - genDependencies : Invalid condition id : LAN8742 Phy interface Condition cause : null
2026-03-09 23:51:20,528 [WARN] ConditionMgr:1039 - genDependencies : Invalid condition id : LAN8742 Phy interface Condition cause : null
2026-03-09 23:51:20,532 [WARN] ConditionMgr:1039 - genDependencies : Invalid condition id : LAN8742 Phy interface Condition cause : null
2026-03-09 23:51:20,545 [WARN] PackLoader:240 - Cannot read IP mode file for STMicroelectronics.X-CUBE-SFXS2LP1.4.0.0
2026-03-09 23:51:20,560 [ERROR] Engine:466 - /home/peter/.stm32cubemx/thirdparties/pdsc/STMicroelectronics.X-CUBE-ST67W61.1.2.0.pdsc: PDSC version is not supported
2026-03-09 23:51:20,621 [WARN] PackLoader:240 - Cannot read IP mode file for STMicroelectronics.X-CUBE-AZRTOS-H7.3.3.0
2026-03-09 23:51:20,635 [ERROR] Engine:466 - /home/peter/.stm32cubemx/thirdparties/pdsc/STMicroelectronics.X-CUBE-BLEMGR.4.1.0.pdsc: PDSC version is not supported
2026-03-09 23:51:20,654 [WARN] PackLoader:240 - Cannot read IP mode file for STMicroelectronics.X-CUBE-IPS.3.0.0
2026-03-09 23:51:20,691 [WARN] ConditionMgr:438 - getConditionDescription Invalid condition id : UX DEVICE CLASS RTOS Condition cause : null
2026-03-09 23:51:20,691 [WARN] ConditionMgr:438 - getConditionDescription Invalid condition id : UX DEVICE CLASS RTOS Condition cause : null
2026-03-09 23:51:20,695 [WARN] PackLoader:240 - Cannot read IP mode file for STMicroelectronics.X-CUBE-AZRTOS-WB.2.0.0
2026-03-09 23:51:20,697 [WARN] ConditionMgr:1039 - genDependencies : Invalid condition id : UX DEVICE CLASS RTOS Condition cause : null
2026-03-09 23:51:20,697 [WARN] ConditionMgr:1039 - genDependencies : Invalid condition id : UX DEVICE CLASS RTOS Condition cause : null
2026-03-09 23:51:20,698 [WARN] ConditionMgr:1039 - genDependencies : Invalid condition id : UX DEVICE CLASS RTOS Condition cause : null
2026-03-09 23:51:20,701 [WARN] ConditionMgr:1039 - genDependencies : Invalid condition id : UX DEVICE CLASS RTOS Condition cause : null
2026-03-09 23:51:20,701 [WARN] ConditionMgr:1039 - genDependencies : Invalid condition id : UX DEVICE CLASS RTOS Condition cause : null
2026-03-09 23:51:20,713 [WARN] PackLoader:240 - Cannot read IP mode file for STMicroelectronics.X-CUBE-GNSS1.7.0.0
2026-03-09 23:51:20,725 [WARN] PackLoader:240 - Cannot read IP mode file for STMicroelectronics.X-CUBE-GNSS1.7.0.1
2026-03-09 23:51:20,737 [WARN] PackLoader:240 - Cannot read IP mode file for STMicroelectronics.X-CUBE-TOUCHGFX.4.25.0
2026-03-09 23:51:20,753 [WARN] PackLoader:240 - Cannot read IP mode file for STMicroelectronics.FP-SNS-STBOX1.2.0.0
2026-03-09 23:51:20,775 [WARN] PackLoader:240 - Cannot read IP mode file for STMicroelectronics.X-CUBE-STSE01.2.0.0
2026-03-09 23:51:20,800 [WARN] PackLoader:240 - Cannot read IP mode file for STMicroelectronics.X-CUBE-SUBG2.5.0.0
2026-03-09 23:51:20,863 [WARN] PackLoader:240 - Cannot read IP mode file for STMicroelectronics.X-CUBE-AZRTOS-H7RS.1.1.0
2026-03-09 23:51:20,879 [WARN] PackLoader:240 - Cannot read IP mode file for Cesanta.I-CUBE-Mongoose.7.13.0
2026-03-09 23:51:20,941 [WARN] PackLoader:240 - Cannot read IP mode file for STMicroelectronics.X-CUBE-AZRTOS-G4.2.0.0
2026-03-09 23:51:20,965 [WARN] PackLoader:240 - Cannot read IP mode file for STMicroelectronics.X-CUBE-NFC7.2.0.0
2026-03-09 23:51:20,983 [WARN] PackLoader:240 - Cannot read IP mode file for STMicroelectronics.FP-SNS-MOTENVWB1.1.3.1
2026-03-09 23:51:20,994 [WARN] PackLoader:240 - Cannot read IP mode file for STMicroelectronics.X-CUBE-ISPU.2.0.0
2026-03-09 23:51:21,026 [ERROR] Engine:466 - /home/peter/.stm32cubemx/thirdparties/pdsc/STMicroelectronics.X-CUBE-IPS.3.1.0.pdsc: PDSC version is not supported
2026-03-09 23:51:21,038 [WARN] PackLoader:240 - Cannot read IP mode file for STMicroelectronics.X-CUBE-ALS.1.0.2
2026-03-09 23:51:21,138 [WARN] PackLoader:240 - Cannot read IP mode file for STMicroelectronics.X-CUBE-MEMS1.10.0.0
2026-03-09 23:51:21,434 [WARN] PackLoader:240 - Cannot read IP mode file for STMicroelectronics.X-CUBE-FREERTOS.1.1.0
2026-03-09 23:51:21,439 [WARN] PackLoader:240 - Cannot read IP mode file for STMicroelectronics.X-CUBE-TOUCHGFX.4.24.0
2026-03-09 23:51:21,445 [WARN] PackLoader:240 - Cannot read IP mode file for STMicroelectronics.X-CUBE-TOUCHGFX.4.24.2
2026-03-09 23:51:21,451 [WARN] PackLoader:240 - Cannot read IP mode file for STMicroelectronics.X-CUBE-TOUCHGFX.4.24.1
2026-03-09 23:51:21,462 [WARN] PackLoader:240 - Cannot read IP mode file for STMicroelectronics.X-CUBE-STSE01.1.0.0
2026-03-09 23:51:21,472 [WARN] PackLoader:240 - Cannot read IP mode file for portGmbH.I-Cube-SoM-uGOAL.1.1.0
2026-03-09 23:51:21,476 [WARN] PackLoader:240 - Cannot read IP mode file for STMicroelectronics.X-CUBE-ALS.1.0.1
2026-03-09 23:51:21,518 [WARN] PackLoader:240 - Cannot read IP mode file for STMicroelectronics.X-CUBE-AZRTOS-H7RS.1.0.0
2026-03-09 23:51:21,525 [WARN] PackLoader:240 - Cannot read IP mode file for STMicroelectronics.FP-ATR-ASTRA1.2.0.0
2026-03-09 23:51:21,543 [WARN] PackLoader:240 - Cannot read IP mode file for STMicroelectronics.X-CUBE-TOF1.3.4.2
2026-03-09 23:51:21,577 [ERROR] Engine:466 - /home/peter/.stm32cubemx/thirdparties/pdsc/STMicroelectronics.X-CUBE-TOF1.3.4.3.pdsc: PDSC version is not supported
2026-03-09 23:51:21,596 [WARN] PackLoader:240 - Cannot read IP mode file for STMicroelectronics.X-CUBE-TOF1.3.4.1
2026-03-09 23:51:21,664 [WARN] PackLoader:240 - Cannot read IP mode file for STMicroelectronics.X-CUBE-AZRTOS-H7.3.2.0
2026-03-09 23:51:21,696 [WARN] PackLoader:240 - Cannot read IP mode file for Infineon.AIROC-Wi-Fi-Bluetooth-STM32.1.6.0
2026-03-09 23:51:21,712 [WARN] PackLoader:240 - Cannot read IP mode file for wolfSSL.I-CUBE-wolfSSH.1.4.17
2026-03-09 23:51:21,712 [INFO] ThirdParty:978 - Integrity check success = true
2026-03-09 23:51:21,713 [INFO] IntegrityCheckThread:100 - exiting critical section [integrity check]
2026-03-09 23:51:21,713 [INFO] IntegrityCheckThread:103 - End integrity checks thread
2026-03-09 23:51:27,149 [ERROR] LogOutputStream:75 - [STDERR_REDIRECT] Mar 09, 2026 11:51:27 PM java.util.prefs.FileSystemPreferences checkLockFile0ErrorCode
2026-03-09 23:51:27,150 [ERROR] LogOutputStream:75 - [STDERR_REDIRECT] WARNING: Could not lock System prefs. Unix error code 31936.
2026-03-09 23:51:27,150 [ERROR] LogOutputStream:75 - [STDERR_REDIRECT] 
2026-03-09 23:51:27,151 [ERROR] LogOutputStream:75 - [STDERR_REDIRECT] Mar 09, 2026 11:51:27 PM java.util.prefs.FileSystemPreferences syncWorld
2026-03-09 23:51:27,152 [ERROR] LogOutputStream:75 - [STDERR_REDIRECT] WARNING: Couldn't flush system prefs: java.util.prefs.BackingStoreException: Couldn't get file lock.
2026-03-09 23:51:27,152 [ERROR] LogOutputStream:75 - [STDERR_REDIRECT] 
2026-03-09 23:51:57,125 [ERROR] LogOutputStream:75 - [STDERR_REDIRECT] Mar 09, 2026 11:51:57 PM java.util.prefs.FileSystemPreferences checkLockFile0ErrorCode
2026-03-09 23:51:57,126 [ERROR] LogOutputStream:75 - [STDERR_REDIRECT] WARNING: Could not lock System prefs. Unix error code 31936.
2026-03-09 23:51:57,126 [ERROR] LogOutputStream:75 - [STDERR_REDIRECT] 
2026-03-09 23:51:57,129 [ERROR] LogOutputStream:75 - [STDERR_REDIRECT] Mar 09, 2026 11:51:57 PM java.util.prefs.FileSystemPreferences syncWorld
2026-03-09 23:51:57,129 [ERROR] LogOutputStream:75 - [STDERR_REDIRECT] WARNING: Couldn't flush system prefs: java.util.prefs.BackingStoreException: Couldn't get file lock.
2026-03-09 23:51:57,129 [ERROR] LogOutputStream:75 - [STDERR_REDIRECT] 
2026-03-09 23:52:27,137 [ERROR] LogOutputStream:75 - [STDERR_REDIRECT] Mar 09, 2026 11:52:27 PM java.util.prefs.FileSystemPreferences checkLockFile0ErrorCode
2026-03-09 23:52:27,138 [ERROR] LogOutputStream:75 - [STDERR_REDIRECT] WARNING: Could not lock System prefs. Unix error code 31936.
2026-03-09 23:52:27,138 [ERROR] LogOutputStream:75 - [STDERR_REDIRECT] 
2026-03-09 23:52:27,146 [ERROR] LogOutputStream:75 - [STDERR_REDIRECT] Mar 09, 2026 11:52:27 PM java.util.prefs.FileSystemPreferences syncWorld
2026-03-09 23:52:27,146 [ERROR] LogOutputStream:75 - [STDERR_REDIRECT] WARNING: Couldn't flush system prefs: java.util.prefs.BackingStoreException: Couldn't get file lock.
2026-03-09 23:52:27,146 [ERROR] LogOutputStream:75 - [STDERR_REDIRECT] 
2026-03-09 23:52:57,132 [ERROR] LogOutputStream:75 - [STDERR_REDIRECT] Mar 09, 2026 11:52:57 PM java.util.prefs.FileSystemPreferences checkLockFile0ErrorCode
2026-03-09 23:52:57,132 [ERROR] LogOutputStream:75 - [STDERR_REDIRECT] WARNING: Could not lock System prefs. Unix error code 31936.
2026-03-09 23:52:57,133 [ERROR] LogOutputStream:75 - [STDERR_REDIRECT] 
2026-03-09 23:52:57,135 [ERROR] LogOutputStream:75 - [STDERR_REDIRECT] Mar 09, 2026 11:52:57 PM java.util.prefs.FileSystemPreferences syncWorld
2026-03-09 23:52:57,136 [ERROR] LogOutputStream:75 - [STDERR_REDIRECT] WARNING: Couldn't flush system prefs: java.util.prefs.BackingStoreException: Couldn't get file lock.
2026-03-09 23:52:57,136 [ERROR] LogOutputStream:75 - [STDERR_REDIRECT] 
2026-03-09 23:53:27,132 [ERROR] LogOutputStream:75 - [STDERR_REDIRECT] Mar 09, 2026 11:53:27 PM java.util.prefs.FileSystemPreferences checkLockFile0ErrorCode
2026-03-09 23:53:27,133 [ERROR] LogOutputStream:75 - [STDERR_REDIRECT] WARNING: Could not lock System prefs. Unix error code 31936.
2026-03-09 23:53:27,133 [ERROR] LogOutputStream:75 - [STDERR_REDIRECT] 
2026-03-09 23:53:27,134 [ERROR] LogOutputStream:75 - [STDERR_REDIRECT] Mar 09, 2026 11:53:27 PM java.util.prefs.FileSystemPreferences syncWorld
2026-03-09 23:53:27,134 [ERROR] LogOutputStream:75 - [STDERR_REDIRECT] WARNING: Couldn't flush system prefs: java.util.prefs.BackingStoreException: Couldn't get file lock.
2026-03-09 23:53:27,134 [ERROR] LogOutputStream:75 - [STDERR_REDIRECT] 
2026-03-09 23:53:57,133 [ERROR] LogOutputStream:75 - [STDERR_REDIRECT] Mar 09, 2026 11:53:57 PM java.util.prefs.FileSystemPreferences checkLockFile0ErrorCode
2026-03-09 23:53:57,134 [ERROR] LogOutputStream:75 - [STDERR_REDIRECT] WARNING: Could not lock System prefs. Unix error code 31936.
2026-03-09 23:53:57,134 [ERROR] LogOutputStream:75 - [STDERR_REDIRECT] 
2026-03-09 23:53:57,135 [ERROR] LogOutputStream:75 - [STDERR_REDIRECT] Mar 09, 2026 11:53:57 PM java.util.prefs.FileSystemPreferences syncWorld
2026-03-09 23:53:57,135 [ERROR] LogOutputStream:75 - [STDERR_REDIRECT] WARNING: Couldn't flush system prefs: java.util.prefs.BackingStoreException: Couldn't get file lock.
2026-03-09 23:53:57,136 [ERROR] LogOutputStream:75 - [STDERR_REDIRECT] 
2026-03-09 23:54:27,133 [ERROR] LogOutputStream:75 - [STDERR_REDIRECT] Mar 09, 2026 11:54:27 PM java.util.prefs.FileSystemPreferences checkLockFile0ErrorCode
2026-03-09 23:54:27,133 [ERROR] LogOutputStream:75 - [STDERR_REDIRECT] WARNING: Could not lock System prefs. Unix error code 31936.
2026-03-09 23:54:27,133 [ERROR] LogOutputStream:75 - [STDERR_REDIRECT] 
2026-03-09 23:54:27,135 [ERROR] LogOutputStream:75 - [STDERR_REDIRECT] Mar 09, 2026 11:54:27 PM java.util.prefs.FileSystemPreferences syncWorld
2026-03-09 23:54:27,136 [ERROR] LogOutputStream:75 - [STDERR_REDIRECT] WARNING: Couldn't flush system prefs: java.util.prefs.BackingStoreException: Couldn't get file lock.
2026-03-09 23:54:27,136 [ERROR] LogOutputStream:75 - [STDERR_REDIRECT] 
2026-03-09 23:54:57,133 [ERROR] LogOutputStream:75 - [STDERR_REDIRECT] Mar 09, 2026 11:54:57 PM java.util.prefs.FileSystemPreferences checkLockFile0ErrorCode
2026-03-09 23:54:57,134 [ERROR] LogOutputStream:75 - [STDERR_REDIRECT] WARNING: Could not lock System prefs. Unix error code 31936.
2026-03-09 23:54:57,134 [ERROR] LogOutputStream:75 - [STDERR_REDIRECT] 
2026-03-09 23:54:57,134 [ERROR] LogOutputStream:75 - [STDERR_REDIRECT] Mar 09, 2026 11:54:57 PM java.util.prefs.FileSystemPreferences syncWorld
2026-03-09 23:54:57,135 [ERROR] LogOutputStream:75 - [STDERR_REDIRECT] WARNING: Couldn't flush system prefs: java.util.prefs.BackingStoreException: Couldn't get file lock.
2026-03-09 23:54:57,135 [ERROR] LogOutputStream:75 - [STDERR_REDIRECT] 
2026-03-09 23:55:27,137 [ERROR] LogOutputStream:75 - [STDERR_REDIRECT] Mar 09, 2026 11:55:27 PM java.util.prefs.FileSystemPreferences checkLockFile0ErrorCode
2026-03-09 23:55:27,138 [ERROR] LogOutputStream:75 - [STDERR_REDIRECT] WARNING: Could not lock System prefs. Unix error code 31936.
2026-03-09 23:55:27,138 [ERROR] LogOutputStream:75 - [STDERR_REDIRECT] 
2026-03-09 23:55:27,141 [ERROR] LogOutputStream:75 - [STDERR_REDIRECT] Mar 09, 2026 11:55:27 PM java.util.prefs.FileSystemPreferences syncWorld
2026-03-09 23:55:27,142 [ERROR] LogOutputStream:75 - [STDERR_REDIRECT] WARNING: Couldn't flush system prefs: java.util.prefs.BackingStoreException: Couldn't get file lock.
2026-03-09 23:55:27,142 [ERROR] LogOutputStream:75 - [STDERR_REDIRECT] 
2026-03-09 23:55:57,141 [ERROR] LogOutputStream:75 - [STDERR_REDIRECT] Mar 09, 2026 11:55:57 PM java.util.prefs.FileSystemPreferences checkLockFile0ErrorCode
2026-03-09 23:55:57,141 [ERROR] LogOutputStream:75 - [STDERR_REDIRECT] WARNING: Could not lock System prefs. Unix error code 31936.
2026-03-09 23:55:57,142 [ERROR] LogOutputStream:75 - [STDERR_REDIRECT] 
2026-03-09 23:55:57,144 [ERROR] LogOutputStream:75 - [STDERR_REDIRECT] Mar 09, 2026 11:55:57 PM java.util.prefs.FileSystemPreferences syncWorld
2026-03-09 23:55:57,144 [ERROR] LogOutputStream:75 - [STDERR_REDIRECT] WARNING: Couldn't flush system prefs: java.util.prefs.BackingStoreException: Couldn't get file lock.
2026-03-09 23:55:57,144 [ERROR] LogOutputStream:75 - [STDERR_REDIRECT] 
2026-03-09 23:56:27,134 [ERROR] LogOutputStream:75 - [STDERR_REDIRECT] Mar 09, 2026 11:56:27 PM java.util.prefs.FileSystemPreferences checkLockFile0ErrorCode
2026-03-09 23:56:27,134 [ERROR] LogOutputStream:75 - [STDERR_REDIRECT] WARNING: Could not lock System prefs. Unix error code 31936.
2026-03-09 23:56:27,134 [ERROR] LogOutputStream:75 - [STDERR_REDIRECT] 
2026-03-09 23:56:27,135 [ERROR] LogOutputStream:75 - [STDERR_REDIRECT] Mar 09, 2026 11:56:27 PM java.util.prefs.FileSystemPreferences syncWorld
2026-03-09 23:56:27,135 [ERROR] LogOutputStream:75 - [STDERR_REDIRECT] WARNING: Couldn't flush system prefs: java.util.prefs.BackingStoreException: Couldn't get file lock.
2026-03-09 23:56:27,135 [ERROR] LogOutputStream:75 - [STDERR_REDIRECT] 
2026-03-09 23:56:57,135 [ERROR] LogOutputStream:75 - [STDERR_REDIRECT] Mar 09, 2026 11:56:57 PM java.util.prefs.FileSystemPreferences checkLockFile0ErrorCode
2026-03-09 23:56:57,135 [ERROR] LogOutputStream:75 - [STDERR_REDIRECT] WARNING: Could not lock System prefs. Unix error code 31936.
2026-03-09 23:56:57,136 [ERROR] LogOutputStream:75 - [STDERR_REDIRECT] 
2026-03-09 23:56:57,136 [ERROR] LogOutputStream:75 - [STDERR_REDIRECT] Mar 09, 2026 11:56:57 PM java.util.prefs.FileSystemPreferences syncWorld
2026-03-09 23:56:57,137 [ERROR] LogOutputStream:75 - [STDERR_REDIRECT] WARNING: Couldn't flush system prefs: java.util.prefs.BackingStoreException: Couldn't get file lock.
2026-03-09 23:56:57,137 [ERROR] LogOutputStream:75 - [STDERR_REDIRECT] 
2026-03-09 23:57:27,135 [ERROR] LogOutputStream:75 - [STDERR_REDIRECT] Mar 09, 2026 11:57:27 PM java.util.prefs.FileSystemPreferences checkLockFile0ErrorCode
2026-03-09 23:57:27,136 [ERROR] LogOutputStream:75 - [STDERR_REDIRECT] WARNING: Could not lock System prefs. Unix error code 31936.
2026-03-09 23:57:27,136 [ERROR] LogOutputStream:75 - [STDERR_REDIRECT] 
2026-03-09 23:57:27,137 [ERROR] LogOutputStream:75 - [STDERR_REDIRECT] Mar 09, 2026 11:57:27 PM java.util.prefs.FileSystemPreferences syncWorld
2026-03-09 23:57:27,137 [ERROR] LogOutputStream:75 - [STDERR_REDIRECT] WARNING: Couldn't flush system prefs: java.util.prefs.BackingStoreException: Couldn't get file lock.
2026-03-09 23:57:27,137 [ERROR] LogOutputStream:75 - [STDERR_REDIRECT] 
2026-03-09 23:57:57,135 [ERROR] LogOutputStream:75 - [STDERR_REDIRECT] Mar 09, 2026 11:57:57 PM java.util.prefs.FileSystemPreferences checkLockFile0ErrorCode
2026-03-09 23:57:57,135 [ERROR] LogOutputStream:75 - [STDERR_REDIRECT] WARNING: Could not lock System prefs. Unix error code 31936.
2026-03-09 23:57:57,135 [ERROR] LogOutputStream:75 - [STDERR_REDIRECT] 
2026-03-09 23:57:57,136 [ERROR] LogOutputStream:75 - [STDERR_REDIRECT] Mar 09, 2026 11:57:57 PM java.util.prefs.FileSystemPreferences syncWorld
2026-03-09 23:57:57,136 [ERROR] LogOutputStream:75 - [STDERR_REDIRECT] WARNING: Couldn't flush system prefs: java.util.prefs.BackingStoreException: Couldn't get file lock.
2026-03-09 23:57:57,136 [ERROR] LogOutputStream:75 - [STDERR_REDIRECT] 
2026-03-09 23:58:27,136 [ERROR] LogOutputStream:75 - [STDERR_REDIRECT] Mar 09, 2026 11:58:27 PM java.util.prefs.FileSystemPreferences checkLockFile0ErrorCode
2026-03-09 23:58:27,137 [ERROR] LogOutputStream:75 - [STDERR_REDIRECT] WARNING: Could not lock System prefs. Unix error code 31936.
2026-03-09 23:58:27,138 [ERROR] LogOutputStream:75 - [STDERR_REDIRECT] 
2026-03-09 23:58:27,139 [ERROR] LogOutputStream:75 - [STDERR_REDIRECT] Mar 09, 2026 11:58:27 PM java.util.prefs.FileSystemPreferences syncWorld
2026-03-09 23:58:27,140 [ERROR] LogOutputStream:75 - [STDERR_REDIRECT] WARNING: Couldn't flush system prefs: java.util.prefs.BackingStoreException: Couldn't get file lock.
2026-03-09 23:58:27,141 [ERROR] LogOutputStream:75 - [STDERR_REDIRECT] 
2026-03-09 23:58:57,137 [ERROR] LogOutputStream:75 - [STDERR_REDIRECT] Mar 09, 2026 11:58:57 PM java.util.prefs.FileSystemPreferences checkLockFile0ErrorCode
2026-03-09 23:58:57,137 [ERROR] LogOutputStream:75 - [STDERR_REDIRECT] WARNING: Could not lock System prefs. Unix error code 31936.
2026-03-09 23:58:57,139 [ERROR] LogOutputStream:75 - [STDERR_REDIRECT] 
2026-03-09 23:58:57,140 [ERROR] LogOutputStream:75 - [STDERR_REDIRECT] Mar 09, 2026 11:58:57 PM java.util.prefs.FileSystemPreferences syncWorld
2026-03-09 23:58:57,140 [ERROR] LogOutputStream:75 - [STDERR_REDIRECT] WARNING: Couldn't flush system prefs: java.util.prefs.BackingStoreException: Couldn't get file lock.
2026-03-09 23:58:57,140 [ERROR] LogOutputStream:75 - [STDERR_REDIRECT] 
2026-03-09 23:59:27,137 [ERROR] LogOutputStream:75 - [STDERR_REDIRECT] Mar 09, 2026 11:59:27 PM java.util.prefs.FileSystemPreferences checkLockFile0ErrorCode
2026-03-09 23:59:27,137 [ERROR] LogOutputStream:75 - [STDERR_REDIRECT] WARNING: Could not lock System prefs. Unix error code 31936.
2026-03-09 23:59:27,137 [ERROR] LogOutputStream:75 - [STDERR_REDIRECT] 
2026-03-09 23:59:27,141 [ERROR] LogOutputStream:75 - [STDERR_REDIRECT] Mar 09, 2026 11:59:27 PM java.util.prefs.FileSystemPreferences syncWorld
2026-03-09 23:59:27,141 [ERROR] LogOutputStream:75 - [STDERR_REDIRECT] WARNING: Couldn't flush system prefs: java.util.prefs.BackingStoreException: Couldn't get file lock.
2026-03-09 23:59:27,142 [ERROR] LogOutputStream:75 - [STDERR_REDIRECT] 
2026-03-09 23:59:57,136 [ERROR] LogOutputStream:75 - [STDERR_REDIRECT] Mar 09, 2026 11:59:57 PM java.util.prefs.FileSystemPreferences checkLockFile0ErrorCode
2026-03-09 23:59:57,136 [ERROR] LogOutputStream:75 - [STDERR_REDIRECT] WARNING: Could not lock System prefs. Unix error code 31936.
2026-03-09 23:59:57,137 [ERROR] LogOutputStream:75 - [STDERR_REDIRECT] 
2026-03-09 23:59:57,137 [ERROR] LogOutputStream:75 - [STDERR_REDIRECT] Mar 09, 2026 11:59:57 PM java.util.prefs.FileSystemPreferences syncWorld
2026-03-09 23:59:57,138 [ERROR] LogOutputStream:75 - [STDERR_REDIRECT] WARNING: Couldn't flush system prefs: java.util.prefs.BackingStoreException: Couldn't get file lock.
2026-03-09 23:59:57,138 [ERROR] LogOutputStream:75 - [STDERR_REDIRECT] 
