2026-03-16 00:00:29,585 [ERROR] LogOutputStream:75 - [STDERR_REDIRECT] Mar 16, 2026 12:00:29 AM java.util.prefs.FileSystemPreferences checkLockFile0ErrorCode
2026-03-16 00:00:29,591 [ERROR] LogOutputStream:75 - [STDERR_REDIRECT] WARNING: Could not lock System prefs. Unix error code 31996.
2026-03-16 00:00:29,591 [ERROR] LogOutputStream:75 - [STDERR_REDIRECT] 
2026-03-16 00:00:29,592 [ERROR] LogOutputStream:75 - [STDERR_REDIRECT] Mar 16, 2026 12:00:29 AM java.util.prefs.FileSystemPreferences syncWorld
2026-03-16 00:00:29,592 [ERROR] LogOutputStream:75 - [STDERR_REDIRECT] WARNING: Couldn't flush system prefs: java.util.prefs.BackingStoreException: Couldn't get file lock.
2026-03-16 00:00:29,592 [ERROR] LogOutputStream:75 - [STDERR_REDIRECT] 
2026-03-16 00:00:59,586 [ERROR] LogOutputStream:75 - [STDERR_REDIRECT] Mar 16, 2026 12:00:59 AM java.util.prefs.FileSystemPreferences checkLockFile0ErrorCode
2026-03-16 00:00:59,587 [ERROR] LogOutputStream:75 - [STDERR_REDIRECT] WARNING: Could not lock System prefs. Unix error code 31996.
2026-03-16 00:00:59,587 [ERROR] LogOutputStream:75 - [STDERR_REDIRECT] 
2026-03-16 00:00:59,588 [ERROR] LogOutputStream:75 - [STDERR_REDIRECT] Mar 16, 2026 12:00:59 AM java.util.prefs.FileSystemPreferences syncWorld
2026-03-16 00:00:59,605 [ERROR] LogOutputStream:75 - [STDERR_REDIRECT] WARNING: Couldn't flush system prefs: java.util.prefs.BackingStoreException: Couldn't get file lock.
2026-03-16 00:00:59,605 [ERROR] LogOutputStream:75 - [STDERR_REDIRECT] 
2026-03-16 00:01:29,586 [ERROR] LogOutputStream:75 - [STDERR_REDIRECT] Mar 16, 2026 12:01:29 AM java.util.prefs.FileSystemPreferences checkLockFile0ErrorCode
2026-03-16 00:01:29,586 [ERROR] LogOutputStream:75 - [STDERR_REDIRECT] WARNING: Could not lock System prefs. Unix error code 31996.
2026-03-16 00:01:29,586 [ERROR] LogOutputStream:75 - [STDERR_REDIRECT] 
2026-03-16 00:01:29,586 [ERROR] LogOutputStream:75 - [STDERR_REDIRECT] Mar 16, 2026 12:01:29 AM java.util.prefs.FileSystemPreferences syncWorld
2026-03-16 00:01:29,587 [ERROR] LogOutputStream:75 - [STDERR_REDIRECT] WARNING: Couldn't flush system prefs: java.util.prefs.BackingStoreException: Couldn't get file lock.
2026-03-16 00:01:29,587 [ERROR] LogOutputStream:75 - [STDERR_REDIRECT] 
2026-03-16 00:01:59,584 [ERROR] LogOutputStream:75 - [STDERR_REDIRECT] Mar 16, 2026 12:01:59 AM java.util.prefs.FileSystemPreferences checkLockFile0ErrorCode
2026-03-16 00:01:59,585 [ERROR] LogOutputStream:75 - [STDERR_REDIRECT] WARNING: Could not lock System prefs. Unix error code 31996.
2026-03-16 00:01:59,585 [ERROR] LogOutputStream:75 - [STDERR_REDIRECT] 
2026-03-16 00:01:59,588 [ERROR] LogOutputStream:75 - [STDERR_REDIRECT] Mar 16, 2026 12:01:59 AM java.util.prefs.FileSystemPreferences syncWorld
2026-03-16 00:01:59,589 [ERROR] LogOutputStream:75 - [STDERR_REDIRECT] WARNING: Couldn't flush system prefs: java.util.prefs.BackingStoreException: Couldn't get file lock.
2026-03-16 00:01:59,589 [ERROR] LogOutputStream:75 - [STDERR_REDIRECT] 
2026-03-16 00:02:29,586 [ERROR] LogOutputStream:75 - [STDERR_REDIRECT] Mar 16, 2026 12:02:29 AM java.util.prefs.FileSystemPreferences checkLockFile0ErrorCode
2026-03-16 00:02:29,586 [ERROR] LogOutputStream:75 - [STDERR_REDIRECT] WARNING: Could not lock System prefs. Unix error code 31996.
2026-03-16 00:02:29,586 [ERROR] LogOutputStream:75 - [STDERR_REDIRECT] 
2026-03-16 00:02:29,588 [ERROR] LogOutputStream:75 - [STDERR_REDIRECT] Mar 16, 2026 12:02:29 AM java.util.prefs.FileSystemPreferences syncWorld
2026-03-16 00:02:29,588 [ERROR] LogOutputStream:75 - [STDERR_REDIRECT] WARNING: Couldn't flush system prefs: java.util.prefs.BackingStoreException: Couldn't get file lock.
2026-03-16 00:02:29,588 [ERROR] LogOutputStream:75 - [STDERR_REDIRECT] 
2026-03-16 00:02:59,585 [ERROR] LogOutputStream:75 - [STDERR_REDIRECT] Mar 16, 2026 12:02:59 AM java.util.prefs.FileSystemPreferences checkLockFile0ErrorCode
2026-03-16 00:02:59,585 [ERROR] LogOutputStream:75 - [STDERR_REDIRECT] WARNING: Could not lock System prefs. Unix error code 31996.
2026-03-16 00:02:59,585 [ERROR] LogOutputStream:75 - [STDERR_REDIRECT] 
2026-03-16 00:02:59,586 [ERROR] LogOutputStream:75 - [STDERR_REDIRECT] Mar 16, 2026 12:02:59 AM java.util.prefs.FileSystemPreferences syncWorld
2026-03-16 00:02:59,586 [ERROR] LogOutputStream:75 - [STDERR_REDIRECT] WARNING: Couldn't flush system prefs: java.util.prefs.BackingStoreException: Couldn't get file lock.
2026-03-16 00:02:59,586 [ERROR] LogOutputStream:75 - [STDERR_REDIRECT] 
2026-03-16 00:03:29,585 [ERROR] LogOutputStream:75 - [STDERR_REDIRECT] Mar 16, 2026 12:03:29 AM java.util.prefs.FileSystemPreferences checkLockFile0ErrorCode
2026-03-16 00:03:29,585 [ERROR] LogOutputStream:75 - [STDERR_REDIRECT] WARNING: Could not lock System prefs. Unix error code 31996.
2026-03-16 00:03:29,585 [ERROR] LogOutputStream:75 - [STDERR_REDIRECT] 
2026-03-16 00:03:29,586 [ERROR] LogOutputStream:75 - [STDERR_REDIRECT] Mar 16, 2026 12:03:29 AM java.util.prefs.FileSystemPreferences syncWorld
2026-03-16 00:03:29,586 [ERROR] LogOutputStream:75 - [STDERR_REDIRECT] WARNING: Couldn't flush system prefs: java.util.prefs.BackingStoreException: Couldn't get file lock.
2026-03-16 00:03:29,586 [ERROR] LogOutputStream:75 - [STDERR_REDIRECT] 
2026-03-16 00:03:59,587 [ERROR] LogOutputStream:75 - [STDERR_REDIRECT] Mar 16, 2026 12:03:59 AM java.util.prefs.FileSystemPreferences checkLockFile0ErrorCode
2026-03-16 00:03:59,587 [ERROR] LogOutputStream:75 - [STDERR_REDIRECT] WARNING: Could not lock System prefs. Unix error code 31996.
2026-03-16 00:03:59,587 [ERROR] LogOutputStream:75 - [STDERR_REDIRECT] 
2026-03-16 00:03:59,588 [ERROR] LogOutputStream:75 - [STDERR_REDIRECT] Mar 16, 2026 12:03:59 AM java.util.prefs.FileSystemPreferences syncWorld
2026-03-16 00:03:59,588 [ERROR] LogOutputStream:75 - [STDERR_REDIRECT] WARNING: Couldn't flush system prefs: java.util.prefs.BackingStoreException: Couldn't get file lock.
2026-03-16 00:03:59,589 [ERROR] LogOutputStream:75 - [STDERR_REDIRECT] 
2026-03-16 00:04:29,586 [ERROR] LogOutputStream:75 - [STDERR_REDIRECT] Mar 16, 2026 12:04:29 AM java.util.prefs.FileSystemPreferences checkLockFile0ErrorCode
2026-03-16 00:04:29,586 [ERROR] LogOutputStream:75 - [STDERR_REDIRECT] WARNING: Could not lock System prefs. Unix error code 31996.
2026-03-16 00:04:29,586 [ERROR] LogOutputStream:75 - [STDERR_REDIRECT] 
2026-03-16 00:04:29,586 [ERROR] LogOutputStream:75 - [STDERR_REDIRECT] Mar 16, 2026 12:04:29 AM java.util.prefs.FileSystemPreferences syncWorld
2026-03-16 00:04:29,587 [ERROR] LogOutputStream:75 - [STDERR_REDIRECT] WARNING: Couldn't flush system prefs: java.util.prefs.BackingStoreException: Couldn't get file lock.
2026-03-16 00:04:29,588 [ERROR] LogOutputStream:75 - [STDERR_REDIRECT] 
2026-03-16 00:04:59,585 [ERROR] LogOutputStream:75 - [STDERR_REDIRECT] Mar 16, 2026 12:04:59 AM java.util.prefs.FileSystemPreferences checkLockFile0ErrorCode
2026-03-16 00:04:59,585 [ERROR] LogOutputStream:75 - [STDERR_REDIRECT] WARNING: Could not lock System prefs. Unix error code 31996.
2026-03-16 00:04:59,585 [ERROR] LogOutputStream:75 - [STDERR_REDIRECT] 
2026-03-16 00:04:59,585 [ERROR] LogOutputStream:75 - [STDERR_REDIRECT] Mar 16, 2026 12:04:59 AM java.util.prefs.FileSystemPreferences syncWorld
2026-03-16 00:04:59,585 [ERROR] LogOutputStream:75 - [STDERR_REDIRECT] WARNING: Couldn't flush system prefs: java.util.prefs.BackingStoreException: Couldn't get file lock.
2026-03-16 00:04:59,586 [ERROR] LogOutputStream:75 - [STDERR_REDIRECT] 
2026-03-16 00:05:29,585 [ERROR] LogOutputStream:75 - [STDERR_REDIRECT] Mar 16, 2026 12:05:29 AM java.util.prefs.FileSystemPreferences checkLockFile0ErrorCode
2026-03-16 00:05:29,585 [ERROR] LogOutputStream:75 - [STDERR_REDIRECT] WARNING: Could not lock System prefs. Unix error code 31996.
2026-03-16 00:05:29,585 [ERROR] LogOutputStream:75 - [STDERR_REDIRECT] 
2026-03-16 00:05:29,585 [ERROR] LogOutputStream:75 - [STDERR_REDIRECT] Mar 16, 2026 12:05:29 AM java.util.prefs.FileSystemPreferences syncWorld
2026-03-16 00:05:29,585 [ERROR] LogOutputStream:75 - [STDERR_REDIRECT] WARNING: Couldn't flush system prefs: java.util.prefs.BackingStoreException: Couldn't get file lock.
2026-03-16 00:05:29,585 [ERROR] LogOutputStream:75 - [STDERR_REDIRECT] 
2026-03-16 00:05:59,584 [ERROR] LogOutputStream:75 - [STDERR_REDIRECT] Mar 16, 2026 12:05:59 AM java.util.prefs.FileSystemPreferences checkLockFile0ErrorCode
2026-03-16 00:05:59,584 [ERROR] LogOutputStream:75 - [STDERR_REDIRECT] WARNING: Could not lock System prefs. Unix error code 31996.
2026-03-16 00:05:59,585 [ERROR] LogOutputStream:75 - [STDERR_REDIRECT] 
2026-03-16 00:05:59,585 [ERROR] LogOutputStream:75 - [STDERR_REDIRECT] Mar 16, 2026 12:05:59 AM java.util.prefs.FileSystemPreferences syncWorld
2026-03-16 00:05:59,585 [ERROR] LogOutputStream:75 - [STDERR_REDIRECT] WARNING: Couldn't flush system prefs: java.util.prefs.BackingStoreException: Couldn't get file lock.
2026-03-16 00:05:59,585 [ERROR] LogOutputStream:75 - [STDERR_REDIRECT] 
2026-03-16 00:06:29,586 [ERROR] LogOutputStream:75 - [STDERR_REDIRECT] Mar 16, 2026 12:06:29 AM java.util.prefs.FileSystemPreferences checkLockFile0ErrorCode
2026-03-16 00:06:29,586 [ERROR] LogOutputStream:75 - [STDERR_REDIRECT] WARNING: Could not lock System prefs. Unix error code 31996.
2026-03-16 00:06:29,586 [ERROR] LogOutputStream:75 - [STDERR_REDIRECT] 
2026-03-16 00:06:29,587 [ERROR] LogOutputStream:75 - [STDERR_REDIRECT] Mar 16, 2026 12:06:29 AM java.util.prefs.FileSystemPreferences syncWorld
2026-03-16 00:06:29,587 [ERROR] LogOutputStream:75 - [STDERR_REDIRECT] WARNING: Couldn't flush system prefs: java.util.prefs.BackingStoreException: Couldn't get file lock.
2026-03-16 00:06:29,587 [ERROR] LogOutputStream:75 - [STDERR_REDIRECT] 
2026-03-16 00:06:59,585 [ERROR] LogOutputStream:75 - [STDERR_REDIRECT] Mar 16, 2026 12:06:59 AM java.util.prefs.FileSystemPreferences checkLockFile0ErrorCode
2026-03-16 00:06:59,585 [ERROR] LogOutputStream:75 - [STDERR_REDIRECT] WARNING: Could not lock System prefs. Unix error code 31996.
2026-03-16 00:06:59,586 [ERROR] LogOutputStream:75 - [STDERR_REDIRECT] 
2026-03-16 00:06:59,586 [ERROR] LogOutputStream:75 - [STDERR_REDIRECT] Mar 16, 2026 12:06:59 AM java.util.prefs.FileSystemPreferences syncWorld
2026-03-16 00:06:59,586 [ERROR] LogOutputStream:75 - [STDERR_REDIRECT] WARNING: Couldn't flush system prefs: java.util.prefs.BackingStoreException: Couldn't get file lock.
2026-03-16 00:06:59,586 [ERROR] LogOutputStream:75 - [STDERR_REDIRECT] 
2026-03-16 00:07:29,587 [ERROR] LogOutputStream:75 - [STDERR_REDIRECT] Mar 16, 2026 12:07:29 AM java.util.prefs.FileSystemPreferences checkLockFile0ErrorCode
2026-03-16 00:07:29,587 [ERROR] LogOutputStream:75 - [STDERR_REDIRECT] WARNING: Could not lock System prefs. Unix error code 31996.
2026-03-16 00:07:29,587 [ERROR] LogOutputStream:75 - [STDERR_REDIRECT] 
2026-03-16 00:07:29,589 [ERROR] LogOutputStream:75 - [STDERR_REDIRECT] Mar 16, 2026 12:07:29 AM java.util.prefs.FileSystemPreferences syncWorld
2026-03-16 00:07:29,589 [ERROR] LogOutputStream:75 - [STDERR_REDIRECT] WARNING: Couldn't flush system prefs: java.util.prefs.BackingStoreException: Couldn't get file lock.
2026-03-16 00:07:29,589 [ERROR] LogOutputStream:75 - [STDERR_REDIRECT] 
2026-03-16 00:07:59,588 [ERROR] LogOutputStream:75 - [STDERR_REDIRECT] Mar 16, 2026 12:07:59 AM java.util.prefs.FileSystemPreferences checkLockFile0ErrorCode
2026-03-16 00:07:59,588 [ERROR] LogOutputStream:75 - [STDERR_REDIRECT] WARNING: Could not lock System prefs. Unix error code 31996.
2026-03-16 00:07:59,588 [ERROR] LogOutputStream:75 - [STDERR_REDIRECT] 
2026-03-16 00:07:59,589 [ERROR] LogOutputStream:75 - [STDERR_REDIRECT] Mar 16, 2026 12:07:59 AM java.util.prefs.FileSystemPreferences syncWorld
2026-03-16 00:07:59,589 [ERROR] LogOutputStream:75 - [STDERR_REDIRECT] WARNING: Couldn't flush system prefs: java.util.prefs.BackingStoreException: Couldn't get file lock.
2026-03-16 00:07:59,589 [ERROR] LogOutputStream:75 - [STDERR_REDIRECT] 
2026-03-16 00:08:29,586 [ERROR] LogOutputStream:75 - [STDERR_REDIRECT] Mar 16, 2026 12:08:29 AM java.util.prefs.FileSystemPreferences checkLockFile0ErrorCode
2026-03-16 00:08:29,586 [ERROR] LogOutputStream:75 - [STDERR_REDIRECT] WARNING: Could not lock System prefs. Unix error code 31996.
2026-03-16 00:08:29,586 [ERROR] LogOutputStream:75 - [STDERR_REDIRECT] 
2026-03-16 00:08:29,587 [ERROR] LogOutputStream:75 - [STDERR_REDIRECT] Mar 16, 2026 12:08:29 AM java.util.prefs.FileSystemPreferences syncWorld
2026-03-16 00:08:29,587 [ERROR] LogOutputStream:75 - [STDERR_REDIRECT] WARNING: Couldn't flush system prefs: java.util.prefs.BackingStoreException: Couldn't get file lock.
2026-03-16 00:08:29,587 [ERROR] LogOutputStream:75 - [STDERR_REDIRECT] 
2026-03-16 00:08:59,587 [ERROR] LogOutputStream:75 - [STDERR_REDIRECT] Mar 16, 2026 12:08:59 AM java.util.prefs.FileSystemPreferences checkLockFile0ErrorCode
2026-03-16 00:08:59,587 [ERROR] LogOutputStream:75 - [STDERR_REDIRECT] WARNING: Could not lock System prefs. Unix error code 31996.
2026-03-16 00:08:59,587 [ERROR] LogOutputStream:75 - [STDERR_REDIRECT] 
2026-03-16 00:08:59,587 [ERROR] LogOutputStream:75 - [STDERR_REDIRECT] Mar 16, 2026 12:08:59 AM java.util.prefs.FileSystemPreferences syncWorld
2026-03-16 00:08:59,588 [ERROR] LogOutputStream:75 - [STDERR_REDIRECT] WARNING: Couldn't flush system prefs: java.util.prefs.BackingStoreException: Couldn't get file lock.
2026-03-16 00:08:59,588 [ERROR] LogOutputStream:75 - [STDERR_REDIRECT] 
2026-03-16 00:09:29,585 [ERROR] LogOutputStream:75 - [STDERR_REDIRECT] Mar 16, 2026 12:09:29 AM java.util.prefs.FileSystemPreferences checkLockFile0ErrorCode
2026-03-16 00:09:29,586 [ERROR] LogOutputStream:75 - [STDERR_REDIRECT] WARNING: Could not lock System prefs. Unix error code 31996.
2026-03-16 00:09:29,586 [ERROR] LogOutputStream:75 - [STDERR_REDIRECT] 
2026-03-16 00:09:29,586 [ERROR] LogOutputStream:75 - [STDERR_REDIRECT] Mar 16, 2026 12:09:29 AM java.util.prefs.FileSystemPreferences syncWorld
2026-03-16 00:09:29,586 [ERROR] LogOutputStream:75 - [STDERR_REDIRECT] WARNING: Couldn't flush system prefs: java.util.prefs.BackingStoreException: Couldn't get file lock.
2026-03-16 00:09:29,586 [ERROR] LogOutputStream:75 - [STDERR_REDIRECT] 
2026-03-16 00:09:59,659 [ERROR] LogOutputStream:75 - [STDERR_REDIRECT] Mar 16, 2026 12:09:59 AM java.util.prefs.FileSystemPreferences checkLockFile0ErrorCode
2026-03-16 00:09:59,659 [ERROR] LogOutputStream:75 - [STDERR_REDIRECT] WARNING: Could not lock System prefs. Unix error code 31996.
2026-03-16 00:09:59,659 [ERROR] LogOutputStream:75 - [STDERR_REDIRECT] 
2026-03-16 00:09:59,661 [ERROR] LogOutputStream:75 - [STDERR_REDIRECT] Mar 16, 2026 12:09:59 AM java.util.prefs.FileSystemPreferences syncWorld
2026-03-16 00:09:59,661 [ERROR] LogOutputStream:75 - [STDERR_REDIRECT] WARNING: Couldn't flush system prefs: java.util.prefs.BackingStoreException: Couldn't get file lock.
2026-03-16 00:09:59,661 [ERROR] LogOutputStream:75 - [STDERR_REDIRECT] 
2026-03-16 00:10:15,604 [ERROR] AdobePublisher:162 - Exception while opening the connection: java.net.ConnectException: Connection refused
2026-03-16 00:10:15,615 [ERROR] AdobePublisher:162 - Exception while opening the connection: java.net.ConnectException: Connection refused
2026-03-16 00:10:15,615 [ERROR] AdobePublisher:162 - Exception while opening the connection: java.net.ConnectException: Connection refused
2026-03-16 00:10:15,620 [ERROR] AdobePublisher:162 - Exception while opening the connection: java.net.ConnectException: Connection refused
2026-03-16 00:10:15,624 [ERROR] AdobePublisher:162 - Exception while opening the connection: java.net.ConnectException: Connection refused
2026-03-16 00:10:20,893 [ERROR] AdobePublisher:162 - Exception while opening the connection: java.net.ConnectException: Connection refused
2026-03-16 00:10:20,894 [ERROR] AdobePublisher:162 - Exception while opening the connection: java.net.ConnectException: Connection refused
2026-03-16 00:10:20,894 [ERROR] AdobePublisher:162 - Exception while opening the connection: java.net.ConnectException: Connection refused
2026-03-16 00:10:20,902 [ERROR] AdobePublisher:162 - Exception while opening the connection: java.net.ConnectException: Connection refused
2026-03-16 00:10:20,905 [ERROR] AdobePublisher:162 - Exception while opening the connection: java.net.ConnectException: Connection refused
2026-03-16 00:10:29,687 [ERROR] LogOutputStream:75 - [STDERR_REDIRECT] Mar 16, 2026 12:10:29 AM java.util.prefs.FileSystemPreferences checkLockFile0ErrorCode
2026-03-16 00:10:29,687 [ERROR] LogOutputStream:75 - [STDERR_REDIRECT] WARNING: Could not lock System prefs. Unix error code 31996.
2026-03-16 00:10:29,689 [ERROR] LogOutputStream:75 - [STDERR_REDIRECT] 
2026-03-16 00:10:29,689 [ERROR] LogOutputStream:75 - [STDERR_REDIRECT] Mar 16, 2026 12:10:29 AM java.util.prefs.FileSystemPreferences syncWorld
2026-03-16 00:10:29,689 [ERROR] LogOutputStream:75 - [STDERR_REDIRECT] WARNING: Couldn't flush system prefs: java.util.prefs.BackingStoreException: Couldn't get file lock.
2026-03-16 00:10:29,691 [ERROR] LogOutputStream:75 - [STDERR_REDIRECT] 
2026-03-16 00:10:59,686 [ERROR] LogOutputStream:75 - [STDERR_REDIRECT] Mar 16, 2026 12:10:59 AM java.util.prefs.FileSystemPreferences checkLockFile0ErrorCode
2026-03-16 00:10:59,692 [ERROR] LogOutputStream:75 - [STDERR_REDIRECT] WARNING: Could not lock System prefs. Unix error code 31996.
2026-03-16 00:10:59,692 [ERROR] LogOutputStream:75 - [STDERR_REDIRECT] 
2026-03-16 00:10:59,692 [ERROR] LogOutputStream:75 - [STDERR_REDIRECT] Mar 16, 2026 12:10:59 AM java.util.prefs.FileSystemPreferences syncWorld
2026-03-16 00:10:59,696 [ERROR] LogOutputStream:75 - [STDERR_REDIRECT] WARNING: Couldn't flush system prefs: java.util.prefs.BackingStoreException: Couldn't get file lock.
2026-03-16 00:10:59,696 [ERROR] LogOutputStream:75 - [STDERR_REDIRECT] 
2026-03-16 00:11:29,686 [ERROR] LogOutputStream:75 - [STDERR_REDIRECT] Mar 16, 2026 12:11:29 AM java.util.prefs.FileSystemPreferences checkLockFile0ErrorCode
2026-03-16 00:11:29,686 [ERROR] LogOutputStream:75 - [STDERR_REDIRECT] WARNING: Could not lock System prefs. Unix error code 31996.
2026-03-16 00:11:29,687 [ERROR] LogOutputStream:75 - [STDERR_REDIRECT] 
2026-03-16 00:11:29,688 [ERROR] LogOutputStream:75 - [STDERR_REDIRECT] Mar 16, 2026 12:11:29 AM java.util.prefs.FileSystemPreferences syncWorld
2026-03-16 00:11:29,689 [ERROR] LogOutputStream:75 - [STDERR_REDIRECT] WARNING: Couldn't flush system prefs: java.util.prefs.BackingStoreException: Couldn't get file lock.
2026-03-16 00:11:29,689 [ERROR] LogOutputStream:75 - [STDERR_REDIRECT] 
2026-03-16 00:11:59,684 [ERROR] LogOutputStream:75 - [STDERR_REDIRECT] Mar 16, 2026 12:11:59 AM java.util.prefs.FileSystemPreferences checkLockFile0ErrorCode
2026-03-16 00:11:59,685 [ERROR] LogOutputStream:75 - [STDERR_REDIRECT] WARNING: Could not lock System prefs. Unix error code 31996.
2026-03-16 00:11:59,685 [ERROR] LogOutputStream:75 - [STDERR_REDIRECT] 
2026-03-16 00:11:59,685 [ERROR] LogOutputStream:75 - [STDERR_REDIRECT] Mar 16, 2026 12:11:59 AM java.util.prefs.FileSystemPreferences syncWorld
2026-03-16 00:11:59,685 [ERROR] LogOutputStream:75 - [STDERR_REDIRECT] WARNING: Couldn't flush system prefs: java.util.prefs.BackingStoreException: Couldn't get file lock.
2026-03-16 00:11:59,686 [ERROR] LogOutputStream:75 - [STDERR_REDIRECT] 
2026-03-16 00:12:29,684 [ERROR] LogOutputStream:75 - [STDERR_REDIRECT] Mar 16, 2026 12:12:29 AM java.util.prefs.FileSystemPreferences checkLockFile0ErrorCode
2026-03-16 00:12:29,684 [ERROR] LogOutputStream:75 - [STDERR_REDIRECT] WARNING: Could not lock System prefs. Unix error code 31996.
2026-03-16 00:12:29,684 [ERROR] LogOutputStream:75 - [STDERR_REDIRECT] 
2026-03-16 00:12:29,684 [ERROR] LogOutputStream:75 - [STDERR_REDIRECT] Mar 16, 2026 12:12:29 AM java.util.prefs.FileSystemPreferences syncWorld
2026-03-16 00:12:29,684 [ERROR] LogOutputStream:75 - [STDERR_REDIRECT] WARNING: Couldn't flush system prefs: java.util.prefs.BackingStoreException: Couldn't get file lock.
2026-03-16 00:12:29,685 [ERROR] LogOutputStream:75 - [STDERR_REDIRECT] 
2026-03-16 00:12:59,684 [ERROR] LogOutputStream:75 - [STDERR_REDIRECT] Mar 16, 2026 12:12:59 AM java.util.prefs.FileSystemPreferences checkLockFile0ErrorCode
2026-03-16 00:12:59,684 [ERROR] LogOutputStream:75 - [STDERR_REDIRECT] WARNING: Could not lock System prefs. Unix error code 31996.
2026-03-16 00:12:59,685 [ERROR] LogOutputStream:75 - [STDERR_REDIRECT] 
2026-03-16 00:12:59,685 [ERROR] LogOutputStream:75 - [STDERR_REDIRECT] Mar 16, 2026 12:12:59 AM java.util.prefs.FileSystemPreferences syncWorld
2026-03-16 00:12:59,685 [ERROR] LogOutputStream:75 - [STDERR_REDIRECT] WARNING: Couldn't flush system prefs: java.util.prefs.BackingStoreException: Couldn't get file lock.
2026-03-16 00:12:59,685 [ERROR] LogOutputStream:75 - [STDERR_REDIRECT] 
2026-03-16 00:13:29,684 [ERROR] LogOutputStream:75 - [STDERR_REDIRECT] Mar 16, 2026 12:13:29 AM java.util.prefs.FileSystemPreferences checkLockFile0ErrorCode
2026-03-16 00:13:29,684 [ERROR] LogOutputStream:75 - [STDERR_REDIRECT] WARNING: Could not lock System prefs. Unix error code 31996.
2026-03-16 00:13:29,684 [ERROR] LogOutputStream:75 - [STDERR_REDIRECT] 
2026-03-16 00:13:29,684 [ERROR] LogOutputStream:75 - [STDERR_REDIRECT] Mar 16, 2026 12:13:29 AM java.util.prefs.FileSystemPreferences syncWorld
2026-03-16 00:13:29,684 [ERROR] LogOutputStream:75 - [STDERR_REDIRECT] WARNING: Couldn't flush system prefs: java.util.prefs.BackingStoreException: Couldn't get file lock.
2026-03-16 00:13:29,684 [ERROR] LogOutputStream:75 - [STDERR_REDIRECT] 
2026-03-16 00:13:59,683 [ERROR] LogOutputStream:75 - [STDERR_REDIRECT] Mar 16, 2026 12:13:59 AM java.util.prefs.FileSystemPreferences checkLockFile0ErrorCode
2026-03-16 00:13:59,684 [ERROR] LogOutputStream:75 - [STDERR_REDIRECT] WARNING: Could not lock System prefs. Unix error code 31996.
2026-03-16 00:13:59,684 [ERROR] LogOutputStream:75 - [STDERR_REDIRECT] 
2026-03-16 00:13:59,684 [ERROR] LogOutputStream:75 - [STDERR_REDIRECT] Mar 16, 2026 12:13:59 AM java.util.prefs.FileSystemPreferences syncWorld
2026-03-16 00:13:59,684 [ERROR] LogOutputStream:75 - [STDERR_REDIRECT] WARNING: Couldn't flush system prefs: java.util.prefs.BackingStoreException: Couldn't get file lock.
2026-03-16 00:13:59,684 [ERROR] LogOutputStream:75 - [STDERR_REDIRECT] 
2026-03-16 00:14:29,686 [ERROR] LogOutputStream:75 - [STDERR_REDIRECT] Mar 16, 2026 12:14:29 AM java.util.prefs.FileSystemPreferences checkLockFile0ErrorCode
2026-03-16 00:14:29,686 [ERROR] LogOutputStream:75 - [STDERR_REDIRECT] WARNING: Could not lock System prefs. Unix error code 31996.
2026-03-16 00:14:29,686 [ERROR] LogOutputStream:75 - [STDERR_REDIRECT] 
2026-03-16 00:14:29,686 [ERROR] LogOutputStream:75 - [STDERR_REDIRECT] Mar 16, 2026 12:14:29 AM java.util.prefs.FileSystemPreferences syncWorld
2026-03-16 00:14:29,687 [ERROR] LogOutputStream:75 - [STDERR_REDIRECT] WARNING: Couldn't flush system prefs: java.util.prefs.BackingStoreException: Couldn't get file lock.
2026-03-16 00:14:29,687 [ERROR] LogOutputStream:75 - [STDERR_REDIRECT] 
2026-03-16 00:14:59,685 [ERROR] LogOutputStream:75 - [STDERR_REDIRECT] Mar 16, 2026 12:14:59 AM java.util.prefs.FileSystemPreferences checkLockFile0ErrorCode
2026-03-16 00:14:59,686 [ERROR] LogOutputStream:75 - [STDERR_REDIRECT] WARNING: Could not lock System prefs. Unix error code 31996.
2026-03-16 00:14:59,686 [ERROR] LogOutputStream:75 - [STDERR_REDIRECT] 
2026-03-16 00:14:59,686 [ERROR] LogOutputStream:75 - [STDERR_REDIRECT] Mar 16, 2026 12:14:59 AM java.util.prefs.FileSystemPreferences syncWorld
2026-03-16 00:14:59,686 [ERROR] LogOutputStream:75 - [STDERR_REDIRECT] WARNING: Couldn't flush system prefs: java.util.prefs.BackingStoreException: Couldn't get file lock.
2026-03-16 00:14:59,687 [ERROR] LogOutputStream:75 - [STDERR_REDIRECT] 
2026-03-16 00:15:29,685 [ERROR] LogOutputStream:75 - [STDERR_REDIRECT] Mar 16, 2026 12:15:29 AM java.util.prefs.FileSystemPreferences checkLockFile0ErrorCode
2026-03-16 00:15:29,685 [ERROR] LogOutputStream:75 - [STDERR_REDIRECT] WARNING: Could not lock System prefs. Unix error code 31996.
2026-03-16 00:15:29,685 [ERROR] LogOutputStream:75 - [STDERR_REDIRECT] 
2026-03-16 00:15:29,685 [ERROR] LogOutputStream:75 - [STDERR_REDIRECT] Mar 16, 2026 12:15:29 AM java.util.prefs.FileSystemPreferences syncWorld
2026-03-16 00:15:29,685 [ERROR] LogOutputStream:75 - [STDERR_REDIRECT] WARNING: Couldn't flush system prefs: java.util.prefs.BackingStoreException: Couldn't get file lock.
2026-03-16 00:15:29,685 [ERROR] LogOutputStream:75 - [STDERR_REDIRECT] 
2026-03-16 00:15:59,684 [ERROR] LogOutputStream:75 - [STDERR_REDIRECT] Mar 16, 2026 12:15:59 AM java.util.prefs.FileSystemPreferences checkLockFile0ErrorCode
2026-03-16 00:15:59,684 [ERROR] LogOutputStream:75 - [STDERR_REDIRECT] WARNING: Could not lock System prefs. Unix error code 31996.
2026-03-16 00:15:59,685 [ERROR] LogOutputStream:75 - [STDERR_REDIRECT] 
2026-03-16 00:15:59,685 [ERROR] LogOutputStream:75 - [STDERR_REDIRECT] Mar 16, 2026 12:15:59 AM java.util.prefs.FileSystemPreferences syncWorld
2026-03-16 00:15:59,685 [ERROR] LogOutputStream:75 - [STDERR_REDIRECT] WARNING: Couldn't flush system prefs: java.util.prefs.BackingStoreException: Couldn't get file lock.
2026-03-16 00:15:59,685 [ERROR] LogOutputStream:75 - [STDERR_REDIRECT] 
2026-03-16 00:16:29,685 [ERROR] LogOutputStream:75 - [STDERR_REDIRECT] Mar 16, 2026 12:16:29 AM java.util.prefs.FileSystemPreferences checkLockFile0ErrorCode
2026-03-16 00:16:29,685 [ERROR] LogOutputStream:75 - [STDERR_REDIRECT] WARNING: Could not lock System prefs. Unix error code 31996.
2026-03-16 00:16:29,686 [ERROR] LogOutputStream:75 - [STDERR_REDIRECT] 
2026-03-16 00:16:29,686 [ERROR] LogOutputStream:75 - [STDERR_REDIRECT] Mar 16, 2026 12:16:29 AM java.util.prefs.FileSystemPreferences syncWorld
2026-03-16 00:16:29,686 [ERROR] LogOutputStream:75 - [STDERR_REDIRECT] WARNING: Couldn't flush system prefs: java.util.prefs.BackingStoreException: Couldn't get file lock.
2026-03-16 00:16:29,686 [ERROR] LogOutputStream:75 - [STDERR_REDIRECT] 
2026-03-16 00:16:59,685 [ERROR] LogOutputStream:75 - [STDERR_REDIRECT] Mar 16, 2026 12:16:59 AM java.util.prefs.FileSystemPreferences checkLockFile0ErrorCode
2026-03-16 00:16:59,686 [ERROR] LogOutputStream:75 - [STDERR_REDIRECT] WARNING: Could not lock System prefs. Unix error code 31996.
2026-03-16 00:16:59,686 [ERROR] LogOutputStream:75 - [STDERR_REDIRECT] 
2026-03-16 00:16:59,687 [ERROR] LogOutputStream:75 - [STDERR_REDIRECT] Mar 16, 2026 12:16:59 AM java.util.prefs.FileSystemPreferences syncWorld
2026-03-16 00:16:59,687 [ERROR] LogOutputStream:75 - [STDERR_REDIRECT] WARNING: Couldn't flush system prefs: java.util.prefs.BackingStoreException: Couldn't get file lock.
2026-03-16 00:16:59,687 [ERROR] LogOutputStream:75 - [STDERR_REDIRECT] 
2026-03-16 00:17:29,685 [ERROR] LogOutputStream:75 - [STDERR_REDIRECT] Mar 16, 2026 12:17:29 AM java.util.prefs.FileSystemPreferences checkLockFile0ErrorCode
2026-03-16 00:17:29,685 [ERROR] LogOutputStream:75 - [STDERR_REDIRECT] WARNING: Could not lock System prefs. Unix error code 31996.
2026-03-16 00:17:29,685 [ERROR] LogOutputStream:75 - [STDERR_REDIRECT] 
2026-03-16 00:17:29,686 [ERROR] LogOutputStream:75 - [STDERR_REDIRECT] Mar 16, 2026 12:17:29 AM java.util.prefs.FileSystemPreferences syncWorld
2026-03-16 00:17:29,686 [ERROR] LogOutputStream:75 - [STDERR_REDIRECT] WARNING: Couldn't flush system prefs: java.util.prefs.BackingStoreException: Couldn't get file lock.
2026-03-16 00:17:29,686 [ERROR] LogOutputStream:75 - [STDERR_REDIRECT] 
2026-03-16 00:17:59,685 [ERROR] LogOutputStream:75 - [STDERR_REDIRECT] Mar 16, 2026 12:17:59 AM java.util.prefs.FileSystemPreferences checkLockFile0ErrorCode
2026-03-16 00:17:59,685 [ERROR] LogOutputStream:75 - [STDERR_REDIRECT] WARNING: Could not lock System prefs. Unix error code 31996.
2026-03-16 00:17:59,685 [ERROR] LogOutputStream:75 - [STDERR_REDIRECT] 
2026-03-16 00:17:59,685 [ERROR] LogOutputStream:75 - [STDERR_REDIRECT] Mar 16, 2026 12:17:59 AM java.util.prefs.FileSystemPreferences syncWorld
2026-03-16 00:17:59,685 [ERROR] LogOutputStream:75 - [STDERR_REDIRECT] WARNING: Couldn't flush system prefs: java.util.prefs.BackingStoreException: Couldn't get file lock.
2026-03-16 00:17:59,685 [ERROR] LogOutputStream:75 - [STDERR_REDIRECT] 
2026-03-16 00:18:29,685 [ERROR] LogOutputStream:75 - [STDERR_REDIRECT] Mar 16, 2026 12:18:29 AM java.util.prefs.FileSystemPreferences checkLockFile0ErrorCode
2026-03-16 00:18:29,686 [ERROR] LogOutputStream:75 - [STDERR_REDIRECT] WARNING: Could not lock System prefs. Unix error code 31996.
2026-03-16 00:18:29,686 [ERROR] LogOutputStream:75 - [STDERR_REDIRECT] 
2026-03-16 00:18:29,686 [ERROR] LogOutputStream:75 - [STDERR_REDIRECT] Mar 16, 2026 12:18:29 AM java.util.prefs.FileSystemPreferences syncWorld
2026-03-16 00:18:29,686 [ERROR] LogOutputStream:75 - [STDERR_REDIRECT] WARNING: Couldn't flush system prefs: java.util.prefs.BackingStoreException: Couldn't get file lock.
2026-03-16 00:18:29,687 [ERROR] LogOutputStream:75 - [STDERR_REDIRECT] 
2026-03-16 00:18:59,685 [ERROR] LogOutputStream:75 - [STDERR_REDIRECT] Mar 16, 2026 12:18:59 AM java.util.prefs.FileSystemPreferences checkLockFile0ErrorCode
2026-03-16 00:18:59,685 [ERROR] LogOutputStream:75 - [STDERR_REDIRECT] WARNING: Could not lock System prefs. Unix error code 31996.
2026-03-16 00:18:59,686 [ERROR] LogOutputStream:75 - [STDERR_REDIRECT] 
2026-03-16 00:18:59,686 [ERROR] LogOutputStream:75 - [STDERR_REDIRECT] Mar 16, 2026 12:18:59 AM java.util.prefs.FileSystemPreferences syncWorld
2026-03-16 00:18:59,686 [ERROR] LogOutputStream:75 - [STDERR_REDIRECT] WARNING: Couldn't flush system prefs: java.util.prefs.BackingStoreException: Couldn't get file lock.
2026-03-16 00:18:59,686 [ERROR] LogOutputStream:75 - [STDERR_REDIRECT] 
2026-03-16 00:19:29,685 [ERROR] LogOutputStream:75 - [STDERR_REDIRECT] Mar 16, 2026 12:19:29 AM java.util.prefs.FileSystemPreferences checkLockFile0ErrorCode
2026-03-16 00:19:29,685 [ERROR] LogOutputStream:75 - [STDERR_REDIRECT] WARNING: Could not lock System prefs. Unix error code 31996.
2026-03-16 00:19:29,685 [ERROR] LogOutputStream:75 - [STDERR_REDIRECT] 
2026-03-16 00:19:29,686 [ERROR] LogOutputStream:75 - [STDERR_REDIRECT] Mar 16, 2026 12:19:29 AM java.util.prefs.FileSystemPreferences syncWorld
2026-03-16 00:19:29,686 [ERROR] LogOutputStream:75 - [STDERR_REDIRECT] WARNING: Couldn't flush system prefs: java.util.prefs.BackingStoreException: Couldn't get file lock.
2026-03-16 00:19:29,686 [ERROR] LogOutputStream:75 - [STDERR_REDIRECT] 
2026-03-16 00:19:59,684 [ERROR] LogOutputStream:75 - [STDERR_REDIRECT] Mar 16, 2026 12:19:59 AM java.util.prefs.FileSystemPreferences checkLockFile0ErrorCode
2026-03-16 00:19:59,685 [ERROR] LogOutputStream:75 - [STDERR_REDIRECT] WARNING: Could not lock System prefs. Unix error code 31996.
2026-03-16 00:19:59,685 [ERROR] LogOutputStream:75 - [STDERR_REDIRECT] 
2026-03-16 00:19:59,685 [ERROR] LogOutputStream:75 - [STDERR_REDIRECT] Mar 16, 2026 12:19:59 AM java.util.prefs.FileSystemPreferences syncWorld
2026-03-16 00:19:59,685 [ERROR] LogOutputStream:75 - [STDERR_REDIRECT] WARNING: Couldn't flush system prefs: java.util.prefs.BackingStoreException: Couldn't get file lock.
2026-03-16 00:19:59,685 [ERROR] LogOutputStream:75 - [STDERR_REDIRECT] 
2026-03-16 00:20:29,685 [ERROR] LogOutputStream:75 - [STDERR_REDIRECT] Mar 16, 2026 12:20:29 AM java.util.prefs.FileSystemPreferences checkLockFile0ErrorCode
2026-03-16 00:20:29,685 [ERROR] LogOutputStream:75 - [STDERR_REDIRECT] WARNING: Could not lock System prefs. Unix error code 31996.
2026-03-16 00:20:29,686 [ERROR] LogOutputStream:75 - [STDERR_REDIRECT] 
2026-03-16 00:20:29,686 [ERROR] LogOutputStream:75 - [STDERR_REDIRECT] Mar 16, 2026 12:20:29 AM java.util.prefs.FileSystemPreferences syncWorld
2026-03-16 00:20:29,686 [ERROR] LogOutputStream:75 - [STDERR_REDIRECT] WARNING: Couldn't flush system prefs: java.util.prefs.BackingStoreException: Couldn't get file lock.
2026-03-16 00:20:29,686 [ERROR] LogOutputStream:75 - [STDERR_REDIRECT] 
2026-03-16 00:20:59,685 [ERROR] LogOutputStream:75 - [STDERR_REDIRECT] Mar 16, 2026 12:20:59 AM java.util.prefs.FileSystemPreferences checkLockFile0ErrorCode
2026-03-16 00:20:59,685 [ERROR] LogOutputStream:75 - [STDERR_REDIRECT] WARNING: Could not lock System prefs. Unix error code 31996.
2026-03-16 00:20:59,685 [ERROR] LogOutputStream:75 - [STDERR_REDIRECT] 
2026-03-16 00:20:59,686 [ERROR] LogOutputStream:75 - [STDERR_REDIRECT] Mar 16, 2026 12:20:59 AM java.util.prefs.FileSystemPreferences syncWorld
2026-03-16 00:20:59,686 [ERROR] LogOutputStream:75 - [STDERR_REDIRECT] WARNING: Couldn't flush system prefs: java.util.prefs.BackingStoreException: Couldn't get file lock.
2026-03-16 00:20:59,686 [ERROR] LogOutputStream:75 - [STDERR_REDIRECT] 
2026-03-16 00:21:29,685 [ERROR] LogOutputStream:75 - [STDERR_REDIRECT] Mar 16, 2026 12:21:29 AM java.util.prefs.FileSystemPreferences checkLockFile0ErrorCode
2026-03-16 00:21:29,685 [ERROR] LogOutputStream:75 - [STDERR_REDIRECT] WARNING: Could not lock System prefs. Unix error code 31996.
2026-03-16 00:21:29,685 [ERROR] LogOutputStream:75 - [STDERR_REDIRECT] 
2026-03-16 00:21:29,685 [ERROR] LogOutputStream:75 - [STDERR_REDIRECT] Mar 16, 2026 12:21:29 AM java.util.prefs.FileSystemPreferences syncWorld
2026-03-16 00:21:29,685 [ERROR] LogOutputStream:75 - [STDERR_REDIRECT] WARNING: Couldn't flush system prefs: java.util.prefs.BackingStoreException: Couldn't get file lock.
2026-03-16 00:21:29,685 [ERROR] LogOutputStream:75 - [STDERR_REDIRECT] 
2026-03-16 00:21:59,685 [ERROR] LogOutputStream:75 - [STDERR_REDIRECT] Mar 16, 2026 12:21:59 AM java.util.prefs.FileSystemPreferences checkLockFile0ErrorCode
2026-03-16 00:21:59,685 [ERROR] LogOutputStream:75 - [STDERR_REDIRECT] WARNING: Could not lock System prefs. Unix error code 31996.
2026-03-16 00:21:59,685 [ERROR] LogOutputStream:75 - [STDERR_REDIRECT] 
2026-03-16 00:21:59,686 [ERROR] LogOutputStream:75 - [STDERR_REDIRECT] Mar 16, 2026 12:21:59 AM java.util.prefs.FileSystemPreferences syncWorld
2026-03-16 00:21:59,686 [ERROR] LogOutputStream:75 - [STDERR_REDIRECT] WARNING: Couldn't flush system prefs: java.util.prefs.BackingStoreException: Couldn't get file lock.
2026-03-16 00:21:59,686 [ERROR] LogOutputStream:75 - [STDERR_REDIRECT] 
2026-03-16 00:22:29,685 [ERROR] LogOutputStream:75 - [STDERR_REDIRECT] Mar 16, 2026 12:22:29 AM java.util.prefs.FileSystemPreferences checkLockFile0ErrorCode
2026-03-16 00:22:29,685 [ERROR] LogOutputStream:75 - [STDERR_REDIRECT] WARNING: Could not lock System prefs. Unix error code 31996.
2026-03-16 00:22:29,685 [ERROR] LogOutputStream:75 - [STDERR_REDIRECT] 
2026-03-16 00:22:29,686 [ERROR] LogOutputStream:75 - [STDERR_REDIRECT] Mar 16, 2026 12:22:29 AM java.util.prefs.FileSystemPreferences syncWorld
2026-03-16 00:22:29,686 [ERROR] LogOutputStream:75 - [STDERR_REDIRECT] WARNING: Couldn't flush system prefs: java.util.prefs.BackingStoreException: Couldn't get file lock.
2026-03-16 00:22:29,686 [ERROR] LogOutputStream:75 - [STDERR_REDIRECT] 
2026-03-16 00:22:59,685 [ERROR] LogOutputStream:75 - [STDERR_REDIRECT] Mar 16, 2026 12:22:59 AM java.util.prefs.FileSystemPreferences checkLockFile0ErrorCode
2026-03-16 00:22:59,685 [ERROR] LogOutputStream:75 - [STDERR_REDIRECT] WARNING: Could not lock System prefs. Unix error code 31996.
2026-03-16 00:22:59,685 [ERROR] LogOutputStream:75 - [STDERR_REDIRECT] 
2026-03-16 00:22:59,686 [ERROR] LogOutputStream:75 - [STDERR_REDIRECT] Mar 16, 2026 12:22:59 AM java.util.prefs.FileSystemPreferences syncWorld
2026-03-16 00:22:59,686 [ERROR] LogOutputStream:75 - [STDERR_REDIRECT] WARNING: Couldn't flush system prefs: java.util.prefs.BackingStoreException: Couldn't get file lock.
2026-03-16 00:22:59,686 [ERROR] LogOutputStream:75 - [STDERR_REDIRECT] 
2026-03-16 00:23:29,687 [ERROR] LogOutputStream:75 - [STDERR_REDIRECT] Mar 16, 2026 12:23:29 AM java.util.prefs.FileSystemPreferences checkLockFile0ErrorCode
2026-03-16 00:23:29,687 [ERROR] LogOutputStream:75 - [STDERR_REDIRECT] WARNING: Could not lock System prefs. Unix error code 31996.
2026-03-16 00:23:29,687 [ERROR] LogOutputStream:75 - [STDERR_REDIRECT] 
2026-03-16 00:23:29,687 [ERROR] LogOutputStream:75 - [STDERR_REDIRECT] Mar 16, 2026 12:23:29 AM java.util.prefs.FileSystemPreferences syncWorld
2026-03-16 00:23:29,687 [ERROR] LogOutputStream:75 - [STDERR_REDIRECT] WARNING: Couldn't flush system prefs: java.util.prefs.BackingStoreException: Couldn't get file lock.
2026-03-16 00:23:29,687 [ERROR] LogOutputStream:75 - [STDERR_REDIRECT] 
2026-03-16 00:23:59,685 [ERROR] LogOutputStream:75 - [STDERR_REDIRECT] Mar 16, 2026 12:23:59 AM java.util.prefs.FileSystemPreferences checkLockFile0ErrorCode
2026-03-16 00:23:59,686 [ERROR] LogOutputStream:75 - [STDERR_REDIRECT] WARNING: Could not lock System prefs. Unix error code 31996.
2026-03-16 00:23:59,686 [ERROR] LogOutputStream:75 - [STDERR_REDIRECT] 
2026-03-16 00:23:59,686 [ERROR] LogOutputStream:75 - [STDERR_REDIRECT] Mar 16, 2026 12:23:59 AM java.util.prefs.FileSystemPreferences syncWorld
2026-03-16 00:23:59,686 [ERROR] LogOutputStream:75 - [STDERR_REDIRECT] WARNING: Couldn't flush system prefs: java.util.prefs.BackingStoreException: Couldn't get file lock.
2026-03-16 00:23:59,687 [ERROR] LogOutputStream:75 - [STDERR_REDIRECT] 
2026-03-16 00:24:29,685 [ERROR] LogOutputStream:75 - [STDERR_REDIRECT] Mar 16, 2026 12:24:29 AM java.util.prefs.FileSystemPreferences checkLockFile0ErrorCode
2026-03-16 00:24:29,686 [ERROR] LogOutputStream:75 - [STDERR_REDIRECT] WARNING: Could not lock System prefs. Unix error code 31996.
2026-03-16 00:24:29,686 [ERROR] LogOutputStream:75 - [STDERR_REDIRECT] 
2026-03-16 00:24:29,686 [ERROR] LogOutputStream:75 - [STDERR_REDIRECT] Mar 16, 2026 12:24:29 AM java.util.prefs.FileSystemPreferences syncWorld
2026-03-16 00:24:29,686 [ERROR] LogOutputStream:75 - [STDERR_REDIRECT] WARNING: Couldn't flush system prefs: java.util.prefs.BackingStoreException: Couldn't get file lock.
2026-03-16 00:24:29,686 [ERROR] LogOutputStream:75 - [STDERR_REDIRECT] 
2026-03-16 00:24:59,687 [ERROR] LogOutputStream:75 - [STDERR_REDIRECT] Mar 16, 2026 12:24:59 AM java.util.prefs.FileSystemPreferences checkLockFile0ErrorCode
2026-03-16 00:24:59,687 [ERROR] LogOutputStream:75 - [STDERR_REDIRECT] WARNING: Could not lock System prefs. Unix error code 31996.
2026-03-16 00:24:59,687 [ERROR] LogOutputStream:75 - [STDERR_REDIRECT] 
2026-03-16 00:24:59,688 [ERROR] LogOutputStream:75 - [STDERR_REDIRECT] Mar 16, 2026 12:24:59 AM java.util.prefs.FileSystemPreferences syncWorld
2026-03-16 00:24:59,689 [ERROR] LogOutputStream:75 - [STDERR_REDIRECT] WARNING: Couldn't flush system prefs: java.util.prefs.BackingStoreException: Couldn't get file lock.
2026-03-16 00:24:59,689 [ERROR] LogOutputStream:75 - [STDERR_REDIRECT] 
2026-03-16 00:25:29,687 [ERROR] LogOutputStream:75 - [STDERR_REDIRECT] Mar 16, 2026 12:25:29 AM java.util.prefs.FileSystemPreferences checkLockFile0ErrorCode
2026-03-16 00:25:29,687 [ERROR] LogOutputStream:75 - [STDERR_REDIRECT] WARNING: Could not lock System prefs. Unix error code 31996.
2026-03-16 00:25:29,687 [ERROR] LogOutputStream:75 - [STDERR_REDIRECT] 
2026-03-16 00:25:29,687 [ERROR] LogOutputStream:75 - [STDERR_REDIRECT] Mar 16, 2026 12:25:29 AM java.util.prefs.FileSystemPreferences syncWorld
2026-03-16 00:25:29,687 [ERROR] LogOutputStream:75 - [STDERR_REDIRECT] WARNING: Couldn't flush system prefs: java.util.prefs.BackingStoreException: Couldn't get file lock.
2026-03-16 00:25:29,688 [ERROR] LogOutputStream:75 - [STDERR_REDIRECT] 
2026-03-16 00:25:59,686 [ERROR] LogOutputStream:75 - [STDERR_REDIRECT] Mar 16, 2026 12:25:59 AM java.util.prefs.FileSystemPreferences checkLockFile0ErrorCode
2026-03-16 00:25:59,687 [ERROR] LogOutputStream:75 - [STDERR_REDIRECT] WARNING: Could not lock System prefs. Unix error code 31996.
2026-03-16 00:25:59,687 [ERROR] LogOutputStream:75 - [STDERR_REDIRECT] 
2026-03-16 00:25:59,687 [ERROR] LogOutputStream:75 - [STDERR_REDIRECT] Mar 16, 2026 12:25:59 AM java.util.prefs.FileSystemPreferences syncWorld
2026-03-16 00:25:59,687 [ERROR] LogOutputStream:75 - [STDERR_REDIRECT] WARNING: Couldn't flush system prefs: java.util.prefs.BackingStoreException: Couldn't get file lock.
2026-03-16 00:25:59,687 [ERROR] LogOutputStream:75 - [STDERR_REDIRECT] 
2026-03-16 00:26:29,687 [ERROR] LogOutputStream:75 - [STDERR_REDIRECT] Mar 16, 2026 12:26:29 AM java.util.prefs.FileSystemPreferences checkLockFile0ErrorCode
2026-03-16 00:26:29,687 [ERROR] LogOutputStream:75 - [STDERR_REDIRECT] WARNING: Could not lock System prefs. Unix error code 31996.
2026-03-16 00:26:29,687 [ERROR] LogOutputStream:75 - [STDERR_REDIRECT] 
2026-03-16 00:26:29,688 [ERROR] LogOutputStream:75 - [STDERR_REDIRECT] Mar 16, 2026 12:26:29 AM java.util.prefs.FileSystemPreferences syncWorld
2026-03-16 00:26:29,688 [ERROR] LogOutputStream:75 - [STDERR_REDIRECT] WARNING: Couldn't flush system prefs: java.util.prefs.BackingStoreException: Couldn't get file lock.
2026-03-16 00:26:29,688 [ERROR] LogOutputStream:75 - [STDERR_REDIRECT] 
2026-03-16 00:26:59,687 [ERROR] LogOutputStream:75 - [STDERR_REDIRECT] Mar 16, 2026 12:26:59 AM java.util.prefs.FileSystemPreferences checkLockFile0ErrorCode
2026-03-16 00:26:59,687 [ERROR] LogOutputStream:75 - [STDERR_REDIRECT] WARNING: Could not lock System prefs. Unix error code 31996.
2026-03-16 00:26:59,687 [ERROR] LogOutputStream:75 - [STDERR_REDIRECT] 
2026-03-16 00:26:59,687 [ERROR] LogOutputStream:75 - [STDERR_REDIRECT] Mar 16, 2026 12:26:59 AM java.util.prefs.FileSystemPreferences syncWorld
2026-03-16 00:26:59,687 [ERROR] LogOutputStream:75 - [STDERR_REDIRECT] WARNING: Couldn't flush system prefs: java.util.prefs.BackingStoreException: Couldn't get file lock.
2026-03-16 00:26:59,688 [ERROR] LogOutputStream:75 - [STDERR_REDIRECT] 
2026-03-16 00:27:29,687 [ERROR] LogOutputStream:75 - [STDERR_REDIRECT] Mar 16, 2026 12:27:29 AM java.util.prefs.FileSystemPreferences checkLockFile0ErrorCode
2026-03-16 00:27:29,688 [ERROR] LogOutputStream:75 - [STDERR_REDIRECT] WARNING: Could not lock System prefs. Unix error code 31996.
2026-03-16 00:27:29,688 [ERROR] LogOutputStream:75 - [STDERR_REDIRECT] 
2026-03-16 00:27:29,688 [ERROR] LogOutputStream:75 - [STDERR_REDIRECT] Mar 16, 2026 12:27:29 AM java.util.prefs.FileSystemPreferences syncWorld
2026-03-16 00:27:29,689 [ERROR] LogOutputStream:75 - [STDERR_REDIRECT] WARNING: Couldn't flush system prefs: java.util.prefs.BackingStoreException: Couldn't get file lock.
2026-03-16 00:27:29,689 [ERROR] LogOutputStream:75 - [STDERR_REDIRECT] 
2026-03-16 00:27:59,687 [ERROR] LogOutputStream:75 - [STDERR_REDIRECT] Mar 16, 2026 12:27:59 AM java.util.prefs.FileSystemPreferences checkLockFile0ErrorCode
2026-03-16 00:27:59,688 [ERROR] LogOutputStream:75 - [STDERR_REDIRECT] WARNING: Could not lock System prefs. Unix error code 31996.
2026-03-16 00:27:59,688 [ERROR] LogOutputStream:75 - [STDERR_REDIRECT] 
2026-03-16 00:27:59,688 [ERROR] LogOutputStream:75 - [STDERR_REDIRECT] Mar 16, 2026 12:27:59 AM java.util.prefs.FileSystemPreferences syncWorld
2026-03-16 00:27:59,688 [ERROR] LogOutputStream:75 - [STDERR_REDIRECT] WARNING: Couldn't flush system prefs: java.util.prefs.BackingStoreException: Couldn't get file lock.
2026-03-16 00:27:59,688 [ERROR] LogOutputStream:75 - [STDERR_REDIRECT] 
2026-03-16 00:28:29,688 [ERROR] LogOutputStream:75 - [STDERR_REDIRECT] Mar 16, 2026 12:28:29 AM java.util.prefs.FileSystemPreferences checkLockFile0ErrorCode
2026-03-16 00:28:29,688 [ERROR] LogOutputStream:75 - [STDERR_REDIRECT] WARNING: Could not lock System prefs. Unix error code 31996.
2026-03-16 00:28:29,688 [ERROR] LogOutputStream:75 - [STDERR_REDIRECT] 
2026-03-16 00:28:29,688 [ERROR] LogOutputStream:75 - [STDERR_REDIRECT] Mar 16, 2026 12:28:29 AM java.util.prefs.FileSystemPreferences syncWorld
2026-03-16 00:28:29,689 [ERROR] LogOutputStream:75 - [STDERR_REDIRECT] WARNING: Couldn't flush system prefs: java.util.prefs.BackingStoreException: Couldn't get file lock.
2026-03-16 00:28:29,689 [ERROR] LogOutputStream:75 - [STDERR_REDIRECT] 
2026-03-16 00:28:59,687 [ERROR] LogOutputStream:75 - [STDERR_REDIRECT] Mar 16, 2026 12:28:59 AM java.util.prefs.FileSystemPreferences checkLockFile0ErrorCode
2026-03-16 00:28:59,687 [ERROR] LogOutputStream:75 - [STDERR_REDIRECT] WARNING: Could not lock System prefs. Unix error code 31996.
2026-03-16 00:28:59,687 [ERROR] LogOutputStream:75 - [STDERR_REDIRECT] 
2026-03-16 00:28:59,688 [ERROR] LogOutputStream:75 - [STDERR_REDIRECT] Mar 16, 2026 12:28:59 AM java.util.prefs.FileSystemPreferences syncWorld
2026-03-16 00:28:59,688 [ERROR] LogOutputStream:75 - [STDERR_REDIRECT] WARNING: Couldn't flush system prefs: java.util.prefs.BackingStoreException: Couldn't get file lock.
2026-03-16 00:28:59,688 [ERROR] LogOutputStream:75 - [STDERR_REDIRECT] 
2026-03-16 00:29:29,687 [ERROR] LogOutputStream:75 - [STDERR_REDIRECT] Mar 16, 2026 12:29:29 AM java.util.prefs.FileSystemPreferences checkLockFile0ErrorCode
2026-03-16 00:29:29,687 [ERROR] LogOutputStream:75 - [STDERR_REDIRECT] WARNING: Could not lock System prefs. Unix error code 31996.
2026-03-16 00:29:29,687 [ERROR] LogOutputStream:75 - [STDERR_REDIRECT] 
2026-03-16 00:29:29,688 [ERROR] LogOutputStream:75 - [STDERR_REDIRECT] Mar 16, 2026 12:29:29 AM java.util.prefs.FileSystemPreferences syncWorld
2026-03-16 00:29:29,688 [ERROR] LogOutputStream:75 - [STDERR_REDIRECT] WARNING: Couldn't flush system prefs: java.util.prefs.BackingStoreException: Couldn't get file lock.
2026-03-16 00:29:29,688 [ERROR] LogOutputStream:75 - [STDERR_REDIRECT] 
2026-03-16 00:29:59,687 [ERROR] LogOutputStream:75 - [STDERR_REDIRECT] Mar 16, 2026 12:29:59 AM java.util.prefs.FileSystemPreferences checkLockFile0ErrorCode
2026-03-16 00:29:59,687 [ERROR] LogOutputStream:75 - [STDERR_REDIRECT] WARNING: Could not lock System prefs. Unix error code 31996.
2026-03-16 00:29:59,687 [ERROR] LogOutputStream:75 - [STDERR_REDIRECT] 
2026-03-16 00:29:59,688 [ERROR] LogOutputStream:75 - [STDERR_REDIRECT] Mar 16, 2026 12:29:59 AM java.util.prefs.FileSystemPreferences syncWorld
2026-03-16 00:29:59,688 [ERROR] LogOutputStream:75 - [STDERR_REDIRECT] WARNING: Couldn't flush system prefs: java.util.prefs.BackingStoreException: Couldn't get file lock.
2026-03-16 00:29:59,688 [ERROR] LogOutputStream:75 - [STDERR_REDIRECT] 
2026-03-16 00:30:29,687 [ERROR] LogOutputStream:75 - [STDERR_REDIRECT] Mar 16, 2026 12:30:29 AM java.util.prefs.FileSystemPreferences checkLockFile0ErrorCode
2026-03-16 00:30:29,687 [ERROR] LogOutputStream:75 - [STDERR_REDIRECT] WARNING: Could not lock System prefs. Unix error code 31996.
2026-03-16 00:30:29,687 [ERROR] LogOutputStream:75 - [STDERR_REDIRECT] 
2026-03-16 00:30:29,688 [ERROR] LogOutputStream:75 - [STDERR_REDIRECT] Mar 16, 2026 12:30:29 AM java.util.prefs.FileSystemPreferences syncWorld
2026-03-16 00:30:29,688 [ERROR] LogOutputStream:75 - [STDERR_REDIRECT] WARNING: Couldn't flush system prefs: java.util.prefs.BackingStoreException: Couldn't get file lock.
2026-03-16 00:30:29,688 [ERROR] LogOutputStream:75 - [STDERR_REDIRECT] 
2026-03-16 00:30:59,687 [ERROR] LogOutputStream:75 - [STDERR_REDIRECT] Mar 16, 2026 12:30:59 AM java.util.prefs.FileSystemPreferences checkLockFile0ErrorCode
2026-03-16 00:30:59,687 [ERROR] LogOutputStream:75 - [STDERR_REDIRECT] WARNING: Could not lock System prefs. Unix error code 31996.
2026-03-16 00:30:59,687 [ERROR] LogOutputStream:75 - [STDERR_REDIRECT] 
2026-03-16 00:30:59,687 [ERROR] LogOutputStream:75 - [STDERR_REDIRECT] Mar 16, 2026 12:30:59 AM java.util.prefs.FileSystemPreferences syncWorld
2026-03-16 00:30:59,687 [ERROR] LogOutputStream:75 - [STDERR_REDIRECT] WARNING: Couldn't flush system prefs: java.util.prefs.BackingStoreException: Couldn't get file lock.
2026-03-16 00:30:59,688 [ERROR] LogOutputStream:75 - [STDERR_REDIRECT] 
2026-03-16 00:31:29,687 [ERROR] LogOutputStream:75 - [STDERR_REDIRECT] Mar 16, 2026 12:31:29 AM java.util.prefs.FileSystemPreferences checkLockFile0ErrorCode
2026-03-16 00:31:29,687 [ERROR] LogOutputStream:75 - [STDERR_REDIRECT] WARNING: Could not lock System prefs. Unix error code 31996.
2026-03-16 00:31:29,688 [ERROR] LogOutputStream:75 - [STDERR_REDIRECT] 
2026-03-16 00:31:29,688 [ERROR] LogOutputStream:75 - [STDERR_REDIRECT] Mar 16, 2026 12:31:29 AM java.util.prefs.FileSystemPreferences syncWorld
2026-03-16 00:31:29,688 [ERROR] LogOutputStream:75 - [STDERR_REDIRECT] WARNING: Couldn't flush system prefs: java.util.prefs.BackingStoreException: Couldn't get file lock.
2026-03-16 00:31:29,688 [ERROR] LogOutputStream:75 - [STDERR_REDIRECT] 
2026-03-16 00:31:59,687 [ERROR] LogOutputStream:75 - [STDERR_REDIRECT] Mar 16, 2026 12:31:59 AM java.util.prefs.FileSystemPreferences checkLockFile0ErrorCode
2026-03-16 00:31:59,687 [ERROR] LogOutputStream:75 - [STDERR_REDIRECT] WARNING: Could not lock System prefs. Unix error code 31996.
2026-03-16 00:31:59,687 [ERROR] LogOutputStream:75 - [STDERR_REDIRECT] 
2026-03-16 00:31:59,688 [ERROR] LogOutputStream:75 - [STDERR_REDIRECT] Mar 16, 2026 12:31:59 AM java.util.prefs.FileSystemPreferences syncWorld
2026-03-16 00:31:59,688 [ERROR] LogOutputStream:75 - [STDERR_REDIRECT] WARNING: Couldn't flush system prefs: java.util.prefs.BackingStoreException: Couldn't get file lock.
2026-03-16 00:31:59,688 [ERROR] LogOutputStream:75 - [STDERR_REDIRECT] 
2026-03-16 00:32:29,687 [ERROR] LogOutputStream:75 - [STDERR_REDIRECT] Mar 16, 2026 12:32:29 AM java.util.prefs.FileSystemPreferences checkLockFile0ErrorCode
2026-03-16 00:32:29,687 [ERROR] LogOutputStream:75 - [STDERR_REDIRECT] WARNING: Could not lock System prefs. Unix error code 31996.
2026-03-16 00:32:29,687 [ERROR] LogOutputStream:75 - [STDERR_REDIRECT] 
2026-03-16 00:32:29,688 [ERROR] LogOutputStream:75 - [STDERR_REDIRECT] Mar 16, 2026 12:32:29 AM java.util.prefs.FileSystemPreferences syncWorld
2026-03-16 00:32:29,688 [ERROR] LogOutputStream:75 - [STDERR_REDIRECT] WARNING: Couldn't flush system prefs: java.util.prefs.BackingStoreException: Couldn't get file lock.
2026-03-16 00:32:29,688 [ERROR] LogOutputStream:75 - [STDERR_REDIRECT] 
2026-03-16 00:32:59,687 [ERROR] LogOutputStream:75 - [STDERR_REDIRECT] Mar 16, 2026 12:32:59 AM java.util.prefs.FileSystemPreferences checkLockFile0ErrorCode
2026-03-16 00:32:59,687 [ERROR] LogOutputStream:75 - [STDERR_REDIRECT] WARNING: Could not lock System prefs. Unix error code 31996.
2026-03-16 00:32:59,687 [ERROR] LogOutputStream:75 - [STDERR_REDIRECT] 
2026-03-16 00:32:59,688 [ERROR] LogOutputStream:75 - [STDERR_REDIRECT] Mar 16, 2026 12:32:59 AM java.util.prefs.FileSystemPreferences syncWorld
2026-03-16 00:32:59,688 [ERROR] LogOutputStream:75 - [STDERR_REDIRECT] WARNING: Couldn't flush system prefs: java.util.prefs.BackingStoreException: Couldn't get file lock.
2026-03-16 00:32:59,688 [ERROR] LogOutputStream:75 - [STDERR_REDIRECT] 
2026-03-16 00:33:29,687 [ERROR] LogOutputStream:75 - [STDERR_REDIRECT] Mar 16, 2026 12:33:29 AM java.util.prefs.FileSystemPreferences checkLockFile0ErrorCode
2026-03-16 00:33:29,687 [ERROR] LogOutputStream:75 - [STDERR_REDIRECT] WARNING: Could not lock System prefs. Unix error code 31996.
2026-03-16 00:33:29,687 [ERROR] LogOutputStream:75 - [STDERR_REDIRECT] 
2026-03-16 00:33:29,688 [ERROR] LogOutputStream:75 - [STDERR_REDIRECT] Mar 16, 2026 12:33:29 AM java.util.prefs.FileSystemPreferences syncWorld
2026-03-16 00:33:29,688 [ERROR] LogOutputStream:75 - [STDERR_REDIRECT] WARNING: Couldn't flush system prefs: java.util.prefs.BackingStoreException: Couldn't get file lock.
2026-03-16 00:33:29,688 [ERROR] LogOutputStream:75 - [STDERR_REDIRECT] 
2026-03-16 00:33:59,687 [ERROR] LogOutputStream:75 - [STDERR_REDIRECT] Mar 16, 2026 12:33:59 AM java.util.prefs.FileSystemPreferences checkLockFile0ErrorCode
2026-03-16 00:33:59,687 [ERROR] LogOutputStream:75 - [STDERR_REDIRECT] WARNING: Could not lock System prefs. Unix error code 31996.
2026-03-16 00:33:59,687 [ERROR] LogOutputStream:75 - [STDERR_REDIRECT] 
2026-03-16 00:33:59,688 [ERROR] LogOutputStream:75 - [STDERR_REDIRECT] Mar 16, 2026 12:33:59 AM java.util.prefs.FileSystemPreferences syncWorld
2026-03-16 00:33:59,688 [ERROR] LogOutputStream:75 - [STDERR_REDIRECT] WARNING: Couldn't flush system prefs: java.util.prefs.BackingStoreException: Couldn't get file lock.
2026-03-16 00:33:59,688 [ERROR] LogOutputStream:75 - [STDERR_REDIRECT] 
2026-03-16 00:34:29,687 [ERROR] LogOutputStream:75 - [STDERR_REDIRECT] Mar 16, 2026 12:34:29 AM java.util.prefs.FileSystemPreferences checkLockFile0ErrorCode
2026-03-16 00:34:29,687 [ERROR] LogOutputStream:75 - [STDERR_REDIRECT] WARNING: Could not lock System prefs. Unix error code 31996.
2026-03-16 00:34:29,687 [ERROR] LogOutputStream:75 - [STDERR_REDIRECT] 
2026-03-16 00:34:29,687 [ERROR] LogOutputStream:75 - [STDERR_REDIRECT] Mar 16, 2026 12:34:29 AM java.util.prefs.FileSystemPreferences syncWorld
2026-03-16 00:34:29,687 [ERROR] LogOutputStream:75 - [STDERR_REDIRECT] WARNING: Couldn't flush system prefs: java.util.prefs.BackingStoreException: Couldn't get file lock.
2026-03-16 00:34:29,687 [ERROR] LogOutputStream:75 - [STDERR_REDIRECT] 
2026-03-16 00:34:59,687 [ERROR] LogOutputStream:75 - [STDERR_REDIRECT] Mar 16, 2026 12:34:59 AM java.util.prefs.FileSystemPreferences checkLockFile0ErrorCode
2026-03-16 00:34:59,687 [ERROR] LogOutputStream:75 - [STDERR_REDIRECT] WARNING: Could not lock System prefs. Unix error code 31996.
2026-03-16 00:34:59,687 [ERROR] LogOutputStream:75 - [STDERR_REDIRECT] 
2026-03-16 00:34:59,688 [ERROR] LogOutputStream:75 - [STDERR_REDIRECT] Mar 16, 2026 12:34:59 AM java.util.prefs.FileSystemPreferences syncWorld
2026-03-16 00:34:59,688 [ERROR] LogOutputStream:75 - [STDERR_REDIRECT] WARNING: Couldn't flush system prefs: java.util.prefs.BackingStoreException: Couldn't get file lock.
2026-03-16 00:34:59,688 [ERROR] LogOutputStream:75 - [STDERR_REDIRECT] 
2026-03-16 00:35:29,687 [ERROR] LogOutputStream:75 - [STDERR_REDIRECT] Mar 16, 2026 12:35:29 AM java.util.prefs.FileSystemPreferences checkLockFile0ErrorCode
2026-03-16 00:35:29,687 [ERROR] LogOutputStream:75 - [STDERR_REDIRECT] WARNING: Could not lock System prefs. Unix error code 31996.
2026-03-16 00:35:29,687 [ERROR] LogOutputStream:75 - [STDERR_REDIRECT] 
2026-03-16 00:35:29,688 [ERROR] LogOutputStream:75 - [STDERR_REDIRECT] Mar 16, 2026 12:35:29 AM java.util.prefs.FileSystemPreferences syncWorld
2026-03-16 00:35:29,688 [ERROR] LogOutputStream:75 - [STDERR_REDIRECT] WARNING: Couldn't flush system prefs: java.util.prefs.BackingStoreException: Couldn't get file lock.
2026-03-16 00:35:29,688 [ERROR] LogOutputStream:75 - [STDERR_REDIRECT] 
2026-03-16 00:35:59,687 [ERROR] LogOutputStream:75 - [STDERR_REDIRECT] Mar 16, 2026 12:35:59 AM java.util.prefs.FileSystemPreferences checkLockFile0ErrorCode
2026-03-16 00:35:59,687 [ERROR] LogOutputStream:75 - [STDERR_REDIRECT] WARNING: Could not lock System prefs. Unix error code 31996.
2026-03-16 00:35:59,687 [ERROR] LogOutputStream:75 - [STDERR_REDIRECT] 
2026-03-16 00:35:59,688 [ERROR] LogOutputStream:75 - [STDERR_REDIRECT] Mar 16, 2026 12:35:59 AM java.util.prefs.FileSystemPreferences syncWorld
2026-03-16 00:35:59,688 [ERROR] LogOutputStream:75 - [STDERR_REDIRECT] WARNING: Couldn't flush system prefs: java.util.prefs.BackingStoreException: Couldn't get file lock.
2026-03-16 00:35:59,688 [ERROR] LogOutputStream:75 - [STDERR_REDIRECT] 
2026-03-16 00:36:29,687 [ERROR] LogOutputStream:75 - [STDERR_REDIRECT] Mar 16, 2026 12:36:29 AM java.util.prefs.FileSystemPreferences checkLockFile0ErrorCode
2026-03-16 00:36:29,687 [ERROR] LogOutputStream:75 - [STDERR_REDIRECT] WARNING: Could not lock System prefs. Unix error code 31996.
2026-03-16 00:36:29,687 [ERROR] LogOutputStream:75 - [STDERR_REDIRECT] 
2026-03-16 00:36:29,687 [ERROR] LogOutputStream:75 - [STDERR_REDIRECT] Mar 16, 2026 12:36:29 AM java.util.prefs.FileSystemPreferences syncWorld
2026-03-16 00:36:29,687 [ERROR] LogOutputStream:75 - [STDERR_REDIRECT] WARNING: Couldn't flush system prefs: java.util.prefs.BackingStoreException: Couldn't get file lock.
2026-03-16 00:36:29,687 [ERROR] LogOutputStream:75 - [STDERR_REDIRECT] 
2026-03-16 00:36:59,687 [ERROR] LogOutputStream:75 - [STDERR_REDIRECT] Mar 16, 2026 12:36:59 AM java.util.prefs.FileSystemPreferences checkLockFile0ErrorCode
2026-03-16 00:36:59,688 [ERROR] LogOutputStream:75 - [STDERR_REDIRECT] WARNING: Could not lock System prefs. Unix error code 31996.
2026-03-16 00:36:59,688 [ERROR] LogOutputStream:75 - [STDERR_REDIRECT] 
2026-03-16 00:36:59,688 [ERROR] LogOutputStream:75 - [STDERR_REDIRECT] Mar 16, 2026 12:36:59 AM java.util.prefs.FileSystemPreferences syncWorld
2026-03-16 00:36:59,688 [ERROR] LogOutputStream:75 - [STDERR_REDIRECT] WARNING: Couldn't flush system prefs: java.util.prefs.BackingStoreException: Couldn't get file lock.
2026-03-16 00:36:59,688 [ERROR] LogOutputStream:75 - [STDERR_REDIRECT] 
2026-03-16 00:37:29,688 [ERROR] LogOutputStream:75 - [STDERR_REDIRECT] Mar 16, 2026 12:37:29 AM java.util.prefs.FileSystemPreferences checkLockFile0ErrorCode
2026-03-16 00:37:29,688 [ERROR] LogOutputStream:75 - [STDERR_REDIRECT] WARNING: Could not lock System prefs. Unix error code 31996.
2026-03-16 00:37:29,689 [ERROR] LogOutputStream:75 - [STDERR_REDIRECT] 
2026-03-16 00:37:29,689 [ERROR] LogOutputStream:75 - [STDERR_REDIRECT] Mar 16, 2026 12:37:29 AM java.util.prefs.FileSystemPreferences syncWorld
2026-03-16 00:37:29,689 [ERROR] LogOutputStream:75 - [STDERR_REDIRECT] WARNING: Couldn't flush system prefs: java.util.prefs.BackingStoreException: Couldn't get file lock.
2026-03-16 00:37:29,689 [ERROR] LogOutputStream:75 - [STDERR_REDIRECT] 
2026-03-16 00:37:59,689 [ERROR] LogOutputStream:75 - [STDERR_REDIRECT] Mar 16, 2026 12:37:59 AM java.util.prefs.FileSystemPreferences checkLockFile0ErrorCode
2026-03-16 00:37:59,689 [ERROR] LogOutputStream:75 - [STDERR_REDIRECT] WARNING: Could not lock System prefs. Unix error code 31996.
2026-03-16 00:37:59,689 [ERROR] LogOutputStream:75 - [STDERR_REDIRECT] 
2026-03-16 00:37:59,689 [ERROR] LogOutputStream:75 - [STDERR_REDIRECT] Mar 16, 2026 12:37:59 AM java.util.prefs.FileSystemPreferences syncWorld
2026-03-16 00:37:59,689 [ERROR] LogOutputStream:75 - [STDERR_REDIRECT] WARNING: Couldn't flush system prefs: java.util.prefs.BackingStoreException: Couldn't get file lock.
2026-03-16 00:37:59,690 [ERROR] LogOutputStream:75 - [STDERR_REDIRECT] 
2026-03-16 00:38:29,688 [ERROR] LogOutputStream:75 - [STDERR_REDIRECT] Mar 16, 2026 12:38:29 AM java.util.prefs.FileSystemPreferences checkLockFile0ErrorCode
2026-03-16 00:38:29,689 [ERROR] LogOutputStream:75 - [STDERR_REDIRECT] WARNING: Could not lock System prefs. Unix error code 31996.
2026-03-16 00:38:29,689 [ERROR] LogOutputStream:75 - [STDERR_REDIRECT] 
2026-03-16 00:38:29,689 [ERROR] LogOutputStream:75 - [STDERR_REDIRECT] Mar 16, 2026 12:38:29 AM java.util.prefs.FileSystemPreferences syncWorld
2026-03-16 00:38:29,689 [ERROR] LogOutputStream:75 - [STDERR_REDIRECT] WARNING: Couldn't flush system prefs: java.util.prefs.BackingStoreException: Couldn't get file lock.
2026-03-16 00:38:29,689 [ERROR] LogOutputStream:75 - [STDERR_REDIRECT] 
2026-03-16 00:38:59,689 [ERROR] LogOutputStream:75 - [STDERR_REDIRECT] Mar 16, 2026 12:38:59 AM java.util.prefs.FileSystemPreferences checkLockFile0ErrorCode
2026-03-16 00:38:59,689 [ERROR] LogOutputStream:75 - [STDERR_REDIRECT] WARNING: Could not lock System prefs. Unix error code 31996.
2026-03-16 00:38:59,690 [ERROR] LogOutputStream:75 - [STDERR_REDIRECT] 
2026-03-16 00:38:59,690 [ERROR] LogOutputStream:75 - [STDERR_REDIRECT] Mar 16, 2026 12:38:59 AM java.util.prefs.FileSystemPreferences syncWorld
2026-03-16 00:38:59,690 [ERROR] LogOutputStream:75 - [STDERR_REDIRECT] WARNING: Couldn't flush system prefs: java.util.prefs.BackingStoreException: Couldn't get file lock.
2026-03-16 00:38:59,690 [ERROR] LogOutputStream:75 - [STDERR_REDIRECT] 
2026-03-16 00:39:29,689 [ERROR] LogOutputStream:75 - [STDERR_REDIRECT] Mar 16, 2026 12:39:29 AM java.util.prefs.FileSystemPreferences checkLockFile0ErrorCode
2026-03-16 00:39:29,689 [ERROR] LogOutputStream:75 - [STDERR_REDIRECT] WARNING: Could not lock System prefs. Unix error code 31996.
2026-03-16 00:39:29,689 [ERROR] LogOutputStream:75 - [STDERR_REDIRECT] 
2026-03-16 00:39:29,690 [ERROR] LogOutputStream:75 - [STDERR_REDIRECT] Mar 16, 2026 12:39:29 AM java.util.prefs.FileSystemPreferences syncWorld
2026-03-16 00:39:29,690 [ERROR] LogOutputStream:75 - [STDERR_REDIRECT] WARNING: Couldn't flush system prefs: java.util.prefs.BackingStoreException: Couldn't get file lock.
2026-03-16 00:39:29,690 [ERROR] LogOutputStream:75 - [STDERR_REDIRECT] 
2026-03-16 00:39:59,689 [ERROR] LogOutputStream:75 - [STDERR_REDIRECT] Mar 16, 2026 12:39:59 AM java.util.prefs.FileSystemPreferences checkLockFile0ErrorCode
2026-03-16 00:39:59,689 [ERROR] LogOutputStream:75 - [STDERR_REDIRECT] WARNING: Could not lock System prefs. Unix error code 31996.
2026-03-16 00:39:59,689 [ERROR] LogOutputStream:75 - [STDERR_REDIRECT] 
2026-03-16 00:39:59,689 [ERROR] LogOutputStream:75 - [STDERR_REDIRECT] Mar 16, 2026 12:39:59 AM java.util.prefs.FileSystemPreferences syncWorld
2026-03-16 00:39:59,689 [ERROR] LogOutputStream:75 - [STDERR_REDIRECT] WARNING: Couldn't flush system prefs: java.util.prefs.BackingStoreException: Couldn't get file lock.
2026-03-16 00:39:59,690 [ERROR] LogOutputStream:75 - [STDERR_REDIRECT] 
2026-03-16 00:40:29,689 [ERROR] LogOutputStream:75 - [STDERR_REDIRECT] Mar 16, 2026 12:40:29 AM java.util.prefs.FileSystemPreferences checkLockFile0ErrorCode
2026-03-16 00:40:29,689 [ERROR] LogOutputStream:75 - [STDERR_REDIRECT] WARNING: Could not lock System prefs. Unix error code 31996.
2026-03-16 00:40:29,689 [ERROR] LogOutputStream:75 - [STDERR_REDIRECT] 
2026-03-16 00:40:29,689 [ERROR] LogOutputStream:75 - [STDERR_REDIRECT] Mar 16, 2026 12:40:29 AM java.util.prefs.FileSystemPreferences syncWorld
2026-03-16 00:40:29,690 [ERROR] LogOutputStream:75 - [STDERR_REDIRECT] WARNING: Couldn't flush system prefs: java.util.prefs.BackingStoreException: Couldn't get file lock.
2026-03-16 00:40:29,690 [ERROR] LogOutputStream:75 - [STDERR_REDIRECT] 
2026-03-16 00:40:59,688 [ERROR] LogOutputStream:75 - [STDERR_REDIRECT] Mar 16, 2026 12:40:59 AM java.util.prefs.FileSystemPreferences checkLockFile0ErrorCode
2026-03-16 00:40:59,689 [ERROR] LogOutputStream:75 - [STDERR_REDIRECT] WARNING: Could not lock System prefs. Unix error code 31996.
2026-03-16 00:40:59,689 [ERROR] LogOutputStream:75 - [STDERR_REDIRECT] 
2026-03-16 00:40:59,689 [ERROR] LogOutputStream:75 - [STDERR_REDIRECT] Mar 16, 2026 12:40:59 AM java.util.prefs.FileSystemPreferences syncWorld
2026-03-16 00:40:59,689 [ERROR] LogOutputStream:75 - [STDERR_REDIRECT] WARNING: Couldn't flush system prefs: java.util.prefs.BackingStoreException: Couldn't get file lock.
2026-03-16 00:40:59,689 [ERROR] LogOutputStream:75 - [STDERR_REDIRECT] 
2026-03-16 00:41:29,689 [ERROR] LogOutputStream:75 - [STDERR_REDIRECT] Mar 16, 2026 12:41:29 AM java.util.prefs.FileSystemPreferences checkLockFile0ErrorCode
2026-03-16 00:41:29,689 [ERROR] LogOutputStream:75 - [STDERR_REDIRECT] WARNING: Could not lock System prefs. Unix error code 31996.
2026-03-16 00:41:29,689 [ERROR] LogOutputStream:75 - [STDERR_REDIRECT] 
2026-03-16 00:41:29,690 [ERROR] LogOutputStream:75 - [STDERR_REDIRECT] Mar 16, 2026 12:41:29 AM java.util.prefs.FileSystemPreferences syncWorld
2026-03-16 00:41:29,690 [ERROR] LogOutputStream:75 - [STDERR_REDIRECT] WARNING: Couldn't flush system prefs: java.util.prefs.BackingStoreException: Couldn't get file lock.
2026-03-16 00:41:29,690 [ERROR] LogOutputStream:75 - [STDERR_REDIRECT] 
2026-03-16 00:41:59,689 [ERROR] LogOutputStream:75 - [STDERR_REDIRECT] Mar 16, 2026 12:41:59 AM java.util.prefs.FileSystemPreferences checkLockFile0ErrorCode
2026-03-16 00:41:59,689 [ERROR] LogOutputStream:75 - [STDERR_REDIRECT] WARNING: Could not lock System prefs. Unix error code 31996.
2026-03-16 00:41:59,689 [ERROR] LogOutputStream:75 - [STDERR_REDIRECT] 
2026-03-16 00:41:59,689 [ERROR] LogOutputStream:75 - [STDERR_REDIRECT] Mar 16, 2026 12:41:59 AM java.util.prefs.FileSystemPreferences syncWorld
2026-03-16 00:41:59,689 [ERROR] LogOutputStream:75 - [STDERR_REDIRECT] WARNING: Couldn't flush system prefs: java.util.prefs.BackingStoreException: Couldn't get file lock.
2026-03-16 00:41:59,689 [ERROR] LogOutputStream:75 - [STDERR_REDIRECT] 
2026-03-16 00:42:29,689 [ERROR] LogOutputStream:75 - [STDERR_REDIRECT] Mar 16, 2026 12:42:29 AM java.util.prefs.FileSystemPreferences checkLockFile0ErrorCode
2026-03-16 00:42:29,689 [ERROR] LogOutputStream:75 - [STDERR_REDIRECT] WARNING: Could not lock System prefs. Unix error code 31996.
2026-03-16 00:42:29,689 [ERROR] LogOutputStream:75 - [STDERR_REDIRECT] 
2026-03-16 00:42:29,689 [ERROR] LogOutputStream:75 - [STDERR_REDIRECT] Mar 16, 2026 12:42:29 AM java.util.prefs.FileSystemPreferences syncWorld
2026-03-16 00:42:29,690 [ERROR] LogOutputStream:75 - [STDERR_REDIRECT] WARNING: Couldn't flush system prefs: java.util.prefs.BackingStoreException: Couldn't get file lock.
2026-03-16 00:42:29,690 [ERROR] LogOutputStream:75 - [STDERR_REDIRECT] 
2026-03-16 00:42:59,690 [ERROR] LogOutputStream:75 - [STDERR_REDIRECT] Mar 16, 2026 12:42:59 AM java.util.prefs.FileSystemPreferences checkLockFile0ErrorCode
2026-03-16 00:42:59,690 [ERROR] LogOutputStream:75 - [STDERR_REDIRECT] WARNING: Could not lock System prefs. Unix error code 31996.
2026-03-16 00:42:59,690 [ERROR] LogOutputStream:75 - [STDERR_REDIRECT] 
2026-03-16 00:42:59,690 [ERROR] LogOutputStream:75 - [STDERR_REDIRECT] Mar 16, 2026 12:42:59 AM java.util.prefs.FileSystemPreferences syncWorld
2026-03-16 00:42:59,690 [ERROR] LogOutputStream:75 - [STDERR_REDIRECT] WARNING: Couldn't flush system prefs: java.util.prefs.BackingStoreException: Couldn't get file lock.
2026-03-16 00:42:59,690 [ERROR] LogOutputStream:75 - [STDERR_REDIRECT] 
2026-03-16 00:43:29,689 [ERROR] LogOutputStream:75 - [STDERR_REDIRECT] Mar 16, 2026 12:43:29 AM java.util.prefs.FileSystemPreferences checkLockFile0ErrorCode
2026-03-16 00:43:29,689 [ERROR] LogOutputStream:75 - [STDERR_REDIRECT] WARNING: Could not lock System prefs. Unix error code 31996.
2026-03-16 00:43:29,689 [ERROR] LogOutputStream:75 - [STDERR_REDIRECT] 
2026-03-16 00:43:29,690 [ERROR] LogOutputStream:75 - [STDERR_REDIRECT] Mar 16, 2026 12:43:29 AM java.util.prefs.FileSystemPreferences syncWorld
2026-03-16 00:43:29,690 [ERROR] LogOutputStream:75 - [STDERR_REDIRECT] WARNING: Couldn't flush system prefs: java.util.prefs.BackingStoreException: Couldn't get file lock.
2026-03-16 00:43:29,690 [ERROR] LogOutputStream:75 - [STDERR_REDIRECT] 
2026-03-16 00:43:59,691 [ERROR] LogOutputStream:75 - [STDERR_REDIRECT] Mar 16, 2026 12:43:59 AM java.util.prefs.FileSystemPreferences checkLockFile0ErrorCode
2026-03-16 00:43:59,691 [ERROR] LogOutputStream:75 - [STDERR_REDIRECT] WARNING: Could not lock System prefs. Unix error code 31996.
2026-03-16 00:43:59,691 [ERROR] LogOutputStream:75 - [STDERR_REDIRECT] 
2026-03-16 00:43:59,691 [ERROR] LogOutputStream:75 - [STDERR_REDIRECT] Mar 16, 2026 12:43:59 AM java.util.prefs.FileSystemPreferences syncWorld
2026-03-16 00:43:59,692 [ERROR] LogOutputStream:75 - [STDERR_REDIRECT] WARNING: Couldn't flush system prefs: java.util.prefs.BackingStoreException: Couldn't get file lock.
2026-03-16 00:43:59,692 [ERROR] LogOutputStream:75 - [STDERR_REDIRECT] 
2026-03-16 00:44:29,690 [ERROR] LogOutputStream:75 - [STDERR_REDIRECT] Mar 16, 2026 12:44:29 AM java.util.prefs.FileSystemPreferences checkLockFile0ErrorCode
2026-03-16 00:44:29,690 [ERROR] LogOutputStream:75 - [STDERR_REDIRECT] WARNING: Could not lock System prefs. Unix error code 31996.
2026-03-16 00:44:29,690 [ERROR] LogOutputStream:75 - [STDERR_REDIRECT] 
2026-03-16 00:44:29,691 [ERROR] LogOutputStream:75 - [STDERR_REDIRECT] Mar 16, 2026 12:44:29 AM java.util.prefs.FileSystemPreferences syncWorld
2026-03-16 00:44:29,691 [ERROR] LogOutputStream:75 - [STDERR_REDIRECT] WARNING: Couldn't flush system prefs: java.util.prefs.BackingStoreException: Couldn't get file lock.
2026-03-16 00:44:29,691 [ERROR] LogOutputStream:75 - [STDERR_REDIRECT] 
