2026-06-10 11:11:16,539 [ERROR] LogOutputStream:75 - [STDERR_REDIRECT] Jun 10, 2026 11:11:16 AM java.util.prefs.FileSystemPreferences checkLockFile0ErrorCode
2026-06-10 11:11:16,540 [ERROR] LogOutputStream:75 - [STDERR_REDIRECT] WARNING: Could not lock System prefs. Unix error code 5.
2026-06-10 11:11:16,540 [ERROR] LogOutputStream:75 - [STDERR_REDIRECT] 
2026-06-10 11:11:16,540 [ERROR] LogOutputStream:75 - [STDERR_REDIRECT] Jun 10, 2026 11:11:16 AM java.util.prefs.FileSystemPreferences syncWorld
2026-06-10 11:11:16,542 [ERROR] LogOutputStream:75 - [STDERR_REDIRECT] WARNING: Couldn't flush system prefs: java.util.prefs.BackingStoreException: Couldn't get file lock.
2026-06-10 11:11:16,542 [ERROR] LogOutputStream:75 - [STDERR_REDIRECT] 
2026-06-10 11:11:46,538 [ERROR] LogOutputStream:75 - [STDERR_REDIRECT] Jun 10, 2026 11:11:46 AM java.util.prefs.FileSystemPreferences checkLockFile0ErrorCode
2026-06-10 11:11:46,538 [ERROR] LogOutputStream:75 - [STDERR_REDIRECT] WARNING: Could not lock System prefs. Unix error code 5.
2026-06-10 11:11:46,538 [ERROR] LogOutputStream:75 - [STDERR_REDIRECT] 
2026-06-10 11:11:46,538 [ERROR] LogOutputStream:75 - [STDERR_REDIRECT] Jun 10, 2026 11:11:46 AM java.util.prefs.FileSystemPreferences syncWorld
2026-06-10 11:11:46,538 [ERROR] LogOutputStream:75 - [STDERR_REDIRECT] WARNING: Couldn't flush system prefs: java.util.prefs.BackingStoreException: Couldn't get file lock.
2026-06-10 11:11:46,539 [ERROR] LogOutputStream:75 - [STDERR_REDIRECT] 
2026-06-10 11:12:16,544 [ERROR] LogOutputStream:75 - [STDERR_REDIRECT] Jun 10, 2026 11:12:16 AM java.util.prefs.FileSystemPreferences checkLockFile0ErrorCode
2026-06-10 11:12:16,544 [ERROR] LogOutputStream:75 - [STDERR_REDIRECT] WARNING: Could not lock System prefs. Unix error code 5.
2026-06-10 11:12:16,544 [ERROR] LogOutputStream:75 - [STDERR_REDIRECT] 
2026-06-10 11:12:16,544 [ERROR] LogOutputStream:75 - [STDERR_REDIRECT] Jun 10, 2026 11:12:16 AM java.util.prefs.FileSystemPreferences syncWorld
2026-06-10 11:12:16,544 [ERROR] LogOutputStream:75 - [STDERR_REDIRECT] WARNING: Couldn't flush system prefs: java.util.prefs.BackingStoreException: Couldn't get file lock.
2026-06-10 11:12:16,544 [ERROR] LogOutputStream:75 - [STDERR_REDIRECT] 
2026-06-10 11:12:46,533 [ERROR] LogOutputStream:75 - [STDERR_REDIRECT] Jun 10, 2026 11:12:46 AM java.util.prefs.FileSystemPreferences checkLockFile0ErrorCode
2026-06-10 11:12:46,533 [ERROR] LogOutputStream:75 - [STDERR_REDIRECT] WARNING: Could not lock System prefs. Unix error code 5.
2026-06-10 11:12:46,533 [ERROR] LogOutputStream:75 - [STDERR_REDIRECT] 
2026-06-10 11:12:46,533 [ERROR] LogOutputStream:75 - [STDERR_REDIRECT] Jun 10, 2026 11:12:46 AM java.util.prefs.FileSystemPreferences syncWorld
2026-06-10 11:12:46,533 [ERROR] LogOutputStream:75 - [STDERR_REDIRECT] WARNING: Couldn't flush system prefs: java.util.prefs.BackingStoreException: Couldn't get file lock.
2026-06-10 11:12:46,533 [ERROR] LogOutputStream:75 - [STDERR_REDIRECT] 
2026-06-10 11:13:16,533 [ERROR] LogOutputStream:75 - [STDERR_REDIRECT] Jun 10, 2026 11:13:16 AM java.util.prefs.FileSystemPreferences checkLockFile0ErrorCode
2026-06-10 11:13:16,533 [ERROR] LogOutputStream:75 - [STDERR_REDIRECT] WARNING: Could not lock System prefs. Unix error code 5.
2026-06-10 11:13:16,533 [ERROR] LogOutputStream:75 - [STDERR_REDIRECT] 
2026-06-10 11:13:16,534 [ERROR] LogOutputStream:75 - [STDERR_REDIRECT] Jun 10, 2026 11:13:16 AM java.util.prefs.FileSystemPreferences syncWorld
2026-06-10 11:13:16,534 [ERROR] LogOutputStream:75 - [STDERR_REDIRECT] WARNING: Couldn't flush system prefs: java.util.prefs.BackingStoreException: Couldn't get file lock.
2026-06-10 11:13:16,534 [ERROR] LogOutputStream:75 - [STDERR_REDIRECT] 
2026-06-10 11:13:46,533 [ERROR] LogOutputStream:75 - [STDERR_REDIRECT] Jun 10, 2026 11:13:46 AM java.util.prefs.FileSystemPreferences checkLockFile0ErrorCode
2026-06-10 11:13:46,534 [ERROR] LogOutputStream:75 - [STDERR_REDIRECT] WARNING: Could not lock System prefs. Unix error code 5.
2026-06-10 11:13:46,534 [ERROR] LogOutputStream:75 - [STDERR_REDIRECT] 
2026-06-10 11:13:46,534 [ERROR] LogOutputStream:75 - [STDERR_REDIRECT] Jun 10, 2026 11:13:46 AM java.util.prefs.FileSystemPreferences syncWorld
2026-06-10 11:13:46,534 [ERROR] LogOutputStream:75 - [STDERR_REDIRECT] WARNING: Couldn't flush system prefs: java.util.prefs.BackingStoreException: Couldn't get file lock.
2026-06-10 11:13:46,534 [ERROR] LogOutputStream:75 - [STDERR_REDIRECT] 
2026-06-10 11:14:16,533 [ERROR] LogOutputStream:75 - [STDERR_REDIRECT] Jun 10, 2026 11:14:16 AM java.util.prefs.FileSystemPreferences checkLockFile0ErrorCode
2026-06-10 11:14:16,533 [ERROR] LogOutputStream:75 - [STDERR_REDIRECT] WARNING: Could not lock System prefs. Unix error code 5.
2026-06-10 11:14:16,533 [ERROR] LogOutputStream:75 - [STDERR_REDIRECT] 
2026-06-10 11:14:16,533 [ERROR] LogOutputStream:75 - [STDERR_REDIRECT] Jun 10, 2026 11:14:16 AM java.util.prefs.FileSystemPreferences syncWorld
2026-06-10 11:14:16,534 [ERROR] LogOutputStream:75 - [STDERR_REDIRECT] WARNING: Couldn't flush system prefs: java.util.prefs.BackingStoreException: Couldn't get file lock.
2026-06-10 11:14:16,534 [ERROR] LogOutputStream:75 - [STDERR_REDIRECT] 
2026-06-10 11:14:46,532 [ERROR] LogOutputStream:75 - [STDERR_REDIRECT] Jun 10, 2026 11:14:46 AM java.util.prefs.FileSystemPreferences checkLockFile0ErrorCode
2026-06-10 11:14:46,532 [ERROR] LogOutputStream:75 - [STDERR_REDIRECT] WARNING: Could not lock System prefs. Unix error code 5.
2026-06-10 11:14:46,532 [ERROR] LogOutputStream:75 - [STDERR_REDIRECT] 
2026-06-10 11:14:46,533 [ERROR] LogOutputStream:75 - [STDERR_REDIRECT] Jun 10, 2026 11:14:46 AM java.util.prefs.FileSystemPreferences syncWorld
2026-06-10 11:14:46,533 [ERROR] LogOutputStream:75 - [STDERR_REDIRECT] WARNING: Couldn't flush system prefs: java.util.prefs.BackingStoreException: Couldn't get file lock.
2026-06-10 11:14:46,533 [ERROR] LogOutputStream:75 - [STDERR_REDIRECT] 
2026-06-10 11:15:16,532 [ERROR] LogOutputStream:75 - [STDERR_REDIRECT] Jun 10, 2026 11:15:16 AM java.util.prefs.FileSystemPreferences checkLockFile0ErrorCode
2026-06-10 11:15:16,532 [ERROR] LogOutputStream:75 - [STDERR_REDIRECT] WARNING: Could not lock System prefs. Unix error code 5.
2026-06-10 11:15:16,532 [ERROR] LogOutputStream:75 - [STDERR_REDIRECT] 
2026-06-10 11:15:16,533 [ERROR] LogOutputStream:75 - [STDERR_REDIRECT] Jun 10, 2026 11:15:16 AM java.util.prefs.FileSystemPreferences syncWorld
2026-06-10 11:15:16,533 [ERROR] LogOutputStream:75 - [STDERR_REDIRECT] WARNING: Couldn't flush system prefs: java.util.prefs.BackingStoreException: Couldn't get file lock.
2026-06-10 11:15:16,533 [ERROR] LogOutputStream:75 - [STDERR_REDIRECT] 
2026-06-10 11:15:46,533 [ERROR] LogOutputStream:75 - [STDERR_REDIRECT] Jun 10, 2026 11:15:46 AM java.util.prefs.FileSystemPreferences checkLockFile0ErrorCode
2026-06-10 11:15:46,533 [ERROR] LogOutputStream:75 - [STDERR_REDIRECT] WARNING: Could not lock System prefs. Unix error code 5.
2026-06-10 11:15:46,533 [ERROR] LogOutputStream:75 - [STDERR_REDIRECT] 
2026-06-10 11:15:46,534 [ERROR] LogOutputStream:75 - [STDERR_REDIRECT] Jun 10, 2026 11:15:46 AM java.util.prefs.FileSystemPreferences syncWorld
2026-06-10 11:15:46,534 [ERROR] LogOutputStream:75 - [STDERR_REDIRECT] WARNING: Couldn't flush system prefs: java.util.prefs.BackingStoreException: Couldn't get file lock.
2026-06-10 11:15:46,534 [ERROR] LogOutputStream:75 - [STDERR_REDIRECT] 
2026-06-10 11:16:16,532 [ERROR] LogOutputStream:75 - [STDERR_REDIRECT] Jun 10, 2026 11:16:16 AM java.util.prefs.FileSystemPreferences checkLockFile0ErrorCode
2026-06-10 11:16:16,532 [ERROR] LogOutputStream:75 - [STDERR_REDIRECT] WARNING: Could not lock System prefs. Unix error code 5.
2026-06-10 11:16:16,532 [ERROR] LogOutputStream:75 - [STDERR_REDIRECT] 
2026-06-10 11:16:16,533 [ERROR] LogOutputStream:75 - [STDERR_REDIRECT] Jun 10, 2026 11:16:16 AM java.util.prefs.FileSystemPreferences syncWorld
2026-06-10 11:16:16,533 [ERROR] LogOutputStream:75 - [STDERR_REDIRECT] WARNING: Couldn't flush system prefs: java.util.prefs.BackingStoreException: Couldn't get file lock.
2026-06-10 11:16:16,533 [ERROR] LogOutputStream:75 - [STDERR_REDIRECT] 
2026-06-10 11:16:46,534 [ERROR] LogOutputStream:75 - [STDERR_REDIRECT] Jun 10, 2026 11:16:46 AM java.util.prefs.FileSystemPreferences checkLockFile0ErrorCode
2026-06-10 11:16:46,534 [ERROR] LogOutputStream:75 - [STDERR_REDIRECT] WARNING: Could not lock System prefs. Unix error code 5.
2026-06-10 11:16:46,534 [ERROR] LogOutputStream:75 - [STDERR_REDIRECT] 
2026-06-10 11:16:46,534 [ERROR] LogOutputStream:75 - [STDERR_REDIRECT] Jun 10, 2026 11:16:46 AM java.util.prefs.FileSystemPreferences syncWorld
2026-06-10 11:16:46,534 [ERROR] LogOutputStream:75 - [STDERR_REDIRECT] WARNING: Couldn't flush system prefs: java.util.prefs.BackingStoreException: Couldn't get file lock.
2026-06-10 11:16:46,535 [ERROR] LogOutputStream:75 - [STDERR_REDIRECT] 
2026-06-10 11:17:16,533 [ERROR] LogOutputStream:75 - [STDERR_REDIRECT] Jun 10, 2026 11:17:16 AM java.util.prefs.FileSystemPreferences checkLockFile0ErrorCode
2026-06-10 11:17:16,533 [ERROR] LogOutputStream:75 - [STDERR_REDIRECT] WARNING: Could not lock System prefs. Unix error code 5.
2026-06-10 11:17:16,533 [ERROR] LogOutputStream:75 - [STDERR_REDIRECT] 
2026-06-10 11:17:16,533 [ERROR] LogOutputStream:75 - [STDERR_REDIRECT] Jun 10, 2026 11:17:16 AM java.util.prefs.FileSystemPreferences syncWorld
2026-06-10 11:17:16,533 [ERROR] LogOutputStream:75 - [STDERR_REDIRECT] WARNING: Couldn't flush system prefs: java.util.prefs.BackingStoreException: Couldn't get file lock.
2026-06-10 11:17:16,533 [ERROR] LogOutputStream:75 - [STDERR_REDIRECT] 
2026-06-10 11:17:46,533 [ERROR] LogOutputStream:75 - [STDERR_REDIRECT] Jun 10, 2026 11:17:46 AM java.util.prefs.FileSystemPreferences checkLockFile0ErrorCode
2026-06-10 11:17:46,533 [ERROR] LogOutputStream:75 - [STDERR_REDIRECT] WARNING: Could not lock System prefs. Unix error code 5.
2026-06-10 11:17:46,533 [ERROR] LogOutputStream:75 - [STDERR_REDIRECT] 
2026-06-10 11:17:46,534 [ERROR] LogOutputStream:75 - [STDERR_REDIRECT] Jun 10, 2026 11:17:46 AM java.util.prefs.FileSystemPreferences syncWorld
2026-06-10 11:17:46,534 [ERROR] LogOutputStream:75 - [STDERR_REDIRECT] WARNING: Couldn't flush system prefs: java.util.prefs.BackingStoreException: Couldn't get file lock.
2026-06-10 11:17:46,534 [ERROR] LogOutputStream:75 - [STDERR_REDIRECT] 
2026-06-10 11:18:16,534 [ERROR] LogOutputStream:75 - [STDERR_REDIRECT] Jun 10, 2026 11:18:16 AM java.util.prefs.FileSystemPreferences checkLockFile0ErrorCode
2026-06-10 11:18:16,534 [ERROR] LogOutputStream:75 - [STDERR_REDIRECT] WARNING: Could not lock System prefs. Unix error code 5.
2026-06-10 11:18:16,534 [ERROR] LogOutputStream:75 - [STDERR_REDIRECT] 
2026-06-10 11:18:16,535 [ERROR] LogOutputStream:75 - [STDERR_REDIRECT] Jun 10, 2026 11:18:16 AM java.util.prefs.FileSystemPreferences syncWorld
2026-06-10 11:18:16,535 [ERROR] LogOutputStream:75 - [STDERR_REDIRECT] WARNING: Couldn't flush system prefs: java.util.prefs.BackingStoreException: Couldn't get file lock.
2026-06-10 11:18:16,535 [ERROR] LogOutputStream:75 - [STDERR_REDIRECT] 
2026-06-10 11:18:46,535 [ERROR] LogOutputStream:75 - [STDERR_REDIRECT] Jun 10, 2026 11:18:46 AM java.util.prefs.FileSystemPreferences checkLockFile0ErrorCode
2026-06-10 11:18:46,536 [ERROR] LogOutputStream:75 - [STDERR_REDIRECT] WARNING: Could not lock System prefs. Unix error code 5.
2026-06-10 11:18:46,536 [ERROR] LogOutputStream:75 - [STDERR_REDIRECT] 
2026-06-10 11:18:46,536 [ERROR] LogOutputStream:75 - [STDERR_REDIRECT] Jun 10, 2026 11:18:46 AM java.util.prefs.FileSystemPreferences syncWorld
2026-06-10 11:18:46,536 [ERROR] LogOutputStream:75 - [STDERR_REDIRECT] WARNING: Couldn't flush system prefs: java.util.prefs.BackingStoreException: Couldn't get file lock.
2026-06-10 11:18:46,536 [ERROR] LogOutputStream:75 - [STDERR_REDIRECT] 
2026-06-10 11:19:16,535 [ERROR] LogOutputStream:75 - [STDERR_REDIRECT] Jun 10, 2026 11:19:16 AM java.util.prefs.FileSystemPreferences checkLockFile0ErrorCode
2026-06-10 11:19:16,535 [ERROR] LogOutputStream:75 - [STDERR_REDIRECT] WARNING: Could not lock System prefs. Unix error code 5.
2026-06-10 11:19:16,535 [ERROR] LogOutputStream:75 - [STDERR_REDIRECT] 
2026-06-10 11:19:16,535 [ERROR] LogOutputStream:75 - [STDERR_REDIRECT] Jun 10, 2026 11:19:16 AM java.util.prefs.FileSystemPreferences syncWorld
2026-06-10 11:19:16,535 [ERROR] LogOutputStream:75 - [STDERR_REDIRECT] WARNING: Couldn't flush system prefs: java.util.prefs.BackingStoreException: Couldn't get file lock.
2026-06-10 11:19:16,536 [ERROR] LogOutputStream:75 - [STDERR_REDIRECT] 
2026-06-10 11:19:46,534 [ERROR] LogOutputStream:75 - [STDERR_REDIRECT] Jun 10, 2026 11:19:46 AM java.util.prefs.FileSystemPreferences checkLockFile0ErrorCode
2026-06-10 11:19:46,535 [ERROR] LogOutputStream:75 - [STDERR_REDIRECT] WARNING: Could not lock System prefs. Unix error code 5.
2026-06-10 11:19:46,535 [ERROR] LogOutputStream:75 - [STDERR_REDIRECT] 
2026-06-10 11:19:46,535 [ERROR] LogOutputStream:75 - [STDERR_REDIRECT] Jun 10, 2026 11:19:46 AM java.util.prefs.FileSystemPreferences syncWorld
2026-06-10 11:19:46,535 [ERROR] LogOutputStream:75 - [STDERR_REDIRECT] WARNING: Couldn't flush system prefs: java.util.prefs.BackingStoreException: Couldn't get file lock.
2026-06-10 11:19:46,535 [ERROR] LogOutputStream:75 - [STDERR_REDIRECT] 
2026-06-10 11:20:16,535 [ERROR] LogOutputStream:75 - [STDERR_REDIRECT] Jun 10, 2026 11:20:16 AM java.util.prefs.FileSystemPreferences checkLockFile0ErrorCode
2026-06-10 11:20:16,535 [ERROR] LogOutputStream:75 - [STDERR_REDIRECT] WARNING: Could not lock System prefs. Unix error code 5.
2026-06-10 11:20:16,535 [ERROR] LogOutputStream:75 - [STDERR_REDIRECT] 
2026-06-10 11:20:16,535 [ERROR] LogOutputStream:75 - [STDERR_REDIRECT] Jun 10, 2026 11:20:16 AM java.util.prefs.FileSystemPreferences syncWorld
2026-06-10 11:20:16,536 [ERROR] LogOutputStream:75 - [STDERR_REDIRECT] WARNING: Couldn't flush system prefs: java.util.prefs.BackingStoreException: Couldn't get file lock.
2026-06-10 11:20:16,536 [ERROR] LogOutputStream:75 - [STDERR_REDIRECT] 
2026-06-10 11:20:46,534 [ERROR] LogOutputStream:75 - [STDERR_REDIRECT] Jun 10, 2026 11:20:46 AM java.util.prefs.FileSystemPreferences checkLockFile0ErrorCode
2026-06-10 11:20:46,535 [ERROR] LogOutputStream:75 - [STDERR_REDIRECT] WARNING: Could not lock System prefs. Unix error code 5.
2026-06-10 11:20:46,535 [ERROR] LogOutputStream:75 - [STDERR_REDIRECT] 
2026-06-10 11:20:46,535 [ERROR] LogOutputStream:75 - [STDERR_REDIRECT] Jun 10, 2026 11:20:46 AM java.util.prefs.FileSystemPreferences syncWorld
2026-06-10 11:20:46,535 [ERROR] LogOutputStream:75 - [STDERR_REDIRECT] WARNING: Couldn't flush system prefs: java.util.prefs.BackingStoreException: Couldn't get file lock.
2026-06-10 11:20:46,535 [ERROR] LogOutputStream:75 - [STDERR_REDIRECT] 
2026-06-10 11:21:16,535 [ERROR] LogOutputStream:75 - [STDERR_REDIRECT] Jun 10, 2026 11:21:16 AM java.util.prefs.FileSystemPreferences checkLockFile0ErrorCode
2026-06-10 11:21:16,535 [ERROR] LogOutputStream:75 - [STDERR_REDIRECT] WARNING: Could not lock System prefs. Unix error code 5.
2026-06-10 11:21:16,535 [ERROR] LogOutputStream:75 - [STDERR_REDIRECT] 
2026-06-10 11:21:16,535 [ERROR] LogOutputStream:75 - [STDERR_REDIRECT] Jun 10, 2026 11:21:16 AM java.util.prefs.FileSystemPreferences syncWorld
2026-06-10 11:21:16,535 [ERROR] LogOutputStream:75 - [STDERR_REDIRECT] WARNING: Couldn't flush system prefs: java.util.prefs.BackingStoreException: Couldn't get file lock.
2026-06-10 11:21:16,535 [ERROR] LogOutputStream:75 - [STDERR_REDIRECT] 
2026-06-10 11:21:46,535 [ERROR] LogOutputStream:75 - [STDERR_REDIRECT] Jun 10, 2026 11:21:46 AM java.util.prefs.FileSystemPreferences checkLockFile0ErrorCode
2026-06-10 11:21:46,535 [ERROR] LogOutputStream:75 - [STDERR_REDIRECT] WARNING: Could not lock System prefs. Unix error code 5.
2026-06-10 11:21:46,536 [ERROR] LogOutputStream:75 - [STDERR_REDIRECT] 
2026-06-10 11:21:46,537 [ERROR] LogOutputStream:75 - [STDERR_REDIRECT] Jun 10, 2026 11:21:46 AM java.util.prefs.FileSystemPreferences syncWorld
2026-06-10 11:21:46,537 [ERROR] LogOutputStream:75 - [STDERR_REDIRECT] WARNING: Couldn't flush system prefs: java.util.prefs.BackingStoreException: Couldn't get file lock.
2026-06-10 11:21:46,537 [ERROR] LogOutputStream:75 - [STDERR_REDIRECT] 
2026-06-10 11:22:16,535 [ERROR] LogOutputStream:75 - [STDERR_REDIRECT] Jun 10, 2026 11:22:16 AM java.util.prefs.FileSystemPreferences checkLockFile0ErrorCode
2026-06-10 11:22:16,535 [ERROR] LogOutputStream:75 - [STDERR_REDIRECT] WARNING: Could not lock System prefs. Unix error code 5.
2026-06-10 11:22:16,535 [ERROR] LogOutputStream:75 - [STDERR_REDIRECT] 
2026-06-10 11:22:16,535 [ERROR] LogOutputStream:75 - [STDERR_REDIRECT] Jun 10, 2026 11:22:16 AM java.util.prefs.FileSystemPreferences syncWorld
2026-06-10 11:22:16,535 [ERROR] LogOutputStream:75 - [STDERR_REDIRECT] WARNING: Couldn't flush system prefs: java.util.prefs.BackingStoreException: Couldn't get file lock.
2026-06-10 11:22:16,536 [ERROR] LogOutputStream:75 - [STDERR_REDIRECT] 
2026-06-10 11:22:46,535 [ERROR] LogOutputStream:75 - [STDERR_REDIRECT] Jun 10, 2026 11:22:46 AM java.util.prefs.FileSystemPreferences checkLockFile0ErrorCode
2026-06-10 11:22:46,535 [ERROR] LogOutputStream:75 - [STDERR_REDIRECT] WARNING: Could not lock System prefs. Unix error code 5.
2026-06-10 11:22:46,535 [ERROR] LogOutputStream:75 - [STDERR_REDIRECT] 
2026-06-10 11:22:46,535 [ERROR] LogOutputStream:75 - [STDERR_REDIRECT] Jun 10, 2026 11:22:46 AM java.util.prefs.FileSystemPreferences syncWorld
2026-06-10 11:22:46,536 [ERROR] LogOutputStream:75 - [STDERR_REDIRECT] WARNING: Couldn't flush system prefs: java.util.prefs.BackingStoreException: Couldn't get file lock.
2026-06-10 11:22:46,536 [ERROR] LogOutputStream:75 - [STDERR_REDIRECT] 
2026-06-10 11:23:16,535 [ERROR] LogOutputStream:75 - [STDERR_REDIRECT] Jun 10, 2026 11:23:16 AM java.util.prefs.FileSystemPreferences checkLockFile0ErrorCode
2026-06-10 11:23:16,536 [ERROR] LogOutputStream:75 - [STDERR_REDIRECT] WARNING: Could not lock System prefs. Unix error code 5.
2026-06-10 11:23:16,536 [ERROR] LogOutputStream:75 - [STDERR_REDIRECT] 
2026-06-10 11:23:16,536 [ERROR] LogOutputStream:75 - [STDERR_REDIRECT] Jun 10, 2026 11:23:16 AM java.util.prefs.FileSystemPreferences syncWorld
2026-06-10 11:23:16,536 [ERROR] LogOutputStream:75 - [STDERR_REDIRECT] WARNING: Couldn't flush system prefs: java.util.prefs.BackingStoreException: Couldn't get file lock.
2026-06-10 11:23:16,536 [ERROR] LogOutputStream:75 - [STDERR_REDIRECT] 
2026-06-10 11:23:46,537 [ERROR] LogOutputStream:75 - [STDERR_REDIRECT] Jun 10, 2026 11:23:46 AM java.util.prefs.FileSystemPreferences checkLockFile0ErrorCode
2026-06-10 11:23:46,537 [ERROR] LogOutputStream:75 - [STDERR_REDIRECT] WARNING: Could not lock System prefs. Unix error code 5.
2026-06-10 11:23:46,537 [ERROR] LogOutputStream:75 - [STDERR_REDIRECT] 
2026-06-10 11:23:46,538 [ERROR] LogOutputStream:75 - [STDERR_REDIRECT] Jun 10, 2026 11:23:46 AM java.util.prefs.FileSystemPreferences syncWorld
2026-06-10 11:23:46,538 [ERROR] LogOutputStream:75 - [STDERR_REDIRECT] WARNING: Couldn't flush system prefs: java.util.prefs.BackingStoreException: Couldn't get file lock.
2026-06-10 11:23:46,538 [ERROR] LogOutputStream:75 - [STDERR_REDIRECT] 
2026-06-10 11:24:16,534 [ERROR] LogOutputStream:75 - [STDERR_REDIRECT] Jun 10, 2026 11:24:16 AM java.util.prefs.FileSystemPreferences checkLockFile0ErrorCode
2026-06-10 11:24:16,534 [ERROR] LogOutputStream:75 - [STDERR_REDIRECT] WARNING: Could not lock System prefs. Unix error code 5.
2026-06-10 11:24:16,534 [ERROR] LogOutputStream:75 - [STDERR_REDIRECT] 
2026-06-10 11:24:16,535 [ERROR] LogOutputStream:75 - [STDERR_REDIRECT] Jun 10, 2026 11:24:16 AM java.util.prefs.FileSystemPreferences syncWorld
2026-06-10 11:24:16,535 [ERROR] LogOutputStream:75 - [STDERR_REDIRECT] WARNING: Couldn't flush system prefs: java.util.prefs.BackingStoreException: Couldn't get file lock.
2026-06-10 11:24:16,535 [ERROR] LogOutputStream:75 - [STDERR_REDIRECT] 
2026-06-10 11:24:46,534 [ERROR] LogOutputStream:75 - [STDERR_REDIRECT] Jun 10, 2026 11:24:46 AM java.util.prefs.FileSystemPreferences checkLockFile0ErrorCode
2026-06-10 11:24:46,534 [ERROR] LogOutputStream:75 - [STDERR_REDIRECT] WARNING: Could not lock System prefs. Unix error code 5.
2026-06-10 11:24:46,535 [ERROR] LogOutputStream:75 - [STDERR_REDIRECT] 
2026-06-10 11:24:46,535 [ERROR] LogOutputStream:75 - [STDERR_REDIRECT] Jun 10, 2026 11:24:46 AM java.util.prefs.FileSystemPreferences syncWorld
2026-06-10 11:24:46,535 [ERROR] LogOutputStream:75 - [STDERR_REDIRECT] WARNING: Couldn't flush system prefs: java.util.prefs.BackingStoreException: Couldn't get file lock.
2026-06-10 11:24:46,535 [ERROR] LogOutputStream:75 - [STDERR_REDIRECT] 
2026-06-10 11:25:16,534 [ERROR] LogOutputStream:75 - [STDERR_REDIRECT] Jun 10, 2026 11:25:16 AM java.util.prefs.FileSystemPreferences checkLockFile0ErrorCode
2026-06-10 11:25:16,535 [ERROR] LogOutputStream:75 - [STDERR_REDIRECT] WARNING: Could not lock System prefs. Unix error code 5.
2026-06-10 11:25:16,535 [ERROR] LogOutputStream:75 - [STDERR_REDIRECT] 
2026-06-10 11:25:16,535 [ERROR] LogOutputStream:75 - [STDERR_REDIRECT] Jun 10, 2026 11:25:16 AM java.util.prefs.FileSystemPreferences syncWorld
2026-06-10 11:25:16,535 [ERROR] LogOutputStream:75 - [STDERR_REDIRECT] WARNING: Couldn't flush system prefs: java.util.prefs.BackingStoreException: Couldn't get file lock.
2026-06-10 11:25:16,535 [ERROR] LogOutputStream:75 - [STDERR_REDIRECT] 
2026-06-10 11:25:46,535 [ERROR] LogOutputStream:75 - [STDERR_REDIRECT] Jun 10, 2026 11:25:46 AM java.util.prefs.FileSystemPreferences checkLockFile0ErrorCode
2026-06-10 11:25:46,535 [ERROR] LogOutputStream:75 - [STDERR_REDIRECT] WARNING: Could not lock System prefs. Unix error code 5.
2026-06-10 11:25:46,536 [ERROR] LogOutputStream:75 - [STDERR_REDIRECT] 
2026-06-10 11:25:46,536 [ERROR] LogOutputStream:75 - [STDERR_REDIRECT] Jun 10, 2026 11:25:46 AM java.util.prefs.FileSystemPreferences syncWorld
2026-06-10 11:25:46,536 [ERROR] LogOutputStream:75 - [STDERR_REDIRECT] WARNING: Couldn't flush system prefs: java.util.prefs.BackingStoreException: Couldn't get file lock.
2026-06-10 11:25:46,536 [ERROR] LogOutputStream:75 - [STDERR_REDIRECT] 
2026-06-10 11:26:16,536 [ERROR] LogOutputStream:75 - [STDERR_REDIRECT] Jun 10, 2026 11:26:16 AM java.util.prefs.FileSystemPreferences checkLockFile0ErrorCode
2026-06-10 11:26:16,536 [ERROR] LogOutputStream:75 - [STDERR_REDIRECT] WARNING: Could not lock System prefs. Unix error code 5.
2026-06-10 11:26:16,536 [ERROR] LogOutputStream:75 - [STDERR_REDIRECT] 
2026-06-10 11:26:16,536 [ERROR] LogOutputStream:75 - [STDERR_REDIRECT] Jun 10, 2026 11:26:16 AM java.util.prefs.FileSystemPreferences syncWorld
2026-06-10 11:26:16,536 [ERROR] LogOutputStream:75 - [STDERR_REDIRECT] WARNING: Couldn't flush system prefs: java.util.prefs.BackingStoreException: Couldn't get file lock.
2026-06-10 11:26:16,536 [ERROR] LogOutputStream:75 - [STDERR_REDIRECT] 
2026-06-10 11:26:46,536 [ERROR] LogOutputStream:75 - [STDERR_REDIRECT] Jun 10, 2026 11:26:46 AM java.util.prefs.FileSystemPreferences checkLockFile0ErrorCode
2026-06-10 11:26:46,536 [ERROR] LogOutputStream:75 - [STDERR_REDIRECT] WARNING: Could not lock System prefs. Unix error code 5.
2026-06-10 11:26:46,536 [ERROR] LogOutputStream:75 - [STDERR_REDIRECT] 
2026-06-10 11:26:46,536 [ERROR] LogOutputStream:75 - [STDERR_REDIRECT] Jun 10, 2026 11:26:46 AM java.util.prefs.FileSystemPreferences syncWorld
2026-06-10 11:26:46,536 [ERROR] LogOutputStream:75 - [STDERR_REDIRECT] WARNING: Couldn't flush system prefs: java.util.prefs.BackingStoreException: Couldn't get file lock.
2026-06-10 11:26:46,536 [ERROR] LogOutputStream:75 - [STDERR_REDIRECT] 
2026-06-10 11:27:16,537 [ERROR] LogOutputStream:75 - [STDERR_REDIRECT] Jun 10, 2026 11:27:16 AM java.util.prefs.FileSystemPreferences checkLockFile0ErrorCode
2026-06-10 11:27:16,537 [ERROR] LogOutputStream:75 - [STDERR_REDIRECT] WARNING: Could not lock System prefs. Unix error code 5.
2026-06-10 11:27:16,537 [ERROR] LogOutputStream:75 - [STDERR_REDIRECT] 
2026-06-10 11:27:16,538 [ERROR] LogOutputStream:75 - [STDERR_REDIRECT] Jun 10, 2026 11:27:16 AM java.util.prefs.FileSystemPreferences syncWorld
2026-06-10 11:27:16,538 [ERROR] LogOutputStream:75 - [STDERR_REDIRECT] WARNING: Couldn't flush system prefs: java.util.prefs.BackingStoreException: Couldn't get file lock.
2026-06-10 11:27:16,538 [ERROR] LogOutputStream:75 - [STDERR_REDIRECT] 
2026-06-10 11:27:46,536 [ERROR] LogOutputStream:75 - [STDERR_REDIRECT] Jun 10, 2026 11:27:46 AM java.util.prefs.FileSystemPreferences checkLockFile0ErrorCode
2026-06-10 11:27:46,537 [ERROR] LogOutputStream:75 - [STDERR_REDIRECT] WARNING: Could not lock System prefs. Unix error code 5.
2026-06-10 11:27:46,537 [ERROR] LogOutputStream:75 - [STDERR_REDIRECT] 
2026-06-10 11:27:46,537 [ERROR] LogOutputStream:75 - [STDERR_REDIRECT] Jun 10, 2026 11:27:46 AM java.util.prefs.FileSystemPreferences syncWorld
2026-06-10 11:27:46,537 [ERROR] LogOutputStream:75 - [STDERR_REDIRECT] WARNING: Couldn't flush system prefs: java.util.prefs.BackingStoreException: Couldn't get file lock.
2026-06-10 11:27:46,537 [ERROR] LogOutputStream:75 - [STDERR_REDIRECT] 
2026-06-10 11:28:16,537 [ERROR] LogOutputStream:75 - [STDERR_REDIRECT] Jun 10, 2026 11:28:16 AM java.util.prefs.FileSystemPreferences checkLockFile0ErrorCode
2026-06-10 11:28:16,537 [ERROR] LogOutputStream:75 - [STDERR_REDIRECT] WARNING: Could not lock System prefs. Unix error code 5.
2026-06-10 11:28:16,537 [ERROR] LogOutputStream:75 - [STDERR_REDIRECT] 
2026-06-10 11:28:16,537 [ERROR] LogOutputStream:75 - [STDERR_REDIRECT] Jun 10, 2026 11:28:16 AM java.util.prefs.FileSystemPreferences syncWorld
2026-06-10 11:28:16,537 [ERROR] LogOutputStream:75 - [STDERR_REDIRECT] WARNING: Couldn't flush system prefs: java.util.prefs.BackingStoreException: Couldn't get file lock.
2026-06-10 11:28:16,537 [ERROR] LogOutputStream:75 - [STDERR_REDIRECT] 
2026-06-10 11:28:46,538 [ERROR] LogOutputStream:75 - [STDERR_REDIRECT] Jun 10, 2026 11:28:46 AM java.util.prefs.FileSystemPreferences checkLockFile0ErrorCode
2026-06-10 11:28:46,538 [ERROR] LogOutputStream:75 - [STDERR_REDIRECT] WARNING: Could not lock System prefs. Unix error code 5.
2026-06-10 11:28:46,539 [ERROR] LogOutputStream:75 - [STDERR_REDIRECT] 
2026-06-10 11:28:46,539 [ERROR] LogOutputStream:75 - [STDERR_REDIRECT] Jun 10, 2026 11:28:46 AM java.util.prefs.FileSystemPreferences syncWorld
2026-06-10 11:28:46,539 [ERROR] LogOutputStream:75 - [STDERR_REDIRECT] WARNING: Couldn't flush system prefs: java.util.prefs.BackingStoreException: Couldn't get file lock.
2026-06-10 11:28:46,539 [ERROR] LogOutputStream:75 - [STDERR_REDIRECT] 
2026-06-10 11:29:16,539 [ERROR] LogOutputStream:75 - [STDERR_REDIRECT] Jun 10, 2026 11:29:16 AM java.util.prefs.FileSystemPreferences checkLockFile0ErrorCode
2026-06-10 11:29:16,539 [ERROR] LogOutputStream:75 - [STDERR_REDIRECT] WARNING: Could not lock System prefs. Unix error code 5.
2026-06-10 11:29:16,540 [ERROR] LogOutputStream:75 - [STDERR_REDIRECT] 
2026-06-10 11:29:16,540 [ERROR] LogOutputStream:75 - [STDERR_REDIRECT] Jun 10, 2026 11:29:16 AM java.util.prefs.FileSystemPreferences syncWorld
2026-06-10 11:29:16,540 [ERROR] LogOutputStream:75 - [STDERR_REDIRECT] WARNING: Couldn't flush system prefs: java.util.prefs.BackingStoreException: Couldn't get file lock.
2026-06-10 11:29:16,540 [ERROR] LogOutputStream:75 - [STDERR_REDIRECT] 
2026-06-10 11:29:46,539 [ERROR] LogOutputStream:75 - [STDERR_REDIRECT] Jun 10, 2026 11:29:46 AM java.util.prefs.FileSystemPreferences checkLockFile0ErrorCode
2026-06-10 11:29:46,539 [ERROR] LogOutputStream:75 - [STDERR_REDIRECT] WARNING: Could not lock System prefs. Unix error code 5.
2026-06-10 11:29:46,539 [ERROR] LogOutputStream:75 - [STDERR_REDIRECT] 
2026-06-10 11:29:46,539 [ERROR] LogOutputStream:75 - [STDERR_REDIRECT] Jun 10, 2026 11:29:46 AM java.util.prefs.FileSystemPreferences syncWorld
2026-06-10 11:29:46,539 [ERROR] LogOutputStream:75 - [STDERR_REDIRECT] WARNING: Couldn't flush system prefs: java.util.prefs.BackingStoreException: Couldn't get file lock.
2026-06-10 11:29:46,540 [ERROR] LogOutputStream:75 - [STDERR_REDIRECT] 
2026-06-10 11:30:16,538 [ERROR] LogOutputStream:75 - [STDERR_REDIRECT] Jun 10, 2026 11:30:16 AM java.util.prefs.FileSystemPreferences checkLockFile0ErrorCode
2026-06-10 11:30:16,539 [ERROR] LogOutputStream:75 - [STDERR_REDIRECT] WARNING: Could not lock System prefs. Unix error code 5.
2026-06-10 11:30:16,540 [ERROR] LogOutputStream:75 - [STDERR_REDIRECT] 
2026-06-10 11:30:16,540 [ERROR] LogOutputStream:75 - [STDERR_REDIRECT] Jun 10, 2026 11:30:16 AM java.util.prefs.FileSystemPreferences syncWorld
2026-06-10 11:30:16,540 [ERROR] LogOutputStream:75 - [STDERR_REDIRECT] WARNING: Couldn't flush system prefs: java.util.prefs.BackingStoreException: Couldn't get file lock.
2026-06-10 11:30:16,540 [ERROR] LogOutputStream:75 - [STDERR_REDIRECT] 
2026-06-10 11:30:46,540 [ERROR] LogOutputStream:75 - [STDERR_REDIRECT] Jun 10, 2026 11:30:46 AM java.util.prefs.FileSystemPreferences checkLockFile0ErrorCode
2026-06-10 11:30:46,540 [ERROR] LogOutputStream:75 - [STDERR_REDIRECT] WARNING: Could not lock System prefs. Unix error code 5.
2026-06-10 11:30:46,540 [ERROR] LogOutputStream:75 - [STDERR_REDIRECT] 
2026-06-10 11:30:46,540 [ERROR] LogOutputStream:75 - [STDERR_REDIRECT] Jun 10, 2026 11:30:46 AM java.util.prefs.FileSystemPreferences syncWorld
2026-06-10 11:30:46,540 [ERROR] LogOutputStream:75 - [STDERR_REDIRECT] WARNING: Couldn't flush system prefs: java.util.prefs.BackingStoreException: Couldn't get file lock.
2026-06-10 11:30:46,540 [ERROR] LogOutputStream:75 - [STDERR_REDIRECT] 
2026-06-10 11:31:16,539 [ERROR] LogOutputStream:75 - [STDERR_REDIRECT] Jun 10, 2026 11:31:16 AM java.util.prefs.FileSystemPreferences checkLockFile0ErrorCode
2026-06-10 11:31:16,539 [ERROR] LogOutputStream:75 - [STDERR_REDIRECT] WARNING: Could not lock System prefs. Unix error code 5.
2026-06-10 11:31:16,539 [ERROR] LogOutputStream:75 - [STDERR_REDIRECT] 
2026-06-10 11:31:16,540 [ERROR] LogOutputStream:75 - [STDERR_REDIRECT] Jun 10, 2026 11:31:16 AM java.util.prefs.FileSystemPreferences syncWorld
2026-06-10 11:31:16,540 [ERROR] LogOutputStream:75 - [STDERR_REDIRECT] WARNING: Couldn't flush system prefs: java.util.prefs.BackingStoreException: Couldn't get file lock.
2026-06-10 11:31:16,540 [ERROR] LogOutputStream:75 - [STDERR_REDIRECT] 
2026-06-10 11:31:46,540 [ERROR] LogOutputStream:75 - [STDERR_REDIRECT] Jun 10, 2026 11:31:46 AM java.util.prefs.FileSystemPreferences checkLockFile0ErrorCode
2026-06-10 11:31:46,540 [ERROR] LogOutputStream:75 - [STDERR_REDIRECT] WARNING: Could not lock System prefs. Unix error code 5.
2026-06-10 11:31:46,540 [ERROR] LogOutputStream:75 - [STDERR_REDIRECT] 
2026-06-10 11:31:46,540 [ERROR] LogOutputStream:75 - [STDERR_REDIRECT] Jun 10, 2026 11:31:46 AM java.util.prefs.FileSystemPreferences syncWorld
2026-06-10 11:31:46,540 [ERROR] LogOutputStream:75 - [STDERR_REDIRECT] WARNING: Couldn't flush system prefs: java.util.prefs.BackingStoreException: Couldn't get file lock.
2026-06-10 11:31:46,540 [ERROR] LogOutputStream:75 - [STDERR_REDIRECT] 
2026-06-10 11:32:16,541 [ERROR] LogOutputStream:75 - [STDERR_REDIRECT] Jun 10, 2026 11:32:16 AM java.util.prefs.FileSystemPreferences checkLockFile0ErrorCode
2026-06-10 11:32:16,541 [ERROR] LogOutputStream:75 - [STDERR_REDIRECT] WARNING: Could not lock System prefs. Unix error code 5.
2026-06-10 11:32:16,541 [ERROR] LogOutputStream:75 - [STDERR_REDIRECT] 
2026-06-10 11:32:16,542 [ERROR] LogOutputStream:75 - [STDERR_REDIRECT] Jun 10, 2026 11:32:16 AM java.util.prefs.FileSystemPreferences syncWorld
2026-06-10 11:32:16,542 [ERROR] LogOutputStream:75 - [STDERR_REDIRECT] WARNING: Couldn't flush system prefs: java.util.prefs.BackingStoreException: Couldn't get file lock.
2026-06-10 11:32:16,542 [ERROR] LogOutputStream:75 - [STDERR_REDIRECT] 
2026-06-10 11:32:46,541 [ERROR] LogOutputStream:75 - [STDERR_REDIRECT] Jun 10, 2026 11:32:46 AM java.util.prefs.FileSystemPreferences checkLockFile0ErrorCode
2026-06-10 11:32:46,542 [ERROR] LogOutputStream:75 - [STDERR_REDIRECT] WARNING: Could not lock System prefs. Unix error code 5.
2026-06-10 11:32:46,542 [ERROR] LogOutputStream:75 - [STDERR_REDIRECT] 
2026-06-10 11:32:46,542 [ERROR] LogOutputStream:75 - [STDERR_REDIRECT] Jun 10, 2026 11:32:46 AM java.util.prefs.FileSystemPreferences syncWorld
2026-06-10 11:32:46,542 [ERROR] LogOutputStream:75 - [STDERR_REDIRECT] WARNING: Couldn't flush system prefs: java.util.prefs.BackingStoreException: Couldn't get file lock.
2026-06-10 11:32:46,542 [ERROR] LogOutputStream:75 - [STDERR_REDIRECT] 
2026-06-10 11:33:16,541 [ERROR] LogOutputStream:75 - [STDERR_REDIRECT] Jun 10, 2026 11:33:16 AM java.util.prefs.FileSystemPreferences checkLockFile0ErrorCode
2026-06-10 11:33:16,541 [ERROR] LogOutputStream:75 - [STDERR_REDIRECT] WARNING: Could not lock System prefs. Unix error code 5.
2026-06-10 11:33:16,541 [ERROR] LogOutputStream:75 - [STDERR_REDIRECT] 
2026-06-10 11:33:16,541 [ERROR] LogOutputStream:75 - [STDERR_REDIRECT] Jun 10, 2026 11:33:16 AM java.util.prefs.FileSystemPreferences syncWorld
2026-06-10 11:33:16,541 [ERROR] LogOutputStream:75 - [STDERR_REDIRECT] WARNING: Couldn't flush system prefs: java.util.prefs.BackingStoreException: Couldn't get file lock.
2026-06-10 11:33:16,541 [ERROR] LogOutputStream:75 - [STDERR_REDIRECT] 
2026-06-10 11:33:46,541 [ERROR] LogOutputStream:75 - [STDERR_REDIRECT] Jun 10, 2026 11:33:46 AM java.util.prefs.FileSystemPreferences checkLockFile0ErrorCode
2026-06-10 11:33:46,541 [ERROR] LogOutputStream:75 - [STDERR_REDIRECT] WARNING: Could not lock System prefs. Unix error code 5.
2026-06-10 11:33:46,541 [ERROR] LogOutputStream:75 - [STDERR_REDIRECT] 
2026-06-10 11:33:46,541 [ERROR] LogOutputStream:75 - [STDERR_REDIRECT] Jun 10, 2026 11:33:46 AM java.util.prefs.FileSystemPreferences syncWorld
2026-06-10 11:33:46,541 [ERROR] LogOutputStream:75 - [STDERR_REDIRECT] WARNING: Couldn't flush system prefs: java.util.prefs.BackingStoreException: Couldn't get file lock.
2026-06-10 11:33:46,541 [ERROR] LogOutputStream:75 - [STDERR_REDIRECT] 
2026-06-10 11:34:16,542 [ERROR] LogOutputStream:75 - [STDERR_REDIRECT] Jun 10, 2026 11:34:16 AM java.util.prefs.FileSystemPreferences checkLockFile0ErrorCode
2026-06-10 11:34:16,542 [ERROR] LogOutputStream:75 - [STDERR_REDIRECT] WARNING: Could not lock System prefs. Unix error code 5.
2026-06-10 11:34:16,542 [ERROR] LogOutputStream:75 - [STDERR_REDIRECT] 
2026-06-10 11:34:16,543 [ERROR] LogOutputStream:75 - [STDERR_REDIRECT] Jun 10, 2026 11:34:16 AM java.util.prefs.FileSystemPreferences syncWorld
2026-06-10 11:34:16,543 [ERROR] LogOutputStream:75 - [STDERR_REDIRECT] WARNING: Couldn't flush system prefs: java.util.prefs.BackingStoreException: Couldn't get file lock.
2026-06-10 11:34:16,543 [ERROR] LogOutputStream:75 - [STDERR_REDIRECT] 
2026-06-10 11:34:46,542 [ERROR] LogOutputStream:75 - [STDERR_REDIRECT] Jun 10, 2026 11:34:46 AM java.util.prefs.FileSystemPreferences checkLockFile0ErrorCode
2026-06-10 11:34:46,543 [ERROR] LogOutputStream:75 - [STDERR_REDIRECT] WARNING: Could not lock System prefs. Unix error code 5.
2026-06-10 11:34:46,543 [ERROR] LogOutputStream:75 - [STDERR_REDIRECT] 
2026-06-10 11:34:46,543 [ERROR] LogOutputStream:75 - [STDERR_REDIRECT] Jun 10, 2026 11:34:46 AM java.util.prefs.FileSystemPreferences syncWorld
2026-06-10 11:34:46,543 [ERROR] LogOutputStream:75 - [STDERR_REDIRECT] WARNING: Couldn't flush system prefs: java.util.prefs.BackingStoreException: Couldn't get file lock.
2026-06-10 11:34:46,543 [ERROR] LogOutputStream:75 - [STDERR_REDIRECT] 
2026-06-10 11:35:16,543 [ERROR] LogOutputStream:75 - [STDERR_REDIRECT] Jun 10, 2026 11:35:16 AM java.util.prefs.FileSystemPreferences checkLockFile0ErrorCode
2026-06-10 11:35:16,543 [ERROR] LogOutputStream:75 - [STDERR_REDIRECT] WARNING: Could not lock System prefs. Unix error code 5.
2026-06-10 11:35:16,543 [ERROR] LogOutputStream:75 - [STDERR_REDIRECT] 
2026-06-10 11:35:16,543 [ERROR] LogOutputStream:75 - [STDERR_REDIRECT] Jun 10, 2026 11:35:16 AM java.util.prefs.FileSystemPreferences syncWorld
2026-06-10 11:35:16,543 [ERROR] LogOutputStream:75 - [STDERR_REDIRECT] WARNING: Couldn't flush system prefs: java.util.prefs.BackingStoreException: Couldn't get file lock.
2026-06-10 11:35:16,543 [ERROR] LogOutputStream:75 - [STDERR_REDIRECT] 
