2026-05-18 18:09:00,295 [ERROR] LogOutputStream:75 - [STDERR_REDIRECT] May 18, 2026 6:09:00 PM java.util.prefs.FileSystemPreferences checkLockFile0ErrorCode
2026-05-18 18:09:00,296 [ERROR] LogOutputStream:75 - [STDERR_REDIRECT] WARNING: Could not lock System prefs. Unix error code 5.
2026-05-18 18:09:00,296 [ERROR] LogOutputStream:75 - [STDERR_REDIRECT] 
2026-05-18 18:09:00,296 [ERROR] LogOutputStream:75 - [STDERR_REDIRECT] May 18, 2026 6:09:00 PM java.util.prefs.FileSystemPreferences syncWorld
2026-05-18 18:09:00,297 [ERROR] LogOutputStream:75 - [STDERR_REDIRECT] WARNING: Couldn't flush system prefs: java.util.prefs.BackingStoreException: Couldn't get file lock.
2026-05-18 18:09:00,297 [ERROR] LogOutputStream:75 - [STDERR_REDIRECT] 
2026-05-18 18:09:30,313 [ERROR] LogOutputStream:75 - [STDERR_REDIRECT] May 18, 2026 6:09:30 PM java.util.prefs.FileSystemPreferences checkLockFile0ErrorCode
2026-05-18 18:09:30,313 [ERROR] LogOutputStream:75 - [STDERR_REDIRECT] WARNING: Could not lock System prefs. Unix error code 5.
2026-05-18 18:09:30,313 [ERROR] LogOutputStream:75 - [STDERR_REDIRECT] 
2026-05-18 18:09:30,314 [ERROR] LogOutputStream:75 - [STDERR_REDIRECT] May 18, 2026 6:09:30 PM java.util.prefs.FileSystemPreferences syncWorld
2026-05-18 18:09:30,314 [ERROR] LogOutputStream:75 - [STDERR_REDIRECT] WARNING: Couldn't flush system prefs: java.util.prefs.BackingStoreException: Couldn't get file lock.
2026-05-18 18:09:30,314 [ERROR] LogOutputStream:75 - [STDERR_REDIRECT] 
2026-05-18 18:10:00,311 [ERROR] LogOutputStream:75 - [STDERR_REDIRECT] May 18, 2026 6:10:00 PM java.util.prefs.FileSystemPreferences checkLockFile0ErrorCode
2026-05-18 18:10:00,312 [ERROR] LogOutputStream:75 - [STDERR_REDIRECT] WARNING: Could not lock System prefs. Unix error code 5.
2026-05-18 18:10:00,312 [ERROR] LogOutputStream:75 - [STDERR_REDIRECT] 
2026-05-18 18:10:00,312 [ERROR] LogOutputStream:75 - [STDERR_REDIRECT] May 18, 2026 6:10:00 PM java.util.prefs.FileSystemPreferences syncWorld
2026-05-18 18:10:00,312 [ERROR] LogOutputStream:75 - [STDERR_REDIRECT] WARNING: Couldn't flush system prefs: java.util.prefs.BackingStoreException: Couldn't get file lock.
2026-05-18 18:10:00,313 [ERROR] LogOutputStream:75 - [STDERR_REDIRECT] 
2026-05-18 18:10:30,303 [ERROR] LogOutputStream:75 - [STDERR_REDIRECT] May 18, 2026 6:10:30 PM java.util.prefs.FileSystemPreferences checkLockFile0ErrorCode
2026-05-18 18:10:30,303 [ERROR] LogOutputStream:75 - [STDERR_REDIRECT] WARNING: Could not lock System prefs. Unix error code 5.
2026-05-18 18:10:30,303 [ERROR] LogOutputStream:75 - [STDERR_REDIRECT] 
2026-05-18 18:10:30,304 [ERROR] LogOutputStream:75 - [STDERR_REDIRECT] May 18, 2026 6:10:30 PM java.util.prefs.FileSystemPreferences syncWorld
2026-05-18 18:10:30,304 [ERROR] LogOutputStream:75 - [STDERR_REDIRECT] WARNING: Couldn't flush system prefs: java.util.prefs.BackingStoreException: Couldn't get file lock.
2026-05-18 18:10:30,304 [ERROR] LogOutputStream:75 - [STDERR_REDIRECT] 
2026-05-18 18:11:00,304 [ERROR] LogOutputStream:75 - [STDERR_REDIRECT] May 18, 2026 6:11:00 PM java.util.prefs.FileSystemPreferences checkLockFile0ErrorCode
2026-05-18 18:11:00,304 [ERROR] LogOutputStream:75 - [STDERR_REDIRECT] WARNING: Could not lock System prefs. Unix error code 5.
2026-05-18 18:11:00,304 [ERROR] LogOutputStream:75 - [STDERR_REDIRECT] 
2026-05-18 18:11:00,304 [ERROR] LogOutputStream:75 - [STDERR_REDIRECT] May 18, 2026 6:11:00 PM java.util.prefs.FileSystemPreferences syncWorld
2026-05-18 18:11:00,305 [ERROR] LogOutputStream:75 - [STDERR_REDIRECT] WARNING: Couldn't flush system prefs: java.util.prefs.BackingStoreException: Couldn't get file lock.
2026-05-18 18:11:00,305 [ERROR] LogOutputStream:75 - [STDERR_REDIRECT] 
2026-05-18 18:11:30,304 [ERROR] LogOutputStream:75 - [STDERR_REDIRECT] May 18, 2026 6:11:30 PM java.util.prefs.FileSystemPreferences checkLockFile0ErrorCode
2026-05-18 18:11:30,304 [ERROR] LogOutputStream:75 - [STDERR_REDIRECT] WARNING: Could not lock System prefs. Unix error code 5.
2026-05-18 18:11:30,304 [ERROR] LogOutputStream:75 - [STDERR_REDIRECT] 
2026-05-18 18:11:30,304 [ERROR] LogOutputStream:75 - [STDERR_REDIRECT] May 18, 2026 6:11:30 PM java.util.prefs.FileSystemPreferences syncWorld
2026-05-18 18:11:30,304 [ERROR] LogOutputStream:75 - [STDERR_REDIRECT] WARNING: Couldn't flush system prefs: java.util.prefs.BackingStoreException: Couldn't get file lock.
2026-05-18 18:11:30,304 [ERROR] LogOutputStream:75 - [STDERR_REDIRECT] 
2026-05-18 18:12:00,446 [ERROR] LogOutputStream:75 - [STDERR_REDIRECT] May 18, 2026 6:12:00 PM java.util.prefs.FileSystemPreferences checkLockFile0ErrorCode
2026-05-18 18:12:00,446 [ERROR] LogOutputStream:75 - [STDERR_REDIRECT] WARNING: Could not lock System prefs. Unix error code 5.
2026-05-18 18:12:00,446 [ERROR] LogOutputStream:75 - [STDERR_REDIRECT] 
2026-05-18 18:12:00,449 [ERROR] LogOutputStream:75 - [STDERR_REDIRECT] May 18, 2026 6:12:00 PM java.util.prefs.FileSystemPreferences syncWorld
2026-05-18 18:12:00,449 [ERROR] LogOutputStream:75 - [STDERR_REDIRECT] WARNING: Couldn't flush system prefs: java.util.prefs.BackingStoreException: Couldn't get file lock.
2026-05-18 18:12:00,449 [ERROR] LogOutputStream:75 - [STDERR_REDIRECT] 
2026-05-18 18:12:30,478 [ERROR] LogOutputStream:75 - [STDERR_REDIRECT] May 18, 2026 6:12:30 PM java.util.prefs.FileSystemPreferences checkLockFile0ErrorCode
2026-05-18 18:12:30,478 [ERROR] LogOutputStream:75 - [STDERR_REDIRECT] WARNING: Could not lock System prefs. Unix error code 5.
2026-05-18 18:12:30,478 [ERROR] LogOutputStream:75 - [STDERR_REDIRECT] 
2026-05-18 18:12:30,479 [ERROR] LogOutputStream:75 - [STDERR_REDIRECT] May 18, 2026 6:12:30 PM java.util.prefs.FileSystemPreferences syncWorld
2026-05-18 18:12:30,479 [ERROR] LogOutputStream:75 - [STDERR_REDIRECT] WARNING: Couldn't flush system prefs: java.util.prefs.BackingStoreException: Couldn't get file lock.
2026-05-18 18:12:30,479 [ERROR] LogOutputStream:75 - [STDERR_REDIRECT] 
2026-05-18 18:13:00,305 [ERROR] LogOutputStream:75 - [STDERR_REDIRECT] May 18, 2026 6:13:00 PM java.util.prefs.FileSystemPreferences checkLockFile0ErrorCode
2026-05-18 18:13:00,305 [ERROR] LogOutputStream:75 - [STDERR_REDIRECT] WARNING: Could not lock System prefs. Unix error code 5.
2026-05-18 18:13:00,305 [ERROR] LogOutputStream:75 - [STDERR_REDIRECT] 
2026-05-18 18:13:00,305 [ERROR] LogOutputStream:75 - [STDERR_REDIRECT] May 18, 2026 6:13:00 PM java.util.prefs.FileSystemPreferences syncWorld
2026-05-18 18:13:00,305 [ERROR] LogOutputStream:75 - [STDERR_REDIRECT] WARNING: Couldn't flush system prefs: java.util.prefs.BackingStoreException: Couldn't get file lock.
2026-05-18 18:13:00,306 [ERROR] LogOutputStream:75 - [STDERR_REDIRECT] 
2026-05-18 18:13:30,306 [ERROR] LogOutputStream:75 - [STDERR_REDIRECT] May 18, 2026 6:13:30 PM java.util.prefs.FileSystemPreferences checkLockFile0ErrorCode
2026-05-18 18:13:30,306 [ERROR] LogOutputStream:75 - [STDERR_REDIRECT] WARNING: Could not lock System prefs. Unix error code 5.
2026-05-18 18:13:30,306 [ERROR] LogOutputStream:75 - [STDERR_REDIRECT] 
2026-05-18 18:13:30,306 [ERROR] LogOutputStream:75 - [STDERR_REDIRECT] May 18, 2026 6:13:30 PM java.util.prefs.FileSystemPreferences syncWorld
2026-05-18 18:13:30,306 [ERROR] LogOutputStream:75 - [STDERR_REDIRECT] WARNING: Couldn't flush system prefs: java.util.prefs.BackingStoreException: Couldn't get file lock.
2026-05-18 18:13:30,306 [ERROR] LogOutputStream:75 - [STDERR_REDIRECT] 
2026-05-18 18:14:00,305 [ERROR] LogOutputStream:75 - [STDERR_REDIRECT] May 18, 2026 6:14:00 PM java.util.prefs.FileSystemPreferences checkLockFile0ErrorCode
2026-05-18 18:14:00,305 [ERROR] LogOutputStream:75 - [STDERR_REDIRECT] WARNING: Could not lock System prefs. Unix error code 5.
2026-05-18 18:14:00,306 [ERROR] LogOutputStream:75 - [STDERR_REDIRECT] 
2026-05-18 18:14:00,306 [ERROR] LogOutputStream:75 - [STDERR_REDIRECT] May 18, 2026 6:14:00 PM java.util.prefs.FileSystemPreferences syncWorld
2026-05-18 18:14:00,306 [ERROR] LogOutputStream:75 - [STDERR_REDIRECT] WARNING: Couldn't flush system prefs: java.util.prefs.BackingStoreException: Couldn't get file lock.
2026-05-18 18:14:00,306 [ERROR] LogOutputStream:75 - [STDERR_REDIRECT] 
2026-05-18 18:14:30,305 [ERROR] LogOutputStream:75 - [STDERR_REDIRECT] May 18, 2026 6:14:30 PM java.util.prefs.FileSystemPreferences checkLockFile0ErrorCode
2026-05-18 18:14:30,306 [ERROR] LogOutputStream:75 - [STDERR_REDIRECT] WARNING: Could not lock System prefs. Unix error code 5.
2026-05-18 18:14:30,306 [ERROR] LogOutputStream:75 - [STDERR_REDIRECT] 
2026-05-18 18:14:30,306 [ERROR] LogOutputStream:75 - [STDERR_REDIRECT] May 18, 2026 6:14:30 PM java.util.prefs.FileSystemPreferences syncWorld
2026-05-18 18:14:30,306 [ERROR] LogOutputStream:75 - [STDERR_REDIRECT] WARNING: Couldn't flush system prefs: java.util.prefs.BackingStoreException: Couldn't get file lock.
2026-05-18 18:14:30,306 [ERROR] LogOutputStream:75 - [STDERR_REDIRECT] 
2026-05-18 18:15:00,306 [ERROR] LogOutputStream:75 - [STDERR_REDIRECT] May 18, 2026 6:15:00 PM java.util.prefs.FileSystemPreferences checkLockFile0ErrorCode
2026-05-18 18:15:00,306 [ERROR] LogOutputStream:75 - [STDERR_REDIRECT] WARNING: Could not lock System prefs. Unix error code 5.
2026-05-18 18:15:00,306 [ERROR] LogOutputStream:75 - [STDERR_REDIRECT] 
2026-05-18 18:15:00,306 [ERROR] LogOutputStream:75 - [STDERR_REDIRECT] May 18, 2026 6:15:00 PM java.util.prefs.FileSystemPreferences syncWorld
2026-05-18 18:15:00,306 [ERROR] LogOutputStream:75 - [STDERR_REDIRECT] WARNING: Couldn't flush system prefs: java.util.prefs.BackingStoreException: Couldn't get file lock.
2026-05-18 18:15:00,306 [ERROR] LogOutputStream:75 - [STDERR_REDIRECT] 
2026-05-18 18:15:30,306 [ERROR] LogOutputStream:75 - [STDERR_REDIRECT] May 18, 2026 6:15:30 PM java.util.prefs.FileSystemPreferences checkLockFile0ErrorCode
2026-05-18 18:15:30,306 [ERROR] LogOutputStream:75 - [STDERR_REDIRECT] WARNING: Could not lock System prefs. Unix error code 5.
2026-05-18 18:15:30,306 [ERROR] LogOutputStream:75 - [STDERR_REDIRECT] 
2026-05-18 18:15:30,306 [ERROR] LogOutputStream:75 - [STDERR_REDIRECT] May 18, 2026 6:15:30 PM java.util.prefs.FileSystemPreferences syncWorld
2026-05-18 18:15:30,306 [ERROR] LogOutputStream:75 - [STDERR_REDIRECT] WARNING: Couldn't flush system prefs: java.util.prefs.BackingStoreException: Couldn't get file lock.
2026-05-18 18:15:30,306 [ERROR] LogOutputStream:75 - [STDERR_REDIRECT] 
2026-05-18 18:16:00,314 [ERROR] LogOutputStream:75 - [STDERR_REDIRECT] May 18, 2026 6:16:00 PM java.util.prefs.FileSystemPreferences checkLockFile0ErrorCode
2026-05-18 18:16:00,314 [ERROR] LogOutputStream:75 - [STDERR_REDIRECT] WARNING: Could not lock System prefs. Unix error code 5.
2026-05-18 18:16:00,314 [ERROR] LogOutputStream:75 - [STDERR_REDIRECT] 
2026-05-18 18:16:00,315 [ERROR] LogOutputStream:75 - [STDERR_REDIRECT] May 18, 2026 6:16:00 PM java.util.prefs.FileSystemPreferences syncWorld
2026-05-18 18:16:00,315 [ERROR] LogOutputStream:75 - [STDERR_REDIRECT] WARNING: Couldn't flush system prefs: java.util.prefs.BackingStoreException: Couldn't get file lock.
2026-05-18 18:16:00,315 [ERROR] LogOutputStream:75 - [STDERR_REDIRECT] 
2026-05-18 18:16:30,310 [ERROR] LogOutputStream:75 - [STDERR_REDIRECT] May 18, 2026 6:16:30 PM java.util.prefs.FileSystemPreferences checkLockFile0ErrorCode
2026-05-18 18:16:30,310 [ERROR] LogOutputStream:75 - [STDERR_REDIRECT] WARNING: Could not lock System prefs. Unix error code 5.
2026-05-18 18:16:30,310 [ERROR] LogOutputStream:75 - [STDERR_REDIRECT] 
2026-05-18 18:16:30,310 [ERROR] LogOutputStream:75 - [STDERR_REDIRECT] May 18, 2026 6:16:30 PM java.util.prefs.FileSystemPreferences syncWorld
2026-05-18 18:16:30,310 [ERROR] LogOutputStream:75 - [STDERR_REDIRECT] WARNING: Couldn't flush system prefs: java.util.prefs.BackingStoreException: Couldn't get file lock.
2026-05-18 18:16:30,310 [ERROR] LogOutputStream:75 - [STDERR_REDIRECT] 
2026-05-18 18:17:00,311 [ERROR] LogOutputStream:75 - [STDERR_REDIRECT] May 18, 2026 6:17:00 PM java.util.prefs.FileSystemPreferences checkLockFile0ErrorCode
2026-05-18 18:17:00,311 [ERROR] LogOutputStream:75 - [STDERR_REDIRECT] WARNING: Could not lock System prefs. Unix error code 5.
2026-05-18 18:17:00,311 [ERROR] LogOutputStream:75 - [STDERR_REDIRECT] 
2026-05-18 18:17:00,311 [ERROR] LogOutputStream:75 - [STDERR_REDIRECT] May 18, 2026 6:17:00 PM java.util.prefs.FileSystemPreferences syncWorld
2026-05-18 18:17:00,311 [ERROR] LogOutputStream:75 - [STDERR_REDIRECT] WARNING: Couldn't flush system prefs: java.util.prefs.BackingStoreException: Couldn't get file lock.
2026-05-18 18:17:00,311 [ERROR] LogOutputStream:75 - [STDERR_REDIRECT] 
2026-05-18 18:17:30,312 [ERROR] LogOutputStream:75 - [STDERR_REDIRECT] May 18, 2026 6:17:30 PM java.util.prefs.FileSystemPreferences checkLockFile0ErrorCode
2026-05-18 18:17:30,312 [ERROR] LogOutputStream:75 - [STDERR_REDIRECT] WARNING: Could not lock System prefs. Unix error code 5.
2026-05-18 18:17:30,312 [ERROR] LogOutputStream:75 - [STDERR_REDIRECT] 
2026-05-18 18:17:30,312 [ERROR] LogOutputStream:75 - [STDERR_REDIRECT] May 18, 2026 6:17:30 PM java.util.prefs.FileSystemPreferences syncWorld
2026-05-18 18:17:30,313 [ERROR] LogOutputStream:75 - [STDERR_REDIRECT] WARNING: Couldn't flush system prefs: java.util.prefs.BackingStoreException: Couldn't get file lock.
2026-05-18 18:17:30,313 [ERROR] LogOutputStream:75 - [STDERR_REDIRECT] 
2026-05-18 18:18:00,311 [ERROR] LogOutputStream:75 - [STDERR_REDIRECT] May 18, 2026 6:18:00 PM java.util.prefs.FileSystemPreferences checkLockFile0ErrorCode
2026-05-18 18:18:00,311 [ERROR] LogOutputStream:75 - [STDERR_REDIRECT] WARNING: Could not lock System prefs. Unix error code 5.
2026-05-18 18:18:00,311 [ERROR] LogOutputStream:75 - [STDERR_REDIRECT] 
2026-05-18 18:18:00,311 [ERROR] LogOutputStream:75 - [STDERR_REDIRECT] May 18, 2026 6:18:00 PM java.util.prefs.FileSystemPreferences syncWorld
2026-05-18 18:18:00,312 [ERROR] LogOutputStream:75 - [STDERR_REDIRECT] WARNING: Couldn't flush system prefs: java.util.prefs.BackingStoreException: Couldn't get file lock.
2026-05-18 18:18:00,312 [ERROR] LogOutputStream:75 - [STDERR_REDIRECT] 
2026-05-18 18:18:30,314 [ERROR] LogOutputStream:75 - [STDERR_REDIRECT] May 18, 2026 6:18:30 PM java.util.prefs.FileSystemPreferences checkLockFile0ErrorCode
2026-05-18 18:18:30,314 [ERROR] LogOutputStream:75 - [STDERR_REDIRECT] WARNING: Could not lock System prefs. Unix error code 5.
2026-05-18 18:18:30,314 [ERROR] LogOutputStream:75 - [STDERR_REDIRECT] 
2026-05-18 18:18:30,314 [ERROR] LogOutputStream:75 - [STDERR_REDIRECT] May 18, 2026 6:18:30 PM java.util.prefs.FileSystemPreferences syncWorld
2026-05-18 18:18:30,314 [ERROR] LogOutputStream:75 - [STDERR_REDIRECT] WARNING: Couldn't flush system prefs: java.util.prefs.BackingStoreException: Couldn't get file lock.
2026-05-18 18:18:30,314 [ERROR] LogOutputStream:75 - [STDERR_REDIRECT] 
2026-05-18 18:19:00,315 [ERROR] LogOutputStream:75 - [STDERR_REDIRECT] May 18, 2026 6:19:00 PM java.util.prefs.FileSystemPreferences checkLockFile0ErrorCode
2026-05-18 18:19:00,316 [ERROR] LogOutputStream:75 - [STDERR_REDIRECT] WARNING: Could not lock System prefs. Unix error code 5.
2026-05-18 18:19:00,316 [ERROR] LogOutputStream:75 - [STDERR_REDIRECT] 
2026-05-18 18:19:00,316 [ERROR] LogOutputStream:75 - [STDERR_REDIRECT] May 18, 2026 6:19:00 PM java.util.prefs.FileSystemPreferences syncWorld
2026-05-18 18:19:00,316 [ERROR] LogOutputStream:75 - [STDERR_REDIRECT] WARNING: Couldn't flush system prefs: java.util.prefs.BackingStoreException: Couldn't get file lock.
2026-05-18 18:19:00,316 [ERROR] LogOutputStream:75 - [STDERR_REDIRECT] 
2026-05-18 18:19:30,316 [ERROR] LogOutputStream:75 - [STDERR_REDIRECT] May 18, 2026 6:19:30 PM java.util.prefs.FileSystemPreferences checkLockFile0ErrorCode
2026-05-18 18:19:30,317 [ERROR] LogOutputStream:75 - [STDERR_REDIRECT] WARNING: Could not lock System prefs. Unix error code 5.
2026-05-18 18:19:30,317 [ERROR] LogOutputStream:75 - [STDERR_REDIRECT] 
2026-05-18 18:19:30,317 [ERROR] LogOutputStream:75 - [STDERR_REDIRECT] May 18, 2026 6:19:30 PM java.util.prefs.FileSystemPreferences syncWorld
2026-05-18 18:19:30,317 [ERROR] LogOutputStream:75 - [STDERR_REDIRECT] WARNING: Couldn't flush system prefs: java.util.prefs.BackingStoreException: Couldn't get file lock.
2026-05-18 18:19:30,317 [ERROR] LogOutputStream:75 - [STDERR_REDIRECT] 
2026-05-18 18:20:00,313 [ERROR] LogOutputStream:75 - [STDERR_REDIRECT] May 18, 2026 6:20:00 PM java.util.prefs.FileSystemPreferences checkLockFile0ErrorCode
2026-05-18 18:20:00,313 [ERROR] LogOutputStream:75 - [STDERR_REDIRECT] WARNING: Could not lock System prefs. Unix error code 5.
2026-05-18 18:20:00,313 [ERROR] LogOutputStream:75 - [STDERR_REDIRECT] 
2026-05-18 18:20:00,314 [ERROR] LogOutputStream:75 - [STDERR_REDIRECT] May 18, 2026 6:20:00 PM java.util.prefs.FileSystemPreferences syncWorld
2026-05-18 18:20:00,314 [ERROR] LogOutputStream:75 - [STDERR_REDIRECT] WARNING: Couldn't flush system prefs: java.util.prefs.BackingStoreException: Couldn't get file lock.
2026-05-18 18:20:00,314 [ERROR] LogOutputStream:75 - [STDERR_REDIRECT] 
2026-05-18 18:20:30,313 [ERROR] LogOutputStream:75 - [STDERR_REDIRECT] May 18, 2026 6:20:30 PM java.util.prefs.FileSystemPreferences checkLockFile0ErrorCode
2026-05-18 18:20:30,313 [ERROR] LogOutputStream:75 - [STDERR_REDIRECT] WARNING: Could not lock System prefs. Unix error code 5.
2026-05-18 18:20:30,314 [ERROR] LogOutputStream:75 - [STDERR_REDIRECT] 
2026-05-18 18:20:30,314 [ERROR] LogOutputStream:75 - [STDERR_REDIRECT] May 18, 2026 6:20:30 PM java.util.prefs.FileSystemPreferences syncWorld
2026-05-18 18:20:30,314 [ERROR] LogOutputStream:75 - [STDERR_REDIRECT] WARNING: Couldn't flush system prefs: java.util.prefs.BackingStoreException: Couldn't get file lock.
2026-05-18 18:20:30,314 [ERROR] LogOutputStream:75 - [STDERR_REDIRECT] 
2026-05-18 18:21:00,314 [ERROR] LogOutputStream:75 - [STDERR_REDIRECT] May 18, 2026 6:21:00 PM java.util.prefs.FileSystemPreferences checkLockFile0ErrorCode
2026-05-18 18:21:00,314 [ERROR] LogOutputStream:75 - [STDERR_REDIRECT] WARNING: Could not lock System prefs. Unix error code 5.
2026-05-18 18:21:00,314 [ERROR] LogOutputStream:75 - [STDERR_REDIRECT] 
2026-05-18 18:21:00,314 [ERROR] LogOutputStream:75 - [STDERR_REDIRECT] May 18, 2026 6:21:00 PM java.util.prefs.FileSystemPreferences syncWorld
2026-05-18 18:21:00,315 [ERROR] LogOutputStream:75 - [STDERR_REDIRECT] WARNING: Couldn't flush system prefs: java.util.prefs.BackingStoreException: Couldn't get file lock.
2026-05-18 18:21:00,315 [ERROR] LogOutputStream:75 - [STDERR_REDIRECT] 
2026-05-18 18:21:30,316 [ERROR] LogOutputStream:75 - [STDERR_REDIRECT] May 18, 2026 6:21:30 PM java.util.prefs.FileSystemPreferences checkLockFile0ErrorCode
2026-05-18 18:21:30,316 [ERROR] LogOutputStream:75 - [STDERR_REDIRECT] WARNING: Could not lock System prefs. Unix error code 5.
2026-05-18 18:21:30,316 [ERROR] LogOutputStream:75 - [STDERR_REDIRECT] 
2026-05-18 18:21:30,316 [ERROR] LogOutputStream:75 - [STDERR_REDIRECT] May 18, 2026 6:21:30 PM java.util.prefs.FileSystemPreferences syncWorld
2026-05-18 18:21:30,316 [ERROR] LogOutputStream:75 - [STDERR_REDIRECT] WARNING: Couldn't flush system prefs: java.util.prefs.BackingStoreException: Couldn't get file lock.
2026-05-18 18:21:30,317 [ERROR] LogOutputStream:75 - [STDERR_REDIRECT] 
2026-05-18 18:22:00,315 [ERROR] LogOutputStream:75 - [STDERR_REDIRECT] May 18, 2026 6:22:00 PM java.util.prefs.FileSystemPreferences checkLockFile0ErrorCode
2026-05-18 18:22:00,315 [ERROR] LogOutputStream:75 - [STDERR_REDIRECT] WARNING: Could not lock System prefs. Unix error code 5.
2026-05-18 18:22:00,315 [ERROR] LogOutputStream:75 - [STDERR_REDIRECT] 
2026-05-18 18:22:00,315 [ERROR] LogOutputStream:75 - [STDERR_REDIRECT] May 18, 2026 6:22:00 PM java.util.prefs.FileSystemPreferences syncWorld
2026-05-18 18:22:00,315 [ERROR] LogOutputStream:75 - [STDERR_REDIRECT] WARNING: Couldn't flush system prefs: java.util.prefs.BackingStoreException: Couldn't get file lock.
2026-05-18 18:22:00,315 [ERROR] LogOutputStream:75 - [STDERR_REDIRECT] 
2026-05-18 18:22:30,315 [ERROR] LogOutputStream:75 - [STDERR_REDIRECT] May 18, 2026 6:22:30 PM java.util.prefs.FileSystemPreferences checkLockFile0ErrorCode
2026-05-18 18:22:30,315 [ERROR] LogOutputStream:75 - [STDERR_REDIRECT] WARNING: Could not lock System prefs. Unix error code 5.
2026-05-18 18:22:30,315 [ERROR] LogOutputStream:75 - [STDERR_REDIRECT] 
2026-05-18 18:22:30,317 [ERROR] LogOutputStream:75 - [STDERR_REDIRECT] May 18, 2026 6:22:30 PM java.util.prefs.FileSystemPreferences syncWorld
2026-05-18 18:22:30,317 [ERROR] LogOutputStream:75 - [STDERR_REDIRECT] WARNING: Couldn't flush system prefs: java.util.prefs.BackingStoreException: Couldn't get file lock.
2026-05-18 18:22:30,317 [ERROR] LogOutputStream:75 - [STDERR_REDIRECT] 
2026-05-18 18:23:00,317 [ERROR] LogOutputStream:75 - [STDERR_REDIRECT] May 18, 2026 6:23:00 PM java.util.prefs.FileSystemPreferences checkLockFile0ErrorCode
2026-05-18 18:23:00,317 [ERROR] LogOutputStream:75 - [STDERR_REDIRECT] WARNING: Could not lock System prefs. Unix error code 5.
2026-05-18 18:23:00,317 [ERROR] LogOutputStream:75 - [STDERR_REDIRECT] 
2026-05-18 18:23:00,317 [ERROR] LogOutputStream:75 - [STDERR_REDIRECT] May 18, 2026 6:23:00 PM java.util.prefs.FileSystemPreferences syncWorld
2026-05-18 18:23:00,317 [ERROR] LogOutputStream:75 - [STDERR_REDIRECT] WARNING: Couldn't flush system prefs: java.util.prefs.BackingStoreException: Couldn't get file lock.
2026-05-18 18:23:00,317 [ERROR] LogOutputStream:75 - [STDERR_REDIRECT] 
2026-05-18 18:23:30,318 [ERROR] LogOutputStream:75 - [STDERR_REDIRECT] May 18, 2026 6:23:30 PM java.util.prefs.FileSystemPreferences checkLockFile0ErrorCode
2026-05-18 18:23:30,318 [ERROR] LogOutputStream:75 - [STDERR_REDIRECT] WARNING: Could not lock System prefs. Unix error code 5.
2026-05-18 18:23:30,318 [ERROR] LogOutputStream:75 - [STDERR_REDIRECT] 
2026-05-18 18:23:30,319 [ERROR] LogOutputStream:75 - [STDERR_REDIRECT] May 18, 2026 6:23:30 PM java.util.prefs.FileSystemPreferences syncWorld
2026-05-18 18:23:30,319 [ERROR] LogOutputStream:75 - [STDERR_REDIRECT] WARNING: Couldn't flush system prefs: java.util.prefs.BackingStoreException: Couldn't get file lock.
2026-05-18 18:23:30,319 [ERROR] LogOutputStream:75 - [STDERR_REDIRECT] 
2026-05-18 18:24:00,317 [ERROR] LogOutputStream:75 - [STDERR_REDIRECT] May 18, 2026 6:24:00 PM java.util.prefs.FileSystemPreferences checkLockFile0ErrorCode
2026-05-18 18:24:00,317 [ERROR] LogOutputStream:75 - [STDERR_REDIRECT] WARNING: Could not lock System prefs. Unix error code 5.
2026-05-18 18:24:00,317 [ERROR] LogOutputStream:75 - [STDERR_REDIRECT] 
2026-05-18 18:24:00,318 [ERROR] LogOutputStream:75 - [STDERR_REDIRECT] May 18, 2026 6:24:00 PM java.util.prefs.FileSystemPreferences syncWorld
2026-05-18 18:24:00,318 [ERROR] LogOutputStream:75 - [STDERR_REDIRECT] WARNING: Couldn't flush system prefs: java.util.prefs.BackingStoreException: Couldn't get file lock.
2026-05-18 18:24:00,318 [ERROR] LogOutputStream:75 - [STDERR_REDIRECT] 
2026-05-18 18:24:30,317 [ERROR] LogOutputStream:75 - [STDERR_REDIRECT] May 18, 2026 6:24:30 PM java.util.prefs.FileSystemPreferences checkLockFile0ErrorCode
2026-05-18 18:24:30,317 [ERROR] LogOutputStream:75 - [STDERR_REDIRECT] WARNING: Could not lock System prefs. Unix error code 5.
2026-05-18 18:24:30,318 [ERROR] LogOutputStream:75 - [STDERR_REDIRECT] 
2026-05-18 18:24:30,318 [ERROR] LogOutputStream:75 - [STDERR_REDIRECT] May 18, 2026 6:24:30 PM java.util.prefs.FileSystemPreferences syncWorld
2026-05-18 18:24:30,318 [ERROR] LogOutputStream:75 - [STDERR_REDIRECT] WARNING: Couldn't flush system prefs: java.util.prefs.BackingStoreException: Couldn't get file lock.
2026-05-18 18:24:30,318 [ERROR] LogOutputStream:75 - [STDERR_REDIRECT] 
2026-05-18 18:25:00,318 [ERROR] LogOutputStream:75 - [STDERR_REDIRECT] May 18, 2026 6:25:00 PM java.util.prefs.FileSystemPreferences checkLockFile0ErrorCode
2026-05-18 18:25:00,318 [ERROR] LogOutputStream:75 - [STDERR_REDIRECT] WARNING: Could not lock System prefs. Unix error code 5.
2026-05-18 18:25:00,318 [ERROR] LogOutputStream:75 - [STDERR_REDIRECT] 
2026-05-18 18:25:00,318 [ERROR] LogOutputStream:75 - [STDERR_REDIRECT] May 18, 2026 6:25:00 PM java.util.prefs.FileSystemPreferences syncWorld
2026-05-18 18:25:00,318 [ERROR] LogOutputStream:75 - [STDERR_REDIRECT] WARNING: Couldn't flush system prefs: java.util.prefs.BackingStoreException: Couldn't get file lock.
2026-05-18 18:25:00,318 [ERROR] LogOutputStream:75 - [STDERR_REDIRECT] 
2026-05-18 18:25:30,321 [ERROR] LogOutputStream:75 - [STDERR_REDIRECT] May 18, 2026 6:25:30 PM java.util.prefs.FileSystemPreferences checkLockFile0ErrorCode
2026-05-18 18:25:30,321 [ERROR] LogOutputStream:75 - [STDERR_REDIRECT] WARNING: Could not lock System prefs. Unix error code 5.
2026-05-18 18:25:30,321 [ERROR] LogOutputStream:75 - [STDERR_REDIRECT] 
2026-05-18 18:25:30,321 [ERROR] LogOutputStream:75 - [STDERR_REDIRECT] May 18, 2026 6:25:30 PM java.util.prefs.FileSystemPreferences syncWorld
2026-05-18 18:25:30,321 [ERROR] LogOutputStream:75 - [STDERR_REDIRECT] WARNING: Couldn't flush system prefs: java.util.prefs.BackingStoreException: Couldn't get file lock.
2026-05-18 18:25:30,321 [ERROR] LogOutputStream:75 - [STDERR_REDIRECT] 
2026-05-18 18:26:00,319 [ERROR] LogOutputStream:75 - [STDERR_REDIRECT] May 18, 2026 6:26:00 PM java.util.prefs.FileSystemPreferences checkLockFile0ErrorCode
2026-05-18 18:26:00,320 [ERROR] LogOutputStream:75 - [STDERR_REDIRECT] WARNING: Could not lock System prefs. Unix error code 5.
2026-05-18 18:26:00,320 [ERROR] LogOutputStream:75 - [STDERR_REDIRECT] 
2026-05-18 18:26:00,320 [ERROR] LogOutputStream:75 - [STDERR_REDIRECT] May 18, 2026 6:26:00 PM java.util.prefs.FileSystemPreferences syncWorld
2026-05-18 18:26:00,320 [ERROR] LogOutputStream:75 - [STDERR_REDIRECT] WARNING: Couldn't flush system prefs: java.util.prefs.BackingStoreException: Couldn't get file lock.
2026-05-18 18:26:00,320 [ERROR] LogOutputStream:75 - [STDERR_REDIRECT] 
2026-05-18 18:26:30,320 [ERROR] LogOutputStream:75 - [STDERR_REDIRECT] May 18, 2026 6:26:30 PM java.util.prefs.FileSystemPreferences checkLockFile0ErrorCode
2026-05-18 18:26:30,321 [ERROR] LogOutputStream:75 - [STDERR_REDIRECT] WARNING: Could not lock System prefs. Unix error code 5.
2026-05-18 18:26:30,321 [ERROR] LogOutputStream:75 - [STDERR_REDIRECT] 
2026-05-18 18:26:30,321 [ERROR] LogOutputStream:75 - [STDERR_REDIRECT] May 18, 2026 6:26:30 PM java.util.prefs.FileSystemPreferences syncWorld
2026-05-18 18:26:30,321 [ERROR] LogOutputStream:75 - [STDERR_REDIRECT] WARNING: Couldn't flush system prefs: java.util.prefs.BackingStoreException: Couldn't get file lock.
2026-05-18 18:26:30,321 [ERROR] LogOutputStream:75 - [STDERR_REDIRECT] 
2026-05-18 18:27:00,320 [ERROR] LogOutputStream:75 - [STDERR_REDIRECT] May 18, 2026 6:27:00 PM java.util.prefs.FileSystemPreferences checkLockFile0ErrorCode
2026-05-18 18:27:00,320 [ERROR] LogOutputStream:75 - [STDERR_REDIRECT] WARNING: Could not lock System prefs. Unix error code 5.
2026-05-18 18:27:00,320 [ERROR] LogOutputStream:75 - [STDERR_REDIRECT] 
2026-05-18 18:27:00,320 [ERROR] LogOutputStream:75 - [STDERR_REDIRECT] May 18, 2026 6:27:00 PM java.util.prefs.FileSystemPreferences syncWorld
2026-05-18 18:27:00,320 [ERROR] LogOutputStream:75 - [STDERR_REDIRECT] WARNING: Couldn't flush system prefs: java.util.prefs.BackingStoreException: Couldn't get file lock.
2026-05-18 18:27:00,320 [ERROR] LogOutputStream:75 - [STDERR_REDIRECT] 
2026-05-18 18:27:30,319 [ERROR] LogOutputStream:75 - [STDERR_REDIRECT] May 18, 2026 6:27:30 PM java.util.prefs.FileSystemPreferences checkLockFile0ErrorCode
2026-05-18 18:27:30,319 [ERROR] LogOutputStream:75 - [STDERR_REDIRECT] WARNING: Could not lock System prefs. Unix error code 5.
2026-05-18 18:27:30,319 [ERROR] LogOutputStream:75 - [STDERR_REDIRECT] 
2026-05-18 18:27:30,320 [ERROR] LogOutputStream:75 - [STDERR_REDIRECT] May 18, 2026 6:27:30 PM java.util.prefs.FileSystemPreferences syncWorld
2026-05-18 18:27:30,320 [ERROR] LogOutputStream:75 - [STDERR_REDIRECT] WARNING: Couldn't flush system prefs: java.util.prefs.BackingStoreException: Couldn't get file lock.
2026-05-18 18:27:30,320 [ERROR] LogOutputStream:75 - [STDERR_REDIRECT] 
2026-05-18 18:28:00,323 [ERROR] LogOutputStream:75 - [STDERR_REDIRECT] May 18, 2026 6:28:00 PM java.util.prefs.FileSystemPreferences checkLockFile0ErrorCode
2026-05-18 18:28:00,323 [ERROR] LogOutputStream:75 - [STDERR_REDIRECT] WARNING: Could not lock System prefs. Unix error code 5.
2026-05-18 18:28:00,323 [ERROR] LogOutputStream:75 - [STDERR_REDIRECT] 
2026-05-18 18:28:00,324 [ERROR] LogOutputStream:75 - [STDERR_REDIRECT] May 18, 2026 6:28:00 PM java.util.prefs.FileSystemPreferences syncWorld
2026-05-18 18:28:00,324 [ERROR] LogOutputStream:75 - [STDERR_REDIRECT] WARNING: Couldn't flush system prefs: java.util.prefs.BackingStoreException: Couldn't get file lock.
2026-05-18 18:28:00,324 [ERROR] LogOutputStream:75 - [STDERR_REDIRECT] 
2026-05-18 18:28:30,319 [ERROR] LogOutputStream:75 - [STDERR_REDIRECT] May 18, 2026 6:28:30 PM java.util.prefs.FileSystemPreferences checkLockFile0ErrorCode
2026-05-18 18:28:30,319 [ERROR] LogOutputStream:75 - [STDERR_REDIRECT] WARNING: Could not lock System prefs. Unix error code 5.
2026-05-18 18:28:30,319 [ERROR] LogOutputStream:75 - [STDERR_REDIRECT] 
2026-05-18 18:28:30,319 [ERROR] LogOutputStream:75 - [STDERR_REDIRECT] May 18, 2026 6:28:30 PM java.util.prefs.FileSystemPreferences syncWorld
2026-05-18 18:28:30,319 [ERROR] LogOutputStream:75 - [STDERR_REDIRECT] WARNING: Couldn't flush system prefs: java.util.prefs.BackingStoreException: Couldn't get file lock.
2026-05-18 18:28:30,320 [ERROR] LogOutputStream:75 - [STDERR_REDIRECT] 
2026-05-18 18:29:00,318 [ERROR] LogOutputStream:75 - [STDERR_REDIRECT] May 18, 2026 6:29:00 PM java.util.prefs.FileSystemPreferences checkLockFile0ErrorCode
2026-05-18 18:29:00,318 [ERROR] LogOutputStream:75 - [STDERR_REDIRECT] WARNING: Could not lock System prefs. Unix error code 5.
2026-05-18 18:29:00,319 [ERROR] LogOutputStream:75 - [STDERR_REDIRECT] 
2026-05-18 18:29:00,319 [ERROR] LogOutputStream:75 - [STDERR_REDIRECT] May 18, 2026 6:29:00 PM java.util.prefs.FileSystemPreferences syncWorld
2026-05-18 18:29:00,319 [ERROR] LogOutputStream:75 - [STDERR_REDIRECT] WARNING: Couldn't flush system prefs: java.util.prefs.BackingStoreException: Couldn't get file lock.
2026-05-18 18:29:00,319 [ERROR] LogOutputStream:75 - [STDERR_REDIRECT] 
2026-05-18 18:29:30,319 [ERROR] LogOutputStream:75 - [STDERR_REDIRECT] May 18, 2026 6:29:30 PM java.util.prefs.FileSystemPreferences checkLockFile0ErrorCode
2026-05-18 18:29:30,319 [ERROR] LogOutputStream:75 - [STDERR_REDIRECT] WARNING: Could not lock System prefs. Unix error code 5.
2026-05-18 18:29:30,319 [ERROR] LogOutputStream:75 - [STDERR_REDIRECT] 
2026-05-18 18:29:30,319 [ERROR] LogOutputStream:75 - [STDERR_REDIRECT] May 18, 2026 6:29:30 PM java.util.prefs.FileSystemPreferences syncWorld
2026-05-18 18:29:30,319 [ERROR] LogOutputStream:75 - [STDERR_REDIRECT] WARNING: Couldn't flush system prefs: java.util.prefs.BackingStoreException: Couldn't get file lock.
2026-05-18 18:29:30,319 [ERROR] LogOutputStream:75 - [STDERR_REDIRECT] 
2026-05-18 18:30:00,326 [ERROR] LogOutputStream:75 - [STDERR_REDIRECT] May 18, 2026 6:30:00 PM java.util.prefs.FileSystemPreferences checkLockFile0ErrorCode
2026-05-18 18:30:00,326 [ERROR] LogOutputStream:75 - [STDERR_REDIRECT] WARNING: Could not lock System prefs. Unix error code 5.
2026-05-18 18:30:00,326 [ERROR] LogOutputStream:75 - [STDERR_REDIRECT] 
2026-05-18 18:30:00,326 [ERROR] LogOutputStream:75 - [STDERR_REDIRECT] May 18, 2026 6:30:00 PM java.util.prefs.FileSystemPreferences syncWorld
2026-05-18 18:30:00,327 [ERROR] LogOutputStream:75 - [STDERR_REDIRECT] WARNING: Couldn't flush system prefs: java.util.prefs.BackingStoreException: Couldn't get file lock.
2026-05-18 18:30:00,327 [ERROR] LogOutputStream:75 - [STDERR_REDIRECT] 
2026-05-18 18:30:30,324 [ERROR] LogOutputStream:75 - [STDERR_REDIRECT] May 18, 2026 6:30:30 PM java.util.prefs.FileSystemPreferences checkLockFile0ErrorCode
2026-05-18 18:30:30,325 [ERROR] LogOutputStream:75 - [STDERR_REDIRECT] WARNING: Could not lock System prefs. Unix error code 5.
2026-05-18 18:30:30,325 [ERROR] LogOutputStream:75 - [STDERR_REDIRECT] 
2026-05-18 18:30:30,326 [ERROR] LogOutputStream:75 - [STDERR_REDIRECT] May 18, 2026 6:30:30 PM java.util.prefs.FileSystemPreferences syncWorld
2026-05-18 18:30:30,326 [ERROR] LogOutputStream:75 - [STDERR_REDIRECT] WARNING: Couldn't flush system prefs: java.util.prefs.BackingStoreException: Couldn't get file lock.
2026-05-18 18:30:30,326 [ERROR] LogOutputStream:75 - [STDERR_REDIRECT] 
2026-05-18 18:31:00,324 [ERROR] LogOutputStream:75 - [STDERR_REDIRECT] May 18, 2026 6:31:00 PM java.util.prefs.FileSystemPreferences checkLockFile0ErrorCode
2026-05-18 18:31:00,324 [ERROR] LogOutputStream:75 - [STDERR_REDIRECT] WARNING: Could not lock System prefs. Unix error code 5.
2026-05-18 18:31:00,324 [ERROR] LogOutputStream:75 - [STDERR_REDIRECT] 
2026-05-18 18:31:00,324 [ERROR] LogOutputStream:75 - [STDERR_REDIRECT] May 18, 2026 6:31:00 PM java.util.prefs.FileSystemPreferences syncWorld
2026-05-18 18:31:00,324 [ERROR] LogOutputStream:75 - [STDERR_REDIRECT] WARNING: Couldn't flush system prefs: java.util.prefs.BackingStoreException: Couldn't get file lock.
2026-05-18 18:31:00,324 [ERROR] LogOutputStream:75 - [STDERR_REDIRECT] 
2026-05-18 18:31:30,321 [ERROR] LogOutputStream:75 - [STDERR_REDIRECT] May 18, 2026 6:31:30 PM java.util.prefs.FileSystemPreferences checkLockFile0ErrorCode
2026-05-18 18:31:30,322 [ERROR] LogOutputStream:75 - [STDERR_REDIRECT] WARNING: Could not lock System prefs. Unix error code 5.
2026-05-18 18:31:30,322 [ERROR] LogOutputStream:75 - [STDERR_REDIRECT] 
2026-05-18 18:31:30,322 [ERROR] LogOutputStream:75 - [STDERR_REDIRECT] May 18, 2026 6:31:30 PM java.util.prefs.FileSystemPreferences syncWorld
2026-05-18 18:31:30,322 [ERROR] LogOutputStream:75 - [STDERR_REDIRECT] WARNING: Couldn't flush system prefs: java.util.prefs.BackingStoreException: Couldn't get file lock.
2026-05-18 18:31:30,322 [ERROR] LogOutputStream:75 - [STDERR_REDIRECT] 
2026-05-18 18:32:00,322 [ERROR] LogOutputStream:75 - [STDERR_REDIRECT] May 18, 2026 6:32:00 PM java.util.prefs.FileSystemPreferences checkLockFile0ErrorCode
2026-05-18 18:32:00,322 [ERROR] LogOutputStream:75 - [STDERR_REDIRECT] WARNING: Could not lock System prefs. Unix error code 5.
2026-05-18 18:32:00,322 [ERROR] LogOutputStream:75 - [STDERR_REDIRECT] 
2026-05-18 18:32:00,323 [ERROR] LogOutputStream:75 - [STDERR_REDIRECT] May 18, 2026 6:32:00 PM java.util.prefs.FileSystemPreferences syncWorld
2026-05-18 18:32:00,323 [ERROR] LogOutputStream:75 - [STDERR_REDIRECT] WARNING: Couldn't flush system prefs: java.util.prefs.BackingStoreException: Couldn't get file lock.
2026-05-18 18:32:00,323 [ERROR] LogOutputStream:75 - [STDERR_REDIRECT] 
2026-05-18 18:32:30,322 [ERROR] LogOutputStream:75 - [STDERR_REDIRECT] May 18, 2026 6:32:30 PM java.util.prefs.FileSystemPreferences checkLockFile0ErrorCode
2026-05-18 18:32:30,322 [ERROR] LogOutputStream:75 - [STDERR_REDIRECT] WARNING: Could not lock System prefs. Unix error code 5.
2026-05-18 18:32:30,322 [ERROR] LogOutputStream:75 - [STDERR_REDIRECT] 
2026-05-18 18:32:30,322 [ERROR] LogOutputStream:75 - [STDERR_REDIRECT] May 18, 2026 6:32:30 PM java.util.prefs.FileSystemPreferences syncWorld
2026-05-18 18:32:30,322 [ERROR] LogOutputStream:75 - [STDERR_REDIRECT] WARNING: Couldn't flush system prefs: java.util.prefs.BackingStoreException: Couldn't get file lock.
2026-05-18 18:32:30,322 [ERROR] LogOutputStream:75 - [STDERR_REDIRECT] 
2026-05-18 18:33:00,322 [ERROR] LogOutputStream:75 - [STDERR_REDIRECT] May 18, 2026 6:33:00 PM java.util.prefs.FileSystemPreferences checkLockFile0ErrorCode
2026-05-18 18:33:00,322 [ERROR] LogOutputStream:75 - [STDERR_REDIRECT] WARNING: Could not lock System prefs. Unix error code 5.
2026-05-18 18:33:00,322 [ERROR] LogOutputStream:75 - [STDERR_REDIRECT] 
2026-05-18 18:33:00,322 [ERROR] LogOutputStream:75 - [STDERR_REDIRECT] May 18, 2026 6:33:00 PM java.util.prefs.FileSystemPreferences syncWorld
2026-05-18 18:33:00,323 [ERROR] LogOutputStream:75 - [STDERR_REDIRECT] WARNING: Couldn't flush system prefs: java.util.prefs.BackingStoreException: Couldn't get file lock.
2026-05-18 18:33:00,323 [ERROR] LogOutputStream:75 - [STDERR_REDIRECT] 
2026-05-18 18:33:30,321 [ERROR] LogOutputStream:75 - [STDERR_REDIRECT] May 18, 2026 6:33:30 PM java.util.prefs.FileSystemPreferences checkLockFile0ErrorCode
2026-05-18 18:33:30,322 [ERROR] LogOutputStream:75 - [STDERR_REDIRECT] WARNING: Could not lock System prefs. Unix error code 5.
2026-05-18 18:33:30,322 [ERROR] LogOutputStream:75 - [STDERR_REDIRECT] 
2026-05-18 18:33:30,322 [ERROR] LogOutputStream:75 - [STDERR_REDIRECT] May 18, 2026 6:33:30 PM java.util.prefs.FileSystemPreferences syncWorld
2026-05-18 18:33:30,322 [ERROR] LogOutputStream:75 - [STDERR_REDIRECT] WARNING: Couldn't flush system prefs: java.util.prefs.BackingStoreException: Couldn't get file lock.
2026-05-18 18:33:30,322 [ERROR] LogOutputStream:75 - [STDERR_REDIRECT] 
2026-05-18 18:34:00,323 [ERROR] LogOutputStream:75 - [STDERR_REDIRECT] May 18, 2026 6:34:00 PM java.util.prefs.FileSystemPreferences checkLockFile0ErrorCode
2026-05-18 18:34:00,323 [ERROR] LogOutputStream:75 - [STDERR_REDIRECT] WARNING: Could not lock System prefs. Unix error code 5.
2026-05-18 18:34:00,323 [ERROR] LogOutputStream:75 - [STDERR_REDIRECT] 
2026-05-18 18:34:00,323 [ERROR] LogOutputStream:75 - [STDERR_REDIRECT] May 18, 2026 6:34:00 PM java.util.prefs.FileSystemPreferences syncWorld
2026-05-18 18:34:00,323 [ERROR] LogOutputStream:75 - [STDERR_REDIRECT] WARNING: Couldn't flush system prefs: java.util.prefs.BackingStoreException: Couldn't get file lock.
2026-05-18 18:34:00,323 [ERROR] LogOutputStream:75 - [STDERR_REDIRECT] 
2026-05-18 18:34:30,332 [ERROR] LogOutputStream:75 - [STDERR_REDIRECT] May 18, 2026 6:34:30 PM java.util.prefs.FileSystemPreferences checkLockFile0ErrorCode
2026-05-18 18:34:30,332 [ERROR] LogOutputStream:75 - [STDERR_REDIRECT] WARNING: Could not lock System prefs. Unix error code 5.
2026-05-18 18:34:30,333 [ERROR] LogOutputStream:75 - [STDERR_REDIRECT] 
2026-05-18 18:34:30,338 [ERROR] LogOutputStream:75 - [STDERR_REDIRECT] May 18, 2026 6:34:30 PM java.util.prefs.FileSystemPreferences syncWorld
2026-05-18 18:34:30,341 [ERROR] LogOutputStream:75 - [STDERR_REDIRECT] WARNING: Couldn't flush system prefs: java.util.prefs.BackingStoreException: Couldn't get file lock.
2026-05-18 18:34:30,343 [ERROR] LogOutputStream:75 - [STDERR_REDIRECT] 
2026-05-18 18:35:00,323 [ERROR] LogOutputStream:75 - [STDERR_REDIRECT] May 18, 2026 6:35:00 PM java.util.prefs.FileSystemPreferences checkLockFile0ErrorCode
2026-05-18 18:35:00,324 [ERROR] LogOutputStream:75 - [STDERR_REDIRECT] WARNING: Could not lock System prefs. Unix error code 5.
2026-05-18 18:35:00,324 [ERROR] LogOutputStream:75 - [STDERR_REDIRECT] 
2026-05-18 18:35:00,324 [ERROR] LogOutputStream:75 - [STDERR_REDIRECT] May 18, 2026 6:35:00 PM java.util.prefs.FileSystemPreferences syncWorld
2026-05-18 18:35:00,324 [ERROR] LogOutputStream:75 - [STDERR_REDIRECT] WARNING: Couldn't flush system prefs: java.util.prefs.BackingStoreException: Couldn't get file lock.
2026-05-18 18:35:00,324 [ERROR] LogOutputStream:75 - [STDERR_REDIRECT] 
2026-05-18 18:35:30,326 [ERROR] LogOutputStream:75 - [STDERR_REDIRECT] May 18, 2026 6:35:30 PM java.util.prefs.FileSystemPreferences checkLockFile0ErrorCode
2026-05-18 18:35:30,326 [ERROR] LogOutputStream:75 - [STDERR_REDIRECT] WARNING: Could not lock System prefs. Unix error code 5.
2026-05-18 18:35:30,326 [ERROR] LogOutputStream:75 - [STDERR_REDIRECT] 
2026-05-18 18:35:30,326 [ERROR] LogOutputStream:75 - [STDERR_REDIRECT] May 18, 2026 6:35:30 PM java.util.prefs.FileSystemPreferences syncWorld
2026-05-18 18:35:30,326 [ERROR] LogOutputStream:75 - [STDERR_REDIRECT] WARNING: Couldn't flush system prefs: java.util.prefs.BackingStoreException: Couldn't get file lock.
2026-05-18 18:35:30,326 [ERROR] LogOutputStream:75 - [STDERR_REDIRECT] 
2026-05-18 18:36:00,328 [ERROR] LogOutputStream:75 - [STDERR_REDIRECT] May 18, 2026 6:36:00 PM java.util.prefs.FileSystemPreferences checkLockFile0ErrorCode
2026-05-18 18:36:00,328 [ERROR] LogOutputStream:75 - [STDERR_REDIRECT] WARNING: Could not lock System prefs. Unix error code 5.
2026-05-18 18:36:00,328 [ERROR] LogOutputStream:75 - [STDERR_REDIRECT] 
2026-05-18 18:36:00,328 [ERROR] LogOutputStream:75 - [STDERR_REDIRECT] May 18, 2026 6:36:00 PM java.util.prefs.FileSystemPreferences syncWorld
2026-05-18 18:36:00,328 [ERROR] LogOutputStream:75 - [STDERR_REDIRECT] WARNING: Couldn't flush system prefs: java.util.prefs.BackingStoreException: Couldn't get file lock.
2026-05-18 18:36:00,328 [ERROR] LogOutputStream:75 - [STDERR_REDIRECT] 
2026-05-18 18:36:30,328 [ERROR] LogOutputStream:75 - [STDERR_REDIRECT] May 18, 2026 6:36:30 PM java.util.prefs.FileSystemPreferences checkLockFile0ErrorCode
2026-05-18 18:36:30,328 [ERROR] LogOutputStream:75 - [STDERR_REDIRECT] WARNING: Could not lock System prefs. Unix error code 5.
2026-05-18 18:36:30,328 [ERROR] LogOutputStream:75 - [STDERR_REDIRECT] 
2026-05-18 18:36:30,328 [ERROR] LogOutputStream:75 - [STDERR_REDIRECT] May 18, 2026 6:36:30 PM java.util.prefs.FileSystemPreferences syncWorld
2026-05-18 18:36:30,328 [ERROR] LogOutputStream:75 - [STDERR_REDIRECT] WARNING: Couldn't flush system prefs: java.util.prefs.BackingStoreException: Couldn't get file lock.
2026-05-18 18:36:30,328 [ERROR] LogOutputStream:75 - [STDERR_REDIRECT] 
2026-05-18 18:37:00,327 [ERROR] LogOutputStream:75 - [STDERR_REDIRECT] May 18, 2026 6:37:00 PM java.util.prefs.FileSystemPreferences checkLockFile0ErrorCode
2026-05-18 18:37:00,327 [ERROR] LogOutputStream:75 - [STDERR_REDIRECT] WARNING: Could not lock System prefs. Unix error code 5.
2026-05-18 18:37:00,327 [ERROR] LogOutputStream:75 - [STDERR_REDIRECT] 
2026-05-18 18:37:00,328 [ERROR] LogOutputStream:75 - [STDERR_REDIRECT] May 18, 2026 6:37:00 PM java.util.prefs.FileSystemPreferences syncWorld
2026-05-18 18:37:00,328 [ERROR] LogOutputStream:75 - [STDERR_REDIRECT] WARNING: Couldn't flush system prefs: java.util.prefs.BackingStoreException: Couldn't get file lock.
2026-05-18 18:37:00,328 [ERROR] LogOutputStream:75 - [STDERR_REDIRECT] 
2026-05-18 18:37:30,326 [ERROR] LogOutputStream:75 - [STDERR_REDIRECT] May 18, 2026 6:37:30 PM java.util.prefs.FileSystemPreferences checkLockFile0ErrorCode
2026-05-18 18:37:30,327 [ERROR] LogOutputStream:75 - [STDERR_REDIRECT] WARNING: Could not lock System prefs. Unix error code 5.
2026-05-18 18:37:30,327 [ERROR] LogOutputStream:75 - [STDERR_REDIRECT] 
2026-05-18 18:37:30,327 [ERROR] LogOutputStream:75 - [STDERR_REDIRECT] May 18, 2026 6:37:30 PM java.util.prefs.FileSystemPreferences syncWorld
2026-05-18 18:37:30,327 [ERROR] LogOutputStream:75 - [STDERR_REDIRECT] WARNING: Couldn't flush system prefs: java.util.prefs.BackingStoreException: Couldn't get file lock.
2026-05-18 18:37:30,327 [ERROR] LogOutputStream:75 - [STDERR_REDIRECT] 
2026-05-18 18:38:00,327 [ERROR] LogOutputStream:75 - [STDERR_REDIRECT] May 18, 2026 6:38:00 PM java.util.prefs.FileSystemPreferences checkLockFile0ErrorCode
2026-05-18 18:38:00,327 [ERROR] LogOutputStream:75 - [STDERR_REDIRECT] WARNING: Could not lock System prefs. Unix error code 5.
2026-05-18 18:38:00,327 [ERROR] LogOutputStream:75 - [STDERR_REDIRECT] 
2026-05-18 18:38:00,327 [ERROR] LogOutputStream:75 - [STDERR_REDIRECT] May 18, 2026 6:38:00 PM java.util.prefs.FileSystemPreferences syncWorld
2026-05-18 18:38:00,327 [ERROR] LogOutputStream:75 - [STDERR_REDIRECT] WARNING: Couldn't flush system prefs: java.util.prefs.BackingStoreException: Couldn't get file lock.
2026-05-18 18:38:00,327 [ERROR] LogOutputStream:75 - [STDERR_REDIRECT] 
2026-05-18 18:38:30,330 [ERROR] LogOutputStream:75 - [STDERR_REDIRECT] May 18, 2026 6:38:30 PM java.util.prefs.FileSystemPreferences checkLockFile0ErrorCode
2026-05-18 18:38:30,330 [ERROR] LogOutputStream:75 - [STDERR_REDIRECT] WARNING: Could not lock System prefs. Unix error code 5.
2026-05-18 18:38:30,330 [ERROR] LogOutputStream:75 - [STDERR_REDIRECT] 
2026-05-18 18:38:30,332 [ERROR] LogOutputStream:75 - [STDERR_REDIRECT] May 18, 2026 6:38:30 PM java.util.prefs.FileSystemPreferences syncWorld
2026-05-18 18:38:30,332 [ERROR] LogOutputStream:75 - [STDERR_REDIRECT] WARNING: Couldn't flush system prefs: java.util.prefs.BackingStoreException: Couldn't get file lock.
2026-05-18 18:38:30,332 [ERROR] LogOutputStream:75 - [STDERR_REDIRECT] 
2026-05-18 18:39:00,328 [ERROR] LogOutputStream:75 - [STDERR_REDIRECT] May 18, 2026 6:39:00 PM java.util.prefs.FileSystemPreferences checkLockFile0ErrorCode
2026-05-18 18:39:00,328 [ERROR] LogOutputStream:75 - [STDERR_REDIRECT] WARNING: Could not lock System prefs. Unix error code 5.
2026-05-18 18:39:00,328 [ERROR] LogOutputStream:75 - [STDERR_REDIRECT] 
2026-05-18 18:39:00,329 [ERROR] LogOutputStream:75 - [STDERR_REDIRECT] May 18, 2026 6:39:00 PM java.util.prefs.FileSystemPreferences syncWorld
2026-05-18 18:39:00,329 [ERROR] LogOutputStream:75 - [STDERR_REDIRECT] WARNING: Couldn't flush system prefs: java.util.prefs.BackingStoreException: Couldn't get file lock.
2026-05-18 18:39:00,329 [ERROR] LogOutputStream:75 - [STDERR_REDIRECT] 
2026-05-18 18:39:30,329 [ERROR] LogOutputStream:75 - [STDERR_REDIRECT] May 18, 2026 6:39:30 PM java.util.prefs.FileSystemPreferences checkLockFile0ErrorCode
2026-05-18 18:39:30,329 [ERROR] LogOutputStream:75 - [STDERR_REDIRECT] WARNING: Could not lock System prefs. Unix error code 5.
2026-05-18 18:39:30,329 [ERROR] LogOutputStream:75 - [STDERR_REDIRECT] 
2026-05-18 18:39:30,329 [ERROR] LogOutputStream:75 - [STDERR_REDIRECT] May 18, 2026 6:39:30 PM java.util.prefs.FileSystemPreferences syncWorld
2026-05-18 18:39:30,329 [ERROR] LogOutputStream:75 - [STDERR_REDIRECT] WARNING: Couldn't flush system prefs: java.util.prefs.BackingStoreException: Couldn't get file lock.
2026-05-18 18:39:30,329 [ERROR] LogOutputStream:75 - [STDERR_REDIRECT] 
2026-05-18 18:40:00,332 [ERROR] LogOutputStream:75 - [STDERR_REDIRECT] May 18, 2026 6:40:00 PM java.util.prefs.FileSystemPreferences checkLockFile0ErrorCode
2026-05-18 18:40:00,332 [ERROR] LogOutputStream:75 - [STDERR_REDIRECT] WARNING: Could not lock System prefs. Unix error code 5.
2026-05-18 18:40:00,332 [ERROR] LogOutputStream:75 - [STDERR_REDIRECT] 
2026-05-18 18:40:00,332 [ERROR] LogOutputStream:75 - [STDERR_REDIRECT] May 18, 2026 6:40:00 PM java.util.prefs.FileSystemPreferences syncWorld
2026-05-18 18:40:00,332 [ERROR] LogOutputStream:75 - [STDERR_REDIRECT] WARNING: Couldn't flush system prefs: java.util.prefs.BackingStoreException: Couldn't get file lock.
2026-05-18 18:40:00,332 [ERROR] LogOutputStream:75 - [STDERR_REDIRECT] 
2026-05-18 18:40:30,341 [ERROR] LogOutputStream:75 - [STDERR_REDIRECT] May 18, 2026 6:40:30 PM java.util.prefs.FileSystemPreferences checkLockFile0ErrorCode
2026-05-18 18:40:30,341 [ERROR] LogOutputStream:75 - [STDERR_REDIRECT] WARNING: Could not lock System prefs. Unix error code 5.
2026-05-18 18:40:30,341 [ERROR] LogOutputStream:75 - [STDERR_REDIRECT] 
2026-05-18 18:40:30,341 [ERROR] LogOutputStream:75 - [STDERR_REDIRECT] May 18, 2026 6:40:30 PM java.util.prefs.FileSystemPreferences syncWorld
2026-05-18 18:40:30,341 [ERROR] LogOutputStream:75 - [STDERR_REDIRECT] WARNING: Couldn't flush system prefs: java.util.prefs.BackingStoreException: Couldn't get file lock.
2026-05-18 18:40:30,341 [ERROR] LogOutputStream:75 - [STDERR_REDIRECT] 
2026-05-18 18:41:00,332 [ERROR] LogOutputStream:75 - [STDERR_REDIRECT] May 18, 2026 6:41:00 PM java.util.prefs.FileSystemPreferences checkLockFile0ErrorCode
2026-05-18 18:41:00,332 [ERROR] LogOutputStream:75 - [STDERR_REDIRECT] WARNING: Could not lock System prefs. Unix error code 5.
2026-05-18 18:41:00,332 [ERROR] LogOutputStream:75 - [STDERR_REDIRECT] 
2026-05-18 18:41:00,333 [ERROR] LogOutputStream:75 - [STDERR_REDIRECT] May 18, 2026 6:41:00 PM java.util.prefs.FileSystemPreferences syncWorld
2026-05-18 18:41:00,333 [ERROR] LogOutputStream:75 - [STDERR_REDIRECT] WARNING: Couldn't flush system prefs: java.util.prefs.BackingStoreException: Couldn't get file lock.
2026-05-18 18:41:00,333 [ERROR] LogOutputStream:75 - [STDERR_REDIRECT] 
2026-05-18 18:41:30,333 [ERROR] LogOutputStream:75 - [STDERR_REDIRECT] May 18, 2026 6:41:30 PM java.util.prefs.FileSystemPreferences checkLockFile0ErrorCode
2026-05-18 18:41:30,333 [ERROR] LogOutputStream:75 - [STDERR_REDIRECT] WARNING: Could not lock System prefs. Unix error code 5.
2026-05-18 18:41:30,333 [ERROR] LogOutputStream:75 - [STDERR_REDIRECT] 
2026-05-18 18:41:30,333 [ERROR] LogOutputStream:75 - [STDERR_REDIRECT] May 18, 2026 6:41:30 PM java.util.prefs.FileSystemPreferences syncWorld
2026-05-18 18:41:30,333 [ERROR] LogOutputStream:75 - [STDERR_REDIRECT] WARNING: Couldn't flush system prefs: java.util.prefs.BackingStoreException: Couldn't get file lock.
2026-05-18 18:41:30,333 [ERROR] LogOutputStream:75 - [STDERR_REDIRECT] 
2026-05-18 18:42:00,334 [ERROR] LogOutputStream:75 - [STDERR_REDIRECT] May 18, 2026 6:42:00 PM java.util.prefs.FileSystemPreferences checkLockFile0ErrorCode
2026-05-18 18:42:00,334 [ERROR] LogOutputStream:75 - [STDERR_REDIRECT] WARNING: Could not lock System prefs. Unix error code 5.
2026-05-18 18:42:00,334 [ERROR] LogOutputStream:75 - [STDERR_REDIRECT] 
2026-05-18 18:42:00,334 [ERROR] LogOutputStream:75 - [STDERR_REDIRECT] May 18, 2026 6:42:00 PM java.util.prefs.FileSystemPreferences syncWorld
2026-05-18 18:42:00,334 [ERROR] LogOutputStream:75 - [STDERR_REDIRECT] WARNING: Couldn't flush system prefs: java.util.prefs.BackingStoreException: Couldn't get file lock.
2026-05-18 18:42:00,334 [ERROR] LogOutputStream:75 - [STDERR_REDIRECT] 
2026-05-18 18:42:30,335 [ERROR] LogOutputStream:75 - [STDERR_REDIRECT] May 18, 2026 6:42:30 PM java.util.prefs.FileSystemPreferences checkLockFile0ErrorCode
2026-05-18 18:42:30,336 [ERROR] LogOutputStream:75 - [STDERR_REDIRECT] WARNING: Could not lock System prefs. Unix error code 5.
2026-05-18 18:42:30,337 [ERROR] LogOutputStream:75 - [STDERR_REDIRECT] 
2026-05-18 18:42:30,337 [ERROR] LogOutputStream:75 - [STDERR_REDIRECT] May 18, 2026 6:42:30 PM java.util.prefs.FileSystemPreferences syncWorld
2026-05-18 18:42:30,337 [ERROR] LogOutputStream:75 - [STDERR_REDIRECT] WARNING: Couldn't flush system prefs: java.util.prefs.BackingStoreException: Couldn't get file lock.
2026-05-18 18:42:30,339 [ERROR] LogOutputStream:75 - [STDERR_REDIRECT] 
2026-05-18 18:43:00,334 [ERROR] LogOutputStream:75 - [STDERR_REDIRECT] May 18, 2026 6:43:00 PM java.util.prefs.FileSystemPreferences checkLockFile0ErrorCode
2026-05-18 18:43:00,334 [ERROR] LogOutputStream:75 - [STDERR_REDIRECT] WARNING: Could not lock System prefs. Unix error code 5.
2026-05-18 18:43:00,334 [ERROR] LogOutputStream:75 - [STDERR_REDIRECT] 
2026-05-18 18:43:00,334 [ERROR] LogOutputStream:75 - [STDERR_REDIRECT] May 18, 2026 6:43:00 PM java.util.prefs.FileSystemPreferences syncWorld
2026-05-18 18:43:00,334 [ERROR] LogOutputStream:75 - [STDERR_REDIRECT] WARNING: Couldn't flush system prefs: java.util.prefs.BackingStoreException: Couldn't get file lock.
2026-05-18 18:43:00,334 [ERROR] LogOutputStream:75 - [STDERR_REDIRECT] 
2026-05-18 18:43:30,333 [ERROR] LogOutputStream:75 - [STDERR_REDIRECT] May 18, 2026 6:43:30 PM java.util.prefs.FileSystemPreferences checkLockFile0ErrorCode
2026-05-18 18:43:30,333 [ERROR] LogOutputStream:75 - [STDERR_REDIRECT] WARNING: Could not lock System prefs. Unix error code 5.
2026-05-18 18:43:30,333 [ERROR] LogOutputStream:75 - [STDERR_REDIRECT] 
2026-05-18 18:43:30,333 [ERROR] LogOutputStream:75 - [STDERR_REDIRECT] May 18, 2026 6:43:30 PM java.util.prefs.FileSystemPreferences syncWorld
2026-05-18 18:43:30,333 [ERROR] LogOutputStream:75 - [STDERR_REDIRECT] WARNING: Couldn't flush system prefs: java.util.prefs.BackingStoreException: Couldn't get file lock.
2026-05-18 18:43:30,333 [ERROR] LogOutputStream:75 - [STDERR_REDIRECT] 
2026-05-18 18:44:00,333 [ERROR] LogOutputStream:75 - [STDERR_REDIRECT] May 18, 2026 6:44:00 PM java.util.prefs.FileSystemPreferences checkLockFile0ErrorCode
2026-05-18 18:44:00,333 [ERROR] LogOutputStream:75 - [STDERR_REDIRECT] WARNING: Could not lock System prefs. Unix error code 5.
2026-05-18 18:44:00,333 [ERROR] LogOutputStream:75 - [STDERR_REDIRECT] 
2026-05-18 18:44:00,333 [ERROR] LogOutputStream:75 - [STDERR_REDIRECT] May 18, 2026 6:44:00 PM java.util.prefs.FileSystemPreferences syncWorld
2026-05-18 18:44:00,333 [ERROR] LogOutputStream:75 - [STDERR_REDIRECT] WARNING: Couldn't flush system prefs: java.util.prefs.BackingStoreException: Couldn't get file lock.
2026-05-18 18:44:00,333 [ERROR] LogOutputStream:75 - [STDERR_REDIRECT] 
2026-05-18 18:44:30,335 [ERROR] LogOutputStream:75 - [STDERR_REDIRECT] May 18, 2026 6:44:30 PM java.util.prefs.FileSystemPreferences checkLockFile0ErrorCode
2026-05-18 18:44:30,335 [ERROR] LogOutputStream:75 - [STDERR_REDIRECT] WARNING: Could not lock System prefs. Unix error code 5.
2026-05-18 18:44:30,335 [ERROR] LogOutputStream:75 - [STDERR_REDIRECT] 
2026-05-18 18:44:30,336 [ERROR] LogOutputStream:75 - [STDERR_REDIRECT] May 18, 2026 6:44:30 PM java.util.prefs.FileSystemPreferences syncWorld
2026-05-18 18:44:30,336 [ERROR] LogOutputStream:75 - [STDERR_REDIRECT] WARNING: Couldn't flush system prefs: java.util.prefs.BackingStoreException: Couldn't get file lock.
2026-05-18 18:44:30,336 [ERROR] LogOutputStream:75 - [STDERR_REDIRECT] 
2026-05-18 18:45:00,334 [ERROR] LogOutputStream:75 - [STDERR_REDIRECT] May 18, 2026 6:45:00 PM java.util.prefs.FileSystemPreferences checkLockFile0ErrorCode
2026-05-18 18:45:00,334 [ERROR] LogOutputStream:75 - [STDERR_REDIRECT] WARNING: Could not lock System prefs. Unix error code 5.
2026-05-18 18:45:00,334 [ERROR] LogOutputStream:75 - [STDERR_REDIRECT] 
2026-05-18 18:45:00,335 [ERROR] LogOutputStream:75 - [STDERR_REDIRECT] May 18, 2026 6:45:00 PM java.util.prefs.FileSystemPreferences syncWorld
2026-05-18 18:45:00,335 [ERROR] LogOutputStream:75 - [STDERR_REDIRECT] WARNING: Couldn't flush system prefs: java.util.prefs.BackingStoreException: Couldn't get file lock.
2026-05-18 18:45:00,335 [ERROR] LogOutputStream:75 - [STDERR_REDIRECT] 
2026-05-18 18:45:30,334 [ERROR] LogOutputStream:75 - [STDERR_REDIRECT] May 18, 2026 6:45:30 PM java.util.prefs.FileSystemPreferences checkLockFile0ErrorCode
2026-05-18 18:45:30,334 [ERROR] LogOutputStream:75 - [STDERR_REDIRECT] WARNING: Could not lock System prefs. Unix error code 5.
2026-05-18 18:45:30,334 [ERROR] LogOutputStream:75 - [STDERR_REDIRECT] 
2026-05-18 18:45:30,334 [ERROR] LogOutputStream:75 - [STDERR_REDIRECT] May 18, 2026 6:45:30 PM java.util.prefs.FileSystemPreferences syncWorld
2026-05-18 18:45:30,334 [ERROR] LogOutputStream:75 - [STDERR_REDIRECT] WARNING: Couldn't flush system prefs: java.util.prefs.BackingStoreException: Couldn't get file lock.
2026-05-18 18:45:30,335 [ERROR] LogOutputStream:75 - [STDERR_REDIRECT] 
2026-05-18 18:46:00,334 [ERROR] LogOutputStream:75 - [STDERR_REDIRECT] May 18, 2026 6:46:00 PM java.util.prefs.FileSystemPreferences checkLockFile0ErrorCode
2026-05-18 18:46:00,334 [ERROR] LogOutputStream:75 - [STDERR_REDIRECT] WARNING: Could not lock System prefs. Unix error code 5.
2026-05-18 18:46:00,334 [ERROR] LogOutputStream:75 - [STDERR_REDIRECT] 
2026-05-18 18:46:00,335 [ERROR] LogOutputStream:75 - [STDERR_REDIRECT] May 18, 2026 6:46:00 PM java.util.prefs.FileSystemPreferences syncWorld
2026-05-18 18:46:00,335 [ERROR] LogOutputStream:75 - [STDERR_REDIRECT] WARNING: Couldn't flush system prefs: java.util.prefs.BackingStoreException: Couldn't get file lock.
2026-05-18 18:46:00,335 [ERROR] LogOutputStream:75 - [STDERR_REDIRECT] 
2026-05-18 18:46:30,333 [ERROR] LogOutputStream:75 - [STDERR_REDIRECT] May 18, 2026 6:46:30 PM java.util.prefs.FileSystemPreferences checkLockFile0ErrorCode
2026-05-18 18:46:30,333 [ERROR] LogOutputStream:75 - [STDERR_REDIRECT] WARNING: Could not lock System prefs. Unix error code 5.
2026-05-18 18:46:30,333 [ERROR] LogOutputStream:75 - [STDERR_REDIRECT] 
2026-05-18 18:46:30,333 [ERROR] LogOutputStream:75 - [STDERR_REDIRECT] May 18, 2026 6:46:30 PM java.util.prefs.FileSystemPreferences syncWorld
2026-05-18 18:46:30,333 [ERROR] LogOutputStream:75 - [STDERR_REDIRECT] WARNING: Couldn't flush system prefs: java.util.prefs.BackingStoreException: Couldn't get file lock.
2026-05-18 18:46:30,333 [ERROR] LogOutputStream:75 - [STDERR_REDIRECT] 
2026-05-18 18:47:00,333 [ERROR] LogOutputStream:75 - [STDERR_REDIRECT] May 18, 2026 6:47:00 PM java.util.prefs.FileSystemPreferences checkLockFile0ErrorCode
2026-05-18 18:47:00,333 [ERROR] LogOutputStream:75 - [STDERR_REDIRECT] WARNING: Could not lock System prefs. Unix error code 5.
2026-05-18 18:47:00,333 [ERROR] LogOutputStream:75 - [STDERR_REDIRECT] 
2026-05-18 18:47:00,333 [ERROR] LogOutputStream:75 - [STDERR_REDIRECT] May 18, 2026 6:47:00 PM java.util.prefs.FileSystemPreferences syncWorld
2026-05-18 18:47:00,333 [ERROR] LogOutputStream:75 - [STDERR_REDIRECT] WARNING: Couldn't flush system prefs: java.util.prefs.BackingStoreException: Couldn't get file lock.
2026-05-18 18:47:00,333 [ERROR] LogOutputStream:75 - [STDERR_REDIRECT] 
2026-05-18 18:47:30,333 [ERROR] LogOutputStream:75 - [STDERR_REDIRECT] May 18, 2026 6:47:30 PM java.util.prefs.FileSystemPreferences checkLockFile0ErrorCode
2026-05-18 18:47:30,333 [ERROR] LogOutputStream:75 - [STDERR_REDIRECT] WARNING: Could not lock System prefs. Unix error code 5.
2026-05-18 18:47:30,333 [ERROR] LogOutputStream:75 - [STDERR_REDIRECT] 
2026-05-18 18:47:30,334 [ERROR] LogOutputStream:75 - [STDERR_REDIRECT] May 18, 2026 6:47:30 PM java.util.prefs.FileSystemPreferences syncWorld
2026-05-18 18:47:30,334 [ERROR] LogOutputStream:75 - [STDERR_REDIRECT] WARNING: Couldn't flush system prefs: java.util.prefs.BackingStoreException: Couldn't get file lock.
2026-05-18 18:47:30,334 [ERROR] LogOutputStream:75 - [STDERR_REDIRECT] 
2026-05-18 18:48:00,335 [ERROR] LogOutputStream:75 - [STDERR_REDIRECT] May 18, 2026 6:48:00 PM java.util.prefs.FileSystemPreferences checkLockFile0ErrorCode
2026-05-18 18:48:00,335 [ERROR] LogOutputStream:75 - [STDERR_REDIRECT] WARNING: Could not lock System prefs. Unix error code 5.
2026-05-18 18:48:00,335 [ERROR] LogOutputStream:75 - [STDERR_REDIRECT] 
2026-05-18 18:48:00,336 [ERROR] LogOutputStream:75 - [STDERR_REDIRECT] May 18, 2026 6:48:00 PM java.util.prefs.FileSystemPreferences syncWorld
2026-05-18 18:48:00,336 [ERROR] LogOutputStream:75 - [STDERR_REDIRECT] WARNING: Couldn't flush system prefs: java.util.prefs.BackingStoreException: Couldn't get file lock.
2026-05-18 18:48:00,336 [ERROR] LogOutputStream:75 - [STDERR_REDIRECT] 
2026-05-18 18:48:30,337 [ERROR] LogOutputStream:75 - [STDERR_REDIRECT] May 18, 2026 6:48:30 PM java.util.prefs.FileSystemPreferences checkLockFile0ErrorCode
2026-05-18 18:48:30,337 [ERROR] LogOutputStream:75 - [STDERR_REDIRECT] WARNING: Could not lock System prefs. Unix error code 5.
2026-05-18 18:48:30,337 [ERROR] LogOutputStream:75 - [STDERR_REDIRECT] 
2026-05-18 18:48:30,337 [ERROR] LogOutputStream:75 - [STDERR_REDIRECT] May 18, 2026 6:48:30 PM java.util.prefs.FileSystemPreferences syncWorld
2026-05-18 18:48:30,337 [ERROR] LogOutputStream:75 - [STDERR_REDIRECT] WARNING: Couldn't flush system prefs: java.util.prefs.BackingStoreException: Couldn't get file lock.
2026-05-18 18:48:30,337 [ERROR] LogOutputStream:75 - [STDERR_REDIRECT] 
2026-05-18 18:49:00,336 [ERROR] LogOutputStream:75 - [STDERR_REDIRECT] May 18, 2026 6:49:00 PM java.util.prefs.FileSystemPreferences checkLockFile0ErrorCode
2026-05-18 18:49:00,336 [ERROR] LogOutputStream:75 - [STDERR_REDIRECT] WARNING: Could not lock System prefs. Unix error code 5.
2026-05-18 18:49:00,336 [ERROR] LogOutputStream:75 - [STDERR_REDIRECT] 
2026-05-18 18:49:00,336 [ERROR] LogOutputStream:75 - [STDERR_REDIRECT] May 18, 2026 6:49:00 PM java.util.prefs.FileSystemPreferences syncWorld
2026-05-18 18:49:00,336 [ERROR] LogOutputStream:75 - [STDERR_REDIRECT] WARNING: Couldn't flush system prefs: java.util.prefs.BackingStoreException: Couldn't get file lock.
2026-05-18 18:49:00,337 [ERROR] LogOutputStream:75 - [STDERR_REDIRECT] 
2026-05-18 18:49:30,340 [ERROR] LogOutputStream:75 - [STDERR_REDIRECT] May 18, 2026 6:49:30 PM java.util.prefs.FileSystemPreferences checkLockFile0ErrorCode
2026-05-18 18:49:30,340 [ERROR] LogOutputStream:75 - [STDERR_REDIRECT] WARNING: Could not lock System prefs. Unix error code 5.
2026-05-18 18:49:30,340 [ERROR] LogOutputStream:75 - [STDERR_REDIRECT] 
2026-05-18 18:49:30,340 [ERROR] LogOutputStream:75 - [STDERR_REDIRECT] May 18, 2026 6:49:30 PM java.util.prefs.FileSystemPreferences syncWorld
2026-05-18 18:49:30,341 [ERROR] LogOutputStream:75 - [STDERR_REDIRECT] WARNING: Couldn't flush system prefs: java.util.prefs.BackingStoreException: Couldn't get file lock.
2026-05-18 18:49:30,341 [ERROR] LogOutputStream:75 - [STDERR_REDIRECT] 
2026-05-18 18:50:00,337 [ERROR] LogOutputStream:75 - [STDERR_REDIRECT] May 18, 2026 6:50:00 PM java.util.prefs.FileSystemPreferences checkLockFile0ErrorCode
2026-05-18 18:50:00,337 [ERROR] LogOutputStream:75 - [STDERR_REDIRECT] WARNING: Could not lock System prefs. Unix error code 5.
2026-05-18 18:50:00,337 [ERROR] LogOutputStream:75 - [STDERR_REDIRECT] 
2026-05-18 18:50:00,337 [ERROR] LogOutputStream:75 - [STDERR_REDIRECT] May 18, 2026 6:50:00 PM java.util.prefs.FileSystemPreferences syncWorld
2026-05-18 18:50:00,338 [ERROR] LogOutputStream:75 - [STDERR_REDIRECT] WARNING: Couldn't flush system prefs: java.util.prefs.BackingStoreException: Couldn't get file lock.
2026-05-18 18:50:00,338 [ERROR] LogOutputStream:75 - [STDERR_REDIRECT] 
2026-05-18 18:50:30,335 [ERROR] LogOutputStream:75 - [STDERR_REDIRECT] May 18, 2026 6:50:30 PM java.util.prefs.FileSystemPreferences checkLockFile0ErrorCode
2026-05-18 18:50:30,335 [ERROR] LogOutputStream:75 - [STDERR_REDIRECT] WARNING: Could not lock System prefs. Unix error code 5.
2026-05-18 18:50:30,336 [ERROR] LogOutputStream:75 - [STDERR_REDIRECT] 
2026-05-18 18:50:30,336 [ERROR] LogOutputStream:75 - [STDERR_REDIRECT] May 18, 2026 6:50:30 PM java.util.prefs.FileSystemPreferences syncWorld
2026-05-18 18:50:30,336 [ERROR] LogOutputStream:75 - [STDERR_REDIRECT] WARNING: Couldn't flush system prefs: java.util.prefs.BackingStoreException: Couldn't get file lock.
2026-05-18 18:50:30,336 [ERROR] LogOutputStream:75 - [STDERR_REDIRECT] 
2026-05-18 18:51:00,336 [ERROR] LogOutputStream:75 - [STDERR_REDIRECT] May 18, 2026 6:51:00 PM java.util.prefs.FileSystemPreferences checkLockFile0ErrorCode
2026-05-18 18:51:00,336 [ERROR] LogOutputStream:75 - [STDERR_REDIRECT] WARNING: Could not lock System prefs. Unix error code 5.
2026-05-18 18:51:00,337 [ERROR] LogOutputStream:75 - [STDERR_REDIRECT] 
2026-05-18 18:51:00,337 [ERROR] LogOutputStream:75 - [STDERR_REDIRECT] May 18, 2026 6:51:00 PM java.util.prefs.FileSystemPreferences syncWorld
2026-05-18 18:51:00,337 [ERROR] LogOutputStream:75 - [STDERR_REDIRECT] WARNING: Couldn't flush system prefs: java.util.prefs.BackingStoreException: Couldn't get file lock.
2026-05-18 18:51:00,337 [ERROR] LogOutputStream:75 - [STDERR_REDIRECT] 
2026-05-18 18:51:30,337 [ERROR] LogOutputStream:75 - [STDERR_REDIRECT] May 18, 2026 6:51:30 PM java.util.prefs.FileSystemPreferences checkLockFile0ErrorCode
2026-05-18 18:51:30,337 [ERROR] LogOutputStream:75 - [STDERR_REDIRECT] WARNING: Could not lock System prefs. Unix error code 5.
2026-05-18 18:51:30,337 [ERROR] LogOutputStream:75 - [STDERR_REDIRECT] 
2026-05-18 18:51:30,337 [ERROR] LogOutputStream:75 - [STDERR_REDIRECT] May 18, 2026 6:51:30 PM java.util.prefs.FileSystemPreferences syncWorld
2026-05-18 18:51:30,337 [ERROR] LogOutputStream:75 - [STDERR_REDIRECT] WARNING: Couldn't flush system prefs: java.util.prefs.BackingStoreException: Couldn't get file lock.
2026-05-18 18:51:30,337 [ERROR] LogOutputStream:75 - [STDERR_REDIRECT] 
2026-05-18 18:52:00,337 [ERROR] LogOutputStream:75 - [STDERR_REDIRECT] May 18, 2026 6:52:00 PM java.util.prefs.FileSystemPreferences checkLockFile0ErrorCode
2026-05-18 18:52:00,337 [ERROR] LogOutputStream:75 - [STDERR_REDIRECT] WARNING: Could not lock System prefs. Unix error code 5.
2026-05-18 18:52:00,337 [ERROR] LogOutputStream:75 - [STDERR_REDIRECT] 
2026-05-18 18:52:00,337 [ERROR] LogOutputStream:75 - [STDERR_REDIRECT] May 18, 2026 6:52:00 PM java.util.prefs.FileSystemPreferences syncWorld
2026-05-18 18:52:00,337 [ERROR] LogOutputStream:75 - [STDERR_REDIRECT] WARNING: Couldn't flush system prefs: java.util.prefs.BackingStoreException: Couldn't get file lock.
2026-05-18 18:52:00,337 [ERROR] LogOutputStream:75 - [STDERR_REDIRECT] 
2026-05-18 18:52:30,337 [ERROR] LogOutputStream:75 - [STDERR_REDIRECT] May 18, 2026 6:52:30 PM java.util.prefs.FileSystemPreferences checkLockFile0ErrorCode
2026-05-18 18:52:30,337 [ERROR] LogOutputStream:75 - [STDERR_REDIRECT] WARNING: Could not lock System prefs. Unix error code 5.
2026-05-18 18:52:30,337 [ERROR] LogOutputStream:75 - [STDERR_REDIRECT] 
2026-05-18 18:52:30,337 [ERROR] LogOutputStream:75 - [STDERR_REDIRECT] May 18, 2026 6:52:30 PM java.util.prefs.FileSystemPreferences syncWorld
2026-05-18 18:52:30,337 [ERROR] LogOutputStream:75 - [STDERR_REDIRECT] WARNING: Couldn't flush system prefs: java.util.prefs.BackingStoreException: Couldn't get file lock.
2026-05-18 18:52:30,337 [ERROR] LogOutputStream:75 - [STDERR_REDIRECT] 
2026-05-18 18:53:00,337 [ERROR] LogOutputStream:75 - [STDERR_REDIRECT] May 18, 2026 6:53:00 PM java.util.prefs.FileSystemPreferences checkLockFile0ErrorCode
2026-05-18 18:53:00,338 [ERROR] LogOutputStream:75 - [STDERR_REDIRECT] WARNING: Could not lock System prefs. Unix error code 5.
2026-05-18 18:53:00,338 [ERROR] LogOutputStream:75 - [STDERR_REDIRECT] 
2026-05-18 18:53:00,338 [ERROR] LogOutputStream:75 - [STDERR_REDIRECT] May 18, 2026 6:53:00 PM java.util.prefs.FileSystemPreferences syncWorld
2026-05-18 18:53:00,338 [ERROR] LogOutputStream:75 - [STDERR_REDIRECT] WARNING: Couldn't flush system prefs: java.util.prefs.BackingStoreException: Couldn't get file lock.
2026-05-18 18:53:00,338 [ERROR] LogOutputStream:75 - [STDERR_REDIRECT] 
2026-05-18 18:53:30,337 [ERROR] LogOutputStream:75 - [STDERR_REDIRECT] May 18, 2026 6:53:30 PM java.util.prefs.FileSystemPreferences checkLockFile0ErrorCode
2026-05-18 18:53:30,337 [ERROR] LogOutputStream:75 - [STDERR_REDIRECT] WARNING: Could not lock System prefs. Unix error code 5.
2026-05-18 18:53:30,337 [ERROR] LogOutputStream:75 - [STDERR_REDIRECT] 
2026-05-18 18:53:30,338 [ERROR] LogOutputStream:75 - [STDERR_REDIRECT] May 18, 2026 6:53:30 PM java.util.prefs.FileSystemPreferences syncWorld
2026-05-18 18:53:30,338 [ERROR] LogOutputStream:75 - [STDERR_REDIRECT] WARNING: Couldn't flush system prefs: java.util.prefs.BackingStoreException: Couldn't get file lock.
2026-05-18 18:53:30,338 [ERROR] LogOutputStream:75 - [STDERR_REDIRECT] 
2026-05-18 18:54:00,337 [ERROR] LogOutputStream:75 - [STDERR_REDIRECT] May 18, 2026 6:54:00 PM java.util.prefs.FileSystemPreferences checkLockFile0ErrorCode
2026-05-18 18:54:00,337 [ERROR] LogOutputStream:75 - [STDERR_REDIRECT] WARNING: Could not lock System prefs. Unix error code 5.
2026-05-18 18:54:00,337 [ERROR] LogOutputStream:75 - [STDERR_REDIRECT] 
2026-05-18 18:54:00,337 [ERROR] LogOutputStream:75 - [STDERR_REDIRECT] May 18, 2026 6:54:00 PM java.util.prefs.FileSystemPreferences syncWorld
2026-05-18 18:54:00,337 [ERROR] LogOutputStream:75 - [STDERR_REDIRECT] WARNING: Couldn't flush system prefs: java.util.prefs.BackingStoreException: Couldn't get file lock.
2026-05-18 18:54:00,337 [ERROR] LogOutputStream:75 - [STDERR_REDIRECT] 
2026-05-18 18:54:30,338 [ERROR] LogOutputStream:75 - [STDERR_REDIRECT] May 18, 2026 6:54:30 PM java.util.prefs.FileSystemPreferences checkLockFile0ErrorCode
2026-05-18 18:54:30,338 [ERROR] LogOutputStream:75 - [STDERR_REDIRECT] WARNING: Could not lock System prefs. Unix error code 5.
2026-05-18 18:54:30,338 [ERROR] LogOutputStream:75 - [STDERR_REDIRECT] 
2026-05-18 18:54:30,338 [ERROR] LogOutputStream:75 - [STDERR_REDIRECT] May 18, 2026 6:54:30 PM java.util.prefs.FileSystemPreferences syncWorld
2026-05-18 18:54:30,338 [ERROR] LogOutputStream:75 - [STDERR_REDIRECT] WARNING: Couldn't flush system prefs: java.util.prefs.BackingStoreException: Couldn't get file lock.
2026-05-18 18:54:30,338 [ERROR] LogOutputStream:75 - [STDERR_REDIRECT] 
2026-05-18 18:55:00,337 [ERROR] LogOutputStream:75 - [STDERR_REDIRECT] May 18, 2026 6:55:00 PM java.util.prefs.FileSystemPreferences checkLockFile0ErrorCode
2026-05-18 18:55:00,337 [ERROR] LogOutputStream:75 - [STDERR_REDIRECT] WARNING: Could not lock System prefs. Unix error code 5.
2026-05-18 18:55:00,337 [ERROR] LogOutputStream:75 - [STDERR_REDIRECT] 
2026-05-18 18:55:00,338 [ERROR] LogOutputStream:75 - [STDERR_REDIRECT] May 18, 2026 6:55:00 PM java.util.prefs.FileSystemPreferences syncWorld
2026-05-18 18:55:00,338 [ERROR] LogOutputStream:75 - [STDERR_REDIRECT] WARNING: Couldn't flush system prefs: java.util.prefs.BackingStoreException: Couldn't get file lock.
2026-05-18 18:55:00,338 [ERROR] LogOutputStream:75 - [STDERR_REDIRECT] 
2026-05-18 18:55:30,337 [ERROR] LogOutputStream:75 - [STDERR_REDIRECT] May 18, 2026 6:55:30 PM java.util.prefs.FileSystemPreferences checkLockFile0ErrorCode
2026-05-18 18:55:30,337 [ERROR] LogOutputStream:75 - [STDERR_REDIRECT] WARNING: Could not lock System prefs. Unix error code 5.
2026-05-18 18:55:30,337 [ERROR] LogOutputStream:75 - [STDERR_REDIRECT] 
2026-05-18 18:55:30,338 [ERROR] LogOutputStream:75 - [STDERR_REDIRECT] May 18, 2026 6:55:30 PM java.util.prefs.FileSystemPreferences syncWorld
2026-05-18 18:55:30,338 [ERROR] LogOutputStream:75 - [STDERR_REDIRECT] WARNING: Couldn't flush system prefs: java.util.prefs.BackingStoreException: Couldn't get file lock.
2026-05-18 18:55:30,338 [ERROR] LogOutputStream:75 - [STDERR_REDIRECT] 
2026-05-18 18:56:00,337 [ERROR] LogOutputStream:75 - [STDERR_REDIRECT] May 18, 2026 6:56:00 PM java.util.prefs.FileSystemPreferences checkLockFile0ErrorCode
2026-05-18 18:56:00,337 [ERROR] LogOutputStream:75 - [STDERR_REDIRECT] WARNING: Could not lock System prefs. Unix error code 5.
2026-05-18 18:56:00,337 [ERROR] LogOutputStream:75 - [STDERR_REDIRECT] 
2026-05-18 18:56:00,338 [ERROR] LogOutputStream:75 - [STDERR_REDIRECT] May 18, 2026 6:56:00 PM java.util.prefs.FileSystemPreferences syncWorld
2026-05-18 18:56:00,338 [ERROR] LogOutputStream:75 - [STDERR_REDIRECT] WARNING: Couldn't flush system prefs: java.util.prefs.BackingStoreException: Couldn't get file lock.
2026-05-18 18:56:00,338 [ERROR] LogOutputStream:75 - [STDERR_REDIRECT] 
2026-05-18 18:56:30,337 [ERROR] LogOutputStream:75 - [STDERR_REDIRECT] May 18, 2026 6:56:30 PM java.util.prefs.FileSystemPreferences checkLockFile0ErrorCode
2026-05-18 18:56:30,337 [ERROR] LogOutputStream:75 - [STDERR_REDIRECT] WARNING: Could not lock System prefs. Unix error code 5.
2026-05-18 18:56:30,337 [ERROR] LogOutputStream:75 - [STDERR_REDIRECT] 
2026-05-18 18:56:30,338 [ERROR] LogOutputStream:75 - [STDERR_REDIRECT] May 18, 2026 6:56:30 PM java.util.prefs.FileSystemPreferences syncWorld
2026-05-18 18:56:30,338 [ERROR] LogOutputStream:75 - [STDERR_REDIRECT] WARNING: Couldn't flush system prefs: java.util.prefs.BackingStoreException: Couldn't get file lock.
2026-05-18 18:56:30,338 [ERROR] LogOutputStream:75 - [STDERR_REDIRECT] 
2026-05-18 18:57:00,337 [ERROR] LogOutputStream:75 - [STDERR_REDIRECT] May 18, 2026 6:57:00 PM java.util.prefs.FileSystemPreferences checkLockFile0ErrorCode
2026-05-18 18:57:00,337 [ERROR] LogOutputStream:75 - [STDERR_REDIRECT] WARNING: Could not lock System prefs. Unix error code 5.
2026-05-18 18:57:00,338 [ERROR] LogOutputStream:75 - [STDERR_REDIRECT] 
2026-05-18 18:57:00,338 [ERROR] LogOutputStream:75 - [STDERR_REDIRECT] May 18, 2026 6:57:00 PM java.util.prefs.FileSystemPreferences syncWorld
2026-05-18 18:57:00,338 [ERROR] LogOutputStream:75 - [STDERR_REDIRECT] WARNING: Couldn't flush system prefs: java.util.prefs.BackingStoreException: Couldn't get file lock.
2026-05-18 18:57:00,338 [ERROR] LogOutputStream:75 - [STDERR_REDIRECT] 
2026-05-18 18:57:30,338 [ERROR] LogOutputStream:75 - [STDERR_REDIRECT] May 18, 2026 6:57:30 PM java.util.prefs.FileSystemPreferences checkLockFile0ErrorCode
2026-05-18 18:57:30,338 [ERROR] LogOutputStream:75 - [STDERR_REDIRECT] WARNING: Could not lock System prefs. Unix error code 5.
2026-05-18 18:57:30,338 [ERROR] LogOutputStream:75 - [STDERR_REDIRECT] 
2026-05-18 18:57:30,338 [ERROR] LogOutputStream:75 - [STDERR_REDIRECT] May 18, 2026 6:57:30 PM java.util.prefs.FileSystemPreferences syncWorld
2026-05-18 18:57:30,339 [ERROR] LogOutputStream:75 - [STDERR_REDIRECT] WARNING: Couldn't flush system prefs: java.util.prefs.BackingStoreException: Couldn't get file lock.
2026-05-18 18:57:30,339 [ERROR] LogOutputStream:75 - [STDERR_REDIRECT] 
2026-05-18 18:58:00,339 [ERROR] LogOutputStream:75 - [STDERR_REDIRECT] May 18, 2026 6:58:00 PM java.util.prefs.FileSystemPreferences checkLockFile0ErrorCode
2026-05-18 18:58:00,339 [ERROR] LogOutputStream:75 - [STDERR_REDIRECT] WARNING: Could not lock System prefs. Unix error code 5.
2026-05-18 18:58:00,339 [ERROR] LogOutputStream:75 - [STDERR_REDIRECT] 
2026-05-18 18:58:00,339 [ERROR] LogOutputStream:75 - [STDERR_REDIRECT] May 18, 2026 6:58:00 PM java.util.prefs.FileSystemPreferences syncWorld
2026-05-18 18:58:00,339 [ERROR] LogOutputStream:75 - [STDERR_REDIRECT] WARNING: Couldn't flush system prefs: java.util.prefs.BackingStoreException: Couldn't get file lock.
2026-05-18 18:58:00,339 [ERROR] LogOutputStream:75 - [STDERR_REDIRECT] 
2026-05-18 18:58:30,339 [ERROR] LogOutputStream:75 - [STDERR_REDIRECT] May 18, 2026 6:58:30 PM java.util.prefs.FileSystemPreferences checkLockFile0ErrorCode
2026-05-18 18:58:30,339 [ERROR] LogOutputStream:75 - [STDERR_REDIRECT] WARNING: Could not lock System prefs. Unix error code 5.
2026-05-18 18:58:30,339 [ERROR] LogOutputStream:75 - [STDERR_REDIRECT] 
2026-05-18 18:58:30,339 [ERROR] LogOutputStream:75 - [STDERR_REDIRECT] May 18, 2026 6:58:30 PM java.util.prefs.FileSystemPreferences syncWorld
2026-05-18 18:58:30,339 [ERROR] LogOutputStream:75 - [STDERR_REDIRECT] WARNING: Couldn't flush system prefs: java.util.prefs.BackingStoreException: Couldn't get file lock.
2026-05-18 18:58:30,339 [ERROR] LogOutputStream:75 - [STDERR_REDIRECT] 
2026-05-18 18:59:00,340 [ERROR] LogOutputStream:75 - [STDERR_REDIRECT] May 18, 2026 6:59:00 PM java.util.prefs.FileSystemPreferences checkLockFile0ErrorCode
2026-05-18 18:59:00,340 [ERROR] LogOutputStream:75 - [STDERR_REDIRECT] WARNING: Could not lock System prefs. Unix error code 5.
2026-05-18 18:59:00,340 [ERROR] LogOutputStream:75 - [STDERR_REDIRECT] 
2026-05-18 18:59:00,340 [ERROR] LogOutputStream:75 - [STDERR_REDIRECT] May 18, 2026 6:59:00 PM java.util.prefs.FileSystemPreferences syncWorld
2026-05-18 18:59:00,340 [ERROR] LogOutputStream:75 - [STDERR_REDIRECT] WARNING: Couldn't flush system prefs: java.util.prefs.BackingStoreException: Couldn't get file lock.
2026-05-18 18:59:00,340 [ERROR] LogOutputStream:75 - [STDERR_REDIRECT] 
2026-05-18 18:59:30,340 [ERROR] LogOutputStream:75 - [STDERR_REDIRECT] May 18, 2026 6:59:30 PM java.util.prefs.FileSystemPreferences checkLockFile0ErrorCode
2026-05-18 18:59:30,340 [ERROR] LogOutputStream:75 - [STDERR_REDIRECT] WARNING: Could not lock System prefs. Unix error code 5.
2026-05-18 18:59:30,340 [ERROR] LogOutputStream:75 - [STDERR_REDIRECT] 
2026-05-18 18:59:30,340 [ERROR] LogOutputStream:75 - [STDERR_REDIRECT] May 18, 2026 6:59:30 PM java.util.prefs.FileSystemPreferences syncWorld
2026-05-18 18:59:30,340 [ERROR] LogOutputStream:75 - [STDERR_REDIRECT] WARNING: Couldn't flush system prefs: java.util.prefs.BackingStoreException: Couldn't get file lock.
2026-05-18 18:59:30,340 [ERROR] LogOutputStream:75 - [STDERR_REDIRECT] 
2026-05-18 19:00:00,341 [ERROR] LogOutputStream:75 - [STDERR_REDIRECT] May 18, 2026 7:00:00 PM java.util.prefs.FileSystemPreferences checkLockFile0ErrorCode
2026-05-18 19:00:00,341 [ERROR] LogOutputStream:75 - [STDERR_REDIRECT] WARNING: Could not lock System prefs. Unix error code 5.
2026-05-18 19:00:00,341 [ERROR] LogOutputStream:75 - [STDERR_REDIRECT] 
2026-05-18 19:00:00,342 [ERROR] LogOutputStream:75 - [STDERR_REDIRECT] May 18, 2026 7:00:00 PM java.util.prefs.FileSystemPreferences syncWorld
2026-05-18 19:00:00,342 [ERROR] LogOutputStream:75 - [STDERR_REDIRECT] WARNING: Couldn't flush system prefs: java.util.prefs.BackingStoreException: Couldn't get file lock.
2026-05-18 19:00:00,342 [ERROR] LogOutputStream:75 - [STDERR_REDIRECT] 
2026-05-18 19:00:30,341 [ERROR] LogOutputStream:75 - [STDERR_REDIRECT] May 18, 2026 7:00:30 PM java.util.prefs.FileSystemPreferences checkLockFile0ErrorCode
2026-05-18 19:00:30,342 [ERROR] LogOutputStream:75 - [STDERR_REDIRECT] WARNING: Could not lock System prefs. Unix error code 5.
2026-05-18 19:00:30,342 [ERROR] LogOutputStream:75 - [STDERR_REDIRECT] 
2026-05-18 19:00:30,342 [ERROR] LogOutputStream:75 - [STDERR_REDIRECT] May 18, 2026 7:00:30 PM java.util.prefs.FileSystemPreferences syncWorld
2026-05-18 19:00:30,342 [ERROR] LogOutputStream:75 - [STDERR_REDIRECT] WARNING: Couldn't flush system prefs: java.util.prefs.BackingStoreException: Couldn't get file lock.
2026-05-18 19:00:30,342 [ERROR] LogOutputStream:75 - [STDERR_REDIRECT] 
2026-05-18 19:01:00,342 [ERROR] LogOutputStream:75 - [STDERR_REDIRECT] May 18, 2026 7:01:00 PM java.util.prefs.FileSystemPreferences checkLockFile0ErrorCode
2026-05-18 19:01:00,342 [ERROR] LogOutputStream:75 - [STDERR_REDIRECT] WARNING: Could not lock System prefs. Unix error code 5.
2026-05-18 19:01:00,342 [ERROR] LogOutputStream:75 - [STDERR_REDIRECT] 
2026-05-18 19:01:00,343 [ERROR] LogOutputStream:75 - [STDERR_REDIRECT] May 18, 2026 7:01:00 PM java.util.prefs.FileSystemPreferences syncWorld
2026-05-18 19:01:00,343 [ERROR] LogOutputStream:75 - [STDERR_REDIRECT] WARNING: Couldn't flush system prefs: java.util.prefs.BackingStoreException: Couldn't get file lock.
2026-05-18 19:01:00,343 [ERROR] LogOutputStream:75 - [STDERR_REDIRECT] 
2026-05-18 19:01:30,341 [ERROR] LogOutputStream:75 - [STDERR_REDIRECT] May 18, 2026 7:01:30 PM java.util.prefs.FileSystemPreferences checkLockFile0ErrorCode
2026-05-18 19:01:30,341 [ERROR] LogOutputStream:75 - [STDERR_REDIRECT] WARNING: Could not lock System prefs. Unix error code 5.
2026-05-18 19:01:30,341 [ERROR] LogOutputStream:75 - [STDERR_REDIRECT] 
2026-05-18 19:01:30,342 [ERROR] LogOutputStream:75 - [STDERR_REDIRECT] May 18, 2026 7:01:30 PM java.util.prefs.FileSystemPreferences syncWorld
2026-05-18 19:01:30,342 [ERROR] LogOutputStream:75 - [STDERR_REDIRECT] WARNING: Couldn't flush system prefs: java.util.prefs.BackingStoreException: Couldn't get file lock.
2026-05-18 19:01:30,342 [ERROR] LogOutputStream:75 - [STDERR_REDIRECT] 
2026-05-18 19:02:00,342 [ERROR] LogOutputStream:75 - [STDERR_REDIRECT] May 18, 2026 7:02:00 PM java.util.prefs.FileSystemPreferences checkLockFile0ErrorCode
2026-05-18 19:02:00,343 [ERROR] LogOutputStream:75 - [STDERR_REDIRECT] WARNING: Could not lock System prefs. Unix error code 5.
2026-05-18 19:02:00,343 [ERROR] LogOutputStream:75 - [STDERR_REDIRECT] 
2026-05-18 19:02:00,343 [ERROR] LogOutputStream:75 - [STDERR_REDIRECT] May 18, 2026 7:02:00 PM java.util.prefs.FileSystemPreferences syncWorld
2026-05-18 19:02:00,343 [ERROR] LogOutputStream:75 - [STDERR_REDIRECT] WARNING: Couldn't flush system prefs: java.util.prefs.BackingStoreException: Couldn't get file lock.
2026-05-18 19:02:00,343 [ERROR] LogOutputStream:75 - [STDERR_REDIRECT] 
2026-05-18 19:02:30,342 [ERROR] LogOutputStream:75 - [STDERR_REDIRECT] May 18, 2026 7:02:30 PM java.util.prefs.FileSystemPreferences checkLockFile0ErrorCode
2026-05-18 19:02:30,342 [ERROR] LogOutputStream:75 - [STDERR_REDIRECT] WARNING: Could not lock System prefs. Unix error code 5.
2026-05-18 19:02:30,342 [ERROR] LogOutputStream:75 - [STDERR_REDIRECT] 
2026-05-18 19:02:30,342 [ERROR] LogOutputStream:75 - [STDERR_REDIRECT] May 18, 2026 7:02:30 PM java.util.prefs.FileSystemPreferences syncWorld
2026-05-18 19:02:30,343 [ERROR] LogOutputStream:75 - [STDERR_REDIRECT] WARNING: Couldn't flush system prefs: java.util.prefs.BackingStoreException: Couldn't get file lock.
2026-05-18 19:02:30,343 [ERROR] LogOutputStream:75 - [STDERR_REDIRECT] 
2026-05-18 19:03:00,341 [ERROR] LogOutputStream:75 - [STDERR_REDIRECT] May 18, 2026 7:03:00 PM java.util.prefs.FileSystemPreferences checkLockFile0ErrorCode
2026-05-18 19:03:00,341 [ERROR] LogOutputStream:75 - [STDERR_REDIRECT] WARNING: Could not lock System prefs. Unix error code 5.
2026-05-18 19:03:00,341 [ERROR] LogOutputStream:75 - [STDERR_REDIRECT] 
2026-05-18 19:03:00,342 [ERROR] LogOutputStream:75 - [STDERR_REDIRECT] May 18, 2026 7:03:00 PM java.util.prefs.FileSystemPreferences syncWorld
2026-05-18 19:03:00,342 [ERROR] LogOutputStream:75 - [STDERR_REDIRECT] WARNING: Couldn't flush system prefs: java.util.prefs.BackingStoreException: Couldn't get file lock.
2026-05-18 19:03:00,342 [ERROR] LogOutputStream:75 - [STDERR_REDIRECT] 
2026-05-18 19:03:30,343 [ERROR] LogOutputStream:75 - [STDERR_REDIRECT] May 18, 2026 7:03:30 PM java.util.prefs.FileSystemPreferences checkLockFile0ErrorCode
2026-05-18 19:03:30,343 [ERROR] LogOutputStream:75 - [STDERR_REDIRECT] WARNING: Could not lock System prefs. Unix error code 5.
2026-05-18 19:03:30,344 [ERROR] LogOutputStream:75 - [STDERR_REDIRECT] 
2026-05-18 19:03:30,344 [ERROR] LogOutputStream:75 - [STDERR_REDIRECT] May 18, 2026 7:03:30 PM java.util.prefs.FileSystemPreferences syncWorld
2026-05-18 19:03:30,344 [ERROR] LogOutputStream:75 - [STDERR_REDIRECT] WARNING: Couldn't flush system prefs: java.util.prefs.BackingStoreException: Couldn't get file lock.
2026-05-18 19:03:30,344 [ERROR] LogOutputStream:75 - [STDERR_REDIRECT] 
2026-05-18 19:04:00,341 [ERROR] LogOutputStream:75 - [STDERR_REDIRECT] May 18, 2026 7:04:00 PM java.util.prefs.FileSystemPreferences checkLockFile0ErrorCode
2026-05-18 19:04:00,342 [ERROR] LogOutputStream:75 - [STDERR_REDIRECT] WARNING: Could not lock System prefs. Unix error code 5.
2026-05-18 19:04:00,342 [ERROR] LogOutputStream:75 - [STDERR_REDIRECT] 
2026-05-18 19:04:00,342 [ERROR] LogOutputStream:75 - [STDERR_REDIRECT] May 18, 2026 7:04:00 PM java.util.prefs.FileSystemPreferences syncWorld
2026-05-18 19:04:00,342 [ERROR] LogOutputStream:75 - [STDERR_REDIRECT] WARNING: Couldn't flush system prefs: java.util.prefs.BackingStoreException: Couldn't get file lock.
2026-05-18 19:04:00,342 [ERROR] LogOutputStream:75 - [STDERR_REDIRECT] 
2026-05-18 19:04:30,343 [ERROR] LogOutputStream:75 - [STDERR_REDIRECT] May 18, 2026 7:04:30 PM java.util.prefs.FileSystemPreferences checkLockFile0ErrorCode
2026-05-18 19:04:30,343 [ERROR] LogOutputStream:75 - [STDERR_REDIRECT] WARNING: Could not lock System prefs. Unix error code 5.
2026-05-18 19:04:30,343 [ERROR] LogOutputStream:75 - [STDERR_REDIRECT] 
2026-05-18 19:04:30,343 [ERROR] LogOutputStream:75 - [STDERR_REDIRECT] May 18, 2026 7:04:30 PM java.util.prefs.FileSystemPreferences syncWorld
2026-05-18 19:04:30,343 [ERROR] LogOutputStream:75 - [STDERR_REDIRECT] WARNING: Couldn't flush system prefs: java.util.prefs.BackingStoreException: Couldn't get file lock.
2026-05-18 19:04:30,344 [ERROR] LogOutputStream:75 - [STDERR_REDIRECT] 
2026-05-18 19:05:00,341 [ERROR] LogOutputStream:75 - [STDERR_REDIRECT] May 18, 2026 7:05:00 PM java.util.prefs.FileSystemPreferences checkLockFile0ErrorCode
2026-05-18 19:05:00,342 [ERROR] LogOutputStream:75 - [STDERR_REDIRECT] WARNING: Could not lock System prefs. Unix error code 5.
2026-05-18 19:05:00,342 [ERROR] LogOutputStream:75 - [STDERR_REDIRECT] 
2026-05-18 19:05:00,342 [ERROR] LogOutputStream:75 - [STDERR_REDIRECT] May 18, 2026 7:05:00 PM java.util.prefs.FileSystemPreferences syncWorld
2026-05-18 19:05:00,342 [ERROR] LogOutputStream:75 - [STDERR_REDIRECT] WARNING: Couldn't flush system prefs: java.util.prefs.BackingStoreException: Couldn't get file lock.
2026-05-18 19:05:00,342 [ERROR] LogOutputStream:75 - [STDERR_REDIRECT] 
2026-05-18 19:05:30,342 [ERROR] LogOutputStream:75 - [STDERR_REDIRECT] May 18, 2026 7:05:30 PM java.util.prefs.FileSystemPreferences checkLockFile0ErrorCode
2026-05-18 19:05:30,342 [ERROR] LogOutputStream:75 - [STDERR_REDIRECT] WARNING: Could not lock System prefs. Unix error code 5.
2026-05-18 19:05:30,342 [ERROR] LogOutputStream:75 - [STDERR_REDIRECT] 
2026-05-18 19:05:30,342 [ERROR] LogOutputStream:75 - [STDERR_REDIRECT] May 18, 2026 7:05:30 PM java.util.prefs.FileSystemPreferences syncWorld
2026-05-18 19:05:30,342 [ERROR] LogOutputStream:75 - [STDERR_REDIRECT] WARNING: Couldn't flush system prefs: java.util.prefs.BackingStoreException: Couldn't get file lock.
2026-05-18 19:05:30,342 [ERROR] LogOutputStream:75 - [STDERR_REDIRECT] 
2026-05-18 19:06:00,342 [ERROR] LogOutputStream:75 - [STDERR_REDIRECT] May 18, 2026 7:06:00 PM java.util.prefs.FileSystemPreferences checkLockFile0ErrorCode
2026-05-18 19:06:00,342 [ERROR] LogOutputStream:75 - [STDERR_REDIRECT] WARNING: Could not lock System prefs. Unix error code 5.
2026-05-18 19:06:00,342 [ERROR] LogOutputStream:75 - [STDERR_REDIRECT] 
2026-05-18 19:06:00,342 [ERROR] LogOutputStream:75 - [STDERR_REDIRECT] May 18, 2026 7:06:00 PM java.util.prefs.FileSystemPreferences syncWorld
2026-05-18 19:06:00,342 [ERROR] LogOutputStream:75 - [STDERR_REDIRECT] WARNING: Couldn't flush system prefs: java.util.prefs.BackingStoreException: Couldn't get file lock.
2026-05-18 19:06:00,342 [ERROR] LogOutputStream:75 - [STDERR_REDIRECT] 
2026-05-18 19:06:30,342 [ERROR] LogOutputStream:75 - [STDERR_REDIRECT] May 18, 2026 7:06:30 PM java.util.prefs.FileSystemPreferences checkLockFile0ErrorCode
2026-05-18 19:06:30,343 [ERROR] LogOutputStream:75 - [STDERR_REDIRECT] WARNING: Could not lock System prefs. Unix error code 5.
2026-05-18 19:06:30,343 [ERROR] LogOutputStream:75 - [STDERR_REDIRECT] 
2026-05-18 19:06:30,343 [ERROR] LogOutputStream:75 - [STDERR_REDIRECT] May 18, 2026 7:06:30 PM java.util.prefs.FileSystemPreferences syncWorld
2026-05-18 19:06:30,343 [ERROR] LogOutputStream:75 - [STDERR_REDIRECT] WARNING: Couldn't flush system prefs: java.util.prefs.BackingStoreException: Couldn't get file lock.
2026-05-18 19:06:30,343 [ERROR] LogOutputStream:75 - [STDERR_REDIRECT] 
2026-05-18 19:07:00,344 [ERROR] LogOutputStream:75 - [STDERR_REDIRECT] May 18, 2026 7:07:00 PM java.util.prefs.FileSystemPreferences checkLockFile0ErrorCode
2026-05-18 19:07:00,344 [ERROR] LogOutputStream:75 - [STDERR_REDIRECT] WARNING: Could not lock System prefs. Unix error code 5.
2026-05-18 19:07:00,345 [ERROR] LogOutputStream:75 - [STDERR_REDIRECT] 
2026-05-18 19:07:00,348 [ERROR] LogOutputStream:75 - [STDERR_REDIRECT] May 18, 2026 7:07:00 PM java.util.prefs.FileSystemPreferences syncWorld
2026-05-18 19:07:00,348 [ERROR] LogOutputStream:75 - [STDERR_REDIRECT] WARNING: Couldn't flush system prefs: java.util.prefs.BackingStoreException: Couldn't get file lock.
2026-05-18 19:07:00,348 [ERROR] LogOutputStream:75 - [STDERR_REDIRECT] 
2026-05-18 19:07:30,342 [ERROR] LogOutputStream:75 - [STDERR_REDIRECT] May 18, 2026 7:07:30 PM java.util.prefs.FileSystemPreferences checkLockFile0ErrorCode
2026-05-18 19:07:30,343 [ERROR] LogOutputStream:75 - [STDERR_REDIRECT] WARNING: Could not lock System prefs. Unix error code 5.
2026-05-18 19:07:30,343 [ERROR] LogOutputStream:75 - [STDERR_REDIRECT] 
2026-05-18 19:07:30,343 [ERROR] LogOutputStream:75 - [STDERR_REDIRECT] May 18, 2026 7:07:30 PM java.util.prefs.FileSystemPreferences syncWorld
2026-05-18 19:07:30,343 [ERROR] LogOutputStream:75 - [STDERR_REDIRECT] WARNING: Couldn't flush system prefs: java.util.prefs.BackingStoreException: Couldn't get file lock.
2026-05-18 19:07:30,343 [ERROR] LogOutputStream:75 - [STDERR_REDIRECT] 
2026-05-18 19:08:00,345 [ERROR] LogOutputStream:75 - [STDERR_REDIRECT] May 18, 2026 7:08:00 PM java.util.prefs.FileSystemPreferences checkLockFile0ErrorCode
2026-05-18 19:08:00,345 [ERROR] LogOutputStream:75 - [STDERR_REDIRECT] WARNING: Could not lock System prefs. Unix error code 5.
2026-05-18 19:08:00,345 [ERROR] LogOutputStream:75 - [STDERR_REDIRECT] 
2026-05-18 19:08:00,346 [ERROR] LogOutputStream:75 - [STDERR_REDIRECT] May 18, 2026 7:08:00 PM java.util.prefs.FileSystemPreferences syncWorld
2026-05-18 19:08:00,346 [ERROR] LogOutputStream:75 - [STDERR_REDIRECT] WARNING: Couldn't flush system prefs: java.util.prefs.BackingStoreException: Couldn't get file lock.
2026-05-18 19:08:00,346 [ERROR] LogOutputStream:75 - [STDERR_REDIRECT] 
2026-05-18 19:08:30,344 [ERROR] LogOutputStream:75 - [STDERR_REDIRECT] May 18, 2026 7:08:30 PM java.util.prefs.FileSystemPreferences checkLockFile0ErrorCode
2026-05-18 19:08:30,345 [ERROR] LogOutputStream:75 - [STDERR_REDIRECT] WARNING: Could not lock System prefs. Unix error code 5.
2026-05-18 19:08:30,345 [ERROR] LogOutputStream:75 - [STDERR_REDIRECT] 
2026-05-18 19:08:30,345 [ERROR] LogOutputStream:75 - [STDERR_REDIRECT] May 18, 2026 7:08:30 PM java.util.prefs.FileSystemPreferences syncWorld
2026-05-18 19:08:30,345 [ERROR] LogOutputStream:75 - [STDERR_REDIRECT] WARNING: Couldn't flush system prefs: java.util.prefs.BackingStoreException: Couldn't get file lock.
2026-05-18 19:08:30,345 [ERROR] LogOutputStream:75 - [STDERR_REDIRECT] 
2026-05-18 19:09:00,345 [ERROR] LogOutputStream:75 - [STDERR_REDIRECT] May 18, 2026 7:09:00 PM java.util.prefs.FileSystemPreferences checkLockFile0ErrorCode
2026-05-18 19:09:00,345 [ERROR] LogOutputStream:75 - [STDERR_REDIRECT] WARNING: Could not lock System prefs. Unix error code 5.
2026-05-18 19:09:00,345 [ERROR] LogOutputStream:75 - [STDERR_REDIRECT] 
2026-05-18 19:09:00,345 [ERROR] LogOutputStream:75 - [STDERR_REDIRECT] May 18, 2026 7:09:00 PM java.util.prefs.FileSystemPreferences syncWorld
2026-05-18 19:09:00,345 [ERROR] LogOutputStream:75 - [STDERR_REDIRECT] WARNING: Couldn't flush system prefs: java.util.prefs.BackingStoreException: Couldn't get file lock.
2026-05-18 19:09:00,345 [ERROR] LogOutputStream:75 - [STDERR_REDIRECT] 
2026-05-18 19:09:30,345 [ERROR] LogOutputStream:75 - [STDERR_REDIRECT] May 18, 2026 7:09:30 PM java.util.prefs.FileSystemPreferences checkLockFile0ErrorCode
2026-05-18 19:09:30,346 [ERROR] LogOutputStream:75 - [STDERR_REDIRECT] WARNING: Could not lock System prefs. Unix error code 5.
2026-05-18 19:09:30,346 [ERROR] LogOutputStream:75 - [STDERR_REDIRECT] 
2026-05-18 19:09:30,349 [ERROR] LogOutputStream:75 - [STDERR_REDIRECT] May 18, 2026 7:09:30 PM java.util.prefs.FileSystemPreferences syncWorld
2026-05-18 19:09:30,349 [ERROR] LogOutputStream:75 - [STDERR_REDIRECT] WARNING: Couldn't flush system prefs: java.util.prefs.BackingStoreException: Couldn't get file lock.
2026-05-18 19:09:30,349 [ERROR] LogOutputStream:75 - [STDERR_REDIRECT] 
2026-05-18 19:10:00,347 [ERROR] LogOutputStream:75 - [STDERR_REDIRECT] May 18, 2026 7:10:00 PM java.util.prefs.FileSystemPreferences checkLockFile0ErrorCode
2026-05-18 19:10:00,347 [ERROR] LogOutputStream:75 - [STDERR_REDIRECT] WARNING: Could not lock System prefs. Unix error code 5.
2026-05-18 19:10:00,347 [ERROR] LogOutputStream:75 - [STDERR_REDIRECT] 
2026-05-18 19:10:00,348 [ERROR] LogOutputStream:75 - [STDERR_REDIRECT] May 18, 2026 7:10:00 PM java.util.prefs.FileSystemPreferences syncWorld
2026-05-18 19:10:00,348 [ERROR] LogOutputStream:75 - [STDERR_REDIRECT] WARNING: Couldn't flush system prefs: java.util.prefs.BackingStoreException: Couldn't get file lock.
2026-05-18 19:10:00,348 [ERROR] LogOutputStream:75 - [STDERR_REDIRECT] 
2026-05-18 19:10:30,344 [ERROR] LogOutputStream:75 - [STDERR_REDIRECT] May 18, 2026 7:10:30 PM java.util.prefs.FileSystemPreferences checkLockFile0ErrorCode
2026-05-18 19:10:30,344 [ERROR] LogOutputStream:75 - [STDERR_REDIRECT] WARNING: Could not lock System prefs. Unix error code 5.
2026-05-18 19:10:30,344 [ERROR] LogOutputStream:75 - [STDERR_REDIRECT] 
2026-05-18 19:10:30,344 [ERROR] LogOutputStream:75 - [STDERR_REDIRECT] May 18, 2026 7:10:30 PM java.util.prefs.FileSystemPreferences syncWorld
2026-05-18 19:10:30,344 [ERROR] LogOutputStream:75 - [STDERR_REDIRECT] WARNING: Couldn't flush system prefs: java.util.prefs.BackingStoreException: Couldn't get file lock.
2026-05-18 19:10:30,344 [ERROR] LogOutputStream:75 - [STDERR_REDIRECT] 
2026-05-18 19:11:00,347 [ERROR] LogOutputStream:75 - [STDERR_REDIRECT] May 18, 2026 7:11:00 PM java.util.prefs.FileSystemPreferences checkLockFile0ErrorCode
2026-05-18 19:11:00,348 [ERROR] LogOutputStream:75 - [STDERR_REDIRECT] WARNING: Could not lock System prefs. Unix error code 5.
2026-05-18 19:11:00,348 [ERROR] LogOutputStream:75 - [STDERR_REDIRECT] 
2026-05-18 19:11:00,348 [ERROR] LogOutputStream:75 - [STDERR_REDIRECT] May 18, 2026 7:11:00 PM java.util.prefs.FileSystemPreferences syncWorld
2026-05-18 19:11:00,348 [ERROR] LogOutputStream:75 - [STDERR_REDIRECT] WARNING: Couldn't flush system prefs: java.util.prefs.BackingStoreException: Couldn't get file lock.
2026-05-18 19:11:00,348 [ERROR] LogOutputStream:75 - [STDERR_REDIRECT] 
2026-05-18 19:11:30,347 [ERROR] LogOutputStream:75 - [STDERR_REDIRECT] May 18, 2026 7:11:30 PM java.util.prefs.FileSystemPreferences checkLockFile0ErrorCode
2026-05-18 19:11:30,347 [ERROR] LogOutputStream:75 - [STDERR_REDIRECT] WARNING: Could not lock System prefs. Unix error code 5.
2026-05-18 19:11:30,347 [ERROR] LogOutputStream:75 - [STDERR_REDIRECT] 
2026-05-18 19:11:30,347 [ERROR] LogOutputStream:75 - [STDERR_REDIRECT] May 18, 2026 7:11:30 PM java.util.prefs.FileSystemPreferences syncWorld
2026-05-18 19:11:30,347 [ERROR] LogOutputStream:75 - [STDERR_REDIRECT] WARNING: Couldn't flush system prefs: java.util.prefs.BackingStoreException: Couldn't get file lock.
2026-05-18 19:11:30,348 [ERROR] LogOutputStream:75 - [STDERR_REDIRECT] 
2026-05-18 19:12:00,345 [ERROR] LogOutputStream:75 - [STDERR_REDIRECT] May 18, 2026 7:12:00 PM java.util.prefs.FileSystemPreferences checkLockFile0ErrorCode
2026-05-18 19:12:00,346 [ERROR] LogOutputStream:75 - [STDERR_REDIRECT] WARNING: Could not lock System prefs. Unix error code 5.
2026-05-18 19:12:00,347 [ERROR] LogOutputStream:75 - [STDERR_REDIRECT] 
2026-05-18 19:12:00,347 [ERROR] LogOutputStream:75 - [STDERR_REDIRECT] May 18, 2026 7:12:00 PM java.util.prefs.FileSystemPreferences syncWorld
2026-05-18 19:12:00,347 [ERROR] LogOutputStream:75 - [STDERR_REDIRECT] WARNING: Couldn't flush system prefs: java.util.prefs.BackingStoreException: Couldn't get file lock.
2026-05-18 19:12:00,347 [ERROR] LogOutputStream:75 - [STDERR_REDIRECT] 
2026-05-18 19:12:30,350 [ERROR] LogOutputStream:75 - [STDERR_REDIRECT] May 18, 2026 7:12:30 PM java.util.prefs.FileSystemPreferences checkLockFile0ErrorCode
2026-05-18 19:12:30,350 [ERROR] LogOutputStream:75 - [STDERR_REDIRECT] WARNING: Could not lock System prefs. Unix error code 5.
2026-05-18 19:12:30,350 [ERROR] LogOutputStream:75 - [STDERR_REDIRECT] 
2026-05-18 19:12:30,350 [ERROR] LogOutputStream:75 - [STDERR_REDIRECT] May 18, 2026 7:12:30 PM java.util.prefs.FileSystemPreferences syncWorld
2026-05-18 19:12:30,350 [ERROR] LogOutputStream:75 - [STDERR_REDIRECT] WARNING: Couldn't flush system prefs: java.util.prefs.BackingStoreException: Couldn't get file lock.
2026-05-18 19:12:30,350 [ERROR] LogOutputStream:75 - [STDERR_REDIRECT] 
2026-05-18 19:13:00,347 [ERROR] LogOutputStream:75 - [STDERR_REDIRECT] May 18, 2026 7:13:00 PM java.util.prefs.FileSystemPreferences checkLockFile0ErrorCode
2026-05-18 19:13:00,347 [ERROR] LogOutputStream:75 - [STDERR_REDIRECT] WARNING: Could not lock System prefs. Unix error code 5.
2026-05-18 19:13:00,347 [ERROR] LogOutputStream:75 - [STDERR_REDIRECT] 
2026-05-18 19:13:00,348 [ERROR] LogOutputStream:75 - [STDERR_REDIRECT] May 18, 2026 7:13:00 PM java.util.prefs.FileSystemPreferences syncWorld
2026-05-18 19:13:00,348 [ERROR] LogOutputStream:75 - [STDERR_REDIRECT] WARNING: Couldn't flush system prefs: java.util.prefs.BackingStoreException: Couldn't get file lock.
2026-05-18 19:13:00,348 [ERROR] LogOutputStream:75 - [STDERR_REDIRECT] 
2026-05-18 19:13:30,348 [ERROR] LogOutputStream:75 - [STDERR_REDIRECT] May 18, 2026 7:13:30 PM java.util.prefs.FileSystemPreferences checkLockFile0ErrorCode
2026-05-18 19:13:30,348 [ERROR] LogOutputStream:75 - [STDERR_REDIRECT] WARNING: Could not lock System prefs. Unix error code 5.
2026-05-18 19:13:30,348 [ERROR] LogOutputStream:75 - [STDERR_REDIRECT] 
2026-05-18 19:13:30,348 [ERROR] LogOutputStream:75 - [STDERR_REDIRECT] May 18, 2026 7:13:30 PM java.util.prefs.FileSystemPreferences syncWorld
2026-05-18 19:13:30,350 [ERROR] LogOutputStream:75 - [STDERR_REDIRECT] WARNING: Couldn't flush system prefs: java.util.prefs.BackingStoreException: Couldn't get file lock.
2026-05-18 19:13:30,350 [ERROR] LogOutputStream:75 - [STDERR_REDIRECT] 
2026-05-18 19:14:00,347 [ERROR] LogOutputStream:75 - [STDERR_REDIRECT] May 18, 2026 7:14:00 PM java.util.prefs.FileSystemPreferences checkLockFile0ErrorCode
2026-05-18 19:14:00,347 [ERROR] LogOutputStream:75 - [STDERR_REDIRECT] WARNING: Could not lock System prefs. Unix error code 5.
2026-05-18 19:14:00,348 [ERROR] LogOutputStream:75 - [STDERR_REDIRECT] 
2026-05-18 19:14:00,348 [ERROR] LogOutputStream:75 - [STDERR_REDIRECT] May 18, 2026 7:14:00 PM java.util.prefs.FileSystemPreferences syncWorld
2026-05-18 19:14:00,348 [ERROR] LogOutputStream:75 - [STDERR_REDIRECT] WARNING: Couldn't flush system prefs: java.util.prefs.BackingStoreException: Couldn't get file lock.
2026-05-18 19:14:00,348 [ERROR] LogOutputStream:75 - [STDERR_REDIRECT] 
2026-05-18 19:14:30,349 [ERROR] LogOutputStream:75 - [STDERR_REDIRECT] May 18, 2026 7:14:30 PM java.util.prefs.FileSystemPreferences checkLockFile0ErrorCode
2026-05-18 19:14:30,349 [ERROR] LogOutputStream:75 - [STDERR_REDIRECT] WARNING: Could not lock System prefs. Unix error code 5.
2026-05-18 19:14:30,349 [ERROR] LogOutputStream:75 - [STDERR_REDIRECT] 
2026-05-18 19:14:30,349 [ERROR] LogOutputStream:75 - [STDERR_REDIRECT] May 18, 2026 7:14:30 PM java.util.prefs.FileSystemPreferences syncWorld
2026-05-18 19:14:30,349 [ERROR] LogOutputStream:75 - [STDERR_REDIRECT] WARNING: Couldn't flush system prefs: java.util.prefs.BackingStoreException: Couldn't get file lock.
2026-05-18 19:14:30,349 [ERROR] LogOutputStream:75 - [STDERR_REDIRECT] 
2026-05-18 19:15:00,348 [ERROR] LogOutputStream:75 - [STDERR_REDIRECT] May 18, 2026 7:15:00 PM java.util.prefs.FileSystemPreferences checkLockFile0ErrorCode
2026-05-18 19:15:00,348 [ERROR] LogOutputStream:75 - [STDERR_REDIRECT] WARNING: Could not lock System prefs. Unix error code 5.
2026-05-18 19:15:00,348 [ERROR] LogOutputStream:75 - [STDERR_REDIRECT] 
2026-05-18 19:15:00,349 [ERROR] LogOutputStream:75 - [STDERR_REDIRECT] May 18, 2026 7:15:00 PM java.util.prefs.FileSystemPreferences syncWorld
2026-05-18 19:15:00,349 [ERROR] LogOutputStream:75 - [STDERR_REDIRECT] WARNING: Couldn't flush system prefs: java.util.prefs.BackingStoreException: Couldn't get file lock.
2026-05-18 19:15:00,349 [ERROR] LogOutputStream:75 - [STDERR_REDIRECT] 
2026-05-18 19:15:30,349 [ERROR] LogOutputStream:75 - [STDERR_REDIRECT] May 18, 2026 7:15:30 PM java.util.prefs.FileSystemPreferences checkLockFile0ErrorCode
2026-05-18 19:15:30,349 [ERROR] LogOutputStream:75 - [STDERR_REDIRECT] WARNING: Could not lock System prefs. Unix error code 5.
2026-05-18 19:15:30,349 [ERROR] LogOutputStream:75 - [STDERR_REDIRECT] 
2026-05-18 19:15:30,354 [ERROR] LogOutputStream:75 - [STDERR_REDIRECT] May 18, 2026 7:15:30 PM java.util.prefs.FileSystemPreferences syncWorld
2026-05-18 19:15:30,354 [ERROR] LogOutputStream:75 - [STDERR_REDIRECT] WARNING: Couldn't flush system prefs: java.util.prefs.BackingStoreException: Couldn't get file lock.
2026-05-18 19:15:30,354 [ERROR] LogOutputStream:75 - [STDERR_REDIRECT] 
2026-05-18 19:15:46,005 [ERROR] LogOutputStream:75 - [STDERR_REDIRECT] 
2026-05-18 19:15:46,110 [ERROR] LogOutputStream:75 - [STDERR_REDIRECT] SWT SessionManagerDBus: Failed to UnregisterClient: The connection is closed
2026-05-18 19:15:46,111 [ERROR] LogOutputStream:75 - [STDERR_REDIRECT] 
